[2025-05-10 00:00:25 CEST] [136.675] [-12.8/-32.5 dBFS] [19.8 dB] [2.1 ppm]
4D222D (Aircraft, Airborne) -> 11907A (Ground station): Command
AVLC type: I sseq: 3 rseq: 2 poll: 0
 X.25 Data: grp: 11 chan: 255 sseq: 0 rseq: 7 more: 0
  X.25 reasm status: skipped
  X.233 CLNP Data (compressed header):
   LRef: 0x41 Prio: 11 Flags: 0xc0
   Lifetime: 50.0 sec
   PDU Id: 0x3b6
   X.224 COTP Data Ack:
    dst_ref: 0x94fd
    rseq: 6 credit: 3
    Checksum: 2f 07

[2025-05-10 00:00:26 CEST] [136.675] [-12.6/-32.6 dBFS] [20.0 dB] [2.1 ppm]
4D222D (Aircraft, Airborne) -> 11907A (Ground station): Command
AVLC type: I sseq: 4 rseq: 2 poll: 0
 X.25 Data: grp: 11 chan: 255 sseq: 1 rseq: 7 more: 0
  X.25 reasm status: skipped
  X.233 CLNP Data (compressed header):
   LRef: 0x41 Prio: 11 Flags: 0xc0
   Lifetime: 50.0 sec
   PDU Id: 0x3b7
   X.224 COTP Data:
    dst_ref: 0x94fd
    sseq: 5 req_of_ack: 0 EoT: 1
    COTP reasm status: skipped
    Checksum: 12 cc
    CPDLC Downlink Message:
     Header:
      Msg ID: 5
      Msg Ref: 7
      Timestamp: 2025-05-09 22:00:24
      Logical ACK: notRequired
     Message data:
      LOGICAL ACKNOWLEDGMENT

[2025-05-10 00:00:37 CEST] [136.675] [-12.1/-32.6 dBFS] [20.5 dB] [2.1 ppm]
4D222D (Aircraft, Airborne) -> 11907A (Ground station): Command
AVLC type: I sseq: 5 rseq: 3 poll: 0
 X.25 Data: grp: 11 chan: 255 sseq: 2 rseq: 0 more: 0
  X.25 reasm status: skipped
  X.233 CLNP Data (compressed header):
   LRef: 0x41 Prio: 11 Flags: 0xc0
   Lifetime: 50.0 sec
   PDU Id: 0x3b8
   X.224 COTP Data:
    dst_ref: 0x94fd
    sseq: 6 req_of_ack: 0 EoT: 1
    COTP reasm status: skipped
    Checksum: fd f0
    X.227 ACSE Release Response:
     Reason: normal
     CPDLC Downlink Message:
      Header:
       Msg ID: 6
       Msg Ref: 7
       Timestamp: 2025-05-09 22:00:35
       Logical ACK: notRequired
      Message data:
       WILCO

[2025-05-10 00:00:38 CEST] [136.675] [-12.2/-32.2 dBFS] [20.1 dB] [2.3 ppm]
4D222D (Aircraft, Airborne) -> 11907A (Ground station): Command
AVLC type: I sseq: 6 rseq: 5 poll: 0
 X.25 Data: grp: 11 chan: 255 sseq: 3 rseq: 2 more: 0
  X.25 reasm status: skipped
  X.233 CLNP Data (compressed header):
   LRef: 0x41 Prio: 11 Flags: 0xc0
   Lifetime: 50.0 sec
   PDU Id: 0x3b9
   X.224 COTP Disconnect Confirm:
    src_ref: 0x0006 dst_ref: 0x94fd
    Checksum: 3d 9a

[2025-05-10 00:00:46 CEST] [136.775] [-1.3/-31.6 dBFS] [30.3 dB] [-0.1 ppm]
45D064 (Aircraft, Airborne) -> 233925 (Ground station): Command
AVLC type: I sseq: 2 rseq: 4 poll: 0
 X.25 Data: grp: 11 chan: 255 sseq: 4 rseq: 5 more: 0
  X.25 reasm status: skipped
  X.233 CLNP Data (compressed header):
   LRef: 0x47 Prio: 11 Flags: 0xf6
   Lifetime: 20.0 sec
   PDU Id: 0x601
   X.224 COTP Data Ack:
    dst_ref: 0x9502
    rseq: 4 credit: 3
    Flow control:
     Acked TPDU nr: 4
     Acked subsequence: 0
     Acked credit: 15
    ATN checksum: 06 39 0e 16

[2025-05-10 00:00:47 CEST] [136.675] [0.5/-32.2 dBFS] [32.6 dB] [1.9 ppm]
4AC8F6 (Aircraft, Airborne) -> 11907A (Ground station): Command
AVLC type: I sseq: 6 rseq: 0 poll: 0
 X.25 Data: grp: 11 chan: 255 sseq: 2 rseq: 4 more: 0
  X.25 reasm status: skipped
  X.233 CLNP Data (compressed header):
   LRef: 0x42 Prio: 11 Flags: 0xf6
   Lifetime: 20.0 sec
   PDU Id: 0x55
   X.224 COTP Data Ack:
    dst_ref: 0x9504
    rseq: 4 credit: 3
    Flow control:
     Acked TPDU nr: 4
     Acked subsequence: 0
     Acked credit: 15
    ATN checksum: 61 84 1a d6

[2025-05-10 00:00:54 CEST] [136.675] [-10.8/-32.5 dBFS] [21.7 dB] [2.4 ppm]
4D222D (Aircraft, Airborne) -> 11907A (Ground station): Command
AVLC type: I sseq: 7 rseq: 5 poll: 0
 ACARS:
  Reassembly: skipped
  Reg: .9H-QDB Flight: FR16CY
  Mode: 2 Label: 16 Blk id: 4 More: 0 Ack: ! Msg num: M74A
  Message:
   220052,,2306, 109,N   .    MMMM.MMM

[2025-05-10 00:01:52 CEST] [136.775] [-2.3/-31.5 dBFS] [29.3 dB] [-0.2 ppm]
45D064 (Aircraft, Airborne) -> 233925 (Ground station): Command
AVLC type: I sseq: 4 rseq: 6 poll: 0
 X.25 Data: grp: 11 chan: 255 sseq: 5 rseq: 7 more: 0
  X.25 reasm status: skipped
  X.233 CLNP Data (compressed header):
   LRef: 0x47 Prio: 11 Flags: 0xf6
   Lifetime: 20.0 sec
   PDU Id: 0x602
   X.224 COTP Data Ack:
    dst_ref: 0x9502
    rseq: 5 credit: 3
    ATN checksum: 88 ec 2b 73
   X.224 COTP Data:
    dst_ref: 0x9502
    sseq: 4 req_of_ack: 0 EoT: 1
    COTP reasm status: skipped
    ATN checksum: e5 c3 16 6a
    CPDLC Downlink Message:
     Header:
      Msg ID: 4
      Msg Ref: 5
      Timestamp: 2025-05-09 22:01:51
      Logical ACK: notRequired
     Message data:
      LOGICAL ACKNOWLEDGMENT

[2025-05-10 00:01:56 CEST] [136.775] [-1.7/-31.8 dBFS] [30.1 dB] [-0.2 ppm]
45D064 (Aircraft, Airborne) -> 233925 (Ground station): Command
AVLC type: I sseq: 4 rseq: 6 poll: 0
 X.25 Data: grp: 11 chan: 255 sseq: 5 rseq: 7 more: 0
  X.25 reasm status: skipped
  X.233 CLNP Data (compressed header):
   LRef: 0x47 Prio: 11 Flags: 0xf6
   Lifetime: 20.0 sec
   PDU Id: 0x602
   X.224 COTP Data Ack:
    dst_ref: 0x9502
    rseq: 5 credit: 3
    ATN checksum: 88 ec 2b 73
   X.224 COTP Data:
    dst_ref: 0x9502
    sseq: 4 req_of_ack: 0 EoT: 1
    COTP reasm status: skipped
    ATN checksum: e5 c3 16 6a
    CPDLC Downlink Message:
     Header:
      Msg ID: 4
      Msg Ref: 5
      Timestamp: 2025-05-09 22:01:51
      Logical ACK: notRequired
     Message data:
      LOGICAL ACKNOWLEDGMENT

[2025-05-10 00:02:08 CEST] [136.975] [-0.1/-32.4 dBFS] [32.3 dB] [2.1 ppm]
4892C0 (Aircraft, Airborne) -> 10952A (Ground station): Command
AVLC type: I sseq: 1 rseq: 1 poll: 0
 ACARS:
  Reassembly: skipped
  Reg: .SP-EXA Flight: E41013
  Mode: 2 Label: 80 Blk id: 2 More: 0 Ack: ! Msg num: M37A
  Message:
   3A01 OPSCTL 1013/   EPWA/GMAD .SP-EXA
   HEJ/PROSBA O DANIE PRG 
   JAKO ZAPASU DLA WAW ZAMI
   AST ENR ALT/CZY COS WIA
   DOMO CZY TEN PRZYPADEK Z
    SATELITA BEDZIE FACTORE
   M NA NASZ PRZYLOT

[2025-05-10 00:02:20 CEST] [136.675] [-1.8/-32.4 dBFS] [30.6 dB] [1.4 ppm]
4AC8F6 (Aircraft, Airborne) -> 11907A (Ground station): Command
AVLC type: I sseq: 7 rseq: 1 poll: 0
 X.25 Data: grp: 11 chan: 255 sseq: 3 rseq: 5 more: 0
  X.25 reasm status: skipped
  X.233 CLNP Data (compressed header):
   LRef: 0x42 Prio: 11 Flags: 0xf6
   Lifetime: 20.0 sec
   PDU Id: 0x56
   X.224 COTP Data Ack:
    dst_ref: 0x9504
    rseq: 4 credit: 3
    Flow control:
     Acked TPDU nr: 4
     Acked subsequence: 0
     Acked credit: 15
    ATN checksum: 61 84 1a d6

[2025-05-10 00:02:35 CEST] [136.725] [0.4/-31.9 dBFS] [32.3 dB] [1.9 ppm]
4892C0 (Aircraft, Airborne) -> 11985A (Ground station): Command
AVLC type: U (XID) P/F: 1
 XID: Handoff Initiation
  Public params:
   Parameter set ID: 8885:1993
   Procedure classes: 00 01
   HDLC options: 20 a4 88
  VDL params:
   Parameter set ID: V
   Connection management: 05
   XID sequencing: seq: 5 retry: 0
   AVLC specific options: 25
   Destination airport: GMAD

[2025-05-10 00:03:22 CEST] [136.725] [-14.5/-32.1 dBFS] [17.6 dB] [3.8 ppm]
440065 (Aircraft, Airborne) -> 11985A (Ground station): Command
AVLC type: I sseq: 2 rseq: 3 poll: 0
 ACARS:
  Reassembly: skipped
  Reg: .OE-LQZ Flight: EC73HG
  Mode: 2 Label: B9 Blk id: 1 More: 0 Ack: ! Msg num: M57A
  Message:
   /LIMC.TI2/040LIMCA475C

[2025-05-10 00:03:24 CEST] [136.675] [-4.4/-32.1 dBFS] [27.7 dB] [1.4 ppm]
4AC8F6 (Aircraft, Airborne) -> 11907A (Ground station): Command
AVLC type: I sseq: 0 rseq: 2 poll: 0
 X.25 Data: grp: 11 chan: 255 sseq: 4 rseq: 6 more: 0
  X.25 reasm status: skipped
  X.233 CLNP Data (compressed header):
   LRef: 0x42 Prio: 11 Flags: 0xf6
   Lifetime: 20.0 sec
   PDU Id: 0x57
   X.224 COTP Data Ack:
    dst_ref: 0x9504
    rseq: 5 credit: 3
    ATN checksum: 9d 8d 73 e8
   X.224 COTP Data:
    dst_ref: 0x9504
    sseq: 4 req_of_ack: 0 EoT: 1
    COTP reasm status: skipped
    ATN checksum: ef bf d8 95
    CPDLC Downlink Message:
     Header:
      Msg ID: 4
      Msg Ref: 5
      Timestamp: 2025-05-09 22:03:23
      Logical ACK: notRequired
     Message data:
      LOGICAL ACKNOWLEDGMENT

[2025-05-10 00:03:25 CEST] [136.775] [-3.2/-31.8 dBFS] [28.6 dB] [-0.5 ppm]
45D064 (Aircraft, Airborne) -> 233925 (Ground station): Command
AVLC type: I sseq: 6 rseq: 1 poll: 0
 X.25 Data: grp: 11 chan: 255 sseq: 6 rseq: 1 more: 0
  X.25 reasm status: skipped
  X.233 CLNP Data (compressed header):
   LRef: 0x47 Prio: 11 Flags: 0xf6
   Lifetime: 20.0 sec
   PDU Id: 0x603
   X.224 COTP Data Ack:
    dst_ref: 0x9502
    rseq: 5 credit: 3
    Flow control:
     Acked TPDU nr: 5
     Acked subsequence: 0
     Acked credit: 15
    ATN checksum: 01 d3 71 1b

[2025-05-10 00:03:52 CEST] [136.725] [1.1/-31.9 dBFS] [33.0 dB] [4.0 ppm]
4D225E (Aircraft, Airborne) -> 11985A (Ground station): Command
AVLC type: I sseq: 3 rseq: 3 poll: 0
 ACARS:
  Reassembly: skipped
  Reg: .9H-QEP Flight: FR65DP
  Mode: 2 Label: 16 Blk id: 5 More: 0 Ack: ! Msg num: M16A
  Message:
   220351,M114168,2250, 103,N 43.157 E  5.419

[2025-05-10 00:03:56 CEST] [136.725] [1.0/-32.1 dBFS] [33.1 dB] [4.2 ppm]
4D225E (Aircraft, Airborne) -> 1199BA (Ground station): Response
AVLC type: U (XID) P/F: 1
 XID: Handoff Response
  Public params:
   Parameter set ID: 8885:1993
   Procedure classes: 00 01
   HDLC options: 20 84 80
  VDL params:
   Parameter set ID: V
   XID sequencing: seq: 2 retry: 0
   Destination airport: LEBL
   Aircraft location: 43.1N 5.4E 0 ft
   AVLC specific options: 24
   Connection management: 01

[2025-05-10 00:04:01 CEST] [136.725] [-16.2/-32.2 dBFS] [16.0 dB] [3.9 ppm]
440065 (Aircraft, Airborne) -> 11985A (Ground station): Command
AVLC type: I sseq: 0 rseq: 4 poll: 0
 X.25 Data: grp: 11 chan: 255 sseq: 2 rseq: 6 more: 0
  X.25 reasm status: skipped
  X.233 CLNP Data (compressed header):
   LRef: 0x42 Prio: 11 Flags: 0xf6
   Lifetime: 20.0 sec
   PDU Id: 0x17a
   X.224 COTP Data Ack:
    dst_ref: 0x9508
    rseq: 5 credit: 3
    ATN checksum: 5f d9 62 47

[2025-05-10 00:04:25 CEST] [136.775] [-7.1/-31.4 dBFS] [24.3 dB] [-0.3 ppm]
45D064 (Aircraft, Airborne) -> 233925 (Ground station): Command
AVLC type: I sseq: 0 rseq: 3 poll: 0
 X.25 Data: grp: 11 chan: 255 sseq: 0 rseq: 2 more: 0
  X.25 reasm status: skipped
  X.233 CLNP Data (compressed header):
   LRef: 0x47 Prio: 11 Flags: 0xf6
   Lifetime: 20.0 sec
   PDU Id: 0x605
   X.224 COTP Data Ack:
    dst_ref: 0x9502
    rseq: 6 credit: 3
    ATN checksum: dd b9 5d 1e
   X.224 COTP Data:
    dst_ref: 0x9502
    sseq: 5 req_of_ack: 0 EoT: 1
    COTP reasm status: skipped
    ATN checksum: 8e d1 a0 28
    CPDLC Downlink Message:
     Header:
      Msg ID: 5
      Msg Ref: 7
      Timestamp: 2025-05-09 22:04:24
      Logical ACK: notRequired
     Message data:
      LOGICAL ACKNOWLEDGMENT

[2025-05-10 00:04:30 CEST] [136.775] [-7.0/-31.3 dBFS] [24.3 dB] [-0.3 ppm]
45D064 (Aircraft, Airborne) -> 233925 (Ground station): Command
AVLC type: I sseq: 1 rseq: 4 poll: 0
 X.25 Data: grp: 11 chan: 255 sseq: 1 rseq: 3 more: 0
  X.25 reasm status: skipped
  X.233 CLNP Data (compressed header):
   LRef: 0x47 Prio: 11 Flags: 0xf6
   Lifetime: 20.0 sec
   PDU Id: 0x606
   X.224 COTP Data:
    dst_ref: 0x9502
    sseq: 6 req_of_ack: 0 EoT: 1
    COTP reasm status: skipped
    ATN checksum: 15 c6 c7 71
    X.227 ACSE Release Response:
     Reason: normal
     CPDLC Downlink Message:
      Header:
       Msg ID: 6
       Msg Ref: 7
       Timestamp: 2025-05-09 22:04:29
       Logical ACK: notRequired
      Message data:
       WILCO

[2025-05-10 00:04:30 CEST] [136.775] [-7.2/-31.6 dBFS] [24.4 dB] [-0.2 ppm]
45D064 (Aircraft, Airborne) -> 233925 (Ground station): Command
AVLC type: I sseq: 3 rseq: 6 poll: 0
 X.25 Data: grp: 11 chan: 255 sseq: 2 rseq: 5 more: 0
  X.25 reasm status: skipped
  X.233 CLNP Data (compressed header):
   LRef: 0x47 Prio: 11 Flags: 0xf6
   Lifetime: 20.0 sec
   PDU Id: 0x607
   X.224 COTP Disconnect Confirm:
    src_ref: 0x005b dst_ref: 0x9502
    ATN checksum: ec 20 63 ee

[2025-05-10 00:04:41 CEST] [136.775] [-4.9/-31.8 dBFS] [26.9 dB] [-0.3 ppm]
45D064 (Aircraft, Airborne) -> 233925 (Ground station): Command
AVLC type: I sseq: 5 rseq: 7 poll: 0
 ACARS:
  Reassembly: skipped
  Reg: .OY-TCD Flight: DK1057
  Mode: 2 Label: H1 Blk id: 1 More: 0 Ack: ! Msg num: F12A
  Sublabel: M1
  Message:
   RESREQ/AK,115/TS220440,0905254669

[2025-05-10 00:04:44 CEST] [136.775] [-4.8/-31.7 dBFS] [26.9 dB] [-0.3 ppm]
45D064 (Aircraft, Airborne) -> 233925 (Ground station): Command
AVLC type: I sseq: 5 rseq: 7 poll: 0
 ACARS:
  Reassembly: skipped
  Reg: .OY-TCD Flight: DK1057
  Mode: 2 Label: H1 Blk id: 1 More: 0 Ack: ! Msg num: F12A
  Sublabel: M1
  Message:
   RESREQ/AK,115/TS220440,0905254669

[2025-05-10 00:04:47 CEST] [136.775] [-6.0/-31.7 dBFS] [25.7 dB] [-0.4 ppm]
45D064 (Aircraft, Airborne) -> 233925 (Ground station): Command
AVLC type: I sseq: 6 rseq: 0 poll: 0
 ACARS:
  Reassembly: skipped
  Reg: .OY-TCD Flight: DK1057
  Mode: 2 Label: H1 Blk id: 2 More: 0 Ack: ! Msg num: F13A
  Sublabel: M1
  Message:
   POSN44184E006267,BODRU,220441,360,OKTET,220616,IRMAR,M56,28435,188/TS220441,090525685E

[2025-05-10 00:04:57 CEST] [136.675] [-5.5/-32.3 dBFS] [26.7 dB] [1.2 ppm]
4AC8F6 (Aircraft, Airborne) -> 11907A (Ground station): Command
AVLC type: I sseq: 1 rseq: 4 poll: 0
 X.25 Data: grp: 11 chan: 255 sseq: 5 rseq: 0 more: 0
  X.25 reasm status: skipped
  X.233 CLNP Data (compressed header):
   LRef: 0x42 Prio: 11 Flags: 0xf6
   Lifetime: 20.0 sec
   PDU Id: 0x58
   X.224 COTP Data Ack:
    dst_ref: 0x9504
    rseq: 5 credit: 3
    Flow control:
     Acked TPDU nr: 5
     Acked subsequence: 0
     Acked credit: 15
    ATN checksum: 5c 1f 7d db

[2025-05-10 00:05:56 CEST] [136.725] [-12.9/-32.0 dBFS] [19.1 dB] [3.7 ppm]
440065 (Aircraft, Airborne) -> 11985A (Ground station): Command
AVLC type: I sseq: 7 rseq: 1 poll: 0
 X.25 Data: grp: 11 chan: 255 sseq: 4 rseq: 7 more: 0
  X.25 reasm status: skipped
  X.233 CLNP Data (compressed header):
   LRef: 0x43 Prio: 11 Flags: 0xf6
   Lifetime: 20.0 sec
   PDU Id: 0x17c
   X.224 COTP Data Ack:
    dst_ref: 0x88f7
    rseq: 0 credit: 1
    ATN checksum: 71 25 f7 82

[2025-05-10 00:05:56 CEST] [136.725] [-12.9/-32.0 dBFS] [19.1 dB] [3.7 ppm]
440065 (Aircraft, Airborne) -> 11985A (Ground station): Command
AVLC type: I sseq: 0 rseq: 2 poll: 0
 X.25 Data: grp: 11 chan: 255 sseq: 5 rseq: 0 more: 0
  X.25 reasm status: skipped
  X.233 CLNP Data (compressed header):
   LRef: 0x43 Prio: 11 Flags: 0xf6
   Lifetime: 20.0 sec
   PDU Id: 0x17d
   X.224 COTP Data Ack:
    dst_ref: 0x88f7
    rseq: 0 credit: 1
    Flow control:
     Acked TPDU nr: 0
     Acked subsequence: 0
     Acked credit: 1
    ATN checksum: fd ec 61 25

[2025-05-10 00:06:29 CEST] [136.675] [-10.1/-31.9 dBFS] [21.8 dB] [1.3 ppm]
4AC8F6 (Aircraft, Airborne) -> 11907A (Ground station): Command
AVLC type: I sseq: 3 rseq: 6 poll: 0
 X.25 Data: grp: 11 chan: 255 sseq: 7 rseq: 2 more: 0
  X.25 reasm status: skipped
  X.233 CLNP Data (compressed header):
   LRef: 0x42 Prio: 11 Flags: 0xf6
   Lifetime: 20.0 sec
   PDU Id: 0x5a
   X.224 COTP Data Ack:
    dst_ref: 0x9504
    rseq: 5 credit: 3
    Flow control:
     Acked TPDU nr: 5
     Acked subsequence: 0
     Acked credit: 15
    ATN checksum: 5c 1f 7d db

[2025-05-10 00:06:58 CEST] [136.725] [-13.2/-32.0 dBFS] [18.8 dB] [3.7 ppm]
440065 (Aircraft, Airborne) -> 11985A (Ground station): Command
AVLC type: I sseq: 1 rseq: 4 poll: 0
 X.25 Data: grp: 11 chan: 255 sseq: 6 rseq: 2 more: 0
  X.25 reasm status: skipped
  X.233 CLNP Data (compressed header):
   LRef: 0x42 Prio: 11 Flags: 0xf6
   Lifetime: 20.0 sec
   PDU Id: 0x17e
   X.224 COTP Data Ack:
    dst_ref: 0x9508
    rseq: 5 credit: 3
    Flow control:
     Acked TPDU nr: 5
     Acked subsequence: 0
     Acked credit: 15
    ATN checksum: aa c0 f3 d0

[2025-05-10 00:07:05 CEST] [136.675] [-10.0/-31.9 dBFS] [21.9 dB] [1.4 ppm]
4AC8F6 (Aircraft, Airborne) -> 11907A (Ground station): Command
AVLC type: I sseq: 4 rseq: 7 poll: 0
 X.25 Data: grp: 11 chan: 255 sseq: 0 rseq: 3 more: 0
  X.25 reasm status: skipped
  X.233 CLNP Data (compressed header):
   LRef: 0x42 Prio: 11 Flags: 0xf6
   Lifetime: 20.0 sec
   PDU Id: 0x5b
   X.224 COTP Data Ack:
    dst_ref: 0x9504
    rseq: 6 credit: 3
    ATN checksum: f2 5a a5 93
   X.224 COTP Data:
    dst_ref: 0x9504
    sseq: 5 req_of_ack: 0 EoT: 1
    COTP reasm status: skipped
    ATN checksum: 65 35 93 52
    CPDLC Downlink Message:
     Header:
      Msg ID: 5
      Msg Ref: 7
      Timestamp: 2025-05-09 22:07:04
      Logical ACK: notRequired
     Message data:
      LOGICAL ACKNOWLEDGMENT

[2025-05-10 00:07:11 CEST] [136.675] [-10.0/-32.1 dBFS] [22.1 dB] [1.1 ppm]
4AC8F6 (Aircraft, Airborne) -> 11907A (Ground station): Command
AVLC type: I sseq: 5 rseq: 0 poll: 0
 X.25 Data: grp: 11 chan: 255 sseq: 1 rseq: 4 more: 0
  X.25 reasm status: skipped
  X.233 CLNP Data (compressed header):
   LRef: 0x42 Prio: 11 Flags: 0xf6
   Lifetime: 20.0 sec
   PDU Id: 0x5c
   X.224 COTP Data:
    dst_ref: 0x9504
    sseq: 6 req_of_ack: 0 EoT: 1
    COTP reasm status: skipped
    ATN checksum: 42 b3 ad 46
    X.227 ACSE Release Response:
     Reason: normal
     CPDLC Downlink Message:
      Header:
       Msg ID: 6
       Msg Ref: 7
       Timestamp: 2025-05-09 22:07:10
       Logical ACK: notRequired
      Message data:
       WILCO

[2025-05-10 00:07:12 CEST] [136.675] [-10.2/-32.4 dBFS] [22.2 dB] [1.3 ppm]
4AC8F6 (Aircraft, Airborne) -> 11907A (Ground station): Command
AVLC type: I sseq: 6 rseq: 2 poll: 0
 X.25 Data: grp: 11 chan: 255 sseq: 2 rseq: 6 more: 0
  X.25 reasm status: skipped
  X.233 CLNP Data (compressed header):
   LRef: 0x42 Prio: 11 Flags: 0xf6
   Lifetime: 20.0 sec
   PDU Id: 0x5d
   X.224 COTP Disconnect Confirm:
    src_ref: 0x0034 dst_ref: 0x9504
    ATN checksum: 33 8f 6c ca

[2025-05-10 00:07:13 CEST] [136.675] [-9.8/-32.5 dBFS] [22.8 dB] [1.4 ppm]
4D2416 (Aircraft, Airborne) -> 11907A (Ground station): Command
AVLC type: I sseq: 6 rseq: 0 poll: 0
 X.25 Data: grp: 11 chan: 255 sseq: 4 rseq: 6 more: 0
  X.25 reasm status: skipped
  X.233 CLNP Data (compressed header):
   LRef: 0x42 Prio: 11 Flags: 0xf6
   Lifetime: 20.0 sec
   PDU Id: 0x4a
   X.224 COTP Data Ack:
    dst_ref: 0x950d
    rseq: 3 credit: 2
    ATN checksum: 25 04 db fe
   X.224 COTP Data:
    dst_ref: 0x950d
    sseq: 2 req_of_ack: 0 EoT: 1
    COTP reasm status: skipped
    ATN checksum: 9a b3 a2 11
    CPDLC Downlink Message:
     Header:
      Msg ID: 2
      Msg Ref: 3
      Timestamp: 2025-05-09 22:07:12
      Logical ACK: notRequired
     Message data:
      LOGICAL ACKNOWLEDGMENT

[2025-05-10 00:07:16 CEST] [136.675] [-7.6/-32.1 dBFS] [24.4 dB] [1.5 ppm]
4D2416 (Aircraft, Airborne) -> 11907A (Ground station): Command
AVLC type: I sseq: 7 rseq: 1 poll: 0
 X.25 Data: grp: 11 chan: 255 sseq: 5 rseq: 7 more: 0
  X.25 reasm status: skipped
  X.233 CLNP Data (compressed header):
   LRef: 0x42 Prio: 11 Flags: 0xf6
   Lifetime: 20.0 sec
   PDU Id: 0x4b
   X.224 COTP Data:
    dst_ref: 0x950d
    sseq: 3 req_of_ack: 0 EoT: 1
    COTP reasm status: skipped
    ATN checksum: fa 53 92 20
    CPDLC Downlink Message:
     Header:
      Msg ID: 3
      Msg Ref: 3
      Timestamp: 2025-05-09 22:07:16
      Logical ACK: required
     Message data:
      WILCO

[2025-05-10 00:07:18 CEST] [136.675] [-7.6/-31.6 dBFS] [24.0 dB] [1.6 ppm]
4D2416 (Aircraft, Airborne) -> 11907A (Ground station): Command
AVLC type: I sseq: 0 rseq: 3 poll: 0
 X.25 Data: grp: 11 chan: 255 sseq: 6 rseq: 1 more: 0
  X.25 reasm status: skipped
  X.233 CLNP Data (compressed header):
   LRef: 0x42 Prio: 11 Flags: 0xf6
   Lifetime: 20.0 sec
   PDU Id: 0x4c
   X.224 COTP Data Ack:
    dst_ref: 0x950d
    rseq: 4 credit: 3
    ATN checksum: 98 a3 d6 ee

[2025-05-10 00:07:43 CEST] [136.975] [-14.8/-32.5 dBFS] [17.7 dB] [3.1 ppm]
4CADF2 (Aircraft, Airborne) -> 10F69B (Ground station): Command
AVLC type: I sseq: 6 rseq: 7 poll: 0
 X.25 Data: grp: 11 chan: 254 sseq: 3 rseq: 5 more: 0
  X.25 reasm status: skipped
  X.233 CLNP Data (compressed header):
   LRef: 0x42 Prio: 11 Flags: 0xc0
   Lifetime: 50.0 sec
   PDU Id: 0x885
   X.224 COTP Data Ack:
    dst_ref: 0x9514
    rseq: 2 credit: 2
    Checksum: c0 b3
    Flow control:
     Acked TPDU nr: 2
     Acked subsequence: 0
     Acked credit: 15

[2025-05-10 00:07:59 CEST] [136.725] [-15.0/-32.0 dBFS] [16.9 dB] [3.6 ppm]
440065 (Aircraft, Airborne) -> 11985A (Ground station): Command
AVLC type: I sseq: 4 rseq: 7 poll: 0
 X.25 Data: grp: 11 chan: 255 sseq: 1 rseq: 5 more: 0
  X.25 reasm status: skipped
  X.233 CLNP Data (compressed header):
   LRef: 0x42 Prio: 11 Flags: 0xf6
   Lifetime: 20.0 sec
   PDU Id: 0x181
   X.224 COTP Data Ack:
    dst_ref: 0x9508
    rseq: 6 credit: 3
    ATN checksum: b4 a6 94 f1
   X.224 COTP Data:
    dst_ref: 0x9508
    sseq: 5 req_of_ack: 0 EoT: 1
    COTP reasm status: skipped
    ATN checksum: b5 b3 68 02
    CPDLC Downlink Message:
     Header:
      Msg ID: 5
      Msg Ref: 7
      Timestamp: 2025-05-09 22:07:58
      Logical ACK: notRequired
     Message data:
      LOGICAL ACKNOWLEDGMENT

[2025-05-10 00:08:04 CEST] [136.725] [-11.4/-32.0 dBFS] [20.6 dB] [3.7 ppm]
440065 (Aircraft, Airborne) -> 11985A (Ground station): Command
AVLC type: I sseq: 5 rseq: 0 poll: 0
 X.25 Data: grp: 11 chan: 255 sseq: 2 rseq: 6 more: 0
  X.25 reasm status: skipped
  X.233 CLNP Data (compressed header):
   LRef: 0x42 Prio: 11 Flags: 0xf6
   Lifetime: 20.0 sec
   PDU Id: 0x182
   X.224 COTP Data:
    dst_ref: 0x9508
    sseq: 6 req_of_ack: 0 EoT: 1
    COTP reasm status: skipped
    ATN checksum: 27 07 e5 4b
    X.227 ACSE Release Response:
     Reason: normal
     CPDLC Downlink Message:
      Header:
       Msg ID: 6
       Msg Ref: 7
       Timestamp: 2025-05-09 22:08:02
       Logical ACK: notRequired
      Message data:
       WILCO

[2025-05-10 00:08:04 CEST] [136.725] [-11.2/-31.8 dBFS] [20.6 dB] [3.5 ppm]
440065 (Aircraft, Airborne) -> 11985A (Ground station): Command
AVLC type: I sseq: 6 rseq: 0 poll: 0
 X.25 Data: grp: 11 chan: 255 sseq: 3 rseq: 6 more: 0
  X.25 reasm status: skipped
  X.233 CLNP Data (compressed header):
   LRef: 0x43 Prio: 11 Flags: 0xf6
   Lifetime: 20.0 sec
   PDU Id: 0x183
   X.224 COTP Data:
    dst_ref: 0x88f7
    sseq: 0 req_of_ack: 0 EoT: 1
    COTP reasm status: skipped
    ATN checksum: 78 b5 68 45
    CPDLC Downlink Message:
     Header:
      Msg ID: 0
      Timestamp: 2025-05-09 22:08:02
      Logical ACK: required
     Message data:
      CURRENT DATA AUTHORITY

[2025-05-10 00:08:04 CEST] [136.725] [-11.4/-31.5 dBFS] [20.0 dB] [3.7 ppm]
440065 (Aircraft, Airborne) -> 11985A (Ground station): Command
AVLC type: I sseq: 7 rseq: 2 poll: 0
 X.25 Data: grp: 11 chan: 255 sseq: 4 rseq: 0 more: 0
  X.25 reasm status: skipped
  X.233 CLNP Data (compressed header):
   LRef: 0x42 Prio: 11 Flags: 0xf6
   Lifetime: 20.0 sec
   PDU Id: 0x184
   X.224 COTP Disconnect Confirm:
    src_ref: 0x0042 dst_ref: 0x9508
    ATN checksum: 02 13 e6 4b

[2025-05-10 00:08:06 CEST] [136.725] [-11.9/-31.8 dBFS] [19.9 dB] [3.6 ppm]
440065 (Aircraft, Airborne) -> 11985A (Ground station): Command
AVLC type: I sseq: 0 rseq: 4 poll: 0
 X.25 Data: grp: 11 chan: 255 sseq: 5 rseq: 2 more: 0
  X.25 reasm status: skipped
  X.233 CLNP Data (compressed header):
   LRef: 0x43 Prio: 11 Flags: 0xf6
   Lifetime: 20.0 sec
   PDU Id: 0x185
   X.224 COTP Data Ack:
    dst_ref: 0x88f7
    rseq: 1 credit: 2
    ATN checksum: e4 c4 f2 72

[2025-05-10 00:08:07 CEST] [136.725] [-13.1/-31.5 dBFS] [18.5 dB] [3.7 ppm]
440065 (Aircraft, Airborne) -> 11985A (Ground station): Command
AVLC type: I sseq: 1 rseq: 5 poll: 0
 X.25 Data: grp: 11 chan: 255 sseq: 6 rseq: 3 more: 0
  X.25 reasm status: skipped
  X.233 CLNP Data (compressed header):
   LRef: 0x43 Prio: 11 Flags: 0xf6
   Lifetime: 20.0 sec
   PDU Id: 0x186
   X.224 COTP Data Ack:
    dst_ref: 0x88f7
    rseq: 2 credit: 2
    ATN checksum: 3a 91 25 1d
   X.224 COTP Data:
    dst_ref: 0x88f7
    sseq: 1 req_of_ack: 0 EoT: 1
    COTP reasm status: skipped
    ATN checksum: 02 d0 29 33
    CPDLC Downlink Message:
     Header:
      Msg ID: 1
      Msg Ref: 1
      Timestamp: 2025-05-09 22:08:05
      Logical ACK: notRequired
     Message data:
      LOGICAL ACKNOWLEDGMENT

[2025-05-10 00:08:19 CEST] [136.675] [-10.3/-32.4 dBFS] [22.1 dB] [1.4 ppm]
4AC8F6 (Aircraft, Airborne) -> 11907A (Ground station): Command
AVLC type: I sseq: 7 rseq: 2 poll: 0
 X.25 Data: grp: 11 chan: 255 sseq: 3 rseq: 6 more: 0
  X.25 reasm status: skipped
  X.233 CLNP Data:
   Src NSAP: 47 00 27 41 42 49 58 00 4a c8 f6 00 00 53 41 41 42 00 00 01	"G.'ABIX.J....SAAB..."
   Dst NSAP: 47 00 27 81 83 43 48 00 01 53 53 01 01 45 53 47 45 30 31 01	"G.'..CH..SS..ESGE01."
   Lifetime: 20.0 sec
   Flags: SP
   Segmentation:
    PDU Id: 0x5e
    Segment offset: 0
    PDU total length: 122
    CLNP reasm status: skipped
   Options:
    LRef: 0x01
    QoS maintenance: 0xd6
    Security:
     Reg ID: 06 04 2b 1b 00 00
     Info:
      Traffic type:
       Type: ATN operational
       Category: ATSC
       Route policy: 0x10
    Priority: 0x08
   X.224 COTP Connect Request:
    src_ref: 0x0035 dst_ref: 0x0000
    Initial Credit: 1
    Protocol class: 4
    Options: 00 (use normal PDU formats)
    TPDU size (bytes): 1024
    Called/responding transport selector: 63 6d
    Calling transport selector: 01
    Priority: 6
    Additional options: 0x00
    Ack time (ms): 1000
    Inactivity timer (ms): 360000
    Checksum: 98 76
    ATN checksum: c8 b7 89 e7

[2025-05-10 00:08:20 CEST] [136.675] [-9.7/-32.2 dBFS] [22.5 dB] [1.4 ppm]
4AC8F6 (Aircraft, Airborne) -> 11907A (Ground station): Command
AVLC type: I sseq: 0 rseq: 3 poll: 0
 X.25 Data: grp: 11 chan: 255 sseq: 4 rseq: 7 more: 0
  X.25 reasm status: skipped
  X.233 CLNP Data (compressed header):
   LRef: 0x1 Prio: 8 Flags: 0xf6
   Lifetime: 20.0 sec
   PDU Id: 0x5f
   X.224 COTP Data Ack:
    dst_ref: 0x12bb
    rseq: 0 credit: 1
    ATN checksum: fd 37 48 2e

[2025-05-10 00:08:20 CEST] [136.675] [-9.8/-32.0 dBFS] [22.2 dB] [1.3 ppm]
4AC8F6 (Aircraft, Airborne) -> 11907A (Ground station): Command
AVLC type: I sseq: 1 rseq: 3 poll: 0
 X.25 Data: grp: 11 chan: 255 sseq: 5 rseq: 7 more: 0
  X.25 reasm status: skipped
  X.233 CLNP Data (compressed header):
   LRef: 0x1 Prio: 8 Flags: 0xf6
   Lifetime: 20.0 sec
   PDU Id: 0x60
   X.224 COTP Data:
    dst_ref: 0x12bb
    sseq: 0 req_of_ack: 0 EoT: 1
    COTP reasm status: skipped
    ATN checksum: db 55 3b 42
    X.225 Session SPDU: Short Connect
     X.227 ACSE Associate Request:
      Application context name: { 1.3.27.3.1 }
      AP title: { 1.3.27.1.4901110.0 }
      ATN Context Management - Logon Request:
       Flight ID: BIX119
       Long TSAP: 41 42 49 58 00 4a c8 f6 00 00 53 41 41 42 00 00 01 01	"ABIX.J....SAAB...."
       Ground-initiated applications:
        Application Entity Qualifier: 22
        Version number: 1
        AP Address:
         Long TSAP: 41 42 49 58 00 4a c8 f6 00 00 53 41 41 42 00 00 01 16	"ABIX.J....SAAB...."
       Departure airport: LEPA
       Destination airport: ESGG

[2025-05-10 00:08:21 CEST] [136.675] [-10.2/-32.1 dBFS] [21.9 dB] [1.3 ppm]
4AC8F6 (Aircraft, Airborne) -> 11907A (Ground station): Command
AVLC type: I sseq: 2 rseq: 5 poll: 0
 X.25 Data: grp: 11 chan: 255 sseq: 6 rseq: 1 more: 0
  X.25 reasm status: skipped
  X.233 CLNP Data (compressed header):
   LRef: 0x1 Prio: 8 Flags: 0xf6
   Lifetime: 20.0 sec
   PDU Id: 0x61
   X.224 COTP Data Ack:
    dst_ref: 0x12bb
    rseq: 1 credit: 2
    ATN checksum: 71 d6 43 1e

[2025-05-10 00:08:21 CEST] [136.675] [-10.2/-32.1 dBFS] [21.9 dB] [1.3 ppm]
4AC8F6 (Aircraft, Airborne) -> 11907A (Ground station): Command
AVLC type: I sseq: 3 rseq: 5 poll: 0
 X.25 Data: grp: 11 chan: 255 sseq: 7 rseq: 1 more: 0
  X.25 reasm status: skipped
  X.233 CLNP Data (compressed header):
   LRef: 0x1 Prio: 8 Flags: 0xf6
   Lifetime: 20.0 sec
   PDU Id: 0x62
   X.224 COTP Disconnect Request:
    src_ref: 0x0035 dst_ref: 0x12bb
    Reason: 128 (Normal disconnect)
    ATN checksum: ce c4 7d c2
    X.225 disconnect reason: 1 (OK, transport connection not reused)

[2025-05-10 00:08:26 CEST] [136.775] [-10.0/-31.6 dBFS] [21.6 dB] [-0.4 ppm]
45D064 (Aircraft, Airborne) -> 233925 (Ground station): Command
AVLC type: I sseq: 7 rseq: 4 poll: 0
 X.25 Data: grp: 11 chan: 255 sseq: 3 rseq: 6 more: 0
  X.25 reasm status: skipped
  X.233 CLNP Data:
   Src NSAP: 47 00 27 41 56 4b 47 00 45 d0 64 00 00 53 41 41 42 00 00 01	"G.'AVKG.E.d..SAAB..."
   Dst NSAP: 47 00 27 81 83 43 48 00 01 53 53 01 01 45 53 47 45 30 31 01	"G.'..CH..SS..ESGE01."
   Lifetime: 20.0 sec
   Flags: SP
   Segmentation:
    PDU Id: 0x608
    Segment offset: 0
    PDU total length: 122
    CLNP reasm status: skipped
   Options:
    LRef: 0x02
    QoS maintenance: 0xd6
    Security:
     Reg ID: 06 04 2b 1b 00 00
     Info:
      Traffic type:
       Type: ATN operational
       Category: ATSC
       Route policy: 0x10
    Priority: 0x08
   X.224 COTP Connect Request:
    src_ref: 0x005c dst_ref: 0x0000
    Initial Credit: 1
    Protocol class: 4
    Options: 00 (use normal PDU formats)
    TPDU size (bytes): 1024
    Called/responding transport selector: 63 6d
    Calling transport selector: 01
    Priority: 6
    Additional options: 0x00
    Ack time (ms): 1000
    Inactivity timer (ms): 360000
    Checksum: 14 70
    ATN checksum: 1f de 2c 2b

[2025-05-10 00:08:26 CEST] [136.775] [-10.1/-31.9 dBFS] [21.7 dB] [-0.4 ppm]
45D064 (Aircraft, Airborne) -> 233925 (Ground station): Command
AVLC type: I sseq: 0 rseq: 5 poll: 0
 X.25 Data: grp: 11 chan: 255 sseq: 4 rseq: 7 more: 0
  X.25 reasm status: skipped
  X.233 CLNP Data (compressed header):
   LRef: 0x2 Prio: 8 Flags: 0xf6
   Lifetime: 20.0 sec
   PDU Id: 0x609
   X.224 COTP Data Ack:
    dst_ref: 0x12bc
    rseq: 0 credit: 1
    ATN checksum: 4f 2d 00 b8

[2025-05-10 00:08:26 CEST] [136.775] [-10.1/-31.9 dBFS] [21.7 dB] [-0.4 ppm]
45D064 (Aircraft, Airborne) -> 233925 (Ground station): Command
AVLC type: I sseq: 1 rseq: 5 poll: 0
 X.25 Data: grp: 11 chan: 255 sseq: 5 rseq: 7 more: 0
  X.25 reasm status: skipped
  X.233 CLNP Data (compressed header):
   LRef: 0x2 Prio: 8 Flags: 0xf6
   Lifetime: 20.0 sec
   PDU Id: 0x60a
   X.224 COTP Data:
    dst_ref: 0x12bc
    sseq: 0 req_of_ack: 0 EoT: 1
    COTP reasm status: skipped
    ATN checksum: e0 5c c5 73
    X.225 Session SPDU: Short Connect
     X.227 ACSE Associate Request:
      Application context name: { 1.3.27.3.1 }
      AP title: { 1.3.27.1.4575332.0 }
      ATN Context Management - Logon Request:
       Flight ID: VKG1057
       Long TSAP: 41 56 4b 47 00 45 d0 64 00 00 53 41 41 42 00 00 01 01	"AVKG.E.d..SAAB...."
       Ground-initiated applications:
        Application Entity Qualifier: 22
        Version number: 1
        AP Address:
         Long TSAP: 41 56 4b 47 00 45 d0 64 00 00 53 41 41 42 00 00 01 16	"AVKG.E.d..SAAB...."
       Departure airport: LEPA
       Destination airport: ENZV

[2025-05-10 00:08:27 CEST] [136.775] [-10.5/-31.7 dBFS] [21.2 dB] [-0.5 ppm]
45D064 (Aircraft, Airborne) -> 233925 (Ground station): Command
AVLC type: I sseq: 3 rseq: 0 poll: 0
 X.25 Data: grp: 11 chan: 255 sseq: 6 rseq: 1 more: 0
  X.25 reasm status: skipped
  X.233 CLNP Data (compressed header):
   LRef: 0x2 Prio: 8 Flags: 0xf6
   Lifetime: 20.0 sec
   PDU Id: 0x60b
   X.224 COTP Data Ack:
    dst_ref: 0x12bc
    rseq: 1 credit: 2
    ATN checksum: c2 cc fa a8

[2025-05-10 00:08:27 CEST] [136.775] [-10.5/-31.7 dBFS] [21.2 dB] [-0.5 ppm]
45D064 (Aircraft, Airborne) -> 233925 (Ground station): Command
AVLC type: I sseq: 4 rseq: 0 poll: 0
 X.25 Data: grp: 11 chan: 255 sseq: 7 rseq: 1 more: 0
  X.25 reasm status: skipped
  X.233 CLNP Data (compressed header):
   LRef: 0x2 Prio: 8 Flags: 0xf6
   Lifetime: 20.0 sec
   PDU Id: 0x60c
   X.224 COTP Disconnect Request:
    src_ref: 0x005c dst_ref: 0x12bc
    Reason: 128 (Normal disconnect)
    ATN checksum: bb 69 bf 51
    X.225 disconnect reason: 1 (OK, transport connection not reused)

[2025-05-10 00:08:49 CEST] [136.675] [-4.0/-32.3 dBFS] [28.4 dB] [1.3 ppm]
4D2416 (Aircraft, Airborne) -> 11907A (Ground station): Command
AVLC type: I sseq: 1 rseq: 4 poll: 0
 X.25 Data: grp: 11 chan: 255 sseq: 7 rseq: 2 more: 0
  X.25 reasm status: skipped
  X.233 CLNP Data (compressed header):
   LRef: 0x42 Prio: 11 Flags: 0xf6
   Lifetime: 20.0 sec
   PDU Id: 0x4d
   X.224 COTP Data Ack:
    dst_ref: 0x950d
    rseq: 4 credit: 3
    Flow control:
     Acked TPDU nr: 4
     Acked subsequence: 0
     Acked credit: 15
    ATN checksum: ed 67 a0 5a

[2025-05-10 00:08:55 CEST] [136.675] [-11.9/-32.3 dBFS] [20.5 dB] [1.3 ppm]
4AC8F6 (Aircraft, Airborne) -> 11907A (Ground station): Command
AVLC type: I sseq: 4 rseq: 6 poll: 0
 X.25 Data: grp: 11 chan: 255 sseq: 0 rseq: 2 more: 0
  X.25 reasm status: skipped
  X.233 CLNP Data (compressed header):
   LRef: 0x1 Prio: 8 Flags: 0xf6
   Lifetime: 20.0 sec
   PDU Id: 0x63
   X.224 COTP Connect Request:
    src_ref: 0x0036 dst_ref: 0x0000
    Initial Credit: 1
    Protocol class: 4
    Options: 00 (use normal PDU formats)
    TPDU size (bytes): 1024
    Called/responding transport selector: 63 6d
    Calling transport selector: 01
    Priority: 6
    Additional options: 0x00
    Ack time (ms): 1000
    Inactivity timer (ms): 360000
    Checksum: c6 48
    ATN checksum: 1f 09 8f 39

[2025-05-10 00:08:55 CEST] [136.675] [-13.4/-32.0 dBFS] [18.6 dB] [1.4 ppm]
4AC8F6 (Aircraft, Airborne) -> 11907A (Ground station): Command
AVLC type: I sseq: 5 rseq: 7 poll: 0
 X.25 Data: grp: 11 chan: 255 sseq: 1 rseq: 3 more: 0
  X.25 reasm status: skipped
  X.233 CLNP Data (compressed header):
   LRef: 0x1 Prio: 8 Flags: 0xf6
   Lifetime: 20.0 sec
   PDU Id: 0x64
   X.224 COTP Data Ack:
    dst_ref: 0x12bd
    rseq: 0 credit: 1
    ATN checksum: 42 9b 48 83

[2025-05-10 00:08:55 CEST] [136.675] [-13.5/-31.9 dBFS] [18.4 dB] [1.5 ppm]
4AC8F6 (Aircraft, Airborne) -> 11907A (Ground station): Command
AVLC type: I sseq: 6 rseq: 7 poll: 0
 X.25 Data: grp: 11 chan: 255 sseq: 2 rseq: 3 more: 0
  X.25 reasm status: skipped
  X.233 CLNP Data (compressed header):
   LRef: 0x1 Prio: 8 Flags: 0xf6
   Lifetime: 20.0 sec
   PDU Id: 0x65
   X.224 COTP Data:
    dst_ref: 0x12bd
    sseq: 0 req_of_ack: 0 EoT: 1
    COTP reasm status: skipped
    ATN checksum: 66 f5 59 f6
    X.225 Session SPDU: Short Connect
     X.227 ACSE Associate Request:
      Application context name: { 1.3.27.3.1 }
      AP title: { 1.3.27.1.4901110.0 }
      ATN Context Management - Logon Request:
       Flight ID: BIX119
       Long TSAP: 41 42 49 58 00 4a c8 f6 00 00 53 41 41 42 00 00 01 01	"ABIX.J....SAAB...."
       Ground-initiated applications:
        Application Entity Qualifier: 22
        Version number: 1
        AP Address:
         Long TSAP: 41 42 49 58 00 4a c8 f6 00 00 53 41 41 42 00 00 01 16	"ABIX.J....SAAB...."
       Departure airport: LEPA
       Destination airport: ESGG

[2025-05-10 00:08:56 CEST] [136.675] [-14.4/-31.7 dBFS] [17.3 dB] [1.2 ppm]
4AC8F6 (Aircraft, Airborne) -> 11907A (Ground station): Command
AVLC type: I sseq: 7 rseq: 1 poll: 0
 X.25 Data: grp: 11 chan: 255 sseq: 3 rseq: 5 more: 0
  X.25 reasm status: skipped
  X.233 CLNP Data (compressed header):
   LRef: 0x1 Prio: 8 Flags: 0xf6
   Lifetime: 20.0 sec
   PDU Id: 0x66
   X.224 COTP Data Ack:
    dst_ref: 0x12bd
    rseq: 1 credit: 2
    ATN checksum: b5 3b 43 73

[2025-05-10 00:08:56 CEST] [136.675] [-14.4/-31.7 dBFS] [17.3 dB] [1.2 ppm]
4AC8F6 (Aircraft, Airborne) -> 11907A (Ground station): Command
AVLC type: I sseq: 0 rseq: 1 poll: 0
 X.25 Data: grp: 11 chan: 255 sseq: 4 rseq: 5 more: 0
  X.25 reasm status: skipped
  X.233 CLNP Data (compressed header):
   LRef: 0x1 Prio: 8 Flags: 0xf6
   Lifetime: 20.0 sec
   PDU Id: 0x67
   X.224 COTP Disconnect Request:
    src_ref: 0x0036 dst_ref: 0x12bd
    Reason: 128 (Normal disconnect)
    ATN checksum: 20 20 2c 64
    X.225 disconnect reason: 1 (OK, transport connection not reused)

[2025-05-10 00:09:04 CEST] [136.975] [-13.9/-32.2 dBFS] [18.3 dB] [3.6 ppm]
440065 (Aircraft, Airborne) -> 10985A (Ground station): Command
AVLC type: U (XID) P/F: 1
 XID: Handoff Initiation
  Public params:
   Parameter set ID: 8885:1993
   Procedure classes: 00 01
   HDLC options: 20 a4 80
  VDL params:
   Parameter set ID: V
   Connection management: 01
   XID sequencing: seq: 1 retry: 0
   AVLC specific options: 25
   Destination airport: LIMC
   Aircraft location: 43.6N 7.4E 33000 ft

[2025-05-10 00:09:15 CEST] [136.975] [-14.4/-32.2 dBFS] [17.8 dB] [3.0 ppm]
4CADF2 (Aircraft, Airborne) -> 10F69B (Ground station): Command
AVLC type: I sseq: 7 rseq: 0 poll: 0
 X.25 Data: grp: 11 chan: 254 sseq: 4 rseq: 6 more: 0
  X.25 reasm status: skipped
  X.233 CLNP Data (compressed header):
   LRef: 0x42 Prio: 11 Flags: 0xc0
   Lifetime: 50.0 sec
   PDU Id: 0x886
   X.224 COTP Data Ack:
    dst_ref: 0x9514
    rseq: 2 credit: 2
    Checksum: c0 b3
    Flow control:
     Acked TPDU nr: 2
     Acked subsequence: 0
     Acked credit: 15

[2025-05-10 00:09:48 CEST] [136.775] [-14.0/-32.0 dBFS] [18.0 dB] [-0.1 ppm]
45D064 (Aircraft, Airborne) -> 233925 (Ground station): Command
AVLC type: I sseq: 7 rseq: 4 poll: 0
 ACARS:
  Reassembly: skipped
  Reg: .OY-TCD Flight: DK1057
  Mode: 2 Label: H1 Blk id: 4 More: 0 Ack: ! Msg num: F14A
  Sublabel: M1
  Message:
   RESREQ/AK,115/TS220947,0905258FFF

[2025-05-10 00:10:03 CEST] [136.975] [-17.7/-34.3 dBFS] [16.6 dB] [3.6 ppm]
4CA2AD (Aircraft, Airborne) -> 10985A (Ground station): Response
AVLC type: U (XID) P/F: 1
 XID: Handoff Response
  Public params:
   Parameter set ID: 8885:1993
   Procedure classes: 00 01
   HDLC options: 20 84 80
  VDL params:
   Parameter set ID: V
   XID sequencing: seq: 2 retry: 0
   Destination airport: LEBL
   Aircraft location: 0.0N 0.0E 0 ft
   AVLC specific options: 24
   Connection management: 01

[2025-05-10 00:10:06 CEST] [136.775] [-12.7/-33.7 dBFS] [21.1 dB] [2.2 ppm]
020177 (Aircraft, Airborne) -> 2625C6 (Ground station): Command
AVLC type: I sseq: 6 rseq: 7 poll: 0
 X.25 Data: grp: 11 chan: 255 sseq: 4 rseq: 5 more: 0
  X.25 reasm status: skipped
  X.233 CLNP Data (compressed header):
   LRef: 0x42 Prio: 11 Flags: 0xf6
   Lifetime: 20.0 sec
   PDU Id: 0x281
   X.224 COTP Data:
    dst_ref: 0x9517
    sseq: 4 req_of_ack: 0 EoT: 1
    COTP reasm status: skipped
    ATN checksum: 0e 84 16 d7
    CPDLC Downlink Message:
     Header:
      Msg ID: 4
      Msg Ref: 4
      Timestamp: 2025-05-09 22:10:05
      Logical ACK: required
     Message data:
      WILCO

[2025-05-10 00:10:07 CEST] [136.775] [-12.3/-33.5 dBFS] [21.2 dB] [2.0 ppm]
020177 (Aircraft, Airborne) -> 2625C6 (Ground station): Command
AVLC type: I sseq: 7 rseq: 1 poll: 0
 X.25 Data: grp: 11 chan: 255 sseq: 5 rseq: 7 more: 0
  X.25 reasm status: skipped
  X.233 CLNP Data (compressed header):
   LRef: 0x42 Prio: 11 Flags: 0xf6
   Lifetime: 20.0 sec
   PDU Id: 0x282
   X.224 COTP Data Ack:
    dst_ref: 0x9517
    rseq: 5 credit: 3
    ATN checksum: eb 18 48 c9

[2025-05-10 00:10:18 CEST] [136.675] [-12.1/-33.4 dBFS] [21.2 dB] [1.4 ppm]
4AC8F6 (Aircraft, Airborne) -> 11907A (Ground station): Command
AVLC type: I sseq: 1 rseq: 2 poll: 0
 ACARS:
  Reassembly: skipped
  Reg: .SE-RGV Flight: TT0119
  Mode: 2 Label: 16 Blk id: 8 More: 0 Ack: ! Msg num: M05A
  Message:
   221018,37988,0013,   5,N 44.825 E  6.660

[2025-05-10 00:10:21 CEST] [136.675] [1.0/-33.5 dBFS] [34.5 dB] [0.6 ppm]
4D2416 (Aircraft, Airborne) -> 11907A (Ground station): Command
AVLC type: I sseq: 3 rseq: 6 poll: 0
 X.25 Data: grp: 11 chan: 255 sseq: 1 rseq: 4 more: 0
  X.25 reasm status: skipped
  X.233 CLNP Data (compressed header):
   LRef: 0x42 Prio: 11 Flags: 0xf6
   Lifetime: 20.0 sec
   PDU Id: 0x4f
   X.224 COTP Data Ack:
    dst_ref: 0x950d
    rseq: 4 credit: 3
    Flow control:
     Acked TPDU nr: 4
     Acked subsequence: 0
     Acked credit: 15
    ATN checksum: ed 67 a0 5a

[2025-05-10 00:10:24 CEST] [136.975] [-14.5/-33.7 dBFS] [19.1 dB] [1.5 ppm]
502CC8 (Aircraft, Airborne) -> 10F63A (Ground station): Command
AVLC type: I sseq: 4 rseq: 5 poll: 0
 X.25 Data: grp: 11 chan: 255 sseq: 6 rseq: 3 more: 0
  X.25 reasm status: skipped
  X.233 CLNP Data (compressed header):
   LRef: 0x42 Prio: 11 Flags: 0xfe
   Lifetime: 20.0 sec
   PDU Id: 0x65c
   X.224 COTP Connect Confirm:
    src_ref: 0x426e dst_ref: 0x9522
    Initial Credit: 1
    Protocol class: 4
    Options: 00 (use normal PDU formats)
    TPDU size (bytes): 512
    Called/responding transport selector: 16 00
    Calling transport selector: 70 6d
    Priority: 3
    Ack time (ms): 1000
    Inactivity timer (ms): 360000
    Additional options: 0x00
    ATN checksum: 21 c7 70 54
    X.225 Session SPDU: Short Accept
     X.227 ACSE Associate Response:
      Application context name: { 1.3.27.3.0 }
      Associate result: accept
      ATCDownlinkMessage: <empty PDU>

[2025-05-10 00:10:27 CEST] [136.975] [-14.4/-33.5 dBFS] [19.1 dB] [1.6 ppm]
502CC8 (Aircraft, Airborne) -> 10F63A (Ground station): Command
AVLC type: I sseq: 4 rseq: 5 poll: 0
 X.25 Data: grp: 11 chan: 255 sseq: 6 rseq: 3 more: 0
  X.25 reasm status: skipped
  X.233 CLNP Data (compressed header):
   LRef: 0x42 Prio: 11 Flags: 0xfe
   Lifetime: 20.0 sec
   PDU Id: 0x65c
   X.224 COTP Connect Confirm:
    src_ref: 0x426e dst_ref: 0x9522
    Initial Credit: 1
    Protocol class: 4
    Options: 00 (use normal PDU formats)
    TPDU size (bytes): 512
    Called/responding transport selector: 16 00
    Calling transport selector: 70 6d
    Priority: 3
    Ack time (ms): 1000
    Inactivity timer (ms): 360000
    Additional options: 0x00
    ATN checksum: 21 c7 70 54
    X.225 Session SPDU: Short Accept
     X.227 ACSE Associate Response:
      Application context name: { 1.3.27.3.0 }
      Associate result: accept
      ATCDownlinkMessage: <empty PDU>

[2025-05-10 00:10:30 CEST] [136.975] [-14.4/-33.5 dBFS] [19.0 dB] [1.5 ppm]
502CC8 (Aircraft, Airborne) -> 10F63A (Ground station): Command
AVLC type: I sseq: 4 rseq: 5 poll: 0
 X.25 Data: grp: 11 chan: 255 sseq: 6 rseq: 3 more: 0
  X.25 reasm status: skipped
  X.233 CLNP Data (compressed header):
   LRef: 0x42 Prio: 11 Flags: 0xfe
   Lifetime: 20.0 sec
   PDU Id: 0x65c
   X.224 COTP Connect Confirm:
    src_ref: 0x426e dst_ref: 0x9522
    Initial Credit: 1
    Protocol class: 4
    Options: 00 (use normal PDU formats)
    TPDU size (bytes): 512
    Called/responding transport selector: 16 00
    Calling transport selector: 70 6d
    Priority: 3
    Ack time (ms): 1000
    Inactivity timer (ms): 360000
    Additional options: 0x00
    ATN checksum: 21 c7 70 54
    X.225 Session SPDU: Short Accept
     X.227 ACSE Associate Response:
      Application context name: { 1.3.27.3.0 }
      Associate result: accept
      ATCDownlinkMessage: <empty PDU>

[2025-05-10 00:10:32 CEST] [136.975] [-14.4/-32.5 dBFS] [18.1 dB] [1.7 ppm]
502CC8 (Aircraft, Airborne) -> 10F63A (Ground station): Command
AVLC type: I sseq: 4 rseq: 5 poll: 0
 X.25 Data: grp: 11 chan: 255 sseq: 6 rseq: 3 more: 0
  X.25 reasm status: skipped
  X.233 CLNP Data (compressed header):
   LRef: 0x42 Prio: 11 Flags: 0xfe
   Lifetime: 20.0 sec
   PDU Id: 0x65c
   X.224 COTP Connect Confirm:
    src_ref: 0x426e dst_ref: 0x9522
    Initial Credit: 1
    Protocol class: 4
    Options: 00 (use normal PDU formats)
    TPDU size (bytes): 512
    Called/responding transport selector: 16 00
    Calling transport selector: 70 6d
    Priority: 3
    Ack time (ms): 1000
    Inactivity timer (ms): 360000
    Additional options: 0x00
    ATN checksum: 21 c7 70 54
    X.225 Session SPDU: Short Accept
     X.227 ACSE Associate Response:
      Application context name: { 1.3.27.3.0 }
      Associate result: accept
      ATCDownlinkMessage: <empty PDU>

[2025-05-10 00:10:34 CEST] [136.675] [-8.8/-33.1 dBFS] [24.4 dB] [1.3 ppm]
4AC8F6 (Aircraft, Airborne) -> 12957A (Ground station): Command
AVLC type: U (XID) P/F: 1
 XID: Handoff Initiation
  Public params:
   Parameter set ID: 8885:1993
   Procedure classes: 00 01
   HDLC options: 20 a4 80
  VDL params:
   Parameter set ID: V
   Connection management: 01
   XID sequencing: seq: 6 retry: 0
   AVLC specific options: 25
   Destination airport: ESGG
   Aircraft location: 44.8N 6.6E 37000 ft

[2025-05-10 00:10:43 CEST] [136.975] [-15.2/-32.5 dBFS] [17.4 dB] [1.7 ppm]
502CC8 (Aircraft, Airborne) -> 10F68A (Ground station): Command
AVLC type: I sseq: 3 rseq: 3 poll: 0
 X.25 Data: grp: 11 chan: 255 sseq: 1 rseq: 1 more: 0
  X.25 reasm status: skipped
  X.233 CLNP Data (compressed header):
   LRef: 0x42 Prio: 11 Flags: 0xfe
   Lifetime: 20.0 sec
   PDU Id: 0x65e
   X.224 COTP Connect Confirm:
    src_ref: 0x426e dst_ref: 0x9522
    Initial Credit: 1
    Protocol class: 4
    Options: 00 (use normal PDU formats)
    TPDU size (bytes): 512
    Called/responding transport selector: 16 00
    Calling transport selector: 70 6d
    Priority: 3
    Ack time (ms): 1000
    Inactivity timer (ms): 360000
    Additional options: 0x00
    ATN checksum: 21 c7 70 54
    X.225 Session SPDU: Short Accept
     X.227 ACSE Associate Response:
      Application context name: { 1.3.27.3.0 }
      Associate result: accept
      ATCDownlinkMessage: <empty PDU>

[2025-05-10 00:10:45 CEST] [136.975] [-15.1/-32.6 dBFS] [17.5 dB] [1.6 ppm]
502CC8 (Aircraft, Airborne) -> 10F68A (Ground station): Command
AVLC type: I sseq: 4 rseq: 4 poll: 0
 X.25 Data: grp: 11 chan: 255 sseq: 2 rseq: 2 more: 0
  X.25 reasm status: skipped
  X.233 CLNP Data (compressed header):
   LRef: 0x42 Prio: 11 Flags: 0xfe
   Lifetime: 20.0 sec
   PDU Id: 0x65f
   X.224 COTP Data:
    dst_ref: 0x9522
    sseq: 0 req_of_ack: 0 EoT: 1
    COTP reasm status: skipped
    ATN checksum: c6 3f 01 03
    CPDLC Downlink Message:
     Header:
      Msg ID: 0
      Timestamp: 2025-05-09 22:09:45
      Logical ACK: required
     Message data:
      CURRENT DATA AUTHORITY

[2025-05-10 00:10:45 CEST] [136.975] [-15.1/-32.6 dBFS] [17.5 dB] [1.6 ppm]
502CC8 (Aircraft, Airborne) -> 10F68A (Ground station): Command
AVLC type: I sseq: 5 rseq: 4 poll: 0
 X.25 Data: grp: 11 chan: 255 sseq: 3 rseq: 2 more: 0
  X.25 reasm status: skipped
  X.233 CLNP Data (compressed header):
   LRef: 0x42 Prio: 11 Flags: 0xfe
   Lifetime: 20.0 sec
   PDU Id: 0x660
   X.224 COTP Data:
    dst_ref: 0x9522
    sseq: 1 req_of_ack: 0 EoT: 1
    COTP reasm status: skipped
    ATN checksum: 61 e2 19 9e
    CPDLC Downlink Message:
     Header:
      Msg ID: 1
      Timestamp: 2025-05-09 22:10:25
      Logical ACK: required
     Message data:
      CURRENT DATA AUTHORITY

[2025-05-10 00:10:47 CEST] [136.975] [-14.2/-31.5 dBFS] [17.3 dB] [3.2 ppm]
4CADF2 (Aircraft, Airborne) -> 10F69B (Ground station): Command
AVLC type: I sseq: 0 rseq: 1 poll: 0
 X.25 Data: grp: 11 chan: 254 sseq: 5 rseq: 7 more: 0
  X.25 reasm status: skipped
  X.233 CLNP Data (compressed header):
   LRef: 0x42 Prio: 11 Flags: 0xc0
   Lifetime: 50.0 sec
   PDU Id: 0x887
   X.224 COTP Data Ack:
    dst_ref: 0x9514
    rseq: 2 credit: 2
    Checksum: c0 b3
    Flow control:
     Acked TPDU nr: 2
     Acked subsequence: 0
     Acked credit: 15

[2025-05-10 00:11:53 CEST] [136.675] [-0.1/-32.3 dBFS] [32.2 dB] [0.3 ppm]
4D2416 (Aircraft, Airborne) -> 11907A (Ground station): Command
AVLC type: I sseq: 4 rseq: 7 poll: 0
 X.25 Data: grp: 11 chan: 255 sseq: 2 rseq: 5 more: 0
  X.25 reasm status: skipped
  X.233 CLNP Data (compressed header):
   LRef: 0x42 Prio: 11 Flags: 0xf6
   Lifetime: 20.0 sec
   PDU Id: 0x50
   X.224 COTP Data Ack:
    dst_ref: 0x950d
    rseq: 4 credit: 3
    Flow control:
     Acked TPDU nr: 4
     Acked subsequence: 0
     Acked credit: 15
    ATN checksum: ed 67 a0 5a

[2025-05-10 00:11:57 CEST] [136.975] [-11.8/-32.0 dBFS] [20.2 dB] [0.6 ppm]
345249 (Aircraft, Airborne) -> 10FA5A (Ground station): Command
AVLC type: I sseq: 7 rseq: 4 poll: 0
 X.25 Data: grp: 11 chan: 255 sseq: 5 rseq: 2 more: 0
  X.25 reasm status: skipped
  X.233 CLNP Data (compressed header):
   LRef: 0x42 Prio: 11 Flags: 0xf6
   Lifetime: 20.0 sec
   PDU Id: 0x9a
   X.224 COTP Data Ack:
    dst_ref: 0x951c
    rseq: 2 credit: 2
    Flow control:
     Acked TPDU nr: 2
     Acked subsequence: 0
     Acked credit: 15
    ATN checksum: aa da d7 9a

[2025-05-10 00:12:01 CEST] [136.975] [-9.9/-32.2 dBFS] [22.3 dB] [3.7 ppm]
4CA2AD (Aircraft, Airborne) -> 10985A (Ground station): Command
AVLC type: I sseq: 6 rseq: 2 poll: 0
 X.25 Data: grp: 11 chan: 254 sseq: 4 rseq: 0 more: 0
  X.25 reasm status: skipped
  X.233 CLNP Data (compressed header):
   LRef: 0x41 Prio: 11 Flags: 0xc0
   Lifetime: 50.0 sec
   PDU Id: 0x11f
   X.224 COTP Data Ack:
    dst_ref: 0x951d
    rseq: 2 credit: 2
    Checksum: 93 d7
    Flow control:
     Acked TPDU nr: 2
     Acked subsequence: 0
     Acked credit: 15

[2025-05-10 00:12:23 CEST] [136.975] [-11.5/-31.8 dBFS] [20.3 dB] [3.1 ppm]
4CADF2 (Aircraft, Airborne) -> 10F69B (Ground station): Command
AVLC type: I sseq: 2 rseq: 3 poll: 0
 X.25 Data: grp: 11 chan: 254 sseq: 7 rseq: 1 more: 0
  X.25 reasm status: skipped
  X.233 CLNP Data (compressed header):
   LRef: 0x42 Prio: 11 Flags: 0xc0
   Lifetime: 50.0 sec
   PDU Id: 0x889
   X.224 COTP Data Ack:
    dst_ref: 0x9514
    rseq: 2 credit: 2
    Checksum: c0 b3
    Flow control:
     Acked TPDU nr: 2
     Acked subsequence: 0
     Acked credit: 15

[2025-05-10 00:12:26 CEST] [136.675] [0.8/-32.0 dBFS] [32.7 dB] [0.6 ppm]
4D2416 (Aircraft, Airborne) -> 11907A (Ground station): Command
AVLC type: I sseq: 5 rseq: 7 poll: 0
 ACARS:
  Reassembly: skipped
  Reg: .9H-EWD Flight: LH6862
  Mode: 2 Label: 1L Blk id: 6 More: 0 Ack: ! Msg num: M17A
  Message:
   00014209233H8P8SSOYYE:*)M**V*IM0KAOOR4(D(DMDX4**-232*6

[2025-05-10 00:12:27 CEST] [136.975] [-12.3/-32.2 dBFS] [19.8 dB] [3.1 ppm]
4CADF2 (Aircraft, Airborne) -> 10F69B (Ground station): Command
AVLC type: I sseq: 3 rseq: 4 poll: 0
 X.25 Data: grp: 11 chan: 254 sseq: 0 rseq: 2 more: 0
  X.25 reasm status: skipped
  X.233 CLNP Data (compressed header):
   LRef: 0x42 Prio: 11 Flags: 0xc0
   Lifetime: 50.0 sec
   PDU Id: 0x88a
   X.224 COTP Data Ack:
    dst_ref: 0x9514
    rseq: 3 credit: 2
    Checksum: cd 55

[2025-05-10 00:12:27 CEST] [136.975] [-11.9/-32.0 dBFS] [20.2 dB] [3.1 ppm]
4CADF2 (Aircraft, Airborne) -> 10F69B (Ground station): Command
AVLC type: I sseq: 4 rseq: 4 poll: 0
 X.25 Data: grp: 11 chan: 254 sseq: 1 rseq: 2 more: 0
  X.25 reasm status: skipped
  X.233 CLNP Data (compressed header):
   LRef: 0x42 Prio: 11 Flags: 0xc0
   Lifetime: 50.0 sec
   PDU Id: 0x88b
   X.224 COTP Data:
    dst_ref: 0x9514
    sseq: 2 req_of_ack: 0 EoT: 1
    COTP reasm status: skipped
    Checksum: 4d 6c
    CPDLC Downlink Message:
     Header:
      Msg ID: 2
      Msg Ref: 3
      Timestamp: 2025-05-09 22:12:26
      Logical ACK: notRequired
     Message data:
      LOGICAL ACKNOWLEDGMENT

[2025-05-10 00:12:28 CEST] [136.725] [-10.0/-31.8 dBFS] [21.8 dB] [3.8 ppm]
4CA2AD (Aircraft, Airborne) -> 11985A (Ground station): Command
AVLC type: U (XID) P/F: 1
 XID: Handoff Initiation
  Public params:
   Parameter set ID: 8885:1993
   Procedure classes: 00 01
   HDLC options: 20 84 80
  VDL params:
   Parameter set ID: V
   XID sequencing: seq: 7 retry: 0
   Destination airport: LEBL
   Aircraft location: 0.0N 0.0E 0 ft
   Alternate ground stations: 11984A
   AVLC specific options: 24
   Connection management: 01

[2025-05-10 00:12:45 CEST] [136.975] [-6.3/-32.3 dBFS] [26.0 dB] [2.9 ppm]
4CADF2 (Aircraft, Airborne) -> 10F69B (Ground station): Command
AVLC type: I sseq: 5 rseq: 5 poll: 0
 X.25 Data: grp: 11 chan: 254 sseq: 2 rseq: 3 more: 0
  X.25 reasm status: skipped
  X.233 CLNP Data (compressed header):
   LRef: 0x42 Prio: 11 Flags: 0xc0
   Lifetime: 50.0 sec
   PDU Id: 0x88c
   X.224 COTP Data:
    dst_ref: 0x9514
    sseq: 3 req_of_ack: 0 EoT: 1
    COTP reasm status: skipped
    Checksum: 1c 6f
    CPDLC Downlink Message:
     Header:
      Msg ID: 3
      Msg Ref: 3
      Timestamp: 2025-05-09 22:12:44
      Logical ACK: required
     Message data:
      WILCO

[2025-05-10 00:12:47 CEST] [136.975] [-5.9/-31.9 dBFS] [26.0 dB] [2.9 ppm]
4CADF2 (Aircraft, Airborne) -> 10F69B (Ground station): Command
AVLC type: I sseq: 6 rseq: 7 poll: 0
 X.25 Data: grp: 11 chan: 254 sseq: 3 rseq: 5 more: 0
  X.25 reasm status: skipped
  X.233 CLNP Data (compressed header):
   LRef: 0x42 Prio: 11 Flags: 0xc0
   Lifetime: 50.0 sec
   PDU Id: 0x88d
   X.224 COTP Data Ack:
    dst_ref: 0x9514
    rseq: 4 credit: 3
    Checksum: c2 5e

[2025-05-10 00:12:56 CEST] [136.875] [-11.6/-31.6 dBFS] [20.0 dB] [1.5 ppm]
511189 (Aircraft, Airborne) -> 23D821 (Ground station): Command
AVLC type: I sseq: 0 rseq: 4 poll: 0
 X.25 Data: grp: 11 chan: 255 sseq: 3 rseq: 4 more: 0
  X.25 reasm status: skipped
  X.233 CLNP Data (compressed header):
   LRef: 0x43 Prio: 11 Flags: 0xf6
   Lifetime: 20.0 sec
   PDU Id: 0x71
   X.224 COTP Data:
    dst_ref: 0x951b
    sseq: 3 req_of_ack: 0 EoT: 1
    COTP reasm status: skipped
    ATN checksum: ad 55 80 47
    CPDLC Downlink Message:
     Header:
      Msg ID: 3
      Msg Ref: 3
      Timestamp: 2025-05-09 22:12:56
      Logical ACK: required
     Message data:
      WILCO

[2025-05-10 00:13:10 CEST] [136.775] [-11.1/-31.7 dBFS] [20.6 dB] [2.0 ppm]
020177 (Aircraft, Airborne) -> 2625C6 (Ground station): Command
AVLC type: I sseq: 1 rseq: 3 poll: 0
 X.25 Data: grp: 11 chan: 255 sseq: 7 rseq: 1 more: 0
  X.25 reasm status: skipped
  X.233 CLNP Data (compressed header):
   LRef: 0x42 Prio: 11 Flags: 0xf6
   Lifetime: 20.0 sec
   PDU Id: 0x284
   X.224 COTP Data Ack:
    dst_ref: 0x9517
    rseq: 5 credit: 3
    Flow control:
     Acked TPDU nr: 5
     Acked subsequence: 0
     Acked credit: 15
    ATN checksum: 46 fe 16 08

[2025-05-10 00:13:15 CEST] [136.775] [-9.0/-31.6 dBFS] [22.5 dB] [2.9 ppm]
407FAD (Aircraft, Airborne) -> 233925 (Ground station): Command
AVLC type: I sseq: 3 rseq: 0 poll: 0
 X.25 Data: grp: 11 chan: 255 sseq: 6 rseq: 0 more: 0
  X.25 reasm status: skipped
  X.233 CLNP Data (compressed header):
   LRef: 0x41 Prio: 11 Flags: 0xf6
   Lifetime: 20.0 sec
   PDU Id: 0x387
   X.224 COTP Data Ack:
    dst_ref: 0x950a
    rseq: 6 credit: 3
    Flow control:
     Acked TPDU nr: 6
     Acked subsequence: 0
     Acked credit: 15
    ATN checksum: bc 6b 71 d8

[2025-05-10 00:13:25 CEST] [136.675] [-1.4/-32.1 dBFS] [30.8 dB] [0.6 ppm]
4D2416 (Aircraft, Airborne) -> 11907A (Ground station): Command
AVLC type: I sseq: 6 rseq: 1 poll: 0
 X.25 Data: grp: 11 chan: 255 sseq: 3 rseq: 6 more: 0
  X.25 reasm status: skipped
  X.233 CLNP Data (compressed header):
   LRef: 0x42 Prio: 11 Flags: 0xf6
   Lifetime: 20.0 sec
   PDU Id: 0x51
   X.224 COTP Data Ack:
    dst_ref: 0x950d
    rseq: 4 credit: 3
    Flow control:
     Acked TPDU nr: 4
     Acked subsequence: 0
     Acked credit: 15
    ATN checksum: ed 67 a0 5a

[2025-05-10 00:13:33 CEST] [136.725] [-12.4/-31.5 dBFS] [19.1 dB] [3.8 ppm]
4CA2AD (Aircraft, Airborne) -> 11985A (Ground station): Command
AVLC type: I sseq: 2 rseq: 3 poll: 0
 X.25 Data: grp: 11 chan: 255 sseq: 0 rseq: 1 more: 0
  X.25 reasm status: skipped
  X.233 CLNP Data (compressed header):
   LRef: 0x41 Prio: 11 Flags: 0xc0
   Lifetime: 50.0 sec
   PDU Id: 0x120
   X.224 COTP Data Ack:
    dst_ref: 0x951d
    rseq: 2 credit: 2
    Checksum: 93 d7
    Flow control:
     Acked TPDU nr: 2
     Acked subsequence: 0
     Acked credit: 15

[2025-05-10 00:13:48 CEST] [136.775] [-15.1/-31.9 dBFS] [16.7 dB] [2.1 ppm]
020177 (Aircraft, Airborne) -> 2625C6 (Ground station): Command
AVLC type: I sseq: 4 rseq: 7 poll: 0
 X.25 Data: grp: 11 chan: 255 sseq: 2 rseq: 5 more: 0
  X.25 reasm status: skipped
  X.233 CLNP Data (compressed header):
   LRef: 0x42 Prio: 11 Flags: 0xf6
   Lifetime: 20.0 sec
   PDU Id: 0x287
   X.224 COTP Data Ack:
    dst_ref: 0x9517
    rseq: 7 credit: 3
    ATN checksum: 96 b1 ac 1f

[2025-05-10 00:14:00 CEST] [136.975] [-5.9/-32.2 dBFS] [26.3 dB] [3.1 ppm]
4CADF2 (Aircraft, Airborne) -> 10F69B (Ground station): Command
AVLC type: I sseq: 7 rseq: 7 poll: 0
 ACARS:
  Reassembly: skipped
  Reg: .EI-IHG Flight: FR16HK
  Mode: 2 Label: 16 Blk id: 4 More: 0 Ack: ! Msg num: M81A
  Message:
   221359,36974,2309,  94,N 43.665 E  6.750

[2025-05-10 00:14:18 CEST] [136.975] [-8.4/-32.3 dBFS] [23.9 dB] [3.0 ppm]
4CADF2 (Aircraft, Airborne) -> 10F69B (Ground station): Command
AVLC type: I sseq: 0 rseq: 1 poll: 0
 X.25 Data: grp: 11 chan: 254 sseq: 4 rseq: 6 more: 0
  X.25 reasm status: skipped
  X.233 CLNP Data (compressed header):
   LRef: 0x42 Prio: 11 Flags: 0xc0
   Lifetime: 50.0 sec
   PDU Id: 0x88e
   X.224 COTP Data Ack:
    dst_ref: 0x9514
    rseq: 4 credit: 3
    Checksum: bd b1
    Flow control:
     Acked TPDU nr: 4
     Acked subsequence: 0
     Acked credit: 15

[2025-05-10 00:14:29 CEST] [136.875] [-12.8/-31.6 dBFS] [18.9 dB] [1.4 ppm]
511189 (Aircraft, Airborne) -> 23D821 (Ground station): Command
AVLC type: I sseq: 3 rseq: 1 poll: 0
 X.25 Data: grp: 11 chan: 255 sseq: 5 rseq: 7 more: 0
  X.25 reasm status: skipped
  X.233 CLNP Data (compressed header):
   LRef: 0x43 Prio: 11 Flags: 0xf6
   Lifetime: 20.0 sec
   PDU Id: 0x73
   X.224 COTP Data Ack:
    dst_ref: 0x951b
    rseq: 4 credit: 3
    Flow control:
     Acked TPDU nr: 4
     Acked subsequence: 0
     Acked credit: 15
    ATN checksum: 30 21 d6 b4

[2025-05-10 00:14:47 CEST] [136.775] [-12.3/-31.7 dBFS] [19.4 dB] [2.9 ppm]
407FAD (Aircraft, Airborne) -> 233925 (Ground station): Command
AVLC type: I sseq: 5 rseq: 2 poll: 0
 X.25 Data: grp: 11 chan: 255 sseq: 0 rseq: 1 more: 0
  X.25 reasm status: skipped
  X.233 CLNP Data (compressed header):
   LRef: 0x41 Prio: 11 Flags: 0xf6
   Lifetime: 20.0 sec
   PDU Id: 0x389
   X.224 COTP Data Ack:
    dst_ref: 0x950a
    rseq: 6 credit: 3
    Flow control:
     Acked TPDU nr: 6
     Acked subsequence: 0
     Acked credit: 15
    ATN checksum: bc 6b 71 d8

[2025-05-10 00:14:57 CEST] [136.675] [-4.2/-32.0 dBFS] [27.7 dB] [0.2 ppm]
4D2416 (Aircraft, Airborne) -> 11907A (Ground station): Command
AVLC type: I sseq: 7 rseq: 3 poll: 0
 X.25 Data: grp: 11 chan: 255 sseq: 4 rseq: 0 more: 0
  X.25 reasm status: skipped
  X.233 CLNP Data (compressed header):
   LRef: 0x42 Prio: 11 Flags: 0xf6
   Lifetime: 20.0 sec
   PDU Id: 0x52
   X.224 COTP Data Ack:
    dst_ref: 0x950d
    rseq: 5 credit: 3
    ATN checksum: ed 70 09 99
   X.224 COTP Data:
    dst_ref: 0x950d
    sseq: 4 req_of_ack: 0 EoT: 1
    COTP reasm status: skipped
    ATN checksum: 9e c9 e4 b2
    CPDLC Downlink Message:
     Header:
      Msg ID: 4
      Msg Ref: 5
      Timestamp: 2025-05-09 22:14:57
      Logical ACK: notRequired
     Message data:
      LOGICAL ACKNOWLEDGMENT

[2025-05-10 00:14:57 CEST] [136.675] [-4.2/-32.0 dBFS] [27.7 dB] [0.2 ppm]
4D2416 (Aircraft, Airborne) -> 11907A (Ground station): Command
AVLC type: I sseq: 0 rseq: 3 poll: 0
 X.25 Data: grp: 11 chan: 255 sseq: 5 rseq: 0 more: 0
  X.25 reasm status: skipped
  X.233 CLNP Data (compressed header):
   LRef: 0x42 Prio: 11 Flags: 0xf6
   Lifetime: 20.0 sec
   PDU Id: 0x53
   X.224 COTP Data Ack:
    dst_ref: 0x950d
    rseq: 5 credit: 3
    Flow control:
     Acked TPDU nr: 4
     Acked subsequence: 0
     Acked credit: 15
    ATN checksum: 9d ed 46 7d

[2025-05-10 00:15:05 CEST] [136.725] [-10.2/-31.7 dBFS] [21.6 dB] [3.7 ppm]
4CA2AD (Aircraft, Airborne) -> 11985A (Ground station): Command
AVLC type: I sseq: 3 rseq: 4 poll: 0
 X.25 Data: grp: 11 chan: 255 sseq: 1 rseq: 2 more: 0
  X.25 reasm status: skipped
  X.233 CLNP Data (compressed header):
   LRef: 0x41 Prio: 11 Flags: 0xc0
   Lifetime: 50.0 sec
   PDU Id: 0x121
   X.224 COTP Data Ack:
    dst_ref: 0x951d
    rseq: 2 credit: 2
    Checksum: 93 d7
    Flow control:
     Acked TPDU nr: 2
     Acked subsequence: 0
     Acked credit: 15

[2025-05-10 00:15:18 CEST] [136.775] [-10.3/-31.5 dBFS] [21.2 dB] [2.0 ppm]
020177 (Aircraft, Airborne) -> 2625C6 (Ground station): Command
AVLC type: I sseq: 6 rseq: 1 poll: 0
 X.25 Data: grp: 11 chan: 255 sseq: 4 rseq: 7 more: 0
  X.25 reasm status: skipped
  X.233 CLNP Data (compressed header):
   LRef: 0x42 Prio: 11 Flags: 0xf6
   Lifetime: 20.0 sec
   PDU Id: 0x289
   X.224 COTP Data Ack:
    dst_ref: 0x9517
    rseq: 7 credit: 3
    Flow control:
     Acked TPDU nr: 7
     Acked subsequence: 0
     Acked credit: 15
    ATN checksum: 3c 34 dc 12

[2025-05-10 00:15:29 CEST] [136.975] [-13.0/-32.6 dBFS] [19.7 dB] [1.5 ppm]
502CC8 (Aircraft, Airborne) -> 10952A (Ground station): Command
AVLC type: I sseq: 0 rseq: 2 poll: 0
 X.25 Data: grp: 11 chan: 255 sseq: 5 rseq: 0 more: 0
  X.25 reasm status: skipped
  X.233 CLNP Data (compressed header):
   LRef: 0x41 Prio: 11 Flags: 0xfe
   Lifetime: 20.0 sec
   PDU Id: 0x66b
   X.224 COTP Data Ack:
    dst_ref: 0x9522
    rseq: 4 credit: 3
    Flow control:
     Acked TPDU nr: 4
     Acked subsequence: 0
     Acked credit: 15
    ATN checksum: fb c0 86 54

[2025-05-10 00:15:36 CEST] [136.975] [-13.1/-32.0 dBFS] [18.9 dB] [1.7 ppm]
502CC8 (Aircraft, Airborne) -> 10F68A (Ground station): Response
AVLC type: U (DM) P/F: 0

[2025-05-10 00:15:41 CEST] [136.725] [-11.8/-32.0 dBFS] [20.3 dB] [-1.3 ppm]
4951CA (Aircraft, Airborne) -> 11984A (Ground station): Command
AVLC type: I sseq: 0 rseq: 3 poll: 0
 X.25 Data: grp: 11 chan: 255 sseq: 6 rseq: 1 more: 0
  X.25 reasm status: skipped
  X.233 CLNP Data (compressed header):
   LRef: 0x41 Prio: 11 Flags: 0xf6
   Lifetime: 20.0 sec
   PDU Id: 0x230
   X.224 COTP Data Ack:
    dst_ref: 0x9513
    rseq: 4 credit: 3
    Flow control:
     Acked TPDU nr: 4
     Acked subsequence: 0
     Acked credit: 15
    ATN checksum: f8 31 dc 63

[2025-05-10 00:15:51 CEST] [136.975] [-10.8/-32.6 dBFS] [21.8 dB] [3.1 ppm]
4CADF2 (Aircraft, Airborne) -> 10F69B (Ground station): Command
AVLC type: I sseq: 1 rseq: 2 poll: 0
 X.25 Data: grp: 11 chan: 254 sseq: 5 rseq: 7 more: 0
  X.25 reasm status: skipped
  X.233 CLNP Data (compressed header):
   LRef: 0x42 Prio: 11 Flags: 0xc0
   Lifetime: 50.0 sec
   PDU Id: 0x88f
   X.224 COTP Data Ack:
    dst_ref: 0x9514
    rseq: 4 credit: 3
    Checksum: bd b1
    Flow control:
     Acked TPDU nr: 4
     Acked subsequence: 0
     Acked credit: 15

[2025-05-10 00:15:52 CEST] [136.825] [-13.0/-31.7 dBFS] [18.7 dB] [4.3 ppm]
440612 (Aircraft, Airborne) -> 11954A (Ground station): Command
AVLC type: I sseq: 5 rseq: 5 poll: 0
 X.25 Data: grp: 11 chan: 255 sseq: 6 rseq: 7 more: 0
  X.25 reasm status: skipped
  X.233 CLNP Data (compressed header):
   LRef: 0x42 Prio: 11 Flags: 0xf6
   Lifetime: 20.0 sec
   PDU Id: 0x9b
   X.224 COTP Data Ack:
    dst_ref: 0x9516
    rseq: 4 credit: 3
    Flow control:
     Acked TPDU nr: 4
     Acked subsequence: 0
     Acked credit: 15
    ATN checksum: 00 3b e6 4f

[2025-05-10 00:15:53 CEST] [136.825] [-12.4/-31.8 dBFS] [19.3 dB] [4.4 ppm]
440612 (Aircraft, Airborne) -> 12984A (Ground station): Command
AVLC type: U (XID) P/F: 1
 XID: Handoff Initiation
  Public params:
   Parameter set ID: 8885:1993
   Procedure classes: 00 01
   HDLC options: 20 a4 80
  VDL params:
   Parameter set ID: V
   Connection management: 01
   XID sequencing: seq: 7 retry: 0
   AVLC specific options: 25
   Destination airport: LIMC
   Aircraft location: 45.0N 4.6E 35000 ft

[2025-05-10 00:15:58 CEST] [136.725] [-9.7/-31.6 dBFS] [21.8 dB] [0.7 ppm]
345249 (Aircraft, Airborne) -> 11985A (Ground station): Command
AVLC type: I sseq: 4 rseq: 4 poll: 0
 ACARS:
  Reassembly: skipped
  Reg: .EC-MMU Flight: VY14PF
  Mode: 2 Label: B9 Blk id: 2 More: 0 Ack: ! Msg num: M23A
  Message:
   /LEBL.TI2/040LEBLA3461

[2025-05-10 00:16:01 CEST] [136.875] [-6.7/-32.2 dBFS] [25.5 dB] [1.6 ppm]
511189 (Aircraft, Airborne) -> 23D821 (Ground station): Command
AVLC type: I sseq: 4 rseq: 3 poll: 0
 X.25 Data: grp: 11 chan: 255 sseq: 6 rseq: 0 more: 0
  X.25 reasm status: skipped
  X.233 CLNP Data (compressed header):
   LRef: 0x43 Prio: 11 Flags: 0xf6
   Lifetime: 20.0 sec
   PDU Id: 0x74
   X.224 COTP Data Ack:
    dst_ref: 0x951b
    rseq: 4 credit: 3
    Flow control:
     Acked TPDU nr: 4
     Acked subsequence: 0
     Acked credit: 15
    ATN checksum: 30 21 d6 b4

[2025-05-10 00:16:01 CEST] [136.975] [-12.7/-32.5 dBFS] [19.8 dB] [1.7 ppm]
502CC8 (Aircraft, Airborne) -> 10952A (Ground station): Command
AVLC type: I sseq: 5 rseq: 7 poll: 0
 X.25 Data: grp: 11 chan: 255 sseq: 1 rseq: 4 more: 0
  X.25 reasm status: skipped
  X.233 CLNP Data (compressed header):
   LRef: 0x41 Prio: 11 Flags: 0xfe
   Lifetime: 20.0 sec
   PDU Id: 0x66f
   X.224 COTP Data Ack:
    dst_ref: 0x9522
    rseq: 6 credit: 3
    ATN checksum: 6f 96 99 a7

[2025-05-10 00:16:02 CEST] [136.975] [-7.1/-32.4 dBFS] [25.2 dB] [3.1 ppm]
4CADF2 (Aircraft, Airborne) -> 10F69B (Ground station): Command
AVLC type: I sseq: 2 rseq: 2 poll: 0
 ACARS:
  Reassembly: skipped
  Reg: .EI-IHG Flight: FR16HK
  Mode: 2 Label: B9 Blk id: 5 More: 0 Ack: ! Msg num: M82A
  Message:
   /LEPA.TI2/024LEPAAC8BA

[2025-05-10 00:16:05 CEST] [136.975] [-12.7/-32.3 dBFS] [19.6 dB] [1.6 ppm]
502CC8 (Aircraft, Airborne) -> 10952A (Ground station): Command
AVLC type: I sseq: 5 rseq: 7 poll: 0
 X.25 Data: grp: 11 chan: 255 sseq: 1 rseq: 4 more: 0
  X.25 reasm status: skipped
  X.233 CLNP Data (compressed header):
   LRef: 0x41 Prio: 11 Flags: 0xfe
   Lifetime: 20.0 sec
   PDU Id: 0x66f
   X.224 COTP Data Ack:
    dst_ref: 0x9522
    rseq: 6 credit: 3
    ATN checksum: 6f 96 99 a7

[2025-05-10 00:16:12 CEST] [136.775] [-6.6/-31.9 dBFS] [25.4 dB] [2.8 ppm]
407FAD (Aircraft, Airborne) -> 233925 (Ground station): Command
AVLC type: I sseq: 6 rseq: 3 poll: 0
 ACARS:
  Reassembly: skipped
  Reg: .G-TUOA Flight: BY074N
  Mode: 2 Label: 5U Blk id: 9 More: 0 Ack: ! Msg num: M49A
  Message:
   SA/LFMN LFLL LFPG EGKK

[2025-05-10 00:16:20 CEST] [136.775] [-7.5/-31.7 dBFS] [24.2 dB] [2.8 ppm]
407FAD (Aircraft, Airborne) -> 233925 (Ground station): Command
AVLC type: I sseq: 0 rseq: 7 poll: 0
 X.25 Data: grp: 11 chan: 255 sseq: 1 rseq: 2 more: 0
  X.25 reasm status: skipped
  X.233 CLNP Data (compressed header):
   LRef: 0x41 Prio: 11 Flags: 0xf6
   Lifetime: 20.0 sec
   PDU Id: 0x38a
   X.224 COTP Data Ack:
    dst_ref: 0x950a
    rseq: 6 credit: 3
    Flow control:
     Acked TPDU nr: 6
     Acked subsequence: 0
     Acked credit: 15
    ATN checksum: bc 6b 71 d8

[2025-05-10 00:16:22 CEST] [136.725] [-11.6/-32.0 dBFS] [20.4 dB] [0.9 ppm]
345249 (Aircraft, Airborne) -> 11985A (Ground station): Command
AVLC type: I sseq: 7 rseq: 7 poll: 0
 X.25 Data: grp: 11 chan: 255 sseq: 1 rseq: 2 more: 0
  X.25 reasm status: skipped
  X.233 CLNP Data (compressed header):
   LRef: 0x41 Prio: 11 Flags: 0xf6
   Lifetime: 20.0 sec
   PDU Id: 0xa1
   X.224 COTP Data Ack:
    dst_ref: 0x951c
    rseq: 3 credit: 2
    ATN checksum: 7d 66 ca f7
   X.224 COTP Data:
    dst_ref: 0x951c
    sseq: 2 req_of_ack: 0 EoT: 1
    COTP reasm status: skipped
    ATN checksum: a5 16 c3 9b
    CPDLC Downlink Message:
     Header:
      Msg ID: 2
      Msg Ref: 3
      Timestamp: 2025-05-09 22:16:21
      Logical ACK: notRequired
     Message data:
      LOGICAL ACKNOWLEDGMENT

[2025-05-10 00:16:30 CEST] [136.675] [-4.2/-32.3 dBFS] [28.1 dB] [0.5 ppm]
4D2416 (Aircraft, Airborne) -> 11907A (Ground station): Command
AVLC type: I sseq: 2 rseq: 6 poll: 0
 X.25 Data: grp: 11 chan: 255 sseq: 7 rseq: 3 more: 0
  X.25 reasm status: skipped
  X.233 CLNP Data (compressed header):
   LRef: 0x42 Prio: 11 Flags: 0xf6
   Lifetime: 20.0 sec
   PDU Id: 0x55
   X.224 COTP Data Ack:
    dst_ref: 0x950d
    rseq: 5 credit: 3
    Flow control:
     Acked TPDU nr: 5
     Acked subsequence: 0
     Acked credit: 15
    ATN checksum: e8 02 04 5f

[2025-05-10 00:16:30 CEST] [136.725] [-11.9/-32.0 dBFS] [20.1 dB] [1.0 ppm]
345249 (Aircraft, Airborne) -> 11985A (Ground station): Command
AVLC type: I sseq: 0 rseq: 0 poll: 0
 X.25 Data: grp: 11 chan: 255 sseq: 2 rseq: 3 more: 0
  X.25 reasm status: skipped
  X.233 CLNP Data (compressed header):
   LRef: 0x41 Prio: 11 Flags: 0xf6
   Lifetime: 20.0 sec
   PDU Id: 0xa2
   X.224 COTP Data:
    dst_ref: 0x951c
    sseq: 3 req_of_ack: 0 EoT: 1
    COTP reasm status: skipped
    ATN checksum: 4c de 89 65
    CPDLC Downlink Message:
     Header:
      Msg ID: 3
      Msg Ref: 3
      Timestamp: 2025-05-09 22:16:29
      Logical ACK: required
     Message data:
      WILCO

