[2025-04-07 00:00:17 CEST] [136.675] [-5.9/-30.3 dBFS] [24.5 dB] [1.2 ppm]
4CA568 (Aircraft, Airborne) -> 11907A (Ground station): Command
AVLC type: I sseq: 1 rseq: 1 poll: 0
 X.25 Data: grp: 11 chan: 254 sseq: 5 rseq: 5 more: 0
  X.25 reasm status: skipped
  X.233 CLNP Data (compressed header):
   LRef: 0x41 Prio: 11 Flags: 0xc0
   Lifetime: 50.0 sec
   PDU Id: 0x1783
   X.224 COTP Data:
    dst_ref: 0xb4df
    sseq: 7 req_of_ack: 0 EoT: 1
    COTP reasm status: skipped
    Checksum: 99 58
    CPDLC Downlink Message:
     Header:
      Msg ID: 7
      Msg Ref: 7
      Timestamp: 2025-04-06 22:00:15
      Logical ACK: required
     Message data:
      WILCO

[2025-04-07 00:00:18 CEST] [136.675] [-5.6/-30.3 dBFS] [24.6 dB] [1.2 ppm]
4CA568 (Aircraft, Airborne) -> 11907A (Ground station): Command
AVLC type: I sseq: 2 rseq: 3 poll: 0
 X.25 Data: grp: 11 chan: 254 sseq: 6 rseq: 7 more: 0
  X.25 reasm status: skipped
  X.233 CLNP Data (compressed header):
   LRef: 0x41 Prio: 11 Flags: 0xc0
   Lifetime: 50.0 sec
   PDU Id: 0x1784
   X.224 COTP Data Ack:
    dst_ref: 0xb4df
    rseq: 8 credit: 3
    Checksum: fc 35

[2025-04-07 00:00:35 CEST] [136.725] [-8.4/-30.6 dBFS] [22.2 dB] [3.5 ppm]
4D2224 (Aircraft, Airborne) -> 11985A (Ground station): Command
AVLC type: I sseq: 5 rseq: 6 poll: 0
 X.25 Data: grp: 11 chan: 255 sseq: 3 rseq: 4 more: 0
  X.25 reasm status: skipped
  X.233 CLNP Data (compressed header):
   LRef: 0x41 Prio: 11 Flags: 0xc0
   Lifetime: 50.0 sec
   PDU Id: 0x213
   X.224 COTP Data Ack:
    dst_ref: 0xb508
    rseq: 2 credit: 2
    Checksum: 3c 24
    Flow control:
     Acked TPDU nr: 2
     Acked subsequence: 0
     Acked credit: 15

[2025-04-07 00:00:58 CEST] [136.725] [-3.0/-30.1 dBFS] [27.1 dB] [4.3 ppm]
4D2228 (Aircraft, Airborne) -> 11985A (Ground station): Command
AVLC type: I sseq: 3 rseq: 4 poll: 0
 X.25 Data: grp: 11 chan: 255 sseq: 0 rseq: 1 more: 0
  X.25 reasm status: skipped
  X.233 CLNP Data (compressed header):
   LRef: 0x41 Prio: 11 Flags: 0xc0
   Lifetime: 50.0 sec
   PDU Id: 0x1c0
   X.224 COTP Data Ack:
    dst_ref: 0xb4fb
    rseq: 4 credit: 3
    Checksum: 7b ec
    Flow control:
     Acked TPDU nr: 4
     Acked subsequence: 0
     Acked credit: 15

[2025-04-07 00:01:16 CEST] [136.975] [-0.1/-30.6 dBFS] [30.6 dB] [3.9 ppm]
4CA9AA (Aircraft, Airborne) -> 10F69B (Ground station): Command
AVLC type: I sseq: 1 rseq: 6 poll: 0
 X.25 Data: grp: 11 chan: 253 sseq: 5 rseq: 0 more: 0
  X.25 reasm status: skipped
  X.233 CLNP Data (compressed header):
   LRef: 0x42 Prio: 11 Flags: 0xc0
   Lifetime: 50.0 sec
   PDU Id: 0xdc0
   X.224 COTP Data Ack:
    dst_ref: 0xb4fc
    rseq: 4 credit: 3
    Checksum: 76 f0
    Flow control:
     Acked TPDU nr: 4
     Acked subsequence: 0
     Acked credit: 15

[2025-04-07 00:01:23 CEST] [136.875] [-6.2/-29.9 dBFS] [23.7 dB] [3.2 ppm]
02A180 (Aircraft, Airborne) -> 266661 (Ground station): Command
AVLC type: I sseq: 2 rseq: 0 poll: 0
 X.25 Data: grp: 11 chan: 255 sseq: 4 rseq: 6 more: 0
  X.25 reasm status: skipped
  X.233 CLNP Data (compressed header):
   LRef: 0x41 Prio: 11 Flags: 0xf6
   Lifetime: 20.0 sec
   PDU Id: 0x11e
   X.224 COTP Data Ack:
    dst_ref: 0xb4f4
    rseq: 4 credit: 3
    Flow control:
     Acked TPDU nr: 4
     Acked subsequence: 0
     Acked credit: 15
    ATN checksum: f8 21 0b 83

[2025-04-07 00:01:50 CEST] [136.675] [-8.5/-30.6 dBFS] [22.1 dB] [1.0 ppm]
4CA568 (Aircraft, Airborne) -> 11907A (Ground station): Command
AVLC type: I sseq: 4 rseq: 5 poll: 0
 X.25 Data: grp: 11 chan: 254 sseq: 0 rseq: 1 more: 0
  X.25 reasm status: skipped
  X.233 CLNP Data (compressed header):
   LRef: 0x41 Prio: 11 Flags: 0xc0
   Lifetime: 50.0 sec
   PDU Id: 0x1786
   X.224 COTP Data Ack:
    dst_ref: 0xb4df
    rseq: 8 credit: 3
    Checksum: 10 6c
    Flow control:
     Acked TPDU nr: 8
     Acked subsequence: 0
     Acked credit: 15

[2025-04-07 00:02:07 CEST] [136.725] [-9.0/-30.6 dBFS] [21.6 dB] [3.3 ppm]
4D2224 (Aircraft, Airborne) -> 11985A (Ground station): Command
AVLC type: I sseq: 6 rseq: 7 poll: 0
 X.25 Data: grp: 11 chan: 255 sseq: 4 rseq: 5 more: 0
  X.25 reasm status: skipped
  X.233 CLNP Data (compressed header):
   LRef: 0x41 Prio: 11 Flags: 0xc0
   Lifetime: 50.0 sec
   PDU Id: 0x214
   X.224 COTP Data Ack:
    dst_ref: 0xb508
    rseq: 2 credit: 2
    Checksum: 3c 24
    Flow control:
     Acked TPDU nr: 2
     Acked subsequence: 0
     Acked credit: 15

[2025-04-07 00:02:28 CEST] [136.725] [-1.6/-30.9 dBFS] [29.3 dB] [4.0 ppm]
4D2228 (Aircraft, Airborne) -> 11985A (Ground station): Command
AVLC type: I sseq: 5 rseq: 6 poll: 0
 X.25 Data: grp: 11 chan: 255 sseq: 2 rseq: 3 more: 0
  X.25 reasm status: skipped
  X.233 CLNP Data (compressed header):
   LRef: 0x41 Prio: 11 Flags: 0xc0
   Lifetime: 50.0 sec
   PDU Id: 0x1c2
   X.224 COTP Data Ack:
    dst_ref: 0xb4fb
    rseq: 4 credit: 3
    Checksum: 7b ec
    Flow control:
     Acked TPDU nr: 4
     Acked subsequence: 0
     Acked credit: 15

[2025-04-07 00:02:48 CEST] [136.975] [0.8/-30.2 dBFS] [31.0 dB] [3.8 ppm]
4CA9AA (Aircraft, Airborne) -> 10F69B (Ground station): Command
AVLC type: I sseq: 2 rseq: 7 poll: 0
 X.25 Data: grp: 11 chan: 253 sseq: 6 rseq: 1 more: 0
  X.25 reasm status: skipped
  X.233 CLNP Data (compressed header):
   LRef: 0x42 Prio: 11 Flags: 0xc0
   Lifetime: 50.0 sec
   PDU Id: 0xdc1
   X.224 COTP Data Ack:
    dst_ref: 0xb4fc
    rseq: 4 credit: 3
    Checksum: 76 f0
    Flow control:
     Acked TPDU nr: 4
     Acked subsequence: 0
     Acked credit: 15

[2025-04-07 00:02:55 CEST] [136.675] [-2.3/-30.9 dBFS] [28.6 dB] [-0.7 ppm]
781417 (Aircraft, Airborne) -> 11907A (Ground station): Command
AVLC type: I sseq: 6 rseq: 0 poll: 0
 X.25 Data: grp: 11 chan: 255 sseq: 5 rseq: 7 more: 0
  X.25 reasm status: skipped
  X.233 CLNP Data:
   Src NSAP: 47 00 27 41 43 53 48 00 78 14 17 00 00 00 00 00 00 00 01 01	"G.'ACSH.x..........."
   Dst NSAP: 47 00 27 81 83 49 54 00 01 52 52 01 8e 45 53 4d 49 00 01 01	"G.'..IT..RR..ESMI..."
   Lifetime: 50.0 sec
   Flags: SP
   Segmentation:
    PDU Id: 0x2a9
    Segment offset: 0
    PDU total length: 117
    CLNP reasm status: skipped
   Options:
    LRef: 0x00
    Priority: 0x08
    Security:
     Reg ID: 06 04 2b 1b 00 00
     Info:
      Traffic type:
       Type: ATN operational
       Category: ATSC
       Route policy: 0x01
    QoS maintenance: 0xc0
   X.224 COTP Connect Request:
    src_ref: 0x0015 dst_ref: 0x0000
    Initial Credit: 1
    Protocol class: 4
    Options: 00 (use normal PDU formats)
    Calling transport selector: 01 01
    Called/responding transport selector: 63 6d
    TPDU size (bytes): 1024
    Checksum: 8b a4
    Additional options: 0x00
    Ack time (ms): 1000
    Priority: 6
    Inactivity timer (ms): 360000

[2025-04-07 00:02:55 CEST] [136.875] [-6.0/-30.1 dBFS] [24.1 dB] [3.3 ppm]
02A180 (Aircraft, Airborne) -> 266661 (Ground station): Command
AVLC type: I sseq: 3 rseq: 2 poll: 0
 X.25 Data: grp: 11 chan: 255 sseq: 5 rseq: 7 more: 0
  X.25 reasm status: skipped
  X.233 CLNP Data (compressed header):
   LRef: 0x41 Prio: 11 Flags: 0xf6
   Lifetime: 20.0 sec
   PDU Id: 0x11f
   X.224 COTP Data Ack:
    dst_ref: 0xb4f4
    rseq: 4 credit: 3
    Flow control:
     Acked TPDU nr: 4
     Acked subsequence: 0
     Acked credit: 15
    ATN checksum: f8 21 0b 83

[2025-04-07 00:02:56 CEST] [136.675] [-2.6/-31.0 dBFS] [28.5 dB] [-0.8 ppm]
781417 (Aircraft, Airborne) -> 11907A (Ground station): Command
AVLC type: I sseq: 7 rseq: 1 poll: 0
 X.25 Data: grp: 11 chan: 255 sseq: 6 rseq: 0 more: 0
  X.25 reasm status: skipped
  X.233 CLNP Data (compressed header):
   LRef: 0x0 Prio: 8 Flags: 0xc0
   Lifetime: 50.0 sec
   PDU Id: 0x2aa
   X.224 COTP Data Ack:
    dst_ref: 0x849e
    rseq: 0 credit: 1
    Checksum: e8 25
    Flow control:
     Acked TPDU nr: 0
     Acked subsequence: 0
     Acked credit: 1

[2025-04-07 00:02:56 CEST] [136.675] [-2.8/-31.1 dBFS] [28.3 dB] [-0.8 ppm]
781417 (Aircraft, Airborne) -> 11907A (Ground station): Command
AVLC type: I sseq: 0 rseq: 1 poll: 0
 X.25 Data: grp: 11 chan: 255 sseq: 7 rseq: 0 more: 0
  X.25 reasm status: skipped
  X.233 CLNP Data (compressed header):
   LRef: 0x0 Prio: 8 Flags: 0xc0
   Lifetime: 50.0 sec
   PDU Id: 0x2ab
   X.224 COTP Data:
    dst_ref: 0x849e
    sseq: 0 req_of_ack: 0 EoT: 1
    COTP reasm status: skipped
    Checksum: cf ad
    X.225 Session SPDU: Short Connect
     X.227 ACSE Associate Request:
      Application context name: { 1.3.27.3.1 }
      AP title: { 1.3.27.1.7869463.0 }
      AE qualifier: 1
      ATN Context Management - Logon Request:
       Flight ID: CSH872
       Long TSAP: 41 43 53 48 00 78 14 17 00 00 00 00 00 00 00 01 01 01 01	"ACSH.x............."
       Ground-initiated applications:
        Application Entity Qualifier: 22
        Version number: 1
        AP Address:
         Long TSAP: 41 43 53 48 00 78 14 17 00 00 00 00 00 00 00 01 01 02 02	"ACSH.x............."
       Departure airport: LFML
       Destination airport: ZSPD

[2025-04-07 00:02:59 CEST] [136.675] [-3.0/-30.4 dBFS] [27.4 dB] [-0.8 ppm]
781417 (Aircraft, Airborne) -> 11907A (Ground station): Command
AVLC type: I sseq: 1 rseq: 3 poll: 0
 X.25 Data: grp: 11 chan: 255 sseq: 0 rseq: 2 more: 0
  X.25 reasm status: skipped
  X.233 CLNP Data (compressed header):
   LRef: 0x0 Prio: 8 Flags: 0xc0
   Lifetime: 50.0 sec
   PDU Id: 0x2ac
   X.224 COTP Data Ack:
    dst_ref: 0x849e
    rseq: 1 credit: 2
    Checksum: 87 24

[2025-04-07 00:02:59 CEST] [136.675] [-2.7/-30.4 dBFS] [27.7 dB] [-1.0 ppm]
781417 (Aircraft, Airborne) -> 11907A (Ground station): Command
AVLC type: I sseq: 2 rseq: 3 poll: 0
 X.25 Data: grp: 11 chan: 255 sseq: 1 rseq: 2 more: 0
  X.25 reasm status: skipped
  X.233 CLNP Data (compressed header):
   LRef: 0x0 Prio: 8 Flags: 0xc0
   Lifetime: 50.0 sec
   PDU Id: 0x2ad
   X.224 COTP Disconnect Request:
    src_ref: 0x0015 dst_ref: 0x849e
    Reason: 128 (Normal disconnect)
    Checksum: e1 15

[2025-04-07 00:03:22 CEST] [136.675] [-11.4/-30.4 dBFS] [19.0 dB] [1.2 ppm]
4CA568 (Aircraft, Airborne) -> 11907A (Ground station): Command
AVLC type: I sseq: 5 rseq: 6 poll: 0
 X.25 Data: grp: 11 chan: 254 sseq: 1 rseq: 2 more: 0
  X.25 reasm status: skipped
  X.233 CLNP Data (compressed header):
   LRef: 0x41 Prio: 11 Flags: 0xc0
   Lifetime: 50.0 sec
   PDU Id: 0x1787
   X.224 COTP Data Ack:
    dst_ref: 0xb4df
    rseq: 8 credit: 3
    Checksum: 10 6c
    Flow control:
     Acked TPDU nr: 8
     Acked subsequence: 0
     Acked credit: 15

[2025-04-07 00:03:34 CEST] [136.975] [1.0/-30.2 dBFS] [31.2 dB] [3.5 ppm]
4CA9AA (Aircraft, Airborne) -> 10F69B (Ground station): Command
AVLC type: I sseq: 3 rseq: 7 poll: 0
 ACARS:
  Reassembly: skipped
  Reg: .EI-HAY Flight: FR306N
  Mode: 2 Label: 16 Blk id: 5 More: 0 Ack: ! Msg num: M28A
  Message:
   220332,36997,2346, 142,N 43.460 E  5.879

[2025-04-07 00:04:00 CEST] [136.725] [0.9/-30.4 dBFS] [31.4 dB] [4.1 ppm]
4D2228 (Aircraft, Airborne) -> 11985A (Ground station): Command
AVLC type: I sseq: 6 rseq: 7 poll: 0
 X.25 Data: grp: 11 chan: 255 sseq: 3 rseq: 4 more: 0
  X.25 reasm status: skipped
  X.233 CLNP Data (compressed header):
   LRef: 0x41 Prio: 11 Flags: 0xc0
   Lifetime: 50.0 sec
   PDU Id: 0x1c3
   X.224 COTP Data Ack:
    dst_ref: 0xb4fb
    rseq: 4 credit: 3
    Checksum: 7b ec
    Flow control:
     Acked TPDU nr: 4
     Acked subsequence: 0
     Acked credit: 15

[2025-04-07 00:04:13 CEST] [136.875] [-3.2/-30.0 dBFS] [26.8 dB] [3.0 ppm]
02A180 (Aircraft, Airborne) -> 23D821 (Ground station): Command
AVLC type: U (XID) P/F: 1
 XID: Handoff Initiation
  Public params:
   Parameter set ID: 8885:1993
   Procedure classes: 00 01
   HDLC options: 20 a4 80
  VDL params:
   Parameter set ID: V
   Connection management: 01
   XID sequencing: seq: 6 retry: 0
   AVLC specific options: 25
   Destination airport: DTTA
   Aircraft location: 44.1N 5.5E 36000 ft

[2025-04-07 00:04:20 CEST] [136.975] [1.1/-30.4 dBFS] [31.4 dB] [3.3 ppm]
4CA9AA (Aircraft, Airborne) -> 10F69B (Ground station): Command
AVLC type: I sseq: 4 rseq: 1 poll: 0
 X.25 Data: grp: 11 chan: 253 sseq: 7 rseq: 2 more: 0
  X.25 reasm status: skipped
  X.233 CLNP Data (compressed header):
   LRef: 0x42 Prio: 11 Flags: 0xc0
   Lifetime: 50.0 sec
   PDU Id: 0xdc2
   X.224 COTP Data Ack:
    dst_ref: 0xb4fc
    rseq: 4 credit: 3
    Checksum: 76 f0
    Flow control:
     Acked TPDU nr: 4
     Acked subsequence: 0
     Acked credit: 15

[2025-04-07 00:04:25 CEST] [136.675] [-4.5/-30.6 dBFS] [26.1 dB] [3.8 ppm]
4D223A (Aircraft, Airborne) -> 11907A (Ground station): Command
AVLC type: I sseq: 1 rseq: 0 poll: 0
 ACARS:
  Reassembly: skipped
  Reg: .9H-QCG Flight: FR6557
  Mode: 2 Label: 16 Blk id: 8 More: 0 Ack: ! Msg num: M75A
  Message:
   220424,11176,2317, 158,N 43.394 E  5.255

[2025-04-07 00:04:26 CEST] [136.725] [-8.6/-30.5 dBFS] [21.8 dB] [5.2 ppm]
400FE3 (Aircraft, Airborne) -> 11985A (Ground station): Command
AVLC type: I sseq: 7 rseq: 7 poll: 0
 ACARS:
  Reassembly: skipped
  Reg: .G-EZBT Flight: U236BR
  Mode: 2 Label: 5U Blk id: 4 More: 0 Ack: ! Msg num: M48A
  Message:
   LFLL LFPG EGGW-SA

[2025-04-07 00:04:27 CEST] [136.875] [-2.7/-30.3 dBFS] [27.6 dB] [3.3 ppm]
02A180 (Aircraft, Airborne) -> 23D821 (Ground station): Command
AVLC type: I sseq: 2 rseq: 3 poll: 0
 X.25 Data: grp: 11 chan: 255 sseq: 0 rseq: 1 more: 0
  X.25 reasm status: skipped
  X.233 CLNP Data (compressed header):
   LRef: 0x41 Prio: 11 Flags: 0xf6
   Lifetime: 20.0 sec
   PDU Id: 0x120
   X.224 COTP Data Ack:
    dst_ref: 0xb4f4
    rseq: 4 credit: 3
    Flow control:
     Acked TPDU nr: 4
     Acked subsequence: 0
     Acked credit: 15
    ATN checksum: f8 21 0b 83

[2025-04-07 00:04:41 CEST] [136.725] [-8.4/-30.7 dBFS] [22.3 dB] [5.1 ppm]
400FE3 (Aircraft, Airborne) -> 11985A (Ground station): Command
AVLC type: I sseq: 3 rseq: 2 poll: 0
 ACARS:
  Reassembly: skipped
  Reg: .G-EZBT Flight: U236BR
  Mode: 2 Label: B9 Blk id: 7 More: 0 Ack: ! Msg num: M49A
  Message:
   /EGKK.TI2/040EGKKA7673

[2025-04-07 00:04:42 CEST] [136.675] [1.1/-30.6 dBFS] [31.8 dB] [3.3 ppm]
4D2287 (Aircraft, Airborne) -> 11907A (Ground station): Command
AVLC type: I sseq: 5 rseq: 5 poll: 0
 ACARS:
  Reassembly: skipped
  Reg: .9H-QDO Flight: FR62UE
  Mode: 2 Label: 16 Blk id: 9 More: 0 Ack: ! Msg num: M56A
  Message:
   220441,37656,2217,  81,N 43.443 E  5.486

[2025-04-07 00:04:49 CEST] [136.675] [-10.6/-31.1 dBFS] [20.5 dB] [1.1 ppm]
4CA568 (Aircraft, Airborne) -> 11907A (Ground station): Command
AVLC type: I sseq: 6 rseq: 6 poll: 0
 ACARS:
  Reassembly: skipped
  Reg: .EI-DWC Flight: FR30UC
  Mode: 2 Label: 16 Blk id: 7 More: 0 Ack: ! Msg num: M86A
  Message:
   220448,,2330, 121,N   .    MMMM.MMM

[2025-04-07 00:04:51 CEST] [136.725] [-7.9/-30.3 dBFS] [22.4 dB] [4.8 ppm]
400FE3 (Aircraft, Airborne) -> 11985A (Ground station): Command
AVLC type: I sseq: 6 rseq: 4 poll: 0
 ACARS:
  Reassembly: skipped
  Reg: .G-EZBT Flight: U236BR
  Mode: 2 Label: 8S Blk id: 0 More: 0 Ack: ! Msg num: M50A
  Message:
   EGKK,2327,N,Y,N,--,--,--
   
   
   
   

[2025-04-07 00:05:11 CEST] [136.725] [-6.7/-30.3 dBFS] [23.6 dB] [3.3 ppm]
4D2224 (Aircraft, Airborne) -> 11985A (Ground station): Command
AVLC type: I sseq: 1 rseq: 2 poll: 0
 X.25 Data: grp: 11 chan: 255 sseq: 7 rseq: 0 more: 0
  X.25 reasm status: skipped
  X.233 CLNP Data (compressed header):
   LRef: 0x41 Prio: 11 Flags: 0xc0
   Lifetime: 50.0 sec
   PDU Id: 0x217
   X.224 COTP Data Ack:
    dst_ref: 0xb508
    rseq: 2 credit: 2
    Checksum: 3c 24
    Flow control:
     Acked TPDU nr: 2
     Acked subsequence: 0
     Acked credit: 15

[2025-04-07 00:05:30 CEST] [136.675] [-7.0/-30.3 dBFS] [23.4 dB] [-1.1 ppm]
781417 (Aircraft, Airborne) -> 11907A (Ground station): Command
AVLC type: I sseq: 4 rseq: 5 poll: 0
 ACARS:
  Reassembly: in progress
  Reg: .B-1112 Flight: FM0872
  Mode: 2 Label: H1 Blk id: 6 More: 1 Ack: ! Msg num: 548A
  Sublabel: T5
  Message:
   /ILNGE7X.S39002FM B-11121CSH872    250406220527LFMLZSPD+034060295810674000013000022447M85P04B205B20504060C0B2122M32P08      2462M81P05  2462M82P05  +09333228+04344442+006131530957110748+0018+193890662-02030

[2025-04-07 00:05:31 CEST] [136.725] [1.0/-30.6 dBFS] [31.6 dB] [4.0 ppm]
4D2228 (Aircraft, Airborne) -> 11985A (Ground station): Command
AVLC type: I sseq: 7 rseq: 0 poll: 0
 X.25 Data: grp: 11 chan: 255 sseq: 4 rseq: 5 more: 0
  X.25 reasm status: skipped
  X.233 CLNP Data (compressed header):
   LRef: 0x41 Prio: 11 Flags: 0xc0
   Lifetime: 50.0 sec
   PDU Id: 0x1c4
   X.224 COTP Data Ack:
    dst_ref: 0xb4fb
    rseq: 4 credit: 3
    Checksum: 7b ec
    Flow control:
     Acked TPDU nr: 4
     Acked subsequence: 0
     Acked credit: 15

[2025-04-07 00:05:33 CEST] [136.675] [-7.9/-31.3 dBFS] [23.4 dB] [-0.9 ppm]
781417 (Aircraft, Airborne) -> 11907A (Ground station): Command
AVLC type: I sseq: 6 rseq: 7 poll: 0
 ACARS:
  Reassembly: out of sequence
  Reg: .B-1112 Flight: FM0872
  Mode: 2 Label: H1 Blk id: 8 More: 1 Ack: ! Msg num: 548C
  Sublabel: T5
  Message:
   -020-035-060-035-032+000+007-019+000+000-011-021-018-038+000+000+000+000+000+000+000+000+000+000+000+000+000+000+000+000+000+000+000+000+000+000+000+000+000+000+000+000+000+000+000+000+000+000+000+000+000+0

[2025-04-07 00:05:35 CEST] [136.675] [-8.2/-30.6 dBFS] [22.4 dB] [-0.8 ppm]
781417 (Aircraft, Airborne) -> 11907A (Ground station): Command
AVLC type: I sseq: 7 rseq: 0 poll: 0
 ACARS:
  Reassembly: out of sequence
  Reg: .B-1112 Flight: FM0872
  Mode: 2 Label: H1 Blk id: 9 More: 1 Ack: ! Msg num: 548D
  Sublabel: T5
  Message:
   00+000+000+000+000+000+000+000+000+000+000+000+000+000+000+000+00000000000000000000000000000000000000000000000000000000000000000000000000000000000000000000000000000000000000000000000000000000000000000000000

[2025-04-07 00:05:36 CEST] [136.725] [1.1/-30.5 dBFS] [31.6 dB] [3.7 ppm]
4D2228 (Aircraft, Airborne) -> 11985A (Ground station): Command
AVLC type: I sseq: 7 rseq: 0 poll: 0
 X.25 Data: grp: 11 chan: 255 sseq: 4 rseq: 5 more: 0
  X.25 reasm status: skipped
  X.233 CLNP Data (compressed header):
   LRef: 0x41 Prio: 11 Flags: 0xc0
   Lifetime: 50.0 sec
   PDU Id: 0x1c4
   X.224 COTP Data Ack:
    dst_ref: 0xb4fb
    rseq: 4 credit: 3
    Checksum: 7b ec
    Flow control:
     Acked TPDU nr: 4
     Acked subsequence: 0
     Acked credit: 15

[2025-04-07 00:05:37 CEST] [136.675] [-8.4/-30.5 dBFS] [22.1 dB] [-0.8 ppm]
781417 (Aircraft, Airborne) -> 11907A (Ground station): Command
AVLC type: I sseq: 0 rseq: 1 poll: 0
 ACARS:
  Reassembly: out of sequence
  Reg: .B-1112 Flight: FM0872
  Mode: 2 Label: H1 Blk id: 0 More: 1 Ack: ! Msg num: 548E
  Sublabel: T5
  Message:
   00000000000000000000000000000000000000000000000000000048008000000000000000000600000000000000000000000000000000000000000000000000000000000000000000000000000000000000000000000000000000000000000000000000000000

[2025-04-07 00:05:38 CEST] [136.675] [-8.7/-31.0 dBFS] [22.3 dB] [-0.9 ppm]
781417 (Aircraft, Airborne) -> 11907A (Ground station): Command
AVLC type: I sseq: 1 rseq: 2 poll: 0
 ACARS:
  Reassembly: out of sequence
  Reg: .B-1112 Flight: FM0872
  Mode: 2 Label: H1 Blk id: 1 More: 1 Ack: ! Msg num: 548F
  Sublabel: T5
  Message:
   00000000000000000000000000000000000000000000000000000000000000000000000000000000000000000000000000000000000000000000000000000000000000000000000000000000000000000000000000000000000000999000100000000000000000

[2025-04-07 00:05:40 CEST] [136.675] [-8.8/-30.5 dBFS] [21.7 dB] [-0.8 ppm]
781417 (Aircraft, Airborne) -> 11907A (Ground station): Command
AVLC type: I sseq: 2 rseq: 3 poll: 0
 ACARS:
  Reassembly: out of sequence
  Reg: .B-1112 Flight: FM0872
  Mode: 2 Label: H1 Blk id: 2 More: 1 Ack: ! Msg num: 548G
  Sublabel: T5
  Message:
   00000000000000000000000000000000000000000000000000000000000000000000000000000000000000000000000000000000000000000000000100000000000000000000000000000000000999000100000000000000000000000000000000000000000000

[2025-04-07 00:05:41 CEST] [136.675] [-8.9/-30.5 dBFS] [21.7 dB] [-0.9 ppm]
781417 (Aircraft, Airborne) -> 11907A (Ground station): Command
AVLC type: I sseq: 3 rseq: 4 poll: 0
 ACARS:
  Reassembly: out of sequence
  Reg: .B-1112 Flight: FM0872
  Mode: 2 Label: H1 Blk id: 3 More: 0 Ack: ! Msg num: 548H
  Sublabel: T5
  Message:
   00000000000000000000000000000000000000000000000

[2025-04-07 00:05:52 CEST] [136.975] [1.1/-30.7 dBFS] [31.8 dB] [2.9 ppm]
4CA9AA (Aircraft, Airborne) -> 10F69B (Ground station): Command
AVLC type: I sseq: 5 rseq: 2 poll: 0
 X.25 Data: grp: 11 chan: 253 sseq: 0 rseq: 3 more: 0
  X.25 reasm status: skipped
  X.233 CLNP Data (compressed header):
   LRef: 0x42 Prio: 11 Flags: 0xc0
   Lifetime: 50.0 sec
   PDU Id: 0xdc3
   X.224 COTP Data Ack:
    dst_ref: 0xb4fc
    rseq: 4 credit: 3
    Checksum: 76 f0
    Flow control:
     Acked TPDU nr: 4
     Acked subsequence: 0
     Acked credit: 15

[2025-04-07 00:05:59 CEST] [136.875] [-8.5/-30.0 dBFS] [21.5 dB] [3.0 ppm]
02A180 (Aircraft, Airborne) -> 23D821 (Ground station): Command
AVLC type: I sseq: 4 rseq: 5 poll: 0
 X.25 Data: grp: 11 chan: 255 sseq: 2 rseq: 2 more: 0
  X.25 reasm status: skipped
  X.233 CLNP Data (compressed header):
   LRef: 0x41 Prio: 11 Flags: 0xf6
   Lifetime: 20.0 sec
   PDU Id: 0x122
   X.224 COTP Data Ack:
    dst_ref: 0xb4f4
    rseq: 4 credit: 3
    Flow control:
     Acked TPDU nr: 4
     Acked subsequence: 0
     Acked credit: 15
    ATN checksum: f8 21 0b 83

[2025-04-07 00:06:07 CEST] [136.675] [-11.3/-30.1 dBFS] [18.9 dB] [1.2 ppm]
4CA568 (Aircraft, Airborne) -> 11907A (Ground station): Command
AVLC type: I sseq: 7 rseq: 7 poll: 0
 X.25 Data: grp: 11 chan: 254 sseq: 2 rseq: 2 more: 0
  X.25 reasm status: skipped
  X.233 CLNP Data (compressed header):
   LRef: 0x41 Prio: 11 Flags: 0xc0
   Lifetime: 50.0 sec
   PDU Id: 0x1788
   X.224 COTP Data Ack:
    dst_ref: 0xb4df
    rseq: 8 credit: 3
    Checksum: fc 35

[2025-04-07 00:06:09 CEST] [136.775] [-0.6/-30.5 dBFS] [29.9 dB] [1.3 ppm]
344213 (Aircraft, Airborne) -> 233925 (Ground station): Command
AVLC type: I sseq: 1 rseq: 2 poll: 0
 X.25 Data: grp: 11 chan: 255 sseq: 5 rseq: 6 more: 0
  X.25 reasm status: skipped
  X.233 CLNP Data (compressed header):
   LRef: 0x41 Prio: 11 Flags: 0xf6
   Lifetime: 20.0 sec
   PDU Id: 0x106
   X.224 COTP Data Ack:
    dst_ref: 0xb4fa
    rseq: 8 credit: 3
    Flow control:
     Acked TPDU nr: 8
     Acked subsequence: 0
     Acked credit: 15
    ATN checksum: 8b 4f 2a 59

[2025-04-07 00:06:16 CEST] [136.775] [-2.6/-29.8 dBFS] [27.2 dB] [1.2 ppm]
344213 (Aircraft, Airborne) -> 233925 (Ground station): Command
AVLC type: I sseq: 2 rseq: 2 poll: 0
 X.25 Data: grp: 11 chan: 255 sseq: 6 rseq: 6 more: 0
  X.25 reasm status: skipped
  X.233 CLNP Data (compressed header):
   LRef: 0x0 Prio: 8 Flags: 0xf6
   Lifetime: 20.0 sec
   PDU Id: 0x107
   X.224 COTP Disconnect Request:
    src_ref: 0xfa49 dst_ref: 0x0000
    Reason: 128 (Normal disconnect)
    Checksum: 76 73
    X.225 disconnect reason: 1 (OK, transport connection not reused)

[2025-04-07 00:06:26 CEST] [136.975] [-8.3/-30.6 dBFS] [22.3 dB] [4.6 ppm]
400FE3 (Aircraft, Airborne) -> 10985A (Ground station): Command
AVLC type: U (XID) P/F: 1
 XID: Handoff Initiation
  Public params:
   Parameter set ID: 8885:1993
   Procedure classes: 00 01
   HDLC options: 20 a4 80
  VDL params:
   Parameter set ID: V
   Connection management: 01
   XID sequencing: seq: 1 retry: 0
   AVLC specific options: 25
   Destination airport: EGKK
   Aircraft location: 44.5N 6.3E 31000 ft

[2025-04-07 00:06:43 CEST] [136.725] [-2.6/-30.1 dBFS] [27.4 dB] [3.4 ppm]
4D2224 (Aircraft, Airborne) -> 11985A (Ground station): Command
AVLC type: I sseq: 2 rseq: 3 poll: 0
 X.25 Data: grp: 11 chan: 255 sseq: 0 rseq: 1 more: 0
  X.25 reasm status: skipped
  X.233 CLNP Data (compressed header):
   LRef: 0x41 Prio: 11 Flags: 0xc0
   Lifetime: 50.0 sec
   PDU Id: 0x218
   X.224 COTP Data Ack:
    dst_ref: 0xb508
    rseq: 2 credit: 2
    Checksum: 3c 24
    Flow control:
     Acked TPDU nr: 2
     Acked subsequence: 0
     Acked credit: 15

[2025-04-07 00:06:43 CEST] [136.975] [-10.2/-30.8 dBFS] [20.6 dB] [4.7 ppm]
400FE3 (Aircraft, Airborne) -> 10985A (Ground station): Command
AVLC type: I sseq: 2 rseq: 2 poll: 0
 ACARS:
  Reassembly: skipped
  Reg: .G-EZBT Flight: U236BR
  Mode: 2 Label: 8D Blk id: 3 More: 0 Ack: ! Msg num: M52A
  Message:
   0130,93,0006,89,----,---,0136,2328,LFMN,EGKK
   CORRECTION TO LAST MSG
   
   
   

[2025-04-07 00:06:50 CEST] [136.725] [-2.5/-30.1 dBFS] [27.6 dB] [3.4 ppm]
4D2224 (Aircraft, Airborne) -> 11985A (Ground station): Command
AVLC type: I sseq: 3 rseq: 3 poll: 0
 ACARS:
  Reassembly: skipped
  Reg: .9H-QAR Flight: FR8017
  Mode: 2 Label: 16 Blk id: 5 More: 0 Ack: ! Msg num: M23A
  Message:
   220647,M114136,2322, 147,N 43.650 E  6.322

[2025-04-07 00:06:58 CEST] [136.975] [-0.0/-30.4 dBFS] [30.4 dB] [2.6 ppm]
4CA9AA (Aircraft, Airborne) -> 10F63A (Ground station): Command
AVLC type: U (XID) P/F: 1
 XID: Handoff Initiation
  Public params:
   Parameter set ID: 8885:1993
   Procedure classes: 00 01
   HDLC options: 20 84 80
  VDL params:
   Parameter set ID: V
   XID sequencing: seq: 2 retry: 0
   Destination airport: LEMG
   Aircraft location: 43.2N 5.3E 37000 ft
   Alternate ground stations: 10907A 10985A 10952A 10905A 10984A 109C2A 1099BA 10FA5A
   AVLC specific options: 24
   Connection management: 01

[2025-04-07 00:07:05 CEST] [136.975] [-0.1/-30.3 dBFS] [30.2 dB] [2.8 ppm]
02A180 (Aircraft, Airborne) -> 26CA77 (Ground station): Command
AVLC type: U (XID) P/F: 1
 XID: Handoff Initiation
  Public params:
   Parameter set ID: 8885:1993
   Procedure classes: 00 01
   HDLC options: 20 a4 80
  VDL params:
   Parameter set ID: V
   Connection management: 01
   XID sequencing: seq: 7 retry: 0
   AVLC specific options: 25
   Destination airport: DTTA
   Aircraft location: 43.7N 5.8E 36000 ft

[2025-04-07 00:07:06 CEST] [136.725] [1.2/-30.3 dBFS] [31.5 dB] [3.2 ppm]
4D2228 (Aircraft, Airborne) -> 11985A (Ground station): Command
AVLC type: I sseq: 1 rseq: 2 poll: 0
 X.25 Data: grp: 11 chan: 255 sseq: 6 rseq: 7 more: 0
  X.25 reasm status: skipped
  X.233 CLNP Data (compressed header):
   LRef: 0x41 Prio: 11 Flags: 0xc0
   Lifetime: 50.0 sec
   PDU Id: 0x1c6
   X.224 COTP Data Ack:
    dst_ref: 0xb4fb
    rseq: 4 credit: 3
    Checksum: 7b ec
    Flow control:
     Acked TPDU nr: 4
     Acked subsequence: 0
     Acked credit: 15

[2025-04-07 00:07:06 CEST] [136.975] [-2.7/-31.3 dBFS] [28.6 dB] [2.3 ppm]
4CA9AA (Aircraft, Airborne) -> 10F63A (Ground station): Command
AVLC type: U (XID) P/F: 1
 XID: Handoff Initiation
  Public params:
   Parameter set ID: 8885:1993
   Procedure classes: 00 01
   HDLC options: 20 84 80
  VDL params:
   Parameter set ID: V
   XID sequencing: seq: 2 retry: 1
   Destination airport: LEMG
   Aircraft location: 43.2N 5.3E 37000 ft
   Alternate ground stations: 10907A 10985A 10952A 10905A 10984A 109C2A 1099BA 10FA5A
   AVLC specific options: 24
   Connection management: 01

[2025-04-07 00:07:16 CEST] [136.975] [0.8/-30.4 dBFS] [31.1 dB] [2.3 ppm]
4CA9AA (Aircraft, Airborne) -> 10F63A (Ground station): Command
AVLC type: U (XID) P/F: 1
 XID: Handoff Initiation
  Public params:
   Parameter set ID: 8885:1993
   Procedure classes: 00 01
   HDLC options: 20 84 80
  VDL params:
   Parameter set ID: V
   XID sequencing: seq: 2 retry: 2
   Destination airport: LEMG
   Aircraft location: 43.2N 5.3E 37000 ft
   Alternate ground stations: 10907A 10985A 10952A 10905A 10984A 109C2A 1099BA 10FA5A
   AVLC specific options: 24
   Connection management: 01

[2025-04-07 00:07:24 CEST] [136.975] [0.7/-30.5 dBFS] [31.2 dB] [2.6 ppm]
4CA9AA (Aircraft, Airborne) -> 10F69B (Ground station): Command
AVLC type: I sseq: 7 rseq: 4 poll: 0
 X.25 Data: grp: 11 chan: 253 sseq: 2 rseq: 5 more: 0
  X.25 reasm status: skipped
  X.233 CLNP Data (compressed header):
   LRef: 0x42 Prio: 11 Flags: 0xc0
   Lifetime: 50.0 sec
   PDU Id: 0xdc5
   X.224 COTP Data Ack:
    dst_ref: 0xb4fc
    rseq: 4 credit: 3
    Checksum: 76 f0
    Flow control:
     Acked TPDU nr: 4
     Acked subsequence: 0
     Acked credit: 15

[2025-04-07 00:07:26 CEST] [136.975] [0.8/-30.4 dBFS] [31.2 dB] [2.4 ppm]
4CA9AA (Aircraft, Airborne) -> 10F63A (Ground station): Command
AVLC type: U (XID) P/F: 1
 XID: Handoff Initiation
  Public params:
   Parameter set ID: 8885:1993
   Procedure classes: 00 01
   HDLC options: 20 84 80
  VDL params:
   Parameter set ID: V
   XID sequencing: seq: 2 retry: 3
   Destination airport: LEMG
   Aircraft location: 43.2N 5.3E 37000 ft
   Alternate ground stations: 10907A 10985A 10952A 10905A 10984A 109C2A 1099BA 10FA5A
   AVLC specific options: 24
   Connection management: 01

[2025-04-07 00:07:31 CEST] [136.975] [-0.2/-30.6 dBFS] [30.4 dB] [2.6 ppm]
02A180 (Aircraft, Airborne) -> 26CA77 (Ground station): Command
AVLC type: I sseq: 2 rseq: 3 poll: 0
 X.25 Data: grp: 11 chan: 255 sseq: 0 rseq: 1 more: 0
  X.25 reasm status: skipped
  X.233 CLNP Data (compressed header):
   LRef: 0x41 Prio: 11 Flags: 0xf6
   Lifetime: 20.0 sec
   PDU Id: 0x123
   X.224 COTP Data Ack:
    dst_ref: 0xb4f4
    rseq: 4 credit: 3
    Flow control:
     Acked TPDU nr: 4
     Acked subsequence: 0
     Acked credit: 15
    ATN checksum: f8 21 0b 83

[2025-04-07 00:07:38 CEST] [136.975] [0.8/-30.7 dBFS] [31.4 dB] [2.2 ppm]
4CA9AA (Aircraft, Airborne) -> 10F63A (Ground station): Command
AVLC type: U (XID) P/F: 1
 XID: Handoff Initiation
  Public params:
   Parameter set ID: 8885:1993
   Procedure classes: 00 01
   HDLC options: 20 84 80
  VDL params:
   Parameter set ID: V
   XID sequencing: seq: 2 retry: 4
   Destination airport: LEMG
   Aircraft location: 43.2N 5.3E 37000 ft
   Alternate ground stations: 10907A 10985A 10952A 10905A 10984A 109C2A 1099BA 10FA5A
   AVLC specific options: 24
   Connection management: 01

[2025-04-07 00:07:41 CEST] [136.775] [-0.4/-30.1 dBFS] [29.7 dB] [1.1 ppm]
344213 (Aircraft, Airborne) -> 233925 (Ground station): Command
AVLC type: I sseq: 3 rseq: 4 poll: 0
 X.25 Data: grp: 11 chan: 255 sseq: 7 rseq: 7 more: 0
  X.25 reasm status: skipped
  X.233 CLNP Data (compressed header):
   LRef: 0x41 Prio: 11 Flags: 0xf6
   Lifetime: 20.0 sec
   PDU Id: 0x108
   X.224 COTP Data Ack:
    dst_ref: 0xb4fa
    rseq: 8 credit: 3
    Flow control:
     Acked TPDU nr: 8
     Acked subsequence: 0
     Acked credit: 15
    ATN checksum: 8b 4f 2a 59

[2025-04-07 00:07:47 CEST] [136.975] [-0.4/-30.7 dBFS] [30.3 dB] [2.2 ppm]
4CA9AA (Aircraft, Airborne) -> 10F63A (Ground station): Command
AVLC type: U (XID) P/F: 1
 XID: Handoff Initiation
  Public params:
   Parameter set ID: 8885:1993
   Procedure classes: 00 01
   HDLC options: 20 84 80
  VDL params:
   Parameter set ID: V
   XID sequencing: seq: 2 retry: 5
   Destination airport: LEMG
   Aircraft location: 43.2N 5.3E 37000 ft
   Alternate ground stations: 10907A 10985A 10952A 10905A 10984A 109C2A 1099BA 10FA5A
   AVLC specific options: 24
   Connection management: 01

[2025-04-07 00:08:02 CEST] [136.775] [-0.7/-30.1 dBFS] [29.4 dB] [1.0 ppm]
344213 (Aircraft, Airborne) -> 233925 (Ground station): Command
AVLC type: I sseq: 4 rseq: 5 poll: 0
 X.25 Data: grp: 11 chan: 255 sseq: 0 rseq: 0 more: 0
  X.25 reasm status: skipped
  X.233 CLNP Data (compressed header):
   LRef: 0x41 Prio: 11 Flags: 0xf6
   Lifetime: 20.0 sec
   PDU Id: 0x109
   X.224 COTP Data Ack:
    dst_ref: 0xb4fa
    rseq: 9 credit: 4
    ATN checksum: 31 21 64 5b

[2025-04-07 00:08:02 CEST] [136.775] [-0.7/-30.0 dBFS] [29.3 dB] [0.9 ppm]
344213 (Aircraft, Airborne) -> 233925 (Ground station): Command
AVLC type: I sseq: 5 rseq: 5 poll: 0
 X.25 Data: grp: 11 chan: 255 sseq: 1 rseq: 0 more: 0
  X.25 reasm status: skipped
  X.233 CLNP Data (compressed header):
   LRef: 0x41 Prio: 11 Flags: 0xf6
   Lifetime: 20.0 sec
   PDU Id: 0x10a
   X.224 COTP Data:
    dst_ref: 0xb4fa
    sseq: 8 req_of_ack: 0 EoT: 1
    COTP reasm status: skipped
    ATN checksum: 9c 95 07 3e
    X.227 ACSE Release Response:
     Reason: normal
     ATCDownlinkMessage: <empty PDU>

[2025-04-07 00:08:03 CEST] [136.775] [0.4/-29.8 dBFS] [30.2 dB] [0.9 ppm]
344213 (Aircraft, Airborne) -> 233925 (Ground station): Command
AVLC type: I sseq: 7 rseq: 0 poll: 0
 X.25 Data: grp: 11 chan: 255 sseq: 2 rseq: 2 more: 0
  X.25 reasm status: skipped
  X.233 CLNP Data (compressed header):
   LRef: 0x41 Prio: 11 Flags: 0xf6
   Lifetime: 20.0 sec
   PDU Id: 0x10b
   X.224 COTP Disconnect Confirm:
    src_ref: 0xfa4b dst_ref: 0xb4fa
    ATN checksum: fe d3 9e 06

[2025-04-07 00:08:15 CEST] [136.725] [1.0/-30.3 dBFS] [31.3 dB] [3.3 ppm]
4D2224 (Aircraft, Airborne) -> 11985A (Ground station): Command
AVLC type: I sseq: 4 rseq: 5 poll: 0
 X.25 Data: grp: 11 chan: 255 sseq: 1 rseq: 2 more: 0
  X.25 reasm status: skipped
  X.233 CLNP Data (compressed header):
   LRef: 0x41 Prio: 11 Flags: 0xc0
   Lifetime: 50.0 sec
   PDU Id: 0x219
   X.224 COTP Data Ack:
    dst_ref: 0xb508
    rseq: 2 credit: 2
    Checksum: 3c 24
    Flow control:
     Acked TPDU nr: 2
     Acked subsequence: 0
     Acked credit: 15

[2025-04-07 00:08:28 CEST] [136.975] [-6.1/-30.4 dBFS] [24.3 dB] [2.3 ppm]
4CA9AA (Aircraft, Airborne) -> 10907A (Ground station): Command
AVLC type: U (XID) P/F: 1
 XID: Handoff Initiation
  Public params:
   Parameter set ID: 8885:1993
   Procedure classes: 00 01
   HDLC options: 20 84 80
  VDL params:
   Parameter set ID: V
   XID sequencing: seq: 3 retry: 0
   Destination airport: LEMG
   Aircraft location: 43.1N 5.0E 37000 ft
   Alternate ground stations: 10985A 10952A 10905A 10984A 1099BA 109C2A 10FA5A 10F60A
   AVLC specific options: 24
   Connection management: 01

[2025-04-07 00:08:31 CEST] [136.975] [-8.8/-30.4 dBFS] [21.6 dB] [2.4 ppm]
4CA9AA (Aircraft, Airborne) -> 10907A (Ground station): Command
AVLC type: I sseq: 2 rseq: 3 poll: 0
 X.25 Data: grp: 11 chan: 255 sseq: 0 rseq: 2 more: 0
  X.25 reasm status: skipped
  X.233 CLNP Data (compressed header):
   LRef: 0x40 Prio: 14 Flags: 0xc0
   Lifetime: 50.0 sec
   PDU Id: 0xdc6
   IDRP Open: seq: 1 ack: 1 credit_offered: 5 credit_avail: 3
    Hold Time: 900 seconds
    Max. PDU size: 3000 octets
    Source RDI: 47 00 27 41 52 59 52 00 4c a9 aa	"G.'ARYR.L.."
    RIB Attribute Set:
     RibAtt #0:
      Security:
       Reg ID: 06 04 2b 1b 00 00
    Auth mechanism: simple checksum

[2025-04-07 00:08:33 CEST] [136.975] [-8.7/-30.1 dBFS] [21.3 dB] [2.4 ppm]
4CA9AA (Aircraft, Airborne) -> 10907A (Ground station): Command
AVLC type: I sseq: 4 rseq: 6 poll: 0
 X.25 Data: grp: 11 chan: 255 sseq: 2 rseq: 4 more: 0
  X.25 reasm status: skipped
  X.233 CLNP Data (compressed header):
   LRef: 0x40 Prio: 14 Flags: 0xc0
   Lifetime: 50.0 sec
   PDU Id: 0xdc7
   IDRP Update: seq: 2 ack: 2 credit_offered: 4 credit_avail: 3
    Route:
     ID: 2
     Local preference: 0
    RD path:
     RD_SEQ:
      47 00 27 41 52 59 52 00 4c a9 aa	"G.'ARYR.L.."
    RD hop count: 1
    Security:
     Reg ID: 06 04 2b 1b 00 00
     Info:
      Supported ATSC classes: all
    Capacity: 13
    Reachability info:
     Protocol: CLNP
     Prefix length: 88
     Dest. address prefix: 47 00 27 41 52 59 52 00 4c a9 aa	"G.'ARYR.L.."

[2025-04-07 00:08:35 CEST] [136.725] [0.9/-30.5 dBFS] [31.4 dB] [2.9 ppm]
4D2228 (Aircraft, Airborne) -> 11985A (Ground station): Command
AVLC type: I sseq: 2 rseq: 3 poll: 0
 X.25 Data: grp: 11 chan: 255 sseq: 7 rseq: 0 more: 0
  X.25 reasm status: skipped
  X.233 CLNP Data (compressed header):
   LRef: 0x41 Prio: 11 Flags: 0xc0
   Lifetime: 50.0 sec
   PDU Id: 0x1c7
   X.224 COTP Data Ack:
    dst_ref: 0xb4fb
    rseq: 4 credit: 3
    Checksum: 7b ec
    Flow control:
     Acked TPDU nr: 4
     Acked subsequence: 0
     Acked credit: 15

[2025-04-07 00:08:40 CEST] [136.725] [0.8/-30.2 dBFS] [31.1 dB] [2.8 ppm]
4D2228 (Aircraft, Airborne) -> 11985A (Ground station): Command
AVLC type: I sseq: 2 rseq: 3 poll: 0
 X.25 Data: grp: 11 chan: 255 sseq: 7 rseq: 0 more: 0
  X.25 reasm status: skipped
  X.233 CLNP Data (compressed header):
   LRef: 0x41 Prio: 11 Flags: 0xc0
   Lifetime: 50.0 sec
   PDU Id: 0x1c7
   X.224 COTP Data Ack:
    dst_ref: 0xb4fb
    rseq: 4 credit: 3
    Checksum: 7b ec
    Flow control:
     Acked TPDU nr: 4
     Acked subsequence: 0
     Acked credit: 15

[2025-04-07 00:08:56 CEST] [136.725] [-10.8/-30.3 dBFS] [19.6 dB] [2.1 ppm]
4CA9AA (Aircraft, Airborne) -> 11985A (Ground station): Command
AVLC type: U (XID) P/F: 1
 XID: Handoff Initiation
  Public params:
   Parameter set ID: 8885:1993
   Procedure classes: 00 01
   HDLC options: 20 84 80
  VDL params:
   Parameter set ID: V
   XID sequencing: seq: 4 retry: 0
   Destination airport: LEMG
   Aircraft location: 43.1N 4.9E 36000 ft
   Alternate ground stations: 11984A
   AVLC specific options: 24
   Connection management: 01

[2025-04-07 00:09:00 CEST] [136.975] [-0.3/-30.6 dBFS] [30.4 dB] [2.5 ppm]
02A180 (Aircraft, Airborne) -> 26CA77 (Ground station): Command
AVLC type: I sseq: 3 rseq: 5 poll: 0
 ACARS:
  Reassembly: skipped
  Reg: .TS-IMA Flight: TU0723
  Mode: 2 Label: 16 Blk id: 7 More: 0 Ack: ! Msg num: M47A
  Message:
   220854,37025,2316,  48,N 43.616 E  6.074

[2025-04-07 00:09:03 CEST] [136.975] [-0.1/-30.3 dBFS] [30.2 dB] [2.5 ppm]
02A180 (Aircraft, Airborne) -> 26CA77 (Ground station): Command
AVLC type: I sseq: 5 rseq: 7 poll: 0
 X.25 Data: grp: 11 chan: 255 sseq: 1 rseq: 3 more: 0
  X.25 reasm status: skipped
  X.233 CLNP Data (compressed header):
   LRef: 0x41 Prio: 11 Flags: 0xf6
   Lifetime: 20.0 sec
   PDU Id: 0x124
   X.224 COTP Data Ack:
    dst_ref: 0xb4f4
    rseq: 4 credit: 3
    Flow control:
     Acked TPDU nr: 4
     Acked subsequence: 0
     Acked credit: 15
    ATN checksum: f8 21 0b 83

[2025-04-07 00:09:05 CEST] [136.725] [-11.5/-30.2 dBFS] [18.6 dB] [2.3 ppm]
4CA9AA (Aircraft, Airborne) -> 11985A (Ground station): Command
AVLC type: U (XID) P/F: 1
 XID: Handoff Initiation
  Public params:
   Parameter set ID: 8885:1993
   Procedure classes: 00 01
   HDLC options: 20 84 80
  VDL params:
   Parameter set ID: V
   XID sequencing: seq: 4 retry: 1
   Destination airport: LEMG
   Aircraft location: 43.1N 4.9E 36000 ft
   Alternate ground stations: 11984A
   AVLC specific options: 24
   Connection management: 01

[2025-04-07 00:09:15 CEST] [136.725] [-10.4/-30.3 dBFS] [19.9 dB] [2.3 ppm]
4CA9AA (Aircraft, Airborne) -> 11985A (Ground station): Command
AVLC type: U (XID) P/F: 1
 XID: Handoff Initiation
  Public params:
   Parameter set ID: 8885:1993
   Procedure classes: 00 01
   HDLC options: 20 84 80
  VDL params:
   Parameter set ID: V
   XID sequencing: seq: 4 retry: 2
   Destination airport: LEMG
   Aircraft location: 43.1N 4.9E 36000 ft
   Alternate ground stations: 11984A
   AVLC specific options: 24
   Connection management: 01

[2025-04-07 00:09:17 CEST] [136.775] [-10.9/-30.1 dBFS] [19.1 dB] [-0.2 ppm]
4794F2 (Aircraft, Airborne) -> 23D825 (Ground station): Command
AVLC type: I sseq: 3 rseq: 3 poll: 0
 X.25 Data: grp: 11 chan: 255 sseq: 1 rseq: 2 more: 0
  X.25 reasm status: skipped
  X.233 CLNP Data (compressed header):
   LRef: 0x47 Prio: 11 Flags: 0xf6
   Lifetime: 20.0 sec
   PDU Id: 0x45e
   X.224 COTP Data Ack:
    dst_ref: 0xb503
    rseq: 5 credit: 3
    Flow control:
     Acked TPDU nr: 5
     Acked subsequence: 0
     Acked credit: 15
    ATN checksum: d9 3b 42 ab

[2025-04-07 00:09:22 CEST] [136.975] [-0.8/-30.4 dBFS] [29.6 dB] [2.4 ppm]
02A180 (Aircraft, Airborne) -> 26CA77 (Ground station): Command
AVLC type: I sseq: 6 rseq: 0 poll: 0
 X.25 Data: grp: 11 chan: 255 sseq: 2 rseq: 4 more: 0
  X.25 reasm status: skipped
  X.233 CLNP Data (compressed header):
   LRef: 0x41 Prio: 11 Flags: 0xf6
   Lifetime: 20.0 sec
   PDU Id: 0x125
   X.224 COTP Data Ack:
    dst_ref: 0xb4f4
    rseq: 5 credit: 3
    ATN checksum: e9 57 8c 8b
   X.224 COTP Data:
    dst_ref: 0xb4f4
    sseq: 4 req_of_ack: 0 EoT: 1
    COTP reasm status: skipped
    ATN checksum: 75 47 77 a0
    CPDLC Downlink Message:
     Header:
      Msg ID: 4
      Msg Ref: 5
      Timestamp: 2025-04-06 22:09:21
      Logical ACK: notRequired
     Message data:
      LOGICAL ACKNOWLEDGMENT

[2025-04-07 00:09:43 CEST] [136.725] [0.8/-30.1 dBFS] [31.0 dB] [3.1 ppm]
4D2224 (Aircraft, Airborne) -> 11985A (Ground station): Command
AVLC type: I sseq: 5 rseq: 6 poll: 0
 X.25 Data: grp: 11 chan: 255 sseq: 2 rseq: 3 more: 0
  X.25 reasm status: skipped
  X.233 CLNP Data (compressed header):
   LRef: 0x41 Prio: 11 Flags: 0xc0
   Lifetime: 50.0 sec
   PDU Id: 0x21a
   X.224 COTP Data Ack:
    dst_ref: 0xb508
    rseq: 3 credit: 2
    Checksum: 49 c5

[2025-04-07 00:09:44 CEST] [136.725] [0.8/-30.3 dBFS] [31.1 dB] [3.0 ppm]
4D2224 (Aircraft, Airborne) -> 11985A (Ground station): Command
AVLC type: I sseq: 6 rseq: 6 poll: 0
 X.25 Data: grp: 11 chan: 255 sseq: 3 rseq: 3 more: 0
  X.25 reasm status: skipped
  X.233 CLNP Data (compressed header):
   LRef: 0x41 Prio: 11 Flags: 0xc0
   Lifetime: 50.0 sec
   PDU Id: 0x21b
   X.224 COTP Data:
    dst_ref: 0xb508
    sseq: 2 req_of_ack: 0 EoT: 1
    COTP reasm status: skipped
    Checksum: 5f 64
    CPDLC Downlink Message:
     Header:
      Msg ID: 2
      Msg Ref: 3
      Timestamp: 2025-04-06 22:09:42
      Logical ACK: notRequired
     Message data:
      LOGICAL ACKNOWLEDGMENT

[2025-04-07 00:09:45 CEST] [136.975] [-1.3/-30.9 dBFS] [29.6 dB] [2.3 ppm]
02A180 (Aircraft, Airborne) -> 26CA77 (Ground station): Command
AVLC type: I sseq: 7 rseq: 1 poll: 0
 X.25 Data: grp: 11 chan: 255 sseq: 3 rseq: 5 more: 0
  X.25 reasm status: skipped
  X.233 CLNP Data (compressed header):
   LRef: 0x41 Prio: 11 Flags: 0xf6
   Lifetime: 20.0 sec
   PDU Id: 0x126
   X.224 COTP Data:
    dst_ref: 0xb4f4
    sseq: 5 req_of_ack: 0 EoT: 1
    COTP reasm status: skipped
    ATN checksum: 9e 62 ce 2a
    CPDLC Downlink Message:
     Header:
      Msg ID: 5
      Msg Ref: 5
      Timestamp: 2025-04-06 22:09:44
      Logical ACK: required
     Message data:
      WILCO

[2025-04-07 00:09:50 CEST] [136.975] [-0.1/-30.6 dBFS] [30.5 dB] [2.3 ppm]
02A180 (Aircraft, Airborne) -> 26CA77 (Ground station): Command
AVLC type: I sseq: 1 rseq: 3 poll: 0
 X.25 Data: grp: 11 chan: 255 sseq: 4 rseq: 7 more: 0
  X.25 reasm status: skipped
  X.233 CLNP Data (compressed header):
   LRef: 0x41 Prio: 11 Flags: 0xf6
   Lifetime: 20.0 sec
   PDU Id: 0x127
   X.224 COTP Data Ack:
    dst_ref: 0xb4f4
    rseq: 6 credit: 3
    ATN checksum: 3f 24 be 36

[2025-04-07 00:09:56 CEST] [136.775] [-11.8/-30.3 dBFS] [18.5 dB] [0.1 ppm]
4794F2 (Aircraft, Airborne) -> 23D825 (Ground station): Command
AVLC type: I sseq: 4 rseq: 4 poll: 0
 X.25 Data: grp: 11 chan: 255 sseq: 2 rseq: 3 more: 0
  X.25 reasm status: skipped
  X.233 CLNP Data (compressed header):
   LRef: 0x49 Prio: 11 Flags: 0xf6
   Lifetime: 20.0 sec
   PDU Id: 0x45f
   X.224 COTP Data Ack:
    dst_ref: 0x78f9
    rseq: 0 credit: 1
    ATN checksum: ea 62 37 82

[2025-04-07 00:10:01 CEST] [136.725] [0.6/-30.6 dBFS] [31.2 dB] [2.8 ppm]
4D2224 (Aircraft, Airborne) -> 11985A (Ground station): Command
AVLC type: I sseq: 0 rseq: 0 poll: 0
 X.25 Data: grp: 11 chan: 255 sseq: 5 rseq: 5 more: 0
  X.25 reasm status: skipped
  X.233 CLNP Data (compressed header):
   LRef: 0x41 Prio: 11 Flags: 0xc0
   Lifetime: 50.0 sec
   PDU Id: 0x21d
   X.224 COTP Data:
    dst_ref: 0xb508
    sseq: 3 req_of_ack: 0 EoT: 1
    COTP reasm status: skipped
    Checksum: 9c a7
    CPDLC Downlink Message:
     Header:
      Msg ID: 3
      Msg Ref: 3
      Timestamp: 2025-04-06 22:09:59
      Logical ACK: required
     Message data:
      WILCO

[2025-04-07 00:10:02 CEST] [136.725] [0.9/-32.3 dBFS] [33.2 dB] [3.1 ppm]
4D2224 (Aircraft, Airborne) -> 11985A (Ground station): Command
AVLC type: I sseq: 1 rseq: 2 poll: 0
 X.25 Data: grp: 11 chan: 255 sseq: 6 rseq: 7 more: 0
  X.25 reasm status: skipped
  X.233 CLNP Data (compressed header):
   LRef: 0x41 Prio: 11 Flags: 0xc0
   Lifetime: 50.0 sec
   PDU Id: 0x21e
   X.224 COTP Data Ack:
    dst_ref: 0xb508
    rseq: 4 credit: 3
    Checksum: 3e ce

[2025-04-07 00:10:07 CEST] [136.725] [-8.6/-31.9 dBFS] [23.3 dB] [2.5 ppm]
4D2228 (Aircraft, Airborne) -> 11985A (Ground station): Command
AVLC type: I sseq: 3 rseq: 4 poll: 0
 X.25 Data: grp: 11 chan: 255 sseq: 0 rseq: 1 more: 0
  X.25 reasm status: skipped
  X.233 CLNP Data (compressed header):
   LRef: 0x41 Prio: 11 Flags: 0xc0
   Lifetime: 50.0 sec
   PDU Id: 0x1c8
   X.224 COTP Data Ack:
    dst_ref: 0xb4fb
    rseq: 4 credit: 3
    Checksum: 7b ec
    Flow control:
     Acked TPDU nr: 4
     Acked subsequence: 0
     Acked credit: 15

[2025-04-07 00:10:26 CEST] [136.675] [-7.5/-31.9 dBFS] [24.3 dB] [-0.9 ppm]
781417 (Aircraft, Airborne) -> 11907A (Ground station): Command
AVLC type: I sseq: 7 rseq: 0 poll: 0
 ACARS:
  Reassembly: in progress
  Reg: .B-1112 Flight: FM0872
  Mode: 2 Label: H1 Blk id: 6 More: 1 Ack: ! Msg num: E77A
  Sublabel: EI
  Message:
   RPT19;PG1;REAL;SW030M2G
   1  0;0;0;0;0;0;0;0
   2  RELEASE;196;195
   3  NOT SET
   4  ;0.0;0.0;;;0.0;0.0;
   5  ;;242;242;;;;;244;245;;
   6  ;;;;;;;;;;;
   7  ;;;
   8  ;0.0;0.0;;;0.0;0.0;
   9  ;;241;244;;;;;243;238;;
   1

[2025-04-07 00:10:27 CEST] [136.675] [-6.9/-31.8 dBFS] [24.9 dB] [-0.8 ppm]
781417 (Aircraft, Airborne) -> 11907A (Ground station): Command
AVLC type: I sseq: 0 rseq: 1 poll: 0
 ACARS:
  Reassembly: complete
  Reg: .B-1112 Flight: FM0872
  Mode: 2 Label: H1 Blk id: 7 More: 0 Ack: ! Msg num: E77B
  Sublabel: EI
  Message:
   RPT19;PG1;REAL;SW030M2G
   1  0;0;0;0;0;0;0;0
   2  RELEASE;196;195
   3  NOT SET
   4  ;0.0;0.0;;;0.0;0.0;
   5  ;;242;242;;;;;244;245;;
   6  ;;;;;;;;;;;
   7  ;;;
   8  ;0.0;0.0;;;0.0;0.0;
   9  ;;241;244;;;;;243;238;;
   10 ;;;;;;;;;;;
   11 ;;;
   12 ;06;APR;25;22:10:22

[2025-04-07 00:10:49 CEST] [136.775] [-11.1/-29.8 dBFS] [18.7 dB] [-0.2 ppm]
4794F2 (Aircraft, Airborne) -> 23D825 (Ground station): Command
AVLC type: I sseq: 0 rseq: 1 poll: 0
 X.25 Data: grp: 11 chan: 255 sseq: 4 rseq: 5 more: 0
  X.25 reasm status: skipped
  X.233 CLNP Data (compressed header):
   LRef: 0x47 Prio: 11 Flags: 0xf6
   Lifetime: 20.0 sec
   PDU Id: 0x461
   X.224 COTP Data Ack:
    dst_ref: 0xb503
    rseq: 5 credit: 3
    Flow control:
     Acked TPDU nr: 5
     Acked subsequence: 0
     Acked credit: 15
    ATN checksum: d9 3b 42 ab

[2025-04-07 00:10:52 CEST] [136.675] [-10.5/-30.8 dBFS] [20.4 dB] [-0.7 ppm]
781417 (Aircraft, Airborne) -> 11907A (Ground station): Command
AVLC type: I sseq: 2 rseq: 4 poll: 0
 X.25 Data: grp: 11 chan: 255 sseq: 4 rseq: 6 more: 0
  X.25 reasm status: skipped
  X.233 CLNP Data (compressed header):
   LRef: 0x0 Prio: 11 Flags: 0xc0
   Lifetime: 50.0 sec
   PDU Id: 0x2b0
   X.224 COTP Connect Confirm:
    src_ref: 0x0016 dst_ref: 0x84a1
    Initial Credit: 1
    Protocol class: 4
    Options: 00 (use normal PDU formats)
    Calling transport selector: 70 6d
    Called/responding transport selector: 02 02
    TPDU size (bytes): 1024
    Checksum: e6 f7
    Additional options: 0x00
    Ack time (ms): 1000
    Priority: 3
    Inactivity timer (ms): 360000
    X.225 Session SPDU: Short Accept
     X.227 ACSE Associate Response:
      Application context name: { 1.3.27.3.1 }
      Associate result: accept
      ATCDownlinkMessage: <empty PDU>

[2025-04-07 00:10:52 CEST] [136.775] [-11.7/-30.1 dBFS] [18.4 dB] [-0.0 ppm]
4794F2 (Aircraft, Airborne) -> 23D825 (Ground station): Command
AVLC type: I sseq: 0 rseq: 1 poll: 0
 X.25 Data: grp: 11 chan: 255 sseq: 4 rseq: 5 more: 0
  X.25 reasm status: skipped
  X.233 CLNP Data (compressed header):
   LRef: 0x47 Prio: 11 Flags: 0xf6
   Lifetime: 20.0 sec
   PDU Id: 0x461
   X.224 COTP Data Ack:
    dst_ref: 0xb503
    rseq: 5 credit: 3
    Flow control:
     Acked TPDU nr: 5
     Acked subsequence: 0
     Acked credit: 15
    ATN checksum: d9 3b 42 ab

[2025-04-07 00:10:53 CEST] [136.675] [-9.3/-30.6 dBFS] [21.3 dB] [-0.6 ppm]
781417 (Aircraft, Airborne) -> 11907A (Ground station): Command
AVLC type: I sseq: 3 rseq: 5 poll: 0
 X.25 Data: grp: 11 chan: 255 sseq: 5 rseq: 7 more: 0
  X.25 reasm status: skipped
  X.233 CLNP Data (compressed header):
   LRef: 0x0 Prio: 11 Flags: 0xc0
   Lifetime: 50.0 sec
   PDU Id: 0x2b1
   X.224 COTP Data:
    dst_ref: 0x84a1
    sseq: 0 req_of_ack: 0 EoT: 1
    COTP reasm status: skipped
    Checksum: d7 c3
    CPDLC Downlink Message:
     Header:
      Msg ID: 0
      Timestamp: 2025-04-06 22:10:53
      Logical ACK: required
     Message data:
      CURRENT DATA AUTHORITY

[2025-04-07 00:10:55 CEST] [136.675] [-6.3/-30.5 dBFS] [24.2 dB] [2.7 ppm]
49D006 (Aircraft, Airborne) -> 11907A (Ground station): Command
AVLC type: I sseq: 2 rseq: 4 poll: 0
 X.25 Data: grp: 11 chan: 255 sseq: 5 rseq: 6 more: 0
  X.25 reasm status: skipped
  X.233 CLNP Data (compressed header):
   LRef: 0x42 Prio: 11 Flags: 0xf6
   Lifetime: 20.0 sec
   PDU Id: 0x11a
   X.224 COTP Data Ack:
    dst_ref: 0xb4ff
    rseq: 4 credit: 3
    Flow control:
     Acked TPDU nr: 4
     Acked subsequence: 0
     Acked credit: 15
    ATN checksum: 41 5a 48 bd

[2025-04-07 00:10:55 CEST] [136.675] [-9.0/-30.4 dBFS] [21.5 dB] [-0.8 ppm]
781417 (Aircraft, Airborne) -> 11907A (Ground station): Command
AVLC type: I sseq: 4 rseq: 7 poll: 0
 X.25 Data: grp: 11 chan: 255 sseq: 6 rseq: 1 more: 0
  X.25 reasm status: skipped
  X.233 CLNP Data (compressed header):
   LRef: 0x0 Prio: 11 Flags: 0xc0
   Lifetime: 50.0 sec
   PDU Id: 0x2b2
   X.224 COTP Data Ack:
    dst_ref: 0x84a1
    rseq: 1 credit: 2
    Checksum: 78 30

[2025-04-07 00:10:56 CEST] [136.675] [-9.2/-30.6 dBFS] [21.5 dB] [-0.7 ppm]
781417 (Aircraft, Airborne) -> 11907A (Ground station): Command
AVLC type: I sseq: 5 rseq: 0 poll: 0
 X.25 Data: grp: 11 chan: 255 sseq: 7 rseq: 2 more: 0
  X.25 reasm status: skipped
  X.233 CLNP Data (compressed header):
   LRef: 0x0 Prio: 11 Flags: 0xc0
   Lifetime: 50.0 sec
   PDU Id: 0x2b3
   X.224 COTP Data Ack:
    dst_ref: 0x84a1
    rseq: 2 credit: 2
    Checksum: 74 33

[2025-04-07 00:10:57 CEST] [136.675] [-9.2/-31.0 dBFS] [21.7 dB] [-0.8 ppm]
781417 (Aircraft, Airborne) -> 11907A (Ground station): Command
AVLC type: I sseq: 6 rseq: 0 poll: 0
 X.25 Data: grp: 11 chan: 255 sseq: 0 rseq: 2 more: 0
  X.25 reasm status: skipped
  X.233 CLNP Data (compressed header):
   LRef: 0x0 Prio: 11 Flags: 0xc0
   Lifetime: 50.0 sec
   PDU Id: 0x2b4
   X.224 COTP Data:
    dst_ref: 0x84a1
    sseq: 1 req_of_ack: 0 EoT: 1
    COTP reasm status: skipped
    Checksum: a7 bd
    CPDLC Downlink Message:
     Header:
      Msg ID: 1
      Msg Ref: 1
      Timestamp: 2025-04-06 22:10:56
      Logical ACK: notRequired
     Message data:
      LOGICAL ACKNOWLEDGMENT

[2025-04-07 00:10:57 CEST] [136.775] [-10.9/-29.7 dBFS] [18.8 dB] [-0.2 ppm]
4794F2 (Aircraft, Airborne) -> 23D825 (Ground station): Command
AVLC type: I sseq: 0 rseq: 1 poll: 0
 X.25 Data: grp: 11 chan: 255 sseq: 4 rseq: 5 more: 0
  X.25 reasm status: skipped
  X.233 CLNP Data (compressed header):
   LRef: 0x47 Prio: 11 Flags: 0xf6
   Lifetime: 20.0 sec
   PDU Id: 0x461
   X.224 COTP Data Ack:
    dst_ref: 0xb503
    rseq: 5 credit: 3
    Flow control:
     Acked TPDU nr: 5
     Acked subsequence: 0
     Acked credit: 15
    ATN checksum: d9 3b 42 ab

[2025-04-07 00:11:01 CEST] [136.725] [-12.3/-30.1 dBFS] [17.8 dB] [-0.6 ppm]
781417 (Aircraft, Airborne) -> 11985A (Ground station): Command
AVLC type: U (XID) P/F: 1
 XID: Handoff Initiation
  Public params:
   Parameter set ID: 8885:1993
   Procedure classes: 00 01
   HDLC options: 20 84 80
  VDL params:
   Parameter set ID: V
   XID sequencing: seq: 1 retry: 0
   Destination airport: ZSPD
   Aircraft location: 43.5N 7.0E 27000 ft
   Alternate ground stations: 11984A
   AVLC specific options: 24
   Connection management: 01

[2025-04-07 00:11:10 CEST] [136.725] [-9.6/-29.9 dBFS] [20.2 dB] [-0.9 ppm]
781417 (Aircraft, Airborne) -> 11985A (Ground station): Command
AVLC type: U (XID) P/F: 1
 XID: Handoff Initiation
  Public params:
   Parameter set ID: 8885:1993
   Procedure classes: 00 01
   HDLC options: 20 84 80
  VDL params:
   Parameter set ID: V
   XID sequencing: seq: 1 retry: 1
   Destination airport: ZSPD
   Aircraft location: 43.5N 7.0E 27000 ft
   Alternate ground stations: 11984A
   AVLC specific options: 24
   Connection management: 01

[2025-04-07 00:11:18 CEST] [136.975] [-6.2/-30.7 dBFS] [24.5 dB] [2.1 ppm]
02A180 (Aircraft, Airborne) -> 26CA77 (Ground station): Command
AVLC type: I sseq: 3 rseq: 5 poll: 0
 X.25 Data: grp: 11 chan: 255 sseq: 6 rseq: 0 more: 0
  X.25 reasm status: skipped
  X.233 CLNP Data (compressed header):
   LRef: 0x41 Prio: 11 Flags: 0xf6
   Lifetime: 20.0 sec
   PDU Id: 0x129
   X.224 COTP Data Ack:
    dst_ref: 0xb4f4
    rseq: 6 credit: 3
    Flow control:
     Acked TPDU nr: 6
     Acked subsequence: 0
     Acked credit: 15
    ATN checksum: ee 56 d1 8d

[2025-04-07 00:11:36 CEST] [136.725] [0.8/-30.4 dBFS] [31.2 dB] [2.5 ppm]
4D2224 (Aircraft, Airborne) -> 11985A (Ground station): Command
AVLC type: I sseq: 2 rseq: 3 poll: 0
 X.25 Data: grp: 11 chan: 255 sseq: 7 rseq: 0 more: 0
  X.25 reasm status: skipped
  X.233 CLNP Data (compressed header):
   LRef: 0x41 Prio: 11 Flags: 0xc0
   Lifetime: 50.0 sec
   PDU Id: 0x21f
   X.224 COTP Data Ack:
    dst_ref: 0xb508
    rseq: 4 credit: 3
    Checksum: 39 22
    Flow control:
     Acked TPDU nr: 4
     Acked subsequence: 0
     Acked credit: 15

[2025-04-07 00:12:05 CEST] [136.725] [-10.0/-30.3 dBFS] [20.3 dB] [2.4 ppm]
407FC7 (Aircraft, Airborne) -> 11984A (Ground station): Command
AVLC type: U (XID) P/F: 1
 XID: Handoff Initiation
  Public params:
   Parameter set ID: 8885:1993
   Procedure classes: 00 01
   HDLC options: 20 a4 80
  VDL params:
   Parameter set ID: V
   Connection management: 01
   XID sequencing: seq: 6 retry: 0
   AVLC specific options: 25
   Destination airport: EGGP
   Aircraft location: 44.1N 6.7E 30000 ft

[2025-04-07 00:12:06 CEST] [136.725] [-12.7/-29.9 dBFS] [17.2 dB] [3.1 ppm]
4080AD (Aircraft, Airborne) -> 11985A (Ground station): Command
AVLC type: I sseq: 3 rseq: 2 poll: 0
 X.25 Data: grp: 11 chan: 255 sseq: 3 rseq: 3 more: 0
  X.25 reasm status: skipped
  X.233 CLNP Data (compressed header):
   LRef: 0x5 Prio: 8 Flags: 0xf6
   Lifetime: 20.0 sec
   PDU Id: 0x202
   X.224 COTP Data Ack:
    dst_ref: 0xcdf2
    rseq: 1 credit: 2
    ATN checksum: bb 14 fd 23

[2025-04-07 00:12:06 CEST] [136.725] [-12.7/-29.9 dBFS] [17.2 dB] [3.1 ppm]
4080AD (Aircraft, Airborne) -> 11985A (Ground station): Command
AVLC type: I sseq: 4 rseq: 2 poll: 0
 X.25 Data: grp: 11 chan: 255 sseq: 4 rseq: 3 more: 0
  X.25 reasm status: skipped
  X.233 CLNP Data (compressed header):
   LRef: 0x5 Prio: 8 Flags: 0xf6
   Lifetime: 20.0 sec
   PDU Id: 0x203
   X.224 COTP Disconnect Request:
    src_ref: 0x0043 dst_ref: 0xcdf2
    Reason: 128 (Normal disconnect)
    ATN checksum: 6b 89 62 b5
    X.225 disconnect reason: 1 (OK, transport connection not reused)

[2025-04-07 00:12:27 CEST] [136.675] [0.2/-30.5 dBFS] [30.7 dB] [2.7 ppm]
49D006 (Aircraft, Airborne) -> 11907A (Ground station): Command
AVLC type: I sseq: 3 rseq: 5 poll: 0
 X.25 Data: grp: 11 chan: 255 sseq: 6 rseq: 7 more: 0
  X.25 reasm status: skipped
  X.233 CLNP Data (compressed header):
   LRef: 0x42 Prio: 11 Flags: 0xf6
   Lifetime: 20.0 sec
   PDU Id: 0x11b
   X.224 COTP Data Ack:
    dst_ref: 0xb4ff
    rseq: 4 credit: 3
    Flow control:
     Acked TPDU nr: 4
     Acked subsequence: 0
     Acked credit: 15
    ATN checksum: 41 5a 48 bd

