[2025-04-20 00:01:04 CEST] [136.975] [-8.1/-31.4 dBFS] [23.3 dB] [3.4 ppm]
02A1A5 (Aircraft, Airborne) -> 266677 (Ground station): Command
AVLC type: I sseq: 3 rseq: 2 poll: 0
 X.25 Data: grp: 11 chan: 255 sseq: 0 rseq: 4 more: 0
  X.25 reasm status: skipped
  X.233 CLNP Data (compressed header):
   LRef: 0x41 Prio: 11 Flags: 0xf6
   Lifetime: 20.0 sec
   PDU Id: 0x1d8
   X.224 COTP Data Ack:
    dst_ref: 0x924b
    rseq: 4 credit: 3
    ATN checksum: 9d e0 67 20

[2025-04-20 00:02:20 CEST] [136.975] [-11.2/-31.6 dBFS] [20.4 dB] [0.5 ppm]
4951CC (Aircraft, Airborne) -> 109C2A (Ground station): Command
AVLC type: I sseq: 2 rseq: 7 poll: 0
 X.25 Data: grp: 11 chan: 255 sseq: 3 rseq: 0 more: 0
  X.25 reasm status: skipped
  X.233 CLNP Data (compressed header):
   LRef: 0x44 Prio: 11 Flags: 0xf6
   Lifetime: 20.0 sec
   PDU Id: 0x21e
   X.224 COTP Data Ack:
    dst_ref: 0x923a
    rseq: 5 credit: 3
    Flow control:
     Acked TPDU nr: 5
     Acked subsequence: 0
     Acked credit: 15
    ATN checksum: 6d c8 dd 2e

[2025-04-20 00:02:27 CEST] [136.675] [-13.5/-31.3 dBFS] [17.8 dB] [4.1 ppm]
406135 (Aircraft, Airborne) -> 11907A (Ground station): Command
AVLC type: I sseq: 2 rseq: 3 poll: 0
 X.25 Data: grp: 11 chan: 255 sseq: 0 rseq: 1 more: 0
  X.25 reasm status: skipped
  X.233 CLNP Data (compressed header):
   LRef: 0x0 Prio: 11 Flags: 0xf6
   Lifetime: 20.0 sec
   PDU Id: 0x406
   X.224 COTP Data Ack:
    dst_ref: 0x922e
    rseq: 2 credit: 2
    Flow control:
     Acked TPDU nr: 2
     Acked subsequence: 0
     Acked credit: 15
    ATN checksum: 1c 9b e1 39

[2025-04-20 00:02:37 CEST] [136.975] [-7.0/-31.1 dBFS] [24.1 dB] [3.4 ppm]
02A1A5 (Aircraft, Airborne) -> 266677 (Ground station): Command
AVLC type: I sseq: 5 rseq: 6 poll: 0
 X.25 Data: grp: 11 chan: 255 sseq: 1 rseq: 6 more: 0
  X.25 reasm status: skipped
  X.233 CLNP Data (compressed header):
   LRef: 0x41 Prio: 11 Flags: 0xf6
   Lifetime: 20.0 sec
   PDU Id: 0x1d9
   X.224 COTP Data Ack:
    dst_ref: 0x924b
    rseq: 4 credit: 3
    Flow control:
     Acked TPDU nr: 4
     Acked subsequence: 0
     Acked credit: 15
    ATN checksum: cf 22 4f 13

[2025-04-20 00:02:54 CEST] [136.675] [-12.1/-31.6 dBFS] [19.5 dB] [1.5 ppm]
3444CC (Aircraft, Airborne) -> 11907A (Ground station): Command
AVLC type: I sseq: 6 rseq: 0 poll: 0
 ACARS:
  Reassembly: skipped
  Reg: .EC-MAN Flight: VY09MZ
  Mode: 2 Label: H1 Blk id: 1 More: 0 Ack: ! Msg num: F79A
  Sublabel: M1
  Message:
   PRG/TS220253,041925/DTLEBL,02O,65,225853,116/FNVLG9MZCA20

[2025-04-20 00:03:09 CEST] [136.775] [-10.2/-30.7 dBFS] [20.5 dB] [0.9 ppm]
4D2302 (Aircraft, Airborne) -> 11FA7A (Ground station): Command
AVLC type: I sseq: 3 rseq: 3 poll: 0
 X.25 Data: grp: 11 chan: 254 sseq: 0 rseq: 0 more: 0
  X.25 reasm status: skipped
  X.233 CLNP Data (compressed header):
   LRef: 0x42 Prio: 11 Flags: 0xc0
   Lifetime: 50.0 sec
   PDU Id: 0x22e3
   X.224 COTP Data Ack:
    dst_ref: 0x923b
    rseq: 2 credit: 2
    Checksum: 0f 41
    Flow control:
     Acked TPDU nr: 2
     Acked subsequence: 0
     Acked credit: 15

[2025-04-20 00:03:10 CEST] [136.675] [-8.1/-31.8 dBFS] [23.7 dB] [1.7 ppm]
3444CC (Aircraft, Airborne) -> 11907A (Ground station): Command
AVLC type: I sseq: 7 rseq: 1 poll: 0
 ACARS:
  Reassembly: in progress
  Reg: .EC-MAN Flight: VY09MZ
  Mode: 2 Label: H1 Blk id: 2 More: 1 Ack: ! Msg num: D66A
  Sublabel: DF
  Message:
   A04/A32004,1,1/CCEC-MAN,APR19,220253,LFML,LEBL,0009/C105,10610,4000,07,0000,0,0000,06,X/CE0175,01899,183,288,5722,310,C32009/EC000000,04933,05670,02980,23/EE569236,09494,04742,05808,23/N101,01,00,00,00,00,0

[2025-04-20 00:03:11 CEST] [136.675] [-5.0/-31.6 dBFS] [26.6 dB] [1.4 ppm]
3444CC (Aircraft, Airborne) -> 11907A (Ground station): Command
AVLC type: I sseq: 0 rseq: 2 poll: 0
 ACARS:
  Reassembly: in progress
  Reg: .EC-MAN Flight: VY09MZ
  Mode: 2 Label: H1 Blk id: 3 More: 1 Ack: ! Msg num: D66B
  Sublabel: DF
  Message:
   0,00,8090/N201,01,00,00,00,00,00,00,8120/S10922,0913,0989,8090,4430,3765,0924/S20921,0912,0990,8120,4457,3727,0924/T15470,1276,195,137,----,014,003/T25475,1288,195,137,----,015,002/V105,04,110,112,02,00,000

[2025-04-20 00:03:12 CEST] [136.675] [-7.5/-31.5 dBFS] [24.1 dB] [1.3 ppm]
3444CC (Aircraft, Airborne) -> 11907A (Ground station): Command
AVLC type: I sseq: 1 rseq: 3 poll: 0
 ACARS:
  Reassembly: complete
  Reg: .EC-MAN Flight: VY09MZ
  Mode: 2 Label: H1 Blk id: 4 More: 0 Ack: ! Msg num: D66C
  Sublabel: DF
  Message:
   A04/A32004,1,1/CCEC-MAN,APR19,220253,LFML,LEBL,0009/C105,10610,4000,07,0000,0,0000,06,X/CE0175,01899,183,288,5722,310,C32009/EC000000,04933,05670,02980,23/EE569236,09494,04742,05808,23/N101,01,00,00,00,00,00,00,8090/N201,01,00,00,00,00,00,00,8120/S10922,0913,0989,8090,4430,3765,0924/S20921,0912,0990,8120,4457,3727,0924/T15470,1276,195,137,----,014,003/T25475,1288,195,137,----,015,002/V105,04,110,112,02,00,00000/V212,09,066,128,03,00,00004/V3054,073,1,1,00080,00008,2221/V4052,074,1,1,00080,00008,2221/X114656,0125,100,036,1618/X214718,0117,100,036,1616,/

[2025-04-20 00:03:13 CEST] [136.775] [-9.6/-30.8 dBFS] [21.2 dB] [1.2 ppm]
4D2302 (Aircraft, Airborne) -> 11FA7A (Ground station): Command
AVLC type: I sseq: 3 rseq: 3 poll: 0
 X.25 Data: grp: 11 chan: 254 sseq: 0 rseq: 0 more: 0
  X.25 reasm status: skipped
  X.233 CLNP Data (compressed header):
   LRef: 0x42 Prio: 11 Flags: 0xc0
   Lifetime: 50.0 sec
   PDU Id: 0x22e3
   X.224 COTP Data Ack:
    dst_ref: 0x923b
    rseq: 2 credit: 2
    Checksum: 0f 41
    Flow control:
     Acked TPDU nr: 2
     Acked subsequence: 0
     Acked credit: 15

[2025-04-20 00:03:46 CEST] [136.675] [-9.4/-31.4 dBFS] [22.0 dB] [1.6 ppm]
3444CC (Aircraft, Airborne) -> 11907A (Ground station): Command
AVLC type: I sseq: 2 rseq: 4 poll: 0
 ACARS:
  Reassembly: skipped
  Reg: .EC-MAN Flight: VY09MZ
  Mode: 2 Label: H1 Blk id: 5 More: 0 Ack: ! Msg num: C49A
  Sublabel: CF
  Message:
   FLR/FR25041922020030310005SDAC1:NO DATA FROM  PHC2/IDECAM 2  

[2025-04-20 00:03:51 CEST] [136.775] [-9.2/-31.0 dBFS] [21.9 dB] [1.3 ppm]
4D2302 (Aircraft, Airborne) -> 11FA7A (Ground station): Command
AVLC type: I sseq: 4 rseq: 4 poll: 0
 X.25 Data: grp: 11 chan: 254 sseq: 1 rseq: 1 more: 0
  X.25 reasm status: skipped
  X.233 CLNP Data (compressed header):
   LRef: 0x42 Prio: 11 Flags: 0xc0
   Lifetime: 50.0 sec
   PDU Id: 0x22e4
   X.224 COTP Data Ack:
    dst_ref: 0x923b
    rseq: 3 credit: 2
    Checksum: 1c e2

[2025-04-20 00:03:52 CEST] [136.775] [-9.2/-31.2 dBFS] [22.0 dB] [1.1 ppm]
4D2302 (Aircraft, Airborne) -> 11FA7A (Ground station): Command
AVLC type: I sseq: 5 rseq: 4 poll: 0
 X.25 Data: grp: 11 chan: 254 sseq: 2 rseq: 1 more: 0
  X.25 reasm status: skipped
  X.233 CLNP Data (compressed header):
   LRef: 0x42 Prio: 11 Flags: 0xc0
   Lifetime: 50.0 sec
   PDU Id: 0x22e5
   X.224 COTP Data:
    dst_ref: 0x923b
    sseq: 2 req_of_ack: 0 EoT: 1
    COTP reasm status: skipped
    Checksum: e6 a6
    CPDLC Downlink Message:
     Header:
      Msg ID: 2
      Msg Ref: 3
      Timestamp: 2025-04-19 22:03:50
      Logical ACK: notRequired
     Message data:
      LOGICAL ACKNOWLEDGMENT

[2025-04-20 00:03:55 CEST] [136.775] [-11.3/-31.0 dBFS] [19.7 dB] [1.2 ppm]
4D2302 (Aircraft, Airborne) -> 11FA7A (Ground station): Command
AVLC type: I sseq: 4 rseq: 4 poll: 0
 X.25 Data: grp: 11 chan: 254 sseq: 1 rseq: 1 more: 0
  X.25 reasm status: skipped
  X.233 CLNP Data (compressed header):
   LRef: 0x42 Prio: 11 Flags: 0xc0
   Lifetime: 50.0 sec
   PDU Id: 0x22e4
   X.224 COTP Data Ack:
    dst_ref: 0x923b
    rseq: 3 credit: 2
    Checksum: 1c e2

[2025-04-20 00:03:56 CEST] [136.775] [-11.4/-30.6 dBFS] [19.3 dB] [1.3 ppm]
4D2302 (Aircraft, Airborne) -> 11FA7A (Ground station): Command
AVLC type: I sseq: 5 rseq: 4 poll: 0
 X.25 Data: grp: 11 chan: 254 sseq: 2 rseq: 1 more: 0
  X.25 reasm status: skipped
  X.233 CLNP Data (compressed header):
   LRef: 0x42 Prio: 11 Flags: 0xc0
   Lifetime: 50.0 sec
   PDU Id: 0x22e5
   X.224 COTP Data:
    dst_ref: 0x923b
    sseq: 2 req_of_ack: 0 EoT: 1
    COTP reasm status: skipped
    Checksum: e6 a6
    CPDLC Downlink Message:
     Header:
      Msg ID: 2
      Msg Ref: 3
      Timestamp: 2025-04-19 22:03:50
      Logical ACK: notRequired
     Message data:
      LOGICAL ACKNOWLEDGMENT

[2025-04-20 00:03:59 CEST] [136.675] [-10.5/-31.5 dBFS] [20.9 dB] [4.2 ppm]
406135 (Aircraft, Airborne) -> 11907A (Ground station): Command
AVLC type: I sseq: 3 rseq: 4 poll: 0
 X.25 Data: grp: 11 chan: 255 sseq: 1 rseq: 2 more: 0
  X.25 reasm status: skipped
  X.233 CLNP Data (compressed header):
   LRef: 0x0 Prio: 11 Flags: 0xf6
   Lifetime: 20.0 sec
   PDU Id: 0x407
   X.224 COTP Data Ack:
    dst_ref: 0x922e
    rseq: 2 credit: 2
    Flow control:
     Acked TPDU nr: 2
     Acked subsequence: 0
     Acked credit: 15
    ATN checksum: 1c 9b e1 39

[2025-04-20 00:04:01 CEST] [136.975] [-12.8/-31.3 dBFS] [18.5 dB] [0.1 ppm]
4951CC (Aircraft, Airborne) -> 109C2A (Ground station): Command
AVLC type: I sseq: 6 rseq: 5 poll: 0
 X.25 Data: grp: 11 chan: 255 sseq: 5 rseq: 5 more: 0
  X.25 reasm status: skipped
  X.233 CLNP Data (compressed header):
   LRef: 0x46 Prio: 11 Flags: 0xf6
   Lifetime: 20.0 sec
   PDU Id: 0x228
   X.224 COTP Connect Confirm:
    src_ref: 0x0047 dst_ref: 0x8360
    Initial Credit: 1
    Protocol class: 4
    Options: 00 (use normal PDU formats)
    TPDU size (bytes): 1024
    Called/responding transport selector: 16
    Calling transport selector: 70 6d
    Priority: 3
    Ack time (ms): 1000
    Inactivity timer (ms): 360000
    Additional options: 0x00
    ATN checksum: 32 1c bb 4e
    X.225 Session SPDU: Short Accept
     X.227 ACSE Associate Response:
      Application context name: { 1.3.27.3.1 }
      Associate result: accept
      ATCDownlinkMessage: <empty PDU>

[2025-04-20 00:04:04 CEST] [136.775] [-12.4/-31.3 dBFS] [19.0 dB] [1.2 ppm]
4D2302 (Aircraft, Airborne) -> 11FA7A (Ground station): Command
AVLC type: I sseq: 7 rseq: 7 poll: 0
 X.25 Data: grp: 11 chan: 254 sseq: 4 rseq: 4 more: 0
  X.25 reasm status: skipped
  X.233 CLNP Data (compressed header):
   LRef: 0x42 Prio: 11 Flags: 0xc0
   Lifetime: 50.0 sec
   PDU Id: 0x22e7
   X.224 COTP Data Ack:
    dst_ref: 0x923b
    rseq: 4 credit: 3
    Checksum: 11 eb

[2025-04-20 00:04:09 CEST] [136.975] [-7.6/-31.5 dBFS] [23.9 dB] [3.1 ppm]
02A1A5 (Aircraft, Airborne) -> 266677 (Ground station): Command
AVLC type: I sseq: 7 rseq: 0 poll: 0
 X.25 Data: grp: 11 chan: 255 sseq: 2 rseq: 0 more: 0
  X.25 reasm status: skipped
  X.233 CLNP Data (compressed header):
   LRef: 0x41 Prio: 11 Flags: 0xf6
   Lifetime: 20.0 sec
   PDU Id: 0x1da
   X.224 COTP Data Ack:
    dst_ref: 0x924b
    rseq: 4 credit: 3
    Flow control:
     Acked TPDU nr: 4
     Acked subsequence: 0
     Acked credit: 15
    ATN checksum: cf 22 4f 13

[2025-04-20 00:04:12 CEST] [136.975] [-8.5/-31.7 dBFS] [23.1 dB] [3.2 ppm]
02A1A5 (Aircraft, Airborne) -> 266677 (Ground station): Command
AVLC type: I sseq: 7 rseq: 0 poll: 0
 X.25 Data: grp: 11 chan: 255 sseq: 2 rseq: 0 more: 0
  X.25 reasm status: skipped
  X.233 CLNP Data (compressed header):
   LRef: 0x41 Prio: 11 Flags: 0xf6
   Lifetime: 20.0 sec
   PDU Id: 0x1da
   X.224 COTP Data Ack:
    dst_ref: 0x924b
    rseq: 4 credit: 3
    Flow control:
     Acked TPDU nr: 4
     Acked subsequence: 0
     Acked credit: 15
    ATN checksum: cf 22 4f 13

[2025-04-20 00:04:14 CEST] [136.675] [-13.0/-32.0 dBFS] [18.9 dB] [2.2 ppm]
4D253B (Aircraft, Airborne) -> 11907A (Ground station): Command
AVLC type: I sseq: 2 rseq: 6 poll: 0
 X.25 Data: grp: 11 chan: 255 sseq: 4 rseq: 0 more: 0
  X.25 reasm status: skipped
  X.233 CLNP Data (compressed header):
   LRef: 0x42 Prio: 11 Flags: 0xf6
   Lifetime: 20.0 sec
   PDU Id: 0x42
   X.224 COTP Data Ack:
    dst_ref: 0x9244
    rseq: 4 credit: 3
    Flow control:
     Acked TPDU nr: 4
     Acked subsequence: 0
     Acked credit: 15
    ATN checksum: 0d d8 99 76

[2025-04-20 00:04:15 CEST] [136.975] [-8.8/-31.3 dBFS] [22.5 dB] [3.3 ppm]
02A1A5 (Aircraft, Airborne) -> 266677 (Ground station): Command
AVLC type: I sseq: 7 rseq: 0 poll: 0
 X.25 Data: grp: 11 chan: 255 sseq: 2 rseq: 0 more: 0
  X.25 reasm status: skipped
  X.233 CLNP Data (compressed header):
   LRef: 0x41 Prio: 11 Flags: 0xf6
   Lifetime: 20.0 sec
   PDU Id: 0x1da
   X.224 COTP Data Ack:
    dst_ref: 0x924b
    rseq: 4 credit: 3
    Flow control:
     Acked TPDU nr: 4
     Acked subsequence: 0
     Acked credit: 15
    ATN checksum: cf 22 4f 13

[2025-04-20 00:04:36 CEST] [136.675] [-12.3/-31.5 dBFS] [19.3 dB] [2.8 ppm]
3455D8 (Aircraft, Airborne) -> 11907A (Ground station): Command
AVLC type: I sseq: 0 rseq: 5 poll: 0
 ACARS:
  Reassembly: skipped
  Reg: .EC-MTD Flight: V72679
  Mode: 2 Label: H1 Blk id: 4 More: 0 Ack: ! Msg num: C30A
  Sublabel: CF
  Message:
   WRN/WN25041922040028000006FUEL L OUTER XFR OPEN

[2025-04-20 00:05:12 CEST] [136.775] [-11.9/-31.0 dBFS] [19.1 dB] [1.0 ppm]
4D2302 (Aircraft, Airborne) -> 11FA7A (Ground station): Command
AVLC type: I sseq: 1 rseq: 0 poll: 0
 ACARS:
  Reassembly: skipped
  Reg: .9H-VUD Flight: FR168Z
  Mode: 2 Label: 16 Blk id: 9 More: 0 Ack: ! Msg num: M35A
  Message:
   220510,38003,0012, 151,N 43.611 E  7.417

[2025-04-20 00:05:16 CEST] [136.775] [-11.4/-31.0 dBFS] [19.6 dB] [0.9 ppm]
4D2302 (Aircraft, Airborne) -> 11FA7A (Ground station): Command
AVLC type: I sseq: 1 rseq: 0 poll: 0
 ACARS:
  Reassembly: skipped
  Reg: .9H-VUD Flight: FR168Z
  Mode: 2 Label: 16 Blk id: 9 More: 0 Ack: ! Msg num: M35A
  Message:
   220510,38003,0012, 151,N 43.611 E  7.417

[2025-04-20 00:05:29 CEST] [136.975] [-12.3/-31.5 dBFS] [19.2 dB] [4.2 ppm]
407573 (Aircraft, Airborne) -> 10985A (Ground station): Command
AVLC type: I sseq: 4 rseq: 7 poll: 0
 X.25 Data: grp: 11 chan: 255 sseq: 2 rseq: 5 more: 0
  X.25 reasm status: skipped
  X.233 CLNP Data (compressed header):
   LRef: 0x41 Prio: 11 Flags: 0xf6
   Lifetime: 20.0 sec
   PDU Id: 0x341
   X.224 COTP Data Ack:
    dst_ref: 0x9249
    rseq: 4 credit: 3
    Flow control:
     Acked TPDU nr: 4
     Acked subsequence: 0
     Acked credit: 15
    ATN checksum: fe fd 58 0b

[2025-04-20 00:05:31 CEST] [136.675] [-11.7/-31.5 dBFS] [19.8 dB] [3.9 ppm]
406135 (Aircraft, Airborne) -> 11907A (Ground station): Command
AVLC type: I sseq: 5 rseq: 6 poll: 0
 X.25 Data: grp: 11 chan: 255 sseq: 3 rseq: 4 more: 0
  X.25 reasm status: skipped
  X.233 CLNP Data (compressed header):
   LRef: 0x0 Prio: 11 Flags: 0xf6
   Lifetime: 20.0 sec
   PDU Id: 0x409
   X.224 COTP Data Ack:
    dst_ref: 0x922e
    rseq: 2 credit: 2
    Flow control:
     Acked TPDU nr: 2
     Acked subsequence: 0
     Acked credit: 15
    ATN checksum: 1c 9b e1 39

[2025-04-20 00:05:36 CEST] [136.775] [-11.2/-31.0 dBFS] [19.9 dB] [0.8 ppm]
4D2302 (Aircraft, Airborne) -> 11FA7A (Ground station): Command
AVLC type: I sseq: 2 rseq: 2 poll: 0
 X.25 Data: grp: 11 chan: 254 sseq: 6 rseq: 6 more: 0
  X.25 reasm status: skipped
  X.233 CLNP Data (compressed header):
   LRef: 0x42 Prio: 11 Flags: 0xc0
   Lifetime: 50.0 sec
   PDU Id: 0x22e9
   X.224 COTP Data Ack:
    dst_ref: 0x923b
    rseq: 4 credit: 3
    Checksum: 0c 3f
    Flow control:
     Acked TPDU nr: 4
     Acked subsequence: 0
     Acked credit: 15

[2025-04-20 00:05:41 CEST] [136.975] [-4.2/-31.2 dBFS] [27.0 dB] [3.3 ppm]
02A1A5 (Aircraft, Airborne) -> 266677 (Ground station): Command
AVLC type: I sseq: 0 rseq: 2 poll: 0
 X.25 Data: grp: 11 chan: 255 sseq: 3 rseq: 1 more: 0
  X.25 reasm status: skipped
  X.233 CLNP Data (compressed header):
   LRef: 0x41 Prio: 11 Flags: 0xf6
   Lifetime: 20.0 sec
   PDU Id: 0x1db
   X.224 COTP Data Ack:
    dst_ref: 0x924b
    rseq: 4 credit: 3
    Flow control:
     Acked TPDU nr: 4
     Acked subsequence: 0
     Acked credit: 15
    ATN checksum: cf 22 4f 13

[2025-04-20 00:06:36 CEST] [136.675] [-11.4/-31.6 dBFS] [20.2 dB] [3.2 ppm]
40772E (Aircraft, Airborne) -> 11907A (Ground station): Command
AVLC type: I sseq: 6 rseq: 7 poll: 0
 X.25 Data: grp: 11 chan: 255 sseq: 4 rseq: 5 more: 0
  X.25 reasm status: skipped
  X.233 CLNP Data (compressed header):
   LRef: 0x41 Prio: 11 Flags: 0xf6
   Lifetime: 20.0 sec
   PDU Id: 0x24e
   X.224 COTP Data Ack:
    dst_ref: 0x9236
    rseq: 2 credit: 2
    Flow control:
     Acked TPDU nr: 2
     Acked subsequence: 0
     Acked credit: 15
    ATN checksum: b8 ca d9 5e

[2025-04-20 00:07:03 CEST] [136.675] [-13.0/-31.9 dBFS] [18.9 dB] [3.7 ppm]
406135 (Aircraft, Airborne) -> 11907A (Ground station): Command
AVLC type: I sseq: 1 rseq: 1 poll: 0
 X.25 Data: grp: 11 chan: 255 sseq: 4 rseq: 5 more: 0
  X.25 reasm status: skipped
  X.233 CLNP Data (compressed header):
   LRef: 0x0 Prio: 11 Flags: 0xf6
   Lifetime: 20.0 sec
   PDU Id: 0x40a
   X.224 COTP Data Ack:
    dst_ref: 0x922e
    rseq: 2 credit: 2
    Flow control:
     Acked TPDU nr: 2
     Acked subsequence: 0
     Acked credit: 15
    ATN checksum: 1c 9b e1 39

[2025-04-20 00:07:13 CEST] [136.975] [-7.5/-31.1 dBFS] [23.6 dB] [3.2 ppm]
02A1A5 (Aircraft, Airborne) -> 266677 (Ground station): Command
AVLC type: I sseq: 2 rseq: 4 poll: 0
 X.25 Data: grp: 11 chan: 255 sseq: 5 rseq: 2 more: 0
  X.25 reasm status: skipped
  X.233 CLNP Data (compressed header):
   LRef: 0x41 Prio: 11 Flags: 0xf6
   Lifetime: 20.0 sec
   PDU Id: 0x1dd
   X.224 COTP Data Ack:
    dst_ref: 0x924b
    rseq: 4 credit: 3
    Flow control:
     Acked TPDU nr: 4
     Acked subsequence: 0
     Acked credit: 15
    ATN checksum: cf 22 4f 13

[2025-04-20 00:07:29 CEST] [136.675] [-12.9/-31.2 dBFS] [18.3 dB] [4.0 ppm]
407573 (Aircraft, Airborne) -> 11907A (Ground station): Command
AVLC type: U (XID) P/F: 1
 XID: Handoff Initiation
  Public params:
   Parameter set ID: 8885:1993
   Procedure classes: 00 01
   HDLC options: 20 a4 80
  VDL params:
   Parameter set ID: V
   Connection management: 01
   XID sequencing: seq: 2 retry: 0
   AVLC specific options: 25
   Destination airport: EGGD
   Aircraft location: 43.8N 7.1E 36000 ft

[2025-04-20 00:08:08 CEST] [136.675] [-11.0/-31.5 dBFS] [20.5 dB] [2.9 ppm]
40772E (Aircraft, Airborne) -> 11907A (Ground station): Command
AVLC type: I sseq: 7 rseq: 0 poll: 0
 X.25 Data: grp: 11 chan: 255 sseq: 5 rseq: 6 more: 0
  X.25 reasm status: skipped
  X.233 CLNP Data (compressed header):
   LRef: 0x41 Prio: 11 Flags: 0xf6
   Lifetime: 20.0 sec
   PDU Id: 0x24f
   X.224 COTP Data Ack:
    dst_ref: 0x9236
    rseq: 2 credit: 2
    Flow control:
     Acked TPDU nr: 2
     Acked subsequence: 0
     Acked credit: 15
    ATN checksum: b8 ca d9 5e

[2025-04-20 00:08:33 CEST] [136.675] [-13.0/-31.8 dBFS] [18.8 dB] [3.9 ppm]
407573 (Aircraft, Airborne) -> 11907A (Ground station): Command
AVLC type: I sseq: 2 rseq: 3 poll: 0
 X.25 Data: grp: 11 chan: 255 sseq: 0 rseq: 1 more: 0
  X.25 reasm status: skipped
  X.233 CLNP Data (compressed header):
   LRef: 0x41 Prio: 11 Flags: 0xf6
   Lifetime: 20.0 sec
   PDU Id: 0x344
   X.224 COTP Data Ack:
    dst_ref: 0x9249
    rseq: 4 credit: 3
    Flow control:
     Acked TPDU nr: 4
     Acked subsequence: 0
     Acked credit: 15
    ATN checksum: fe fd 58 0b

[2025-04-20 00:08:35 CEST] [136.675] [-12.7/-31.9 dBFS] [19.1 dB] [3.5 ppm]
406135 (Aircraft, Airborne) -> 11907A (Ground station): Command
AVLC type: I sseq: 2 rseq: 2 poll: 0
 X.25 Data: grp: 11 chan: 255 sseq: 5 rseq: 6 more: 0
  X.25 reasm status: skipped
  X.233 CLNP Data (compressed header):
   LRef: 0x0 Prio: 11 Flags: 0xf6
   Lifetime: 20.0 sec
   PDU Id: 0x40b
   X.224 COTP Data Ack:
    dst_ref: 0x922e
    rseq: 2 credit: 2
    Flow control:
     Acked TPDU nr: 2
     Acked subsequence: 0
     Acked credit: 15
    ATN checksum: 1c 9b e1 39

[2025-04-20 00:08:39 CEST] [136.775] [-10.2/-31.0 dBFS] [20.8 dB] [0.7 ppm]
4D2302 (Aircraft, Airborne) -> 11FA7A (Ground station): Command
AVLC type: I sseq: 4 rseq: 4 poll: 0
 X.25 Data: grp: 11 chan: 254 sseq: 0 rseq: 0 more: 0
  X.25 reasm status: skipped
  X.233 CLNP Data (compressed header):
   LRef: 0x42 Prio: 11 Flags: 0xc0
   Lifetime: 50.0 sec
   PDU Id: 0x22eb
   X.224 COTP Data Ack:
    dst_ref: 0x923b
    rseq: 4 credit: 3
    Checksum: 0c 3f
    Flow control:
     Acked TPDU nr: 4
     Acked subsequence: 0
     Acked credit: 15

[2025-04-20 00:08:42 CEST] [136.675] [-12.4/-31.8 dBFS] [19.4 dB] [1.1 ppm]
3444CC (Aircraft, Airborne) -> 11907A (Ground station): Command
AVLC type: I sseq: 1 rseq: 2 poll: 0
 ACARS:
  Reassembly: skipped
  Reg: .EC-MAN Flight: VY09MZ
  Mode: 2 Label: 16 Blk id: 6 More: 0 Ack: ! Msg num: M16A
  Message:
   220836,16761,2259, 100,N 43.065 E  5.169, 597

[2025-04-20 00:08:44 CEST] [136.675] [-11.1/-31.9 dBFS] [20.8 dB] [1.0 ppm]
3444CC (Aircraft, Airborne) -> 11907A (Ground station): Command
AVLC type: I sseq: 3 rseq: 5 poll: 0
 X.25 Data: grp: 11 chan: 255 sseq: 3 rseq: 7 more: 0
  X.25 reasm status: skipped
  X.233 CLNP Data (compressed header):
   LRef: 0x42 Prio: 11 Flags: 0xf6
   Lifetime: 20.0 sec
   PDU Id: 0x2c4
   X.224 COTP Data:
    dst_ref: 0x925c
    sseq: 0 req_of_ack: 0 EoT: 1
    COTP reasm status: skipped
    ATN checksum: 01 c8 f8 e0
    CPDLC Downlink Message:
     Header:
      Msg ID: 0
      Timestamp: 2025-04-19 22:08:43
      Logical ACK: required
     Message data:
      CURRENT DATA AUTHORITY

[2025-04-20 00:08:45 CEST] [136.975] [-6.6/-31.1 dBFS] [24.5 dB] [2.8 ppm]
02A1A5 (Aircraft, Airborne) -> 26CA77 (Ground station): Command
AVLC type: U (XID) P/F: 1
 XID: Handoff Initiation
  Public params:
   Parameter set ID: 8885:1993
   Procedure classes: 00 01
   HDLC options: 20 a4 80
  VDL params:
   Parameter set ID: V
   Connection management: 01
   XID sequencing: seq: 2 retry: 0
   AVLC specific options: 25
   Destination airport: DTTJ
   Aircraft location: 43.8N 5.9E 35000 ft

[2025-04-20 00:08:45 CEST] [136.975] [-6.6/-31.1 dBFS] [24.5 dB] [2.8 ppm]
02A1A5 (Aircraft, Airborne) -> 266677 (Ground station): Command
AVLC type: I sseq: 4 rseq: 6 poll: 0
 X.25 Data: grp: 11 chan: 255 sseq: 6 rseq: 4 more: 0
  X.25 reasm status: skipped
  X.233 CLNP Data (compressed header):
   LRef: 0x41 Prio: 11 Flags: 0xf6
   Lifetime: 20.0 sec
   PDU Id: 0x1de
   X.224 COTP Data Ack:
    dst_ref: 0x924b
    rseq: 4 credit: 3
    Flow control:
     Acked TPDU nr: 4
     Acked subsequence: 0
     Acked credit: 15
    ATN checksum: cf 22 4f 13

[2025-04-20 00:08:45 CEST] [136.675] [-13.7/-31.6 dBFS] [18.0 dB] [0.9 ppm]
3444CC (Aircraft, Airborne) -> 11907A (Ground station): Command
AVLC type: I sseq: 4 rseq: 7 poll: 0
 X.25 Data: grp: 11 chan: 255 sseq: 4 rseq: 1 more: 0
  X.25 reasm status: skipped
  X.233 CLNP Data (compressed header):
   LRef: 0x42 Prio: 11 Flags: 0xf6
   Lifetime: 20.0 sec
   PDU Id: 0x2c5
   X.224 COTP Data Ack:
    dst_ref: 0x925c
    rseq: 1 credit: 2
    ATN checksum: 3a 7f 37 05

[2025-04-20 00:08:46 CEST] [136.675] [-12.0/-31.4 dBFS] [19.4 dB] [1.0 ppm]
3444CC (Aircraft, Airborne) -> 11907A (Ground station): Command
AVLC type: I sseq: 5 rseq: 0 poll: 0
 X.25 Data: grp: 11 chan: 255 sseq: 5 rseq: 2 more: 0
  X.25 reasm status: skipped
  X.233 CLNP Data (compressed header):
   LRef: 0x42 Prio: 11 Flags: 0xf6
   Lifetime: 20.0 sec
   PDU Id: 0x2c6
   X.224 COTP Data Ack:
    dst_ref: 0x925c
    rseq: 2 credit: 2
    ATN checksum: 8f 4c 69 af
   X.224 COTP Data:
    dst_ref: 0x925c
    sseq: 1 req_of_ack: 0 EoT: 1
    COTP reasm status: skipped
    ATN checksum: a3 61 2c e1
    CPDLC Downlink Message:
     Header:
      Msg ID: 1
      Msg Ref: 2
      Timestamp: 2025-04-19 22:08:46
      Logical ACK: notRequired
     Message data:
      LOGICAL ACKNOWLEDGMENT

[2025-04-20 00:08:48 CEST] [136.975] [-4.4/-31.5 dBFS] [27.1 dB] [2.9 ppm]
02A1A5 (Aircraft, Airborne) -> 266677 (Ground station): Command
AVLC type: I sseq: 4 rseq: 6 poll: 0
 X.25 Data: grp: 11 chan: 255 sseq: 6 rseq: 4 more: 0
  X.25 reasm status: skipped
  X.233 CLNP Data (compressed header):
   LRef: 0x41 Prio: 11 Flags: 0xf6
   Lifetime: 20.0 sec
   PDU Id: 0x1de
   X.224 COTP Data Ack:
    dst_ref: 0x924b
    rseq: 4 credit: 3
    Flow control:
     Acked TPDU nr: 4
     Acked subsequence: 0
     Acked credit: 15
    ATN checksum: cf 22 4f 13

[2025-04-20 00:08:53 CEST] [136.975] [-4.3/-31.5 dBFS] [27.2 dB] [3.1 ppm]
02A1A5 (Aircraft, Airborne) -> 266677 (Ground station): Command
AVLC type: I sseq: 4 rseq: 6 poll: 0
 X.25 Data: grp: 11 chan: 255 sseq: 6 rseq: 4 more: 0
  X.25 reasm status: skipped
  X.233 CLNP Data (compressed header):
   LRef: 0x41 Prio: 11 Flags: 0xf6
   Lifetime: 20.0 sec
   PDU Id: 0x1de
   X.224 COTP Data Ack:
    dst_ref: 0x924b
    rseq: 4 credit: 3
    Flow control:
     Acked TPDU nr: 4
     Acked subsequence: 0
     Acked credit: 15
    ATN checksum: cf 22 4f 13

[2025-04-20 00:08:53 CEST] [136.975] [-4.3/-31.5 dBFS] [27.2 dB] [3.1 ppm]
02A1A5 (Aircraft, Airborne) -> 26CA77 (Ground station): Command
AVLC type: U (XID) P/F: 1
 XID: Handoff Initiation
  Public params:
   Parameter set ID: 8885:1993
   Procedure classes: 00 01
   HDLC options: 20 a4 80
  VDL params:
   Parameter set ID: V
   Connection management: 01
   XID sequencing: seq: 2 retry: 1
   AVLC specific options: 25
   Destination airport: DTTJ
   Aircraft location: 43.8N 5.9E 35000 ft

[2025-04-20 00:09:09 CEST] [136.975] [-1.3/-31.3 dBFS] [30.0 dB] [2.7 ppm]
02A1A5 (Aircraft, Airborne) -> 26CA77 (Ground station): Command
AVLC type: I sseq: 2 rseq: 3 poll: 0
 X.25 Data: grp: 11 chan: 255 sseq: 0 rseq: 1 more: 0
  X.25 reasm status: skipped
  X.233 CLNP Data (compressed header):
   LRef: 0x41 Prio: 11 Flags: 0xf6
   Lifetime: 20.0 sec
   PDU Id: 0x1df
   X.224 COTP Data Ack:
    dst_ref: 0x924b
    rseq: 5 credit: 3
    ATN checksum: f2 ad 99 ca
   X.224 COTP Data:
    dst_ref: 0x924b
    sseq: 4 req_of_ack: 0 EoT: 1
    COTP reasm status: skipped
    ATN checksum: 84 f5 9d 6f
    CPDLC Downlink Message:
     Header:
      Msg ID: 4
      Msg Ref: 5
      Timestamp: 2025-04-19 22:09:09
      Logical ACK: notRequired
     Message data:
      LOGICAL ACKNOWLEDGMENT

[2025-04-20 00:09:14 CEST] [136.975] [-1.2/-31.1 dBFS] [29.9 dB] [2.9 ppm]
02A1A5 (Aircraft, Airborne) -> 26CA77 (Ground station): Command
AVLC type: I sseq: 3 rseq: 4 poll: 0
 X.25 Data: grp: 11 chan: 255 sseq: 1 rseq: 2 more: 0
  X.25 reasm status: skipped
  X.233 CLNP Data (compressed header):
   LRef: 0x41 Prio: 11 Flags: 0xf6
   Lifetime: 20.0 sec
   PDU Id: 0x1e0
   X.224 COTP Data:
    dst_ref: 0x924b
    sseq: 5 req_of_ack: 0 EoT: 1
    COTP reasm status: skipped
    ATN checksum: 05 4e 82 94
    CPDLC Downlink Message:
     Header:
      Msg ID: 5
      Msg Ref: 5
      Timestamp: 2025-04-19 22:09:13
      Logical ACK: required
     Message data:
      WILCO

[2025-04-20 00:09:16 CEST] [136.975] [-0.5/-31.5 dBFS] [31.0 dB] [2.8 ppm]
02A1A5 (Aircraft, Airborne) -> 26CA77 (Ground station): Command
AVLC type: I sseq: 5 rseq: 6 poll: 0
 X.25 Data: grp: 11 chan: 255 sseq: 2 rseq: 4 more: 0
  X.25 reasm status: skipped
  X.233 CLNP Data (compressed header):
   LRef: 0x41 Prio: 11 Flags: 0xf6
   Lifetime: 20.0 sec
   PDU Id: 0x1e1
   X.224 COTP Data Ack:
    dst_ref: 0x924b
    rseq: 6 credit: 3
    ATN checksum: 48 7a cb 75

[2025-04-20 00:09:25 CEST] [136.675] [-9.4/-31.7 dBFS] [22.3 dB] [2.4 ppm]
4D2509 (Aircraft, Airborne) -> 11907A (Ground station): Command
AVLC type: I sseq: 3 rseq: 5 poll: 0
 X.25 Data: grp: 11 chan: 255 sseq: 5 rseq: 7 more: 0
  X.25 reasm status: skipped
  X.233 CLNP Data (compressed header):
   LRef: 0x42 Prio: 11 Flags: 0xf6
   Lifetime: 20.0 sec
   PDU Id: 0x3b
   X.224 COTP Data Ack:
    dst_ref: 0x9248
    rseq: 2 credit: 2
    Flow control:
     Acked TPDU nr: 2
     Acked subsequence: 0
     Acked credit: 15
    ATN checksum: 8b 17 5f 27

[2025-04-20 00:09:31 CEST] [136.675] [-14.0/-31.1 dBFS] [17.2 dB] [1.5 ppm]
4D253B (Aircraft, Airborne) -> 11907A (Ground station): Command
AVLC type: I sseq: 1 rseq: 7 poll: 0
 X.25 Data: grp: 11 chan: 255 sseq: 3 rseq: 1 more: 0
  X.25 reasm status: skipped
  X.233 CLNP Data (compressed header):
   LRef: 0x43 Prio: 11 Flags: 0xf6
   Lifetime: 20.0 sec
   PDU Id: 0x49
   X.224 COTP Data Ack:
    dst_ref: 0x8361
    rseq: 0 credit: 1
    ATN checksum: c2 71 40 35

[2025-04-20 00:09:31 CEST] [136.675] [-13.8/-31.2 dBFS] [17.4 dB] [1.3 ppm]
4D253B (Aircraft, Airborne) -> 11907A (Ground station): Command
AVLC type: I sseq: 2 rseq: 0 poll: 0
 X.25 Data: grp: 11 chan: 255 sseq: 4 rseq: 2 more: 0
  X.25 reasm status: skipped
  X.233 CLNP Data (compressed header):
   LRef: 0x43 Prio: 11 Flags: 0xf6
   Lifetime: 20.0 sec
   PDU Id: 0x4a
   X.224 COTP Data Ack:
    dst_ref: 0x8361
    rseq: 0 credit: 1
    Flow control:
     Acked TPDU nr: 0
     Acked subsequence: 0
     Acked credit: 1
    ATN checksum: 4f ed 54 78

[2025-04-20 00:09:40 CEST] [136.675] [-12.2/-31.7 dBFS] [19.5 dB] [2.9 ppm]
40772E (Aircraft, Airborne) -> 11907A (Ground station): Command
AVLC type: I sseq: 1 rseq: 2 poll: 0
 X.25 Data: grp: 11 chan: 255 sseq: 7 rseq: 0 more: 0
  X.25 reasm status: skipped
  X.233 CLNP Data (compressed header):
   LRef: 0x41 Prio: 11 Flags: 0xf6
   Lifetime: 20.0 sec
   PDU Id: 0x251
   X.224 COTP Data Ack:
    dst_ref: 0x9236
    rseq: 2 credit: 2
    Flow control:
     Acked TPDU nr: 2
     Acked subsequence: 0
     Acked credit: 15
    ATN checksum: b8 ca d9 5e

[2025-04-20 00:09:52 CEST] [136.975] [-13.1/-31.2 dBFS] [18.1 dB] [2.8 ppm]
406539 (Aircraft, Airborne) -> 10F60B (Ground station): Command
AVLC type: I sseq: 7 rseq: 0 poll: 0
 X.25 Data: grp: 11 chan: 255 sseq: 5 rseq: 6 more: 0
  X.25 reasm status: skipped
  X.233 CLNP Data (compressed header):
   LRef: 0x41 Prio: 11 Flags: 0xf6
   Lifetime: 20.0 sec
   PDU Id: 0x22b
   X.224 COTP Data Ack:
    dst_ref: 0x923e
    rseq: 2 credit: 2
    Flow control:
     Acked TPDU nr: 2
     Acked subsequence: 0
     Acked credit: 15
    ATN checksum: 3e 04 4a 2e

[2025-04-20 00:09:53 CEST] [136.775] [-7.5/-31.0 dBFS] [23.5 dB] [3.2 ppm]
471F86 (Aircraft, Airborne) -> 210DC5 (Ground station): Command
AVLC type: I sseq: 2 rseq: 4 poll: 0
 ACARS:
  Reassembly: skipped
  Reg: .HA-LYK Flight: W606ZY
  Mode: 2 Label: H1 Blk id: 8 More: 0 Ack: ! Msg num: C07A
  Sublabel: CF
  Message:
   FLR/FR25041922080026120006CHECK ENG2 FIRE LOOP A/IDFDU 2  

[2025-04-20 00:09:58 CEST] [136.975] [-12.6/-31.4 dBFS] [18.9 dB] [2.6 ppm]
406539 (Aircraft, Airborne) -> 10F60B (Ground station): Command
AVLC type: I sseq: 7 rseq: 0 poll: 0
 X.25 Data: grp: 11 chan: 255 sseq: 5 rseq: 6 more: 0
  X.25 reasm status: skipped
  X.233 CLNP Data (compressed header):
   LRef: 0x41 Prio: 11 Flags: 0xf6
   Lifetime: 20.0 sec
   PDU Id: 0x22b
   X.224 COTP Data Ack:
    dst_ref: 0x923e
    rseq: 2 credit: 2
    Flow control:
     Acked TPDU nr: 2
     Acked subsequence: 0
     Acked credit: 15
    ATN checksum: 3e 04 4a 2e

[2025-04-20 00:10:05 CEST] [136.675] [-12.2/-33.6 dBFS] [21.4 dB] [3.9 ppm]
407573 (Aircraft, Airborne) -> 11907A (Ground station): Command
AVLC type: I sseq: 3 rseq: 4 poll: 0
 X.25 Data: grp: 11 chan: 255 sseq: 1 rseq: 2 more: 0
  X.25 reasm status: skipped
  X.233 CLNP Data (compressed header):
   LRef: 0x41 Prio: 11 Flags: 0xf6
   Lifetime: 20.0 sec
   PDU Id: 0x345
   X.224 COTP Data Ack:
    dst_ref: 0x9249
    rseq: 4 credit: 3
    Flow control:
     Acked TPDU nr: 4
     Acked subsequence: 0
     Acked credit: 15
    ATN checksum: fe fd 58 0b

[2025-04-20 00:10:07 CEST] [136.675] [-10.0/-33.2 dBFS] [23.2 dB] [3.5 ppm]
406135 (Aircraft, Airborne) -> 11907A (Ground station): Command
AVLC type: I sseq: 4 rseq: 4 poll: 0
 X.25 Data: grp: 11 chan: 255 sseq: 7 rseq: 0 more: 0
  X.25 reasm status: skipped
  X.233 CLNP Data (compressed header):
   LRef: 0x0 Prio: 11 Flags: 0xf6
   Lifetime: 20.0 sec
   PDU Id: 0x40d
   X.224 COTP Data Ack:
    dst_ref: 0x922e
    rseq: 2 credit: 2
    Flow control:
     Acked TPDU nr: 2
     Acked subsequence: 0
     Acked credit: 15
    ATN checksum: 1c 9b e1 39

[2025-04-20 00:10:11 CEST] [136.975] [-9.4/-32.6 dBFS] [23.2 dB] [2.8 ppm]
406539 (Aircraft, Airborne) -> 10F68A (Ground station): Command
AVLC type: I sseq: 3 rseq: 4 poll: 0
 X.25 Data: grp: 11 chan: 255 sseq: 1 rseq: 2 more: 0
  X.25 reasm status: skipped
  X.233 CLNP Data (compressed header):
   LRef: 0x41 Prio: 11 Flags: 0xf6
   Lifetime: 20.0 sec
   PDU Id: 0x22d
   X.224 COTP Data Ack:
    dst_ref: 0x923e
    rseq: 3 credit: 2
    ATN checksum: 0c 67 d3 22
   X.224 COTP Data:
    dst_ref: 0x923e
    sseq: 2 req_of_ack: 0 EoT: 1
    COTP reasm status: skipped
    ATN checksum: f0 ce 2f 38
    CPDLC Downlink Message:
     Header:
      Msg ID: 2
      Msg Ref: 3
      Timestamp: 2025-04-19 22:10:10
      Logical ACK: notRequired
     Message data:
      LOGICAL ACKNOWLEDGMENT

[2025-04-20 00:10:12 CEST] [136.775] [-12.4/-32.4 dBFS] [20.0 dB] [0.4 ppm]
4D2302 (Aircraft, Airborne) -> 11FA7A (Ground station): Command
AVLC type: I sseq: 6 rseq: 6 poll: 0
 X.25 Data: grp: 11 chan: 254 sseq: 2 rseq: 2 more: 0
  X.25 reasm status: skipped
  X.233 CLNP Data (compressed header):
   LRef: 0x42 Prio: 11 Flags: 0xc0
   Lifetime: 50.0 sec
   PDU Id: 0x22ed
   X.224 COTP Data Ack:
    dst_ref: 0x923b
    rseq: 4 credit: 3
    Checksum: 0c 3f
    Flow control:
     Acked TPDU nr: 4
     Acked subsequence: 0
     Acked credit: 15

[2025-04-20 00:10:17 CEST] [136.975] [-11.6/-32.5 dBFS] [20.9 dB] [2.5 ppm]
406539 (Aircraft, Airborne) -> 10F68A (Ground station): Command
AVLC type: I sseq: 4 rseq: 5 poll: 0
 X.25 Data: grp: 11 chan: 255 sseq: 2 rseq: 3 more: 0
  X.25 reasm status: skipped
  X.233 CLNP Data (compressed header):
   LRef: 0x41 Prio: 11 Flags: 0xf6
   Lifetime: 20.0 sec
   PDU Id: 0x22e
   X.224 COTP Data:
    dst_ref: 0x923e
    sseq: 3 req_of_ack: 0 EoT: 1
    COTP reasm status: skipped
    ATN checksum: 17 bf 24 2b
    CPDLC Downlink Message:
     Header:
      Msg ID: 3
      Msg Ref: 3
      Timestamp: 2025-04-19 22:10:16
      Logical ACK: required
     Message data:
      WILCO

[2025-04-20 00:10:19 CEST] [136.975] [-11.0/-32.1 dBFS] [21.1 dB] [2.6 ppm]
406539 (Aircraft, Airborne) -> 10F68A (Ground station): Command
AVLC type: I sseq: 5 rseq: 7 poll: 0
 X.25 Data: grp: 11 chan: 255 sseq: 3 rseq: 5 more: 0
  X.25 reasm status: skipped
  X.233 CLNP Data (compressed header):
   LRef: 0x41 Prio: 11 Flags: 0xf6
   Lifetime: 20.0 sec
   PDU Id: 0x22f
   X.224 COTP Data Ack:
    dst_ref: 0x923e
    rseq: 4 credit: 3
    ATN checksum: 7f 07 ce 12

[2025-04-20 00:10:34 CEST] [136.675] [-13.3/-31.6 dBFS] [18.4 dB] [1.1 ppm]
4D253B (Aircraft, Airborne) -> 11907A (Ground station): Command
AVLC type: I sseq: 3 rseq: 2 poll: 0
 X.25 Data: grp: 11 chan: 255 sseq: 5 rseq: 4 more: 0
  X.25 reasm status: skipped
  X.233 CLNP Data (compressed header):
   LRef: 0x42 Prio: 11 Flags: 0xf6
   Lifetime: 20.0 sec
   PDU Id: 0x4b
   X.224 COTP Data Ack:
    dst_ref: 0x9244
    rseq: 5 credit: 3
    Flow control:
     Acked TPDU nr: 5
     Acked subsequence: 0
     Acked credit: 15
    ATN checksum: 08 73 fc 7b

[2025-04-20 00:10:47 CEST] [136.975] [-2.4/-31.4 dBFS] [29.0 dB] [2.6 ppm]
02A1A5 (Aircraft, Airborne) -> 26CA77 (Ground station): Command
AVLC type: I sseq: 7 rseq: 0 poll: 0
 X.25 Data: grp: 11 chan: 255 sseq: 4 rseq: 5 more: 0
  X.25 reasm status: skipped
  X.233 CLNP Data (compressed header):
   LRef: 0x41 Prio: 11 Flags: 0xf6
   Lifetime: 20.0 sec
   PDU Id: 0x1e3
   X.224 COTP Data Ack:
    dst_ref: 0x924b
    rseq: 6 credit: 3
    Flow control:
     Acked TPDU nr: 6
     Acked subsequence: 0
     Acked credit: 15
    ATN checksum: c5 57 16 1d

[2025-04-20 00:10:55 CEST] [136.725] [-12.7/-30.9 dBFS] [18.2 dB] [3.6 ppm]
440611 (Aircraft, Airborne) -> 11985A (Ground station): Command
AVLC type: I sseq: 6 rseq: 7 poll: 0
 X.25 Data: grp: 11 chan: 255 sseq: 4 rseq: 5 more: 0
  X.25 reasm status: skipped
  X.233 CLNP Data (compressed header):
   LRef: 0x43 Prio: 11 Flags: 0xf6
   Lifetime: 20.0 sec
   PDU Id: 0x17a
   X.224 COTP Data Ack:
    dst_ref: 0x924e
    rseq: 2 credit: 2
    Flow control:
     Acked TPDU nr: 2
     Acked subsequence: 0
     Acked credit: 15
    ATN checksum: c5 1c f9 66

[2025-04-20 00:10:56 CEST] [136.675] [0.0/-31.5 dBFS] [31.6 dB] [2.1 ppm]
4D2509 (Aircraft, Airborne) -> 11907A (Ground station): Command
AVLC type: I sseq: 4 rseq: 6 poll: 0
 X.25 Data: grp: 11 chan: 255 sseq: 6 rseq: 0 more: 0
  X.25 reasm status: skipped
  X.233 CLNP Data (compressed header):
   LRef: 0x42 Prio: 11 Flags: 0xf6
   Lifetime: 20.0 sec
   PDU Id: 0x3c
   X.224 COTP Data Ack:
    dst_ref: 0x9248
    rseq: 2 credit: 2
    Flow control:
     Acked TPDU nr: 2
     Acked subsequence: 0
     Acked credit: 15
    ATN checksum: 8b 17 5f 27

[2025-04-20 00:11:12 CEST] [136.675] [-7.9/-31.9 dBFS] [24.0 dB] [2.8 ppm]
40772E (Aircraft, Airborne) -> 11907A (Ground station): Command
AVLC type: I sseq: 2 rseq: 3 poll: 0
 X.25 Data: grp: 11 chan: 255 sseq: 0 rseq: 1 more: 0
  X.25 reasm status: skipped
  X.233 CLNP Data (compressed header):
   LRef: 0x41 Prio: 11 Flags: 0xf6
   Lifetime: 20.0 sec
   PDU Id: 0x252
   X.224 COTP Data Ack:
    dst_ref: 0x9236
    rseq: 2 credit: 2
    Flow control:
     Acked TPDU nr: 2
     Acked subsequence: 0
     Acked credit: 15
    ATN checksum: b8 ca d9 5e

[2025-04-20 00:11:31 CEST] [136.675] [-9.9/-31.7 dBFS] [21.9 dB] [1.2 ppm]
4D253B (Aircraft, Airborne) -> 11907A (Ground station): Command
AVLC type: I sseq: 4 rseq: 2 poll: 0
 X.25 Data: grp: 11 chan: 255 sseq: 6 rseq: 4 more: 0
  X.25 reasm status: skipped
  X.233 CLNP Data (compressed header):
   LRef: 0x43 Prio: 11 Flags: 0xf6
   Lifetime: 20.0 sec
   PDU Id: 0x4c
   X.224 COTP Data Ack:
    dst_ref: 0x8361
    rseq: 0 credit: 1
    ATN checksum: c2 71 40 35

[2025-04-20 00:11:32 CEST] [136.675] [-10.1/-31.5 dBFS] [21.4 dB] [1.2 ppm]
4D253B (Aircraft, Airborne) -> 11907A (Ground station): Command
AVLC type: I sseq: 5 rseq: 3 poll: 0
 X.25 Data: grp: 11 chan: 255 sseq: 7 rseq: 5 more: 0
  X.25 reasm status: skipped
  X.233 CLNP Data (compressed header):
   LRef: 0x43 Prio: 11 Flags: 0xf6
   Lifetime: 20.0 sec
   PDU Id: 0x4d
   X.224 COTP Data Ack:
    dst_ref: 0x8361
    rseq: 0 credit: 1
    Flow control:
     Acked TPDU nr: 0
     Acked subsequence: 0
     Acked credit: 1
    ATN checksum: 4f ed 54 78

[2025-04-20 00:11:37 CEST] [136.675] [-8.6/-31.3 dBFS] [22.8 dB] [3.7 ppm]
407573 (Aircraft, Airborne) -> 11907A (Ground station): Command
AVLC type: I sseq: 5 rseq: 6 poll: 0
 X.25 Data: grp: 11 chan: 255 sseq: 3 rseq: 4 more: 0
  X.25 reasm status: skipped
  X.233 CLNP Data (compressed header):
   LRef: 0x41 Prio: 11 Flags: 0xf6
   Lifetime: 20.0 sec
   PDU Id: 0x347
   X.224 COTP Data Ack:
    dst_ref: 0x9249
    rseq: 4 credit: 3
    Flow control:
     Acked TPDU nr: 4
     Acked subsequence: 0
     Acked credit: 15
    ATN checksum: fe fd 58 0b

[2025-04-20 00:11:45 CEST] [136.775] [-5.4/-31.4 dBFS] [26.0 dB] [0.1 ppm]
4D2302 (Aircraft, Airborne) -> 11FA7A (Ground station): Command
AVLC type: I sseq: 7 rseq: 7 poll: 0
 X.25 Data: grp: 11 chan: 254 sseq: 3 rseq: 3 more: 0
  X.25 reasm status: skipped
  X.233 CLNP Data (compressed header):
   LRef: 0x42 Prio: 11 Flags: 0xc0
   Lifetime: 50.0 sec
   PDU Id: 0x22ee
   X.224 COTP Data Ack:
    dst_ref: 0x923b
    rseq: 4 credit: 3
    Checksum: 0c 3f
    Flow control:
     Acked TPDU nr: 4
     Acked subsequence: 0
     Acked credit: 15

[2025-04-20 00:11:58 CEST] [136.975] [-12.9/-31.0 dBFS] [18.1 dB] [2.7 ppm]
406539 (Aircraft, Airborne) -> 10F68A (Ground station): Command
AVLC type: I sseq: 6 rseq: 0 poll: 0
 X.25 Data: grp: 11 chan: 255 sseq: 4 rseq: 6 more: 0
  X.25 reasm status: skipped
  X.233 CLNP Data (compressed header):
   LRef: 0x41 Prio: 11 Flags: 0xf6
   Lifetime: 20.0 sec
   PDU Id: 0x230
   X.224 COTP Data Ack:
    dst_ref: 0x923e
    rseq: 4 credit: 3
    Flow control:
     Acked TPDU nr: 4
     Acked subsequence: 0
     Acked credit: 15
    ATN checksum: e8 f2 3e 9b

[2025-04-20 00:12:19 CEST] [136.975] [-1.0/-31.3 dBFS] [30.3 dB] [2.4 ppm]
02A1A5 (Aircraft, Airborne) -> 26CA77 (Ground station): Command
AVLC type: I sseq: 0 rseq: 2 poll: 0
 X.25 Data: grp: 11 chan: 255 sseq: 5 rseq: 6 more: 0
  X.25 reasm status: skipped
  X.233 CLNP Data (compressed header):
   LRef: 0x41 Prio: 11 Flags: 0xf6
   Lifetime: 20.0 sec
   PDU Id: 0x1e4
   X.224 COTP Data Ack:
    dst_ref: 0x924b
    rseq: 6 credit: 3
    Flow control:
     Acked TPDU nr: 6
     Acked subsequence: 0
     Acked credit: 15
    ATN checksum: c5 57 16 1d

[2025-04-20 00:12:27 CEST] [136.725] [-6.2/-31.8 dBFS] [25.6 dB] [3.3 ppm]
440611 (Aircraft, Airborne) -> 11985A (Ground station): Command
AVLC type: I sseq: 7 rseq: 0 poll: 0
 X.25 Data: grp: 11 chan: 255 sseq: 5 rseq: 6 more: 0
  X.25 reasm status: skipped
  X.233 CLNP Data (compressed header):
   LRef: 0x43 Prio: 11 Flags: 0xf6
   Lifetime: 20.0 sec
   PDU Id: 0x17b
   X.224 COTP Data Ack:
    dst_ref: 0x924e
    rseq: 2 credit: 2
    Flow control:
     Acked TPDU nr: 2
     Acked subsequence: 0
     Acked credit: 15
    ATN checksum: c5 1c f9 66

[2025-04-20 00:12:28 CEST] [136.675] [1.0/-31.6 dBFS] [32.6 dB] [1.5 ppm]
4D2509 (Aircraft, Airborne) -> 11907A (Ground station): Command
AVLC type: I sseq: 6 rseq: 0 poll: 0
 X.25 Data: grp: 11 chan: 255 sseq: 0 rseq: 2 more: 0
  X.25 reasm status: skipped
  X.233 CLNP Data (compressed header):
   LRef: 0x42 Prio: 11 Flags: 0xf6
   Lifetime: 20.0 sec
   PDU Id: 0x3e
   X.224 COTP Data Ack:
    dst_ref: 0x9248
    rseq: 2 credit: 2
    Flow control:
     Acked TPDU nr: 2
     Acked subsequence: 0
     Acked credit: 15
    ATN checksum: 8b 17 5f 27

[2025-04-20 00:12:40 CEST] [136.975] [-0.3/-31.2 dBFS] [30.9 dB] [2.4 ppm]
02A1A5 (Aircraft, Airborne) -> 26CA77 (Ground station): Command
AVLC type: I sseq: 2 rseq: 3 poll: 0
 ACARS:
  Reassembly: skipped
  Reg: .TS-INF Flight: BJ0593
  Mode: 2 Label: 16 Blk id: 6 More: 0 Ack: ! Msg num: M07A
  Message:
   221238,35015,2348,   7,N 43.477 E  6.281

[2025-04-20 00:12:55 CEST] [136.725] [-13.3/-31.5 dBFS] [18.2 dB] [4.6 ppm]
4CA80F (Aircraft, Airborne) -> 11985A (Ground station): Command
AVLC type: I sseq: 6 rseq: 7 poll: 0
 X.25 Data: grp: 11 chan: 254 sseq: 3 rseq: 4 more: 0
  X.25 reasm status: skipped
  X.233 CLNP Data (compressed header):
   LRef: 0x42 Prio: 11 Flags: 0xc0
   Lifetime: 50.0 sec
   PDU Id: 0x1a68
   X.224 COTP Data Ack:
    dst_ref: 0x924d
    rseq: 2 credit: 2
    Checksum: b4 89
    Flow control:
     Acked TPDU nr: 2
     Acked subsequence: 0
     Acked credit: 15

[2025-04-20 00:13:09 CEST] [136.675] [-7.1/-31.5 dBFS] [24.4 dB] [3.7 ppm]
407573 (Aircraft, Airborne) -> 11907A (Ground station): Command
AVLC type: I sseq: 6 rseq: 7 poll: 0
 X.25 Data: grp: 11 chan: 255 sseq: 4 rseq: 5 more: 0
  X.25 reasm status: skipped
  X.233 CLNP Data (compressed header):
   LRef: 0x41 Prio: 11 Flags: 0xf6
   Lifetime: 20.0 sec
   PDU Id: 0x348
   X.224 COTP Data Ack:
    dst_ref: 0x9249
    rseq: 4 credit: 3
    Flow control:
     Acked TPDU nr: 4
     Acked subsequence: 0
     Acked credit: 15
    ATN checksum: fe fd 58 0b

[2025-04-20 00:13:22 CEST] [136.975] [-9.3/-30.9 dBFS] [21.6 dB] [2.5 ppm]
406539 (Aircraft, Airborne) -> 10F68A (Ground station): Command
AVLC type: I sseq: 7 rseq: 1 poll: 0
 X.25 Data: grp: 11 chan: 255 sseq: 5 rseq: 7 more: 0
  X.25 reasm status: skipped
  X.233 CLNP Data (compressed header):
   LRef: 0x41 Prio: 11 Flags: 0xf6
   Lifetime: 20.0 sec
   PDU Id: 0x231
   X.224 COTP Data Ack:
    dst_ref: 0x923e
    rseq: 4 credit: 3
    Flow control:
     Acked TPDU nr: 4
     Acked subsequence: 0
     Acked credit: 15
    ATN checksum: e8 f2 3e 9b

[2025-04-20 00:13:23 CEST] [136.775] [-13.6/-30.8 dBFS] [17.1 dB] [0.3 ppm]
4D2302 (Aircraft, Airborne) -> 11FA7A (Ground station): Command
AVLC type: I sseq: 0 rseq: 0 poll: 0
 X.25 Data: grp: 11 chan: 254 sseq: 4 rseq: 4 more: 0
  X.25 reasm status: skipped
  X.233 CLNP Data (compressed header):
   LRef: 0x42 Prio: 11 Flags: 0xc0
   Lifetime: 50.0 sec
   PDU Id: 0x22ef
   X.224 COTP Data Ack:
    dst_ref: 0x923b
    rseq: 4 credit: 3
    Checksum: 0c 3f
    Flow control:
     Acked TPDU nr: 4
     Acked subsequence: 0
     Acked credit: 15

[2025-04-20 00:13:24 CEST] [136.875] [-13.1/-31.5 dBFS] [18.4 dB] [1.8 ppm]
02A1B3 (Aircraft, Airborne) -> 266661 (Ground station): Command
AVLC type: I sseq: 4 rseq: 0 poll: 0
 X.25 Data: grp: 11 chan: 255 sseq: 7 rseq: 2 more: 0
  X.25 reasm status: skipped
  X.233 CLNP Data (compressed header):
   LRef: 0x43 Prio: 11 Flags: 0xf6
   Lifetime: 20.0 sec
   PDU Id: 0x233
   X.224 COTP Data Ack:
    dst_ref: 0x9254
    rseq: 4 credit: 3
    Flow control:
     Acked TPDU nr: 4
     Acked subsequence: 0
     Acked credit: 15
    ATN checksum: 8b b8 fe f9

[2025-04-20 00:13:26 CEST] [136.725] [-10.8/-31.5 dBFS] [20.7 dB] [2.6 ppm]
A057A6 (Aircraft, Airborne) -> 11985A (Ground station): Command
AVLC type: I sseq: 4 rseq: 6 poll: 0
 X.25 Data: grp: 11 chan: 255 sseq: 3 rseq: 7 more: 0
  X.25 reasm status: skipped
  X.233 CLNP Data (compressed header):
   LRef: 0x41 Prio: 11 Flags: 0xf6
   Lifetime: 20.0 sec
   PDU Id: 0x1b
   X.224 COTP Data Ack:
    dst_ref: 0x925d
    rseq: 2 credit: 2
    Flow control:
     Acked TPDU nr: 2
     Acked subsequence: 0
     Acked credit: 15
    ATN checksum: c0 3d 80 bd

[2025-04-20 00:13:46 CEST] [136.775] [-11.8/-30.7 dBFS] [19.0 dB] [2.5 ppm]
471F86 (Aircraft, Airborne) -> 233925 (Ground station): Command
AVLC type: I sseq: 5 rseq: 5 poll: 0
 X.25 Data: grp: 11 chan: 255 sseq: 2 rseq: 3 more: 0
  X.25 reasm status: skipped
  X.233 CLNP Data (compressed header):
   LRef: 0x41 Prio: 11 Flags: 0xf6
   Lifetime: 20.0 sec
   PDU Id: 0x45c
   X.224 COTP Data Ack:
    dst_ref: 0x9247
    rseq: 3 credit: 2
    ATN checksum: 40 19 0e d7
   X.224 COTP Data:
    dst_ref: 0x9247
    sseq: 2 req_of_ack: 0 EoT: 1
    COTP reasm status: skipped
    ATN checksum: 46 19 f4 d3
    CPDLC Downlink Message:
     Header:
      Msg ID: 2
      Msg Ref: 3
      Timestamp: 2025-04-19 22:13:45
      Logical ACK: notRequired
     Message data:
      LOGICAL ACKNOWLEDGMENT

[2025-04-20 00:13:48 CEST] [136.775] [-10.7/-30.5 dBFS] [19.8 dB] [2.7 ppm]
471F86 (Aircraft, Airborne) -> 233925 (Ground station): Command
AVLC type: I sseq: 7 rseq: 7 poll: 0
 X.25 Data: grp: 11 chan: 255 sseq: 3 rseq: 5 more: 0
  X.25 reasm status: skipped
  X.233 CLNP Data (compressed header):
   LRef: 0x45 Prio: 11 Flags: 0xf6
   Lifetime: 20.0 sec
   PDU Id: 0x45d
   X.224 COTP Connect Confirm:
    src_ref: 0x0060 dst_ref: 0x8366
    Initial Credit: 1
    Protocol class: 4
    Options: 00 (use normal PDU formats)
    TPDU size (bytes): 1024
    Called/responding transport selector: 16
    Calling transport selector: 70 6d
    Priority: 3
    Ack time (ms): 1000
    Inactivity timer (ms): 360000
    Additional options: 0x00
    ATN checksum: 0f 8b 64 33
    X.225 Session SPDU: Short Accept
     X.227 ACSE Associate Response:
      Application context name: { 1.3.27.3.1 }
      Associate result: accept
      ATCDownlinkMessage: <empty PDU>

[2025-04-20 00:13:51 CEST] [136.975] [-6.7/-31.2 dBFS] [24.5 dB] [2.3 ppm]
02A1A5 (Aircraft, Airborne) -> 26CA77 (Ground station): Command
AVLC type: I sseq: 4 rseq: 6 poll: 0
 X.25 Data: grp: 11 chan: 255 sseq: 6 rseq: 0 more: 0
  X.25 reasm status: skipped
  X.233 CLNP Data (compressed header):
   LRef: 0x41 Prio: 11 Flags: 0xf6
   Lifetime: 20.0 sec
   PDU Id: 0x1e5
   X.224 COTP Data Ack:
    dst_ref: 0x924b
    rseq: 6 credit: 3
    Flow control:
     Acked TPDU nr: 6
     Acked subsequence: 0
     Acked credit: 15
    ATN checksum: c5 57 16 1d

[2025-04-20 00:14:01 CEST] [136.675] [0.5/-31.3 dBFS] [31.8 dB] [1.3 ppm]
4D2509 (Aircraft, Airborne) -> 11907A (Ground station): Command
AVLC type: I sseq: 7 rseq: 1 poll: 0
 X.25 Data: grp: 11 chan: 255 sseq: 1 rseq: 3 more: 0
  X.25 reasm status: skipped
  X.233 CLNP Data (compressed header):
   LRef: 0x42 Prio: 11 Flags: 0xf6
   Lifetime: 20.0 sec
   PDU Id: 0x3f
   X.224 COTP Data Ack:
    dst_ref: 0x9248
    rseq: 2 credit: 2
    Flow control:
     Acked TPDU nr: 2
     Acked subsequence: 0
     Acked credit: 15
    ATN checksum: 8b 17 5f 27

