[2024-12-30 00:00:02 CET] [136.775] [-8.8/-29.3 dBFS] [20.5 dB] [2.1 ppm]
471F35 (Aircraft, Airborne) -> 233925 (Ground station): Command
AVLC type: I sseq: 5 rseq: 0 poll: 0
 X.25 Data: grp: 11 chan: 255 sseq: 3 rseq: 4 more: 0
  X.25 reasm status: skipped
  X.233 CLNP Data (compressed header):
   LRef: 0x41 Prio: 11 Flags: 0xf6
   Lifetime: 20.0 sec
   PDU Id: 0x1ff
   X.224 COTP Data Ack:
    dst_ref: 0x11c6
    rseq: 4 credit: 3
    Flow control:
     Acked TPDU nr: 4
     Acked subsequence: 0
     Acked credit: 15
    ATN checksum: a4 b9 7e 02

[2024-12-30 00:00:22 CET] [136.775] [-5.6/-29.6 dBFS] [23.9 dB] [4.3 ppm]
39CEA6 (Aircraft, Airborne) -> 233925 (Ground station): Response
AVLC type: U (XID) P/F: 1
 XID: Handoff Response
  Public params:
   Parameter set ID: 8885:1993
   Procedure classes: 00 01
   HDLC options: 20 a4 88
  VDL params:
   Parameter set ID: V
   XID sequencing: seq: 3 retry: 0
   Destination airport: LFLL
   Aircraft location: 44.4N 6.0E 28000 ft
   AVLC specific options: 24
   Connection management: 01

[2024-12-30 00:00:47 CET] [136.725] [-1.5/-30.1 dBFS] [28.6 dB] [2.9 ppm]
4CADF7 (Aircraft, Airborne) -> 11985A (Ground station): Command
AVLC type: I sseq: 2 rseq: 3 poll: 0
 X.25 Data: grp: 11 chan: 254 sseq: 7 rseq: 0 more: 0
  X.25 reasm status: skipped
  X.233 CLNP Data (compressed header):
   LRef: 0x41 Prio: 11 Flags: 0xc0
   Lifetime: 50.0 sec
   PDU Id: 0xab9
   X.224 COTP Data Ack:
    dst_ref: 0x11c7
    rseq: 4 credit: 3
    Checksum: 56 e9
    Flow control:
     Acked TPDU nr: 4
     Acked subsequence: 0
     Acked credit: 15

[2024-12-30 00:03:15 CET] [136.975] [-13.3/-30.0 dBFS] [16.8 dB] [4.1 ppm]
40631B (Aircraft, Airborne) -> 10907A (Ground station): Command
AVLC type: I sseq: 6 rseq: 0 poll: 0
 X.25 Data: grp: 11 chan: 255 sseq: 3 rseq: 5 more: 0
  X.25 reasm status: skipped
  X.233 CLNP Data (compressed header):
   LRef: 0x47 Prio: 11 Flags: 0xf6
   Lifetime: 20.0 sec
   PDU Id: 0x214
   X.224 COTP Disconnect Confirm:
    src_ref: 0x0041 dst_ref: 0x11c9
    ATN checksum: de 8a 5c 1c

[2024-12-30 00:03:18 CET] [136.775] [-7.3/-29.1 dBFS] [21.8 dB] [1.6 ppm]
471F35 (Aircraft, Airborne) -> 233925 (Ground station): Command
AVLC type: I sseq: 4 rseq: 2 poll: 0
 X.25 Data: grp: 11 chan: 255 sseq: 7 rseq: 3 more: 0
  X.25 reasm status: skipped
  X.233 CLNP Data (compressed header):
   LRef: 0x41 Prio: 11 Flags: 0xf6
   Lifetime: 20.0 sec
   PDU Id: 0x203
   X.224 COTP Data Ack:
    dst_ref: 0x11c6
    rseq: 5 credit: 3
    Flow control:
     Acked TPDU nr: 5
     Acked subsequence: 0
     Acked credit: 15
    ATN checksum: 9f 54 e1 07

[2024-12-30 00:03:52 CET] [136.775] [-10.1/-29.1 dBFS] [19.0 dB] [1.7 ppm]
471F35 (Aircraft, Airborne) -> 233925 (Ground station): Command
AVLC type: I sseq: 5 rseq: 3 poll: 0
 X.25 Data: grp: 11 chan: 255 sseq: 0 rseq: 4 more: 0
  X.25 reasm status: skipped
  X.233 CLNP Data (compressed header):
   LRef: 0x45 Prio: 11 Flags: 0xf6
   Lifetime: 20.0 sec
   PDU Id: 0x204
   X.224 COTP Data Ack:
    dst_ref: 0x87f3
    rseq: 0 credit: 1
    ATN checksum: 7a 50 55 dc

[2024-12-30 00:03:52 CET] [136.775] [-10.1/-29.1 dBFS] [19.0 dB] [1.7 ppm]
471F35 (Aircraft, Airborne) -> 233925 (Ground station): Command
AVLC type: I sseq: 6 rseq: 3 poll: 0
 X.25 Data: grp: 11 chan: 255 sseq: 1 rseq: 4 more: 0
  X.25 reasm status: skipped
  X.233 CLNP Data (compressed header):
   LRef: 0x45 Prio: 11 Flags: 0xf6
   Lifetime: 20.0 sec
   PDU Id: 0x205
   X.224 COTP Data Ack:
    dst_ref: 0x87f3
    rseq: 0 credit: 1
    Flow control:
     Acked TPDU nr: 0
     Acked subsequence: 0
     Acked credit: 1
    ATN checksum: 98 b3 05 0c

[2024-12-30 00:04:29 CET] [136.975] [-10.7/-29.9 dBFS] [19.2 dB] [4.1 ppm]
40631B (Aircraft, Airborne) -> 10907A (Ground station): Command
AVLC type: I sseq: 7 rseq: 0 poll: 0
 ACARS:
  Reassembly: skipped
  Reg: .G-EZFW Flight: U295FB
  Mode: 2 Label: 5U Blk id: 7 More: 0 Ack: ! Msg num: M15A
  Message:
   LFML-SA

[2024-12-30 00:04:31 CET] [136.775] [-9.5/-29.0 dBFS] [19.6 dB] [1.7 ppm]
471F35 (Aircraft, Airborne) -> 233925 (Ground station): Command
AVLC type: I sseq: 1 rseq: 6 poll: 0
 X.25 Data: grp: 11 chan: 255 sseq: 3 rseq: 6 more: 0
  X.25 reasm status: skipped
  X.233 CLNP Data (compressed header):
   LRef: 0x41 Prio: 11 Flags: 0xf6
   Lifetime: 20.0 sec
   PDU Id: 0x207
   X.224 COTP Data Ack:
    dst_ref: 0x11c6
    rseq: 6 credit: 3
    ATN checksum: 0e a8 be 19
   X.224 COTP Data:
    dst_ref: 0x11c6
    sseq: 5 req_of_ack: 0 EoT: 1
    COTP reasm status: skipped
    ATN checksum: 21 f7 d6 76
    CPDLC Downlink Message:
     Header:
      Msg ID: 5
      Msg Ref: 7
      Timestamp: 2024-12-29 23:04:30
      Logical ACK: notRequired
     Message data:
      LOGICAL ACKNOWLEDGMENT

[2024-12-30 00:04:36 CET] [136.775] [-8.9/-29.5 dBFS] [20.6 dB] [1.6 ppm]
471F35 (Aircraft, Airborne) -> 233925 (Ground station): Command
AVLC type: I sseq: 2 rseq: 0 poll: 0
 X.25 Data: grp: 11 chan: 255 sseq: 4 rseq: 7 more: 0
  X.25 reasm status: skipped
  X.233 CLNP Data (compressed header):
   LRef: 0x41 Prio: 11 Flags: 0xf6
   Lifetime: 20.0 sec
   PDU Id: 0x208
   X.224 COTP Data:
    dst_ref: 0x11c6
    sseq: 6 req_of_ack: 0 EoT: 1
    COTP reasm status: skipped
    ATN checksum: 46 6c d5 50
    X.227 ACSE Release Response:
     Reason: normal
     CPDLC Downlink Message:
      Header:
       Msg ID: 6
       Msg Ref: 7
       Timestamp: 2024-12-29 23:04:34
       Logical ACK: notRequired
      Message data:
       WILCO

[2024-12-30 00:04:36 CET] [136.775] [-8.9/-29.5 dBFS] [20.6 dB] [1.6 ppm]
471F35 (Aircraft, Airborne) -> 233925 (Ground station): Command
AVLC type: I sseq: 3 rseq: 0 poll: 0
 X.25 Data: grp: 11 chan: 255 sseq: 5 rseq: 7 more: 0
  X.25 reasm status: skipped
  X.233 CLNP Data (compressed header):
   LRef: 0x45 Prio: 11 Flags: 0xf6
   Lifetime: 20.0 sec
   PDU Id: 0x209
   X.224 COTP Data:
    dst_ref: 0x87f3
    sseq: 0 req_of_ack: 0 EoT: 1
    COTP reasm status: skipped
    ATN checksum: e9 a7 ee 40
    CPDLC Downlink Message:
     Header:
      Msg ID: 0
      Timestamp: 2024-12-29 23:04:34
      Logical ACK: required
     Message data:
      CURRENT DATA AUTHORITY

[2024-12-30 00:04:36 CET] [136.775] [-8.8/-29.3 dBFS] [20.5 dB] [1.5 ppm]
471F35 (Aircraft, Airborne) -> 233925 (Ground station): Command
AVLC type: I sseq: 5 rseq: 2 poll: 0
 X.25 Data: grp: 11 chan: 255 sseq: 6 rseq: 1 more: 0
  X.25 reasm status: skipped
  X.233 CLNP Data (compressed header):
   LRef: 0x41 Prio: 11 Flags: 0xf6
   Lifetime: 20.0 sec
   PDU Id: 0x20a
   X.224 COTP Disconnect Confirm:
    src_ref: 0x0046 dst_ref: 0x11c6
    ATN checksum: b2 b8 b8 cb

[2024-12-30 00:04:38 CET] [136.775] [-8.7/-29.2 dBFS] [20.6 dB] [1.7 ppm]
471F35 (Aircraft, Airborne) -> 233925 (Ground station): Command
AVLC type: I sseq: 7 rseq: 5 poll: 0
 X.25 Data: grp: 11 chan: 255 sseq: 7 rseq: 3 more: 0
  X.25 reasm status: skipped
  X.233 CLNP Data (compressed header):
   LRef: 0x45 Prio: 11 Flags: 0xf6
   Lifetime: 20.0 sec
   PDU Id: 0x20b
   X.224 COTP Data Ack:
    dst_ref: 0x87f3
    rseq: 1 credit: 2
    ATN checksum: ed ef 50 cc

[2024-12-30 00:04:39 CET] [136.775] [-8.1/-29.4 dBFS] [21.3 dB] [1.7 ppm]
471F35 (Aircraft, Airborne) -> 233925 (Ground station): Command
AVLC type: I sseq: 0 rseq: 6 poll: 0
 X.25 Data: grp: 11 chan: 255 sseq: 0 rseq: 4 more: 0
  X.25 reasm status: skipped
  X.233 CLNP Data (compressed header):
   LRef: 0x45 Prio: 11 Flags: 0xf6
   Lifetime: 20.0 sec
   PDU Id: 0x20c
   X.224 COTP Data Ack:
    dst_ref: 0x87f3
    rseq: 2 credit: 2
    ATN checksum: 43 bc 82 77
   X.224 COTP Data:
    dst_ref: 0x87f3
    sseq: 1 req_of_ack: 0 EoT: 1
    COTP reasm status: skipped
    ATN checksum: 0e 91 0f 52
    CPDLC Downlink Message:
     Header:
      Msg ID: 1
      Msg Ref: 1
      Timestamp: 2024-12-29 23:04:38
      Logical ACK: notRequired
     Message data:
      LOGICAL ACKNOWLEDGMENT

[2024-12-30 00:05:23 CET] [136.725] [-9.7/-29.7 dBFS] [20.0 dB] [2.4 ppm]
4CADF7 (Aircraft, Airborne) -> 11985A (Ground station): Command
AVLC type: I sseq: 6 rseq: 7 poll: 0
 X.25 Data: grp: 11 chan: 254 sseq: 3 rseq: 4 more: 0
  X.25 reasm status: skipped
  X.233 CLNP Data (compressed header):
   LRef: 0x41 Prio: 11 Flags: 0xc0
   Lifetime: 50.0 sec
   PDU Id: 0xabd
   X.224 COTP Data Ack:
    dst_ref: 0x11c7
    rseq: 4 credit: 3
    Checksum: 56 e9
    Flow control:
     Acked TPDU nr: 4
     Acked subsequence: 0
     Acked credit: 15

