[2025-02-17 00:00:57 CET] [136.975] [-11.4/-30.4 dBFS] [19.0 dB] [3.8 ppm]
407A06 (Aircraft, Airborne) -> 10F63A (Ground station): Command
AVLC type: I sseq: 4 rseq: 6 poll: 0
 X.25 Data: grp: 11 chan: 255 sseq: 2 rseq: 4 more: 0
  X.25 reasm status: skipped
  X.233 CLNP Data (compressed header):
   LRef: 0x41 Prio: 11 Flags: 0xf6
   Lifetime: 20.0 sec
   PDU Id: 0x212
   X.224 COTP Data Ack:
    dst_ref: 0xbfa4
    rseq: 2 credit: 2
    Flow control:
     Acked TPDU nr: 2
     Acked subsequence: 0
     Acked credit: 15
    ATN checksum: 98 19 05 8e

[2025-02-17 00:01:02 CET] [136.725] [-13.7/-30.9 dBFS] [17.2 dB] [1.0 ppm]
49D2B9 (Aircraft, Airborne) -> 11985A (Ground station): Command
AVLC type: I sseq: 4 rseq: 5 poll: 0
 X.25 Data: grp: 11 chan: 255 sseq: 6 rseq: 2 more: 0
  X.25 reasm status: skipped
  X.233 CLNP Data (compressed header):
   LRef: 0x41 Prio: 11 Flags: 0xf6
   Lifetime: 20.0 sec
   PDU Id: 0x148
   X.224 COTP Data Ack:
    dst_ref: 0xbf9e
    rseq: 6 credit: 3
    ATN checksum: 7e 42 54 dc

[2025-02-17 00:01:20 CET] [136.775] [-9.6/-30.6 dBFS] [21.0 dB] [2.1 ppm]
4D2535 (Aircraft, Airborne) -> 233925 (Ground station): Command
AVLC type: I sseq: 6 rseq: 2 poll: 0
 X.25 Data: grp: 11 chan: 255 sseq: 0 rseq: 2 more: 0
  X.25 reasm status: skipped
  X.233 CLNP Data (compressed header):
   LRef: 0x41 Prio: 11 Flags: 0xf6
   Lifetime: 20.0 sec
   PDU Id: 0x361
   X.224 COTP Data Ack:
    dst_ref: 0xbf9b
    rseq: 5 credit: 3
    Flow control:
     Acked TPDU nr: 5
     Acked subsequence: 0
     Acked credit: 15
    ATN checksum: 2a cc 96 bf

[2025-02-17 00:01:23 CET] [136.775] [-9.4/-30.5 dBFS] [21.1 dB] [1.9 ppm]
4D2535 (Aircraft, Airborne) -> 233925 (Ground station): Command
AVLC type: I sseq: 6 rseq: 2 poll: 0
 X.25 Data: grp: 11 chan: 255 sseq: 0 rseq: 2 more: 0
  X.25 reasm status: skipped
  X.233 CLNP Data (compressed header):
   LRef: 0x41 Prio: 11 Flags: 0xf6
   Lifetime: 20.0 sec
   PDU Id: 0x361
   X.224 COTP Data Ack:
    dst_ref: 0xbf9b
    rseq: 5 credit: 3
    Flow control:
     Acked TPDU nr: 5
     Acked subsequence: 0
     Acked credit: 15
    ATN checksum: 2a cc 96 bf

[2025-02-17 00:01:39 CET] [136.975] [-9.9/-30.8 dBFS] [20.9 dB] [3.2 ppm]
34660D (Aircraft, Airborne) -> 10907A (Ground station): Command
AVLC type: I sseq: 0 rseq: 1 poll: 0
 ACARS:
  Reassembly: out of sequence
  Reg: .EC-NOL Flight: V701VQ
  Mode: 2 Label: H1 Blk id: 7 More: 1 Ack: ! Msg num: D16B
  Sublabel: DF
  Message:
   42,00009,09928,00007,73/N10796,0796,0893,5546,1094,-----/N20796,0796,0889,5452,1073,-----/S1-----,0402,1166,3768,----,028,000/S2-----,0384,1154,3729,----,031,000/T1100,100,027,38,063,05049,0092/T2100,100,01

[2025-02-17 00:01:40 CET] [136.975] [-10.9/-30.5 dBFS] [19.5 dB] [3.0 ppm]
34660D (Aircraft, Airborne) -> 10907A (Ground station): Command
AVLC type: I sseq: 1 rseq: 2 poll: 0
 ACARS:
  Reassembly: out of sequence
  Reg: .EC-NOL Flight: V701VQ
  Mode: 2 Label: H1 Blk id: 8 More: 1 Ack: ! Msg num: D16C
  Sublabel: DF
  Message:
   8,39,048,05093,0091/V115,04,030,181,02,00,00004/V212,22,135,292,03,00,00004/V300,00,000,000,0000/V400,00,000,000,0000/V500,00,000,000,0000/V600,00,000,000,0000/V7039,086,00081,22222222222111/V8040,085,00061

[2025-02-17 00:02:09 CET] [136.675] [-12.5/-30.9 dBFS] [18.4 dB] [3.6 ppm]
4D24EB (Aircraft, Airborne) -> 12957A (Ground station): Command
AVLC type: I sseq: 4 rseq: 5 poll: 0
 X.25 Data: grp: 11 chan: 254 sseq: 2 rseq: 3 more: 0
  X.25 reasm status: skipped
  X.233 CLNP Data (compressed header):
   LRef: 0x42 Prio: 11 Flags: 0xc0
   Lifetime: 50.0 sec
   PDU Id: 0x6b0
   X.224 COTP Data Ack:
    dst_ref: 0xbfa5
    rseq: 2 credit: 2
    Checksum: eb cc
    Flow control:
     Acked TPDU nr: 2
     Acked subsequence: 0
     Acked credit: 15

[2025-02-17 00:02:30 CET] [136.975] [-12.3/-30.7 dBFS] [18.3 dB] [3.9 ppm]
407A06 (Aircraft, Airborne) -> 10F63A (Ground station): Command
AVLC type: I sseq: 5 rseq: 7 poll: 0
 X.25 Data: grp: 11 chan: 255 sseq: 3 rseq: 5 more: 0
  X.25 reasm status: skipped
  X.233 CLNP Data (compressed header):
   LRef: 0x41 Prio: 11 Flags: 0xf6
   Lifetime: 20.0 sec
   PDU Id: 0x213
   X.224 COTP Data Ack:
    dst_ref: 0xbfa4
    rseq: 2 credit: 2
    Flow control:
     Acked TPDU nr: 2
     Acked subsequence: 0
     Acked credit: 15
    ATN checksum: 98 19 05 8e

[2025-02-17 00:03:25 CET] [136.875] [-9.6/-30.6 dBFS] [21.0 dB] [1.5 ppm]
02A263 (Aircraft, Airborne) -> 270CA1 (Ground station): Command
AVLC type: U (XID) P/F: 1
 XID: Handoff Initiation
  Public params:
   Parameter set ID: 8885:1993
   Procedure classes: 00 01
   HDLC options: 20 a4 80
  VDL params:
   Parameter set ID: V
   Connection management: 05
   XID sequencing: seq: 1 retry: 0
   AVLC specific options: 24
   Destination airport: DTTA
   Aircraft location: 44.0N 6.3E 37000 ft

[2025-02-17 00:04:01 CET] [136.975] [-9.3/-30.7 dBFS] [21.5 dB] [3.7 ppm]
407A06 (Aircraft, Airborne) -> 10F63A (Ground station): Command
AVLC type: I sseq: 6 rseq: 0 poll: 0
 X.25 Data: grp: 11 chan: 255 sseq: 4 rseq: 6 more: 0
  X.25 reasm status: skipped
  X.233 CLNP Data (compressed header):
   LRef: 0x41 Prio: 11 Flags: 0xf6
   Lifetime: 20.0 sec
   PDU Id: 0x214
   X.224 COTP Data Ack:
    dst_ref: 0xbfa4
    rseq: 2 credit: 2
    Flow control:
     Acked TPDU nr: 2
     Acked subsequence: 0
     Acked credit: 15
    ATN checksum: 98 19 05 8e

[2025-02-17 00:05:14 CET] [136.675] [-6.4/-31.0 dBFS] [24.6 dB] [3.3 ppm]
4D24EB (Aircraft, Airborne) -> 12957A (Ground station): Command
AVLC type: I sseq: 7 rseq: 0 poll: 0
 X.25 Data: grp: 11 chan: 254 sseq: 5 rseq: 6 more: 0
  X.25 reasm status: skipped
  X.233 CLNP Data (compressed header):
   LRef: 0x42 Prio: 11 Flags: 0xc0
   Lifetime: 50.0 sec
   PDU Id: 0x6b3
   X.224 COTP Data Ack:
    dst_ref: 0xbfa5
    rseq: 2 credit: 2
    Checksum: eb cc
    Flow control:
     Acked TPDU nr: 2
     Acked subsequence: 0
     Acked credit: 15

[2025-02-17 00:05:34 CET] [136.975] [-12.1/-30.3 dBFS] [18.2 dB] [3.6 ppm]
407A06 (Aircraft, Airborne) -> 10F63A (Ground station): Command
AVLC type: I sseq: 0 rseq: 2 poll: 0
 X.25 Data: grp: 11 chan: 255 sseq: 6 rseq: 0 more: 0
  X.25 reasm status: skipped
  X.233 CLNP Data (compressed header):
   LRef: 0x41 Prio: 11 Flags: 0xf6
   Lifetime: 20.0 sec
   PDU Id: 0x216
   X.224 COTP Data Ack:
    dst_ref: 0xbfa4
    rseq: 2 credit: 2
    Flow control:
     Acked TPDU nr: 2
     Acked subsequence: 0
     Acked credit: 15
    ATN checksum: 98 19 05 8e

[2025-02-17 00:06:46 CET] [136.675] [-5.9/-30.7 dBFS] [24.9 dB] [3.4 ppm]
4D24EB (Aircraft, Airborne) -> 12957A (Ground station): Command
AVLC type: I sseq: 0 rseq: 1 poll: 0
 X.25 Data: grp: 11 chan: 254 sseq: 6 rseq: 7 more: 0
  X.25 reasm status: skipped
  X.233 CLNP Data (compressed header):
   LRef: 0x42 Prio: 11 Flags: 0xc0
   Lifetime: 50.0 sec
   PDU Id: 0x6b4
   X.224 COTP Data Ack:
    dst_ref: 0xbfa5
    rseq: 2 credit: 2
    Checksum: eb cc
    Flow control:
     Acked TPDU nr: 2
     Acked subsequence: 0
     Acked credit: 15

[2025-02-17 00:07:54 CET] [136.675] [-4.4/-30.4 dBFS] [26.0 dB] [3.2 ppm]
4D24EB (Aircraft, Airborne) -> 12957A (Ground station): Command
AVLC type: I sseq: 1 rseq: 2 poll: 0
 X.25 Data: grp: 11 chan: 254 sseq: 7 rseq: 0 more: 0
  X.25 reasm status: skipped
  X.233 CLNP Data (compressed header):
   LRef: 0x42 Prio: 11 Flags: 0xc0
   Lifetime: 50.0 sec
   PDU Id: 0x6b5
   X.224 COTP Data Ack:
    dst_ref: 0xbfa5
    rseq: 3 credit: 2
    Checksum: f8 6e

[2025-02-17 00:07:54 CET] [136.675] [-4.5/-30.6 dBFS] [26.1 dB] [3.4 ppm]
4D24EB (Aircraft, Airborne) -> 12957A (Ground station): Command
AVLC type: I sseq: 2 rseq: 2 poll: 0
 X.25 Data: grp: 11 chan: 254 sseq: 0 rseq: 0 more: 0
  X.25 reasm status: skipped
  X.233 CLNP Data (compressed header):
   LRef: 0x42 Prio: 11 Flags: 0xc0
   Lifetime: 50.0 sec
   PDU Id: 0x6b6
   X.224 COTP Data:
    dst_ref: 0xbfa5
    sseq: 2 req_of_ack: 0 EoT: 1
    COTP reasm status: skipped
    Checksum: 4d 28
    CPDLC Downlink Message:
     Header:
      Msg ID: 2
      Msg Ref: 3
      Timestamp: 2025-02-16 23:07:53
      Logical ACK: notRequired
     Message data:
      LOGICAL ACKNOWLEDGMENT

[2025-02-17 00:08:05 CET] [136.675] [-5.1/-31.0 dBFS] [25.9 dB] [3.2 ppm]
4D24EB (Aircraft, Airborne) -> 12957A (Ground station): Command
AVLC type: I sseq: 3 rseq: 3 poll: 0
 X.25 Data: grp: 11 chan: 254 sseq: 1 rseq: 1 more: 0
  X.25 reasm status: skipped
  X.233 CLNP Data (compressed header):
   LRef: 0x42 Prio: 11 Flags: 0xc0
   Lifetime: 50.0 sec
   PDU Id: 0x6b7
   X.224 COTP Data:
    dst_ref: 0xbfa5
    sseq: 3 req_of_ack: 0 EoT: 1
    COTP reasm status: skipped
    Checksum: d1 eb
    CPDLC Downlink Message:
     Header:
      Msg ID: 3
      Msg Ref: 3
      Timestamp: 2025-02-16 23:08:03
      Logical ACK: required
     Message data:
      WILCO

[2025-02-17 00:08:06 CET] [136.675] [-4.7/-30.7 dBFS] [26.0 dB] [3.2 ppm]
4D24EB (Aircraft, Airborne) -> 12957A (Ground station): Command
AVLC type: I sseq: 4 rseq: 5 poll: 0
 X.25 Data: grp: 11 chan: 254 sseq: 2 rseq: 3 more: 0
  X.25 reasm status: skipped
  X.233 CLNP Data (compressed header):
   LRef: 0x42 Prio: 11 Flags: 0xc0
   Lifetime: 50.0 sec
   PDU Id: 0x6b8
   X.224 COTP Data Ack:
    dst_ref: 0xbfa5
    rseq: 4 credit: 3
    Checksum: ed 77

[2025-02-17 00:08:23 CET] [136.725] [-3.2/-30.6 dBFS] [27.4 dB] [3.5 ppm]
4D24EB (Aircraft, Airborne) -> 11985A (Ground station): Command
AVLC type: U (XID) P/F: 1
 XID: Handoff Initiation
  Public params:
   Parameter set ID: 8885:1993
   Procedure classes: 00 01
   HDLC options: 20 84 80
  VDL params:
   Parameter set ID: V
   XID sequencing: seq: 3 retry: 0
   Destination airport: LEAL
   Aircraft location: 44.2N 5.5E 36000 ft
   Alternate ground stations: 11984A
   AVLC specific options: 24
   Connection management: 01

[2025-02-17 00:08:38 CET] [136.975] [-9.5/-30.6 dBFS] [21.0 dB] [3.6 ppm]
407A06 (Aircraft, Airborne) -> 10F63A (Ground station): Command
AVLC type: I sseq: 4 rseq: 6 poll: 0
 X.25 Data: grp: 11 chan: 255 sseq: 0 rseq: 2 more: 0
  X.25 reasm status: skipped
  X.233 CLNP Data (compressed header):
   LRef: 0x41 Prio: 11 Flags: 0xf6
   Lifetime: 20.0 sec
   PDU Id: 0x218
   X.224 COTP Data Ack:
    dst_ref: 0xbfa4
    rseq: 2 credit: 2
    Flow control:
     Acked TPDU nr: 2
     Acked subsequence: 0
     Acked credit: 15
    ATN checksum: 98 19 05 8e

