[2025-05-13 00:00:03 CEST] [136.775] [-12.0/-31.7 dBFS] [19.7 dB] [-1.0 ppm]
4948B5 (Aircraft, Airborne) -> 233925 (Ground station): Command
AVLC type: U (XID) P/F: 1
 XID: Handoff Initiation
  Public params:
   Parameter set ID: 8885:1993
   Procedure classes: 00 01
   HDLC options: 20 a4 88
  VDL params:
   Parameter set ID: V
   Connection management: 05
   XID sequencing: seq: 2 retry: 1
   AVLC specific options: 25
   Destination airport: EGGW

[2025-05-13 00:00:06 CEST] [136.975] [-4.5/-32.0 dBFS] [27.5 dB] [3.0 ppm]
4D23FD (Aircraft, Airborne) -> 10985A (Ground station): Command
AVLC type: U (XID) P/F: 1
 XID: Handoff Initiation
  Public params:
   Parameter set ID: 8885:1993
   Procedure classes: 00 01
   HDLC options: 20 84 80
  VDL params:
   Parameter set ID: V
   XID sequencing: seq: 3 retry: 0
   Destination airport: EDFH
   Aircraft location: 0.0N 0.0E 0 ft
   Alternate ground stations: 10952A
   AVLC specific options: 24
   Connection management: 01

[2025-05-13 00:00:06 CEST] [136.725] [-13.1/-31.8 dBFS] [18.7 dB] [2.7 ppm]
4D24BA (Aircraft, Airborne) -> 11984A (Ground station): Command
AVLC type: I sseq: 6 rseq: 0 poll: 0
 ACARS:
  Reassembly: skipped
  Reg: .9H-NEE Flight: KMM103
  Mode: 2 Label: 80 Blk id: 7 More: 0 Ack: ! Msg num: M58A
  Message:
   3N01 POSRPT 0103/12 EGLL/LMML .9H-NEE
   /POS N43428E004226/ALT +37026/MCH 776/FOB 0054/ETA 2334

[2025-05-13 00:00:08 CEST] [136.725] [-13.0/-31.7 dBFS] [18.7 dB] [2.7 ppm]
4D24BA (Aircraft, Airborne) -> 11984A (Ground station): Command
AVLC type: I sseq: 7 rseq: 2 poll: 0
 X.25 Data: grp: 11 chan: 255 sseq: 6 rseq: 2 more: 0
  X.25 reasm status: skipped
  X.233 CLNP Data (compressed header):
   LRef: 0x44 Prio: 11 Flags: 0xf6
   Lifetime: 20.0 sec
   PDU Id: 0x2fe
   X.224 COTP Data Ack:
    dst_ref: 0xbe22
    rseq: 2 credit: 2
    Flow control:
     Acked TPDU nr: 2
     Acked subsequence: 0
     Acked credit: 15
    ATN checksum: f4 10 d6 a8

[2025-05-13 00:00:14 CEST] [136.725] [-12.5/-32.4 dBFS] [19.9 dB] [2.7 ppm]
4D24BA (Aircraft, Airborne) -> 11984A (Ground station): Command
AVLC type: I sseq: 1 rseq: 3 poll: 0
 ACARS:
  Reassembly: skipped
  Reg: .9H-NEE Flight: KMM103
  Mode: 2 Label: H1 Blk id: 9 More: 0 Ack: ! Msg num: F53A
  Sublabel: M1
  Message:
   POSN43423E004235,FJR039-0176,220011,370,DIVKO039-0182,220505,AMFAC040-0184,M51,26627,1209A94

[2025-05-13 00:00:16 CEST] [136.975] [-15.3/-32.2 dBFS] [16.9 dB] [1.9 ppm]
407E5F (Aircraft, Airborne) -> 10FA5A (Ground station): Command
AVLC type: I sseq: 1 rseq: 3 poll: 0
 X.25 Data: grp: 11 chan: 255 sseq: 7 rseq: 1 more: 0
  X.25 reasm status: skipped
  X.233 CLNP Data (compressed header):
   LRef: 0x41 Prio: 11 Flags: 0xf6
   Lifetime: 20.0 sec
   PDU Id: 0x294
   X.224 COTP Data Ack:
    dst_ref: 0xbe15
    rseq: 4 credit: 3
    Flow control:
     Acked TPDU nr: 4
     Acked subsequence: 0
     Acked credit: 15
    ATN checksum: 6d 01 5b a9

[2025-05-13 00:00:29 CEST] [136.725] [0.6/-32.4 dBFS] [33.1 dB] [1.9 ppm]
4D221A (Aircraft, Airborne) -> 11984A (Ground station): Command
AVLC type: I sseq: 4 rseq: 5 poll: 0
 X.25 Data: grp: 11 chan: 255 sseq: 1 rseq: 2 more: 0
  X.25 reasm status: skipped
  X.233 CLNP Data (compressed header):
   LRef: 0x1 Prio: 11 Flags: 0xc0
   Lifetime: 50.0 sec
   PDU Id: 0x31b
   X.224 COTP Data Ack:
    dst_ref: 0xbe17
    rseq: 4 credit: 3
    Checksum: b7 8b
    Flow control:
     Acked TPDU nr: 4
     Acked subsequence: 0
     Acked credit: 15

[2025-05-13 00:00:30 CEST] [136.675] [-11.7/-32.3 dBFS] [20.6 dB] [2.6 ppm]
4D2407 (Aircraft, Airborne) -> 11907A (Ground station): Command
AVLC type: I sseq: 2 rseq: 4 poll: 0
 X.25 Data: grp: 11 chan: 255 sseq: 7 rseq: 1 more: 0
  X.25 reasm status: skipped
  X.233 CLNP Data (compressed header):
   LRef: 0x42 Prio: 11 Flags: 0xf6
   Lifetime: 20.0 sec
   PDU Id: 0x47
   X.224 COTP Data Ack:
    dst_ref: 0xbe10
    rseq: 4 credit: 3
    Flow control:
     Acked TPDU nr: 4
     Acked subsequence: 0
     Acked credit: 15
    ATN checksum: 50 0e 92 3d

[2025-05-13 00:00:31 CEST] [136.975] [-6.2/-31.8 dBFS] [25.6 dB] [2.9 ppm]
4D23FD (Aircraft, Airborne) -> 10985A (Ground station): Command
AVLC type: I sseq: 2 rseq: 2 poll: 0
 ACARS:
  Reassembly: skipped
  Reg: .9H-QEU Flight: FR52LZ
  Mode: 2 Label: 16 Blk id: 2 More: 0 Ack: ! Msg num: M39A
  Message:
   220031,,2254, 108,N   .    MMMM.MMM

[2025-05-13 00:00:38 CEST] [136.975] [-7.9/-32.4 dBFS] [24.5 dB] [2.9 ppm]
4D23FD (Aircraft, Airborne) -> 10985A (Ground station): Command
AVLC type: I sseq: 3 rseq: 4 poll: 0
 X.25 Data: grp: 11 chan: 254 sseq: 0 rseq: 1 more: 0
  X.25 reasm status: skipped
  X.233 CLNP Data (compressed header):
   LRef: 0x41 Prio: 11 Flags: 0xc0
   Lifetime: 50.0 sec
   PDU Id: 0x31b
   X.224 COTP Data Ack:
    dst_ref: 0xbe09
    rseq: 5 credit: 3
    Checksum: 00 4f
    Flow control:
     Acked TPDU nr: 5
     Acked subsequence: 0
     Acked credit: 15

[2025-05-13 00:00:50 CEST] [136.725] [-12.2/-31.6 dBFS] [19.4 dB] [1.9 ppm]
4CA9EA (Aircraft, Airborne) -> 11985A (Ground station): Command
AVLC type: I sseq: 1 rseq: 2 poll: 0
 X.25 Data: grp: 11 chan: 255 sseq: 7 rseq: 0 more: 0
  X.25 reasm status: skipped
  X.233 CLNP Data (compressed header):
   LRef: 0x41 Prio: 11 Flags: 0xc0
   Lifetime: 50.0 sec
   PDU Id: 0x1933
   X.224 COTP Data Ack:
    dst_ref: 0xbe13
    rseq: 4 credit: 3
    Checksum: cb 7b
    Flow control:
     Acked TPDU nr: 4
     Acked subsequence: 0
     Acked credit: 15

[2025-05-13 00:00:54 CEST] [136.725] [-11.5/-32.2 dBFS] [20.7 dB] [1.8 ppm]
4CA9EA (Aircraft, Airborne) -> 11985A (Ground station): Command
AVLC type: I sseq: 1 rseq: 2 poll: 0
 X.25 Data: grp: 11 chan: 255 sseq: 7 rseq: 0 more: 0
  X.25 reasm status: skipped
  X.233 CLNP Data (compressed header):
   LRef: 0x41 Prio: 11 Flags: 0xc0
   Lifetime: 50.0 sec
   PDU Id: 0x1933
   X.224 COTP Data Ack:
    dst_ref: 0xbe13
    rseq: 4 credit: 3
    Checksum: cb 7b
    Flow control:
     Acked TPDU nr: 4
     Acked subsequence: 0
     Acked credit: 15

[2025-05-13 00:01:07 CEST] [136.675] [-13.5/-32.2 dBFS] [18.7 dB] [2.5 ppm]
4CA9D1 (Aircraft, Airborne) -> 11907A (Ground station): Command
AVLC type: I sseq: 6 rseq: 7 poll: 0
 X.25 Data: grp: 11 chan: 255 sseq: 0 rseq: 1 more: 0
  X.25 reasm status: skipped
  X.233 CLNP Data (compressed header):
   LRef: 0x41 Prio: 11 Flags: 0xc0
   Lifetime: 50.0 sec
   PDU Id: 0x8d7
   X.224 COTP Data Ack:
    dst_ref: 0xbe20
    rseq: 2 credit: 2
    Checksum: 8d b1
    Flow control:
     Acked TPDU nr: 2
     Acked subsequence: 0
     Acked credit: 15

[2025-05-13 00:01:18 CEST] [136.975] [-11.5/-32.1 dBFS] [20.6 dB] [3.0 ppm]
4D23FD (Aircraft, Airborne) -> 10985A (Ground station): Command
AVLC type: I sseq: 4 rseq: 5 poll: 0
 X.25 Data: grp: 11 chan: 254 sseq: 1 rseq: 2 more: 0
  X.25 reasm status: skipped
  X.233 CLNP Data (compressed header):
   LRef: 0x41 Prio: 11 Flags: 0xc0
   Lifetime: 50.0 sec
   PDU Id: 0x31c
   X.224 COTP Data Ack:
    dst_ref: 0xbe09
    rseq: 6 credit: 3
    Checksum: fa 06

[2025-05-13 00:01:19 CEST] [136.975] [-12.0/-31.8 dBFS] [19.8 dB] [2.9 ppm]
4D23FD (Aircraft, Airborne) -> 10985A (Ground station): Command
AVLC type: I sseq: 5 rseq: 5 poll: 0
 X.25 Data: grp: 11 chan: 254 sseq: 2 rseq: 2 more: 0
  X.25 reasm status: skipped
  X.233 CLNP Data (compressed header):
   LRef: 0x41 Prio: 11 Flags: 0xc0
   Lifetime: 50.0 sec
   PDU Id: 0x31d
   X.224 COTP Data:
    dst_ref: 0xbe09
    sseq: 5 req_of_ack: 0 EoT: 1
    COTP reasm status: skipped
    Checksum: 22 5d
    CPDLC Downlink Message:
     Header:
      Msg ID: 5
      Msg Ref: 7
      Timestamp: 2025-05-12 22:01:18
      Logical ACK: notRequired
     Message data:
      LOGICAL ACKNOWLEDGMENT

[2025-05-13 00:01:26 CEST] [136.975] [-12.8/-32.0 dBFS] [19.1 dB] [2.8 ppm]
4D23FD (Aircraft, Airborne) -> 10985A (Ground station): Command
AVLC type: I sseq: 6 rseq: 6 poll: 0
 X.25 Data: grp: 11 chan: 254 sseq: 3 rseq: 3 more: 0
  X.25 reasm status: skipped
  X.233 CLNP Data (compressed header):
   LRef: 0x41 Prio: 11 Flags: 0xc0
   Lifetime: 50.0 sec
   PDU Id: 0x31e
   X.224 COTP Data:
    dst_ref: 0xbe09
    sseq: 6 req_of_ack: 0 EoT: 1
    COTP reasm status: skipped
    Checksum: eb 48
    X.227 ACSE Release Response:
     Reason: normal
     CPDLC Downlink Message:
      Header:
       Msg ID: 6
       Msg Ref: 7
       Timestamp: 2025-05-12 22:01:25
       Logical ACK: notRequired
      Message data:
       WILCO

[2025-05-13 00:01:28 CEST] [136.975] [-14.3/-31.9 dBFS] [17.7 dB] [2.7 ppm]
4D23FD (Aircraft, Airborne) -> 10985A (Ground station): Command
AVLC type: I sseq: 7 rseq: 0 poll: 0
 X.25 Data: grp: 11 chan: 254 sseq: 4 rseq: 5 more: 0
  X.25 reasm status: skipped
  X.233 CLNP Data (compressed header):
   LRef: 0x41 Prio: 11 Flags: 0xc0
   Lifetime: 50.0 sec
   PDU Id: 0x31f
   X.224 COTP Disconnect Confirm:
    src_ref: 0x000c dst_ref: 0xbe09
    Checksum: bb e0

[2025-05-13 00:01:36 CEST] [136.725] [-4.5/-32.3 dBFS] [27.8 dB] [2.6 ppm]
4D24BA (Aircraft, Airborne) -> 11984A (Ground station): Command
AVLC type: I sseq: 2 rseq: 5 poll: 0
 X.25 Data: grp: 11 chan: 255 sseq: 7 rseq: 3 more: 0
  X.25 reasm status: skipped
  X.233 CLNP Data (compressed header):
   LRef: 0x44 Prio: 11 Flags: 0xf6
   Lifetime: 20.0 sec
   PDU Id: 0x2ff
   X.224 COTP Data Ack:
    dst_ref: 0xbe22
    rseq: 2 credit: 2
    Flow control:
     Acked TPDU nr: 2
     Acked subsequence: 0
     Acked credit: 15
    ATN checksum: f4 10 d6 a8

[2025-05-13 00:01:46 CEST] [136.825] [-12.4/-31.4 dBFS] [19.0 dB] [3.1 ppm]
4D23FD (Aircraft, Airborne) -> 119C2A (Ground station): Command
AVLC type: U (XID) P/F: 1
 XID: Handoff Initiation
  Public params:
   Parameter set ID: 8885:1993
   Procedure classes: 00 01
   HDLC options: 20 84 80
  VDL params:
   Parameter set ID: V
   XID sequencing: seq: 4 retry: 0
   Destination airport: EDFH
   Aircraft location: 0.0N 0.0E 0 ft
   Alternate ground stations: 12984A
   AVLC specific options: 24
   Connection management: 01

[2025-05-13 00:01:47 CEST] [136.975] [-14.6/-32.2 dBFS] [17.6 dB] [4.1 ppm]
4CAC86 (Aircraft, Airborne) -> 10985A (Ground station): Command
AVLC type: U (XID) P/F: 1
 XID: Link Establishment
  Public params:
   Parameter set ID: 8885:1993
   Procedure classes: 00 01
   HDLC options: 20 84 80
  VDL params:
   Parameter set ID: V
   XID sequencing: seq: 0 retry: 0
   Modulation support: VDL-M2, D8PSK, 31500 bps
   Destination airport: EGPH
   Aircraft location: 43.4N 7.4E 36000 ft
   AVLC specific options: 24
   Connection management: 00

[2025-05-13 00:01:48 CEST] [136.975] [-12.1/-32.0 dBFS] [19.9 dB] [1.8 ppm]
407E5F (Aircraft, Airborne) -> 10FA5A (Ground station): Command
AVLC type: I sseq: 5 rseq: 6 poll: 0
 X.25 Data: grp: 11 chan: 255 sseq: 0 rseq: 2 more: 0
  X.25 reasm status: skipped
  X.233 CLNP Data (compressed header):
   LRef: 0x41 Prio: 11 Flags: 0xf6
   Lifetime: 20.0 sec
   PDU Id: 0x295
   X.224 COTP Data Ack:
    dst_ref: 0xbe15
    rseq: 4 credit: 3
    Flow control:
     Acked TPDU nr: 4
     Acked subsequence: 0
     Acked credit: 15
    ATN checksum: 6d 01 5b a9

[2025-05-13 00:01:49 CEST] [136.975] [-13.9/-32.2 dBFS] [18.3 dB] [4.3 ppm]
4CAC86 (Aircraft, Airborne) -> 10985A (Ground station): Command
AVLC type: I sseq: 2 rseq: 3 poll: 0
 X.25 Data: grp: 11 chan: 255 sseq: 0 rseq: 2 more: 0
  X.25 reasm status: skipped
  X.233 CLNP Data (compressed header):
   LRef: 0x40 Prio: 14 Flags: 0xc0
   Lifetime: 50.0 sec
   PDU Id: 0x1ea4
   IDRP Open: seq: 1 ack: 1 credit_offered: 5 credit_avail: 3
    Hold Time: 900 seconds
    Max. PDU size: 3000 octets
    Source RDI: 47 00 27 41 52 59 52 00 4c ac 86	"G.'ARYR.L.."
    RIB Attribute Set:
     RibAtt #0:
      Security:
       Reg ID: 06 04 2b 1b 00 00
    Auth mechanism: simple checksum

[2025-05-13 00:01:50 CEST] [136.975] [-14.2/-31.9 dBFS] [17.8 dB] [4.4 ppm]
4CAC86 (Aircraft, Airborne) -> 10985A (Ground station): Command
AVLC type: I sseq: 3 rseq: 6 poll: 0
 ACARS:
  Reassembly: skipped
  Reg: .EI-HMZ Flight: FR93GR
  Mode: 2 Label: 16 Blk id: 5 More: 0 Ack: ! Msg num: M74A
  Message:
   215815,36003,0009, 156,N 43.130 E  7.791

[2025-05-13 00:01:52 CEST] [136.975] [-13.8/-32.0 dBFS] [18.2 dB] [4.1 ppm]
4CAC86 (Aircraft, Airborne) -> 10985A (Ground station): Command
AVLC type: I sseq: 6 rseq: 7 poll: 0
 X.25 Data: grp: 11 chan: 255 sseq: 3 rseq: 4 more: 0
  X.25 reasm status: skipped
  X.233 CLNP Data (compressed header):
   LRef: 0x40 Prio: 14 Flags: 0xc0
   Lifetime: 50.0 sec
   PDU Id: 0x1ea6
   IDRP Update: seq: 2 ack: 2 credit_offered: 5 credit_avail: 3
    Route:
     ID: 2
     Local preference: 0
    RD path:
     RD_SEQ:
      47 00 27 41 52 59 52 00 4c ac 86	"G.'ARYR.L.."
    RD hop count: 1
    Security:
     Reg ID: 06 04 2b 1b 00 00
     Info:
      Supported ATSC classes: all
    Capacity: 13
    Reachability info:
     Protocol: CLNP
     Prefix length: 88
     Dest. address prefix: 47 00 27 41 52 59 52 00 4c ac 86	"G.'ARYR.L.."

[2025-05-13 00:01:53 CEST] [136.975] [-12.7/-31.9 dBFS] [19.2 dB] [4.4 ppm]
4CAC86 (Aircraft, Airborne) -> 10985A (Ground station): Command
AVLC type: I sseq: 7 rseq: 7 poll: 0
 ACARS:
  Reassembly: skipped
  Reg: .EI-HMZ Flight: FR93GR
  Mode: 2 Label: SA Blk id: 6 More: 0 Ack: ! Msg num: S92A
  Message:
   0E22201492/
  Media Advisory, version 0:
   Link VDL2 established at 22:01:49 UTC
   Available links: VDL2

[2025-05-13 00:02:02 CEST] [136.675] [-1.9/-31.8 dBFS] [29.8 dB] [2.2 ppm]
4D2407 (Aircraft, Airborne) -> 11907A (Ground station): Command
AVLC type: I sseq: 4 rseq: 6 poll: 0
 X.25 Data: grp: 11 chan: 255 sseq: 1 rseq: 3 more: 0
  X.25 reasm status: skipped
  X.233 CLNP Data (compressed header):
   LRef: 0x42 Prio: 11 Flags: 0xf6
   Lifetime: 20.0 sec
   PDU Id: 0x49
   X.224 COTP Data Ack:
    dst_ref: 0xbe10
    rseq: 4 credit: 3
    Flow control:
     Acked TPDU nr: 4
     Acked subsequence: 0
     Acked credit: 15
    ATN checksum: 50 0e 92 3d

[2025-05-13 00:02:05 CEST] [136.725] [0.5/-32.2 dBFS] [32.8 dB] [1.7 ppm]
4D221A (Aircraft, Airborne) -> 11984A (Ground station): Command
AVLC type: I sseq: 6 rseq: 7 poll: 0
 X.25 Data: grp: 11 chan: 255 sseq: 3 rseq: 4 more: 0
  X.25 reasm status: skipped
  X.233 CLNP Data (compressed header):
   LRef: 0x1 Prio: 11 Flags: 0xc0
   Lifetime: 50.0 sec
   PDU Id: 0x31d
   X.224 COTP Data Ack:
    dst_ref: 0xbe17
    rseq: 4 credit: 3
    Checksum: b7 8b
    Flow control:
     Acked TPDU nr: 4
     Acked subsequence: 0
     Acked credit: 15

[2025-05-13 00:02:06 CEST] [136.975] [-9.3/-32.0 dBFS] [22.6 dB] [4.1 ppm]
4CAC86 (Aircraft, Airborne) -> 10985A (Ground station): Command
AVLC type: I sseq: 1 rseq: 4 poll: 0
 X.25 Data: grp: 11 chan: 255 sseq: 4 rseq: 0 more: 0
  X.25 reasm status: skipped
  X.233 CLNP Data (compressed header):
   LRef: 0x41 Prio: 11 Flags: 0xc0
   Lifetime: 50.0 sec
   PDU Id: 0x1ea7
   X.224 COTP Data:
    dst_ref: 0xbe05
    sseq: 2 req_of_ack: 0 EoT: 1
    COTP reasm status: skipped
    Checksum: 15 1b
    X.227 ACSE Abort:
     Source: user
     Cause: no-reason-given
     CPDLC User Abort Reason: undefined

[2025-05-13 00:02:07 CEST] [136.975] [-9.4/-31.7 dBFS] [22.3 dB] [4.3 ppm]
4CAC86 (Aircraft, Airborne) -> 10985A (Ground station): Command
AVLC type: I sseq: 2 rseq: 4 poll: 0
 X.25 Data: grp: 11 chan: 255 sseq: 5 rseq: 0 more: 0
  X.25 reasm status: skipped
  X.233 CLNP Data (compressed header):
   LRef: 0x41 Prio: 11 Flags: 0xc0
   Lifetime: 50.0 sec
   PDU Id: 0x1ea8
   X.224 COTP Connect Confirm:
    src_ref: 0x001c dst_ref: 0xbe2e
    Initial Credit: 1
    Protocol class: 4
    Options: 00 (use normal PDU formats)
    Calling transport selector: 70 6d
    Called/responding transport selector: 02 02
    TPDU size (bytes): 512
    Checksum: 17 93
    Additional options: 0x00
    Ack time (ms): 1000
    Priority: 3
    Inactivity timer (ms): 360000
    X.225 Session SPDU: Short Accept
     X.227 ACSE Associate Response:
      Application context name: { 1.3.27.3.1 }
      Associate result: accept
      ATCDownlinkMessage: <empty PDU>

[2025-05-13 00:02:08 CEST] [136.975] [-10.4/-32.3 dBFS] [22.0 dB] [4.1 ppm]
4CAC86 (Aircraft, Airborne) -> 10985A (Ground station): Command
AVLC type: I sseq: 3 rseq: 5 poll: 0
 X.25 Data: grp: 11 chan: 255 sseq: 6 rseq: 1 more: 0
  X.25 reasm status: skipped
  X.233 CLNP Data (compressed header):
   LRef: 0x41 Prio: 11 Flags: 0xc0
   Lifetime: 50.0 sec
   PDU Id: 0x1ea9
   X.224 COTP Data:
    dst_ref: 0xbe2e
    sseq: 0 req_of_ack: 0 EoT: 1
    COTP reasm status: skipped
    Checksum: 3c 9a
    CPDLC Downlink Message:
     Header:
      Msg ID: 0
      Timestamp: 2025-05-12 22:02:05
      Logical ACK: required
     Message data:
      CURRENT DATA AUTHORITY

[2025-05-13 00:02:09 CEST] [136.975] [-12.2/-32.1 dBFS] [19.9 dB] [4.2 ppm]
4CAC86 (Aircraft, Airborne) -> 10985A (Ground station): Command
AVLC type: I sseq: 4 rseq: 7 poll: 0
 X.25 Data: grp: 11 chan: 255 sseq: 7 rseq: 3 more: 0
  X.25 reasm status: skipped
  X.233 CLNP Data (compressed header):
   LRef: 0x41 Prio: 11 Flags: 0xc0
   Lifetime: 50.0 sec
   PDU Id: 0x1eaa
   X.224 COTP Data Ack:
    dst_ref: 0xbe2e
    rseq: 1 credit: 2
    Checksum: 5c 85

[2025-05-13 00:02:10 CEST] [136.975] [-12.3/-32.3 dBFS] [20.0 dB] [4.4 ppm]
4CAC86 (Aircraft, Airborne) -> 10985A (Ground station): Command
AVLC type: I sseq: 6 rseq: 0 poll: 0
 X.25 Data: grp: 11 chan: 255 sseq: 1 rseq: 4 more: 0
  X.25 reasm status: skipped
  X.233 CLNP Data (compressed header):
   LRef: 0x41 Prio: 11 Flags: 0xc0
   Lifetime: 50.0 sec
   PDU Id: 0x1eac
   X.224 COTP Data:
    dst_ref: 0xbe2e
    sseq: 1 req_of_ack: 0 EoT: 1
    COTP reasm status: skipped
    Checksum: 4a 7f
    CPDLC Downlink Message:
     Header:
      Msg ID: 1
      Msg Ref: 6
      Timestamp: 2025-05-12 22:02:09
      Logical ACK: notRequired
     Message data:
      LOGICAL ACKNOWLEDGMENT

[2025-05-13 00:02:15 CEST] [136.675] [-14.2/-31.9 dBFS] [17.7 dB] [4.0 ppm]
4CAC86 (Aircraft, Airborne) -> 11907A (Ground station): Command
AVLC type: U (XID) P/F: 1
 XID: Handoff Initiation
  Public params:
   Parameter set ID: 8885:1993
   Procedure classes: 00 01
   HDLC options: 20 84 80
  VDL params:
   Parameter set ID: V
   XID sequencing: seq: 1 retry: 0
   Destination airport: EGPH
   Aircraft location: 43.5N 7.4E 35000 ft
   Alternate ground stations: 12957A
   AVLC specific options: 24
   Connection management: 01

[2025-05-13 00:02:39 CEST] [136.675] [-15.1/-32.0 dBFS] [16.9 dB] [2.4 ppm]
4CA9D1 (Aircraft, Airborne) -> 11907A (Ground station): Command
AVLC type: I sseq: 0 rseq: 1 poll: 0
 X.25 Data: grp: 11 chan: 255 sseq: 2 rseq: 3 more: 0
  X.25 reasm status: skipped
  X.233 CLNP Data (compressed header):
   LRef: 0x41 Prio: 11 Flags: 0xc0
   Lifetime: 50.0 sec
   PDU Id: 0x8d9
   X.224 COTP Data Ack:
    dst_ref: 0xbe20
    rseq: 2 credit: 2
    Checksum: 8d b1
    Flow control:
     Acked TPDU nr: 2
     Acked subsequence: 0
     Acked credit: 15

[2025-05-13 00:02:58 CEST] [136.675] [0.8/-32.1 dBFS] [32.9 dB] [1.9 ppm]
4D2407 (Aircraft, Airborne) -> 11907A (Ground station): Command
AVLC type: I sseq: 5 rseq: 6 poll: 0
 ACARS:
  Reassembly: skipped
  Reg: .9H-EUS Flight: LH006K
  Mode: 2 Label: 1L Blk id: 3 More: 0 Ack: ! Msg num: M22A
  Message:
   00017209219PB5QRFOYY6013,22JRS5(3JMM-AFBPP3FL44Q*BV)V

[2025-05-13 00:03:08 CEST] [136.725] [-5.8/-32.0 dBFS] [26.2 dB] [2.6 ppm]
4D24BA (Aircraft, Airborne) -> 11984A (Ground station): Command
AVLC type: I sseq: 3 rseq: 6 poll: 0
 X.25 Data: grp: 11 chan: 255 sseq: 0 rseq: 4 more: 0
  X.25 reasm status: skipped
  X.233 CLNP Data (compressed header):
   LRef: 0x44 Prio: 11 Flags: 0xf6
   Lifetime: 20.0 sec
   PDU Id: 0x300
   X.224 COTP Data Ack:
    dst_ref: 0xbe22
    rseq: 2 credit: 2
    Flow control:
     Acked TPDU nr: 2
     Acked subsequence: 0
     Acked credit: 15
    ATN checksum: f4 10 d6 a8

[2025-05-13 00:03:14 CEST] [136.675] [-13.4/-32.3 dBFS] [19.0 dB] [4.2 ppm]
4CAC86 (Aircraft, Airborne) -> 11907A (Ground station): Command
AVLC type: I sseq: 2 rseq: 3 poll: 0
 X.25 Data: grp: 11 chan: 254 sseq: 0 rseq: 1 more: 0
  X.25 reasm status: skipped
  X.233 CLNP Data (compressed header):
   LRef: 0x41 Prio: 11 Flags: 0xc0
   Lifetime: 50.0 sec
   PDU Id: 0x1eae
   X.224 COTP Disconnect Confirm:
    src_ref: 0x001b dst_ref: 0xbe05
    Checksum: 97 f9

[2025-05-13 00:03:25 CEST] [136.975] [-11.2/-32.0 dBFS] [20.8 dB] [2.6 ppm]
4CA708 (Aircraft, Airborne) -> 10F69B (Ground station): Command
AVLC type: I sseq: 1 rseq: 5 poll: 0
 X.25 Data: grp: 11 chan: 254 sseq: 2 rseq: 5 more: 0
  X.25 reasm status: skipped
  X.233 CLNP Data (compressed header):
   LRef: 0x41 Prio: 11 Flags: 0xc0
   Lifetime: 50.0 sec
   PDU Id: 0x5cb
   X.224 COTP Data Ack:
    dst_ref: 0x8d85
    rseq: 5 credit: 3
    Checksum: b7 fe

[2025-05-13 00:03:26 CEST] [136.975] [-11.2/-32.2 dBFS] [21.0 dB] [2.5 ppm]
4CA708 (Aircraft, Airborne) -> 10F69B (Ground station): Command
AVLC type: I sseq: 2 rseq: 5 poll: 0
 X.25 Data: grp: 11 chan: 254 sseq: 3 rseq: 5 more: 0
  X.25 reasm status: skipped
  X.233 CLNP Data (compressed header):
   LRef: 0x41 Prio: 11 Flags: 0xc0
   Lifetime: 50.0 sec
   PDU Id: 0x5cc
   X.224 COTP Data:
    dst_ref: 0x8d85
    sseq: 4 req_of_ack: 0 EoT: 1
    COTP reasm status: skipped
    Checksum: ca 7d
    CPDLC Downlink Message:
     Header:
      Msg ID: 4
      Msg Ref: 4
      Timestamp: 2025-05-12 22:03:25
      Logical ACK: notRequired
     Message data:
      LOGICAL ACKNOWLEDGMENT

[2025-05-13 00:03:32 CEST] [136.725] [-2.5/-32.1 dBFS] [29.6 dB] [1.4 ppm]
4D221A (Aircraft, Airborne) -> 11984A (Ground station): Command
AVLC type: I sseq: 7 rseq: 0 poll: 0
 X.25 Data: grp: 11 chan: 255 sseq: 4 rseq: 5 more: 0
  X.25 reasm status: skipped
  X.233 CLNP Data (compressed header):
   LRef: 0x1 Prio: 11 Flags: 0xc0
   Lifetime: 50.0 sec
   PDU Id: 0x31e
   X.224 COTP Data Ack:
    dst_ref: 0xbe17
    rseq: 4 credit: 3
    Checksum: b7 8b
    Flow control:
     Acked TPDU nr: 4
     Acked subsequence: 0
     Acked credit: 15

[2025-05-13 00:03:33 CEST] [136.975] [-13.5/-32.0 dBFS] [18.5 dB] [0.6 ppm]
AC3EFD (Aircraft, Airborne) -> 10907A (Ground station): Command
AVLC type: I sseq: 2 rseq: 1 poll: 1
 ACARS:
  Reassembly: skipped
  Reg: ..N8888 Flight: XA0000
  Mode: 2 Label: 20 Blk id: 1 More: 0 Ack: ! Msg num: M45A
  Message:
   POSN43306E006247,,220332,130,MUS      ,000211,,N9 ,28210,31,317

[2025-05-13 00:03:34 CEST] [136.675] [-0.4/-32.3 dBFS] [31.9 dB] [1.9 ppm]
4D2407 (Aircraft, Airborne) -> 11907A (Ground station): Command
AVLC type: I sseq: 6 rseq: 0 poll: 0
 X.25 Data: grp: 11 chan: 255 sseq: 2 rseq: 4 more: 0
  X.25 reasm status: skipped
  X.233 CLNP Data (compressed header):
   LRef: 0x42 Prio: 11 Flags: 0xf6
   Lifetime: 20.0 sec
   PDU Id: 0x4a
   X.224 COTP Data Ack:
    dst_ref: 0xbe10
    rseq: 4 credit: 3
    Flow control:
     Acked TPDU nr: 4
     Acked subsequence: 0
     Acked credit: 15
    ATN checksum: 50 0e 92 3d

[2025-05-13 00:03:40 CEST] [136.975] [-14.3/-32.1 dBFS] [17.8 dB] [2.4 ppm]
4CA708 (Aircraft, Airborne) -> 10F69B (Ground station): Command
AVLC type: I sseq: 3 rseq: 6 poll: 0
 X.25 Data: grp: 11 chan: 254 sseq: 4 rseq: 6 more: 0
  X.25 reasm status: skipped
  X.233 CLNP Data (compressed header):
   LRef: 0x41 Prio: 11 Flags: 0xc0
   Lifetime: 50.0 sec
   PDU Id: 0x5cd
   X.224 COTP Data:
    dst_ref: 0x8d85
    sseq: 5 req_of_ack: 0 EoT: 1
    COTP reasm status: skipped
    Checksum: 5f d8
    X.227 ACSE Release Response:
     Reason: normal
     CPDLC Downlink Message:
      Header:
       Msg ID: 5
       Msg Ref: 4
       Timestamp: 2025-05-12 22:03:39
       Logical ACK: notRequired
      Message data:
       WILCO

[2025-05-13 00:03:43 CEST] [136.975] [-13.6/-32.2 dBFS] [18.7 dB] [2.4 ppm]
4CA708 (Aircraft, Airborne) -> 10F69B (Ground station): Command
AVLC type: I sseq: 5 rseq: 1 poll: 0
 X.25 Data: grp: 11 chan: 254 sseq: 6 rseq: 1 more: 0
  X.25 reasm status: skipped
  X.233 CLNP Data (compressed header):
   LRef: 0x42 Prio: 11 Flags: 0xc0
   Lifetime: 50.0 sec
   PDU Id: 0x5cf
   X.224 COTP Data Ack:
    dst_ref: 0xbe24
    rseq: 1 credit: 2
    Checksum: 8e 5d

[2025-05-13 00:03:43 CEST] [136.975] [-13.4/-32.2 dBFS] [18.8 dB] [2.3 ppm]
4CA708 (Aircraft, Airborne) -> 10F69B (Ground station): Command
AVLC type: I sseq: 6 rseq: 1 poll: 0
 X.25 Data: grp: 11 chan: 254 sseq: 7 rseq: 1 more: 0
  X.25 reasm status: skipped
  X.233 CLNP Data (compressed header):
   LRef: 0x41 Prio: 11 Flags: 0xc0
   Lifetime: 50.0 sec
   PDU Id: 0x5d0
   X.224 COTP Disconnect Confirm:
    src_ref: 0x000e dst_ref: 0x8d85
    Checksum: 21 2e

[2025-05-13 00:03:44 CEST] [136.725] [-16.4/-31.8 dBFS] [15.4 dB] [2.1 ppm]
4CA9EA (Aircraft, Airborne) -> 11985A (Ground station): Command
AVLC type: I sseq: 3 rseq: 4 poll: 0
 X.25 Data: grp: 11 chan: 255 sseq: 1 rseq: 2 more: 0
  X.25 reasm status: skipped
  X.233 CLNP Data (compressed header):
   LRef: 0x41 Prio: 11 Flags: 0xc0
   Lifetime: 50.0 sec
   PDU Id: 0x1935
   X.224 COTP Data Ack:
    dst_ref: 0xbe13
    rseq: 5 credit: 3
    Checksum: cc 2b

[2025-05-13 00:03:59 CEST] [136.975] [-14.7/-31.8 dBFS] [17.1 dB] [2.6 ppm]
4CA708 (Aircraft, Airborne) -> 10F69B (Ground station): Command
AVLC type: I sseq: 7 rseq: 2 poll: 0
 X.25 Data: grp: 11 chan: 254 sseq: 0 rseq: 2 more: 0
  X.25 reasm status: skipped
  X.233 CLNP Data (compressed header):
   LRef: 0x42 Prio: 11 Flags: 0xc0
   Lifetime: 50.0 sec
   PDU Id: 0x5d1
   X.224 COTP Data Ack:
    dst_ref: 0xbe24
    rseq: 2 credit: 2
    Checksum: 8a 60

[2025-05-13 00:04:00 CEST] [136.975] [-14.6/-31.8 dBFS] [17.3 dB] [2.7 ppm]
4CA708 (Aircraft, Airborne) -> 10F69B (Ground station): Command
AVLC type: I sseq: 0 rseq: 2 poll: 0
 X.25 Data: grp: 11 chan: 254 sseq: 1 rseq: 2 more: 0
  X.25 reasm status: skipped
  X.233 CLNP Data (compressed header):
   LRef: 0x42 Prio: 11 Flags: 0xc0
   Lifetime: 50.0 sec
   PDU Id: 0x5d2
   X.224 COTP Data:
    dst_ref: 0xbe24
    sseq: 1 req_of_ack: 0 EoT: 1
    COTP reasm status: skipped
    Checksum: af 9b
    CPDLC Downlink Message:
     Header:
      Msg ID: 1
      Msg Ref: 2
      Timestamp: 2025-05-12 22:03:59
      Logical ACK: notRequired
     Message data:
      LOGICAL ACKNOWLEDGMENT

[2025-05-13 00:04:42 CEST] [136.725] [0.7/-31.8 dBFS] [32.6 dB] [2.3 ppm]
4D24BA (Aircraft, Airborne) -> 11984A (Ground station): Command
AVLC type: I sseq: 5 rseq: 0 poll: 0
 X.25 Data: grp: 11 chan: 255 sseq: 2 rseq: 6 more: 0
  X.25 reasm status: skipped
  X.233 CLNP Data (compressed header):
   LRef: 0x44 Prio: 11 Flags: 0xf6
   Lifetime: 20.0 sec
   PDU Id: 0x302
   X.224 COTP Data Ack:
    dst_ref: 0xbe22
    rseq: 2 credit: 2
    Flow control:
     Acked TPDU nr: 2
     Acked subsequence: 0
     Acked credit: 15
    ATN checksum: f4 10 d6 a8

[2025-05-13 00:05:01 CEST] [136.675] [-1.1/-32.2 dBFS] [31.1 dB] [1.6 ppm]
4D2407 (Aircraft, Airborne) -> 11907A (Ground station): Command
AVLC type: I sseq: 3 rseq: 4 poll: 0
 ACARS:
  Reassembly: skipped
  Reg: .9H-EUS Flight: LH006K
  Mode: 2 Label: 1L Blk id: 8 More: 0 Ack: ! Msg num: M23A
  Message:
   00018237731IX43+STIEEG43O((,20077M

[2025-05-13 00:05:04 CEST] [136.725] [0.9/-32.0 dBFS] [32.8 dB] [1.1 ppm]
4D221A (Aircraft, Airborne) -> 11984A (Ground station): Command
AVLC type: I sseq: 0 rseq: 1 poll: 0
 X.25 Data: grp: 11 chan: 255 sseq: 5 rseq: 6 more: 0
  X.25 reasm status: skipped
  X.233 CLNP Data (compressed header):
   LRef: 0x1 Prio: 11 Flags: 0xc0
   Lifetime: 50.0 sec
   PDU Id: 0x31f
   X.224 COTP Data Ack:
    dst_ref: 0xbe17
    rseq: 4 credit: 3
    Checksum: b7 8b
    Flow control:
     Acked TPDU nr: 4
     Acked subsequence: 0
     Acked credit: 15

[2025-05-13 00:05:06 CEST] [136.675] [-1.3/-31.7 dBFS] [30.4 dB] [1.9 ppm]
4D2407 (Aircraft, Airborne) -> 11907A (Ground station): Command
AVLC type: I sseq: 4 rseq: 6 poll: 0
 X.25 Data: grp: 11 chan: 255 sseq: 3 rseq: 5 more: 0
  X.25 reasm status: skipped
  X.233 CLNP Data (compressed header):
   LRef: 0x42 Prio: 11 Flags: 0xf6
   Lifetime: 20.0 sec
   PDU Id: 0x4b
   X.224 COTP Data Ack:
    dst_ref: 0xbe10
    rseq: 4 credit: 3
    Flow control:
     Acked TPDU nr: 4
     Acked subsequence: 0
     Acked credit: 15
    ATN checksum: 50 0e 92 3d

[2025-05-13 00:05:15 CEST] [136.725] [1.0/-31.9 dBFS] [32.9 dB] [1.0 ppm]
4D221A (Aircraft, Airborne) -> 1199BA (Ground station): Command
AVLC type: U (XID) P/F: 1
 XID: Handoff Initiation
  Public params:
   Parameter set ID: 8885:1993
   Procedure classes: 00 01
   HDLC options: 20 84 80
  VDL params:
   Parameter set ID: V
   XID sequencing: seq: 0 retry: 0
   Destination airport: LEBL
   Aircraft location: 43.5N 4.8E 0 ft
   Alternate ground stations: 11985A 11905A 1190AA
   AVLC specific options: 24
   Connection management: 01

[2025-05-13 00:05:15 CEST] [136.675] [-10.1/-32.2 dBFS] [22.1 dB] [4.1 ppm]
4CAC86 (Aircraft, Airborne) -> 11907A (Ground station): Command
AVLC type: I sseq: 4 rseq: 5 poll: 0
 X.25 Data: grp: 11 chan: 254 sseq: 2 rseq: 3 more: 0
  X.25 reasm status: skipped
  X.233 CLNP Data (compressed header):
   LRef: 0x41 Prio: 11 Flags: 0xc0
   Lifetime: 50.0 sec
   PDU Id: 0x1eb0
   X.224 COTP Data Ack:
    dst_ref: 0xbe2e
    rseq: 2 credit: 2
    Checksum: 47 e9
    Flow control:
     Acked TPDU nr: 2
     Acked subsequence: 0
     Acked credit: 15

[2025-05-13 00:05:25 CEST] [136.725] [-4.7/-32.2 dBFS] [27.6 dB] [2.2 ppm]
4D24BA (Aircraft, Airborne) -> 11984A (Ground station): Command
AVLC type: I sseq: 6 rseq: 1 poll: 0
 X.25 Data: grp: 11 chan: 255 sseq: 3 rseq: 7 more: 0
  X.25 reasm status: skipped
  X.233 CLNP Data (compressed header):
   LRef: 0x44 Prio: 11 Flags: 0xf6
   Lifetime: 20.0 sec
   PDU Id: 0x303
   X.224 COTP Data Ack:
    dst_ref: 0xbe22
    rseq: 3 credit: 2
    ATN checksum: c7 32 74 c4
   X.224 COTP Data:
    dst_ref: 0xbe22
    sseq: 2 req_of_ack: 0 EoT: 1
    COTP reasm status: skipped
    ATN checksum: 54 f6 a2 a6
    CPDLC Downlink Message:
     Header:
      Msg ID: 2
      Msg Ref: 3
      Timestamp: 2025-05-12 22:05:23
      Logical ACK: notRequired
     Message data:
      LOGICAL ACKNOWLEDGMENT

[2025-05-13 00:05:30 CEST] [136.725] [-5.6/-31.6 dBFS] [26.0 dB] [1.8 ppm]
4D24BA (Aircraft, Airborne) -> 11984A (Ground station): Command
AVLC type: I sseq: 7 rseq: 2 poll: 0
 X.25 Data: grp: 11 chan: 255 sseq: 4 rseq: 0 more: 0
  X.25 reasm status: skipped
  X.233 CLNP Data (compressed header):
   LRef: 0x44 Prio: 11 Flags: 0xf6
   Lifetime: 20.0 sec
   PDU Id: 0x304
   X.224 COTP Data:
    dst_ref: 0xbe22
    sseq: 3 req_of_ack: 0 EoT: 1
    COTP reasm status: skipped
    ATN checksum: 34 fc c5 e3
    CPDLC Downlink Message:
     Header:
      Msg ID: 3
      Msg Ref: 3
      Timestamp: 2025-05-12 22:05:29
      Logical ACK: required
     Message data:
      WILCO

[2025-05-13 00:05:32 CEST] [136.725] [-4.1/-32.1 dBFS] [28.0 dB] [1.9 ppm]
4D24BA (Aircraft, Airborne) -> 11984A (Ground station): Command
AVLC type: I sseq: 0 rseq: 4 poll: 0
 X.25 Data: grp: 11 chan: 255 sseq: 5 rseq: 2 more: 0
  X.25 reasm status: skipped
  X.233 CLNP Data (compressed header):
   LRef: 0x44 Prio: 11 Flags: 0xf6
   Lifetime: 20.0 sec
   PDU Id: 0x305
   X.224 COTP Data Ack:
    dst_ref: 0xbe22
    rseq: 4 credit: 3
    ATN checksum: 3b d1 6f b4

[2025-05-13 00:05:33 CEST] [136.975] [-13.0/-31.9 dBFS] [18.9 dB] [2.6 ppm]
4CA708 (Aircraft, Airborne) -> 10F69B (Ground station): Command
AVLC type: I sseq: 1 rseq: 4 poll: 0
 X.25 Data: grp: 11 chan: 254 sseq: 2 rseq: 4 more: 0
  X.25 reasm status: skipped
  X.233 CLNP Data (compressed header):
   LRef: 0x42 Prio: 11 Flags: 0xc0
   Lifetime: 50.0 sec
   PDU Id: 0x5d3
   X.224 COTP Data Ack:
    dst_ref: 0xbe24
    rseq: 2 credit: 2
    Checksum: 79 c1
    Flow control:
     Acked TPDU nr: 2
     Acked subsequence: 0
     Acked credit: 15

[2025-05-13 00:06:37 CEST] [136.725] [-5.6/-31.9 dBFS] [26.2 dB] [0.8 ppm]
4D221A (Aircraft, Airborne) -> 1199BA (Ground station): Command
AVLC type: I sseq: 3 rseq: 4 poll: 0
 X.25 Data: grp: 11 chan: 254 sseq: 1 rseq: 2 more: 0
  X.25 reasm status: skipped
  X.233 CLNP Data (compressed header):
   LRef: 0x1 Prio: 11 Flags: 0xc0
   Lifetime: 50.0 sec
   PDU Id: 0x321
   X.224 COTP Data Ack:
    dst_ref: 0xbe17
    rseq: 4 credit: 3
    Checksum: b7 8b
    Flow control:
     Acked TPDU nr: 4
     Acked subsequence: 0
     Acked credit: 15

[2025-05-13 00:06:38 CEST] [136.675] [-5.2/-31.9 dBFS] [26.7 dB] [1.8 ppm]
4D2407 (Aircraft, Airborne) -> 11907A (Ground station): Command
AVLC type: I sseq: 7 rseq: 1 poll: 0
 X.25 Data: grp: 11 chan: 255 sseq: 5 rseq: 7 more: 0
  X.25 reasm status: skipped
  X.233 CLNP Data (compressed header):
   LRef: 0x42 Prio: 11 Flags: 0xf6
   Lifetime: 20.0 sec
   PDU Id: 0x4d
   X.224 COTP Data Ack:
    dst_ref: 0xbe10
    rseq: 4 credit: 3
    Flow control:
     Acked TPDU nr: 4
     Acked subsequence: 0
     Acked credit: 15
    ATN checksum: 50 0e 92 3d

[2025-05-13 00:07:03 CEST] [136.725] [-1.1/-32.0 dBFS] [30.9 dB] [1.7 ppm]
4D24BA (Aircraft, Airborne) -> 11984A (Ground station): Command
AVLC type: I sseq: 1 rseq: 5 poll: 0
 X.25 Data: grp: 11 chan: 255 sseq: 6 rseq: 3 more: 0
  X.25 reasm status: skipped
  X.233 CLNP Data (compressed header):
   LRef: 0x44 Prio: 11 Flags: 0xf6
   Lifetime: 20.0 sec
   PDU Id: 0x306
   X.224 COTP Data Ack:
    dst_ref: 0xbe22
    rseq: 4 credit: 3
    Flow control:
     Acked TPDU nr: 4
     Acked subsequence: 0
     Acked credit: 15
    ATN checksum: 9f fe ca 16

[2025-05-13 00:07:06 CEST] [136.975] [-11.2/-31.7 dBFS] [20.5 dB] [2.6 ppm]
4CA708 (Aircraft, Airborne) -> 10F69B (Ground station): Command
AVLC type: I sseq: 2 rseq: 5 poll: 0
 X.25 Data: grp: 11 chan: 254 sseq: 3 rseq: 5 more: 0
  X.25 reasm status: skipped
  X.233 CLNP Data (compressed header):
   LRef: 0x42 Prio: 11 Flags: 0xc0
   Lifetime: 50.0 sec
   PDU Id: 0x5d4
   X.224 COTP Data Ack:
    dst_ref: 0xbe24
    rseq: 2 credit: 2
    Checksum: 79 c1
    Flow control:
     Acked TPDU nr: 2
     Acked subsequence: 0
     Acked credit: 15

[2025-05-13 00:07:12 CEST] [136.675] [-8.2/-31.9 dBFS] [23.7 dB] [1.5 ppm]
4D2407 (Aircraft, Airborne) -> 11907A (Ground station): Command
AVLC type: I sseq: 0 rseq: 2 poll: 0
 X.25 Data: grp: 11 chan: 255 sseq: 6 rseq: 0 more: 0
  X.25 reasm status: skipped
  X.233 CLNP Data (compressed header):
   LRef: 0x42 Prio: 11 Flags: 0xf6
   Lifetime: 20.0 sec
   PDU Id: 0x4e
   X.224 COTP Data Ack:
    dst_ref: 0xbe10
    rseq: 5 credit: 3
    ATN checksum: b9 ad 4b 2c
   X.224 COTP Data:
    dst_ref: 0xbe10
    sseq: 4 req_of_ack: 0 EoT: 1
    COTP reasm status: skipped
    ATN checksum: d8 49 33 9f
    CPDLC Downlink Message:
     Header:
      Msg ID: 4
      Msg Ref: 5
      Timestamp: 2025-05-12 22:07:11
      Logical ACK: notRequired
     Message data:
      LOGICAL ACKNOWLEDGMENT

[2025-05-13 00:07:24 CEST] [136.675] [-6.7/-32.2 dBFS] [25.4 dB] [1.9 ppm]
4D2407 (Aircraft, Airborne) -> 11907A (Ground station): Command
AVLC type: I sseq: 1 rseq: 2 poll: 0
 X.25 Data: grp: 11 chan: 255 sseq: 7 rseq: 0 more: 0
  X.25 reasm status: skipped
  X.233 CLNP Data (compressed header):
   LRef: 0x42 Prio: 11 Flags: 0xf6
   Lifetime: 20.0 sec
   PDU Id: 0x4f
   X.224 COTP Data:
    dst_ref: 0xbe10
    sseq: 4 req_of_ack: 0 EoT: 1
    COTP reasm status: skipped
    ATN checksum: d8 49 33 9f
    CPDLC Downlink Message:
     Header:
      Msg ID: 4
      Msg Ref: 5
      Timestamp: 2025-05-12 22:07:11
      Logical ACK: notRequired
     Message data:
      LOGICAL ACKNOWLEDGMENT

[2025-05-13 00:07:32 CEST] [136.675] [-4.1/-31.9 dBFS] [27.8 dB] [1.6 ppm]
4D2407 (Aircraft, Airborne) -> 11907A (Ground station): Command
AVLC type: I sseq: 2 rseq: 4 poll: 0
 X.25 Data: grp: 11 chan: 255 sseq: 0 rseq: 2 more: 0
  X.25 reasm status: skipped
  X.233 CLNP Data (compressed header):
   LRef: 0x42 Prio: 11 Flags: 0xf6
   Lifetime: 20.0 sec
   PDU Id: 0x50
   X.224 COTP Data Ack:
    dst_ref: 0xbe10
    rseq: 5 credit: 3
    ATN checksum: b9 ad 4b 2c

[2025-05-13 00:07:39 CEST] [136.775] [-11.5/-31.6 dBFS] [20.1 dB] [2.4 ppm]
471FAE (Aircraft, Airborne) -> 210DC5 (Ground station): Command
AVLC type: I sseq: 5 rseq: 0 poll: 0
 X.25 Data: grp: 11 chan: 255 sseq: 7 rseq: 2 more: 0
  X.25 reasm status: skipped
  X.233 CLNP Data (compressed header):
   LRef: 0x43 Prio: 11 Flags: 0xf6
   Lifetime: 20.0 sec
   PDU Id: 0x18b
   X.224 COTP Data Ack:
    dst_ref: 0xbe23
    rseq: 4 credit: 3
    Flow control:
     Acked TPDU nr: 4
     Acked subsequence: 0
     Acked credit: 15
    ATN checksum: a9 53 ea 73

[2025-05-13 00:07:42 CEST] [136.775] [-12.0/-31.8 dBFS] [19.9 dB] [2.4 ppm]
471FAE (Aircraft, Airborne) -> 210DC5 (Ground station): Command
AVLC type: I sseq: 5 rseq: 0 poll: 0
 X.25 Data: grp: 11 chan: 255 sseq: 7 rseq: 2 more: 0
  X.25 reasm status: skipped
  X.233 CLNP Data (compressed header):
   LRef: 0x43 Prio: 11 Flags: 0xf6
   Lifetime: 20.0 sec
   PDU Id: 0x18b
   X.224 COTP Data Ack:
    dst_ref: 0xbe23
    rseq: 4 credit: 3
    Flow control:
     Acked TPDU nr: 4
     Acked subsequence: 0
     Acked credit: 15
    ATN checksum: a9 53 ea 73

[2025-05-13 00:08:01 CEST] [136.975] [-7.1/-32.2 dBFS] [25.1 dB] [2.5 ppm]
4CA708 (Aircraft, Airborne) -> 10F69B (Ground station): Command
AVLC type: I sseq: 4 rseq: 7 poll: 0
 X.25 Data: grp: 11 chan: 254 sseq: 5 rseq: 7 more: 0
  X.25 reasm status: skipped
  X.233 CLNP Data (compressed header):
   LRef: 0x42 Prio: 11 Flags: 0xc0
   Lifetime: 50.0 sec
   PDU Id: 0x5d6
   X.224 COTP Data Ack:
    dst_ref: 0xbe24
    rseq: 3 credit: 2
    Checksum: 86 63

[2025-05-13 00:08:02 CEST] [136.975] [-6.9/-32.4 dBFS] [25.5 dB] [2.7 ppm]
4CA708 (Aircraft, Airborne) -> 10F69B (Ground station): Command
AVLC type: I sseq: 5 rseq: 7 poll: 0
 X.25 Data: grp: 11 chan: 254 sseq: 6 rseq: 7 more: 0
  X.25 reasm status: skipped
  X.233 CLNP Data (compressed header):
   LRef: 0x42 Prio: 11 Flags: 0xc0
   Lifetime: 50.0 sec
   PDU Id: 0x5d7
   X.224 COTP Data:
    dst_ref: 0xbe24
    sseq: 2 req_of_ack: 0 EoT: 1
    COTP reasm status: skipped
    Checksum: ef 5a
    CPDLC Downlink Message:
     Header:
      Msg ID: 2
      Msg Ref: 3
      Timestamp: 2025-05-12 22:08:01
      Logical ACK: notRequired
     Message data:
      LOGICAL ACKNOWLEDGMENT

[2025-05-13 00:08:02 CEST] [136.975] [-6.7/-32.4 dBFS] [25.7 dB] [2.3 ppm]
4CA708 (Aircraft, Airborne) -> 10F69B (Ground station): Command
AVLC type: I sseq: 4 rseq: 7 poll: 0
 X.25 Data: grp: 11 chan: 254 sseq: 5 rseq: 7 more: 0
  X.25 reasm status: skipped
  X.233 CLNP Data (compressed header):
   LRef: 0x42 Prio: 11 Flags: 0xc0
   Lifetime: 50.0 sec
   PDU Id: 0x5d6
   X.224 COTP Data Ack:
    dst_ref: 0xbe24
    rseq: 3 credit: 2
    Checksum: 86 63

[2025-05-13 00:08:08 CEST] [136.725] [-5.6/-31.5 dBFS] [25.9 dB] [1.1 ppm]
4D221A (Aircraft, Airborne) -> 1199BA (Ground station): Command
AVLC type: I sseq: 4 rseq: 5 poll: 0
 X.25 Data: grp: 11 chan: 254 sseq: 2 rseq: 3 more: 0
  X.25 reasm status: skipped
  X.233 CLNP Data (compressed header):
   LRef: 0x1 Prio: 11 Flags: 0xc0
   Lifetime: 50.0 sec
   PDU Id: 0x322
   X.224 COTP Data Ack:
    dst_ref: 0xbe17
    rseq: 4 credit: 3
    Checksum: b7 8b
    Flow control:
     Acked TPDU nr: 4
     Acked subsequence: 0
     Acked credit: 15

[2025-05-13 00:08:16 CEST] [136.975] [-9.1/-31.9 dBFS] [22.8 dB] [2.7 ppm]
4CA708 (Aircraft, Airborne) -> 10F69B (Ground station): Command
AVLC type: I sseq: 6 rseq: 0 poll: 0
 X.25 Data: grp: 11 chan: 254 sseq: 7 rseq: 0 more: 0
  X.25 reasm status: skipped
  X.233 CLNP Data (compressed header):
   LRef: 0x42 Prio: 11 Flags: 0xc0
   Lifetime: 50.0 sec
   PDU Id: 0x5d8
   X.224 COTP Data:
    dst_ref: 0xbe24
    sseq: 3 req_of_ack: 0 EoT: 1
    COTP reasm status: skipped
    Checksum: 5f 62
    CPDLC Downlink Message:
     Header:
      Msg ID: 3
      Msg Ref: 3
      Timestamp: 2025-05-12 22:08:16
      Logical ACK: required
     Message data:
      WILCO

[2025-05-13 00:08:19 CEST] [136.975] [-9.5/-31.7 dBFS] [22.2 dB] [2.7 ppm]
4CA708 (Aircraft, Airborne) -> 10F69B (Ground station): Command
AVLC type: I sseq: 7 rseq: 2 poll: 0
 X.25 Data: grp: 11 chan: 254 sseq: 0 rseq: 2 more: 0
  X.25 reasm status: skipped
  X.233 CLNP Data (compressed header):
   LRef: 0x42 Prio: 11 Flags: 0xc0
   Lifetime: 50.0 sec
   PDU Id: 0x5d9
   X.224 COTP Data Ack:
    dst_ref: 0xbe24
    rseq: 4 credit: 3
    Checksum: 7b 6c

[2025-05-13 00:08:19 CEST] [136.675] [-11.3/-32.1 dBFS] [20.7 dB] [3.6 ppm]
4CAC86 (Aircraft, Airborne) -> 11907A (Ground station): Command
AVLC type: I sseq: 7 rseq: 0 poll: 0
 X.25 Data: grp: 11 chan: 254 sseq: 5 rseq: 6 more: 0
  X.25 reasm status: skipped
  X.233 CLNP Data (compressed header):
   LRef: 0x41 Prio: 11 Flags: 0xc0
   Lifetime: 50.0 sec
   PDU Id: 0x1eb3
   X.224 COTP Data Ack:
    dst_ref: 0xbe2e
    rseq: 2 credit: 2
    Checksum: 47 e9
    Flow control:
     Acked TPDU nr: 2
     Acked subsequence: 0
     Acked credit: 15

[2025-05-13 00:08:35 CEST] [136.725] [-12.1/-31.6 dBFS] [19.5 dB] [1.6 ppm]
4D24BA (Aircraft, Airborne) -> 11984A (Ground station): Command
AVLC type: I sseq: 3 rseq: 7 poll: 0
 X.25 Data: grp: 11 chan: 255 sseq: 0 rseq: 5 more: 0
  X.25 reasm status: skipped
  X.233 CLNP Data (compressed header):
   LRef: 0x44 Prio: 11 Flags: 0xf6
   Lifetime: 20.0 sec
   PDU Id: 0x308
   X.224 COTP Data Ack:
    dst_ref: 0xbe22
    rseq: 4 credit: 3
    Flow control:
     Acked TPDU nr: 4
     Acked subsequence: 0
     Acked credit: 15
    ATN checksum: 9f fe ca 16

[2025-05-13 00:08:48 CEST] [136.725] [-7.9/-32.0 dBFS] [24.1 dB] [0.7 ppm]
4D221A (Aircraft, Airborne) -> 1199BA (Ground station): Command
AVLC type: I sseq: 5 rseq: 5 poll: 0
 ACARS:
  Reassembly: skipped
  Reg: .9H-QBQ Flight: FR44YY
  Mode: 2 Label: 16 Blk id: 5 More: 0 Ack: ! Msg num: M08A
  Message:
   220847,M114140,2253, 107,N 43.169 E  4.544

[2025-05-13 00:08:51 CEST] [136.725] [-9.2/-32.0 dBFS] [22.8 dB] [0.8 ppm]
4D221A (Aircraft, Airborne) -> 1199BA (Ground station): Command
AVLC type: I sseq: 5 rseq: 5 poll: 0
 ACARS:
  Reassembly: skipped
  Reg: .9H-QBQ Flight: FR44YY
  Mode: 2 Label: 16 Blk id: 5 More: 0 Ack: ! Msg num: M08A
  Message:
   220847,M114140,2253, 107,N 43.169 E  4.544

[2025-05-13 00:08:55 CEST] [136.725] [-6.7/-31.8 dBFS] [25.1 dB] [0.8 ppm]
4D221A (Aircraft, Airborne) -> 1199BA (Ground station): Command
AVLC type: I sseq: 5 rseq: 5 poll: 0
 ACARS:
  Reassembly: skipped
  Reg: .9H-QBQ Flight: FR44YY
  Mode: 2 Label: 16 Blk id: 5 More: 0 Ack: ! Msg num: M08A
  Message:
   220847,M114140,2253, 107,N 43.169 E  4.544

[2025-05-13 00:08:57 CEST] [136.675] [-5.3/-32.3 dBFS] [27.0 dB] [1.8 ppm]
4D2407 (Aircraft, Airborne) -> 11907A (Ground station): Command
AVLC type: I sseq: 3 rseq: 5 poll: 0
 X.25 Data: grp: 11 chan: 255 sseq: 1 rseq: 3 more: 0
  X.25 reasm status: skipped
  X.233 CLNP Data (compressed header):
   LRef: 0x42 Prio: 11 Flags: 0xf6
   Lifetime: 20.0 sec
   PDU Id: 0x51
   X.224 COTP Data Ack:
    dst_ref: 0xbe10
    rseq: 5 credit: 3
    Flow control:
     Acked TPDU nr: 5
     Acked subsequence: 0
     Acked credit: 15
    ATN checksum: 4b a8 f5 42

[2025-05-13 00:08:58 CEST] [136.725] [-10.6/-32.1 dBFS] [21.5 dB] [0.9 ppm]
4D221A (Aircraft, Airborne) -> 11985A (Ground station): Response
AVLC type: U (XID) P/F: 1
 XID: Handoff Response
  Public params:
   Parameter set ID: 8885:1993
   Procedure classes: 00 01
   HDLC options: 20 84 80
  VDL params:
   Parameter set ID: V
   XID sequencing: seq: 1 retry: 0
   Destination airport: LEBL
   Aircraft location: 43.1N 4.5E 0 ft
   AVLC specific options: 24
   Connection management: 01

[2025-05-13 00:08:59 CEST] [136.725] [-10.5/-31.9 dBFS] [21.4 dB] [1.0 ppm]
4D221A (Aircraft, Airborne) -> 11985A (Ground station): Command
AVLC type: I sseq: 0 rseq: 0 poll: 0
 ACARS:
  Reassembly: skipped
  Reg: .9H-QBQ Flight: FR44YY
  Mode: 2 Label: 16 Blk id: 5 More: 0 Ack: ! Msg num: M08A
  Message:
   220847,M114140,2253, 107,N 43.169 E  4.544

[2025-05-13 00:08:59 CEST] [136.725] [-8.5/-31.6 dBFS] [23.1 dB] [0.8 ppm]
4D221A (Aircraft, Airborne) -> 11985A (Ground station): Command
AVLC type: I sseq: 1 rseq: 0 poll: 0
 ACARS:
  Reassembly: skipped
  Reg: .9H-QBQ Flight: FR44YY
  Mode: 2 Label: 16 Blk id: 5 More: 0 Ack: ! Msg num: M08A
  Message:
   220847,M114140,2253, 107,N 43.169 E  4.544

[2025-05-13 00:09:01 CEST] [136.725] [-8.0/-32.1 dBFS] [24.0 dB] [0.9 ppm]
4D221A (Aircraft, Airborne) -> 1199BA (Ground station): Command
AVLC type: I sseq: 5 rseq: 5 poll: 0
 ACARS:
  Reassembly: skipped
  Reg: .9H-QBQ Flight: FR44YY
  Mode: 2 Label: 16 Blk id: 5 More: 0 Ack: ! Msg num: M08A
  Message:
   220847,M114140,2253, 107,N 43.169 E  4.544

[2025-05-13 00:09:11 CEST] [136.775] [-6.8/-31.4 dBFS] [24.6 dB] [2.1 ppm]
471FAE (Aircraft, Airborne) -> 210DC5 (Ground station): Command
AVLC type: I sseq: 7 rseq: 2 poll: 0
 X.25 Data: grp: 11 chan: 255 sseq: 1 rseq: 3 more: 0
  X.25 reasm status: skipped
  X.233 CLNP Data (compressed header):
   LRef: 0x43 Prio: 11 Flags: 0xf6
   Lifetime: 20.0 sec
   PDU Id: 0x18d
   X.224 COTP Data Ack:
    dst_ref: 0xbe23
    rseq: 4 credit: 3
    Flow control:
     Acked TPDU nr: 4
     Acked subsequence: 0
     Acked credit: 15
    ATN checksum: a9 53 ea 73

[2025-05-13 00:09:21 CEST] [136.775] [-5.5/-31.5 dBFS] [26.0 dB] [2.2 ppm]
471FAE (Aircraft, Airborne) -> 233925 (Ground station): Command
AVLC type: U (XID) P/F: 1
 XID: Handoff Initiation
  Public params:
   Parameter set ID: 8885:1993
   Procedure classes: 00 01
   HDLC options: 20 a4 80
  VDL params:
   Parameter set ID: V
   Connection management: 01
   XID sequencing: seq: 4 retry: 0
   AVLC specific options: 25
   Destination airport: LHBP
   Aircraft location: 42.9N 6.1E 34000 ft

[2025-05-13 00:09:22 CEST] [136.975] [-6.8/-32.3 dBFS] [25.5 dB] [2.4 ppm]
4CA708 (Aircraft, Airborne) -> 10F69B (Ground station): Command
AVLC type: I sseq: 0 rseq: 2 poll: 0
 ACARS:
  Reassembly: skipped
  Reg: .EI-EBL Flight: FR04QJ
  Mode: 2 Label: 16 Blk id: 4 More: 0 Ack: ! Msg num: M21A
  Message:
   220921,,2308, 121,N   .    MMMM.MMM

[2025-05-13 00:09:50 CEST] [136.975] [-6.6/-32.5 dBFS] [25.8 dB] [2.4 ppm]
4CA708 (Aircraft, Airborne) -> 10F69B (Ground station): Command
AVLC type: I sseq: 1 rseq: 4 poll: 0
 X.25 Data: grp: 11 chan: 254 sseq: 1 rseq: 3 more: 0
  X.25 reasm status: skipped
  X.233 CLNP Data (compressed header):
   LRef: 0x42 Prio: 11 Flags: 0xc0
   Lifetime: 50.0 sec
   PDU Id: 0x5da
   X.224 COTP Data Ack:
    dst_ref: 0xbe24
    rseq: 4 credit: 3
    Checksum: 76 bf
    Flow control:
     Acked TPDU nr: 4
     Acked subsequence: 0
     Acked credit: 15

[2025-05-13 00:09:52 CEST] [136.675] [-6.0/-32.9 dBFS] [26.9 dB] [3.5 ppm]
4CAC86 (Aircraft, Airborne) -> 11907A (Ground station): Command
AVLC type: I sseq: 0 rseq: 1 poll: 0
 X.25 Data: grp: 11 chan: 254 sseq: 6 rseq: 7 more: 0
  X.25 reasm status: skipped
  X.233 CLNP Data (compressed header):
   LRef: 0x41 Prio: 11 Flags: 0xc0
   Lifetime: 50.0 sec
   PDU Id: 0x1eb4
   X.224 COTP Data Ack:
    dst_ref: 0xbe2e
    rseq: 2 credit: 2
    Checksum: 47 e9
    Flow control:
     Acked TPDU nr: 2
     Acked subsequence: 0
     Acked credit: 15

[2025-05-13 00:10:07 CEST] [136.725] [-13.5/-33.8 dBFS] [20.4 dB] [1.6 ppm]
4D24BA (Aircraft, Airborne) -> 11984A (Ground station): Command
AVLC type: I sseq: 4 rseq: 0 poll: 0
 X.25 Data: grp: 11 chan: 255 sseq: 1 rseq: 6 more: 0
  X.25 reasm status: skipped
  X.233 CLNP Data (compressed header):
   LRef: 0x44 Prio: 11 Flags: 0xf6
   Lifetime: 20.0 sec
   PDU Id: 0x309
   X.224 COTP Data Ack:
    dst_ref: 0xbe22
    rseq: 4 credit: 3
    Flow control:
     Acked TPDU nr: 4
     Acked subsequence: 0
     Acked credit: 15
    ATN checksum: 9f fe ca 16

[2025-05-13 00:10:11 CEST] [136.725] [-15.0/-33.3 dBFS] [18.3 dB] [0.8 ppm]
4D221A (Aircraft, Airborne) -> 11985A (Ground station): Command
AVLC type: I sseq: 6 rseq: 5 poll: 0
 X.25 Data: grp: 11 chan: 255 sseq: 3 rseq: 3 more: 0
  X.25 reasm status: skipped
  X.233 CLNP Data (compressed header):
   LRef: 0x1 Prio: 11 Flags: 0xc0
   Lifetime: 50.0 sec
   PDU Id: 0x326
   X.224 COTP Data:
    dst_ref: 0xbe17
    sseq: 5 req_of_ack: 0 EoT: 1
    COTP reasm status: skipped
    Checksum: 66 59
    CPDLC Downlink Message:
     Header:
      Msg ID: 5
      Msg Ref: 5
      Timestamp: 2025-05-12 22:10:11
      Logical ACK: required
     Message data:
      WILCO

[2025-05-13 00:10:14 CEST] [136.725] [-17.9/-33.4 dBFS] [15.5 dB] [1.1 ppm]
4D221A (Aircraft, Airborne) -> 11985A (Ground station): Command
AVLC type: I sseq: 7 rseq: 7 poll: 0
 X.25 Data: grp: 11 chan: 255 sseq: 4 rseq: 5 more: 0
  X.25 reasm status: skipped
  X.233 CLNP Data (compressed header):
   LRef: 0x1 Prio: 11 Flags: 0xc0
   Lifetime: 50.0 sec
   PDU Id: 0x327
   X.224 COTP Data Ack:
    dst_ref: 0xbe17
    rseq: 6 credit: 3
    Checksum: b4 3e

[2025-05-13 00:10:29 CEST] [136.675] [-10.4/-32.1 dBFS] [21.7 dB] [1.7 ppm]
4D2407 (Aircraft, Airborne) -> 11907A (Ground station): Command
AVLC type: I sseq: 4 rseq: 6 poll: 0
 X.25 Data: grp: 11 chan: 255 sseq: 2 rseq: 4 more: 0
  X.25 reasm status: skipped
  X.233 CLNP Data (compressed header):
   LRef: 0x42 Prio: 11 Flags: 0xf6
   Lifetime: 20.0 sec
   PDU Id: 0x52
   X.224 COTP Data Ack:
    dst_ref: 0xbe10
    rseq: 5 credit: 3
    Flow control:
     Acked TPDU nr: 5
     Acked subsequence: 0
     Acked credit: 15
    ATN checksum: 4b a8 f5 42

[2025-05-13 00:10:35 CEST] [136.975] [-4.2/-31.9 dBFS] [27.7 dB] [2.3 ppm]
4CA708 (Aircraft, Airborne) -> 10F69B (Ground station): Command
AVLC type: I sseq: 2 rseq: 4 poll: 0
 ACARS:
  Reassembly: skipped
  Reg: .EI-EBL Flight: FR04QJ
  Mode: 2 Label: B9 Blk id: 5 More: 0 Ack: ! Msg num: M22A
  Message:
   /LEBL.TI2/024LEBLA93E5

[2025-05-13 00:11:25 CEST] [136.875] [-12.7/-31.3 dBFS] [18.6 dB] [1.1 ppm]
51118A (Aircraft, Airborne) -> 23D821 (Ground station): Command
AVLC type: I sseq: 6 rseq: 1 poll: 0
 X.25 Data: grp: 11 chan: 255 sseq: 0 rseq: 2 more: 0
  X.25 reasm status: skipped
  X.233 CLNP Data (compressed header):
   LRef: 0x43 Prio: 11 Flags: 0xf6
   Lifetime: 20.0 sec
   PDU Id: 0x7b
   X.224 COTP Data Ack:
    dst_ref: 0xbe2d
    rseq: 4 credit: 3
    Flow control:
     Acked TPDU nr: 4
     Acked subsequence: 0
     Acked credit: 15
    ATN checksum: 05 54 28 1f

[2025-05-13 00:11:26 CEST] [136.975] [-4.0/-32.0 dBFS] [27.9 dB] [2.5 ppm]
4CA708 (Aircraft, Airborne) -> 10F69B (Ground station): Command
AVLC type: I sseq: 4 rseq: 6 poll: 0
 X.25 Data: grp: 11 chan: 254 sseq: 2 rseq: 4 more: 0
  X.25 reasm status: skipped
  X.233 CLNP Data (compressed header):
   LRef: 0x42 Prio: 11 Flags: 0xc0
   Lifetime: 50.0 sec
   PDU Id: 0x5db
   X.224 COTP Data Ack:
    dst_ref: 0xbe24
    rseq: 4 credit: 3
    Checksum: 76 bf
    Flow control:
     Acked TPDU nr: 4
     Acked subsequence: 0
     Acked credit: 15

[2025-05-13 00:11:52 CEST] [136.675] [-10.8/-32.2 dBFS] [21.4 dB] [1.7 ppm]
4D2407 (Aircraft, Airborne) -> 11907A (Ground station): Command
AVLC type: I sseq: 6 rseq: 0 poll: 0
 X.25 Data: grp: 11 chan: 255 sseq: 4 rseq: 6 more: 0
  X.25 reasm status: skipped
  X.233 CLNP Data (compressed header):
   LRef: 0x42 Prio: 11 Flags: 0xf6
   Lifetime: 20.0 sec
   PDU Id: 0x54
   X.224 COTP Data Ack:
    dst_ref: 0xbe10
    rseq: 6 credit: 3
    ATN checksum: 0f 7a 7d d6
   X.224 COTP Data:
    dst_ref: 0xbe10
    sseq: 5 req_of_ack: 0 EoT: 1
    COTP reasm status: skipped
    ATN checksum: e2 9a 07 4e
    CPDLC Downlink Message:
     Header:
      Msg ID: 5
      Msg Ref: 7
      Timestamp: 2025-05-12 22:11:51
      Logical ACK: notRequired
     Message data:
      LOGICAL ACKNOWLEDGMENT

[2025-05-13 00:11:57 CEST] [136.675] [-10.7/-31.9 dBFS] [21.2 dB] [1.6 ppm]
4D2407 (Aircraft, Airborne) -> 11907A (Ground station): Command
AVLC type: I sseq: 7 rseq: 1 poll: 0
 X.25 Data: grp: 11 chan: 255 sseq: 5 rseq: 7 more: 0
  X.25 reasm status: skipped
  X.233 CLNP Data (compressed header):
   LRef: 0x42 Prio: 11 Flags: 0xf6
   Lifetime: 20.0 sec
   PDU Id: 0x55
   X.224 COTP Data:
    dst_ref: 0xbe10
    sseq: 6 req_of_ack: 0 EoT: 1
    COTP reasm status: skipped
    ATN checksum: 04 aa 27 55
    X.227 ACSE Release Response:
     Reason: normal
     CPDLC Downlink Message:
      Header:
       Msg ID: 6
       Msg Ref: 7
       Timestamp: 2025-05-12 22:11:55
       Logical ACK: notRequired
      Message data:
       WILCO

[2025-05-13 00:11:58 CEST] [136.675] [-11.6/-32.2 dBFS] [20.6 dB] [1.8 ppm]
4D2407 (Aircraft, Airborne) -> 11907A (Ground station): Command
AVLC type: I sseq: 0 rseq: 3 poll: 0
 X.25 Data: grp: 11 chan: 255 sseq: 6 rseq: 1 more: 0
  X.25 reasm status: skipped
  X.233 CLNP Data (compressed header):
   LRef: 0x42 Prio: 11 Flags: 0xf6
   Lifetime: 20.0 sec
   PDU Id: 0x56
   X.224 COTP Disconnect Confirm:
    src_ref: 0x0035 dst_ref: 0xbe10
    ATN checksum: b6 19 d1 ae

[2025-05-13 00:12:15 CEST] [136.775] [-11.8/-31.5 dBFS] [19.7 dB] [1.6 ppm]
471FAE (Aircraft, Airborne) -> 233925 (Ground station): Command
AVLC type: I sseq: 4 rseq: 6 poll: 0
 X.25 Data: grp: 11 chan: 255 sseq: 1 rseq: 3 more: 0
  X.25 reasm status: skipped
  X.233 CLNP Data (compressed header):
   LRef: 0x43 Prio: 11 Flags: 0xf6
   Lifetime: 20.0 sec
   PDU Id: 0x18f
   X.224 COTP Data Ack:
    dst_ref: 0xbe23
    rseq: 4 credit: 3
    Flow control:
     Acked TPDU nr: 4
     Acked subsequence: 0
     Acked credit: 15
    ATN checksum: a9 53 ea 73

[2025-05-13 00:12:53 CEST] [136.975] [-3.6/-32.2 dBFS] [28.6 dB] [2.3 ppm]
4CA708 (Aircraft, Airborne) -> 10F69B (Ground station): Command
AVLC type: I sseq: 6 rseq: 0 poll: 0
 X.25 Data: grp: 11 chan: 254 sseq: 4 rseq: 6 more: 0
  X.25 reasm status: skipped
  X.233 CLNP Data (compressed header):
   LRef: 0x42 Prio: 11 Flags: 0xc0
   Lifetime: 50.0 sec
   PDU Id: 0x5dd
   X.224 COTP Data Ack:
    dst_ref: 0xbe24
    rseq: 4 credit: 3
    Checksum: 76 bf
    Flow control:
     Acked TPDU nr: 4
     Acked subsequence: 0
     Acked credit: 15

[2025-05-13 00:12:57 CEST] [136.875] [-12.8/-31.3 dBFS] [18.5 dB] [1.1 ppm]
51118A (Aircraft, Airborne) -> 23D821 (Ground station): Command
AVLC type: I sseq: 7 rseq: 3 poll: 0
 X.25 Data: grp: 11 chan: 255 sseq: 1 rseq: 3 more: 0
  X.25 reasm status: skipped
  X.233 CLNP Data (compressed header):
   LRef: 0x43 Prio: 11 Flags: 0xf6
   Lifetime: 20.0 sec
   PDU Id: 0x7c
   X.224 COTP Data Ack:
    dst_ref: 0xbe2d
    rseq: 4 credit: 3
    Flow control:
     Acked TPDU nr: 4
     Acked subsequence: 0
     Acked credit: 15
    ATN checksum: 05 54 28 1f

[2025-05-13 00:13:34 CEST] [136.775] [-13.8/-31.3 dBFS] [17.5 dB] [2.0 ppm]
471FAE (Aircraft, Airborne) -> 233925 (Ground station): Command
AVLC type: I sseq: 5 rseq: 0 poll: 0
 X.25 Data: grp: 11 chan: 255 sseq: 2 rseq: 4 more: 0
  X.25 reasm status: skipped
  X.233 CLNP Data (compressed header):
   LRef: 0x43 Prio: 11 Flags: 0xf6
   Lifetime: 20.0 sec
   PDU Id: 0x190
   X.224 COTP Data Ack:
    dst_ref: 0xbe23
    rseq: 5 credit: 3
    ATN checksum: 77 9d df 17
   X.224 COTP Data:
    dst_ref: 0xbe23
    sseq: 4 req_of_ack: 0 EoT: 1
    COTP reasm status: skipped
    ATN checksum: 80 5b 6c a8
    CPDLC Downlink Message:
     Header:
      Msg ID: 4
      Msg Ref: 5
      Timestamp: 2025-05-12 22:13:33
      Logical ACK: notRequired
     Message data:
      LOGICAL ACKNOWLEDGMENT

[2025-05-13 00:14:01 CEST] [136.725] [-11.5/-32.1 dBFS] [20.6 dB] [-1.3 ppm]
347258 (Aircraft, Airborne) -> 11985A (Ground station): Command
AVLC type: I sseq: 1 rseq: 3 poll: 0
 X.25 Data: grp: 11 chan: 255 sseq: 6 rseq: 0 more: 0
  X.25 reasm status: skipped
  X.233 CLNP Data (compressed header):
   LRef: 0x41 Prio: 11 Flags: 0xf6
   Lifetime: 20.0 sec
   PDU Id: 0x385
   X.224 COTP Data Ack:
    dst_ref: 0xbe27
    rseq: 4 credit: 3
    Flow control:
     Acked TPDU nr: 4
     Acked subsequence: 0
     Acked credit: 15
    ATN checksum: 9f c9 51 d3

[2025-05-13 00:14:03 CEST] [136.725] [-10.5/-32.2 dBFS] [21.7 dB] [-1.3 ppm]
347258 (Aircraft, Airborne) -> 11985A (Ground station): Command
AVLC type: I sseq: 1 rseq: 3 poll: 0
 X.25 Data: grp: 11 chan: 255 sseq: 6 rseq: 0 more: 0
  X.25 reasm status: skipped
  X.233 CLNP Data (compressed header):
   LRef: 0x41 Prio: 11 Flags: 0xf6
   Lifetime: 20.0 sec
   PDU Id: 0x385
   X.224 COTP Data Ack:
    dst_ref: 0xbe27
    rseq: 4 credit: 3
    Flow control:
     Acked TPDU nr: 4
     Acked subsequence: 0
     Acked credit: 15
    ATN checksum: 9f c9 51 d3

[2025-05-13 00:14:25 CEST] [136.975] [0.1/-32.0 dBFS] [32.0 dB] [2.4 ppm]
4CA708 (Aircraft, Airborne) -> 10F69B (Ground station): Command
AVLC type: I sseq: 7 rseq: 1 poll: 0
 X.25 Data: grp: 11 chan: 254 sseq: 5 rseq: 7 more: 0
  X.25 reasm status: skipped
  X.233 CLNP Data (compressed header):
   LRef: 0x42 Prio: 11 Flags: 0xc0
   Lifetime: 50.0 sec
   PDU Id: 0x5de
   X.224 COTP Data Ack:
    dst_ref: 0xbe24
    rseq: 4 credit: 3
    Checksum: 76 bf
    Flow control:
     Acked TPDU nr: 4
     Acked subsequence: 0
     Acked credit: 15

[2025-05-13 00:14:28 CEST] [136.675] [-14.8/-32.7 dBFS] [17.9 dB] [3.3 ppm]
4CAC86 (Aircraft, Airborne) -> 11907A (Ground station): Command
AVLC type: I sseq: 5 rseq: 6 poll: 0
 X.25 Data: grp: 11 chan: 254 sseq: 2 rseq: 3 more: 0
  X.25 reasm status: skipped
  X.233 CLNP Data (compressed header):
   LRef: 0x41 Prio: 11 Flags: 0xc0
   Lifetime: 50.0 sec
   PDU Id: 0x1eb8
   X.224 COTP Data Ack:
    dst_ref: 0xbe2e
    rseq: 2 credit: 2
    Checksum: 47 e9
    Flow control:
     Acked TPDU nr: 2
     Acked subsequence: 0
     Acked credit: 15

[2025-05-13 00:14:29 CEST] [136.875] [-11.7/-31.5 dBFS] [19.8 dB] [1.0 ppm]
51118A (Aircraft, Airborne) -> 23D821 (Ground station): Command
AVLC type: I sseq: 0 rseq: 5 poll: 0
 X.25 Data: grp: 11 chan: 255 sseq: 2 rseq: 4 more: 0
  X.25 reasm status: skipped
  X.233 CLNP Data (compressed header):
   LRef: 0x43 Prio: 11 Flags: 0xf6
   Lifetime: 20.0 sec
   PDU Id: 0x7d
   X.224 COTP Data Ack:
    dst_ref: 0xbe2d
    rseq: 4 credit: 3
    Flow control:
     Acked TPDU nr: 4
     Acked subsequence: 0
     Acked credit: 15
    ATN checksum: 05 54 28 1f

[2025-05-13 00:14:32 CEST] [136.975] [-14.2/-32.1 dBFS] [17.9 dB] [0.5 ppm]
4951CC (Aircraft, Airborne) -> 109C2A (Ground station): Command
AVLC type: U (XID) P/F: 1
 XID: Handoff Initiation
  Public params:
   Parameter set ID: 8885:1993
   Procedure classes: 00 01
   HDLC options: 20 a4 80
  VDL params:
   Parameter set ID: V
   Connection management: 01
   XID sequencing: seq: 4 retry: 0
   AVLC specific options: 25
   Destination airport: LIMC
   Aircraft location: 44.9N 4.9E 34000 ft

[2025-05-13 00:14:38 CEST] [136.725] [-14.3/-31.9 dBFS] [17.5 dB] [3.6 ppm]
4078EF (Aircraft, Airborne) -> 11985A (Ground station): Command
AVLC type: I sseq: 4 rseq: 5 poll: 0
 X.25 Data: grp: 11 chan: 255 sseq: 2 rseq: 3 more: 0
  X.25 reasm status: skipped
  X.233 CLNP Data (compressed header):
   LRef: 0x41 Prio: 11 Flags: 0xfe
   Lifetime: 20.0 sec
   PDU Id: 0x230
   X.224 COTP Data Ack:
    dst_ref: 0xbe16
    rseq: 3 credit: 2
    ATN checksum: 8f a6 77 ed
   X.224 COTP Data:
    dst_ref: 0xbe16
    sseq: 2 req_of_ack: 0 EoT: 1
    COTP reasm status: skipped
    ATN checksum: e0 1c 18 17
    CPDLC Downlink Message:
     Header:
      Msg ID: 2
      Msg Ref: 3
      Timestamp: 2025-05-12 22:14:37
      Logical ACK: notRequired
     Message data:
      LOGICAL ACKNOWLEDGMENT

[2025-05-13 00:14:44 CEST] [136.725] [-12.2/-32.0 dBFS] [19.9 dB] [3.5 ppm]
4078EF (Aircraft, Airborne) -> 11985A (Ground station): Command
AVLC type: I sseq: 5 rseq: 6 poll: 0
 X.25 Data: grp: 11 chan: 255 sseq: 3 rseq: 4 more: 0
  X.25 reasm status: skipped
  X.233 CLNP Data (compressed header):
   LRef: 0x41 Prio: 11 Flags: 0xfe
   Lifetime: 20.0 sec
   PDU Id: 0x231
   X.224 COTP Data:
    dst_ref: 0xbe16
    sseq: 3 req_of_ack: 0 EoT: 1
    COTP reasm status: skipped
    ATN checksum: c0 fa ee f1
    CPDLC Downlink Message:
     Header:
      Msg ID: 3
      Msg Ref: 3
      Timestamp: 2025-05-12 22:14:43
      Logical ACK: required
     Message data:
      WILCO

[2025-05-13 00:14:46 CEST] [136.725] [-12.4/-31.9 dBFS] [19.5 dB] [3.7 ppm]
4078EF (Aircraft, Airborne) -> 11985A (Ground station): Command
AVLC type: I sseq: 6 rseq: 0 poll: 0
 X.25 Data: grp: 11 chan: 255 sseq: 4 rseq: 6 more: 0
  X.25 reasm status: skipped
  X.233 CLNP Data (compressed header):
   LRef: 0x41 Prio: 11 Flags: 0xfe
   Lifetime: 20.0 sec
   PDU Id: 0x232
   X.224 COTP Data Ack:
    dst_ref: 0xbe16
    rseq: 4 credit: 3
    ATN checksum: 03 46 72 dd

[2025-05-13 00:15:06 CEST] [136.775] [-12.0/-32.1 dBFS] [20.1 dB] [1.5 ppm]
471FAE (Aircraft, Airborne) -> 233925 (Ground station): Command
AVLC type: I sseq: 1 rseq: 5 poll: 0
 X.25 Data: grp: 11 chan: 255 sseq: 5 rseq: 0 more: 0
  X.25 reasm status: skipped
  X.233 CLNP Data (compressed header):
   LRef: 0x43 Prio: 11 Flags: 0xf6
   Lifetime: 20.0 sec
   PDU Id: 0x193
   X.224 COTP Data Ack:
    dst_ref: 0xbe23
    rseq: 5 credit: 3
    Flow control:
     Acked TPDU nr: 5
     Acked subsequence: 0
     Acked credit: 15
    ATN checksum: a4 ed 4e 78

[2025-05-13 00:15:18 CEST] [136.725] [-15.8/-32.1 dBFS] [16.3 dB] [2.1 ppm]
4400DC (Aircraft, Airborne) -> 11985A (Ground station): Command
AVLC type: I sseq: 0 rseq: 4 poll: 0
 X.25 Data: grp: 11 chan: 255 sseq: 3 rseq: 7 more: 0
  X.25 reasm status: skipped
  X.233 CLNP Data (compressed header):
   LRef: 0x43 Prio: 11 Flags: 0xf6
   Lifetime: 20.0 sec
   PDU Id: 0x298
   X.224 COTP Data Ack:
    dst_ref: 0x8d91
    rseq: 0 credit: 1
    ATN checksum: 06 25 4d 82

[2025-05-13 00:15:32 CEST] [136.725] [-11.5/-32.1 dBFS] [20.6 dB] [-1.4 ppm]
347258 (Aircraft, Airborne) -> 11985A (Ground station): Command
AVLC type: I sseq: 2 rseq: 4 poll: 0
 X.25 Data: grp: 11 chan: 255 sseq: 7 rseq: 1 more: 0
  X.25 reasm status: skipped
  X.233 CLNP Data (compressed header):
   LRef: 0x41 Prio: 11 Flags: 0xf6
   Lifetime: 20.0 sec
   PDU Id: 0x386
   X.224 COTP Data Ack:
    dst_ref: 0xbe27
    rseq: 4 credit: 3
    Flow control:
     Acked TPDU nr: 4
     Acked subsequence: 0
     Acked credit: 15
    ATN checksum: 9f c9 51 d3

[2025-05-13 00:15:36 CEST] [136.775] [-11.4/-32.0 dBFS] [20.6 dB] [1.5 ppm]
471FAE (Aircraft, Airborne) -> 233925 (Ground station): Command
AVLC type: I sseq: 3 rseq: 7 poll: 0
 X.25 Data: grp: 11 chan: 255 sseq: 6 rseq: 2 more: 0
  X.25 reasm status: skipped
  X.233 CLNP Data (compressed header):
   LRef: 0x44 Prio: 11 Flags: 0xf6
   Lifetime: 20.0 sec
   PDU Id: 0x194
   X.224 COTP Data Ack:
    dst_ref: 0x8d92
    rseq: 0 credit: 1
    Flow control:
     Acked TPDU nr: 0
     Acked subsequence: 0
     Acked credit: 1
    ATN checksum: 4f 05 88 62

[2025-05-13 00:16:01 CEST] [136.975] [1.0/-31.7 dBFS] [32.6 dB] [2.2 ppm]
4CA708 (Aircraft, Airborne) -> 10F69B (Ground station): Command
AVLC type: I sseq: 0 rseq: 2 poll: 0
 X.25 Data: grp: 11 chan: 254 sseq: 6 rseq: 0 more: 0
  X.25 reasm status: skipped
  X.233 CLNP Data (compressed header):
   LRef: 0x42 Prio: 11 Flags: 0xc0
   Lifetime: 50.0 sec
   PDU Id: 0x5df
   X.224 COTP Data Ack:
    dst_ref: 0xbe24
    rseq: 4 credit: 3
    Checksum: 76 bf
    Flow control:
     Acked TPDU nr: 4
     Acked subsequence: 0
     Acked credit: 15

[2025-05-13 00:16:19 CEST] [136.725] [-11.6/-32.3 dBFS] [20.6 dB] [2.2 ppm]
4400DC (Aircraft, Airborne) -> 11985A (Ground station): Command
AVLC type: I sseq: 2 rseq: 7 poll: 0
 X.25 Data: grp: 11 chan: 255 sseq: 5 rseq: 2 more: 0
  X.25 reasm status: skipped
  X.233 CLNP Data (compressed header):
   LRef: 0x42 Prio: 11 Flags: 0xf6
   Lifetime: 20.0 sec
   PDU Id: 0x29a
   X.224 COTP Data Ack:
    dst_ref: 0xbe21
    rseq: 5 credit: 3
    Flow control:
     Acked TPDU nr: 5
     Acked subsequence: 0
     Acked credit: 15
    ATN checksum: 0c 99 95 3b

[2025-05-13 00:16:38 CEST] [136.775] [-10.0/-31.7 dBFS] [21.6 dB] [1.6 ppm]
471FAE (Aircraft, Airborne) -> 233925 (Ground station): Command
AVLC type: I sseq: 4 rseq: 1 poll: 0
 X.25 Data: grp: 11 chan: 255 sseq: 7 rseq: 3 more: 0
  X.25 reasm status: skipped
  X.233 CLNP Data (compressed header):
   LRef: 0x43 Prio: 11 Flags: 0xf6
   Lifetime: 20.0 sec
   PDU Id: 0x195
   X.224 COTP Data Ack:
    dst_ref: 0xbe23
    rseq: 5 credit: 3
    Flow control:
     Acked TPDU nr: 5
     Acked subsequence: 0
     Acked credit: 15
    ATN checksum: a4 ed 4e 78

