[2025-06-15 00:00:34 CEST] [136.725] [-13.6/-32.2 dBFS] [18.6 dB] [2.1 ppm]
4CADC1 (Aircraft, Airborne) -> 11985A (Ground station): Command
AVLC type: I sseq: 0 rseq: 1 poll: 0
 X.25 Data: grp: 11 chan: 255 sseq: 5 rseq: 6 more: 0
  X.25 reasm status: skipped
  X.233 CLNP Data (compressed header):
   LRef: 0x42 Prio: 11 Flags: 0xc0
   Lifetime: 50.0 sec
   PDU Id: 0x1286
   X.224 COTP Data Ack:
    dst_ref: 0x04a3
    rseq: 5 credit: 3
    Checksum: 5a c7

[2025-06-15 00:00:34 CEST] [136.725] [-14.2/-32.1 dBFS] [17.9 dB] [2.0 ppm]
4CADC1 (Aircraft, Airborne) -> 11985A (Ground station): Command
AVLC type: I sseq: 1 rseq: 1 poll: 0
 X.25 Data: grp: 11 chan: 255 sseq: 6 rseq: 6 more: 0
  X.25 reasm status: skipped
  X.233 CLNP Data (compressed header):
   LRef: 0x42 Prio: 11 Flags: 0xc0
   Lifetime: 50.0 sec
   PDU Id: 0x1287
   X.224 COTP Data:
    dst_ref: 0x04a3
    sseq: 4 req_of_ack: 0 EoT: 1
    COTP reasm status: skipped
    Checksum: 18 e9
    CPDLC Downlink Message:
     Header:
      Msg ID: 4
      Msg Ref: 6
      Timestamp: 2025-06-14 22:00:33
      Logical ACK: notRequired
     Message data:
      LOGICAL ACKNOWLEDGMENT

[2025-06-15 00:01:19 CEST] [136.675] [-1.0/-32.3 dBFS] [31.3 dB] [4.0 ppm]
40812D (Aircraft, Airborne) -> 11907A (Ground station): Command
AVLC type: I sseq: 4 rseq: 6 poll: 0
 X.25 Data: grp: 11 chan: 255 sseq: 2 rseq: 4 more: 0
  X.25 reasm status: skipped
  X.233 CLNP Data (compressed header):
   LRef: 0x41 Prio: 11 Flags: 0xf6
   Lifetime: 20.0 sec
   PDU Id: 0x3d
   X.224 COTP Data Ack:
    dst_ref: 0x04a1
    rseq: 3 credit: 2
    ATN checksum: 29 9f 9d 1e
   X.224 COTP Data:
    dst_ref: 0x04a1
    sseq: 2 req_of_ack: 0 EoT: 1
    COTP reasm status: skipped
    ATN checksum: 19 e2 0c 5f
    CPDLC Downlink Message:
     Header:
      Msg ID: 2
      Msg Ref: 8
      Timestamp: 2025-06-14 22:01:18
      Logical ACK: notRequired
     Message data:
      LOGICAL ACKNOWLEDGMENT

[2025-06-15 00:01:24 CEST] [136.675] [-0.8/-32.6 dBFS] [31.7 dB] [3.8 ppm]
40812D (Aircraft, Airborne) -> 11907A (Ground station): Command
AVLC type: I sseq: 5 rseq: 7 poll: 0
 X.25 Data: grp: 11 chan: 255 sseq: 3 rseq: 5 more: 0
  X.25 reasm status: skipped
  X.233 CLNP Data (compressed header):
   LRef: 0x41 Prio: 11 Flags: 0xf6
   Lifetime: 20.0 sec
   PDU Id: 0x3e
   X.224 COTP Data:
    dst_ref: 0x04a1
    sseq: 3 req_of_ack: 0 EoT: 1
    COTP reasm status: skipped
    ATN checksum: e7 34 1a 7a
    CPDLC Downlink Message:
     Header:
      Msg ID: 3
      Msg Ref: 8
      Timestamp: 2025-06-14 22:01:22
      Logical ACK: required
     Message data:
      WILCO

[2025-06-15 00:01:28 CEST] [136.675] [0.5/-32.2 dBFS] [32.7 dB] [3.7 ppm]
40812D (Aircraft, Airborne) -> 11907A (Ground station): Command
AVLC type: I sseq: 6 rseq: 1 poll: 0
 X.25 Data: grp: 11 chan: 255 sseq: 4 rseq: 7 more: 0
  X.25 reasm status: skipped
  X.233 CLNP Data (compressed header):
   LRef: 0x41 Prio: 11 Flags: 0xf6
   Lifetime: 20.0 sec
   PDU Id: 0x3f
   X.224 COTP Data Ack:
    dst_ref: 0x04a1
    rseq: 4 credit: 3
    ATN checksum: 9c 3f 98 0e

[2025-06-15 00:01:52 CEST] [136.875] [-5.9/-31.6 dBFS] [25.8 dB] [3.8 ppm]
451E90 (Aircraft, Airborne) -> 23D821 (Ground station): Command
AVLC type: I sseq: 2 rseq: 3 poll: 0
 X.25 Data: grp: 11 chan: 255 sseq: 6 rseq: 0 more: 0
  X.25 reasm status: skipped
  X.233 CLNP Data (compressed header):
   LRef: 0x41 Prio: 11 Flags: 0xf6
   Lifetime: 20.0 sec
   PDU Id: 0x308
   X.224 COTP Data Ack:
    dst_ref: 0x048f
    rseq: 4 credit: 3
    Flow control:
     Acked TPDU nr: 4
     Acked subsequence: 0
     Acked credit: 15
    ATN checksum: 8a 90 ec e5

[2025-06-15 00:01:57 CEST] [136.725] [-6.6/-31.9 dBFS] [25.3 dB] [3.3 ppm]
4CADB9 (Aircraft, Airborne) -> 11985A (Ground station): Command
AVLC type: I sseq: 3 rseq: 5 poll: 0
 X.25 Data: grp: 11 chan: 254 sseq: 1 rseq: 3 more: 0
  X.25 reasm status: skipped
  X.233 CLNP Data (compressed header):
   LRef: 0x44 Prio: 11 Flags: 0xc0
   Lifetime: 50.0 sec
   PDU Id: 0x3bb
   X.224 COTP Data Ack:
    dst_ref: 0x04a7
    rseq: 2 credit: 2
    Checksum: 48 2a
    Flow control:
     Acked TPDU nr: 2
     Acked subsequence: 0
     Acked credit: 15

[2025-06-15 00:02:03 CEST] [136.775] [1.1/-31.8 dBFS] [32.9 dB] [0.5 ppm]
45AB4B (Aircraft, Airborne) -> 233925 (Ground station): Command
AVLC type: I sseq: 7 rseq: 2 poll: 0
 X.25 Data: grp: 11 chan: 243 sseq: 6 rseq: 0 more: 0
  X.25 reasm status: skipped
  X.233 CLNP Data (compressed header):
   LRef: 0x45 Prio: 11 Flags: 0xe0
   Lifetime: 120.0 sec
   PDU Id: 0x133
   X.224 COTP Data Ack:
    dst_ref: 0x048c
    rseq: 4 credit: 3
    Flow control:
     Acked TPDU nr: 4
     Acked subsequence: 0
     Acked credit: 15
    ATN checksum: 81 42 a6 c9
    Subsequence number: 2

[2025-06-15 00:02:08 CEST] [136.725] [-9.5/-32.0 dBFS] [22.5 dB] [1.9 ppm]
4CADC1 (Aircraft, Airborne) -> 11985A (Ground station): Command
AVLC type: I sseq: 3 rseq: 4 poll: 0
 X.25 Data: grp: 11 chan: 255 sseq: 0 rseq: 1 more: 0
  X.25 reasm status: skipped
  X.233 CLNP Data (compressed header):
   LRef: 0x42 Prio: 11 Flags: 0xc0
   Lifetime: 50.0 sec
   PDU Id: 0x1289
   X.224 COTP Data Ack:
    dst_ref: 0x04a3
    rseq: 5 credit: 3
    Checksum: 5b 14
    Flow control:
     Acked TPDU nr: 5
     Acked subsequence: 0
     Acked credit: 15

[2025-06-15 00:02:31 CEST] [136.825] [-12.7/-32.0 dBFS] [19.2 dB] [1.4 ppm]
3C5EEE (Aircraft, Airborne) -> 119C2A (Ground station): Command
AVLC type: I sseq: 5 rseq: 1 poll: 0
 X.25 Data: grp: 11 chan: 255 sseq: 2 rseq: 6 more: 0
  X.25 reasm status: skipped
  X.233 CLNP Data (compressed header):
   LRef: 0x44 Prio: 11 Flags: 0xf6
   Lifetime: 20.0 sec
   PDU Id: 0x174
   X.224 COTP Data Ack:
    dst_ref: 0x0d4b
    rseq: 0 credit: 1
    Flow control:
     Acked TPDU nr: 0
     Acked subsequence: 0
     Acked credit: 10
    ATN checksum: 38 2c 59 3b

[2025-06-15 00:02:36 CEST] [136.725] [-4.9/-32.3 dBFS] [27.4 dB] [3.3 ppm]
4CADB9 (Aircraft, Airborne) -> 11985A (Ground station): Command
AVLC type: I sseq: 4 rseq: 7 poll: 0
 X.25 Data: grp: 11 chan: 254 sseq: 2 rseq: 5 more: 0
  X.25 reasm status: skipped
  X.233 CLNP Data (compressed header):
   LRef: 0x44 Prio: 11 Flags: 0xc0
   Lifetime: 50.0 sec
   PDU Id: 0x3bc
   X.224 COTP Data Ack:
    dst_ref: 0x04a7
    rseq: 3 credit: 2
    Checksum: 55 cb

[2025-06-15 00:02:37 CEST] [136.725] [-4.6/-32.5 dBFS] [27.9 dB] [3.2 ppm]
4CADB9 (Aircraft, Airborne) -> 11985A (Ground station): Command
AVLC type: I sseq: 5 rseq: 7 poll: 0
 X.25 Data: grp: 11 chan: 254 sseq: 3 rseq: 5 more: 0
  X.25 reasm status: skipped
  X.233 CLNP Data (compressed header):
   LRef: 0x44 Prio: 11 Flags: 0xc0
   Lifetime: 50.0 sec
   PDU Id: 0x3bd
   X.224 COTP Data:
    dst_ref: 0x04a7
    sseq: 2 req_of_ack: 0 EoT: 1
    COTP reasm status: skipped
    Checksum: 51 55
    CPDLC Downlink Message:
     Header:
      Msg ID: 2
      Msg Ref: 3
      Timestamp: 2025-06-14 22:02:35
      Logical ACK: notRequired
     Message data:
      LOGICAL ACKNOWLEDGMENT

[2025-06-15 00:02:46 CEST] [136.725] [-3.9/-32.1 dBFS] [28.2 dB] [3.2 ppm]
4CADB9 (Aircraft, Airborne) -> 11985A (Ground station): Command
AVLC type: I sseq: 6 rseq: 0 poll: 0
 X.25 Data: grp: 11 chan: 254 sseq: 4 rseq: 6 more: 0
  X.25 reasm status: skipped
  X.233 CLNP Data (compressed header):
   LRef: 0x44 Prio: 11 Flags: 0xc0
   Lifetime: 50.0 sec
   PDU Id: 0x3be
   X.224 COTP Data:
    dst_ref: 0x04a7
    sseq: 3 req_of_ack: 0 EoT: 1
    COTP reasm status: skipped
    Checksum: 83 49
    CPDLC Downlink Message:
     Header:
      Msg ID: 3
      Msg Ref: 3
      Timestamp: 2025-06-14 22:02:44
      Logical ACK: required
     Message data:
      WILCO

[2025-06-15 00:02:47 CEST] [136.725] [-4.4/-32.5 dBFS] [28.1 dB] [3.3 ppm]
4CADB9 (Aircraft, Airborne) -> 11985A (Ground station): Command
AVLC type: I sseq: 7 rseq: 2 poll: 0
 X.25 Data: grp: 11 chan: 254 sseq: 5 rseq: 0 more: 0
  X.25 reasm status: skipped
  X.233 CLNP Data (compressed header):
   LRef: 0x44 Prio: 11 Flags: 0xc0
   Lifetime: 50.0 sec
   PDU Id: 0x3bf
   X.224 COTP Data Ack:
    dst_ref: 0x04a7
    rseq: 4 credit: 3
    Checksum: 4a d4

[2025-06-15 00:02:57 CEST] [136.675] [-12.2/-32.5 dBFS] [20.3 dB] [3.3 ppm]
40812D (Aircraft, Airborne) -> 11907A (Ground station): Command
AVLC type: I sseq: 0 rseq: 3 poll: 0
 X.25 Data: grp: 11 chan: 255 sseq: 6 rseq: 1 more: 0
  X.25 reasm status: skipped
  X.233 CLNP Data (compressed header):
   LRef: 0x41 Prio: 11 Flags: 0xf6
   Lifetime: 20.0 sec
   PDU Id: 0x41
   X.224 COTP Data Ack:
    dst_ref: 0x04a1
    rseq: 4 credit: 3
    Flow control:
     Acked TPDU nr: 4
     Acked subsequence: 0
     Acked credit: 15
    ATN checksum: 51 d0 8a 24

[2025-06-15 00:02:57 CEST] [136.825] [-11.7/-31.7 dBFS] [20.1 dB] [1.3 ppm]
3C5EEE (Aircraft, Airborne) -> 119C2A (Ground station): Command
AVLC type: I sseq: 6 rseq: 2 poll: 0
 X.25 Data: grp: 11 chan: 255 sseq: 3 rseq: 7 more: 0
  X.25 reasm status: skipped
  X.233 CLNP Data (compressed header):
   LRef: 0x45 Prio: 11 Flags: 0xf6
   Lifetime: 20.0 sec
   PDU Id: 0x175
   X.224 COTP Data Ack:
    dst_ref: 0x0491
    rseq: 5 credit: 3
    Flow control:
     Acked TPDU nr: 5
     Acked subsequence: 0
     Acked credit: 15
    ATN checksum: 34 be 3e 28

[2025-06-15 00:03:00 CEST] [136.825] [-10.6/-32.3 dBFS] [21.6 dB] [1.3 ppm]
3C5EEE (Aircraft, Airborne) -> 119C2A (Ground station): Command
AVLC type: I sseq: 6 rseq: 2 poll: 0
 X.25 Data: grp: 11 chan: 255 sseq: 3 rseq: 7 more: 0
  X.25 reasm status: skipped
  X.233 CLNP Data (compressed header):
   LRef: 0x45 Prio: 11 Flags: 0xf6
   Lifetime: 20.0 sec
   PDU Id: 0x175
   X.224 COTP Data Ack:
    dst_ref: 0x0491
    rseq: 5 credit: 3
    Flow control:
     Acked TPDU nr: 5
     Acked subsequence: 0
     Acked credit: 15
    ATN checksum: 34 be 3e 28

[2025-06-15 00:03:25 CEST] [136.875] [-10.9/-31.8 dBFS] [20.9 dB] [3.6 ppm]
451E90 (Aircraft, Airborne) -> 23D821 (Ground station): Command
AVLC type: I sseq: 5 rseq: 7 poll: 0
 X.25 Data: grp: 11 chan: 255 sseq: 7 rseq: 2 more: 0
  X.25 reasm status: skipped
  X.233 CLNP Data (compressed header):
   LRef: 0x41 Prio: 11 Flags: 0xf6
   Lifetime: 20.0 sec
   PDU Id: 0x309
   X.224 COTP Data Ack:
    dst_ref: 0x048f
    rseq: 4 credit: 3
    Flow control:
     Acked TPDU nr: 4
     Acked subsequence: 0
     Acked credit: 15
    ATN checksum: 8a 90 ec e5

[2025-06-15 00:03:32 CEST] [136.825] [-12.0/-31.5 dBFS] [19.5 dB] [1.5 ppm]
3C5EEE (Aircraft, Airborne) -> 119C2A (Ground station): Command
AVLC type: I sseq: 7 rseq: 3 poll: 0
 X.25 Data: grp: 11 chan: 255 sseq: 4 rseq: 0 more: 0
  X.25 reasm status: skipped
  X.233 CLNP Data (compressed header):
   LRef: 0x44 Prio: 11 Flags: 0xf6
   Lifetime: 20.0 sec
   PDU Id: 0x176
   X.224 COTP Data Ack:
    dst_ref: 0x0d4b
    rseq: 0 credit: 1
    Flow control:
     Acked TPDU nr: 0
     Acked subsequence: 0
     Acked credit: 10
    ATN checksum: 38 2c 59 3b

[2025-06-15 00:03:40 CEST] [136.725] [-8.5/-32.2 dBFS] [23.6 dB] [2.0 ppm]
4CADC1 (Aircraft, Airborne) -> 11985A (Ground station): Command
AVLC type: I sseq: 4 rseq: 5 poll: 0
 X.25 Data: grp: 11 chan: 255 sseq: 1 rseq: 2 more: 0
  X.25 reasm status: skipped
  X.233 CLNP Data (compressed header):
   LRef: 0x42 Prio: 11 Flags: 0xc0
   Lifetime: 50.0 sec
   PDU Id: 0x128a
   X.224 COTP Data Ack:
    dst_ref: 0x04a3
    rseq: 5 credit: 3
    Checksum: 5b 14
    Flow control:
     Acked TPDU nr: 5
     Acked subsequence: 0
     Acked credit: 15

[2025-06-15 00:04:03 CEST] [136.775] [-0.6/-31.5 dBFS] [30.9 dB] [0.2 ppm]
45AB4B (Aircraft, Airborne) -> 233925 (Ground station): Command
AVLC type: I sseq: 1 rseq: 5 poll: 0
 X.25 Data: grp: 11 chan: 243 sseq: 0 rseq: 1 more: 0
  X.25 reasm status: skipped
  X.233 CLNP Data (compressed header):
   LRef: 0x45 Prio: 11 Flags: 0xe0
   Lifetime: 120.0 sec
   PDU Id: 0x135
   X.224 COTP Data Ack:
    dst_ref: 0x048c
    rseq: 4 credit: 3
    Flow control:
     Acked TPDU nr: 4
     Acked subsequence: 0
     Acked credit: 15
    ATN checksum: f9 c9 ff 6f
    Subsequence number: 3

[2025-06-15 00:04:18 CEST] [136.725] [-8.3/-32.5 dBFS] [24.1 dB] [2.0 ppm]
4CADC1 (Aircraft, Airborne) -> 11985A (Ground station): Command
AVLC type: I sseq: 5 rseq: 6 poll: 0
 X.25 Data: grp: 11 chan: 255 sseq: 2 rseq: 3 more: 0
  X.25 reasm status: skipped
  X.233 CLNP Data (compressed header):
   LRef: 0x42 Prio: 11 Flags: 0xc0
   Lifetime: 50.0 sec
   PDU Id: 0x128b
   X.224 COTP Data Ack:
    dst_ref: 0x04a3
    rseq: 6 credit: 3
    Checksum: 56 ca

[2025-06-15 00:04:18 CEST] [136.725] [-8.2/-32.4 dBFS] [24.2 dB] [1.9 ppm]
4CADC1 (Aircraft, Airborne) -> 11985A (Ground station): Command
AVLC type: I sseq: 6 rseq: 6 poll: 0
 X.25 Data: grp: 11 chan: 255 sseq: 3 rseq: 3 more: 0
  X.25 reasm status: skipped
  X.233 CLNP Data (compressed header):
   LRef: 0x42 Prio: 11 Flags: 0xc0
   Lifetime: 50.0 sec
   PDU Id: 0x128c
   X.224 COTP Data:
    dst_ref: 0x04a3
    sseq: 5 req_of_ack: 0 EoT: 1
    COTP reasm status: skipped
    Checksum: 65 56
    CPDLC Downlink Message:
     Header:
      Msg ID: 5
      Msg Ref: 8
      Timestamp: 2025-06-14 22:04:17
      Logical ACK: notRequired
     Message data:
      LOGICAL ACKNOWLEDGMENT

[2025-06-15 00:04:19 CEST] [136.725] [-4.5/-31.9 dBFS] [27.4 dB] [3.3 ppm]
4CADB9 (Aircraft, Airborne) -> 11985A (Ground station): Command
AVLC type: I sseq: 0 rseq: 3 poll: 0
 X.25 Data: grp: 11 chan: 254 sseq: 6 rseq: 1 more: 0
  X.25 reasm status: skipped
  X.233 CLNP Data (compressed header):
   LRef: 0x44 Prio: 11 Flags: 0xc0
   Lifetime: 50.0 sec
   PDU Id: 0x3c0
   X.224 COTP Data Ack:
    dst_ref: 0x04a7
    rseq: 4 credit: 3
    Checksum: 45 28
    Flow control:
     Acked TPDU nr: 4
     Acked subsequence: 0
     Acked credit: 15

[2025-06-15 00:04:22 CEST] [136.725] [-4.1/-32.3 dBFS] [28.1 dB] [3.3 ppm]
4CADB9 (Aircraft, Airborne) -> 11985A (Ground station): Command
AVLC type: I sseq: 0 rseq: 3 poll: 0
 X.25 Data: grp: 11 chan: 254 sseq: 6 rseq: 1 more: 0
  X.25 reasm status: skipped
  X.233 CLNP Data (compressed header):
   LRef: 0x44 Prio: 11 Flags: 0xc0
   Lifetime: 50.0 sec
   PDU Id: 0x3c0
   X.224 COTP Data Ack:
    dst_ref: 0x04a7
    rseq: 4 credit: 3
    Checksum: 45 28
    Flow control:
     Acked TPDU nr: 4
     Acked subsequence: 0
     Acked credit: 15

[2025-06-15 00:04:26 CEST] [136.725] [-5.4/-32.3 dBFS] [26.9 dB] [3.2 ppm]
4CADB9 (Aircraft, Airborne) -> 11985A (Ground station): Command
AVLC type: I sseq: 0 rseq: 3 poll: 0
 X.25 Data: grp: 11 chan: 254 sseq: 6 rseq: 1 more: 0
  X.25 reasm status: skipped
  X.233 CLNP Data (compressed header):
   LRef: 0x44 Prio: 11 Flags: 0xc0
   Lifetime: 50.0 sec
   PDU Id: 0x3c0
   X.224 COTP Data Ack:
    dst_ref: 0x04a7
    rseq: 4 credit: 3
    Checksum: 45 28
    Flow control:
     Acked TPDU nr: 4
     Acked subsequence: 0
     Acked credit: 15

[2025-06-15 00:04:29 CEST] [136.675] [-8.7/-32.3 dBFS] [23.6 dB] [2.7 ppm]
40812D (Aircraft, Airborne) -> 11907A (Ground station): Command
AVLC type: I sseq: 1 rseq: 4 poll: 0
 X.25 Data: grp: 11 chan: 255 sseq: 7 rseq: 2 more: 0
  X.25 reasm status: skipped
  X.233 CLNP Data (compressed header):
   LRef: 0x41 Prio: 11 Flags: 0xf6
   Lifetime: 20.0 sec
   PDU Id: 0x42
   X.224 COTP Data Ack:
    dst_ref: 0x04a1
    rseq: 4 credit: 3
    Flow control:
     Acked TPDU nr: 4
     Acked subsequence: 0
     Acked credit: 15
    ATN checksum: 51 d0 8a 24

[2025-06-15 00:04:29 CEST] [136.725] [-7.4/-32.4 dBFS] [24.9 dB] [2.0 ppm]
4CADC1 (Aircraft, Airborne) -> 11985A (Ground station): Command
AVLC type: I sseq: 7 rseq: 7 poll: 0
 X.25 Data: grp: 11 chan: 255 sseq: 4 rseq: 4 more: 0
  X.25 reasm status: skipped
  X.233 CLNP Data (compressed header):
   LRef: 0x42 Prio: 11 Flags: 0xc0
   Lifetime: 50.0 sec
   PDU Id: 0x128d
   X.224 COTP Data:
    dst_ref: 0x04a3
    sseq: 6 req_of_ack: 0 EoT: 1
    COTP reasm status: skipped
    Checksum: 52 c5
    X.227 ACSE Release Response:
     Reason: normal
     CPDLC Downlink Message:
      Header:
       Msg ID: 6
       Msg Ref: 8
       Timestamp: 2025-06-14 22:04:28
       Logical ACK: notRequired
      Message data:
       WILCO

[2025-06-15 00:04:31 CEST] [136.725] [-7.3/-32.7 dBFS] [25.4 dB] [1.9 ppm]
4CADC1 (Aircraft, Airborne) -> 11985A (Ground station): Command
AVLC type: I sseq: 0 rseq: 1 poll: 0
 X.25 Data: grp: 11 chan: 255 sseq: 5 rseq: 6 more: 0
  X.25 reasm status: skipped
  X.233 CLNP Data (compressed header):
   LRef: 0x42 Prio: 11 Flags: 0xc0
   Lifetime: 50.0 sec
   PDU Id: 0x128e
   X.224 COTP Disconnect Confirm:
    src_ref: 0x0013 dst_ref: 0x04a3
    Checksum: 1b 9a

[2025-06-15 00:04:31 CEST] [136.975] [-11.8/-32.3 dBFS] [20.5 dB] [3.1 ppm]
4CA7B9 (Aircraft, Airborne) -> 10F69B (Ground station): Command
AVLC type: I sseq: 0 rseq: 1 poll: 0
 ACARS:
  Reassembly: skipped
  Reg: .EI-EGC Flight: FR61CR
  Mode: 2 Label: 16 Blk id: 4 More: 0 Ack: ! Msg num: M48A
  Message:
   220430,,0004, 182,N   .    MMMM.MMM

[2025-06-15 00:04:34 CEST] [136.875] [-3.0/-31.7 dBFS] [28.7 dB] [3.6 ppm]
451E90 (Aircraft, Airborne) -> 266661 (Ground station): Response
AVLC type: U (XID) P/F: 1
 XID: Handoff Response
  Public params:
   Parameter set ID: 8885:1993
   Procedure classes: 00 01
   HDLC options: 20 a4 80
  VDL params:
   Parameter set ID: V
   Connection management: 01
   XID sequencing: seq: 3 retry: 0
   AVLC specific options: 25
   Destination airport: LEPA
   Aircraft location: 43.9N 5.2E 35000 ft

[2025-06-15 00:04:36 CEST] [136.975] [-10.9/-32.2 dBFS] [21.2 dB] [3.1 ppm]
4CA7B9 (Aircraft, Airborne) -> 10952A (Ground station): Response
AVLC type: U (XID) P/F: 1
 XID: Handoff Response
  Public params:
   Parameter set ID: 8885:1993
   Procedure classes: 00 01
   HDLC options: 20 84 80
  VDL params:
   Parameter set ID: V
   XID sequencing: seq: 7 retry: 0
   Destination airport: GMTT
   Aircraft location: 0.0N 0.0E 0 ft
   AVLC specific options: 24
   Connection management: 01

[2025-06-15 00:04:38 CEST] [136.975] [-10.8/-32.2 dBFS] [21.4 dB] [3.1 ppm]
4CA7B9 (Aircraft, Airborne) -> 10952A (Ground station): Command
AVLC type: I sseq: 2 rseq: 4 poll: 0
 X.25 Data: grp: 11 chan: 254 sseq: 0 rseq: 2 more: 0
  X.25 reasm status: skipped
  X.233 CLNP Data (compressed header):
   LRef: 0x40 Prio: 14 Flags: 0xc0
   Lifetime: 50.0 sec
   PDU Id: 0xbfe
   IDRP Open: seq: 1 ack: 1 credit_offered: 5 credit_avail: 3
    Hold Time: 900 seconds
    Max. PDU size: 3000 octets
    Source RDI: 47 00 27 41 52 59 52 00 4c a7 b9	"G.'ARYR.L.."
    RIB Attribute Set:
     RibAtt #0:
      Security:
       Reg ID: 06 04 2b 1b 00 00
    Auth mechanism: simple checksum

[2025-06-15 00:04:42 CEST] [136.975] [-10.6/-31.9 dBFS] [21.3 dB] [3.1 ppm]
4CA7B9 (Aircraft, Airborne) -> 10952A (Ground station): Command
AVLC type: I sseq: 5 rseq: 6 poll: 0
 X.25 Data: grp: 11 chan: 254 sseq: 3 rseq: 4 more: 0
  X.25 reasm status: skipped
  X.233 CLNP Data (compressed header):
   LRef: 0x40 Prio: 14 Flags: 0xc0
   Lifetime: 50.0 sec
   PDU Id: 0xc00
   IDRP Update: seq: 2 ack: 2 credit_offered: 4 credit_avail: 3
    Route:
     ID: 2
     Local preference: 0
    RD path:
     RD_SEQ:
      47 00 27 41 52 59 52 00 4c a7 b9	"G.'ARYR.L.."
    RD hop count: 1
    Security:
     Reg ID: 06 04 2b 1b 00 00
     Info:
      Supported ATSC classes: all
    Capacity: 13
    Reachability info:
     Protocol: CLNP
     Prefix length: 88
     Dest. address prefix: 47 00 27 41 52 59 52 00 4c a7 b9	"G.'ARYR.L.."

[2025-06-15 00:05:11 CEST] [136.975] [-10.7/-32.2 dBFS] [21.5 dB] [1.8 ppm]
4CADC1 (Aircraft, Airborne) -> 10985A (Ground station): Command
AVLC type: U (XID) P/F: 1
 XID: Handoff Initiation
  Public params:
   Parameter set ID: 8885:1993
   Procedure classes: 00 01
   HDLC options: 20 84 80
  VDL params:
   Parameter set ID: V
   XID sequencing: seq: 5 retry: 0
   Destination airport: LIPE
   Aircraft location: 43.6N 7.4E 38000 ft
   Alternate ground stations: 10952A
   AVLC specific options: 24
   Connection management: 01

[2025-06-15 00:05:12 CEST] [136.725] [-8.9/-31.9 dBFS] [23.0 dB] [2.5 ppm]
4CAD39 (Aircraft, Airborne) -> 11985A (Ground station): Command
AVLC type: I sseq: 5 rseq: 3 poll: 0
 X.25 Data: grp: 11 chan: 255 sseq: 5 rseq: 4 more: 0
  X.25 reasm status: skipped
  X.233 CLNP Data (compressed header):
   LRef: 0x41 Prio: 11 Flags: 0xc0
   Lifetime: 50.0 sec
   PDU Id: 0x1444
   X.224 COTP Data Ack:
    dst_ref: 0x0499
    rseq: 4 credit: 3
    Checksum: 8b ef
    Flow control:
     Acked TPDU nr: 4
     Acked subsequence: 0
     Acked credit: 15

[2025-06-15 00:05:15 CEST] [136.725] [-9.8/-32.4 dBFS] [22.6 dB] [2.7 ppm]
4CAD39 (Aircraft, Airborne) -> 11985A (Ground station): Command
AVLC type: I sseq: 5 rseq: 3 poll: 0
 X.25 Data: grp: 11 chan: 255 sseq: 5 rseq: 4 more: 0
  X.25 reasm status: skipped
  X.233 CLNP Data (compressed header):
   LRef: 0x41 Prio: 11 Flags: 0xc0
   Lifetime: 50.0 sec
   PDU Id: 0x1444
   X.224 COTP Data Ack:
    dst_ref: 0x0499
    rseq: 4 credit: 3
    Checksum: 8b ef
    Flow control:
     Acked TPDU nr: 4
     Acked subsequence: 0
     Acked credit: 15

[2025-06-15 00:05:21 CEST] [136.775] [-10.3/-31.5 dBFS] [21.2 dB] [-0.1 ppm]
45AB4B (Aircraft, Airborne) -> 233925 (Ground station): Command
AVLC type: I sseq: 2 rseq: 0 poll: 0
 X.25 Data: grp: 11 chan: 243 sseq: 1 rseq: 4 more: 0
  X.25 reasm status: skipped
  X.233 CLNP Data (compressed header):
   LRef: 0x45 Prio: 11 Flags: 0xe0
   Lifetime: 120.0 sec
   PDU Id: 0x136
   X.224 COTP Data:
    dst_ref: 0x048c
    sseq: 4 req_of_ack: 0 EoT: 1
    COTP reasm status: skipped
    ATN checksum: 14 90 cb d9
    CPDLC Downlink Message:
     Header:
      Msg ID: 9
      Msg Ref: 5
      Timestamp: 2025-06-14 22:05:20
      Logical ACK: notRequired
     Message data:
      LOGICAL ACKNOWLEDGMENT

[2025-06-15 00:05:22 CEST] [136.775] [-8.9/-31.6 dBFS] [22.7 dB] [-0.2 ppm]
45AB4B (Aircraft, Airborne) -> 233925 (Ground station): Command
AVLC type: I sseq: 3 rseq: 1 poll: 0
 X.25 Data: grp: 11 chan: 243 sseq: 2 rseq: 5 more: 0
  X.25 reasm status: skipped
  X.233 CLNP Data (compressed header):
   LRef: 0x45 Prio: 11 Flags: 0xe0
   Lifetime: 120.0 sec
   PDU Id: 0x137
   X.224 COTP Data Ack:
    dst_ref: 0x048c
    rseq: 5 credit: 3
    Flow control:
     Acked TPDU nr: 5
     Acked subsequence: 0
     Acked credit: 15
    ATN checksum: 19 79 54 dd

[2025-06-15 00:05:26 CEST] [136.975] [-16.2/-32.6 dBFS] [16.4 dB] [3.3 ppm]
44079A (Aircraft, Airborne) -> 10985A (Ground station): Response
AVLC type: U (XID) P/F: 1
 XID: Link Connection Refused Response
  VDL params:
   Parameter set ID: V
   Connection management: 02
   XID sequencing: seq: 1 retry: 0
   LCR cause: 0x7f (Other unspecified local reason)
    Delay: 0

[2025-06-15 00:05:27 CEST] [136.675] [-10.1/-32.2 dBFS] [22.0 dB] [0.2 ppm]
345101 (Aircraft, Airborne) -> 11907A (Ground station): Command
AVLC type: I sseq: 1 rseq: 1 poll: 0
 ACARS:
  Reassembly: skipped
  Reg: .EC-MIR Flight: VY09MZ
  Mode: 2 Label: 16 Blk id: 6 More: 0 Ack: ! Msg num: M53A
  Message:
   220524,1624,2259, 108,N 43.444 E  5.267, 245

[2025-06-15 00:05:31 CEST] [136.775] [-11.0/-31.4 dBFS] [20.4 dB] [0.0 ppm]
45AB4B (Aircraft, Airborne) -> 233925 (Ground station): Command
AVLC type: I sseq: 4 rseq: 1 poll: 0
 X.25 Data: grp: 11 chan: 243 sseq: 3 rseq: 5 more: 0
  X.25 reasm status: skipped
  X.233 CLNP Data (compressed header):
   LRef: 0x45 Prio: 11 Flags: 0xe0
   Lifetime: 120.0 sec
   PDU Id: 0x138
   X.224 COTP Data:
    dst_ref: 0x048c
    sseq: 5 req_of_ack: 0 EoT: 1
    COTP reasm status: skipped
    ATN checksum: 72 23 63 c9
    CPDLC Downlink Message:
     Header:
      Msg ID: 10
      Msg Ref: 5
      Timestamp: 2025-06-14 22:05:30
      Logical ACK: required
     Message data:
      WILCO

[2025-06-15 00:05:33 CEST] [136.775] [-9.8/-31.9 dBFS] [22.2 dB] [-0.2 ppm]
45AB4B (Aircraft, Airborne) -> 233925 (Ground station): Command
AVLC type: I sseq: 5 rseq: 3 poll: 0
 X.25 Data: grp: 11 chan: 243 sseq: 4 rseq: 7 more: 0
  X.25 reasm status: skipped
  X.233 CLNP Data (compressed header):
   LRef: 0x45 Prio: 11 Flags: 0xe0
   Lifetime: 120.0 sec
   PDU Id: 0x139
   X.224 COTP Data Ack:
    dst_ref: 0x048c
    rseq: 6 credit: 3
    Flow control:
     Acked TPDU nr: 6
     Acked subsequence: 0
     Acked credit: 15
    ATN checksum: 14 14 b7 e2

[2025-06-15 00:05:43 CEST] [136.875] [-4.9/-31.5 dBFS] [26.6 dB] [3.5 ppm]
451E90 (Aircraft, Airborne) -> 270CA1 (Ground station): Command
AVLC type: U (XID) P/F: 1
 XID: Handoff Initiation
  Public params:
   Parameter set ID: 8885:1993
   Procedure classes: 00 01
   HDLC options: 20 a4 80
  VDL params:
   Parameter set ID: V
   Connection management: 01
   XID sequencing: seq: 3 retry: 0
   AVLC specific options: 25
   Destination airport: LEPA
   Aircraft location: 43.8N 5.1E 35000 ft

[2025-06-15 00:05:51 CEST] [136.725] [-4.5/-31.9 dBFS] [27.5 dB] [3.2 ppm]
4CADB9 (Aircraft, Airborne) -> 11985A (Ground station): Command
AVLC type: I sseq: 1 rseq: 4 poll: 0
 X.25 Data: grp: 11 chan: 254 sseq: 7 rseq: 2 more: 0
  X.25 reasm status: skipped
  X.233 CLNP Data (compressed header):
   LRef: 0x44 Prio: 11 Flags: 0xc0
   Lifetime: 50.0 sec
   PDU Id: 0x3c1
   X.224 COTP Data Ack:
    dst_ref: 0x04a7
    rseq: 4 credit: 3
    Checksum: 45 28
    Flow control:
     Acked TPDU nr: 4
     Acked subsequence: 0
     Acked credit: 15

[2025-06-15 00:06:01 CEST] [136.675] [-2.2/-32.3 dBFS] [30.1 dB] [2.7 ppm]
40812D (Aircraft, Airborne) -> 11907A (Ground station): Command
AVLC type: I sseq: 2 rseq: 5 poll: 0
 X.25 Data: grp: 11 chan: 255 sseq: 0 rseq: 3 more: 0
  X.25 reasm status: skipped
  X.233 CLNP Data (compressed header):
   LRef: 0x41 Prio: 11 Flags: 0xf6
   Lifetime: 20.0 sec
   PDU Id: 0x43
   X.224 COTP Data Ack:
    dst_ref: 0x04a1
    rseq: 4 credit: 3
    Flow control:
     Acked TPDU nr: 4
     Acked subsequence: 0
     Acked credit: 15
    ATN checksum: 51 d0 8a 24

[2025-06-15 00:06:25 CEST] [136.775] [-7.0/-32.0 dBFS] [25.0 dB] [0.0 ppm]
45AB4B (Aircraft, Airborne) -> 233925 (Ground station): Command
AVLC type: I sseq: 6 rseq: 4 poll: 0
 X.25 Data: grp: 11 chan: 243 sseq: 5 rseq: 0 more: 0
  X.25 reasm status: skipped
  X.233 CLNP Data (compressed header):
   LRef: 0x45 Prio: 11 Flags: 0xe0
   Lifetime: 120.0 sec
   PDU Id: 0x13a
   X.224 COTP Data:
    dst_ref: 0x048c
    sseq: 6 req_of_ack: 0 EoT: 1
    COTP reasm status: skipped
    ATN checksum: 56 f3 87 76
    CPDLC Downlink Message:
     Header:
      Msg ID: 11
      Msg Ref: 7
      Timestamp: 2025-06-14 22:06:25
      Logical ACK: notRequired
     Message data:
      LOGICAL ACKNOWLEDGMENT

[2025-06-15 00:06:27 CEST] [136.775] [-5.9/-31.9 dBFS] [26.0 dB] [-0.0 ppm]
45AB4B (Aircraft, Airborne) -> 233925 (Ground station): Command
AVLC type: I sseq: 7 rseq: 5 poll: 0
 X.25 Data: grp: 11 chan: 243 sseq: 6 rseq: 1 more: 0
  X.25 reasm status: skipped
  X.233 CLNP Data (compressed header):
   LRef: 0x45 Prio: 11 Flags: 0xe0
   Lifetime: 120.0 sec
   PDU Id: 0x13b
   X.224 COTP Data Ack:
    dst_ref: 0x048c
    rseq: 7 credit: 4
    Flow control:
     Acked TPDU nr: 7
     Acked subsequence: 0
     Acked credit: 15
    ATN checksum: c3 68 48 4b

[2025-06-15 00:06:29 CEST] [136.875] [-2.3/-32.1 dBFS] [29.8 dB] [3.4 ppm]
451E90 (Aircraft, Airborne) -> 270CA1 (Ground station): Command
AVLC type: I sseq: 2 rseq: 3 poll: 0
 X.25 Data: grp: 11 chan: 255 sseq: 0 rseq: 1 more: 0
  X.25 reasm status: skipped
  X.233 CLNP Data (compressed header):
   LRef: 0x41 Prio: 11 Flags: 0xf6
   Lifetime: 20.0 sec
   PDU Id: 0x30c
   X.224 COTP Data Ack:
    dst_ref: 0x048f
    rseq: 4 credit: 3
    Flow control:
     Acked TPDU nr: 4
     Acked subsequence: 0
     Acked credit: 15
    ATN checksum: 8a 90 ec e5

[2025-06-15 00:06:30 CEST] [136.775] [-8.3/-31.8 dBFS] [23.5 dB] [-0.1 ppm]
45AB4B (Aircraft, Airborne) -> 233925 (Ground station): Command
AVLC type: I sseq: 0 rseq: 6 poll: 0
 X.25 Data: grp: 11 chan: 243 sseq: 7 rseq: 2 more: 0
  X.25 reasm status: skipped
  X.233 CLNP Data (compressed header):
   LRef: 0x44 Prio: 11 Flags: 0xe0
   Lifetime: 120.0 sec
   PDU Id: 0x13c
   X.224 COTP Connect Confirm:
    src_ref: 0x000c dst_ref: 0x0d4e
    Initial Credit: 2
    Protocol class: 4
    Options: 00 (use normal PDU formats)
    Calling transport selector: 65 6d
    Called/responding transport selector: 02
    TPDU size (bytes): 1024
    Additional options: 0x00
    Ack time (ms): 1000
    Priority: 3
    Inactivity timer (ms): 360000
    ATN checksum: 78 7f d9 e1
    X.225 Session SPDU: Short Accept
     X.227 ACSE Associate Response:
      Application context name: { 1.3.27.3.1 }
      Associate result: accept
      ATCDownlinkMessage: <empty PDU>

[2025-06-15 00:06:46 CEST] [136.975] [-10.8/-31.6 dBFS] [20.9 dB] [3.2 ppm]
4CA7B9 (Aircraft, Airborne) -> 10952A (Ground station): Command
AVLC type: I sseq: 6 rseq: 0 poll: 0
 ACARS:
  Reassembly: skipped
  Reg: .EI-EGC Flight: FR61CR
  Mode: 2 Label: B9 Blk id: 6 More: 0 Ack: ! Msg num: M49A
  Message:
   /GMTT.TI2/024GMTTA81C0

[2025-06-15 00:07:01 CEST] [136.675] [-14.0/-32.3 dBFS] [18.3 dB] [1.8 ppm]
4CACB6 (Aircraft, Airborne) -> 11907A (Ground station): Command
AVLC type: I sseq: 7 rseq: 0 poll: 0
 X.25 Data: grp: 11 chan: 255 sseq: 5 rseq: 6 more: 0
  X.25 reasm status: skipped
  X.233 CLNP Data (compressed header):
   LRef: 0x4a Prio: 11 Flags: 0xf6
   Lifetime: 20.0 sec
   PDU Id: 0x357
   X.224 COTP Data Ack:
    dst_ref: 0x049b
    rseq: 3 credit: 2
    ATN checksum: b6 02 81 a0
   X.224 COTP Data:
    dst_ref: 0x049b
    sseq: 2 req_of_ack: 0 EoT: 1
    COTP reasm status: skipped
    ATN checksum: 9b 42 98 8c
    CPDLC Downlink Message:
     Header:
      Msg ID: 2
      Msg Ref: 3
      Timestamp: 2025-06-14 22:07:01
      Logical ACK: notRequired
     Message data:
      LOGICAL ACKNOWLEDGMENT

[2025-06-15 00:07:07 CEST] [136.675] [-12.8/-32.6 dBFS] [19.7 dB] [1.8 ppm]
4CACB6 (Aircraft, Airborne) -> 11907A (Ground station): Command
AVLC type: I sseq: 0 rseq: 1 poll: 0
 X.25 Data: grp: 11 chan: 255 sseq: 6 rseq: 7 more: 0
  X.25 reasm status: skipped
  X.233 CLNP Data (compressed header):
   LRef: 0x4a Prio: 11 Flags: 0xf6
   Lifetime: 20.0 sec
   PDU Id: 0x358
   X.224 COTP Data:
    dst_ref: 0x049b
    sseq: 3 req_of_ack: 0 EoT: 1
    COTP reasm status: skipped
    ATN checksum: 42 a9 9c 79
    CPDLC Downlink Message:
     Header:
      Msg ID: 3
      Msg Ref: 3
      Timestamp: 2025-06-14 22:07:06
      Logical ACK: required
     Message data:
      WILCO

[2025-06-15 00:07:08 CEST] [136.675] [-9.5/-32.3 dBFS] [22.8 dB] [1.9 ppm]
4CACB6 (Aircraft, Airborne) -> 11907A (Ground station): Command
AVLC type: I sseq: 1 rseq: 3 poll: 0
 X.25 Data: grp: 11 chan: 255 sseq: 7 rseq: 1 more: 0
  X.25 reasm status: skipped
  X.233 CLNP Data (compressed header):
   LRef: 0x4a Prio: 11 Flags: 0xf6
   Lifetime: 20.0 sec
   PDU Id: 0x359
   X.224 COTP Data Ack:
    dst_ref: 0x049b
    rseq: 4 credit: 3
    ATN checksum: 2a a1 7c 90

[2025-06-15 00:07:14 CEST] [136.725] [-8.7/-31.9 dBFS] [23.3 dB] [3.5 ppm]
4CA7B9 (Aircraft, Airborne) -> 11985A (Ground station): Command
AVLC type: U (XID) P/F: 1
 XID: Handoff Initiation
  Public params:
   Parameter set ID: 8885:1993
   Procedure classes: 00 01
   HDLC options: 20 84 80
  VDL params:
   Parameter set ID: V
   XID sequencing: seq: 1 retry: 0
   Destination airport: GMTT
   Aircraft location: 0.0N 0.0E 0 ft
   Alternate ground stations: 11984A
   AVLC specific options: 24
   Connection management: 01

[2025-06-15 00:07:23 CEST] [136.725] [0.9/-31.9 dBFS] [32.8 dB] [2.9 ppm]
4CADB9 (Aircraft, Airborne) -> 11985A (Ground station): Command
AVLC type: I sseq: 3 rseq: 6 poll: 0
 X.25 Data: grp: 11 chan: 254 sseq: 1 rseq: 4 more: 0
  X.25 reasm status: skipped
  X.233 CLNP Data (compressed header):
   LRef: 0x44 Prio: 11 Flags: 0xc0
   Lifetime: 50.0 sec
   PDU Id: 0x3c3
   X.224 COTP Data Ack:
    dst_ref: 0x04a7
    rseq: 4 credit: 3
    Checksum: 45 28
    Flow control:
     Acked TPDU nr: 4
     Acked subsequence: 0
     Acked credit: 15

[2025-06-15 00:07:23 CEST] [136.725] [-8.7/-31.9 dBFS] [23.1 dB] [3.3 ppm]
4CA7B9 (Aircraft, Airborne) -> 11985A (Ground station): Command
AVLC type: U (XID) P/F: 1
 XID: Handoff Initiation
  Public params:
   Parameter set ID: 8885:1993
   Procedure classes: 00 01
   HDLC options: 20 84 80
  VDL params:
   Parameter set ID: V
   XID sequencing: seq: 1 retry: 1
   Destination airport: GMTT
   Aircraft location: 0.0N 0.0E 0 ft
   Alternate ground stations: 11984A
   AVLC specific options: 24
   Connection management: 01

[2025-06-15 00:07:33 CEST] [136.675] [-7.9/-32.1 dBFS] [24.3 dB] [2.7 ppm]
40812D (Aircraft, Airborne) -> 11907A (Ground station): Command
AVLC type: I sseq: 4 rseq: 7 poll: 0
 X.25 Data: grp: 11 chan: 255 sseq: 2 rseq: 5 more: 0
  X.25 reasm status: skipped
  X.233 CLNP Data (compressed header):
   LRef: 0x41 Prio: 11 Flags: 0xf6
   Lifetime: 20.0 sec
   PDU Id: 0x45
   X.224 COTP Data Ack:
    dst_ref: 0x04a1
    rseq: 4 credit: 3
    Flow control:
     Acked TPDU nr: 4
     Acked subsequence: 0
     Acked credit: 15
    ATN checksum: 51 d0 8a 24

[2025-06-15 00:08:01 CEST] [136.875] [1.1/-31.7 dBFS] [32.8 dB] [3.0 ppm]
451E90 (Aircraft, Airborne) -> 270CA1 (Ground station): Command
AVLC type: I sseq: 3 rseq: 5 poll: 0
 X.25 Data: grp: 11 chan: 255 sseq: 1 rseq: 2 more: 0
  X.25 reasm status: skipped
  X.233 CLNP Data (compressed header):
   LRef: 0x41 Prio: 11 Flags: 0xf6
   Lifetime: 20.0 sec
   PDU Id: 0x30d
   X.224 COTP Data Ack:
    dst_ref: 0x048f
    rseq: 4 credit: 3
    Flow control:
     Acked TPDU nr: 4
     Acked subsequence: 0
     Acked credit: 15
    ATN checksum: 8a 90 ec e5

[2025-06-15 00:08:39 CEST] [136.725] [-13.0/-32.2 dBFS] [19.2 dB] [2.5 ppm]
4D2220 (Aircraft, Airborne) -> 11985A (Ground station): Command
AVLC type: I sseq: 7 rseq: 4 poll: 0
 X.25 Data: grp: 11 chan: 255 sseq: 4 rseq: 1 more: 0
  X.25 reasm status: skipped
  X.233 CLNP Data (compressed header):
   LRef: 0x41 Prio: 11 Flags: 0xc0
   Lifetime: 50.0 sec
   PDU Id: 0xce8
   X.224 COTP Data Ack:
    dst_ref: 0x049f
    rseq: 0 credit: 1
    Checksum: 73 0c
    Flow control:
     Acked TPDU nr: 0
     Acked subsequence: 0
     Acked credit: 15

[2025-06-15 00:08:39 CEST] [136.675] [-12.1/-32.4 dBFS] [20.3 dB] [1.9 ppm]
4CACB6 (Aircraft, Airborne) -> 11907A (Ground station): Command
AVLC type: I sseq: 3 rseq: 5 poll: 0
 X.25 Data: grp: 11 chan: 255 sseq: 1 rseq: 3 more: 0
  X.25 reasm status: skipped
  X.233 CLNP Data (compressed header):
   LRef: 0x4a Prio: 11 Flags: 0xf6
   Lifetime: 20.0 sec
   PDU Id: 0x35b
   X.224 COTP Data Ack:
    dst_ref: 0x049b
    rseq: 4 credit: 3
    Flow control:
     Acked TPDU nr: 4
     Acked subsequence: 0
     Acked credit: 15
    ATN checksum: 0c 33 23 c4

[2025-06-15 00:08:55 CEST] [136.725] [0.5/-31.9 dBFS] [32.4 dB] [2.7 ppm]
4CADB9 (Aircraft, Airborne) -> 11985A (Ground station): Command
AVLC type: I sseq: 4 rseq: 7 poll: 0
 X.25 Data: grp: 11 chan: 254 sseq: 2 rseq: 5 more: 0
  X.25 reasm status: skipped
  X.233 CLNP Data (compressed header):
   LRef: 0x44 Prio: 11 Flags: 0xc0
   Lifetime: 50.0 sec
   PDU Id: 0x3c4
   X.224 COTP Data Ack:
    dst_ref: 0x04a7
    rseq: 4 credit: 3
    Checksum: 45 28
    Flow control:
     Acked TPDU nr: 4
     Acked subsequence: 0
     Acked credit: 15

[2025-06-15 00:09:05 CEST] [136.675] [-12.0/-32.2 dBFS] [20.2 dB] [2.6 ppm]
40812D (Aircraft, Airborne) -> 11907A (Ground station): Command
AVLC type: I sseq: 5 rseq: 0 poll: 0
 X.25 Data: grp: 11 chan: 255 sseq: 3 rseq: 6 more: 0
  X.25 reasm status: skipped
  X.233 CLNP Data (compressed header):
   LRef: 0x41 Prio: 11 Flags: 0xf6
   Lifetime: 20.0 sec
   PDU Id: 0x46
   X.224 COTP Data Ack:
    dst_ref: 0x04a1
    rseq: 4 credit: 3
    Flow control:
     Acked TPDU nr: 4
     Acked subsequence: 0
     Acked credit: 15
    ATN checksum: 51 d0 8a 24

[2025-06-15 00:09:25 CEST] [136.675] [-15.3/-32.4 dBFS] [17.1 dB] [2.7 ppm]
40812D (Aircraft, Airborne) -> 11907A (Ground station): Command
AVLC type: I sseq: 7 rseq: 2 poll: 0
 X.25 Data: grp: 11 chan: 255 sseq: 5 rseq: 0 more: 0
  X.25 reasm status: skipped
  X.233 CLNP Data (compressed header):
   LRef: 0x41 Prio: 11 Flags: 0xf6
   Lifetime: 20.0 sec
   PDU Id: 0x48
   X.224 COTP Data:
    dst_ref: 0x04a1
    sseq: 5 req_of_ack: 0 EoT: 1
    COTP reasm status: skipped
    ATN checksum: e4 d5 4e a5
    CPDLC Downlink Message:
     Header:
      Msg ID: 5
      Msg Ref: 10
      Timestamp: 2025-06-14 22:09:23
      Logical ACK: required
     Message data:
      WILCO

[2025-06-15 00:09:27 CEST] [136.675] [-15.3/-32.6 dBFS] [17.2 dB] [2.6 ppm]
40812D (Aircraft, Airborne) -> 11907A (Ground station): Command
AVLC type: I sseq: 0 rseq: 4 poll: 0
 X.25 Data: grp: 11 chan: 255 sseq: 6 rseq: 2 more: 0
  X.25 reasm status: skipped
  X.233 CLNP Data (compressed header):
   LRef: 0x41 Prio: 11 Flags: 0xf6
   Lifetime: 20.0 sec
   PDU Id: 0x49
   X.224 COTP Data Ack:
    dst_ref: 0x04a1
    rseq: 6 credit: 3
    ATN checksum: 47 d8 fc 63

[2025-06-15 00:09:33 CEST] [136.875] [0.4/-31.5 dBFS] [31.9 dB] [2.7 ppm]
451E90 (Aircraft, Airborne) -> 270CA1 (Ground station): Command
AVLC type: I sseq: 5 rseq: 0 poll: 0
 X.25 Data: grp: 11 chan: 255 sseq: 2 rseq: 4 more: 0
  X.25 reasm status: skipped
  X.233 CLNP Data (compressed header):
   LRef: 0x41 Prio: 11 Flags: 0xf6
   Lifetime: 20.0 sec
   PDU Id: 0x30e
   X.224 COTP Data Ack:
    dst_ref: 0x048f
    rseq: 4 credit: 3
    Flow control:
     Acked TPDU nr: 4
     Acked subsequence: 0
     Acked credit: 15
    ATN checksum: 8a 90 ec e5

[2025-06-15 00:09:46 CEST] [136.975] [-13.8/-31.8 dBFS] [18.0 dB] [3.1 ppm]
44079A (Aircraft, Airborne) -> 10FA5A (Ground station): Command
AVLC type: I sseq: 3 rseq: 5 poll: 0
 X.25 Data: grp: 11 chan: 255 sseq: 1 rseq: 3 more: 0
  X.25 reasm status: skipped
  X.233 CLNP Data (compressed header):
   LRef: 0x41 Prio: 11 Flags: 0xf6
   Lifetime: 20.0 sec
   PDU Id: 0xc2
   X.224 COTP Connect Confirm:
    src_ref: 0x003a dst_ref: 0x04bd
    Initial Credit: 1
    Protocol class: 4
    Options: 00 (use normal PDU formats)
    TPDU size (bytes): 512
    Called/responding transport selector: 16
    Calling transport selector: 70 6d
    Priority: 3
    Ack time (ms): 1000
    Inactivity timer (ms): 360000
    Additional options: 0x00
    ATN checksum: e3 39 5d ba
    X.225 Session SPDU: Short Accept
     X.227 ACSE Associate Response:
      Application context name: { 1.3.27.3.2 }
      Associate result: accept
      ATCDownlinkMessage: <empty PDU>

[2025-06-15 00:09:46 CEST] [136.975] [-13.9/-31.9 dBFS] [18.0 dB] [3.3 ppm]
44079A (Aircraft, Airborne) -> 10FA5A (Ground station): Command
AVLC type: I sseq: 4 rseq: 6 poll: 0
 X.25 Data: grp: 11 chan: 255 sseq: 2 rseq: 4 more: 0
  X.25 reasm status: skipped
  X.233 CLNP Data (compressed header):
   LRef: 0x41 Prio: 11 Flags: 0xf6
   Lifetime: 20.0 sec
   PDU Id: 0xc3
   X.224 COTP Data:
    dst_ref: 0x04bd
    sseq: 0 req_of_ack: 0 EoT: 1
    COTP reasm status: skipped
    ATN checksum: 0c f2 25 76
    CPDLC Downlink Message:
     Header:
      Msg ID: 0
      Timestamp: 2025-06-14 22:09:45
      Logical ACK: required
     Message data:
      CURRENT DATA AUTHORITY

[2025-06-15 00:09:48 CEST] [136.975] [-13.8/-32.4 dBFS] [18.6 dB] [3.3 ppm]
44079A (Aircraft, Airborne) -> 10FA5A (Ground station): Command
AVLC type: I sseq: 5 rseq: 0 poll: 0
 X.25 Data: grp: 11 chan: 255 sseq: 3 rseq: 6 more: 0
  X.25 reasm status: skipped
  X.233 CLNP Data (compressed header):
   LRef: 0x41 Prio: 11 Flags: 0xf6
   Lifetime: 20.0 sec
   PDU Id: 0xc4
   X.224 COTP Data Ack:
    dst_ref: 0x04bd
    rseq: 1 credit: 2
    ATN checksum: da e9 d7 ea

[2025-06-15 00:10:11 CEST] [136.725] [-12.0/-33.7 dBFS] [21.7 dB] [2.5 ppm]
4D2220 (Aircraft, Airborne) -> 11985A (Ground station): Command
AVLC type: I sseq: 0 rseq: 5 poll: 0
 X.25 Data: grp: 11 chan: 255 sseq: 5 rseq: 2 more: 0
  X.25 reasm status: skipped
  X.233 CLNP Data (compressed header):
   LRef: 0x41 Prio: 11 Flags: 0xc0
   Lifetime: 50.0 sec
   PDU Id: 0xce9
   X.224 COTP Data Ack:
    dst_ref: 0x049f
    rseq: 0 credit: 1
    Checksum: 73 0c
    Flow control:
     Acked TPDU nr: 0
     Acked subsequence: 0
     Acked credit: 15

[2025-06-15 00:10:11 CEST] [136.675] [-7.9/-34.1 dBFS] [26.2 dB] [1.4 ppm]
4CACB6 (Aircraft, Airborne) -> 11907A (Ground station): Command
AVLC type: I sseq: 4 rseq: 6 poll: 0
 X.25 Data: grp: 11 chan: 255 sseq: 2 rseq: 4 more: 0
  X.25 reasm status: skipped
  X.233 CLNP Data (compressed header):
   LRef: 0x4a Prio: 11 Flags: 0xf6
   Lifetime: 20.0 sec
   PDU Id: 0x35c
   X.224 COTP Data Ack:
    dst_ref: 0x049b
    rseq: 4 credit: 3
    Flow control:
     Acked TPDU nr: 4
     Acked subsequence: 0
     Acked credit: 15
    ATN checksum: 0c 33 23 c4

[2025-06-15 00:10:28 CEST] [136.725] [-14.3/-31.9 dBFS] [17.6 dB] [2.8 ppm]
4CA24E (Aircraft, Airborne) -> 11985A (Ground station): Command
AVLC type: I sseq: 7 rseq: 1 poll: 0
 X.25 Data: grp: 11 chan: 254 sseq: 5 rseq: 7 more: 0
  X.25 reasm status: skipped
  X.233 CLNP Data (compressed header):
   LRef: 0x41 Prio: 11 Flags: 0xc0
   Lifetime: 50.0 sec
   PDU Id: 0x222e
   X.224 COTP Data Ack:
    dst_ref: 0x04b4
    rseq: 4 credit: 3
    Checksum: 04 5c
    Flow control:
     Acked TPDU nr: 4
     Acked subsequence: 0
     Acked credit: 15

[2025-06-15 00:10:29 CEST] [136.725] [0.7/-31.7 dBFS] [32.4 dB] [2.4 ppm]
4CADB9 (Aircraft, Airborne) -> 11985A (Ground station): Command
AVLC type: I sseq: 5 rseq: 0 poll: 0
 X.25 Data: grp: 11 chan: 254 sseq: 3 rseq: 6 more: 0
  X.25 reasm status: skipped
  X.233 CLNP Data (compressed header):
   LRef: 0x44 Prio: 11 Flags: 0xc0
   Lifetime: 50.0 sec
   PDU Id: 0x3c5
   X.224 COTP Data Ack:
    dst_ref: 0x04a7
    rseq: 4 credit: 3
    Checksum: 45 28
    Flow control:
     Acked TPDU nr: 4
     Acked subsequence: 0
     Acked credit: 15

[2025-06-15 00:10:36 CEST] [136.725] [-14.0/-31.9 dBFS] [17.9 dB] [8.4 ppm]
495299 (Aircraft, Airborne) -> 11985A (Ground station): Command
AVLC type: U (XID) P/F: 1
 XID: Handoff Initiation
  Public params:
   Parameter set ID: 8885:1993
   Procedure classes: 00 01
   HDLC options: 20 84 80
  VDL params:
   Parameter set ID: V
   XID sequencing: seq: 6 retry: 0
   Destination airport: LFMN
   Aircraft location: 43.1N 5.1E 25000 ft
   Alternate ground stations: 1199BA 11984A
   AVLC specific options: 24
   Connection management: 01

[2025-06-15 00:10:39 CEST] [136.875] [-12.5/-31.5 dBFS] [19.0 dB] [3.6 ppm]
02A1A2 (Aircraft, Airborne) -> 2A3261 (Ground station): Command
AVLC type: I sseq: 2 rseq: 6 poll: 0
 X.25 Data: grp: 11 chan: 255 sseq: 5 rseq: 2 more: 0
  X.25 reasm status: skipped
  X.233 CLNP Data (compressed header):
   LRef: 0x43 Prio: 11 Flags: 0xfe
   Lifetime: 20.0 sec
   PDU Id: 0x38d
   X.224 COTP Data Ack:
    dst_ref: 0x04a9
    rseq: 2 credit: 2
    Flow control:
     Acked TPDU nr: 2
     Acked subsequence: 0
     Acked credit: 15
    ATN checksum: 13 09 77 f8

[2025-06-15 00:10:47 CEST] [136.725] [-12.4/-32.1 dBFS] [19.7 dB] [8.3 ppm]
495299 (Aircraft, Airborne) -> 11985A (Ground station): Command
AVLC type: U (XID) P/F: 1
 XID: Handoff Initiation
  Public params:
   Parameter set ID: 8885:1993
   Procedure classes: 00 01
   HDLC options: 20 84 80
  VDL params:
   Parameter set ID: V
   XID sequencing: seq: 6 retry: 1
   Destination airport: LFMN
   Aircraft location: 43.1N 5.1E 25000 ft
   Alternate ground stations: 1199BA 11984A
   AVLC specific options: 24
   Connection management: 01

[2025-06-15 00:10:53 CEST] [136.875] [-2.5/-31.1 dBFS] [28.6 dB] [2.3 ppm]
451E90 (Aircraft, Airborne) -> 266661 (Ground station): Response
AVLC type: U (XID) P/F: 1
 XID: Handoff Response
  Public params:
   Parameter set ID: 8885:1993
   Procedure classes: 00 01
   HDLC options: 20 a4 80
  VDL params:
   Parameter set ID: V
   Connection management: 01
   XID sequencing: seq: 5 retry: 0
   AVLC specific options: 25
   Destination airport: LEPA
   Aircraft location: 43.2N 4.7E 35000 ft

[2025-06-15 00:11:01 CEST] [136.725] [0.3/-32.1 dBFS] [32.4 dB] [2.2 ppm]
4CADB9 (Aircraft, Airborne) -> 11985A (Ground station): Command
AVLC type: I sseq: 6 rseq: 0 poll: 0
 ACARS:
  Reassembly: skipped
  Reg: .EI-IFY Flight: FR59VV
  Mode: 2 Label: 16 Blk id: 7 More: 0 Ack: ! Msg num: M93A
  Message:
   221100,37004,2324, 123,N 43.129 E  5.606

[2025-06-15 00:11:02 CEST] [136.675] [0.6/-32.7 dBFS] [33.3 dB] [1.5 ppm]
4CACB6 (Aircraft, Airborne) -> 11907A (Ground station): Command
AVLC type: I sseq: 6 rseq: 7 poll: 0
 ACARS:
  Reassembly: skipped
  Reg: .EI-SIC Flight: SK1816
  Mode: 2 Label: H1 Blk id: 5 More: 0 Ack: ! Msg num: F54A
  Sublabel: M1
  Message:
   RESREQ/AK,115/TS221101,140625F267

[2025-06-15 00:11:04 CEST] [136.675] [0.7/-32.3 dBFS] [33.0 dB] [1.2 ppm]
4CACB6 (Aircraft, Airborne) -> 11907A (Ground station): Command
AVLC type: I sseq: 7 rseq: 0 poll: 0
 ACARS:
  Reassembly: skipped
  Reg: .EI-SIC Flight: SK1816
  Mode: 2 Label: H1 Blk id: 6 More: 0 Ack: ! Msg num: F55A
  Sublabel: M1
  Message:
   PER/PR1520,318,360,140,,0,8,,M56,60,,,P14,M20,36090,,1380,331/TS221102,14062595D6

[2025-06-15 00:11:05 CEST] [136.875] [-8.1/-31.7 dBFS] [23.7 dB] [2.5 ppm]
451E90 (Aircraft, Airborne) -> 266661 (Ground station): Command
AVLC type: I sseq: 2 rseq: 3 poll: 0
 X.25 Data: grp: 11 chan: 255 sseq: 0 rseq: 1 more: 0
  X.25 reasm status: skipped
  X.233 CLNP Data (compressed header):
   LRef: 0x41 Prio: 11 Flags: 0xf6
   Lifetime: 20.0 sec
   PDU Id: 0x310
   X.224 COTP Data Ack:
    dst_ref: 0x048f
    rseq: 4 credit: 3
    Flow control:
     Acked TPDU nr: 4
     Acked subsequence: 0
     Acked credit: 15
    ATN checksum: 8a 90 ec e5

[2025-06-15 00:11:15 CEST] [136.725] [-3.4/-32.6 dBFS] [29.1 dB] [2.2 ppm]
4D2220 (Aircraft, Airborne) -> 11985A (Ground station): Command
AVLC type: I sseq: 1 rseq: 5 poll: 0
 X.25 Data: grp: 11 chan: 255 sseq: 6 rseq: 2 more: 0
  X.25 reasm status: skipped
  X.233 CLNP Data (compressed header):
   LRef: 0x0 Prio: 11 Flags: 0xc0
   Lifetime: 50.0 sec
   PDU Id: 0xcea
   X.224 COTP Data Ack:
    dst_ref: 0xda5b
    rseq: 7 credit: 3
    Checksum: b2 de

[2025-06-15 00:11:20 CEST] [136.725] [-2.7/-32.0 dBFS] [29.3 dB] [2.3 ppm]
4D2220 (Aircraft, Airborne) -> 11985A (Ground station): Command
AVLC type: I sseq: 2 rseq: 6 poll: 0
 X.25 Data: grp: 11 chan: 255 sseq: 7 rseq: 3 more: 0
  X.25 reasm status: skipped
  X.233 CLNP Data (compressed header):
   LRef: 0x0 Prio: 11 Flags: 0xc0
   Lifetime: 50.0 sec
   PDU Id: 0xceb
   X.224 COTP Data Ack:
    dst_ref: 0xda5b
    rseq: 7 credit: 3
    Checksum: 87 5b
    Flow control:
     Acked TPDU nr: 6
     Acked subsequence: 0
     Acked credit: 10

[2025-06-15 00:11:22 CEST] [136.975] [-11.5/-31.6 dBFS] [20.1 dB] [3.5 ppm]
44079A (Aircraft, Airborne) -> 10FA5A (Ground station): Command
AVLC type: I sseq: 7 rseq: 3 poll: 0
 X.25 Data: grp: 11 chan: 255 sseq: 5 rseq: 1 more: 0
  X.25 reasm status: skipped
  X.233 CLNP Data (compressed header):
   LRef: 0x41 Prio: 11 Flags: 0xf6
   Lifetime: 20.0 sec
   PDU Id: 0xc6
   X.224 COTP Data Ack:
    dst_ref: 0x04bd
    rseq: 2 credit: 2
    Flow control:
     Acked TPDU nr: 2
     Acked subsequence: 0
     Acked credit: 15
    ATN checksum: da 1b e9 f6

[2025-06-15 00:11:43 CEST] [136.725] [-4.9/-31.7 dBFS] [26.9 dB] [2.4 ppm]
4D2220 (Aircraft, Airborne) -> 11985A (Ground station): Command
AVLC type: I sseq: 3 rseq: 7 poll: 0
 X.25 Data: grp: 11 chan: 255 sseq: 0 rseq: 4 more: 0
  X.25 reasm status: skipped
  X.233 CLNP Data (compressed header):
   LRef: 0x41 Prio: 11 Flags: 0xc0
   Lifetime: 50.0 sec
   PDU Id: 0xcec
   X.224 COTP Data Ack:
    dst_ref: 0x049f
    rseq: 0 credit: 1
    Checksum: 73 0c
    Flow control:
     Acked TPDU nr: 0
     Acked subsequence: 0
     Acked credit: 15

[2025-06-15 00:11:43 CEST] [136.675] [0.3/-32.4 dBFS] [32.7 dB] [1.2 ppm]
4CACB6 (Aircraft, Airborne) -> 11907A (Ground station): Command
AVLC type: I sseq: 0 rseq: 2 poll: 0
 X.25 Data: grp: 11 chan: 255 sseq: 3 rseq: 5 more: 0
  X.25 reasm status: skipped
  X.233 CLNP Data (compressed header):
   LRef: 0x4a Prio: 11 Flags: 0xf6
   Lifetime: 20.0 sec
   PDU Id: 0x35d
   X.224 COTP Data Ack:
    dst_ref: 0x049b
    rseq: 4 credit: 3
    Flow control:
     Acked TPDU nr: 4
     Acked subsequence: 0
     Acked credit: 15
    ATN checksum: 0c 33 23 c4

[2025-06-15 00:11:54 CEST] [136.725] [-10.9/-32.1 dBFS] [21.2 dB] [1.3 ppm]
89618C (Aircraft, Airborne) -> 11984A (Ground station): Command
AVLC type: I sseq: 2 rseq: 2 poll: 0
 ACARS:
  Reassembly: skipped
  Reg: .A6-EEM Flight: EK0232
  Mode: 2 Label: H1 Blk id: 8 More: 0 Ack: ! Msg num: F33A
  Sublabel: M1
  Message:
   PRG/TS221153,140625/DTOMDB,30L,523,040653C446

[2025-06-15 00:11:59 CEST] [136.725] [0.3/-31.9 dBFS] [32.2 dB] [1.9 ppm]
4CADB9 (Aircraft, Airborne) -> 11985A (Ground station): Command
AVLC type: I sseq: 0 rseq: 2 poll: 0
 X.25 Data: grp: 11 chan: 254 sseq: 5 rseq: 7 more: 0
  X.25 reasm status: skipped
  X.233 CLNP Data (compressed header):
   LRef: 0x44 Prio: 11 Flags: 0xc0
   Lifetime: 50.0 sec
   PDU Id: 0x3c7
   X.224 COTP Data Ack:
    dst_ref: 0x04a7
    rseq: 4 credit: 3
    Checksum: 45 28
    Flow control:
     Acked TPDU nr: 4
     Acked subsequence: 0
     Acked credit: 15

[2025-06-15 00:12:00 CEST] [136.725] [-3.6/-32.0 dBFS] [28.4 dB] [3.0 ppm]
4CA24E (Aircraft, Airborne) -> 11985A (Ground station): Command
AVLC type: I sseq: 0 rseq: 2 poll: 0
 X.25 Data: grp: 11 chan: 254 sseq: 6 rseq: 0 more: 0
  X.25 reasm status: skipped
  X.233 CLNP Data (compressed header):
   LRef: 0x41 Prio: 11 Flags: 0xc0
   Lifetime: 50.0 sec
   PDU Id: 0x222f
   X.224 COTP Data Ack:
    dst_ref: 0x04b4
    rseq: 4 credit: 3
    Checksum: 04 5c
    Flow control:
     Acked TPDU nr: 4
     Acked subsequence: 0
     Acked credit: 15

[2025-06-15 00:12:10 CEST] [136.875] [-5.5/-31.8 dBFS] [26.3 dB] [3.7 ppm]
02A1A2 (Aircraft, Airborne) -> 2A3261 (Ground station): Command
AVLC type: I sseq: 3 rseq: 0 poll: 0
 X.25 Data: grp: 11 chan: 255 sseq: 6 rseq: 3 more: 0
  X.25 reasm status: skipped
  X.233 CLNP Data (compressed header):
   LRef: 0x43 Prio: 11 Flags: 0xfe
   Lifetime: 20.0 sec
   PDU Id: 0x38e
   X.224 COTP Data Ack:
    dst_ref: 0x04a9
    rseq: 2 credit: 2
    Flow control:
     Acked TPDU nr: 2
     Acked subsequence: 0
     Acked credit: 15
    ATN checksum: 13 09 77 f8

[2025-06-15 00:12:15 CEST] [136.975] [-7.7/-31.8 dBFS] [24.1 dB] [3.2 ppm]
44079A (Aircraft, Airborne) -> 10985A (Ground station): Command
AVLC type: U (XID) P/F: 1
 XID: Handoff Initiation
  Public params:
   Parameter set ID: 8885:1993
   Procedure classes: 00 01
   HDLC options: 20 a4 80
  VDL params:
   Parameter set ID: V
   Connection management: 01
   XID sequencing: seq: 2 retry: 0
   AVLC specific options: 25
   Destination airport: LEIB
   Aircraft location: 43.6N 6.3E 35000 ft

[2025-06-15 00:12:15 CEST] [136.975] [-7.4/-32.1 dBFS] [24.7 dB] [3.4 ppm]
44079A (Aircraft, Airborne) -> 10985A (Ground station): Command
AVLC type: I sseq: 2 rseq: 3 poll: 0
 X.25 Data: grp: 11 chan: 255 sseq: 0 rseq: 2 more: 0
  X.25 reasm status: skipped
  X.233 CLNP Data (compressed header):
   LRef: 0x40 Prio: 14 Flags: 0xf6
   Lifetime: 20.0 sec
   PDU Id: 0xc7
   IDRP Open: seq: 1 ack: 1 credit_offered: 3 credit_avail: 4
    Hold Time: 900 seconds
    Max. PDU size: 3000 octets
    Source RDI: 47 00 27 41 45 4a 55 00 44 07 9a	"G.'AEJU.D.."
    RIB Attribute Set:
     RibAtt #0:
      Security:
       Reg ID: 06 04 2b 1b 00 00
    Auth mechanism: simple checksum

[2025-06-15 00:12:16 CEST] [136.975] [-7.8/-31.7 dBFS] [23.9 dB] [3.4 ppm]
44079A (Aircraft, Airborne) -> 10985A (Ground station): Command
AVLC type: I sseq: 3 rseq: 5 poll: 0
 X.25 Data: grp: 11 chan: 255 sseq: 1 rseq: 3 more: 0
  X.25 reasm status: skipped
  X.233 CLNP Data (compressed header):
   LRef: 0x40 Prio: 14 Flags: 0xf6
   Lifetime: 20.0 sec
   PDU Id: 0xc8
   IDRP Update: seq: 2 ack: 1 credit_offered: 3 credit_avail: 3
    Route:
     ID: 9
     Local preference: 0
    RD path:
     RD_SEQ:
      47 00 27 41 45 4a 55 00 44 07 9a	"G.'AEJU.D.."
    RD hop count: 1
    Capacity: 13
    Reachability info:
     Protocol: CLNP
     Prefix length: 88
     Dest. address prefix: 47 00 27 41 45 4a 55 00 44 07 9a	"G.'AEJU.D.."

[2025-06-15 00:12:16 CEST] [136.975] [-7.8/-31.7 dBFS] [23.9 dB] [3.4 ppm]
44079A (Aircraft, Airborne) -> 10985A (Ground station): Command
AVLC type: I sseq: 4 rseq: 5 poll: 0
 X.25 Data: grp: 11 chan: 255 sseq: 2 rseq: 3 more: 0
  X.25 reasm status: skipped
  X.233 CLNP Data (compressed header):
   LRef: 0x40 Prio: 14 Flags: 0xf6
   Lifetime: 20.0 sec
   PDU Id: 0xc9
   IDRP Update: seq: 3 ack: 1 credit_offered: 3 credit_avail: 2
    Route:
     ID: 10
     Local preference: 0
    Security:
     Reg ID: 06 04 2b 1b 00 00
     Info:
      Supported ATSC classes: all
      Subnetwork type:
       Subnet: VDL
       Permitted traffic: all
    RD path:
     RD_SEQ:
      47 00 27 41 45 4a 55 00 44 07 9a	"G.'AEJU.D.."
    RD hop count: 1
    Capacity: 13
    Reachability info:
     Protocol: CLNP
     Prefix length: 88
     Dest. address prefix: 47 00 27 41 45 4a 55 00 44 07 9a	"G.'AEJU.D.."

[2025-06-15 00:12:24 CEST] [136.975] [-7.8/-32.4 dBFS] [24.6 dB] [3.2 ppm]
44079A (Aircraft, Airborne) -> 10985A (Ground station): Command
AVLC type: I sseq: 6 rseq: 0 poll: 0
 X.25 Data: grp: 11 chan: 255 sseq: 4 rseq: 6 more: 0
  X.25 reasm status: skipped
  X.233 CLNP Data (compressed header):
   LRef: 0x41 Prio: 11 Flags: 0xf6
   Lifetime: 20.0 sec
   PDU Id: 0xcb
   X.224 COTP Data Ack:
    dst_ref: 0x04bd
    rseq: 3 credit: 2
    ATN checksum: 85 83 3c 40
   X.224 COTP Data:
    dst_ref: 0x04bd
    sseq: 2 req_of_ack: 0 EoT: 1
    COTP reasm status: skipped
    ATN checksum: c1 55 26 6c
    CPDLC Downlink Message:
     Header:
      Msg ID: 2
      Msg Ref: 3
      Timestamp: 2025-06-14 22:12:23
      Logical ACK: notRequired
     Message data:
      LOGICAL ACKNOWLEDGMENT

[2025-06-15 00:12:28 CEST] [136.975] [-7.5/-31.6 dBFS] [24.1 dB] [3.1 ppm]
44079A (Aircraft, Airborne) -> 10985A (Ground station): Command
AVLC type: I sseq: 0 rseq: 2 poll: 0
 X.25 Data: grp: 11 chan: 255 sseq: 6 rseq: 0 more: 0
  X.25 reasm status: skipped
  X.233 CLNP Data (compressed header):
   LRef: 0x41 Prio: 11 Flags: 0xf6
   Lifetime: 20.0 sec
   PDU Id: 0xcc
   X.224 COTP Data:
    dst_ref: 0x04bd
    sseq: 3 req_of_ack: 0 EoT: 1
    COTP reasm status: skipped
    ATN checksum: eb e6 37 d8
    CPDLC Downlink Message:
     Header:
      Msg ID: 3
      Msg Ref: 3
      Timestamp: 2025-06-14 22:12:27
      Logical ACK: required
     Message data:
      WILCO

[2025-06-15 00:12:30 CEST] [136.975] [-7.3/-32.0 dBFS] [24.8 dB] [3.1 ppm]
44079A (Aircraft, Airborne) -> 10985A (Ground station): Command
AVLC type: I sseq: 1 rseq: 4 poll: 0
 X.25 Data: grp: 11 chan: 255 sseq: 7 rseq: 2 more: 0
  X.25 reasm status: skipped
  X.233 CLNP Data (compressed header):
   LRef: 0x41 Prio: 11 Flags: 0xf6
   Lifetime: 20.0 sec
   PDU Id: 0xcd
   X.224 COTP Data Ack:
    dst_ref: 0x04bd
    rseq: 4 credit: 3
    ATN checksum: f8 23 37 30

[2025-06-15 00:12:42 CEST] [136.725] [-8.4/-31.7 dBFS] [23.3 dB] [3.5 ppm]
44079A (Aircraft, Airborne) -> 11985A (Ground station): Command
AVLC type: U (XID) P/F: 1
 XID: Handoff Initiation
  Public params:
   Parameter set ID: 8885:1993
   Procedure classes: 00 01
   HDLC options: 20 a4 80
  VDL params:
   Parameter set ID: V
   Connection management: 01
   XID sequencing: seq: 3 retry: 0
   AVLC specific options: 25
   Destination airport: LEIB
   Aircraft location: 43.6N 6.3E 35000 ft

[2025-06-15 00:12:56 CEST] [136.725] [-11.3/-31.8 dBFS] [20.5 dB] [1.9 ppm]
4CAD39 (Aircraft, Airborne) -> 11985A (Ground station): Command
AVLC type: I sseq: 5 rseq: 3 poll: 0
 X.25 Data: grp: 11 chan: 255 sseq: 5 rseq: 4 more: 0
  X.25 reasm status: skipped
  X.233 CLNP Data (compressed header):
   LRef: 0x41 Prio: 11 Flags: 0xc0
   Lifetime: 50.0 sec
   PDU Id: 0x144c
   X.224 COTP Data Ack:
    dst_ref: 0x0499
    rseq: 5 credit: 3
    Checksum: 8d eb
    Flow control:
     Acked TPDU nr: 5
     Acked subsequence: 0
     Acked credit: 15

[2025-06-15 00:13:12 CEST] [136.975] [-11.7/-32.4 dBFS] [20.6 dB] [2.0 ppm]
4CAD39 (Aircraft, Airborne) -> 10985A (Ground station): Command
AVLC type: U (XID) P/F: 1
 XID: Handoff Initiation
  Public params:
   Parameter set ID: 8885:1993
   Procedure classes: 00 01
   HDLC options: 20 84 80
  VDL params:
   Parameter set ID: V
   XID sequencing: seq: 6 retry: 0
   Destination airport: LIME
   Aircraft location: 43.5N 7.2E 35000 ft
   Alternate ground stations: 10952A
   AVLC specific options: 24
   Connection management: 01

[2025-06-15 00:13:15 CEST] [136.675] [-2.0/-32.4 dBFS] [30.5 dB] [1.1 ppm]
4CACB6 (Aircraft, Airborne) -> 11907A (Ground station): Command
AVLC type: I sseq: 2 rseq: 4 poll: 0
 X.25 Data: grp: 11 chan: 255 sseq: 5 rseq: 7 more: 0
  X.25 reasm status: skipped
  X.233 CLNP Data (compressed header):
   LRef: 0x4a Prio: 11 Flags: 0xf6
   Lifetime: 20.0 sec
   PDU Id: 0x35f
   X.224 COTP Data Ack:
    dst_ref: 0x049b
    rseq: 4 credit: 3
    Flow control:
     Acked TPDU nr: 4
     Acked subsequence: 0
     Acked credit: 15
    ATN checksum: 0c 33 23 c4

[2025-06-15 00:13:28 CEST] [136.875] [-3.1/-31.7 dBFS] [28.6 dB] [3.5 ppm]
02A1A2 (Aircraft, Airborne) -> 270CA1 (Ground station): Command
AVLC type: U (XID) P/F: 1
 XID: Handoff Initiation
  Public params:
   Parameter set ID: 8885:1993
   Procedure classes: 00 01
   HDLC options: 20 a4 80
  VDL params:
   Parameter set ID: V
   Connection management: 01
   XID sequencing: seq: 6 retry: 0
   AVLC specific options: 25
   Destination airport: DTMB
   Aircraft location: 43.5N 4.8E 37000 ft

[2025-06-15 00:13:42 CEST] [136.875] [-4.2/-31.7 dBFS] [27.5 dB] [3.4 ppm]
02A1A2 (Aircraft, Airborne) -> 270CA1 (Ground station): Command
AVLC type: I sseq: 2 rseq: 3 poll: 0
 X.25 Data: grp: 11 chan: 255 sseq: 0 rseq: 1 more: 0
  X.25 reasm status: skipped
  X.233 CLNP Data (compressed header):
   LRef: 0x43 Prio: 11 Flags: 0xfe
   Lifetime: 20.0 sec
   PDU Id: 0x390
   X.224 COTP Data Ack:
    dst_ref: 0x04a9
    rseq: 2 credit: 2
    Flow control:
     Acked TPDU nr: 2
     Acked subsequence: 0
     Acked credit: 15
    ATN checksum: 13 09 77 f8

[2025-06-15 00:13:57 CEST] [136.875] [-4.8/-31.3 dBFS] [26.5 dB] [3.1 ppm]
02A1A2 (Aircraft, Airborne) -> 2A3261 (Ground station): Command
AVLC type: U (XID) P/F: 1
 XID: Handoff Initiation
  Public params:
   Parameter set ID: 8885:1993
   Procedure classes: 00 01
   HDLC options: 20 a4 80
  VDL params:
   Parameter set ID: V
   Connection management: 01
   XID sequencing: seq: 7 retry: 0
   AVLC specific options: 25
   Destination airport: DTMB
   Aircraft location: 43.4N 4.9E 37000 ft

[2025-06-15 00:13:58 CEST] [136.975] [-7.8/-31.9 dBFS] [24.1 dB] [2.6 ppm]
717C74 (Aircraft, Airborne) -> 26CA77 (Ground station): Command
AVLC type: I sseq: 1 rseq: 2 poll: 0
 ACARS:
  Reassembly: in progress
  Reg: HZ-NS68 Flight: XY0660
  Mode: 2 Label: H1 Blk id: 5 More: 1 Ack: ! Msg num: D43A
  Sublabel: DF
  Message:
   A320,025966,1,1,TB000000/REP004,65,01,1/CCZ-NS68,JUN14,221241,LFML,OEJN,0660/C0SF019040010013/C105,61113,4000,00,0010,0,0100,00,X/CE0290,00298,157,239,6544,266,F22001/C22500M34P08/C32590M00P13/C42590M01P10/C52474M65P08/C62500M34P08/C72590M00P13/C82590M01P10/C92474M65P08/D159B770,02246,01213,03832,0063,0099/D259B765,02246,01213,03794,0061,0099/F101,00,00,00,00,01,00,00,00/G104,N0097,0251,N0001,23,00008,N017/H108326,08378,10646,08824,08962,08376/I102988,08774,08983,08995,09234,09100/J108975,09086,08923,00695,0349,00,246/K11580,47204,026,6190,0018,0043,0021/L10049,0276,0787,1464,00108,0899,0167/M11517,N0003,00200,081,N0004,0620,XXXX/N10020,0857,00168,0048,0870,1239,0875/P1N004,0283,00096,154,234,00,057/Q102000,01020,040A4,00000,08000,00810/R104208,00000,20000,02308,00000,00000/S12119F,00000,00008,00000,00800,00000/T100000,00000,10009,00000,00000,00000/U100000,00000,00000,00000,00000,00000/V100000,00000,00000,00000,00000,00000/W100000,00000,00000,00000,00000,00000/X100000/F201,00,00,

[2025-06-15 00:13:59 CEST] [136.975] [-7.0/-32.1 dBFS] [25.1 dB] [2.7 ppm]
717C74 (Aircraft, Airborne) -> 26CA77 (Ground station): Command
AVLC type: I sseq: 2 rseq: 3 poll: 0
 ACARS:
  Reassembly: complete
  Reg: HZ-NS68 Flight: XY0660
  Mode: 2 Label: H1 Blk id: 6 More: 0 Ack: ! Msg num: D43B
  Sublabel: DF
  Message:
   A320,025966,1,1,TB000000/REP004,65,01,1/CCZ-NS68,JUN14,221241,LFML,OEJN,0660/C0SF019040010013/C105,61113,4000,00,0010,0,0100,00,X/CE0290,00298,157,239,6544,266,F22001/C22500M34P08/C32590M00P13/C42590M01P10/C52474M65P08/C62500M34P08/C72590M00P13/C82590M01P10/C92474M65P08/D159B770,02246,01213,03832,0063,0099/D259B765,02246,01213,03794,0061,0099/F101,00,00,00,00,01,00,00,00/G104,N0097,0251,N0001,23,00008,N017/H108326,08378,10646,08824,08962,08376/I102988,08774,08983,08995,09234,09100/J108975,09086,08923,00695,0349,00,246/K11580,47204,026,6190,0018,0043,0021/L10049,0276,0787,1464,00108,0899,0167/M11517,N0003,00200,081,N0004,0620,XXXX/N10020,0857,00168,0048,0870,1239,0875/P1N004,0283,00096,154,234,00,057/Q102000,01020,040A4,00000,08000,00810/R104208,00000,20000,02308,00000,00000/S12119F,00000,00008,00000,00800,00000/T100000,00000,10009,00000,00000,00000/U100000,00000,00000,00000,00000,00000/V100000,00000,00000,00000,00000,00000/W100000,00000,00000,00000,00000,00000/X100000/F201,00,00,00,00,01,00,00,00/G204,N0047,0252,N0000,23,00008,N017/H208336,08388,10627,08832,09025,08386/I203124,08810,08957,09041,09110,09008/J209048,09276,09296,00697,0350,00,053/K21584,47014,014,6246,0002,0044,0031/L20029,0280,0781,1460,00109,0875,0161/M21512,N0006,00187,260,N0004,0614,9999/N20026,0874,00171,0027,0623,1089,0876/P2N004,0286,00179,155,235,00,047/Q202000,01020,040A4,00000,10000,00810/R204208,00000,20000,02308,00000,00000/S22119F,00000,00008,00000,00800,00000/T200000,00000,10009,00000,00000,00000/U200000,00000,00000,00000,00000,00000/V200000,00000,00000,00000,00000,00000/W200000,00000,00000,00000,00000,00000/X200000/:

[2025-06-15 00:14:01 CEST] [136.725] [-5.7/-32.5 dBFS] [26.8 dB] [3.4 ppm]
44079A (Aircraft, Airborne) -> 11985A (Ground station): Command
AVLC type: I sseq: 2 rseq: 3 poll: 0
 X.25 Data: grp: 11 chan: 255 sseq: 0 rseq: 1 more: 0
  X.25 reasm status: skipped
  X.233 CLNP Data (compressed header):
   LRef: 0x41 Prio: 11 Flags: 0xf6
   Lifetime: 20.0 sec
   PDU Id: 0xce
   X.224 COTP Data Ack:
    dst_ref: 0x04bd
    rseq: 4 credit: 3
    Flow control:
     Acked TPDU nr: 4
     Acked subsequence: 0
     Acked credit: 15
    ATN checksum: 85 0a dd 64

[2025-06-15 00:14:04 CEST] [136.975] [-12.2/-31.8 dBFS] [19.6 dB] [2.1 ppm]
4CAD39 (Aircraft, Airborne) -> 10F69B (Ground station): Command
AVLC type: U (XID) P/F: 1
 XID: Handoff Initiation
  Public params:
   Parameter set ID: 8885:1993
   Procedure classes: 00 01
   HDLC options: 20 84 80
  VDL params:
   Parameter set ID: V
   XID sequencing: seq: 7 retry: 0
   Destination airport: LIME
   Aircraft location: 43.5N 7.3E 36000 ft
   Alternate ground stations: 10952A 10F60B 10F66A
   AVLC specific options: 24
   Connection management: 01

[2025-06-15 00:14:05 CEST] [136.725] [-13.1/-31.8 dBFS] [18.7 dB] [2.0 ppm]
4D2220 (Aircraft, Airborne) -> 11985A (Ground station): Command
AVLC type: I sseq: 6 rseq: 1 poll: 0
 X.25 Data: grp: 11 chan: 255 sseq: 3 rseq: 6 more: 0
  X.25 reasm status: skipped
  X.233 CLNP Data (compressed header):
   LRef: 0x0 Prio: 11 Flags: 0xc0
   Lifetime: 50.0 sec
   PDU Id: 0xcef
   X.224 COTP Data Ack:
    dst_ref: 0xda5b
    rseq: 7 credit: 3
    Checksum: b2 de

[2025-06-15 00:14:13 CEST] [136.975] [-12.4/-32.0 dBFS] [19.5 dB] [1.8 ppm]
4CAD39 (Aircraft, Airborne) -> 10F69B (Ground station): Command
AVLC type: U (XID) P/F: 1
 XID: Handoff Initiation
  Public params:
   Parameter set ID: 8885:1993
   Procedure classes: 00 01
   HDLC options: 20 84 80
  VDL params:
   Parameter set ID: V
   XID sequencing: seq: 7 retry: 1
   Destination airport: LIME
   Aircraft location: 43.5N 7.3E 36000 ft
   Alternate ground stations: 10952A 10F60B 10F66A
   AVLC specific options: 24
   Connection management: 01

[2025-06-15 00:14:15 CEST] [136.725] [-8.2/-32.2 dBFS] [24.0 dB] [1.1 ppm]
89618C (Aircraft, Airborne) -> 11984A (Ground station): Command
AVLC type: I sseq: 3 rseq: 3 poll: 0
 ACARS:
  Reassembly: skipped
  Reg: .A6-EEM Flight: EK0232
  Mode: 2 Label: B6 Blk id: 9 More: 0 Ack: ! Msg num: J19A
  Message:
   /DXBEGEK.ADS.A6-EEM071FAF101EB909088D5811E631
  ADS-C message:
   Basic report:
    Lat: 44.5553970
    Lon: 5.4004669
    Alt: 37000 ft
    Time: 854.000 sec past hour (:14:14.000)
    Position accuracy: none (NAV capability lost)
    NAV unit redundancy: OK
    TCAS: OK

[2025-06-15 00:14:16 CEST] [136.975] [-11.9/-31.8 dBFS] [19.9 dB] [1.8 ppm]
4CAD39 (Aircraft, Airborne) -> 10F69B (Ground station): Command
AVLC type: I sseq: 2 rseq: 4 poll: 0
 X.25 Data: grp: 11 chan: 255 sseq: 0 rseq: 2 more: 0
  X.25 reasm status: skipped
  X.233 CLNP Data (compressed header):
   LRef: 0x40 Prio: 14 Flags: 0xc0
   Lifetime: 50.0 sec
   PDU Id: 0x144e
   IDRP Open: seq: 1 ack: 1 credit_offered: 5 credit_avail: 2
    Hold Time: 900 seconds
    Max. PDU size: 3000 octets
    Source RDI: 47 00 27 41 52 59 52 00 4c ad 39	"G.'ARYR.L.9"
    RIB Attribute Set:
     RibAtt #0:
      Security:
       Reg ID: 06 04 2b 1b 00 00
    Auth mechanism: simple checksum

[2025-06-15 00:14:19 CEST] [136.975] [-12.1/-32.1 dBFS] [20.0 dB] [1.9 ppm]
4CAD39 (Aircraft, Airborne) -> 10F69B (Ground station): Command
AVLC type: I sseq: 2 rseq: 4 poll: 0
 X.25 Data: grp: 11 chan: 255 sseq: 0 rseq: 2 more: 0
  X.25 reasm status: skipped
  X.233 CLNP Data (compressed header):
   LRef: 0x40 Prio: 14 Flags: 0xc0
   Lifetime: 50.0 sec
   PDU Id: 0x144e
   IDRP Open: seq: 1 ack: 1 credit_offered: 5 credit_avail: 2
    Hold Time: 900 seconds
    Max. PDU size: 3000 octets
    Source RDI: 47 00 27 41 52 59 52 00 4c ad 39	"G.'ARYR.L.9"
    RIB Attribute Set:
     RibAtt #0:
      Security:
       Reg ID: 06 04 2b 1b 00 00
    Auth mechanism: simple checksum

[2025-06-15 00:14:40 CEST] [136.725] [-2.9/-31.6 dBFS] [28.7 dB] [3.5 ppm]
44079A (Aircraft, Airborne) -> 11985A (Ground station): Command
AVLC type: I sseq: 3 rseq: 3 poll: 0
 ACARS:
  Reassembly: skipped
  Reg: .OE-ISG Flight: EC47EW
  Mode: 2 Label: 8D Blk id: 4 More: 0 Ack: ! Msg num: M25A
  Message:
   0040,81,0206,93,----,---,0246,2314,LIMC,LEIB
   
   
   
   

[2025-06-15 00:14:47 CEST] [136.975] [-11.7/-32.1 dBFS] [20.4 dB] [2.1 ppm]
4CAD39 (Aircraft, Airborne) -> 10F69B (Ground station): Command
AVLC type: I sseq: 5 rseq: 2 poll: 0
 X.25 Data: grp: 11 chan: 255 sseq: 3 rseq: 0 more: 0
  X.25 reasm status: skipped
  X.233 CLNP Data (compressed header):
   LRef: 0x41 Prio: 11 Flags: 0xc0
   Lifetime: 50.0 sec
   PDU Id: 0x1451
   X.224 COTP Data Ack:
    dst_ref: 0x0499
    rseq: 6 credit: 3
    Checksum: 88 a2

[2025-06-15 00:14:47 CEST] [136.975] [-11.7/-32.4 dBFS] [20.7 dB] [1.8 ppm]
4CAD39 (Aircraft, Airborne) -> 10F69B (Ground station): Command
AVLC type: I sseq: 6 rseq: 2 poll: 0
 X.25 Data: grp: 11 chan: 255 sseq: 4 rseq: 0 more: 0
  X.25 reasm status: skipped
  X.233 CLNP Data (compressed header):
   LRef: 0x41 Prio: 11 Flags: 0xc0
   Lifetime: 50.0 sec
   PDU Id: 0x1452
   X.224 COTP Data:
    dst_ref: 0x0499
    sseq: 5 req_of_ack: 0 EoT: 1
    COTP reasm status: skipped
    Checksum: 83 24
    CPDLC Downlink Message:
     Header:
      Msg ID: 5
      Msg Ref: 7
      Timestamp: 2025-06-14 22:14:46
      Logical ACK: notRequired
     Message data:
      LOGICAL ACKNOWLEDGMENT

[2025-06-15 00:14:47 CEST] [136.675] [-7.9/-32.3 dBFS] [24.4 dB] [1.1 ppm]
4CACB6 (Aircraft, Airborne) -> 11907A (Ground station): Command
AVLC type: I sseq: 3 rseq: 5 poll: 0
 X.25 Data: grp: 11 chan: 255 sseq: 6 rseq: 0 more: 0
  X.25 reasm status: skipped
  X.233 CLNP Data (compressed header):
   LRef: 0x4a Prio: 11 Flags: 0xf6
   Lifetime: 20.0 sec
   PDU Id: 0x360
   X.224 COTP Data Ack:
    dst_ref: 0x049b
    rseq: 4 credit: 3
    Flow control:
     Acked TPDU nr: 4
     Acked subsequence: 0
     Acked credit: 15
    ATN checksum: 0c 33 23 c4

[2025-06-15 00:14:51 CEST] [136.725] [-0.1/-32.2 dBFS] [32.2 dB] [7.7 ppm]
495299 (Aircraft, Airborne) -> 11985A (Ground station): Command
AVLC type: I sseq: 2 rseq: 3 poll: 0
 ACARS:
  Reassembly: skipped
  Reg: .CS-TTY Flight: TP484H
  Mode: 2 Label: 16 Blk id: 2 More: 0 Ack: ! Msg num: M79A
  Message:
   221450,19464,2230,338.5, 3060,N4318.66 E00534.83

[2025-06-15 00:14:56 CEST] [136.975] [-14.0/-32.1 dBFS] [18.1 dB] [2.1 ppm]
4CAD39 (Aircraft, Airborne) -> 10F69B (Ground station): Command
AVLC type: I sseq: 7 rseq: 3 poll: 0
 X.25 Data: grp: 11 chan: 255 sseq: 5 rseq: 1 more: 0
  X.25 reasm status: skipped
  X.233 CLNP Data (compressed header):
   LRef: 0x41 Prio: 11 Flags: 0xc0
   Lifetime: 50.0 sec
   PDU Id: 0x1453
   X.224 COTP Data:
    dst_ref: 0x0499
    sseq: 6 req_of_ack: 0 EoT: 1
    COTP reasm status: skipped
    Checksum: f3 4a
    X.227 ACSE Release Response:
     Reason: normal
     CPDLC Downlink Message:
      Header:
       Msg ID: 6
       Msg Ref: 7
       Timestamp: 2025-06-14 22:14:55
       Logical ACK: notRequired
      Message data:
       WILCO

[2025-06-15 00:14:58 CEST] [136.975] [-15.1/-32.3 dBFS] [17.3 dB] [2.0 ppm]
4CAD39 (Aircraft, Airborne) -> 10F69B (Ground station): Command
AVLC type: I sseq: 0 rseq: 5 poll: 0
 X.25 Data: grp: 11 chan: 255 sseq: 6 rseq: 3 more: 0
  X.25 reasm status: skipped
  X.233 CLNP Data (compressed header):
   LRef: 0x41 Prio: 11 Flags: 0xc0
   Lifetime: 50.0 sec
   PDU Id: 0x1454
   X.224 COTP Disconnect Confirm:
    src_ref: 0x0011 dst_ref: 0x0499
    Checksum: 5f 62

[2025-06-15 00:15:08 CEST] [136.675] [-9.9/-32.1 dBFS] [22.2 dB] [1.0 ppm]
4CACB6 (Aircraft, Airborne) -> 11907A (Ground station): Command
AVLC type: I sseq: 4 rseq: 6 poll: 0
 X.25 Data: grp: 11 chan: 255 sseq: 7 rseq: 1 more: 0
  X.25 reasm status: skipped
  X.233 CLNP Data (compressed header):
   LRef: 0x4a Prio: 11 Flags: 0xf6
   Lifetime: 20.0 sec
   PDU Id: 0x361
   X.224 COTP Data Ack:
    dst_ref: 0x049b
    rseq: 5 credit: 3
    ATN checksum: 7f 6e ae 3b
   X.224 COTP Data:
    dst_ref: 0x049b
    sseq: 4 req_of_ack: 0 EoT: 1
    COTP reasm status: skipped
    ATN checksum: e1 6e 5b 55
    CPDLC Downlink Message:
     Header:
      Msg ID: 4
      Msg Ref: 5
      Timestamp: 2025-06-14 22:15:07
      Logical ACK: notRequired
     Message data:
      LOGICAL ACKNOWLEDGMENT

[2025-06-15 00:15:12 CEST] [136.675] [-10.3/-32.2 dBFS] [21.8 dB] [0.8 ppm]
4CACB6 (Aircraft, Airborne) -> 11907A (Ground station): Command
AVLC type: I sseq: 5 rseq: 0 poll: 0
 X.25 Data: grp: 11 chan: 255 sseq: 0 rseq: 3 more: 0
  X.25 reasm status: skipped
  X.233 CLNP Data (compressed header):
   LRef: 0x49 Prio: 11 Flags: 0xf6
   Lifetime: 20.0 sec
   PDU Id: 0x362
   X.224 COTP Connect Confirm:
    src_ref: 0x0055 dst_ref: 0x0d52
    Initial Credit: 1
    Protocol class: 4
    Options: 00 (use normal PDU formats)
    TPDU size (bytes): 1024
    Called/responding transport selector: 16
    Calling transport selector: 65 6d
    Priority: 3
    Ack time (ms): 1000
    Inactivity timer (ms): 360000
    Additional options: 0x00
    ATN checksum: f8 45 91 6b
    X.225 Session SPDU: Short Accept
     X.227 ACSE Associate Response:
      Application context name: { 1.3.27.3.1 }
      Associate result: accept
      ATCDownlinkMessage: <empty PDU>

[2025-06-15 00:15:14 CEST] [136.875] [1.1/-32.0 dBFS] [33.0 dB] [3.0 ppm]
02A1A2 (Aircraft, Airborne) -> 2A3261 (Ground station): Command
AVLC type: I sseq: 3 rseq: 4 poll: 0
 X.25 Data: grp: 11 chan: 255 sseq: 0 rseq: 2 more: 0
  X.25 reasm status: skipped
  X.233 CLNP Data (compressed header):
   LRef: 0x43 Prio: 11 Flags: 0xfe
   Lifetime: 20.0 sec
   PDU Id: 0x391
   X.224 COTP Data Ack:
    dst_ref: 0x04a9
    rseq: 2 credit: 2
    Flow control:
     Acked TPDU nr: 2
     Acked subsequence: 0
     Acked credit: 15
    ATN checksum: 13 09 77 f8

[2025-06-15 00:15:33 CEST] [136.725] [-0.6/-31.9 dBFS] [31.4 dB] [3.4 ppm]
44079A (Aircraft, Airborne) -> 11985A (Ground station): Command
AVLC type: I sseq: 4 rseq: 5 poll: 0
 X.25 Data: grp: 11 chan: 255 sseq: 1 rseq: 2 more: 0
  X.25 reasm status: skipped
  X.233 CLNP Data (compressed header):
   LRef: 0x41 Prio: 11 Flags: 0xf6
   Lifetime: 20.0 sec
   PDU Id: 0xcf
   X.224 COTP Data Ack:
    dst_ref: 0x04bd
    rseq: 4 credit: 3
    Flow control:
     Acked TPDU nr: 4
     Acked subsequence: 0
     Acked credit: 15
    ATN checksum: 85 0a dd 64

[2025-06-15 00:15:57 CEST] [136.875] [1.1/-31.6 dBFS] [32.6 dB] [2.8 ppm]
02A1A2 (Aircraft, Airborne) -> 2A3261 (Ground station): Command
AVLC type: I sseq: 4 rseq: 5 poll: 0
 X.25 Data: grp: 11 chan: 255 sseq: 1 rseq: 3 more: 0
  X.25 reasm status: skipped
  X.233 CLNP Data (compressed header):
   LRef: 0x43 Prio: 11 Flags: 0xfe
   Lifetime: 20.0 sec
   PDU Id: 0x392
   X.224 COTP Data Ack:
    dst_ref: 0x04a9
    rseq: 3 credit: 2
    ATN checksum: 7c 1c 6f 33
   X.224 COTP Data:
    dst_ref: 0x04a9
    sseq: 2 req_of_ack: 0 EoT: 1
    COTP reasm status: skipped
    ATN checksum: 10 7f e1 86
    CPDLC Downlink Message:
     Header:
      Msg ID: 2
      Msg Ref: 3
      Timestamp: 2025-06-14 22:15:56
      Logical ACK: notRequired
     Message data:
      LOGICAL ACKNOWLEDGMENT

[2025-06-15 00:16:04 CEST] [136.875] [1.1/-31.9 dBFS] [33.0 dB] [2.8 ppm]
02A1A2 (Aircraft, Airborne) -> 2A3261 (Ground station): Command
AVLC type: I sseq: 5 rseq: 6 poll: 0
 X.25 Data: grp: 11 chan: 255 sseq: 2 rseq: 4 more: 0
  X.25 reasm status: skipped
  X.233 CLNP Data (compressed header):
   LRef: 0x43 Prio: 11 Flags: 0xfe
   Lifetime: 20.0 sec
   PDU Id: 0x393
   X.224 COTP Data:
    dst_ref: 0x04a9
    sseq: 3 req_of_ack: 0 EoT: 1
    COTP reasm status: skipped
    ATN checksum: d8 f0 28 0b
    CPDLC Downlink Message:
     Header:
      Msg ID: 3
      Msg Ref: 3
      Timestamp: 2025-06-14 22:16:03
      Logical ACK: required
     Message data:
      WILCO

[2025-06-15 00:16:04 CEST] [136.875] [1.1/-31.9 dBFS] [33.0 dB] [2.5 ppm]
02A1A2 (Aircraft, Airborne) -> 270CA1 (Ground station): Command
AVLC type: U (XID) P/F: 1
 XID: Handoff Initiation
  Public params:
   Parameter set ID: 8885:1993
   Procedure classes: 00 01
   HDLC options: 20 a4 80
  VDL params:
   Parameter set ID: V
   Connection management: 01
   XID sequencing: seq: 0 retry: 0
   AVLC specific options: 25
   Destination airport: DTMB
   Aircraft location: 43.2N 5.1E 37000 ft

[2025-06-15 00:16:05 CEST] [136.875] [1.1/-31.7 dBFS] [32.9 dB] [2.8 ppm]
02A1A2 (Aircraft, Airborne) -> 2A3261 (Ground station): Command
AVLC type: I sseq: 7 rseq: 0 poll: 0
 X.25 Data: grp: 11 chan: 255 sseq: 3 rseq: 6 more: 0
  X.25 reasm status: skipped
  X.233 CLNP Data (compressed header):
   LRef: 0x43 Prio: 11 Flags: 0xfe
   Lifetime: 20.0 sec
   PDU Id: 0x394
   X.224 COTP Data Ack:
    dst_ref: 0x04a9
    rseq: 4 credit: 3
    ATN checksum: ef bb 6a 23

[2025-06-15 00:16:15 CEST] [136.675] [-8.6/-32.2 dBFS] [23.6 dB] [0.7 ppm]
4CACB6 (Aircraft, Airborne) -> 11907A (Ground station): Command
AVLC type: I sseq: 6 rseq: 2 poll: 0
 X.25 Data: grp: 11 chan: 255 sseq: 1 rseq: 5 more: 0
  X.25 reasm status: skipped
  X.233 CLNP Data (compressed header):
   LRef: 0x49 Prio: 11 Flags: 0xf6
   Lifetime: 20.0 sec
   PDU Id: 0x363
   X.224 COTP Data Ack:
    dst_ref: 0x0d52
    rseq: 0 credit: 1
    Flow control:
     Acked TPDU nr: 0
     Acked subsequence: 0
     Acked credit: 10
    ATN checksum: 3b a4 fb eb

[2025-06-15 00:16:24 CEST] [136.675] [-10.5/-32.4 dBFS] [21.9 dB] [1.8 ppm]
345611 (Aircraft, Airborne) -> 11907A (Ground station): Command
AVLC type: I sseq: 7 rseq: 1 poll: 0
 ACARS:
  Reassembly: skipped
  Reg: .EC-MTL Flight: V707NJ
  Mode: 2 Label: 16 Blk id: 1 More: 0 Ack: ! Msg num: M29A
  Message:
   221623,4783,2221,  62,N 43.627 E  4.954

[2025-06-15 00:16:38 CEST] [136.725] [-0.3/-31.9 dBFS] [31.7 dB] [3.0 ppm]
44079A (Aircraft, Airborne) -> 11985A (Ground station): Command
AVLC type: I sseq: 5 rseq: 5 poll: 0
 ACARS:
  Reassembly: skipped
  Reg: .OE-ISG Flight: EC47EW
  Mode: 2 Label: 82 Blk id: 5 More: 0 Ack: ! Msg num: M26A
  Message:
   HI GUYS. WE R INB IBZ
   AND NEED ENG TO PUT
   HIGH SPEED TAPE ON FUEL
   PANEL - ETA2315Z
   
   

[2025-06-15 00:16:41 CEST] [136.675] [-7.4/-31.7 dBFS] [24.4 dB] [0.7 ppm]
4CACB6 (Aircraft, Airborne) -> 11907A (Ground station): Command
AVLC type: I sseq: 7 rseq: 3 poll: 0
 X.25 Data: grp: 11 chan: 255 sseq: 2 rseq: 6 more: 0
  X.25 reasm status: skipped
  X.233 CLNP Data (compressed header):
   LRef: 0x4a Prio: 11 Flags: 0xf6
   Lifetime: 20.0 sec
   PDU Id: 0x364
   X.224 COTP Data Ack:
    dst_ref: 0x049b
    rseq: 5 credit: 3
    Flow control:
     Acked TPDU nr: 5
     Acked subsequence: 0
     Acked credit: 15
    ATN checksum: 07 cd 86 c9

[2025-06-15 00:16:55 CEST] [136.725] [-11.6/-32.1 dBFS] [20.5 dB] [1.9 ppm]
4D2220 (Aircraft, Airborne) -> 11985A (Ground station): Command
AVLC type: I sseq: 2 rseq: 4 poll: 0
 X.25 Data: grp: 11 chan: 255 sseq: 7 rseq: 1 more: 0
  X.25 reasm status: skipped
  X.233 CLNP Data (compressed header):
   LRef: 0x0 Prio: 11 Flags: 0xc0
   Lifetime: 50.0 sec
   PDU Id: 0xcf3
   X.224 COTP Data Ack:
    dst_ref: 0xda5b
    rseq: 7 credit: 3
    Checksum: b2 de

[2025-06-15 00:17:00 CEST] [136.725] [-11.8/-32.5 dBFS] [20.7 dB] [2.0 ppm]
4D2220 (Aircraft, Airborne) -> 11985A (Ground station): Command
AVLC type: I sseq: 3 rseq: 5 poll: 0
 X.25 Data: grp: 11 chan: 255 sseq: 0 rseq: 2 more: 0
  X.25 reasm status: skipped
  X.233 CLNP Data (compressed header):
   LRef: 0x0 Prio: 11 Flags: 0xc0
   Lifetime: 50.0 sec
   PDU Id: 0xcf4
   X.224 COTP Data Ack:
    dst_ref: 0xda5b
    rseq: 7 credit: 3
    Checksum: 87 5b
    Flow control:
     Acked TPDU nr: 6
     Acked subsequence: 0
     Acked credit: 10

[2025-06-15 00:17:03 CEST] [136.725] [-6.0/-32.0 dBFS] [25.9 dB] [3.1 ppm]
44079A (Aircraft, Airborne) -> 11985A (Ground station): Command
AVLC type: I sseq: 7 rseq: 7 poll: 0
 ACARS:
  Reassembly: skipped
  Reg: .OE-ISG Flight: EC47EW
  Mode: 2 Label: H1 Blk id: 7 More: 0 Ack: ! Msg num: F06A
  Sublabel: M1
  Message:
   PRG/DTLEIB,24O,58,231501D45A

[2025-06-15 00:17:05 CEST] [136.725] [-5.5/-31.9 dBFS] [26.4 dB] [2.8 ppm]
44079A (Aircraft, Airborne) -> 11985A (Ground station): Command
AVLC type: I sseq: 0 rseq: 1 poll: 0
 X.25 Data: grp: 11 chan: 255 sseq: 2 rseq: 3 more: 0
  X.25 reasm status: skipped
  X.233 CLNP Data (compressed header):
   LRef: 0x41 Prio: 11 Flags: 0xf6
   Lifetime: 20.0 sec
   PDU Id: 0xd0
   X.224 COTP Data Ack:
    dst_ref: 0x04bd
    rseq: 4 credit: 3
    Flow control:
     Acked TPDU nr: 4
     Acked subsequence: 0
     Acked credit: 15
    ATN checksum: 85 0a dd 64

[2025-06-15 00:17:05 CEST] [136.975] [-10.2/-32.5 dBFS] [22.3 dB] [2.0 ppm]
4D21EC (Aircraft, Airborne) -> 10985A (Ground station): Command
AVLC type: U (XID) P/F: 1
 XID: Handoff Initiation
  Public params:
   Parameter set ID: 8885:1993
   Procedure classes: 00 01
   HDLC options: 20 84 80
  VDL params:
   Parameter set ID: V
   XID sequencing: seq: 4 retry: 0
   Destination airport: LIMC
   Aircraft location: 43.4N 7.0E 0 ft
   Alternate ground stations: 10952A
   AVLC specific options: 24
   Connection management: 01

[2025-06-15 00:17:17 CEST] [136.675] [-5.8/-32.7 dBFS] [26.9 dB] [0.8 ppm]
4CACB6 (Aircraft, Airborne) -> 11907A (Ground station): Command
AVLC type: I sseq: 0 rseq: 4 poll: 0
 X.25 Data: grp: 11 chan: 255 sseq: 3 rseq: 7 more: 0
  X.25 reasm status: skipped
  X.233 CLNP Data (compressed header):
   LRef: 0x49 Prio: 11 Flags: 0xf6
   Lifetime: 20.0 sec
   PDU Id: 0x365
   X.224 COTP Data Ack:
    dst_ref: 0x0d52
    rseq: 0 credit: 1
    Flow control:
     Acked TPDU nr: 0
     Acked subsequence: 0
     Acked credit: 10
    ATN checksum: 3b a4 fb eb

[2025-06-15 00:17:36 CEST] [136.875] [0.1/-31.7 dBFS] [31.9 dB] [2.2 ppm]
02A1A2 (Aircraft, Airborne) -> 270CA1 (Ground station): Command
AVLC type: I sseq: 3 rseq: 3 poll: 0
 X.25 Data: grp: 11 chan: 255 sseq: 1 rseq: 1 more: 0
  X.25 reasm status: skipped
  X.233 CLNP Data (compressed header):
   LRef: 0x43 Prio: 11 Flags: 0xfe
   Lifetime: 20.0 sec
   PDU Id: 0x396
   X.224 COTP Data Ack:
    dst_ref: 0x04a9
    rseq: 4 credit: 3
    Flow control:
     Acked TPDU nr: 4
     Acked subsequence: 0
     Acked credit: 15
    ATN checksum: bd f7 6b 66

[2025-06-15 00:17:49 CEST] [136.725] [0.7/-32.1 dBFS] [32.8 dB] [2.9 ppm]
44079A (Aircraft, Airborne) -> 11985A (Ground station): Command
AVLC type: I sseq: 2 rseq: 2 poll: 0
 ACARS:
  Reassembly: skipped
  Reg: .OE-ISG Flight: EC47EW
  Mode: 2 Label: 5U Blk id: 8 More: 0 Ack: ! Msg num: M27A
  Message:
   LFML LEBL LEPA LEIB-SA

