[2025-06-30 00:00:14 CEST] [136.725] [-7.3/-32.6 dBFS] [25.3 dB] [-0.5 ppm]
3481C4 (Aircraft, Airborne) -> 11984A (Ground station): Command
AVLC type: I sseq: 3 rseq: 5 poll: 0
 X.25 Data: grp: 11 chan: 255 sseq: 0 rseq: 2 more: 0
  X.25 reasm status: skipped
  X.233 CLNP Data (compressed header):
   LRef: 0x43 Prio: 11 Flags: 0xf6
   Lifetime: 20.0 sec
   PDU Id: 0xf9
   X.224 COTP Data Ack:
    dst_ref: 0x476e
    rseq: 6 credit: 3
    Flow control:
     Acked TPDU nr: 6
     Acked subsequence: 0
     Acked credit: 15
    ATN checksum: 74 05 6e 57

[2025-06-30 00:00:36 CEST] [136.725] [-11.7/-32.5 dBFS] [20.8 dB] [-0.5 ppm]
344697 (Aircraft, Airborne) -> 11985A (Ground station): Command
AVLC type: I sseq: 5 rseq: 7 poll: 0
 X.25 Data: grp: 11 chan: 255 sseq: 0 rseq: 2 more: 0
  X.25 reasm status: skipped
  X.233 CLNP Data (compressed header):
   LRef: 0x42 Prio: 11 Flags: 0xf6
   Lifetime: 20.0 sec
   PDU Id: 0x330
   X.224 COTP Data Ack:
    dst_ref: 0x4779
    rseq: 4 credit: 3
    Flow control:
     Acked TPDU nr: 4
     Acked subsequence: 0
     Acked credit: 15
    ATN checksum: 6d 51 bc 26

[2025-06-30 00:00:41 CEST] [136.725] [-7.7/-32.8 dBFS] [25.1 dB] [1.9 ppm]
4CAA60 (Aircraft, Airborne) -> 11985A (Ground station): Command
AVLC type: I sseq: 4 rseq: 7 poll: 0
 X.25 Data: grp: 11 chan: 254 sseq: 0 rseq: 3 more: 0
  X.25 reasm status: skipped
  X.233 CLNP Data (compressed header):
   LRef: 0x44 Prio: 8 Flags: 0xc0
   Lifetime: 50.0 sec
   PDU Id: 0xa2e
   X.224 COTP Connect Confirm:
    src_ref: 0x0014 dst_ref: 0x8a1f
    Initial Credit: 1
    Protocol class: 4
    Options: 00 (use normal PDU formats)
    Calling transport selector: 63 6d
    Called/responding transport selector: 01 01
    TPDU size (bytes): 1024
    Checksum: 29 6e
    Additional options: 0x00
    Ack time (ms): 1000
    Priority: 6
    Inactivity timer (ms): 360000

[2025-06-30 00:00:44 CEST] [136.725] [-8.3/-32.5 dBFS] [24.2 dB] [2.2 ppm]
4CAA60 (Aircraft, Airborne) -> 11985A (Ground station): Command
AVLC type: I sseq: 5 rseq: 1 poll: 0
 X.25 Data: grp: 11 chan: 254 sseq: 1 rseq: 5 more: 0
  X.25 reasm status: skipped
  X.233 CLNP Data (compressed header):
   LRef: 0x44 Prio: 8 Flags: 0xc0
   Lifetime: 50.0 sec
   PDU Id: 0xa2f
   X.224 COTP Data Ack:
    dst_ref: 0x8a1f
    rseq: 1 credit: 2
    Checksum: e0 44

[2025-06-30 00:00:45 CEST] [136.725] [-8.6/-32.6 dBFS] [24.0 dB] [2.2 ppm]
4CAA60 (Aircraft, Airborne) -> 11985A (Ground station): Command
AVLC type: I sseq: 6 rseq: 1 poll: 0
 X.25 Data: grp: 11 chan: 254 sseq: 2 rseq: 5 more: 0
  X.25 reasm status: skipped
  X.233 CLNP Data:
   Src NSAP: 47 00 27 41 52 59 52 00 4c aa 60 00 00 00 00 00 00 00 01 01	"G.'ARYR.L.`........."
   Dst NSAP: 47 00 27 81 83 49 54 00 01 52 52 01 8f 45 53 50 44 00 01 01	"G.'..IT..RR..ESPD..."
   Lifetime: 50.0 sec
   Flags: SP
   Segmentation:
    PDU Id: 0xa30
    Segment offset: 0
    PDU total length: 117
    CLNP reasm status: skipped
   Options:
    LRef: 0x00
    Priority: 0x08
    Security:
     Reg ID: 06 04 2b 1b 00 00
     Info:
      Traffic type:
       Type: ATN operational
       Category: ATSC
       Route policy: 0x01
    QoS maintenance: 0xc0
   X.224 COTP Connect Request:
    src_ref: 0x0015 dst_ref: 0x0000
    Initial Credit: 1
    Protocol class: 4
    Options: 00 (use normal PDU formats)
    Calling transport selector: 01 01
    Called/responding transport selector: 63 6d
    TPDU size (bytes): 1024
    Checksum: 8b a4
    Additional options: 0x00
    Ack time (ms): 1000
    Priority: 6
    Inactivity timer (ms): 360000

[2025-06-30 00:00:47 CEST] [136.725] [-8.2/-32.3 dBFS] [24.1 dB] [2.1 ppm]
4CAA60 (Aircraft, Airborne) -> 11985A (Ground station): Command
AVLC type: I sseq: 7 rseq: 2 poll: 0
 X.25 Data: grp: 11 chan: 254 sseq: 3 rseq: 6 more: 0
  X.25 reasm status: skipped
  X.233 CLNP Data (compressed header):
   LRef: 0x0 Prio: 8 Flags: 0xc0
   Lifetime: 50.0 sec
   PDU Id: 0xa31
   X.224 COTP Data Ack:
    dst_ref: 0x0316
    rseq: 0 credit: 1
    Checksum: 9c 7b
    Flow control:
     Acked TPDU nr: 0
     Acked subsequence: 0
     Acked credit: 1

[2025-06-30 00:00:47 CEST] [136.725] [-8.3/-32.4 dBFS] [24.0 dB] [2.0 ppm]
4CAA60 (Aircraft, Airborne) -> 11985A (Ground station): Command
AVLC type: I sseq: 0 rseq: 2 poll: 0
 X.25 Data: grp: 11 chan: 254 sseq: 4 rseq: 6 more: 0
  X.25 reasm status: skipped
  X.233 CLNP Data (compressed header):
   LRef: 0x0 Prio: 8 Flags: 0xc0
   Lifetime: 50.0 sec
   PDU Id: 0xa32
   X.224 COTP Data:
    dst_ref: 0x0316
    sseq: 0 req_of_ack: 0 EoT: 1
    COTP reasm status: skipped
    Checksum: 86 61
    X.225 Session SPDU: Short Connect
     X.227 ACSE Associate Request:
      Application context name: { 1.3.27.3.1 }
      AP title: { 1.3.27.1.5024352.0 }
      AE qualifier: 1
      ATN Context Management - Logon Request:
       Flight ID: RYR29JG
       Long TSAP: 41 52 59 52 00 4c aa 60 00 00 00 00 00 00 00 01 01 01 01	"ARYR.L.`..........."
       Ground-initiated applications:
        Application Entity Qualifier: 22
        Version number: 1
        AP Address:
         Long TSAP: 41 52 59 52 00 4c aa 60 00 00 00 00 00 00 00 01 01 02 02	"ARYR.L.`..........."
       Departure airport: LEVC
       Destination airport: LIPE

[2025-06-30 00:00:49 CEST] [136.725] [-8.6/-32.1 dBFS] [23.5 dB] [1.9 ppm]
4CAA60 (Aircraft, Airborne) -> 11985A (Ground station): Command
AVLC type: I sseq: 1 rseq: 4 poll: 0
 X.25 Data: grp: 11 chan: 254 sseq: 5 rseq: 0 more: 0
  X.25 reasm status: skipped
  X.233 CLNP Data (compressed header):
   LRef: 0x0 Prio: 8 Flags: 0xc0
   Lifetime: 50.0 sec
   PDU Id: 0xa33
   X.224 COTP Data Ack:
    dst_ref: 0x0316
    rseq: 1 credit: 2
    Checksum: 3b 7a

[2025-06-30 00:00:49 CEST] [136.725] [-11.8/-31.8 dBFS] [20.0 dB] [1.6 ppm]
407689 (Aircraft, Airborne) -> 11984A (Ground station): Response
AVLC type: U (XID) P/F: 1
 XID: Handoff Response
  Public params:
   Parameter set ID: 8885:1993
   Procedure classes: 00 01
   HDLC options: 20 a4 80
  VDL params:
   Parameter set ID: V
   Connection management: 01
   XID sequencing: seq: 6 retry: 0
   AVLC specific options: 25
   Destination airport: EGGW
   Aircraft location: 44.5N 6.3E 30000 ft

[2025-06-30 00:00:49 CEST] [136.725] [-8.3/-31.7 dBFS] [23.4 dB] [2.1 ppm]
4CAA60 (Aircraft, Airborne) -> 11985A (Ground station): Command
AVLC type: I sseq: 2 rseq: 4 poll: 0
 X.25 Data: grp: 11 chan: 254 sseq: 6 rseq: 0 more: 0
  X.25 reasm status: skipped
  X.233 CLNP Data (compressed header):
   LRef: 0x0 Prio: 8 Flags: 0xc0
   Lifetime: 50.0 sec
   PDU Id: 0xa34
   X.224 COTP Disconnect Request:
    src_ref: 0x0015 dst_ref: 0x0316
    Reason: 128 (Normal disconnect)
    Checksum: a9 57

[2025-06-30 00:00:50 CEST] [136.725] [-8.2/-31.7 dBFS] [23.5 dB] [2.0 ppm]
4CAA60 (Aircraft, Airborne) -> 11985A (Ground station): Command
AVLC type: I sseq: 3 rseq: 4 poll: 0
 X.25 Data: grp: 11 chan: 254 sseq: 7 rseq: 0 more: 0
  X.25 reasm status: skipped
  X.233 CLNP Data (compressed header):
   LRef: 0x44 Prio: 8 Flags: 0xc0
   Lifetime: 50.0 sec
   PDU Id: 0xa35
   X.224 COTP Data:
    dst_ref: 0x8a1f
    sseq: 0 req_of_ack: 0 EoT: 1
    COTP reasm status: skipped
    Checksum: a5 3f
    X.225 Session SPDU: Short Refuse
     Refusal: persistent
     Transport connection: release
     X.227 ACSE Associate Response:
      Application context name: { 1.3.27.3.1 }
      Associate result: reject (permanent)
      ATN Context Management - Contact Response: contactSuccess

[2025-06-30 00:00:51 CEST] [136.725] [-8.7/-32.0 dBFS] [23.3 dB] [2.0 ppm]
4CAA60 (Aircraft, Airborne) -> 11985A (Ground station): Command
AVLC type: I sseq: 4 rseq: 7 poll: 0
 X.25 Data: grp: 11 chan: 254 sseq: 0 rseq: 3 more: 0
  X.25 reasm status: skipped
  X.233 CLNP Data (compressed header):
   LRef: 0x44 Prio: 8 Flags: 0xc0
   Lifetime: 50.0 sec
   PDU Id: 0xa36
   X.224 COTP Disconnect Confirm:
    src_ref: 0x0014 dst_ref: 0x8a1f
    Checksum: 84 2e

[2025-06-30 00:00:53 CEST] [136.725] [-9.1/-32.4 dBFS] [23.3 dB] [2.0 ppm]
4CAA60 (Aircraft, Airborne) -> 11985A (Ground station): Command
AVLC type: I sseq: 5 rseq: 0 poll: 0
 X.25 Data: grp: 11 chan: 254 sseq: 1 rseq: 4 more: 0
  X.25 reasm status: skipped
  X.233 CLNP Data (compressed header):
   LRef: 0x42 Prio: 11 Flags: 0xc0
   Lifetime: 50.0 sec
   PDU Id: 0xa37
   X.224 COTP Data Ack:
    dst_ref: 0x8a1b
    rseq: 3 credit: 2
    Checksum: ec 3a

[2025-06-30 00:00:54 CEST] [136.725] [-9.1/-32.4 dBFS] [23.3 dB] [2.0 ppm]
4CAA60 (Aircraft, Airborne) -> 11985A (Ground station): Command
AVLC type: I sseq: 6 rseq: 0 poll: 0
 X.25 Data: grp: 11 chan: 254 sseq: 2 rseq: 4 more: 0
  X.25 reasm status: skipped
  X.233 CLNP Data (compressed header):
   LRef: 0x42 Prio: 11 Flags: 0xc0
   Lifetime: 50.0 sec
   PDU Id: 0xa38
   X.224 COTP Data:
    dst_ref: 0x8a1b
    sseq: 2 req_of_ack: 0 EoT: 1
    COTP reasm status: skipped
    Checksum: 15 5a
    CPDLC Downlink Message:
     Header:
      Msg ID: 2
      Msg Ref: 2
      Timestamp: 2025-06-29 22:00:53
      Logical ACK: notRequired
     Message data:
      LOGICAL ACKNOWLEDGMENT

[2025-06-30 00:00:54 CEST] [136.725] [1.1/-32.5 dBFS] [33.6 dB] [2.6 ppm]
4CA61D (Aircraft, Airborne) -> 11985A (Ground station): Command
AVLC type: I sseq: 0 rseq: 1 poll: 0
 X.25 Data: grp: 11 chan: 255 sseq: 5 rseq: 6 more: 0
  X.25 reasm status: skipped
  X.233 CLNP Data (compressed header):
   LRef: 0x0 Prio: 11 Flags: 0xc0
   Lifetime: 50.0 sec
   PDU Id: 0x662
   X.224 COTP Data Ack:
    dst_ref: 0x4780
    rseq: 4 credit: 3
    Checksum: 75 db
    Flow control:
     Acked TPDU nr: 4
     Acked subsequence: 0
     Acked credit: 15

[2025-06-30 00:01:40 CEST] [136.725] [-13.1/-32.2 dBFS] [19.1 dB] [1.6 ppm]
407689 (Aircraft, Airborne) -> 11984A (Ground station): Command
AVLC type: I sseq: 2 rseq: 3 poll: 0
 X.25 Data: grp: 11 chan: 255 sseq: 0 rseq: 1 more: 0
  X.25 reasm status: skipped
  X.233 CLNP Data (compressed header):
   LRef: 0x43 Prio: 11 Flags: 0xf6
   Lifetime: 20.0 sec
   PDU Id: 0x295
   X.224 COTP Data Ack:
    dst_ref: 0x4787
    rseq: 2 credit: 2
    Flow control:
     Acked TPDU nr: 2
     Acked subsequence: 0
     Acked credit: 15
    ATN checksum: 1f b0 15 76

[2025-06-30 00:01:46 CEST] [136.725] [-10.7/-32.1 dBFS] [21.3 dB] [-0.4 ppm]
3481C4 (Aircraft, Airborne) -> 11984A (Ground station): Command
AVLC type: I sseq: 4 rseq: 6 poll: 0
 X.25 Data: grp: 11 chan: 255 sseq: 1 rseq: 3 more: 0
  X.25 reasm status: skipped
  X.233 CLNP Data (compressed header):
   LRef: 0x43 Prio: 11 Flags: 0xf6
   Lifetime: 20.0 sec
   PDU Id: 0xfa
   X.224 COTP Data Ack:
    dst_ref: 0x476e
    rseq: 6 credit: 3
    Flow control:
     Acked TPDU nr: 6
     Acked subsequence: 0
     Acked credit: 15
    ATN checksum: 74 05 6e 57

[2025-06-30 00:01:56 CEST] [136.975] [-13.4/-32.2 dBFS] [18.8 dB] [-0.4 ppm]
406B83 (Aircraft, Airborne) -> 10985A (Ground station): Command
AVLC type: I sseq: 7 rseq: 1 poll: 0
 X.25 Data: grp: 11 chan: 255 sseq: 3 rseq: 5 more: 0
  X.25 reasm status: skipped
  X.233 CLNP Data (compressed header):
   LRef: 0x0 Prio: 11 Flags: 0xf6
   Lifetime: 20.0 sec
   PDU Id: 0x2ad
   X.224 COTP Data Ack:
    dst_ref: 0x4766
    rseq: 4 credit: 3
    Flow control:
     Acked TPDU nr: 4
     Acked subsequence: 0
     Acked credit: 15
    ATN checksum: 06 7f c3 5d

[2025-06-30 00:02:08 CEST] [136.725] [-9.4/-32.4 dBFS] [23.0 dB] [-0.5 ppm]
344697 (Aircraft, Airborne) -> 11985A (Ground station): Command
AVLC type: I sseq: 6 rseq: 0 poll: 0
 X.25 Data: grp: 11 chan: 255 sseq: 1 rseq: 3 more: 0
  X.25 reasm status: skipped
  X.233 CLNP Data (compressed header):
   LRef: 0x42 Prio: 11 Flags: 0xf6
   Lifetime: 20.0 sec
   PDU Id: 0x331
   X.224 COTP Data Ack:
    dst_ref: 0x4779
    rseq: 4 credit: 3
    Flow control:
     Acked TPDU nr: 4
     Acked subsequence: 0
     Acked credit: 15
    ATN checksum: 6d 51 bc 26

[2025-06-30 00:02:26 CEST] [136.725] [1.1/-32.0 dBFS] [33.2 dB] [1.9 ppm]
4CA61D (Aircraft, Airborne) -> 11985A (Ground station): Command
AVLC type: I sseq: 2 rseq: 3 poll: 0
 X.25 Data: grp: 11 chan: 255 sseq: 7 rseq: 0 more: 0
  X.25 reasm status: skipped
  X.233 CLNP Data (compressed header):
   LRef: 0x0 Prio: 11 Flags: 0xc0
   Lifetime: 50.0 sec
   PDU Id: 0x664
   X.224 COTP Data Ack:
    dst_ref: 0x4780
    rseq: 4 credit: 3
    Checksum: 75 db
    Flow control:
     Acked TPDU nr: 4
     Acked subsequence: 0
     Acked credit: 15

[2025-06-30 00:02:26 CEST] [136.675] [-14.5/-33.0 dBFS] [18.5 dB] [-0.4 ppm]
406B83 (Aircraft, Airborne) -> 11907A (Ground station): Command
AVLC type: I sseq: 2 rseq: 2 poll: 0
 ACARS:
  Reassembly: skipped
  Reg: .G-GATR Flight: BA04WJ
  Mode: 2 Label: 15 Blk id: 6 More: 0 Ack: ! Msg num: M51A
  Message:
   FST01LICCEGKKN44029E0069732340  58  48     36205      483  23152202

[2025-06-30 00:02:40 CEST] [136.825] [-12.6/-31.4 dBFS] [18.8 dB] [2.2 ppm]
40622F (Aircraft, Airborne) -> 119C2A (Ground station): Command
AVLC type: U (XID) P/F: 1
 XID: Handoff Initiation
  Public params:
   Parameter set ID: 8885:1993
   Procedure classes: 00 01
   HDLC options: 20 a4 80
  VDL params:
   Parameter set ID: V
   Connection management: 01
   XID sequencing: seq: 2 retry: 1
   AVLC specific options: 25
   Destination airport: EGCC
   Aircraft location: 44.1N 7.3E 35000 ft

[2025-06-30 00:03:18 CEST] [136.725] [-13.1/-32.3 dBFS] [19.2 dB] [-0.8 ppm]
3481C4 (Aircraft, Airborne) -> 11984A (Ground station): Command
AVLC type: I sseq: 5 rseq: 7 poll: 0
 X.25 Data: grp: 11 chan: 255 sseq: 2 rseq: 4 more: 0
  X.25 reasm status: skipped
  X.233 CLNP Data (compressed header):
   LRef: 0x43 Prio: 11 Flags: 0xf6
   Lifetime: 20.0 sec
   PDU Id: 0xfb
   X.224 COTP Data Ack:
    dst_ref: 0x476e
    rseq: 6 credit: 3
    Flow control:
     Acked TPDU nr: 6
     Acked subsequence: 0
     Acked credit: 15
    ATN checksum: 74 05 6e 57

[2025-06-30 00:03:28 CEST] [136.675] [-12.1/-32.3 dBFS] [20.3 dB] [-0.7 ppm]
406B83 (Aircraft, Airborne) -> 11907A (Ground station): Command
AVLC type: I sseq: 3 rseq: 4 poll: 0
 X.25 Data: grp: 11 chan: 255 sseq: 0 rseq: 1 more: 0
  X.25 reasm status: skipped
  X.233 CLNP Data (compressed header):
   LRef: 0x0 Prio: 11 Flags: 0xf6
   Lifetime: 20.0 sec
   PDU Id: 0x2af
   X.224 COTP Data Ack:
    dst_ref: 0x4766
    rseq: 4 credit: 3
    Flow control:
     Acked TPDU nr: 4
     Acked subsequence: 0
     Acked credit: 15
    ATN checksum: 06 7f c3 5d

[2025-06-30 00:03:36 CEST] [136.725] [-11.9/-31.8 dBFS] [20.0 dB] [-0.8 ppm]
3481C4 (Aircraft, Airborne) -> 11984A (Ground station): Command
AVLC type: I sseq: 6 rseq: 7 poll: 0
 ACARS:
  Reassembly: skipped
  Reg: .EC-OJT Flight: V709RF
  Mode: 2 Label: 16 Blk id: 9 More: 0 Ack: ! Msg num: M48A
  Message:
   220336,22994,2222,  69,N 44.379 E  4.837

[2025-06-30 00:03:40 CEST] [136.725] [-9.9/-32.2 dBFS] [22.3 dB] [-0.7 ppm]
344697 (Aircraft, Airborne) -> 11985A (Ground station): Command
AVLC type: I sseq: 7 rseq: 1 poll: 0
 X.25 Data: grp: 11 chan: 255 sseq: 2 rseq: 4 more: 0
  X.25 reasm status: skipped
  X.233 CLNP Data (compressed header):
   LRef: 0x42 Prio: 11 Flags: 0xf6
   Lifetime: 20.0 sec
   PDU Id: 0x332
   X.224 COTP Data Ack:
    dst_ref: 0x4779
    rseq: 4 credit: 3
    Flow control:
     Acked TPDU nr: 4
     Acked subsequence: 0
     Acked credit: 15
    ATN checksum: 6d 51 bc 26

[2025-06-30 00:03:59 CEST] [136.725] [0.9/-32.1 dBFS] [33.0 dB] [1.4 ppm]
4CA61D (Aircraft, Airborne) -> 11985A (Ground station): Command
AVLC type: I sseq: 3 rseq: 4 poll: 0
 X.25 Data: grp: 11 chan: 255 sseq: 0 rseq: 1 more: 0
  X.25 reasm status: skipped
  X.233 CLNP Data (compressed header):
   LRef: 0x0 Prio: 11 Flags: 0xc0
   Lifetime: 50.0 sec
   PDU Id: 0x665
   X.224 COTP Data Ack:
    dst_ref: 0x4780
    rseq: 4 credit: 3
    Checksum: 75 db
    Flow control:
     Acked TPDU nr: 4
     Acked subsequence: 0
     Acked credit: 15

[2025-06-30 00:04:04 CEST] [136.825] [-13.4/-31.8 dBFS] [18.4 dB] [2.2 ppm]
40622F (Aircraft, Airborne) -> 12984A (Ground station): Command
AVLC type: I sseq: 2 rseq: 2 poll: 0
 ACARS:
  Reassembly: skipped
  Reg: .G-EZTX Flight: U238DT
  Mode: 2 Label: B9 Blk id: 2 More: 0 Ack: ! Msg num: M70A
  Message:
   /EGCC.TI2/040EGCCA567B

[2025-06-30 00:04:51 CEST] [136.725] [-5.9/-32.0 dBFS] [26.0 dB] [-0.5 ppm]
344697 (Aircraft, Airborne) -> 11985A (Ground station): Command
AVLC type: I sseq: 1 rseq: 2 poll: 0
 ACARS:
  Reassembly: skipped
  Reg: .EC-MFN Flight: VY07BU
  Mode: 2 Label: 16 Blk id: 7 More: 0 Ack: ! Msg num: M20A
  Message:
   220448,37007,2256, 105,N 43.592 E  6.220, 779

[2025-06-30 00:05:00 CEST] [136.675] [-10.4/-32.3 dBFS] [22.0 dB] [-0.6 ppm]
406B83 (Aircraft, Airborne) -> 11907A (Ground station): Command
AVLC type: I sseq: 4 rseq: 5 poll: 0
 X.25 Data: grp: 11 chan: 255 sseq: 1 rseq: 2 more: 0
  X.25 reasm status: skipped
  X.233 CLNP Data (compressed header):
   LRef: 0x0 Prio: 11 Flags: 0xf6
   Lifetime: 20.0 sec
   PDU Id: 0x2b0
   X.224 COTP Data Ack:
    dst_ref: 0x4766
    rseq: 4 credit: 3
    Flow control:
     Acked TPDU nr: 4
     Acked subsequence: 0
     Acked credit: 15
    ATN checksum: 06 7f c3 5d

[2025-06-30 00:05:12 CEST] [136.725] [-6.0/-32.0 dBFS] [26.0 dB] [-0.5 ppm]
344697 (Aircraft, Airborne) -> 11985A (Ground station): Command
AVLC type: I sseq: 2 rseq: 4 poll: 0
 X.25 Data: grp: 11 chan: 255 sseq: 4 rseq: 6 more: 0
  X.25 reasm status: skipped
  X.233 CLNP Data (compressed header):
   LRef: 0x42 Prio: 11 Flags: 0xf6
   Lifetime: 20.0 sec
   PDU Id: 0x334
   X.224 COTP Data Ack:
    dst_ref: 0x4779
    rseq: 4 credit: 3
    Flow control:
     Acked TPDU nr: 4
     Acked subsequence: 0
     Acked credit: 15
    ATN checksum: 6d 51 bc 26

[2025-06-30 00:05:31 CEST] [136.725] [-3.5/-31.6 dBFS] [28.1 dB] [1.3 ppm]
4CA61D (Aircraft, Airborne) -> 11985A (Ground station): Command
AVLC type: I sseq: 4 rseq: 5 poll: 0
 X.25 Data: grp: 11 chan: 255 sseq: 1 rseq: 2 more: 0
  X.25 reasm status: skipped
  X.233 CLNP Data (compressed header):
   LRef: 0x0 Prio: 11 Flags: 0xc0
   Lifetime: 50.0 sec
   PDU Id: 0x666
   X.224 COTP Data Ack:
    dst_ref: 0x4780
    rseq: 4 credit: 3
    Checksum: 75 db
    Flow control:
     Acked TPDU nr: 4
     Acked subsequence: 0
     Acked credit: 15

[2025-06-30 00:05:37 CEST] [136.725] [-2.1/-32.1 dBFS] [30.0 dB] [-0.7 ppm]
344697 (Aircraft, Airborne) -> 11985A (Ground station): Command
AVLC type: I sseq: 4 rseq: 5 poll: 0
 ACARS:
  Reassembly: skipped
  Reg: .EC-MFN Flight: VY07BU
  Mode: 2 Label: H1 Blk id: 9 More: 0 Ack: ! Msg num: F78A
  Sublabel: M1
  Message:
   RESPWI/AK,071/TS220536,2906257C3F

[2025-06-30 00:06:22 CEST] [136.725] [-14.3/-32.0 dBFS] [17.8 dB] [-0.6 ppm]
3481C4 (Aircraft, Airborne) -> 11984A (Ground station): Command
AVLC type: I sseq: 1 rseq: 3 poll: 0
 X.25 Data: grp: 11 chan: 255 sseq: 5 rseq: 7 more: 0
  X.25 reasm status: skipped
  X.233 CLNP Data (compressed header):
   LRef: 0x43 Prio: 11 Flags: 0xf6
   Lifetime: 20.0 sec
   PDU Id: 0xfe
   X.224 COTP Data Ack:
    dst_ref: 0x476e
    rseq: 6 credit: 3
    Flow control:
     Acked TPDU nr: 6
     Acked subsequence: 0
     Acked credit: 15
    ATN checksum: 74 05 6e 57

[2025-06-30 00:06:27 CEST] [136.825] [-10.8/-31.2 dBFS] [20.4 dB] [1.8 ppm]
40622F (Aircraft, Airborne) -> 12984A (Ground station): Command
AVLC type: I sseq: 5 rseq: 5 poll: 0
 ACARS:
  Reassembly: skipped
  Reg: .G-EZTX Flight: U238DT
  Mode: 2 Label: 5U Blk id: 5 More: 0 Ack: ! Msg num: M71A
  Message:
   EGGP EGBB EGMC EGSS-SA

[2025-06-30 00:06:30 CEST] [136.825] [-10.5/-31.4 dBFS] [20.9 dB] [2.0 ppm]
40622F (Aircraft, Airborne) -> 12984A (Ground station): Command
AVLC type: I sseq: 5 rseq: 5 poll: 0
 ACARS:
  Reassembly: skipped
  Reg: .G-EZTX Flight: U238DT
  Mode: 2 Label: 5U Blk id: 5 More: 0 Ack: ! Msg num: M71A
  Message:
   EGGP EGBB EGMC EGSS-SA

[2025-06-30 00:06:32 CEST] [136.675] [-11.3/-32.2 dBFS] [20.9 dB] [-0.8 ppm]
406B83 (Aircraft, Airborne) -> 11907A (Ground station): Command
AVLC type: I sseq: 5 rseq: 6 poll: 0
 X.25 Data: grp: 11 chan: 255 sseq: 2 rseq: 3 more: 0
  X.25 reasm status: skipped
  X.233 CLNP Data (compressed header):
   LRef: 0x0 Prio: 11 Flags: 0xf6
   Lifetime: 20.0 sec
   PDU Id: 0x2b1
   X.224 COTP Data Ack:
    dst_ref: 0x4766
    rseq: 4 credit: 3
    Flow control:
     Acked TPDU nr: 4
     Acked subsequence: 0
     Acked credit: 15
    ATN checksum: 06 7f c3 5d

[2025-06-30 00:06:35 CEST] [136.675] [-11.9/-32.6 dBFS] [20.6 dB] [1.4 ppm]
4D2413 (Aircraft, Airborne) -> 11907A (Ground station): Command
AVLC type: I sseq: 2 rseq: 4 poll: 0
 X.25 Data: grp: 11 chan: 255 sseq: 6 rseq: 0 more: 0
  X.25 reasm status: skipped
  X.233 CLNP Data (compressed header):
   LRef: 0x0 Prio: 11 Flags: 0xf6
   Lifetime: 20.0 sec
   PDU Id: 0x1e6
   X.224 COTP Data Ack:
    dst_ref: 0x477f
    rseq: 4 credit: 3
    Flow control:
     Acked TPDU nr: 4
     Acked subsequence: 0
     Acked credit: 15
    ATN checksum: 17 b9 bb 9d

[2025-06-30 00:06:44 CEST] [136.725] [-3.2/-31.9 dBFS] [28.8 dB] [-0.7 ppm]
344697 (Aircraft, Airborne) -> 11985A (Ground station): Command
AVLC type: I sseq: 5 rseq: 7 poll: 0
 X.25 Data: grp: 11 chan: 255 sseq: 5 rseq: 7 more: 0
  X.25 reasm status: skipped
  X.233 CLNP Data (compressed header):
   LRef: 0x42 Prio: 11 Flags: 0xf6
   Lifetime: 20.0 sec
   PDU Id: 0x335
   X.224 COTP Data Ack:
    dst_ref: 0x4779
    rseq: 4 credit: 3
    Flow control:
     Acked TPDU nr: 4
     Acked subsequence: 0
     Acked credit: 15
    ATN checksum: 6d 51 bc 26

[2025-06-30 00:07:02 CEST] [136.725] [-13.0/-32.3 dBFS] [19.4 dB] [1.1 ppm]
4CA61D (Aircraft, Airborne) -> 11985A (Ground station): Command
AVLC type: I sseq: 6 rseq: 7 poll: 0
 X.25 Data: grp: 11 chan: 255 sseq: 3 rseq: 4 more: 0
  X.25 reasm status: skipped
  X.233 CLNP Data (compressed header):
   LRef: 0x0 Prio: 11 Flags: 0xc0
   Lifetime: 50.0 sec
   PDU Id: 0x668
   X.224 COTP Data Ack:
    dst_ref: 0x4780
    rseq: 4 credit: 3
    Checksum: 75 db
    Flow control:
     Acked TPDU nr: 4
     Acked subsequence: 0
     Acked credit: 15

[2025-06-30 00:08:07 CEST] [136.675] [-4.7/-32.3 dBFS] [27.6 dB] [1.6 ppm]
4D2413 (Aircraft, Airborne) -> 11907A (Ground station): Command
AVLC type: I sseq: 3 rseq: 5 poll: 0
 X.25 Data: grp: 11 chan: 255 sseq: 7 rseq: 1 more: 0
  X.25 reasm status: skipped
  X.233 CLNP Data (compressed header):
   LRef: 0x0 Prio: 11 Flags: 0xf6
   Lifetime: 20.0 sec
   PDU Id: 0x1e7
   X.224 COTP Data Ack:
    dst_ref: 0x477f
    rseq: 4 credit: 3
    Flow control:
     Acked TPDU nr: 4
     Acked subsequence: 0
     Acked credit: 15
    ATN checksum: 17 b9 bb 9d

[2025-06-30 00:08:16 CEST] [136.725] [-0.4/-32.0 dBFS] [31.5 dB] [-1.1 ppm]
344697 (Aircraft, Airborne) -> 11985A (Ground station): Command
AVLC type: I sseq: 6 rseq: 0 poll: 0
 X.25 Data: grp: 11 chan: 255 sseq: 6 rseq: 0 more: 0
  X.25 reasm status: skipped
  X.233 CLNP Data (compressed header):
   LRef: 0x42 Prio: 11 Flags: 0xf6
   Lifetime: 20.0 sec
   PDU Id: 0x336
   X.224 COTP Data Ack:
    dst_ref: 0x4779
    rseq: 4 credit: 3
    Flow control:
     Acked TPDU nr: 4
     Acked subsequence: 0
     Acked credit: 15
    ATN checksum: 6d 51 bc 26

[2025-06-30 00:08:37 CEST] [136.725] [-14.9/-32.2 dBFS] [17.2 dB] [1.1 ppm]
4CA61D (Aircraft, Airborne) -> 11985A (Ground station): Command
AVLC type: I sseq: 7 rseq: 0 poll: 0
 X.25 Data: grp: 11 chan: 255 sseq: 4 rseq: 5 more: 0
  X.25 reasm status: skipped
  X.233 CLNP Data (compressed header):
   LRef: 0x0 Prio: 11 Flags: 0xc0
   Lifetime: 50.0 sec
   PDU Id: 0x669
   X.224 COTP Data Ack:
    dst_ref: 0x4780
    rseq: 4 credit: 3
    Checksum: 75 db
    Flow control:
     Acked TPDU nr: 4
     Acked subsequence: 0
     Acked credit: 15

[2025-06-30 00:09:21 CEST] [136.725] [0.9/-32.1 dBFS] [32.9 dB] [-1.2 ppm]
344697 (Aircraft, Airborne) -> 11985A (Ground station): Command
AVLC type: I sseq: 0 rseq: 1 poll: 0
 ACARS:
  Reassembly: skipped
  Reg: .EC-MFN Flight: VY07BU
  Mode: 2 Label: H1 Blk id: 0 More: 0 Ack: ! Msg num: F79A
  Sublabel: M1
  Message:
   RESPWI/AC,085/TS220919,290625FA6F

[2025-06-30 00:09:28 CEST] [136.725] [0.9/-32.4 dBFS] [33.2 dB] [-1.4 ppm]
344697 (Aircraft, Airborne) -> 11985A (Ground station): Command
AVLC type: I sseq: 1 rseq: 2 poll: 0
 ACARS:
  Reassembly: skipped
  Reg: .EC-MFN Flight: VY07BU
  Mode: 2 Label: B9 Blk id: 1 More: 0 Ack: ! Msg num: M21A
  Message:
   /LEBL.TI2/040LEBLA3461

[2025-06-30 00:09:32 CEST] [136.725] [1.0/-31.9 dBFS] [32.9 dB] [-1.3 ppm]
344697 (Aircraft, Airborne) -> 1199BA (Ground station): Response
AVLC type: U (XID) P/F: 1
 XID: Handoff Response
  Public params:
   Parameter set ID: 8885:1993
   Procedure classes: 00 01
   HDLC options: 20 a4 80
  VDL params:
   Parameter set ID: V
   Connection management: 01
   XID sequencing: seq: 1 retry: 0
   AVLC specific options: 25
   Destination airport: LEBL
   Aircraft location: 43.2N 5.5E 37000 ft

[2025-06-30 00:09:36 CEST] [136.675] [-13.7/-32.9 dBFS] [19.2 dB] [-1.0 ppm]
406B83 (Aircraft, Airborne) -> 11907A (Ground station): Command
AVLC type: I sseq: 0 rseq: 1 poll: 0
 X.25 Data: grp: 11 chan: 255 sseq: 5 rseq: 6 more: 0
  X.25 reasm status: skipped
  X.233 CLNP Data (compressed header):
   LRef: 0x0 Prio: 11 Flags: 0xf6
   Lifetime: 20.0 sec
   PDU Id: 0x2b4
   X.224 COTP Data Ack:
    dst_ref: 0x4766
    rseq: 4 credit: 3
    Flow control:
     Acked TPDU nr: 4
     Acked subsequence: 0
     Acked credit: 15
    ATN checksum: 06 7f c3 5d

[2025-06-30 00:09:39 CEST] [136.675] [-0.8/-32.1 dBFS] [31.3 dB] [1.1 ppm]
4D2413 (Aircraft, Airborne) -> 11907A (Ground station): Command
AVLC type: I sseq: 4 rseq: 6 poll: 0
 X.25 Data: grp: 11 chan: 255 sseq: 0 rseq: 2 more: 0
  X.25 reasm status: skipped
  X.233 CLNP Data (compressed header):
   LRef: 0x0 Prio: 11 Flags: 0xf6
   Lifetime: 20.0 sec
   PDU Id: 0x1e8
   X.224 COTP Data Ack:
    dst_ref: 0x477f
    rseq: 4 credit: 3
    Flow control:
     Acked TPDU nr: 4
     Acked subsequence: 0
     Acked credit: 15
    ATN checksum: 17 b9 bb 9d

[2025-06-30 00:09:48 CEST] [136.725] [0.5/-32.1 dBFS] [32.6 dB] [-1.3 ppm]
344697 (Aircraft, Airborne) -> 1199BA (Ground station): Command
AVLC type: I sseq: 3 rseq: 3 poll: 0
 X.25 Data: grp: 11 chan: 255 sseq: 0 rseq: 1 more: 0
  X.25 reasm status: skipped
  X.233 CLNP Data (compressed header):
   LRef: 0x42 Prio: 11 Flags: 0xf6
   Lifetime: 20.0 sec
   PDU Id: 0x338
   X.224 COTP Data Ack:
    dst_ref: 0x4779
    rseq: 4 credit: 3
    Flow control:
     Acked TPDU nr: 4
     Acked subsequence: 0
     Acked credit: 15
    ATN checksum: 6d 51 bc 26

[2025-06-30 00:09:52 CEST] [136.725] [-0.6/-32.0 dBFS] [31.4 dB] [-1.5 ppm]
344697 (Aircraft, Airborne) -> 1199BA (Ground station): Command
AVLC type: I sseq: 3 rseq: 3 poll: 0
 X.25 Data: grp: 11 chan: 255 sseq: 0 rseq: 1 more: 0
  X.25 reasm status: skipped
  X.233 CLNP Data (compressed header):
   LRef: 0x42 Prio: 11 Flags: 0xf6
   Lifetime: 20.0 sec
   PDU Id: 0x338
   X.224 COTP Data Ack:
    dst_ref: 0x4779
    rseq: 4 credit: 3
    Flow control:
     Acked TPDU nr: 4
     Acked subsequence: 0
     Acked credit: 15
    ATN checksum: 6d 51 bc 26

[2025-06-30 00:09:55 CEST] [136.725] [-1.8/-32.1 dBFS] [30.3 dB] [-1.4 ppm]
344697 (Aircraft, Airborne) -> 1199BA (Ground station): Command
AVLC type: I sseq: 3 rseq: 3 poll: 0
 X.25 Data: grp: 11 chan: 255 sseq: 0 rseq: 1 more: 0
  X.25 reasm status: skipped
  X.233 CLNP Data (compressed header):
   LRef: 0x42 Prio: 11 Flags: 0xf6
   Lifetime: 20.0 sec
   PDU Id: 0x338
   X.224 COTP Data Ack:
    dst_ref: 0x4779
    rseq: 4 credit: 3
    Flow control:
     Acked TPDU nr: 4
     Acked subsequence: 0
     Acked credit: 15
    ATN checksum: 6d 51 bc 26

[2025-06-30 00:09:58 CEST] [136.725] [0.4/-31.8 dBFS] [32.2 dB] [-1.4 ppm]
344697 (Aircraft, Airborne) -> 1199BA (Ground station): Command
AVLC type: I sseq: 3 rseq: 3 poll: 0
 X.25 Data: grp: 11 chan: 255 sseq: 0 rseq: 1 more: 0
  X.25 reasm status: skipped
  X.233 CLNP Data (compressed header):
   LRef: 0x42 Prio: 11 Flags: 0xf6
   Lifetime: 20.0 sec
   PDU Id: 0x338
   X.224 COTP Data Ack:
    dst_ref: 0x4779
    rseq: 4 credit: 3
    Flow control:
     Acked TPDU nr: 4
     Acked subsequence: 0
     Acked credit: 15
    ATN checksum: 6d 51 bc 26

[2025-06-30 00:10:03 CEST] [136.975] [-12.2/-33.7 dBFS] [21.5 dB] [3.3 ppm]
4D225A (Aircraft, Airborne) -> 10F69B (Ground station): Command
AVLC type: I sseq: 4 rseq: 7 poll: 0
 ACARS:
  Reassembly: skipped
  Reg: .9H-QEE Flight: FR089H
  Mode: 2 Label: 16 Blk id: 1 More: 0 Ack: ! Msg num: M30A
  Message:
   221002,M114140,2324, 121,N 44.120 E  7.565

[2025-06-30 00:10:14 CEST] [136.725] [-10.1/-33.4 dBFS] [23.3 dB] [0.2 ppm]
49520F (Aircraft, Airborne) -> 11985A (Ground station): Command
AVLC type: I sseq: 4 rseq: 0 poll: 0
 X.25 Data: grp: 11 chan: 254 sseq: 4 rseq: 0 more: 0
  X.25 reasm status: skipped
  X.233 CLNP Data (compressed header):
   LRef: 0x0 Prio: 11 Flags: 0xc0
   Lifetime: 50.0 sec
   PDU Id: 0xcb
   X.224 COTP Data Ack:
    dst_ref: 0x4782
    rseq: 4 credit: 3
    Checksum: 6b e3
    Flow control:
     Acked TPDU nr: 4
     Acked subsequence: 0
     Acked credit: 15

[2025-06-30 00:10:32 CEST] [136.725] [0.9/-32.1 dBFS] [33.1 dB] [-1.7 ppm]
344697 (Aircraft, Airborne) -> 11985A (Ground station): Command
AVLC type: U (XID) P/F: 1
 XID: Handoff Initiation
  Public params:
   Parameter set ID: 8885:1993
   Procedure classes: 00 01
   HDLC options: 20 a4 80
  VDL params:
   Parameter set ID: V
   Connection management: 01
   XID sequencing: seq: 2 retry: 0
   AVLC specific options: 25
   Destination airport: LEBL
   Aircraft location: 43.1N 5.4E 37000 ft

[2025-06-30 00:10:45 CEST] [136.975] [-13.8/-31.9 dBFS] [18.1 dB] [2.9 ppm]
4D225A (Aircraft, Airborne) -> 10F69B (Ground station): Command
AVLC type: I sseq: 6 rseq: 2 poll: 0
 X.25 Data: grp: 11 chan: 255 sseq: 1 rseq: 5 more: 0
  X.25 reasm status: skipped
  X.233 CLNP Data (compressed header):
   LRef: 0x41 Prio: 11 Flags: 0xc0
   Lifetime: 50.0 sec
   PDU Id: 0x33d
   X.224 COTP Data Ack:
    dst_ref: 0x4788
    rseq: 2 credit: 2
    Checksum: 50 fd
    Flow control:
     Acked TPDU nr: 2
     Acked subsequence: 0
     Acked credit: 15

[2025-06-30 00:11:10 CEST] [136.675] [0.9/-32.4 dBFS] [33.2 dB] [0.7 ppm]
4D2413 (Aircraft, Airborne) -> 11907A (Ground station): Command
AVLC type: I sseq: 6 rseq: 0 poll: 0
 X.25 Data: grp: 11 chan: 255 sseq: 2 rseq: 4 more: 0
  X.25 reasm status: skipped
  X.233 CLNP Data (compressed header):
   LRef: 0x0 Prio: 11 Flags: 0xf6
   Lifetime: 20.0 sec
   PDU Id: 0x1ea
   X.224 COTP Data Ack:
    dst_ref: 0x477f
    rseq: 4 credit: 3
    Flow control:
     Acked TPDU nr: 4
     Acked subsequence: 0
     Acked credit: 15
    ATN checksum: 17 b9 bb 9d

[2025-06-30 00:11:23 CEST] [136.725] [0.7/-32.2 dBFS] [32.9 dB] [-1.6 ppm]
344697 (Aircraft, Airborne) -> 11985A (Ground station): Command
AVLC type: I sseq: 2 rseq: 3 poll: 0
 X.25 Data: grp: 11 chan: 255 sseq: 0 rseq: 1 more: 0
  X.25 reasm status: skipped
  X.233 CLNP Data (compressed header):
   LRef: 0x42 Prio: 11 Flags: 0xf6
   Lifetime: 20.0 sec
   PDU Id: 0x339
   X.224 COTP Data Ack:
    dst_ref: 0x4779
    rseq: 4 credit: 3
    Flow control:
     Acked TPDU nr: 4
     Acked subsequence: 0
     Acked credit: 15
    ATN checksum: 6d 51 bc 26

[2025-06-30 00:11:34 CEST] [136.725] [-16.3/-31.8 dBFS] [15.5 dB] [0.1 ppm]
49520F (Aircraft, Airborne) -> 11985A (Ground station): Command
AVLC type: I sseq: 6 rseq: 2 poll: 0
 X.25 Data: grp: 11 chan: 254 sseq: 6 rseq: 2 more: 0
  X.25 reasm status: skipped
  X.233 CLNP Data (compressed header):
   LRef: 0x0 Prio: 11 Flags: 0xc0
   Lifetime: 50.0 sec
   PDU Id: 0xcd
   X.224 COTP Data Ack:
    dst_ref: 0x4782
    rseq: 5 credit: 3
    Checksum: 6c 93

[2025-06-30 00:11:35 CEST] [136.725] [-14.3/-32.1 dBFS] [17.8 dB] [-0.0 ppm]
49520F (Aircraft, Airborne) -> 11985A (Ground station): Command
AVLC type: I sseq: 7 rseq: 2 poll: 0
 X.25 Data: grp: 11 chan: 254 sseq: 7 rseq: 2 more: 0
  X.25 reasm status: skipped
  X.233 CLNP Data (compressed header):
   LRef: 0x0 Prio: 11 Flags: 0xc0
   Lifetime: 50.0 sec
   PDU Id: 0xce
   X.224 COTP Data:
    dst_ref: 0x4782
    sseq: 4 req_of_ack: 0 EoT: 1
    COTP reasm status: skipped
    Checksum: 15 cb
    CPDLC Downlink Message:
     Header:
      Msg ID: 4
      Msg Ref: 6
      Timestamp: 2025-06-29 22:11:33
      Logical ACK: notRequired
     Message data:
      LOGICAL ACKNOWLEDGMENT

[2025-06-30 00:11:48 CEST] [136.725] [-12.3/-31.9 dBFS] [19.6 dB] [2.7 ppm]
48C239 (Aircraft, Airborne) -> 11905A (Ground station): Command
AVLC type: I sseq: 5 rseq: 5 poll: 0
 ACARS:
  Reassembly: skipped
  Reg: .SP-RSQ Flight: FR30UC
  Mode: 2 Label: 16 Blk id: 8 More: 0 Ack: ! Msg num: M51A
  Message:
   221146,M110128,2349, 141,N 42.950 E  4.572

[2025-06-30 00:12:08 CEST] [136.725] [-12.5/-32.2 dBFS] [19.7 dB] [2.5 ppm]
48C239 (Aircraft, Airborne) -> 11985A (Ground station): Command
AVLC type: I sseq: 2 rseq: 3 poll: 0
 X.25 Data: grp: 11 chan: 255 sseq: 0 rseq: 1 more: 0
  X.25 reasm status: skipped
  X.233 CLNP Data (compressed header):
   LRef: 0x41 Prio: 11 Flags: 0xc0
   Lifetime: 50.0 sec
   PDU Id: 0xb4d
   X.224 COTP Data Ack:
    dst_ref: 0x4785
    rseq: 4 credit: 3
    Checksum: 5c ef
    Flow control:
     Acked TPDU nr: 4
     Acked subsequence: 0
     Acked credit: 15

[2025-06-30 00:12:17 CEST] [136.975] [-11.8/-32.2 dBFS] [20.4 dB] [3.3 ppm]
4D225A (Aircraft, Airborne) -> 10F69B (Ground station): Command
AVLC type: I sseq: 7 rseq: 3 poll: 0
 X.25 Data: grp: 11 chan: 255 sseq: 2 rseq: 6 more: 0
  X.25 reasm status: skipped
  X.233 CLNP Data (compressed header):
   LRef: 0x41 Prio: 11 Flags: 0xc0
   Lifetime: 50.0 sec
   PDU Id: 0x33e
   X.224 COTP Data Ack:
    dst_ref: 0x4788
    rseq: 2 credit: 2
    Checksum: 50 fd
    Flow control:
     Acked TPDU nr: 2
     Acked subsequence: 0
     Acked credit: 15

[2025-06-30 00:12:43 CEST] [136.675] [0.8/-32.7 dBFS] [33.5 dB] [0.2 ppm]
4D2413 (Aircraft, Airborne) -> 11907A (Ground station): Command
AVLC type: I sseq: 7 rseq: 1 poll: 0
 X.25 Data: grp: 11 chan: 255 sseq: 3 rseq: 5 more: 0
  X.25 reasm status: skipped
  X.233 CLNP Data (compressed header):
   LRef: 0x0 Prio: 11 Flags: 0xf6
   Lifetime: 20.0 sec
   PDU Id: 0x1eb
   X.224 COTP Data Ack:
    dst_ref: 0x477f
    rseq: 4 credit: 3
    Flow control:
     Acked TPDU nr: 4
     Acked subsequence: 0
     Acked credit: 15
    ATN checksum: 17 b9 bb 9d

[2025-06-30 00:12:52 CEST] [136.725] [-10.3/-32.1 dBFS] [21.9 dB] [-2.1 ppm]
344697 (Aircraft, Airborne) -> 11985A (Ground station): Command
AVLC type: I sseq: 3 rseq: 4 poll: 0
 X.25 Data: grp: 11 chan: 255 sseq: 1 rseq: 2 more: 0
  X.25 reasm status: skipped
  X.233 CLNP Data (compressed header):
   LRef: 0x42 Prio: 11 Flags: 0xf6
   Lifetime: 20.0 sec
   PDU Id: 0x33a
   X.224 COTP Data Ack:
    dst_ref: 0x4779
    rseq: 4 credit: 3
    Flow control:
     Acked TPDU nr: 4
     Acked subsequence: 0
     Acked credit: 15
    ATN checksum: 6d 51 bc 26

[2025-06-30 00:13:40 CEST] [136.725] [-6.3/-31.9 dBFS] [25.6 dB] [2.4 ppm]
48C239 (Aircraft, Airborne) -> 11985A (Ground station): Command
AVLC type: I sseq: 3 rseq: 4 poll: 0
 X.25 Data: grp: 11 chan: 255 sseq: 1 rseq: 2 more: 0
  X.25 reasm status: skipped
  X.233 CLNP Data (compressed header):
   LRef: 0x41 Prio: 11 Flags: 0xc0
   Lifetime: 50.0 sec
   PDU Id: 0xb4e
   X.224 COTP Data Ack:
    dst_ref: 0x4785
    rseq: 4 credit: 3
    Checksum: 5c ef
    Flow control:
     Acked TPDU nr: 4
     Acked subsequence: 0
     Acked credit: 15

[2025-06-30 00:13:53 CEST] [136.975] [-10.1/-31.6 dBFS] [21.5 dB] [3.2 ppm]
4D225A (Aircraft, Airborne) -> 10F69B (Ground station): Command
AVLC type: I sseq: 0 rseq: 4 poll: 0
 X.25 Data: grp: 11 chan: 255 sseq: 3 rseq: 7 more: 0
  X.25 reasm status: skipped
  X.233 CLNP Data (compressed header):
   LRef: 0x41 Prio: 11 Flags: 0xc0
   Lifetime: 50.0 sec
   PDU Id: 0x33f
   X.224 COTP Data Ack:
    dst_ref: 0x4788
    rseq: 2 credit: 2
    Checksum: 50 fd
    Flow control:
     Acked TPDU nr: 2
     Acked subsequence: 0
     Acked credit: 15

[2025-06-30 00:14:15 CEST] [136.675] [-4.1/-32.1 dBFS] [28.0 dB] [0.3 ppm]
4D2413 (Aircraft, Airborne) -> 11907A (Ground station): Command
AVLC type: I sseq: 0 rseq: 2 poll: 0
 X.25 Data: grp: 11 chan: 255 sseq: 4 rseq: 6 more: 0
  X.25 reasm status: skipped
  X.233 CLNP Data (compressed header):
   LRef: 0x0 Prio: 11 Flags: 0xf6
   Lifetime: 20.0 sec
   PDU Id: 0x1ec
   X.224 COTP Data Ack:
    dst_ref: 0x477f
    rseq: 4 credit: 3
    Flow control:
     Acked TPDU nr: 4
     Acked subsequence: 0
     Acked credit: 15
    ATN checksum: 17 b9 bb 9d

[2025-06-30 00:14:20 CEST] [136.975] [-10.7/-32.0 dBFS] [21.3 dB] [3.1 ppm]
4D225A (Aircraft, Airborne) -> 10F69B (Ground station): Command
AVLC type: I sseq: 1 rseq: 5 poll: 0
 X.25 Data: grp: 11 chan: 255 sseq: 4 rseq: 0 more: 0
  X.25 reasm status: skipped
  X.233 CLNP Data (compressed header):
   LRef: 0x41 Prio: 11 Flags: 0xc0
   Lifetime: 50.0 sec
   PDU Id: 0x340
   X.224 COTP Data Ack:
    dst_ref: 0x4788
    rseq: 3 credit: 2
    Checksum: 5d 9f

[2025-06-30 00:14:21 CEST] [136.975] [-10.1/-32.0 dBFS] [21.9 dB] [3.1 ppm]
4D225A (Aircraft, Airborne) -> 10F69B (Ground station): Command
AVLC type: I sseq: 2 rseq: 5 poll: 0
 X.25 Data: grp: 11 chan: 255 sseq: 5 rseq: 0 more: 0
  X.25 reasm status: skipped
  X.233 CLNP Data (compressed header):
   LRef: 0x41 Prio: 11 Flags: 0xc0
   Lifetime: 50.0 sec
   PDU Id: 0x341
   X.224 COTP Data:
    dst_ref: 0x4788
    sseq: 2 req_of_ack: 0 EoT: 1
    COTP reasm status: skipped
    Checksum: 1d 58
    CPDLC Downlink Message:
     Header:
      Msg ID: 2
      Msg Ref: 3
      Timestamp: 2025-06-29 22:14:20
      Logical ACK: notRequired
     Message data:
      LOGICAL ACKNOWLEDGMENT

[2025-06-30 00:14:28 CEST] [136.975] [-10.0/-32.0 dBFS] [22.0 dB] [3.1 ppm]
4D225A (Aircraft, Airborne) -> 10F69B (Ground station): Command
AVLC type: I sseq: 3 rseq: 6 poll: 0
 X.25 Data: grp: 11 chan: 255 sseq: 6 rseq: 1 more: 0
  X.25 reasm status: skipped
  X.233 CLNP Data (compressed header):
   LRef: 0x41 Prio: 11 Flags: 0xc0
   Lifetime: 50.0 sec
   PDU Id: 0x342
   X.224 COTP Data:
    dst_ref: 0x4788
    sseq: 3 req_of_ack: 0 EoT: 1
    COTP reasm status: skipped
    Checksum: 90 94
    CPDLC Downlink Message:
     Header:
      Msg ID: 3
      Msg Ref: 3
      Timestamp: 2025-06-29 22:14:27
      Logical ACK: required
     Message data:
      WILCO

[2025-06-30 00:14:29 CEST] [136.975] [-9.7/-32.2 dBFS] [22.6 dB] [3.1 ppm]
4D225A (Aircraft, Airborne) -> 10F69B (Ground station): Command
AVLC type: I sseq: 4 rseq: 0 poll: 0
 X.25 Data: grp: 11 chan: 255 sseq: 7 rseq: 3 more: 0
  X.25 reasm status: skipped
  X.233 CLNP Data (compressed header):
   LRef: 0x41 Prio: 11 Flags: 0xc0
   Lifetime: 50.0 sec
   PDU Id: 0x343
   X.224 COTP Data Ack:
    dst_ref: 0x4788
    rseq: 4 credit: 3
    Checksum: 52 a8

[2025-06-30 00:14:34 CEST] [136.975] [-10.6/-32.5 dBFS] [21.9 dB] [3.4 ppm]
4D225A (Aircraft, Airborne) -> 10F69B (Ground station): Command
AVLC type: I sseq: 4 rseq: 0 poll: 0
 X.25 Data: grp: 11 chan: 255 sseq: 7 rseq: 3 more: 0
  X.25 reasm status: skipped
  X.233 CLNP Data (compressed header):
   LRef: 0x41 Prio: 11 Flags: 0xc0
   Lifetime: 50.0 sec
   PDU Id: 0x343
   X.224 COTP Data Ack:
    dst_ref: 0x4788
    rseq: 4 credit: 3
    Checksum: 52 a8

[2025-06-30 00:14:49 CEST] [136.675] [-3.7/-32.6 dBFS] [28.9 dB] [0.3 ppm]
4D2413 (Aircraft, Airborne) -> 11907A (Ground station): Command
AVLC type: I sseq: 1 rseq: 3 poll: 0
 X.25 Data: grp: 11 chan: 255 sseq: 5 rseq: 7 more: 0
  X.25 reasm status: skipped
  X.233 CLNP Data (compressed header):
   LRef: 0x0 Prio: 11 Flags: 0xf6
   Lifetime: 20.0 sec
   PDU Id: 0x1ed
   X.224 COTP Data Ack:
    dst_ref: 0x477f
    rseq: 5 credit: 3
    ATN checksum: 44 59 d8 64
   X.224 COTP Data:
    dst_ref: 0x477f
    sseq: 4 req_of_ack: 0 EoT: 1
    COTP reasm status: skipped
    ATN checksum: 6d a5 74 ed
    CPDLC Downlink Message:
     Header:
      Msg ID: 4
      Msg Ref: 5
      Timestamp: 2025-06-29 22:14:49
      Logical ACK: notRequired
     Message data:
      LOGICAL ACKNOWLEDGMENT

[2025-06-30 00:14:54 CEST] [136.675] [-4.3/-32.5 dBFS] [28.2 dB] [0.4 ppm]
4D2413 (Aircraft, Airborne) -> 11907A (Ground station): Command
AVLC type: I sseq: 2 rseq: 6 poll: 0
 X.25 Data: grp: 11 chan: 255 sseq: 6 rseq: 2 more: 0
  X.25 reasm status: skipped
  X.233 CLNP Data (compressed header):
   LRef: 0x41 Prio: 11 Flags: 0xf6
   Lifetime: 20.0 sec
   PDU Id: 0x1ee
   X.224 COTP Connect Confirm:
    src_ref: 0x0042 dst_ref: 0x76ae
    Initial Credit: 1
    Protocol class: 4
    Options: 00 (use normal PDU formats)
    TPDU size (bytes): 1024
    Called/responding transport selector: 16
    Calling transport selector: 65 6d
    Priority: 3
    Ack time (ms): 1000
    Inactivity timer (ms): 360000
    Additional options: 0x00
    ATN checksum: 7d 5c bf ec
    X.225 Session SPDU: Short Accept
     X.227 ACSE Associate Response:
      Application context name: { 1.3.27.3.1 }
      Associate result: accept
      ATCDownlinkMessage: <empty PDU>

[2025-06-30 00:15:14 CEST] [136.725] [-5.1/-32.3 dBFS] [27.2 dB] [2.3 ppm]
48C239 (Aircraft, Airborne) -> 11985A (Ground station): Command
AVLC type: I sseq: 4 rseq: 5 poll: 0
 X.25 Data: grp: 11 chan: 255 sseq: 2 rseq: 3 more: 0
  X.25 reasm status: skipped
  X.233 CLNP Data (compressed header):
   LRef: 0x41 Prio: 11 Flags: 0xc0
   Lifetime: 50.0 sec
   PDU Id: 0xb4f
   X.224 COTP Data Ack:
    dst_ref: 0x4785
    rseq: 4 credit: 3
    Checksum: 5c ef
    Flow control:
     Acked TPDU nr: 4
     Acked subsequence: 0
     Acked credit: 15

[2025-06-30 00:15:56 CEST] [136.675] [-3.8/-32.3 dBFS] [28.5 dB] [0.0 ppm]
4D2413 (Aircraft, Airborne) -> 11907A (Ground station): Command
AVLC type: I sseq: 3 rseq: 0 poll: 0
 X.25 Data: grp: 11 chan: 255 sseq: 7 rseq: 4 more: 0
  X.25 reasm status: skipped
  X.233 CLNP Data (compressed header):
   LRef: 0x41 Prio: 11 Flags: 0xf6
   Lifetime: 20.0 sec
   PDU Id: 0x1ef
   X.224 COTP Data Ack:
    dst_ref: 0x76ae
    rseq: 0 credit: 1
    Flow control:
     Acked TPDU nr: 0
     Acked subsequence: 0
     Acked credit: 10
    ATN checksum: fd 88 83 22

[2025-06-30 00:15:56 CEST] [136.725] [-14.5/-31.9 dBFS] [17.4 dB] [-1.9 ppm]
344697 (Aircraft, Airborne) -> 11985A (Ground station): Command
AVLC type: I sseq: 6 rseq: 7 poll: 0
 X.25 Data: grp: 11 chan: 255 sseq: 4 rseq: 5 more: 0
  X.25 reasm status: skipped
  X.233 CLNP Data (compressed header):
   LRef: 0x42 Prio: 11 Flags: 0xf6
   Lifetime: 20.0 sec
   PDU Id: 0x33d
   X.224 COTP Data Ack:
    dst_ref: 0x4779
    rseq: 4 credit: 3
    Flow control:
     Acked TPDU nr: 4
     Acked subsequence: 0
     Acked credit: 15
    ATN checksum: 6d 51 bc 26

[2025-06-30 00:16:04 CEST] [136.975] [-6.1/-32.1 dBFS] [26.0 dB] [2.9 ppm]
4D225A (Aircraft, Airborne) -> 10F69B (Ground station): Command
AVLC type: I sseq: 6 rseq: 2 poll: 0
 X.25 Data: grp: 11 chan: 255 sseq: 1 rseq: 5 more: 0
  X.25 reasm status: skipped
  X.233 CLNP Data (compressed header):
   LRef: 0x41 Prio: 11 Flags: 0xc0
   Lifetime: 50.0 sec
   PDU Id: 0x345
   X.224 COTP Data Ack:
    dst_ref: 0x4788
    rseq: 4 credit: 3
    Checksum: 4d fb
    Flow control:
     Acked TPDU nr: 4
     Acked subsequence: 0
     Acked credit: 15

[2025-06-30 00:16:09 CEST] [136.675] [-10.7/-32.5 dBFS] [21.8 dB] [3.6 ppm]
4D2242 (Aircraft, Airborne) -> 11907A (Ground station): Command
AVLC type: I sseq: 0 rseq: 0 poll: 0
 ACARS:
  Reassembly: skipped
  Reg: .9H-QCD Flight: FR90PV
  Mode: 2 Label: 16 Blk id: 6 More: 0 Ack: ! Msg num: M56A
  Message:
   221607,47672,2227,  82,N 44.047 E  4.717

[2025-06-30 00:16:11 CEST] [136.725] [0.0/-32.2 dBFS] [32.2 dB] [2.1 ppm]
48C239 (Aircraft, Airborne) -> 11984A (Ground station): Response
AVLC type: U (XID) P/F: 1
 XID: Handoff Response
  Public params:
   Parameter set ID: 8885:1993
   Procedure classes: 00 01
   HDLC options: 20 84 80
  VDL params:
   Parameter set ID: V
   XID sequencing: seq: 7 retry: 1
   Destination airport: EGSS
   Aircraft location: 43.5N 4.5E 0 ft
   AVLC specific options: 24
   Connection management: 01

[2025-06-30 00:16:22 CEST] [136.675] [-5.7/-32.4 dBFS] [26.7 dB] [0.3 ppm]
4D2413 (Aircraft, Airborne) -> 11907A (Ground station): Command
AVLC type: I sseq: 5 rseq: 2 poll: 0
 X.25 Data: grp: 11 chan: 255 sseq: 1 rseq: 6 more: 0
  X.25 reasm status: skipped
  X.233 CLNP Data (compressed header):
   LRef: 0x0 Prio: 11 Flags: 0xf6
   Lifetime: 20.0 sec
   PDU Id: 0x1f1
   X.224 COTP Data Ack:
    dst_ref: 0x477f
    rseq: 5 credit: 3
    Flow control:
     Acked TPDU nr: 5
     Acked subsequence: 0
     Acked credit: 15
    ATN checksum: 12 54 1f a2

[2025-06-30 00:16:44 CEST] [136.725] [-1.2/-32.2 dBFS] [31.0 dB] [2.0 ppm]
48C239 (Aircraft, Airborne) -> 11984A (Ground station): Command
AVLC type: I sseq: 2 rseq: 3 poll: 0
 X.25 Data: grp: 11 chan: 254 sseq: 0 rseq: 1 more: 0
  X.25 reasm status: skipped
  X.233 CLNP Data (compressed header):
   LRef: 0x41 Prio: 11 Flags: 0xc0
   Lifetime: 50.0 sec
   PDU Id: 0xb50
   X.224 COTP Data Ack:
    dst_ref: 0x4785
    rseq: 4 credit: 3
    Checksum: 5c ef
    Flow control:
     Acked TPDU nr: 4
     Acked subsequence: 0
     Acked credit: 15

[2025-06-30 00:17:01 CEST] [136.675] [-9.0/-32.7 dBFS] [23.7 dB] [0.3 ppm]
4D2413 (Aircraft, Airborne) -> 11907A (Ground station): Command
AVLC type: I sseq: 6 rseq: 3 poll: 0
 X.25 Data: grp: 11 chan: 255 sseq: 2 rseq: 7 more: 0
  X.25 reasm status: skipped
  X.233 CLNP Data (compressed header):
   LRef: 0x41 Prio: 11 Flags: 0xf6
   Lifetime: 20.0 sec
   PDU Id: 0x1f2
   X.224 COTP Data Ack:
    dst_ref: 0x76ae
    rseq: 0 credit: 1
    Flow control:
     Acked TPDU nr: 0
     Acked subsequence: 0
     Acked credit: 10
    ATN checksum: fd 88 83 22

[2025-06-30 00:17:33 CEST] [136.975] [-3.2/-32.1 dBFS] [29.0 dB] [3.2 ppm]
4D225A (Aircraft, Airborne) -> 10F69B (Ground station): Command
AVLC type: I sseq: 7 rseq: 3 poll: 0
 X.25 Data: grp: 11 chan: 255 sseq: 2 rseq: 6 more: 0
  X.25 reasm status: skipped
  X.233 CLNP Data (compressed header):
   LRef: 0x41 Prio: 11 Flags: 0xc0
   Lifetime: 50.0 sec
   PDU Id: 0x346
   X.224 COTP Data Ack:
    dst_ref: 0x4788
    rseq: 4 credit: 3
    Checksum: 4d fb
    Flow control:
     Acked TPDU nr: 4
     Acked subsequence: 0
     Acked credit: 15

[2025-06-30 00:17:54 CEST] [136.675] [-11.1/-33.3 dBFS] [22.2 dB] [0.1 ppm]
4D2413 (Aircraft, Airborne) -> 11907A (Ground station): Command
AVLC type: I sseq: 7 rseq: 4 poll: 0
 X.25 Data: grp: 11 chan: 255 sseq: 3 rseq: 0 more: 0
  X.25 reasm status: skipped
  X.233 CLNP Data (compressed header):
   LRef: 0x0 Prio: 11 Flags: 0xf6
   Lifetime: 20.0 sec
   PDU Id: 0x1f3
   X.224 COTP Data Ack:
    dst_ref: 0x477f
    rseq: 5 credit: 3
    Flow control:
     Acked TPDU nr: 5
     Acked subsequence: 0
     Acked credit: 15
    ATN checksum: 12 54 1f a2

[2025-06-30 00:18:00 CEST] [136.675] [-10.9/-32.8 dBFS] [21.9 dB] [0.2 ppm]
4D2413 (Aircraft, Airborne) -> 11907A (Ground station): Command
AVLC type: I sseq: 0 rseq: 5 poll: 0
 X.25 Data: grp: 11 chan: 255 sseq: 4 rseq: 1 more: 0
  X.25 reasm status: skipped
  X.233 CLNP Data (compressed header):
   LRef: 0x41 Prio: 11 Flags: 0xf6
   Lifetime: 20.0 sec
   PDU Id: 0x1f4
   X.224 COTP Data Ack:
    dst_ref: 0x76ae
    rseq: 0 credit: 1
    Flow control:
     Acked TPDU nr: 0
     Acked subsequence: 0
     Acked credit: 10
    ATN checksum: fd 88 83 22

[2025-06-30 00:18:12 CEST] [136.725] [-11.9/-32.0 dBFS] [20.1 dB] [0.5 ppm]
AA9BB7 (Aircraft, Airborne) -> 11984A (Ground station): Response
AVLC type: U (XID) P/F: 1
 XID: Handoff Response
  Public params:
   Parameter set ID: 8885:1993
   Procedure classes: 00 01
   HDLC options: 20 84 80
  VDL params:
   Parameter set ID: V
   XID sequencing: seq: 6 retry: 0
   Destination airport: MMMX
   Aircraft location: 44.6N 6.8E 34000 ft
   AVLC specific options: 24
   Connection management: 01

[2025-06-30 00:18:15 CEST] [136.725] [-1.2/-32.5 dBFS] [31.2 dB] [2.0 ppm]
48C239 (Aircraft, Airborne) -> 11984A (Ground station): Command
AVLC type: I sseq: 4 rseq: 5 poll: 0
 X.25 Data: grp: 11 chan: 254 sseq: 2 rseq: 3 more: 0
  X.25 reasm status: skipped
  X.233 CLNP Data (compressed header):
   LRef: 0x41 Prio: 11 Flags: 0xc0
   Lifetime: 50.0 sec
   PDU Id: 0xb52
   X.224 COTP Data Ack:
    dst_ref: 0x4785
    rseq: 4 credit: 3
    Checksum: 5c ef
    Flow control:
     Acked TPDU nr: 4
     Acked subsequence: 0
     Acked credit: 15

[2025-06-30 00:19:02 CEST] [136.675] [-10.9/-32.3 dBFS] [21.4 dB] [0.2 ppm]
4D2413 (Aircraft, Airborne) -> 11907A (Ground station): Command
AVLC type: I sseq: 1 rseq: 6 poll: 0
 X.25 Data: grp: 11 chan: 255 sseq: 5 rseq: 2 more: 0
  X.25 reasm status: skipped
  X.233 CLNP Data (compressed header):
   LRef: 0x41 Prio: 11 Flags: 0xf6
   Lifetime: 20.0 sec
   PDU Id: 0x1f5
   X.224 COTP Data Ack:
    dst_ref: 0x76ae
    rseq: 0 credit: 1
    Flow control:
     Acked TPDU nr: 0
     Acked subsequence: 0
     Acked credit: 10
    ATN checksum: fd 88 83 22

[2025-06-30 00:19:05 CEST] [136.975] [-7.3/-32.6 dBFS] [25.3 dB] [3.1 ppm]
4D225A (Aircraft, Airborne) -> 10F69B (Ground station): Command
AVLC type: I sseq: 0 rseq: 4 poll: 0
 X.25 Data: grp: 11 chan: 255 sseq: 3 rseq: 7 more: 0
  X.25 reasm status: skipped
  X.233 CLNP Data (compressed header):
   LRef: 0x41 Prio: 11 Flags: 0xc0
   Lifetime: 50.0 sec
   PDU Id: 0x347
   X.224 COTP Data Ack:
    dst_ref: 0x4788
    rseq: 4 credit: 3
    Checksum: 4d fb
    Flow control:
     Acked TPDU nr: 4
     Acked subsequence: 0
     Acked credit: 15

[2025-06-30 00:19:26 CEST] [136.675] [-10.6/-32.1 dBFS] [21.5 dB] [-0.0 ppm]
4D2413 (Aircraft, Airborne) -> 11907A (Ground station): Command
AVLC type: I sseq: 2 rseq: 7 poll: 0
 X.25 Data: grp: 11 chan: 255 sseq: 6 rseq: 3 more: 0
  X.25 reasm status: skipped
  X.233 CLNP Data (compressed header):
   LRef: 0x0 Prio: 11 Flags: 0xf6
   Lifetime: 20.0 sec
   PDU Id: 0x1f6
   X.224 COTP Data Ack:
    dst_ref: 0x477f
    rseq: 5 credit: 3
    Flow control:
     Acked TPDU nr: 5
     Acked subsequence: 0
     Acked credit: 15
    ATN checksum: 12 54 1f a2

