[2024-12-21 00:00:25 CET] [136.975] [-12.5/-30.8 dBFS] [18.3 dB] [3.5 ppm]
4CAE93 (Aircraft, Airborne) -> 10985A (Ground station): Command
AVLC type: I sseq: 5 rseq: 1 poll: 0
 X.25 Data: grp: 11 chan: 254 sseq: 3 rseq: 7 more: 0
  X.25 reasm status: skipped
  X.233 CLNP Data (compressed header):
   LRef: 0x41 Prio: 11 Flags: 0xc0
   Lifetime: 50.0 sec
   PDU Id: 0x818
   X.224 COTP Data Ack:
    dst_ref: 0xa40b
    rseq: 2 credit: 2
    Checksum: 93 da
    Flow control:
     Acked TPDU nr: 2
     Acked subsequence: 0
     Acked credit: 15

[2024-12-21 00:01:08 CET] [136.725] [-12.0/-30.6 dBFS] [18.6 dB] [2.4 ppm]
4D2238 (Aircraft, Airborne) -> 11985A (Ground station): Command
AVLC type: I sseq: 5 rseq: 6 poll: 0
 X.25 Data: grp: 11 chan: 255 sseq: 6 rseq: 7 more: 0
  X.25 reasm status: skipped
  X.233 CLNP Data (compressed header):
   LRef: 0x41 Prio: 11 Flags: 0xc0
   Lifetime: 50.0 sec
   PDU Id: 0x786
   X.224 COTP Data Ack:
    dst_ref: 0xa3fa
    rseq: 5 credit: 3
    Checksum: e8 8f
    Flow control:
     Acked TPDU nr: 5
     Acked subsequence: 0
     Acked credit: 15

[2024-12-21 00:01:49 CET] [136.725] [-12.7/-31.5 dBFS] [18.8 dB] [2.5 ppm]
4D2238 (Aircraft, Airborne) -> 11985A (Ground station): Command
AVLC type: I sseq: 7 rseq: 0 poll: 0
 X.25 Data: grp: 11 chan: 255 sseq: 0 rseq: 1 more: 0
  X.25 reasm status: skipped
  X.233 CLNP Data (compressed header):
   LRef: 0x41 Prio: 11 Flags: 0xc0
   Lifetime: 50.0 sec
   PDU Id: 0x788
   X.224 COTP Data Ack:
    dst_ref: 0xa3fa
    rseq: 6 credit: 3
    Checksum: e3 46

[2024-12-21 00:01:49 CET] [136.725] [-12.6/-31.9 dBFS] [19.3 dB] [2.6 ppm]
4D2238 (Aircraft, Airborne) -> 11985A (Ground station): Command
AVLC type: I sseq: 0 rseq: 0 poll: 0
 X.25 Data: grp: 11 chan: 255 sseq: 1 rseq: 1 more: 0
  X.25 reasm status: skipped
  X.233 CLNP Data (compressed header):
   LRef: 0x41 Prio: 11 Flags: 0xc0
   Lifetime: 50.0 sec
   PDU Id: 0x789
   X.224 COTP Data:
    dst_ref: 0xa3fa
    sseq: 5 req_of_ack: 0 EoT: 1
    COTP reasm status: skipped
    Checksum: 13 fb
    CPDLC Downlink Message:
     Header:
      Msg ID: 5
      Msg Ref: 6
      Timestamp: 2024-12-20 23:01:48
      Logical ACK: notRequired
     Message data:
      LOGICAL ACKNOWLEDGMENT

[2024-12-21 00:01:57 CET] [136.725] [-10.7/-31.9 dBFS] [21.3 dB] [3.7 ppm]
4CAE93 (Aircraft, Airborne) -> 11985A (Ground station): Command
AVLC type: I sseq: 2 rseq: 3 poll: 0
 X.25 Data: grp: 11 chan: 255 sseq: 0 rseq: 1 more: 0
  X.25 reasm status: skipped
  X.233 CLNP Data (compressed header):
   LRef: 0x41 Prio: 11 Flags: 0xc0
   Lifetime: 50.0 sec
   PDU Id: 0x819
   X.224 COTP Data Ack:
    dst_ref: 0xa40b
    rseq: 2 credit: 2
    Checksum: 93 da
    Flow control:
     Acked TPDU nr: 2
     Acked subsequence: 0
     Acked credit: 15

[2024-12-21 00:03:19 CET] [136.725] [-10.3/-31.2 dBFS] [21.0 dB] [3.7 ppm]
4CAE93 (Aircraft, Airborne) -> 11985A (Ground station): Command
AVLC type: I sseq: 3 rseq: 3 poll: 0
 ACARS:
  Reassembly: skipped
  Reg: .EI-IKE Flight: FR01QT
  Mode: 2 Label: B9 Blk id: 4 More: 0 Ack: ! Msg num: M30A
  Message:
   /LIPZ.TI2/024LIPZA5801

[2024-12-21 00:03:29 CET] [136.725] [-12.1/-31.1 dBFS] [19.0 dB] [3.8 ppm]
4CAE93 (Aircraft, Airborne) -> 11985A (Ground station): Command
AVLC type: I sseq: 4 rseq: 5 poll: 0
 X.25 Data: grp: 11 chan: 255 sseq: 1 rseq: 2 more: 0
  X.25 reasm status: skipped
  X.233 CLNP Data (compressed header):
   LRef: 0x41 Prio: 11 Flags: 0xc0
   Lifetime: 50.0 sec
   PDU Id: 0x81a
   X.224 COTP Data Ack:
    dst_ref: 0xa40b
    rseq: 2 credit: 2
    Checksum: 93 da
    Flow control:
     Acked TPDU nr: 2
     Acked subsequence: 0
     Acked credit: 15

[2024-12-21 00:03:31 CET] [136.975] [-2.6/-31.3 dBFS] [28.7 dB] [2.5 ppm]
4CA56C (Aircraft, Airborne) -> 10F63A (Ground station): Command
AVLC type: U (XID) P/F: 1
 XID: Handoff Initiation
  Public params:
   Parameter set ID: 8885:1993
   Procedure classes: 00 01
   HDLC options: 20 84 80
  VDL params:
   Parameter set ID: V
   XID sequencing: seq: 7 retry: 0
   Destination airport: LEPA
   Aircraft location: 0.0N 0.0E 0 ft
   Alternate ground stations: 10907A 10985A 10952A 10905A 10984A 109C2A 1099BA 10F60B
   AVLC specific options: 24
   Connection management: 01

[2024-12-21 00:03:40 CET] [136.975] [-3.0/-31.8 dBFS] [28.8 dB] [2.3 ppm]
4CA56C (Aircraft, Airborne) -> 10F63A (Ground station): Command
AVLC type: U (XID) P/F: 1
 XID: Handoff Initiation
  Public params:
   Parameter set ID: 8885:1993
   Procedure classes: 00 01
   HDLC options: 20 84 80
  VDL params:
   Parameter set ID: V
   XID sequencing: seq: 7 retry: 1
   Destination airport: LEPA
   Aircraft location: 0.0N 0.0E 0 ft
   Alternate ground stations: 10907A 10985A 10952A 10905A 10984A 109C2A 1099BA 10F60B
   AVLC specific options: 24
   Connection management: 01

[2024-12-21 00:03:49 CET] [136.975] [-4.4/-31.4 dBFS] [27.0 dB] [2.2 ppm]
4CA56C (Aircraft, Airborne) -> 10F63A (Ground station): Command
AVLC type: U (XID) P/F: 1
 XID: Handoff Initiation
  Public params:
   Parameter set ID: 8885:1993
   Procedure classes: 00 01
   HDLC options: 20 84 80
  VDL params:
   Parameter set ID: V
   XID sequencing: seq: 7 retry: 2
   Destination airport: LEPA
   Aircraft location: 0.0N 0.0E 0 ft
   Alternate ground stations: 10907A 10985A 10952A 10905A 10984A 109C2A 1099BA 10F60B
   AVLC specific options: 24
   Connection management: 01

[2024-12-21 00:03:50 CET] [136.725] [-10.8/-31.1 dBFS] [20.4 dB] [3.5 ppm]
4CAE93 (Aircraft, Airborne) -> 11985A (Ground station): Command
AVLC type: I sseq: 5 rseq: 5 poll: 0
 ACARS:
  Reassembly: skipped
  Reg: .EI-IKE Flight: FR01QT
  Mode: 2 Label: B9 Blk id: 5 More: 0 Ack: ! Msg num: M31A
  Message:
   /LEBL.TI2/024LEBLA93E5

[2024-12-21 00:04:01 CET] [136.975] [-9.3/-31.2 dBFS] [21.9 dB] [2.4 ppm]
4CA56C (Aircraft, Airborne) -> 10F63A (Ground station): Command
AVLC type: U (XID) P/F: 1
 XID: Handoff Initiation
  Public params:
   Parameter set ID: 8885:1993
   Procedure classes: 00 01
   HDLC options: 20 84 80
  VDL params:
   Parameter set ID: V
   XID sequencing: seq: 7 retry: 3
   Destination airport: LEPA
   Aircraft location: 0.0N 0.0E 0 ft
   Alternate ground stations: 10907A 10985A 10952A 10905A 10984A 109C2A 1099BA 10F60B
   AVLC specific options: 24
   Connection management: 01

[2024-12-21 00:04:12 CET] [136.975] [-10.8/-31.8 dBFS] [21.0 dB] [2.5 ppm]
4CA56C (Aircraft, Airborne) -> 10F63A (Ground station): Command
AVLC type: U (XID) P/F: 1
 XID: Handoff Initiation
  Public params:
   Parameter set ID: 8885:1993
   Procedure classes: 00 01
   HDLC options: 20 84 80
  VDL params:
   Parameter set ID: V
   XID sequencing: seq: 7 retry: 4
   Destination airport: LEPA
   Aircraft location: 0.0N 0.0E 0 ft
   Alternate ground stations: 10907A 10985A 10952A 10905A 10984A 109C2A 1099BA 10F60B
   AVLC specific options: 24
   Connection management: 01

[2024-12-21 00:04:22 CET] [136.975] [-10.5/-31.0 dBFS] [20.4 dB] [2.4 ppm]
4CA56C (Aircraft, Airborne) -> 10F63A (Ground station): Command
AVLC type: U (XID) P/F: 1
 XID: Handoff Initiation
  Public params:
   Parameter set ID: 8885:1993
   Procedure classes: 00 01
   HDLC options: 20 84 80
  VDL params:
   Parameter set ID: V
   XID sequencing: seq: 7 retry: 5
   Destination airport: LEPA
   Aircraft location: 0.0N 0.0E 0 ft
   Alternate ground stations: 10907A 10985A 10952A 10905A 10984A 109C2A 1099BA 10F60B
   AVLC specific options: 24
   Connection management: 01

[2024-12-21 00:05:01 CET] [136.725] [-8.5/-31.7 dBFS] [23.3 dB] [3.7 ppm]
4CAE93 (Aircraft, Airborne) -> 11985A (Ground station): Command
AVLC type: I sseq: 0 rseq: 1 poll: 0
 X.25 Data: grp: 11 chan: 255 sseq: 3 rseq: 4 more: 0
  X.25 reasm status: skipped
  X.233 CLNP Data (compressed header):
   LRef: 0x41 Prio: 11 Flags: 0xc0
   Lifetime: 50.0 sec
   PDU Id: 0x81c
   X.224 COTP Data Ack:
    dst_ref: 0xa40b
    rseq: 2 credit: 2
    Checksum: 93 da
    Flow control:
     Acked TPDU nr: 2
     Acked subsequence: 0
     Acked credit: 15

[2024-12-21 00:05:32 CET] [136.775] [-9.9/-31.5 dBFS] [21.6 dB] [3.6 ppm]
4CA961 (Aircraft, Airborne) -> 26E206 (Ground station): Command
AVLC type: I sseq: 6 rseq: 0 poll: 0
 X.25 Data: grp: 11 chan: 254 sseq: 1 rseq: 3 more: 0
  X.25 reasm status: skipped
  X.233 CLNP Data (compressed header):
   LRef: 0x41 Prio: 11 Flags: 0xc0
   Lifetime: 50.0 sec
   PDU Id: 0x6cf
   X.224 COTP Data Ack:
    dst_ref: 0xa40e
    rseq: 2 credit: 2
    Checksum: 84 e6
    Flow control:
     Acked TPDU nr: 2
     Acked subsequence: 0
     Acked credit: 15

