[2025-03-28 00:00:16 CET] [136.975] [-9.5/-31.1 dBFS] [21.6 dB] [0.3 ppm]
345212 (Aircraft, Airborne) -> 10985A (Ground station): Command
AVLC type: U (XID) P/F: 1
 XID: Handoff Initiation
  Public params:
   Parameter set ID: 8885:1993
   Procedure classes: 00 01
   HDLC options: 20 a4 80
  VDL params:
   Parameter set ID: V
   Connection management: 01
   XID sequencing: seq: 5 retry: 0
   AVLC specific options: 25
   Destination airport: LEBL
   Aircraft location: 43.7N 6.4E 33000 ft

[2025-03-28 00:00:17 CET] [136.975] [-9.9/-31.0 dBFS] [21.0 dB] [0.2 ppm]
345212 (Aircraft, Airborne) -> 10985A (Ground station): Command
AVLC type: I sseq: 2 rseq: 3 poll: 0
 X.25 Data: grp: 11 chan: 255 sseq: 0 rseq: 2 more: 0
  X.25 reasm status: skipped
  X.233 CLNP Data (compressed header):
   LRef: 0x40 Prio: 14 Flags: 0xf6
   Lifetime: 20.0 sec
   PDU Id: 0x80
   IDRP Open: seq: 1 ack: 1 credit_offered: 3 credit_avail: 4
    Hold Time: 900 seconds
    Max. PDU size: 3000 octets
    Source RDI: 47 00 27 41 56 4c 47 00 34 52 12	"G.'AVLG.4R."
    RIB Attribute Set:
     RibAtt #0:
      Security:
       Reg ID: 06 04 2b 1b 00 00
    Auth mechanism: simple checksum

[2025-03-28 00:00:18 CET] [136.975] [-9.7/-30.9 dBFS] [21.2 dB] [0.0 ppm]
345212 (Aircraft, Airborne) -> 10985A (Ground station): Command
AVLC type: I sseq: 3 rseq: 5 poll: 0
 X.25 Data: grp: 11 chan: 255 sseq: 1 rseq: 3 more: 0
  X.25 reasm status: skipped
  X.233 CLNP Data (compressed header):
   LRef: 0x40 Prio: 14 Flags: 0xf6
   Lifetime: 20.0 sec
   PDU Id: 0x81
   IDRP Update: seq: 2 ack: 1 credit_offered: 3 credit_avail: 3
    Route:
     ID: 3
     Local preference: 0
    RD path:
     RD_SEQ:
      47 00 27 41 56 4c 47 00 34 52 12	"G.'AVLG.4R."
    RD hop count: 1
    Capacity: 13
    Reachability info:
     Protocol: CLNP
     Prefix length: 88
     Dest. address prefix: 47 00 27 41 56 4c 47 00 34 52 12	"G.'AVLG.4R."

[2025-03-28 00:00:18 CET] [136.975] [-9.7/-30.9 dBFS] [21.2 dB] [0.0 ppm]
345212 (Aircraft, Airborne) -> 10985A (Ground station): Command
AVLC type: I sseq: 4 rseq: 6 poll: 0
 X.25 Data: grp: 11 chan: 255 sseq: 2 rseq: 3 more: 0
  X.25 reasm status: skipped
  X.233 CLNP Data (compressed header):
   LRef: 0x40 Prio: 14 Flags: 0xf6
   Lifetime: 20.0 sec
   PDU Id: 0x82
   IDRP Update: seq: 3 ack: 1 credit_offered: 3 credit_avail: 2
    Route:
     ID: 4
     Local preference: 0
    Security:
     Reg ID: 06 04 2b 1b 00 00
     Info:
      Supported ATSC classes: all
      Subnetwork type:
       Subnet: VDL
       Permitted traffic: all
    RD path:
     RD_SEQ:
      47 00 27 41 56 4c 47 00 34 52 12	"G.'AVLG.4R."
    RD hop count: 1
    Capacity: 13
    Reachability info:
     Protocol: CLNP
     Prefix length: 88
     Dest. address prefix: 47 00 27 41 56 4c 47 00 34 52 12	"G.'AVLG.4R."

[2025-03-28 00:00:43 CET] [136.725] [-7.8/-31.0 dBFS] [23.2 dB] [0.2 ppm]
345212 (Aircraft, Airborne) -> 11985A (Ground station): Command
AVLC type: U (XID) P/F: 1
 XID: Handoff Initiation
  Public params:
   Parameter set ID: 8885:1993
   Procedure classes: 00 01
   HDLC options: 20 a4 80
  VDL params:
   Parameter set ID: V
   Connection management: 01
   XID sequencing: seq: 6 retry: 0
   AVLC specific options: 25
   Destination airport: LEBL
   Aircraft location: 43.6N 6.3E 33000 ft

[2025-03-28 00:00:44 CET] [136.725] [-8.1/-31.2 dBFS] [23.1 dB] [0.1 ppm]
345212 (Aircraft, Airborne) -> 11985A (Ground station): Command
AVLC type: I sseq: 2 rseq: 2 poll: 0
 ACARS:
  Reassembly: skipped
  Reg: .EC-MLM Flight: VY6337
  Mode: 2 Label: SA Blk id: 9 More: 0 Ack: ! Msg num: S89A
  Message:
   0EV230042V
  Media Advisory, version 0:
   Link VHF ACARS established at 23:00:42 UTC
   Available links: VHF ACARS

[2025-03-28 00:02:10 CET] [136.725] [-3.9/-30.5 dBFS] [26.6 dB] [0.0 ppm]
345212 (Aircraft, Airborne) -> 11985A (Ground station): Command
AVLC type: I sseq: 3 rseq: 3 poll: 0
 ACARS:
  Reassembly: skipped
  Reg: .EC-MLM Flight: VY6337
  Mode: 2 Label: 16 Blk id: 0 More: 0 Ack: ! Msg num: M27A
  Message:
   230206,32983,2353, 112,N 43.605 E  6.180,----

[2025-03-28 00:02:46 CET] [136.975] [-6.8/-31.4 dBFS] [24.6 dB] [2.1 ppm]
346111 (Aircraft, Airborne) -> 10907A (Ground station): Command
AVLC type: U (XID) P/F: 1
 XID: Handoff Initiation
  Public params:
   Parameter set ID: 8885:1993
   Procedure classes: 00 01
   HDLC options: 20 a4 80
  VDL params:
   Parameter set ID: V
   Connection management: 01
   XID sequencing: seq: 4 retry: 0
   AVLC specific options: 25
   Destination airport: LEBL
   Aircraft location: 43.0N 5.6E 36000 ft

[2025-03-28 00:02:47 CET] [136.975] [-5.9/-31.2 dBFS] [25.3 dB] [2.2 ppm]
346111 (Aircraft, Airborne) -> 10907A (Ground station): Command
AVLC type: I sseq: 2 rseq: 3 poll: 0
 X.25 Data: grp: 11 chan: 255 sseq: 0 rseq: 2 more: 0
  X.25 reasm status: skipped
  X.233 CLNP Data (compressed header):
   LRef: 0x40 Prio: 14 Flags: 0xf6
   Lifetime: 20.0 sec
   PDU Id: 0x263
   IDRP Open: seq: 1 ack: 1 credit_offered: 3 credit_avail: 4
    Hold Time: 900 seconds
    Max. PDU size: 3000 octets
    Source RDI: 47 00 27 41 56 4c 47 00 34 61 11	"G.'AVLG.4a."
    RIB Attribute Set:
     RibAtt #0:
      Security:
       Reg ID: 06 04 2b 1b 00 00
    Auth mechanism: simple checksum

[2025-03-28 00:02:47 CET] [136.975] [-6.1/-31.0 dBFS] [24.9 dB] [2.2 ppm]
346111 (Aircraft, Airborne) -> 10907A (Ground station): Command
AVLC type: I sseq: 3 rseq: 4 poll: 0
 X.25 Data: grp: 11 chan: 255 sseq: 1 rseq: 3 more: 0
  X.25 reasm status: skipped
  X.233 CLNP Data (compressed header):
   LRef: 0x40 Prio: 14 Flags: 0xf6
   Lifetime: 20.0 sec
   PDU Id: 0x264
   IDRP Update: seq: 2 ack: 1 credit_offered: 3 credit_avail: 3
    Route:
     ID: 9
     Local preference: 0
    RD path:
     RD_SEQ:
      47 00 27 41 56 4c 47 00 34 61 11	"G.'AVLG.4a."
    RD hop count: 1
    Capacity: 13
    Reachability info:
     Protocol: CLNP
     Prefix length: 88
     Dest. address prefix: 47 00 27 41 56 4c 47 00 34 61 11	"G.'AVLG.4a."

[2025-03-28 00:02:47 CET] [136.975] [-6.1/-31.0 dBFS] [24.9 dB] [2.2 ppm]
346111 (Aircraft, Airborne) -> 10907A (Ground station): Command
AVLC type: I sseq: 4 rseq: 4 poll: 0
 X.25 Data: grp: 11 chan: 255 sseq: 2 rseq: 3 more: 0
  X.25 reasm status: skipped
  X.233 CLNP Data (compressed header):
   LRef: 0x40 Prio: 14 Flags: 0xf6
   Lifetime: 20.0 sec
   PDU Id: 0x265
   IDRP Update: seq: 3 ack: 1 credit_offered: 3 credit_avail: 2
    Route:
     ID: 10
     Local preference: 0
    Security:
     Reg ID: 06 04 2b 1b 00 00
     Info:
      Supported ATSC classes: all
      Subnetwork type:
       Subnet: VDL
       Permitted traffic: all
    RD path:
     RD_SEQ:
      47 00 27 41 56 4c 47 00 34 61 11	"G.'AVLG.4a."
    RD hop count: 1
    Capacity: 13
    Reachability info:
     Protocol: CLNP
     Prefix length: 88
     Dest. address prefix: 47 00 27 41 56 4c 47 00 34 61 11	"G.'AVLG.4a."

[2025-03-28 00:03:13 CET] [136.725] [-3.9/-30.7 dBFS] [26.8 dB] [2.0 ppm]
346111 (Aircraft, Airborne) -> 11985A (Ground station): Command
AVLC type: U (XID) P/F: 1
 XID: Handoff Initiation
  Public params:
   Parameter set ID: 8885:1993
   Procedure classes: 00 01
   HDLC options: 20 a4 80
  VDL params:
   Parameter set ID: V
   Connection management: 01
   XID sequencing: seq: 5 retry: 0
   AVLC specific options: 25
   Destination airport: LEBL
   Aircraft location: 43.0N 5.6E 36000 ft

[2025-03-28 00:05:21 CET] [136.725] [0.7/-30.9 dBFS] [31.5 dB] [-0.1 ppm]
345212 (Aircraft, Airborne) -> 11985A (Ground station): Command
AVLC type: I sseq: 5 rseq: 4 poll: 0
 ACARS:
  Reassembly: skipped
  Reg: .EC-MLM Flight: VY6337
  Mode: 2 Label: B9 Blk id: 1 More: 0 Ack: ! Msg num: M28A
  Message:
   /LEBL.TI2/040LEBLA3461

