[2025-05-05 00:00:13 CEST] [136.775] [-8.6/-31.2 dBFS] [22.6 dB] [3.9 ppm]
471EFA (Aircraft, Airborne) -> 233925 (Ground station): Command
AVLC type: I sseq: 1 rseq: 5 poll: 0
 X.25 Data: grp: 11 chan: 255 sseq: 5 rseq: 1 more: 0
  X.25 reasm status: skipped
  X.233 CLNP Data (compressed header):
   LRef: 0x45 Prio: 11 Flags: 0xf6
   Lifetime: 20.0 sec
   PDU Id: 0x137
   X.224 COTP Data Ack:
    dst_ref: 0x53b2
    rseq: 5 credit: 3
    Flow control:
     Acked TPDU nr: 5
     Acked subsequence: 0
     Acked credit: 15
    ATN checksum: 11 7c a0 bb

[2025-05-05 00:00:15 CEST] [136.725] [-7.7/-31.6 dBFS] [23.9 dB] [3.0 ppm]
440191 (Aircraft, Airborne) -> 11984A (Ground station): Command
AVLC type: I sseq: 2 rseq: 6 poll: 0
 X.25 Data: grp: 11 chan: 255 sseq: 2 rseq: 6 more: 0
  X.25 reasm status: skipped
  X.233 CLNP Data (compressed header):
   LRef: 0x45 Prio: 11 Flags: 0xf6
   Lifetime: 20.0 sec
   PDU Id: 0x204
   X.224 COTP Data Ack:
    dst_ref: 0x539c
    rseq: 4 credit: 3
    Flow control:
     Acked TPDU nr: 4
     Acked subsequence: 0
     Acked credit: 15
    ATN checksum: 94 ee 04 2b

[2025-05-05 00:00:29 CEST] [136.975] [-11.8/-31.3 dBFS] [19.5 dB] [2.5 ppm]
4CA8E7 (Aircraft, Airborne) -> 10F69B (Ground station): Command
AVLC type: I sseq: 1 rseq: 0 poll: 0
 X.25 Data: grp: 11 chan: 255 sseq: 7 rseq: 6 more: 0
  X.25 reasm status: skipped
  X.233 CLNP Data (compressed header):
   LRef: 0x41 Prio: 11 Flags: 0xc0
   Lifetime: 50.0 sec
   PDU Id: 0xb0e
   X.224 COTP Data Ack:
    dst_ref: 0x5396
    rseq: 3 credit: 2
    Checksum: c3 6e
    Flow control:
     Acked TPDU nr: 3
     Acked subsequence: 0
     Acked credit: 15

[2025-05-05 00:00:39 CEST] [136.725] [-12.6/-31.7 dBFS] [19.1 dB] [2.9 ppm]
4071D7 (Aircraft, Airborne) -> 11985A (Ground station): Command
AVLC type: I sseq: 5 rseq: 6 poll: 0
 X.25 Data: grp: 11 chan: 255 sseq: 1 rseq: 3 more: 0
  X.25 reasm status: skipped
  X.233 CLNP Data (compressed header):
   LRef: 0x47 Prio: 11 Flags: 0xf6
   Lifetime: 20.0 sec
   PDU Id: 0x323
   X.224 COTP Data Ack:
    dst_ref: 0x53b6
    rseq: 2 credit: 2
    Flow control:
     Acked TPDU nr: 2
     Acked subsequence: 0
     Acked credit: 15
    ATN checksum: d5 a3 b7 a5

[2025-05-05 00:00:42 CEST] [136.725] [-4.2/-31.0 dBFS] [26.7 dB] [3.0 ppm]
440191 (Aircraft, Airborne) -> 11984A (Ground station): Command
AVLC type: I sseq: 3 rseq: 7 poll: 0
 X.25 Data: grp: 11 chan: 255 sseq: 3 rseq: 7 more: 0
  X.25 reasm status: skipped
  X.233 CLNP Data (compressed header):
   LRef: 0x45 Prio: 11 Flags: 0xf6
   Lifetime: 20.0 sec
   PDU Id: 0x205
   X.224 COTP Data Ack:
    dst_ref: 0x539c
    rseq: 5 credit: 3
    ATN checksum: 30 2f 30 d3
   X.224 COTP Data:
    dst_ref: 0x539c
    sseq: 4 req_of_ack: 0 EoT: 1
    COTP reasm status: skipped
    ATN checksum: b8 8f 0a 0b
    CPDLC Downlink Message:
     Header:
      Msg ID: 4
      Msg Ref: 5
      Timestamp: 2025-05-04 22:00:41
      Logical ACK: notRequired
     Message data:
      LOGICAL ACKNOWLEDGMENT

[2025-05-05 00:00:42 CEST] [136.775] [-10.7/-31.2 dBFS] [20.5 dB] [4.0 ppm]
471EFA (Aircraft, Airborne) -> 233925 (Ground station): Command
AVLC type: I sseq: 2 rseq: 6 poll: 0
 X.25 Data: grp: 11 chan: 255 sseq: 6 rseq: 2 more: 0
  X.25 reasm status: skipped
  X.233 CLNP Data (compressed header):
   LRef: 0x47 Prio: 11 Flags: 0xf6
   Lifetime: 20.0 sec
   PDU Id: 0x138
   X.224 COTP Data Ack:
    dst_ref: 0x8761
    rseq: 0 credit: 1
    Flow control:
     Acked TPDU nr: 0
     Acked subsequence: 0
     Acked credit: 1
    ATN checksum: 91 12 72 15

[2025-05-05 00:00:43 CEST] [136.775] [-6.0/-31.1 dBFS] [25.1 dB] [-1.4 ppm]
39CEB5 (Aircraft, Airborne) -> 233925 (Ground station): Command
AVLC type: I sseq: 6 rseq: 7 poll: 0
 X.25 Data: grp: 11 chan: 255 sseq: 1 rseq: 3 more: 0
  X.25 reasm status: skipped
  X.233 CLNP Data (compressed header):
   LRef: 0x41 Prio: 11 Flags: 0xc0
   Lifetime: 50.0 sec
   PDU Id: 0x564
   X.224 COTP Data Ack:
    dst_ref: 0x5378
    rseq: 4 credit: 3
    Checksum: 55 f7
    Flow control:
     Acked TPDU nr: 4
     Acked subsequence: 0
     Acked credit: 15

[2025-05-05 00:00:45 CEST] [136.775] [-9.3/-31.0 dBFS] [21.7 dB] [4.0 ppm]
471EFA (Aircraft, Airborne) -> 233925 (Ground station): Command
AVLC type: I sseq: 2 rseq: 6 poll: 0
 X.25 Data: grp: 11 chan: 255 sseq: 6 rseq: 2 more: 0
  X.25 reasm status: skipped
  X.233 CLNP Data (compressed header):
   LRef: 0x47 Prio: 11 Flags: 0xf6
   Lifetime: 20.0 sec
   PDU Id: 0x138
   X.224 COTP Data Ack:
    dst_ref: 0x8761
    rseq: 0 credit: 1
    Flow control:
     Acked TPDU nr: 0
     Acked subsequence: 0
     Acked credit: 1
    ATN checksum: 91 12 72 15

[2025-05-05 00:00:46 CEST] [136.725] [-4.8/-31.3 dBFS] [26.5 dB] [3.1 ppm]
440191 (Aircraft, Airborne) -> 11984A (Ground station): Command
AVLC type: I sseq: 4 rseq: 0 poll: 0
 X.25 Data: grp: 11 chan: 255 sseq: 4 rseq: 0 more: 0
  X.25 reasm status: skipped
  X.233 CLNP Data (compressed header):
   LRef: 0x45 Prio: 11 Flags: 0xf6
   Lifetime: 20.0 sec
   PDU Id: 0x206
   X.224 COTP Data:
    dst_ref: 0x539c
    sseq: 5 req_of_ack: 0 EoT: 1
    COTP reasm status: skipped
    ATN checksum: 91 2e 8a 12
    CPDLC Downlink Message:
     Header:
      Msg ID: 5
      Msg Ref: 5
      Timestamp: 2025-05-04 22:00:45
      Logical ACK: required
     Message data:
      WILCO

[2025-05-05 00:00:47 CEST] [136.725] [-3.9/-31.5 dBFS] [27.6 dB] [2.9 ppm]
440191 (Aircraft, Airborne) -> 11984A (Ground station): Command
AVLC type: I sseq: 5 rseq: 2 poll: 0
 X.25 Data: grp: 11 chan: 255 sseq: 5 rseq: 2 more: 0
  X.25 reasm status: skipped
  X.233 CLNP Data (compressed header):
   LRef: 0x45 Prio: 11 Flags: 0xf6
   Lifetime: 20.0 sec
   PDU Id: 0x207
   X.224 COTP Data Ack:
    dst_ref: 0x539c
    rseq: 6 credit: 3
    ATN checksum: 85 fb 62 7e

[2025-05-05 00:00:51 CEST] [136.675] [-13.7/-32.0 dBFS] [18.3 dB] [4.1 ppm]
440219 (Aircraft, Airborne) -> 12957A (Ground station): Command
AVLC type: I sseq: 6 rseq: 3 poll: 0
 ACARS:
  Reassembly: skipped
  Reg: .OE-IZJ Flight: EC189C
  Mode: 2 Label: B9 Blk id: 5 More: 0 Ack: ! Msg num: M59A
  Message:
   /LFMN.TI2/040LFMNAE5EE

[2025-05-05 00:00:54 CEST] [136.675] [-13.6/-31.3 dBFS] [17.7 dB] [3.7 ppm]
440219 (Aircraft, Airborne) -> 12957A (Ground station): Command
AVLC type: I sseq: 6 rseq: 3 poll: 0
 ACARS:
  Reassembly: skipped
  Reg: .OE-IZJ Flight: EC189C
  Mode: 2 Label: B9 Blk id: 5 More: 0 Ack: ! Msg num: M59A
  Message:
   /LFMN.TI2/040LFMNAE5EE

[2025-05-05 00:00:56 CEST] [136.725] [-0.4/-31.5 dBFS] [31.1 dB] [4.1 ppm]
4D2256 (Aircraft, Airborne) -> 11984A (Ground station): Command
AVLC type: I sseq: 4 rseq: 5 poll: 0
 X.25 Data: grp: 11 chan: 255 sseq: 1 rseq: 2 more: 0
  X.25 reasm status: skipped
  X.233 CLNP Data (compressed header):
   LRef: 0x41 Prio: 11 Flags: 0xc0
   Lifetime: 50.0 sec
   PDU Id: 0x1f94
   X.224 COTP Data Ack:
    dst_ref: 0x5398
    rseq: 6 credit: 3
    Checksum: b8 70
    Flow control:
     Acked TPDU nr: 6
     Acked subsequence: 0
     Acked credit: 15

[2025-05-05 00:00:57 CEST] [136.725] [-1.9/-31.2 dBFS] [29.3 dB] [1.7 ppm]
4402E8 (Aircraft, Airborne) -> 11984A (Ground station): Response
AVLC type: U (XID) P/F: 1
 XID: Handoff Response
  Public params:
   Parameter set ID: 8885:1993
   Procedure classes: 00 01
   HDLC options: 20 a4 80
  VDL params:
   Parameter set ID: V
   Connection management: 01
   XID sequencing: seq: 4 retry: 0
   AVLC specific options: 25
   Destination airport: LFLL
   Aircraft location: 43.5N 4.7E 33000 ft

[2025-05-05 00:01:07 CEST] [136.975] [-7.7/-31.3 dBFS] [23.5 dB] [2.3 ppm]
4CA8E7 (Aircraft, Airborne) -> 10F69B (Ground station): Command
AVLC type: I sseq: 2 rseq: 1 poll: 0
 X.25 Data: grp: 11 chan: 255 sseq: 0 rseq: 7 more: 0
  X.25 reasm status: skipped
  X.233 CLNP Data (compressed header):
   LRef: 0x42 Prio: 11 Flags: 0xc0
   Lifetime: 50.0 sec
   PDU Id: 0xb0f
   X.224 COTP Data Ack:
    dst_ref: 0x4db2
    rseq: 0 credit: 1
    Checksum: 2a fd
    Flow control:
     Acked TPDU nr: 0
     Acked subsequence: 0
     Acked credit: 10

[2025-05-05 00:01:37 CEST] [136.675] [-14.7/-31.8 dBFS] [17.0 dB] [4.0 ppm]
440219 (Aircraft, Airborne) -> 12957A (Ground station): Command
AVLC type: I sseq: 6 rseq: 2 poll: 0
 ACARS:
  Reassembly: skipped
  Reg: .OE-IZJ Flight: EC189C
  Mode: 2 Label: H1 Blk id: 3 More: 0 Ack: ! Msg num: F39A
  Sublabel: M1
  Message:
   RESREQ/AK,1158AF6

[2025-05-05 00:01:43 CEST] [136.975] [-11.6/-31.4 dBFS] [19.8 dB] [2.4 ppm]
4CA8E7 (Aircraft, Airborne) -> 10F69B (Ground station): Command
AVLC type: I sseq: 3 rseq: 1 poll: 0
 ACARS:
  Reassembly: skipped
  Reg: .EI-ENV Flight: FR73QU
  Mode: 2 Label: 16 Blk id: 5 More: 0 Ack: ! Msg num: M08A
  Message:
   220141,,2242, 113,N   .    MMMM.MMM

[2025-05-05 00:01:45 CEST] [136.775] [-9.2/-31.2 dBFS] [22.0 dB] [3.8 ppm]
471EFA (Aircraft, Airborne) -> 233925 (Ground station): Command
AVLC type: I sseq: 4 rseq: 0 poll: 0
 X.25 Data: grp: 11 chan: 255 sseq: 0 rseq: 3 more: 0
  X.25 reasm status: skipped
  X.233 CLNP Data (compressed header):
   LRef: 0x45 Prio: 11 Flags: 0xf6
   Lifetime: 20.0 sec
   PDU Id: 0x13a
   X.224 COTP Data Ack:
    dst_ref: 0x53b2
    rseq: 5 credit: 3
    Flow control:
     Acked TPDU nr: 5
     Acked subsequence: 0
     Acked credit: 15
    ATN checksum: 11 7c a0 bb

[2025-05-05 00:01:49 CEST] [136.725] [-5.8/-31.8 dBFS] [25.9 dB] [3.1 ppm]
440191 (Aircraft, Airborne) -> 11984A (Ground station): Command
AVLC type: I sseq: 6 rseq: 3 poll: 0
 X.25 Data: grp: 11 chan: 255 sseq: 6 rseq: 3 more: 0
  X.25 reasm status: skipped
  X.233 CLNP Data (compressed header):
   LRef: 0x45 Prio: 11 Flags: 0xf6
   Lifetime: 20.0 sec
   PDU Id: 0x208
   X.224 COTP Data Ack:
    dst_ref: 0x539c
    rseq: 7 credit: 3
    ATN checksum: da c8 94 29
   X.224 COTP Data:
    dst_ref: 0x539c
    sseq: 6 req_of_ack: 0 EoT: 1
    COTP reasm status: skipped
    ATN checksum: 2b 3e 26 cb
    CPDLC Downlink Message:
     Header:
      Msg ID: 6
      Msg Ref: 7
      Timestamp: 2025-05-04 22:01:49
      Logical ACK: notRequired
     Message data:
      LOGICAL ACKNOWLEDGMENT

[2025-05-05 00:01:51 CEST] [136.975] [-12.6/-31.5 dBFS] [18.9 dB] [2.4 ppm]
4CA8E7 (Aircraft, Airborne) -> 10F69B (Ground station): Command
AVLC type: I sseq: 4 rseq: 4 poll: 0
 X.25 Data: grp: 11 chan: 255 sseq: 1 rseq: 1 more: 0
  X.25 reasm status: skipped
  X.233 CLNP Data (compressed header):
   LRef: 0x43 Prio: 11 Flags: 0xc0
   Lifetime: 50.0 sec
   PDU Id: 0xb10
   X.224 COTP Connect Confirm:
    src_ref: 0x0019 dst_ref: 0x8764
    Initial Credit: 1
    Protocol class: 4
    Options: 00 (use normal PDU formats)
    Calling transport selector: 70 6d
    Called/responding transport selector: 02 02
    TPDU size (bytes): 1024
    Checksum: aa 86
    Additional options: 0x00
    Ack time (ms): 1000
    Priority: 3
    Inactivity timer (ms): 360000
    X.225 Session SPDU: Short Refuse
     Refusal: transient
     Transport connection: release
     X.227 ACSE Associate Response:
      Application context name: { 1.3.27.3.1 }
      Associate result: reject (permanent)
      CPDLC Downlink Message:
       Header:
        Msg ID: 1
        Timestamp: 2025-05-04 22:01:49
        Logical ACK: notRequired
       Message data:
        NOT AUTHORIZED NEXT DATA AUTHORITY

[2025-05-05 00:01:52 CEST] [136.975] [-10.7/-31.8 dBFS] [21.1 dB] [2.2 ppm]
4CA8E7 (Aircraft, Airborne) -> 10F69B (Ground station): Command
AVLC type: I sseq: 5 rseq: 6 poll: 0
 X.25 Data: grp: 11 chan: 255 sseq: 2 rseq: 3 more: 0
  X.25 reasm status: skipped
  X.233 CLNP Data (compressed header):
   LRef: 0x43 Prio: 11 Flags: 0xc0
   Lifetime: 50.0 sec
   PDU Id: 0xb11
   X.224 COTP Disconnect Confirm:
    src_ref: 0x0019 dst_ref: 0x8764
    Checksum: e5 85

[2025-05-05 00:01:53 CEST] [136.725] [-12.2/-31.1 dBFS] [18.9 dB] [0.3 ppm]
345207 (Aircraft, Airborne) -> 11985A (Ground station): Command
AVLC type: I sseq: 7 rseq: 4 poll: 0
 X.25 Data: grp: 11 chan: 255 sseq: 7 rseq: 4 more: 0
  X.25 reasm status: skipped
  X.233 CLNP Data (compressed header):
   LRef: 0x43 Prio: 11 Flags: 0xf6
   Lifetime: 20.0 sec
   PDU Id: 0x73
   X.224 COTP Data Ack:
    dst_ref: 0x8763
    rseq: 0 credit: 1
    ATN checksum: 3d 18 69 fe

[2025-05-05 00:01:53 CEST] [136.725] [-13.1/-31.1 dBFS] [18.1 dB] [0.5 ppm]
345207 (Aircraft, Airborne) -> 11985A (Ground station): Command
AVLC type: I sseq: 0 rseq: 5 poll: 0
 X.25 Data: grp: 11 chan: 255 sseq: 0 rseq: 5 more: 0
  X.25 reasm status: skipped
  X.233 CLNP Data (compressed header):
   LRef: 0x43 Prio: 11 Flags: 0xf6
   Lifetime: 20.0 sec
   PDU Id: 0x74
   X.224 COTP Data Ack:
    dst_ref: 0x8763
    rseq: 0 credit: 1
    Flow control:
     Acked TPDU nr: 0
     Acked subsequence: 0
     Acked credit: 1
    ATN checksum: 97 7b 0a 01

[2025-05-05 00:01:55 CEST] [136.725] [-4.7/-31.4 dBFS] [26.7 dB] [3.2 ppm]
440191 (Aircraft, Airborne) -> 11984A (Ground station): Command
AVLC type: I sseq: 7 rseq: 4 poll: 0
 X.25 Data: grp: 11 chan: 255 sseq: 7 rseq: 4 more: 0
  X.25 reasm status: skipped
  X.233 CLNP Data (compressed header):
   LRef: 0x45 Prio: 11 Flags: 0xf6
   Lifetime: 20.0 sec
   PDU Id: 0x209
   X.224 COTP Data:
    dst_ref: 0x539c
    sseq: 7 req_of_ack: 0 EoT: 1
    COTP reasm status: skipped
    ATN checksum: a4 a2 b4 5e
    CPDLC Downlink Message:
     Header:
      Msg ID: 7
      Msg Ref: 7
      Timestamp: 2025-05-04 22:01:54
      Logical ACK: required
     Message data:
      WILCO

[2025-05-05 00:01:56 CEST] [136.725] [-5.0/-31.5 dBFS] [26.5 dB] [3.2 ppm]
440191 (Aircraft, Airborne) -> 11984A (Ground station): Command
AVLC type: I sseq: 0 rseq: 6 poll: 0
 X.25 Data: grp: 11 chan: 255 sseq: 0 rseq: 6 more: 0
  X.25 reasm status: skipped
  X.233 CLNP Data (compressed header):
   LRef: 0x45 Prio: 11 Flags: 0xf6
   Lifetime: 20.0 sec
   PDU Id: 0x20a
   X.224 COTP Data Ack:
    dst_ref: 0x539c
    rseq: 8 credit: 3
    ATN checksum: 30 95 c6 d3

[2025-05-05 00:02:01 CEST] [136.975] [-11.8/-31.7 dBFS] [19.9 dB] [2.3 ppm]
4CA8E7 (Aircraft, Airborne) -> 10F69B (Ground station): Command
AVLC type: I sseq: 6 rseq: 7 poll: 0
 X.25 Data: grp: 11 chan: 255 sseq: 3 rseq: 4 more: 0
  X.25 reasm status: skipped
  X.233 CLNP Data (compressed header):
   LRef: 0x41 Prio: 11 Flags: 0xc0
   Lifetime: 50.0 sec
   PDU Id: 0xb12
   X.224 COTP Data Ack:
    dst_ref: 0x5396
    rseq: 3 credit: 2
    Checksum: c3 6e
    Flow control:
     Acked TPDU nr: 3
     Acked subsequence: 0
     Acked credit: 15

[2025-05-05 00:02:04 CEST] [136.675] [-11.2/-32.1 dBFS] [20.9 dB] [1.8 ppm]
4CA9D4 (Aircraft, Airborne) -> 12957A (Ground station): Command
AVLC type: I sseq: 1 rseq: 2 poll: 0
 X.25 Data: grp: 11 chan: 255 sseq: 6 rseq: 7 more: 0
  X.25 reasm status: skipped
  X.233 CLNP Data (compressed header):
   LRef: 0x42 Prio: 11 Flags: 0xc0
   Lifetime: 50.0 sec
   PDU Id: 0xcc6
   X.224 COTP Data Ack:
    dst_ref: 0x4db1
    rseq: 3 credit: 2
    Checksum: 2e f3
    Flow control:
     Acked TPDU nr: 3
     Acked subsequence: 0
     Acked credit: 10

[2025-05-05 00:02:09 CEST] [136.975] [-11.1/-31.3 dBFS] [20.2 dB] [2.6 ppm]
4071D7 (Aircraft, Airborne) -> 10984A (Ground station): Command
AVLC type: U (XID) P/F: 1
 XID: Handoff Initiation
  Public params:
   Parameter set ID: 8885:1993
   Procedure classes: 00 01
   HDLC options: 20 a4 80
  VDL params:
   Parameter set ID: V
   Connection management: 01
   XID sequencing: seq: 2 retry: 0
   AVLC specific options: 25
   Destination airport: EGGW
   Aircraft location: 44.6N 6.3E 30000 ft

[2025-05-05 00:02:11 CEST] [136.975] [-10.6/-31.6 dBFS] [21.0 dB] [2.5 ppm]
4071D7 (Aircraft, Airborne) -> 10984A (Ground station): Command
AVLC type: I sseq: 2 rseq: 2 poll: 0
 ACARS:
  Reassembly: skipped
  Reg: .G-EZPV Flight: U247VT
  Mode: 2 Label: SA Blk id: 4 More: 0 Ack: ! Msg num: S53A
  Message:
   0EV220209V
  Media Advisory, version 0:
   Link VHF ACARS established at 22:02:09 UTC
   Available links: VHF ACARS

[2025-05-05 00:02:12 CEST] [136.975] [-11.2/-31.3 dBFS] [20.1 dB] [2.7 ppm]
4071D7 (Aircraft, Airborne) -> 10984A (Ground station): Command
AVLC type: I sseq: 3 rseq: 3 poll: 0
 X.25 Data: grp: 11 chan: 255 sseq: 0 rseq: 1 more: 0
  X.25 reasm status: skipped
  X.233 CLNP Data (compressed header):
   LRef: 0x47 Prio: 11 Flags: 0xf6
   Lifetime: 20.0 sec
   PDU Id: 0x324
   X.224 COTP Data Ack:
    dst_ref: 0x53b6
    rseq: 2 credit: 2
    Flow control:
     Acked TPDU nr: 2
     Acked subsequence: 0
     Acked credit: 15
    ATN checksum: d5 a3 b7 a5

[2025-05-05 00:02:13 CEST] [136.975] [-14.3/-31.6 dBFS] [17.3 dB] [2.6 ppm]
4CA8E7 (Aircraft, Airborne) -> 10F69B (Ground station): Command
AVLC type: I sseq: 7 rseq: 1 poll: 0
 X.25 Data: grp: 11 chan: 255 sseq: 4 rseq: 6 more: 0
  X.25 reasm status: skipped
  X.233 CLNP Data (compressed header):
   LRef: 0x42 Prio: 11 Flags: 0xc0
   Lifetime: 50.0 sec
   PDU Id: 0xb13
   X.224 COTP Data Ack:
    dst_ref: 0x4db2
    rseq: 0 credit: 1
    Checksum: 2a fd
    Flow control:
     Acked TPDU nr: 0
     Acked subsequence: 0
     Acked credit: 10

[2025-05-05 00:02:14 CEST] [136.975] [-14.2/-31.1 dBFS] [16.9 dB] [2.2 ppm]
4CA8E7 (Aircraft, Airborne) -> 10F69B (Ground station): Command
AVLC type: I sseq: 2 rseq: 1 poll: 1
 X.25 Data: grp: 11 chan: 255 sseq: 7 rseq: 6 more: 0
  X.25 reasm status: skipped
  X.233 CLNP Data (compressed header):
   LRef: 0x42 Prio: 11 Flags: 0xc0
   Lifetime: 50.0 sec
   PDU Id: 0xb16
   X.224 COTP Data:
    dst_ref: 0x4db2
    sseq: 0 req_of_ack: 0 EoT: 1
    COTP reasm status: skipped
    Checksum: 8b 64
    X.227 ACSE Abort:
     Source: user
     Cause: no-reason-given
     CPDLC User Abort Reason: no-longer-next-data-authority

[2025-05-05 00:02:14 CEST] [136.775] [-14.6/-31.3 dBFS] [16.7 dB] [-2.1 ppm]
39CEB5 (Aircraft, Airborne) -> 233925 (Ground station): Command
AVLC type: I sseq: 0 rseq: 1 poll: 0
 X.25 Data: grp: 11 chan: 255 sseq: 3 rseq: 4 more: 0
  X.25 reasm status: skipped
  X.233 CLNP Data (compressed header):
   LRef: 0x41 Prio: 11 Flags: 0xc0
   Lifetime: 50.0 sec
   PDU Id: 0x566
   X.224 COTP Data Ack:
    dst_ref: 0x5378
    rseq: 4 credit: 3
    Checksum: 55 f7
    Flow control:
     Acked TPDU nr: 4
     Acked subsequence: 0
     Acked credit: 15

[2025-05-05 00:02:16 CEST] [136.975] [-12.6/-31.4 dBFS] [18.8 dB] [2.5 ppm]
4CA8E7 (Aircraft, Airborne) -> 10F69B (Ground station): Command
AVLC type: I sseq: 4 rseq: 5 poll: 0
 X.25 Data: grp: 11 chan: 255 sseq: 0 rseq: 2 more: 0
  X.25 reasm status: skipped
  X.233 CLNP Data (compressed header):
   LRef: 0x42 Prio: 11 Flags: 0xc0
   Lifetime: 50.0 sec
   PDU Id: 0xb17
   X.224 COTP Disconnect Confirm:
    src_ref: 0x0018 dst_ref: 0x4db2
    Checksum: ab ac

[2025-05-05 00:02:17 CEST] [136.975] [-12.7/-31.4 dBFS] [18.7 dB] [2.6 ppm]
4CA8E7 (Aircraft, Airborne) -> 10F69B (Ground station): Command
AVLC type: I sseq: 5 rseq: 5 poll: 0
 X.25 Data: grp: 11 chan: 255 sseq: 1 rseq: 2 more: 0
  X.25 reasm status: skipped
  X.233 CLNP Data (compressed header):
   LRef: 0x43 Prio: 11 Flags: 0xc0
   Lifetime: 50.0 sec
   PDU Id: 0xb18
   X.224 COTP Connect Confirm:
    src_ref: 0x001a dst_ref: 0x8766
    Initial Credit: 1
    Protocol class: 4
    Options: 00 (use normal PDU formats)
    Calling transport selector: 70 6d
    Called/responding transport selector: 02 02
    TPDU size (bytes): 1024
    Checksum: b2 a1
    Additional options: 0x00
    Ack time (ms): 1000
    Priority: 3
    Inactivity timer (ms): 360000
    X.225 Session SPDU: Short Accept
     X.227 ACSE Associate Response:
      Application context name: { 1.3.27.3.1 }
      Associate result: accept
      ATCDownlinkMessage: <empty PDU>

[2025-05-05 00:02:28 CEST] [136.725] [-6.2/-31.4 dBFS] [25.2 dB] [3.9 ppm]
4D2256 (Aircraft, Airborne) -> 11984A (Ground station): Command
AVLC type: I sseq: 5 rseq: 6 poll: 0
 X.25 Data: grp: 11 chan: 255 sseq: 2 rseq: 3 more: 0
  X.25 reasm status: skipped
  X.233 CLNP Data (compressed header):
   LRef: 0x41 Prio: 11 Flags: 0xc0
   Lifetime: 50.0 sec
   PDU Id: 0x1f95
   X.224 COTP Data Ack:
    dst_ref: 0x5398
    rseq: 6 credit: 3
    Checksum: b8 70
    Flow control:
     Acked TPDU nr: 6
     Acked subsequence: 0
     Acked credit: 15

[2025-05-05 00:02:42 CEST] [136.775] [-10.0/-30.9 dBFS] [20.9 dB] [3.7 ppm]
471EFA (Aircraft, Airborne) -> 233925 (Ground station): Command
AVLC type: I sseq: 5 rseq: 0 poll: 0
 X.25 Data: grp: 11 chan: 255 sseq: 1 rseq: 3 more: 0
  X.25 reasm status: skipped
  X.233 CLNP Data (compressed header):
   LRef: 0x47 Prio: 11 Flags: 0xf6
   Lifetime: 20.0 sec
   PDU Id: 0x13b
   X.224 COTP Data Ack:
    dst_ref: 0x8761
    rseq: 0 credit: 1
    ATN checksum: 7d 59 95 5e

[2025-05-05 00:02:42 CEST] [136.775] [-10.0/-30.9 dBFS] [20.9 dB] [3.7 ppm]
471EFA (Aircraft, Airborne) -> 233925 (Ground station): Command
AVLC type: I sseq: 6 rseq: 1 poll: 0
 X.25 Data: grp: 11 chan: 255 sseq: 2 rseq: 4 more: 0
  X.25 reasm status: skipped
  X.233 CLNP Data (compressed header):
   LRef: 0x47 Prio: 11 Flags: 0xf6
   Lifetime: 20.0 sec
   PDU Id: 0x13c
   X.224 COTP Data Ack:
    dst_ref: 0x8761
    rseq: 0 credit: 1
    Flow control:
     Acked TPDU nr: 0
     Acked subsequence: 0
     Acked credit: 1
    ATN checksum: 91 12 72 15

[2025-05-05 00:02:56 CEST] [136.725] [-11.4/-31.7 dBFS] [20.3 dB] [0.5 ppm]
345207 (Aircraft, Airborne) -> 11985A (Ground station): Command
AVLC type: I sseq: 1 rseq: 7 poll: 0
 X.25 Data: grp: 11 chan: 255 sseq: 1 rseq: 7 more: 0
  X.25 reasm status: skipped
  X.233 CLNP Data (compressed header):
   LRef: 0x42 Prio: 11 Flags: 0xf6
   Lifetime: 20.0 sec
   PDU Id: 0x75
   X.224 COTP Data Ack:
    dst_ref: 0x5399
    rseq: 7 credit: 3
    Flow control:
     Acked TPDU nr: 7
     Acked subsequence: 0
     Acked credit: 15
    ATN checksum: be cf 2c 39

[2025-05-05 00:03:08 CEST] [136.725] [-5.9/-31.6 dBFS] [25.7 dB] [1.3 ppm]
4402E8 (Aircraft, Airborne) -> 11984A (Ground station): Command
AVLC type: I sseq: 3 rseq: 3 poll: 0
 ACARS:
  Reassembly: skipped
  Reg: .OE-INM Flight: EC4384
  Mode: 2 Label: B9 Blk id: 0 More: 0 Ack: ! Msg num: M73A
  Message:
   /LFLL.TI2/040LFLLAB4BC

[2025-05-05 00:03:27 CEST] [136.725] [-3.8/-31.4 dBFS] [27.6 dB] [2.9 ppm]
440191 (Aircraft, Airborne) -> 11984A (Ground station): Command
AVLC type: I sseq: 2 rseq: 0 poll: 0
 X.25 Data: grp: 11 chan: 255 sseq: 2 rseq: 0 more: 0
  X.25 reasm status: skipped
  X.233 CLNP Data (compressed header):
   LRef: 0x45 Prio: 11 Flags: 0xf6
   Lifetime: 20.0 sec
   PDU Id: 0x20c
   X.224 COTP Data Ack:
    dst_ref: 0x539c
    rseq: 8 credit: 3
    Flow control:
     Acked TPDU nr: 8
     Acked subsequence: 0
     Acked credit: 15
    ATN checksum: 80 59 91 3f

[2025-05-05 00:03:41 CEST] [136.775] [-13.0/-31.2 dBFS] [18.2 dB] [3.8 ppm]
471EFA (Aircraft, Airborne) -> 233925 (Ground station): Command
AVLC type: I sseq: 3 rseq: 7 poll: 0
 X.25 Data: grp: 11 chan: 255 sseq: 5 rseq: 0 more: 0
  X.25 reasm status: skipped
  X.233 CLNP Data (compressed header):
   LRef: 0x45 Prio: 11 Flags: 0xf6
   Lifetime: 20.0 sec
   PDU Id: 0x13f
   X.224 COTP Data:
    dst_ref: 0x53b2
    sseq: 6 req_of_ack: 0 EoT: 1
    COTP reasm status: skipped
    ATN checksum: 0e 8b cd 9c
    X.227 ACSE Release Response:
     Reason: normal
     CPDLC Downlink Message:
      Header:
       Msg ID: 6
       Msg Ref: 7
       Timestamp: 2025-05-04 22:03:40
       Logical ACK: notRequired
      Message data:
       WILCO

[2025-05-05 00:03:42 CEST] [136.775] [-12.9/-31.2 dBFS] [18.4 dB] [4.0 ppm]
471EFA (Aircraft, Airborne) -> 233925 (Ground station): Command
AVLC type: I sseq: 4 rseq: 7 poll: 0
 X.25 Data: grp: 11 chan: 255 sseq: 6 rseq: 0 more: 0
  X.25 reasm status: skipped
  X.233 CLNP Data (compressed header):
   LRef: 0x47 Prio: 11 Flags: 0xf6
   Lifetime: 20.0 sec
   PDU Id: 0x140
   X.224 COTP Data:
    dst_ref: 0x8761
    sseq: 0 req_of_ack: 0 EoT: 1
    COTP reasm status: skipped
    ATN checksum: 6a ce d5 f7
    CPDLC Downlink Message:
     Header:
      Msg ID: 0
      Timestamp: 2025-05-04 22:03:40
      Logical ACK: required
     Message data:
      CURRENT DATA AUTHORITY

[2025-05-05 00:03:42 CEST] [136.775] [-12.8/-30.8 dBFS] [18.1 dB] [3.9 ppm]
471EFA (Aircraft, Airborne) -> 233925 (Ground station): Command
AVLC type: I sseq: 6 rseq: 2 poll: 0
 X.25 Data: grp: 11 chan: 255 sseq: 7 rseq: 2 more: 0
  X.25 reasm status: skipped
  X.233 CLNP Data (compressed header):
   LRef: 0x45 Prio: 11 Flags: 0xf6
   Lifetime: 20.0 sec
   PDU Id: 0x141
   X.224 COTP Disconnect Confirm:
    src_ref: 0x003b dst_ref: 0x53b2
    ATN checksum: af ef 94 d3

[2025-05-05 00:03:42 CEST] [136.675] [-12.8/-32.1 dBFS] [19.3 dB] [3.9 ppm]
440219 (Aircraft, Airborne) -> 12957A (Ground station): Command
AVLC type: I sseq: 7 rseq: 4 poll: 0
 X.25 Data: grp: 11 chan: 255 sseq: 5 rseq: 3 more: 0
  X.25 reasm status: skipped
  X.233 CLNP Data (compressed header):
   LRef: 0x42 Prio: 11 Flags: 0xf6
   Lifetime: 20.0 sec
   PDU Id: 0x1a8
   X.224 COTP Data:
    dst_ref: 0x53ae
    sseq: 3 req_of_ack: 0 EoT: 1
    COTP reasm status: skipped
    ATN checksum: da db 77 e2
    CPDLC Downlink Message:
     Header:
      Msg ID: 3
      Msg Ref: 3
      Timestamp: 2025-05-04 22:03:42
      Logical ACK: required
     Message data:
      WILCO

[2025-05-05 00:03:44 CEST] [136.975] [-8.2/-31.4 dBFS] [23.2 dB] [2.4 ppm]
4071D7 (Aircraft, Airborne) -> 10984A (Ground station): Command
AVLC type: I sseq: 4 rseq: 5 poll: 0
 X.25 Data: grp: 11 chan: 255 sseq: 1 rseq: 2 more: 0
  X.25 reasm status: skipped
  X.233 CLNP Data (compressed header):
   LRef: 0x47 Prio: 11 Flags: 0xf6
   Lifetime: 20.0 sec
   PDU Id: 0x325
   X.224 COTP Data Ack:
    dst_ref: 0x53b6
    rseq: 2 credit: 2
    Flow control:
     Acked TPDU nr: 2
     Acked subsequence: 0
     Acked credit: 15
    ATN checksum: d5 a3 b7 a5

[2025-05-05 00:03:44 CEST] [136.675] [-12.8/-31.7 dBFS] [18.9 dB] [3.9 ppm]
440219 (Aircraft, Airborne) -> 12957A (Ground station): Command
AVLC type: I sseq: 0 rseq: 6 poll: 0
 X.25 Data: grp: 11 chan: 255 sseq: 6 rseq: 5 more: 0
  X.25 reasm status: skipped
  X.233 CLNP Data (compressed header):
   LRef: 0x42 Prio: 11 Flags: 0xf6
   Lifetime: 20.0 sec
   PDU Id: 0x1a9
   X.224 COTP Data Ack:
    dst_ref: 0x53ae
    rseq: 4 credit: 3
    ATN checksum: 6a c7 d6 c0

[2025-05-05 00:03:44 CEST] [136.775] [-13.6/-31.2 dBFS] [17.6 dB] [3.9 ppm]
471EFA (Aircraft, Airborne) -> 233925 (Ground station): Command
AVLC type: I sseq: 0 rseq: 4 poll: 0
 X.25 Data: grp: 11 chan: 255 sseq: 0 rseq: 4 more: 0
  X.25 reasm status: skipped
  X.233 CLNP Data (compressed header):
   LRef: 0x47 Prio: 11 Flags: 0xf6
   Lifetime: 20.0 sec
   PDU Id: 0x142
   X.224 COTP Data Ack:
    dst_ref: 0x8761
    rseq: 1 credit: 2
    ATN checksum: f0 f8 90 4e

[2025-05-05 00:03:53 CEST] [136.725] [-14.2/-31.1 dBFS] [16.9 dB] [0.3 ppm]
345207 (Aircraft, Airborne) -> 11985A (Ground station): Command
AVLC type: I sseq: 2 rseq: 7 poll: 0
 X.25 Data: grp: 11 chan: 255 sseq: 2 rseq: 7 more: 0
  X.25 reasm status: skipped
  X.233 CLNP Data (compressed header):
   LRef: 0x43 Prio: 11 Flags: 0xf6
   Lifetime: 20.0 sec
   PDU Id: 0x76
   X.224 COTP Data Ack:
    dst_ref: 0x8763
    rseq: 0 credit: 1
    ATN checksum: 3d 18 69 fe

[2025-05-05 00:04:03 CEST] [136.725] [-6.3/-31.4 dBFS] [25.0 dB] [3.6 ppm]
4D2256 (Aircraft, Airborne) -> 11984A (Ground station): Command
AVLC type: I sseq: 6 rseq: 7 poll: 0
 X.25 Data: grp: 11 chan: 255 sseq: 3 rseq: 4 more: 0
  X.25 reasm status: skipped
  X.233 CLNP Data (compressed header):
   LRef: 0x41 Prio: 11 Flags: 0xc0
   Lifetime: 50.0 sec
   PDU Id: 0x1f96
   X.224 COTP Data Ack:
    dst_ref: 0x5398
    rseq: 6 credit: 3
    Checksum: b8 70
    Flow control:
     Acked TPDU nr: 6
     Acked subsequence: 0
     Acked credit: 15

[2025-05-05 00:04:11 CEST] [136.825] [-8.9/-31.0 dBFS] [22.1 dB] [2.7 ppm]
4071D7 (Aircraft, Airborne) -> 12984A (Ground station): Command
AVLC type: U (XID) P/F: 1
 XID: Handoff Initiation
  Public params:
   Parameter set ID: 8885:1993
   Procedure classes: 00 01
   HDLC options: 20 a4 80
  VDL params:
   Parameter set ID: V
   Connection management: 01
   XID sequencing: seq: 3 retry: 0
   AVLC specific options: 25
   Destination airport: EGGW
   Aircraft location: 44.8N 6.1E 32000 ft

[2025-05-05 00:04:12 CEST] [136.725] [-11.2/-31.6 dBFS] [20.4 dB] [5.1 ppm]
4D225E (Aircraft, Airborne) -> 11985A (Ground station): Command
AVLC type: I sseq: 2 rseq: 3 poll: 0
 X.25 Data: grp: 11 chan: 255 sseq: 0 rseq: 1 more: 0
  X.25 reasm status: skipped
  X.233 CLNP Data (compressed header):
   LRef: 0x0 Prio: 11 Flags: 0xc0
   Lifetime: 50.0 sec
   PDU Id: 0xb96
   X.224 COTP Data Ack:
    dst_ref: 0x53c3
    rseq: 2 credit: 2
    Checksum: df 27
    Flow control:
     Acked TPDU nr: 2
     Acked subsequence: 0
     Acked credit: 15

[2025-05-05 00:04:12 CEST] [136.825] [-9.8/-31.0 dBFS] [21.2 dB] [2.6 ppm]
4071D7 (Aircraft, Airborne) -> 12984A (Ground station): Command
AVLC type: I sseq: 2 rseq: 2 poll: 0
 ACARS:
  Reassembly: skipped
  Reg: .G-EZPV Flight: U247VT
  Mode: 2 Label: SA Blk id: 6 More: 0 Ack: ! Msg num: S55A
  Message:
   0EV220411V
  Media Advisory, version 0:
   Link VHF ACARS established at 22:04:11 UTC
   Available links: VHF ACARS

[2025-05-05 00:04:37 CEST] [136.725] [-8.5/-31.5 dBFS] [22.9 dB] [2.5 ppm]
040240 (Aircraft, Airborne) -> 11984A (Ground station): Command
AVLC type: I sseq: 4 rseq: 0 poll: 0
 X.25 Data: grp: 11 chan: 255 sseq: 1 rseq: 5 more: 0
  X.25 reasm status: skipped
  X.233 CLNP Data (compressed header):
   LRef: 0x44 Prio: 11 Flags: 0xf6
   Lifetime: 32.0 sec
   PDU Id: 0x138
   X.224 COTP Data Ack:
    dst_ref: 0x53a0
    rseq: 4 credit: 3
    Flow control:
     Acked TPDU nr: 4
     Acked subsequence: 0
     Acked credit: 15
    ATN checksum: ce 16 8b 81

[2025-05-05 00:04:55 CEST] [136.725] [0.1/-31.4 dBFS] [31.4 dB] [3.2 ppm]
4D2256 (Aircraft, Airborne) -> 11984A (Ground station): Command
AVLC type: I sseq: 0 rseq: 0 poll: 0
 ACARS:
  Reassembly: skipped
  Reg: .9H-QBD Flight: FR466M
  Mode: 2 Label: B9 Blk id: 5 More: 0 Ack: ! Msg num: M16A
  Message:
   /LEPA.TI2/024LEPAAC8BA

[2025-05-05 00:04:59 CEST] [136.725] [-6.2/-31.4 dBFS] [25.2 dB] [2.8 ppm]
440191 (Aircraft, Airborne) -> 11984A (Ground station): Command
AVLC type: I sseq: 3 rseq: 1 poll: 0
 X.25 Data: grp: 11 chan: 255 sseq: 3 rseq: 1 more: 0
  X.25 reasm status: skipped
  X.233 CLNP Data (compressed header):
   LRef: 0x45 Prio: 11 Flags: 0xf6
   Lifetime: 20.0 sec
   PDU Id: 0x20d
   X.224 COTP Data Ack:
    dst_ref: 0x539c
    rseq: 8 credit: 3
    Flow control:
     Acked TPDU nr: 8
     Acked subsequence: 0
     Acked credit: 15
    ATN checksum: 80 59 91 3f

[2025-05-05 00:05:02 CEST] [136.725] [-6.0/-31.0 dBFS] [25.0 dB] [2.8 ppm]
440191 (Aircraft, Airborne) -> 11985A (Ground station): Response
AVLC type: U (XID) P/F: 1
 XID: Handoff Response
  Public params:
   Parameter set ID: 8885:1993
   Procedure classes: 00 01
   HDLC options: 20 a4 80
  VDL params:
   Parameter set ID: V
   Connection management: 01
   XID sequencing: seq: 4 retry: 0
   AVLC specific options: 25
   Destination airport: LFMN
   Aircraft location: 43.9N 5.8E 24000 ft

[2025-05-05 00:05:13 CEST] [136.725] [-5.5/-31.5 dBFS] [25.9 dB] [-0.6 ppm]
505E67 (Aircraft, Airborne) -> 11985A (Ground station): Command
AVLC type: I sseq: 4 rseq: 3 poll: 0
 X.25 Data: grp: 11 chan: 255 sseq: 7 rseq: 7 more: 0
  X.25 reasm status: skipped
  X.233 CLNP Data (compressed header):
   LRef: 0x42 Prio: 11 Flags: 0xf6
   Lifetime: 20.0 sec
   PDU Id: 0x3fb
   X.224 COTP Data Ack:
    dst_ref: 0x53c1
    rseq: 4 credit: 3
    Flow control:
     Acked TPDU nr: 4
     Acked subsequence: 0
     Acked credit: 15
    ATN checksum: 95 36 24 5b

[2025-05-05 00:05:15 CEST] [136.675] [-11.8/-32.1 dBFS] [20.4 dB] [3.8 ppm]
440219 (Aircraft, Airborne) -> 12957A (Ground station): Command
AVLC type: I sseq: 2 rseq: 0 poll: 0
 X.25 Data: grp: 11 chan: 255 sseq: 0 rseq: 7 more: 0
  X.25 reasm status: skipped
  X.233 CLNP Data (compressed header):
   LRef: 0x42 Prio: 11 Flags: 0xf6
   Lifetime: 20.0 sec
   PDU Id: 0x1ab
   X.224 COTP Data Ack:
    dst_ref: 0x53ae
    rseq: 4 credit: 3
    Flow control:
     Acked TPDU nr: 4
     Acked subsequence: 0
     Acked credit: 15
    ATN checksum: 9c 54 be 68

[2025-05-05 00:05:16 CEST] [136.825] [-12.1/-30.4 dBFS] [18.2 dB] [2.6 ppm]
4071D7 (Aircraft, Airborne) -> 12984A (Ground station): Command
AVLC type: I sseq: 4 rseq: 4 poll: 0
 X.25 Data: grp: 11 chan: 255 sseq: 1 rseq: 1 more: 0
  X.25 reasm status: skipped
  X.233 CLNP Data (compressed header):
   LRef: 0x47 Prio: 11 Flags: 0xf6
   Lifetime: 20.0 sec
   PDU Id: 0x327
   X.224 COTP Data Ack:
    dst_ref: 0x53b6
    rseq: 2 credit: 2
    Flow control:
     Acked TPDU nr: 2
     Acked subsequence: 0
     Acked credit: 15
    ATN checksum: d5 a3 b7 a5

[2025-05-05 00:05:32 CEST] [136.725] [-3.5/-31.3 dBFS] [27.8 dB] [3.2 ppm]
4D2256 (Aircraft, Airborne) -> 11984A (Ground station): Command
AVLC type: I sseq: 3 rseq: 4 poll: 0
 X.25 Data: grp: 11 chan: 255 sseq: 5 rseq: 6 more: 0
  X.25 reasm status: skipped
  X.233 CLNP Data (compressed header):
   LRef: 0x41 Prio: 11 Flags: 0xc0
   Lifetime: 50.0 sec
   PDU Id: 0x1f98
   X.224 COTP Data Ack:
    dst_ref: 0x5398
    rseq: 6 credit: 3
    Checksum: b8 70
    Flow control:
     Acked TPDU nr: 6
     Acked subsequence: 0
     Acked credit: 15

[2025-05-05 00:05:44 CEST] [136.725] [-10.6/-31.3 dBFS] [20.6 dB] [5.3 ppm]
4D225E (Aircraft, Airborne) -> 11985A (Ground station): Command
AVLC type: I sseq: 4 rseq: 5 poll: 0
 X.25 Data: grp: 11 chan: 255 sseq: 2 rseq: 3 more: 0
  X.25 reasm status: skipped
  X.233 CLNP Data (compressed header):
   LRef: 0x0 Prio: 11 Flags: 0xc0
   Lifetime: 50.0 sec
   PDU Id: 0xb98
   X.224 COTP Data Ack:
    dst_ref: 0x53c3
    rseq: 2 credit: 2
    Checksum: df 27
    Flow control:
     Acked TPDU nr: 2
     Acked subsequence: 0
     Acked credit: 15

[2025-05-05 00:05:50 CEST] [136.825] [-9.8/-31.3 dBFS] [21.5 dB] [2.6 ppm]
4071D7 (Aircraft, Airborne) -> 12984A (Ground station): Command
AVLC type: I sseq: 5 rseq: 5 poll: 0
 X.25 Data: grp: 11 chan: 255 sseq: 2 rseq: 2 more: 0
  X.25 reasm status: skipped
  X.233 CLNP Data (compressed header):
   LRef: 0x47 Prio: 11 Flags: 0xf6
   Lifetime: 20.0 sec
   PDU Id: 0x328
   X.224 COTP Data:
    dst_ref: 0x53b6
    sseq: 2 req_of_ack: 0 EoT: 1
    COTP reasm status: skipped
    ATN checksum: e5 9c c0 11
    CPDLC Downlink Message:
     Header:
      Msg ID: 2
      Timestamp: 2025-05-04 22:05:49
      Logical ACK: required
     Message data:
      REQUEST [level]
       Flight level: 360

[2025-05-05 00:05:52 CEST] [136.825] [-10.6/-30.7 dBFS] [20.1 dB] [2.6 ppm]
4071D7 (Aircraft, Airborne) -> 12984A (Ground station): Command
AVLC type: I sseq: 6 rseq: 7 poll: 0
 X.25 Data: grp: 11 chan: 255 sseq: 3 rseq: 4 more: 0
  X.25 reasm status: skipped
  X.233 CLNP Data (compressed header):
   LRef: 0x47 Prio: 11 Flags: 0xf6
   Lifetime: 20.0 sec
   PDU Id: 0x329
   X.224 COTP Data Ack:
    dst_ref: 0x53b6
    rseq: 3 credit: 2
    ATN checksum: c1 bb b9 4e

[2025-05-05 00:06:04 CEST] [136.825] [-11.2/-30.8 dBFS] [19.6 dB] [2.4 ppm]
4071D7 (Aircraft, Airborne) -> 12984A (Ground station): Command
AVLC type: I sseq: 7 rseq: 0 poll: 0
 X.25 Data: grp: 11 chan: 255 sseq: 4 rseq: 5 more: 0
  X.25 reasm status: skipped
  X.233 CLNP Data (compressed header):
   LRef: 0x47 Prio: 11 Flags: 0xf6
   Lifetime: 20.0 sec
   PDU Id: 0x32a
   X.224 COTP Data Ack:
    dst_ref: 0x53b6
    rseq: 4 credit: 3
    ATN checksum: 35 5b b4 3e
   X.224 COTP Data:
    dst_ref: 0x53b6
    sseq: 3 req_of_ack: 0 EoT: 1
    COTP reasm status: skipped
    ATN checksum: b3 0a 16 4c
    CPDLC Downlink Message:
     Header:
      Msg ID: 3
      Msg Ref: 4
      Timestamp: 2025-05-04 22:06:03
      Logical ACK: notRequired
     Message data:
      LOGICAL ACKNOWLEDGMENT

[2025-05-05 00:06:04 CEST] [136.725] [-9.7/-31.1 dBFS] [21.4 dB] [2.5 ppm]
040240 (Aircraft, Airborne) -> 11984A (Ground station): Command
AVLC type: I sseq: 5 rseq: 1 poll: 0
 X.25 Data: grp: 11 chan: 255 sseq: 2 rseq: 6 more: 0
  X.25 reasm status: skipped
  X.233 CLNP Data (compressed header):
   LRef: 0x44 Prio: 11 Flags: 0xf6
   Lifetime: 32.0 sec
   PDU Id: 0x139
   X.224 COTP Data Ack:
    dst_ref: 0x53a0
    rseq: 4 credit: 3
    Flow control:
     Acked TPDU nr: 4
     Acked subsequence: 0
     Acked credit: 15
    ATN checksum: ce 16 8b 81

[2025-05-05 00:06:04 CEST] [136.725] [-9.8/-31.0 dBFS] [21.2 dB] [2.6 ppm]
040240 (Aircraft, Airborne) -> 11985A (Ground station): Response
AVLC type: U (XID) P/F: 1
 XID: Handoff Response
  Public params:
   Parameter set ID: 8885:1993
   Procedure classes: 00 01
   HDLC options: 20 a4 80
  VDL params:
   Parameter set ID: V
   Connection management: 01
   XID sequencing: seq: 6 retry: 0
   AVLC specific options: 25
   Destination airport: HAAB
   Aircraft location: 43.0N 6.0E 39000 ft

[2025-05-05 00:06:12 CEST] [136.825] [-11.7/-30.5 dBFS] [18.9 dB] [2.6 ppm]
4071D7 (Aircraft, Airborne) -> 12984A (Ground station): Command
AVLC type: I sseq: 0 rseq: 1 poll: 0
 X.25 Data: grp: 11 chan: 255 sseq: 5 rseq: 6 more: 0
  X.25 reasm status: skipped
  X.233 CLNP Data (compressed header):
   LRef: 0x47 Prio: 11 Flags: 0xf6
   Lifetime: 20.0 sec
   PDU Id: 0x32b
   X.224 COTP Data:
    dst_ref: 0x53b6
    sseq: 4 req_of_ack: 0 EoT: 1
    COTP reasm status: skipped
    ATN checksum: 9f 38 3d 0a
    CPDLC Downlink Message:
     Header:
      Msg ID: 4
      Msg Ref: 4
      Timestamp: 2025-05-04 22:06:11
      Logical ACK: required
     Message data:
      WILCO

[2025-05-05 00:06:14 CEST] [136.825] [-12.2/-30.8 dBFS] [18.6 dB] [2.5 ppm]
4071D7 (Aircraft, Airborne) -> 12984A (Ground station): Command
AVLC type: I sseq: 1 rseq: 3 poll: 0
 X.25 Data: grp: 11 chan: 255 sseq: 6 rseq: 0 more: 0
  X.25 reasm status: skipped
  X.233 CLNP Data (compressed header):
   LRef: 0x47 Prio: 11 Flags: 0xf6
   Lifetime: 20.0 sec
   PDU Id: 0x32c
   X.224 COTP Data Ack:
    dst_ref: 0x53b6
    rseq: 5 credit: 3
    ATN checksum: 8a 28 e6 e8

[2025-05-05 00:06:31 CEST] [136.725] [-3.7/-31.3 dBFS] [27.6 dB] [2.4 ppm]
440191 (Aircraft, Airborne) -> 11985A (Ground station): Command
AVLC type: I sseq: 2 rseq: 3 poll: 0
 X.25 Data: grp: 11 chan: 255 sseq: 0 rseq: 1 more: 0
  X.25 reasm status: skipped
  X.233 CLNP Data (compressed header):
   LRef: 0x45 Prio: 11 Flags: 0xf6
   Lifetime: 20.0 sec
   PDU Id: 0x20e
   X.224 COTP Data Ack:
    dst_ref: 0x539c
    rseq: 8 credit: 3
    Flow control:
     Acked TPDU nr: 8
     Acked subsequence: 0
     Acked credit: 15
    ATN checksum: 80 59 91 3f

[2025-05-05 00:06:32 CEST] [136.725] [-12.7/-31.2 dBFS] [18.5 dB] [4.5 ppm]
440C32 (Aircraft, Airborne) -> 11984A (Ground station): Command
AVLC type: I sseq: 4 rseq: 5 poll: 0
 X.25 Data: grp: 11 chan: 255 sseq: 2 rseq: 3 more: 0
  X.25 reasm status: skipped
  X.233 CLNP Data (compressed header):
   LRef: 0x43 Prio: 11 Flags: 0xf6
   Lifetime: 20.0 sec
   PDU Id: 0x375
   X.224 COTP Data Ack:
    dst_ref: 0x53ba
    rseq: 2 credit: 2
    Flow control:
     Acked TPDU nr: 2
     Acked subsequence: 0
     Acked credit: 15
    ATN checksum: e0 79 0c 87

[2025-05-05 00:06:32 CEST] [136.725] [-8.7/-31.4 dBFS] [22.7 dB] [5.0 ppm]
4D225E (Aircraft, Airborne) -> 11985A (Ground station): Command
AVLC type: I sseq: 5 rseq: 5 poll: 0
 ACARS:
  Reassembly: skipped
  Reg: .9H-QEP Flight: FR65DP
  Mode: 2 Label: 16 Blk id: 9 More: 0 Ack: ! Msg num: M01A
  Message:
   220631,M114148,2308, 117,N 43.948 E  7.261

[2025-05-05 00:06:47 CEST] [136.675] [-11.7/-31.6 dBFS] [19.9 dB] [3.8 ppm]
440219 (Aircraft, Airborne) -> 12957A (Ground station): Command
AVLC type: I sseq: 3 rseq: 1 poll: 0
 X.25 Data: grp: 11 chan: 255 sseq: 1 rseq: 0 more: 0
  X.25 reasm status: skipped
  X.233 CLNP Data (compressed header):
   LRef: 0x42 Prio: 11 Flags: 0xf6
   Lifetime: 20.0 sec
   PDU Id: 0x1ac
   X.224 COTP Data Ack:
    dst_ref: 0x53ae
    rseq: 4 credit: 3
    Flow control:
     Acked TPDU nr: 4
     Acked subsequence: 0
     Acked credit: 15
    ATN checksum: 9c 54 be 68

[2025-05-05 00:07:07 CEST] [136.725] [-3.9/-30.9 dBFS] [27.0 dB] [2.8 ppm]
4D2256 (Aircraft, Airborne) -> 11984A (Ground station): Command
AVLC type: I sseq: 4 rseq: 5 poll: 0
 X.25 Data: grp: 11 chan: 255 sseq: 6 rseq: 7 more: 0
  X.25 reasm status: skipped
  X.233 CLNP Data (compressed header):
   LRef: 0x41 Prio: 11 Flags: 0xc0
   Lifetime: 50.0 sec
   PDU Id: 0x1f99
   X.224 COTP Data Ack:
    dst_ref: 0x5398
    rseq: 6 credit: 3
    Checksum: b8 70
    Flow control:
     Acked TPDU nr: 6
     Acked subsequence: 0
     Acked credit: 15

[2025-05-05 00:07:16 CEST] [136.725] [-7.4/-31.4 dBFS] [23.9 dB] [5.2 ppm]
4D225E (Aircraft, Airborne) -> 11985A (Ground station): Command
AVLC type: I sseq: 6 rseq: 7 poll: 0
 X.25 Data: grp: 11 chan: 255 sseq: 3 rseq: 4 more: 0
  X.25 reasm status: skipped
  X.233 CLNP Data (compressed header):
   LRef: 0x0 Prio: 11 Flags: 0xc0
   Lifetime: 50.0 sec
   PDU Id: 0xb99
   X.224 COTP Data Ack:
    dst_ref: 0x53c3
    rseq: 2 credit: 2
    Checksum: df 27
    Flow control:
     Acked TPDU nr: 2
     Acked subsequence: 0
     Acked credit: 15

[2025-05-05 00:07:32 CEST] [136.725] [-3.0/-31.2 dBFS] [28.1 dB] [2.9 ppm]
4D2256 (Aircraft, Airborne) -> 11905A (Ground station): Response
AVLC type: U (XID) P/F: 1
 XID: Handoff Response
  Public params:
   Parameter set ID: 8885:1993
   Procedure classes: 00 01
   HDLC options: 20 84 80
  VDL params:
   Parameter set ID: V
   XID sequencing: seq: 1 retry: 0
   Destination airport: LEPA
   Aircraft location: 43.3N 4.8E 0 ft
   AVLC specific options: 24
   Connection management: 01

[2025-05-05 00:07:35 CEST] [136.725] [-10.5/-31.4 dBFS] [20.9 dB] [2.2 ppm]
040240 (Aircraft, Airborne) -> 11985A (Ground station): Command
AVLC type: I sseq: 2 rseq: 3 poll: 0
 X.25 Data: grp: 11 chan: 255 sseq: 0 rseq: 1 more: 0
  X.25 reasm status: skipped
  X.233 CLNP Data (compressed header):
   LRef: 0x44 Prio: 11 Flags: 0xf6
   Lifetime: 32.0 sec
   PDU Id: 0x13a
   X.224 COTP Data Ack:
    dst_ref: 0x53a0
    rseq: 5 credit: 3
    ATN checksum: dd 01 30 93
   X.224 COTP Data:
    dst_ref: 0x53a0
    sseq: 4 req_of_ack: 0 EoT: 1
    COTP reasm status: skipped
    ATN checksum: 26 c5 3e 86
    CPDLC Downlink Message:
     Header:
      Msg ID: 4
      Msg Ref: 5
      Timestamp: 2025-05-04 22:07:33
      Logical ACK: notRequired
     Message data:
      LOGICAL ACKNOWLEDGMENT

[2025-05-05 00:07:40 CEST] [136.725] [-9.2/-31.2 dBFS] [21.9 dB] [2.5 ppm]
040240 (Aircraft, Airborne) -> 11985A (Ground station): Command
AVLC type: I sseq: 3 rseq: 4 poll: 0
 X.25 Data: grp: 11 chan: 255 sseq: 1 rseq: 2 more: 0
  X.25 reasm status: skipped
  X.233 CLNP Data (compressed header):
   LRef: 0x44 Prio: 11 Flags: 0xf6
   Lifetime: 32.0 sec
   PDU Id: 0x13b
   X.224 COTP Data:
    dst_ref: 0x53a0
    sseq: 5 req_of_ack: 0 EoT: 1
    COTP reasm status: skipped
    ATN checksum: a1 95 f8 c6
    CPDLC Downlink Message:
     Header:
      Msg ID: 5
      Msg Ref: 5
      Timestamp: 2025-05-04 22:07:39
      Logical ACK: required
     Message data:
      WILCO

[2025-05-05 00:07:42 CEST] [136.725] [-10.6/-31.1 dBFS] [20.6 dB] [2.1 ppm]
040240 (Aircraft, Airborne) -> 11985A (Ground station): Command
AVLC type: I sseq: 4 rseq: 6 poll: 0
 X.25 Data: grp: 11 chan: 255 sseq: 2 rseq: 4 more: 0
  X.25 reasm status: skipped
  X.233 CLNP Data (compressed header):
   LRef: 0x44 Prio: 11 Flags: 0xf6
   Lifetime: 32.0 sec
   PDU Id: 0x13c
   X.224 COTP Data Ack:
    dst_ref: 0x53a0
    rseq: 6 credit: 3
    ATN checksum: 33 cd 62 3e

[2025-05-05 00:07:48 CEST] [136.675] [-8.7/-31.2 dBFS] [22.5 dB] [3.7 ppm]
440219 (Aircraft, Airborne) -> 11907A (Ground station): Response
AVLC type: U (XID) P/F: 1
 XID: Handoff Response
  Public params:
   Parameter set ID: 8885:1993
   Procedure classes: 00 01
   HDLC options: 20 a4 80
  VDL params:
   Parameter set ID: V
   Connection management: 01
   XID sequencing: seq: 0 retry: 0
   AVLC specific options: 25
   Destination airport: LFMN
   Aircraft location: 44.4N 5.2E 33000 ft

[2025-05-05 00:08:03 CEST] [136.725] [-3.8/-31.1 dBFS] [27.3 dB] [2.4 ppm]
440191 (Aircraft, Airborne) -> 11985A (Ground station): Command
AVLC type: I sseq: 3 rseq: 4 poll: 0
 X.25 Data: grp: 11 chan: 255 sseq: 1 rseq: 2 more: 0
  X.25 reasm status: skipped
  X.233 CLNP Data (compressed header):
   LRef: 0x45 Prio: 11 Flags: 0xf6
   Lifetime: 20.0 sec
   PDU Id: 0x20f
   X.224 COTP Data Ack:
    dst_ref: 0x539c
    rseq: 8 credit: 3
    Flow control:
     Acked TPDU nr: 8
     Acked subsequence: 0
     Acked credit: 15
    ATN checksum: 80 59 91 3f

[2025-05-05 00:08:03 CEST] [136.725] [-8.9/-31.2 dBFS] [22.3 dB] [4.4 ppm]
440C32 (Aircraft, Airborne) -> 11984A (Ground station): Command
AVLC type: I sseq: 6 rseq: 7 poll: 0
 X.25 Data: grp: 11 chan: 255 sseq: 4 rseq: 5 more: 0
  X.25 reasm status: skipped
  X.233 CLNP Data (compressed header):
   LRef: 0x43 Prio: 11 Flags: 0xf6
   Lifetime: 20.0 sec
   PDU Id: 0x377
   X.224 COTP Data Ack:
    dst_ref: 0x53ba
    rseq: 2 credit: 2
    Flow control:
     Acked TPDU nr: 2
     Acked subsequence: 0
     Acked credit: 15
    ATN checksum: e0 79 0c 87

[2025-05-05 00:08:04 CEST] [136.725] [-9.7/-31.0 dBFS] [21.3 dB] [4.6 ppm]
440C32 (Aircraft, Airborne) -> 11984A (Ground station): Command
AVLC type: I sseq: 7 rseq: 0 poll: 0
 X.25 Data: grp: 11 chan: 255 sseq: 5 rseq: 6 more: 0
  X.25 reasm status: skipped
  X.233 CLNP Data (compressed header):
   LRef: 0x43 Prio: 11 Flags: 0xf6
   Lifetime: 20.0 sec
   PDU Id: 0x378
   X.224 COTP Data Ack:
    dst_ref: 0x53ba
    rseq: 3 credit: 2
    ATN checksum: 40 3c 86 99
   X.224 COTP Data:
    dst_ref: 0x53ba
    sseq: 2 req_of_ack: 0 EoT: 1
    COTP reasm status: skipped
    ATN checksum: 54 45 1e 91
    CPDLC Downlink Message:
     Header:
      Msg ID: 2
      Msg Ref: 3
      Timestamp: 2025-05-04 22:08:03
      Logical ACK: notRequired
     Message data:
      LOGICAL ACKNOWLEDGMENT

[2025-05-05 00:08:07 CEST] [136.725] [-10.8/-31.2 dBFS] [20.4 dB] [4.4 ppm]
440C32 (Aircraft, Airborne) -> 11984A (Ground station): Command
AVLC type: I sseq: 6 rseq: 0 poll: 0
 X.25 Data: grp: 11 chan: 255 sseq: 4 rseq: 5 more: 0
  X.25 reasm status: skipped
  X.233 CLNP Data (compressed header):
   LRef: 0x43 Prio: 11 Flags: 0xf6
   Lifetime: 20.0 sec
   PDU Id: 0x377
   X.224 COTP Data Ack:
    dst_ref: 0x53ba
    rseq: 2 credit: 2
    Flow control:
     Acked TPDU nr: 2
     Acked subsequence: 0
     Acked credit: 15
    ATN checksum: e0 79 0c 87

[2025-05-05 00:08:07 CEST] [136.725] [-11.1/-31.2 dBFS] [20.1 dB] [4.4 ppm]
440C32 (Aircraft, Airborne) -> 11984A (Ground station): Command
AVLC type: I sseq: 7 rseq: 0 poll: 0
 X.25 Data: grp: 11 chan: 255 sseq: 5 rseq: 6 more: 0
  X.25 reasm status: skipped
  X.233 CLNP Data (compressed header):
   LRef: 0x43 Prio: 11 Flags: 0xf6
   Lifetime: 20.0 sec
   PDU Id: 0x378
   X.224 COTP Data Ack:
    dst_ref: 0x53ba
    rseq: 3 credit: 2
    ATN checksum: 40 3c 86 99
   X.224 COTP Data:
    dst_ref: 0x53ba
    sseq: 2 req_of_ack: 0 EoT: 1
    COTP reasm status: skipped
    ATN checksum: 54 45 1e 91
    CPDLC Downlink Message:
     Header:
      Msg ID: 2
      Msg Ref: 3
      Timestamp: 2025-05-04 22:08:03
      Logical ACK: notRequired
     Message data:
      LOGICAL ACKNOWLEDGMENT

[2025-05-05 00:08:07 CEST] [136.725] [-10.9/-31.1 dBFS] [20.2 dB] [4.6 ppm]
440C32 (Aircraft, Airborne) -> 11984A (Ground station): Command
AVLC type: I sseq: 0 rseq: 1 poll: 0
 X.25 Data: grp: 11 chan: 255 sseq: 6 rseq: 7 more: 0
  X.25 reasm status: skipped
  X.233 CLNP Data (compressed header):
   LRef: 0x43 Prio: 11 Flags: 0xf6
   Lifetime: 20.0 sec
   PDU Id: 0x379
   X.224 COTP Data:
    dst_ref: 0x53ba
    sseq: 3 req_of_ack: 0 EoT: 1
    COTP reasm status: skipped
    ATN checksum: 7e 7b 01 4d
    CPDLC Downlink Message:
     Header:
      Msg ID: 3
      Msg Ref: 3
      Timestamp: 2025-05-04 22:08:06
      Logical ACK: required
     Message data:
      WILCO

[2025-05-05 00:08:09 CEST] [136.725] [-10.5/-31.1 dBFS] [20.6 dB] [4.3 ppm]
440C32 (Aircraft, Airborne) -> 11984A (Ground station): Command
AVLC type: I sseq: 1 rseq: 3 poll: 0
 X.25 Data: grp: 11 chan: 255 sseq: 7 rseq: 1 more: 0
  X.25 reasm status: skipped
  X.233 CLNP Data (compressed header):
   LRef: 0x43 Prio: 11 Flags: 0xf6
   Lifetime: 20.0 sec
   PDU Id: 0x37a
   X.224 COTP Data Ack:
    dst_ref: 0x53ba
    rseq: 4 credit: 3
    ATN checksum: b3 db 81 89

[2025-05-05 00:08:12 CEST] [136.725] [-9.2/-31.2 dBFS] [21.9 dB] [4.4 ppm]
440C32 (Aircraft, Airborne) -> 11984A (Ground station): Command
AVLC type: I sseq: 1 rseq: 3 poll: 0
 X.25 Data: grp: 11 chan: 255 sseq: 7 rseq: 1 more: 0
  X.25 reasm status: skipped
  X.233 CLNP Data (compressed header):
   LRef: 0x43 Prio: 11 Flags: 0xf6
   Lifetime: 20.0 sec
   PDU Id: 0x37a
   X.224 COTP Data Ack:
    dst_ref: 0x53ba
    rseq: 4 credit: 3
    ATN checksum: b3 db 81 89

[2025-05-05 00:08:19 CEST] [136.675] [-8.0/-31.6 dBFS] [23.6 dB] [3.9 ppm]
440219 (Aircraft, Airborne) -> 11907A (Ground station): Command
AVLC type: I sseq: 2 rseq: 3 poll: 0
 X.25 Data: grp: 11 chan: 255 sseq: 0 rseq: 1 more: 0
  X.25 reasm status: skipped
  X.233 CLNP Data (compressed header):
   LRef: 0x42 Prio: 11 Flags: 0xf6
   Lifetime: 20.0 sec
   PDU Id: 0x1ad
   X.224 COTP Data Ack:
    dst_ref: 0x53ae
    rseq: 4 credit: 3
    Flow control:
     Acked TPDU nr: 4
     Acked subsequence: 0
     Acked credit: 15
    ATN checksum: 9c 54 be 68

[2025-05-05 00:08:39 CEST] [136.725] [-1.2/-30.9 dBFS] [29.7 dB] [3.0 ppm]
4D2256 (Aircraft, Airborne) -> 11905A (Ground station): Command
AVLC type: I sseq: 2 rseq: 3 poll: 0
 X.25 Data: grp: 11 chan: 254 sseq: 0 rseq: 1 more: 0
  X.25 reasm status: skipped
  X.233 CLNP Data (compressed header):
   LRef: 0x41 Prio: 11 Flags: 0xc0
   Lifetime: 50.0 sec
   PDU Id: 0x1f9a
   X.224 COTP Data Ack:
    dst_ref: 0x5398
    rseq: 6 credit: 3
    Checksum: b8 70
    Flow control:
     Acked TPDU nr: 6
     Acked subsequence: 0
     Acked credit: 15

[2025-05-05 00:08:44 CEST] [136.725] [-0.7/-31.4 dBFS] [30.7 dB] [2.9 ppm]
4D2256 (Aircraft, Airborne) -> 11905A (Ground station): Command
AVLC type: I sseq: 2 rseq: 3 poll: 0
 X.25 Data: grp: 11 chan: 254 sseq: 0 rseq: 1 more: 0
  X.25 reasm status: skipped
  X.233 CLNP Data (compressed header):
   LRef: 0x41 Prio: 11 Flags: 0xc0
   Lifetime: 50.0 sec
   PDU Id: 0x1f9a
   X.224 COTP Data Ack:
    dst_ref: 0x5398
    rseq: 6 credit: 3
    Checksum: b8 70
    Flow control:
     Acked TPDU nr: 6
     Acked subsequence: 0
     Acked credit: 15

[2025-05-05 00:08:48 CEST] [136.725] [-5.5/-31.1 dBFS] [25.6 dB] [5.1 ppm]
4D225E (Aircraft, Airborne) -> 11985A (Ground station): Command
AVLC type: I sseq: 7 rseq: 0 poll: 0
 X.25 Data: grp: 11 chan: 255 sseq: 4 rseq: 5 more: 0
  X.25 reasm status: skipped
  X.233 CLNP Data (compressed header):
   LRef: 0x0 Prio: 11 Flags: 0xc0
   Lifetime: 50.0 sec
   PDU Id: 0xb9a
   X.224 COTP Data Ack:
    dst_ref: 0x53c3
    rseq: 2 credit: 2
    Checksum: df 27
    Flow control:
     Acked TPDU nr: 2
     Acked subsequence: 0
     Acked credit: 15

[2025-05-05 00:09:13 CEST] [136.725] [-12.2/-31.8 dBFS] [19.6 dB] [2.2 ppm]
040240 (Aircraft, Airborne) -> 11985A (Ground station): Command
AVLC type: I sseq: 6 rseq: 0 poll: 0
 X.25 Data: grp: 11 chan: 255 sseq: 4 rseq: 6 more: 0
  X.25 reasm status: skipped
  X.233 CLNP Data (compressed header):
   LRef: 0x44 Prio: 11 Flags: 0xf6
   Lifetime: 32.0 sec
   PDU Id: 0x13e
   X.224 COTP Data Ack:
    dst_ref: 0x53a0
    rseq: 6 credit: 3
    Flow control:
     Acked TPDU nr: 6
     Acked subsequence: 0
     Acked credit: 15
    ATN checksum: c4 4b 52 8b

[2025-05-05 00:09:40 CEST] [136.725] [-9.6/-31.6 dBFS] [21.9 dB] [4.2 ppm]
440C32 (Aircraft, Airborne) -> 11984A (Ground station): Command
AVLC type: I sseq: 2 rseq: 4 poll: 0
 X.25 Data: grp: 11 chan: 255 sseq: 0 rseq: 2 more: 0
  X.25 reasm status: skipped
  X.233 CLNP Data (compressed header):
   LRef: 0x43 Prio: 11 Flags: 0xf6
   Lifetime: 20.0 sec
   PDU Id: 0x37b
   X.224 COTP Data Ack:
    dst_ref: 0x53ba
    rseq: 4 credit: 3
    Flow control:
     Acked TPDU nr: 4
     Acked subsequence: 0
     Acked credit: 15
    ATN checksum: 8b 68 00 f4

[2025-05-05 00:09:51 CEST] [136.675] [-8.4/-31.8 dBFS] [23.4 dB] [3.7 ppm]
440219 (Aircraft, Airborne) -> 11907A (Ground station): Command
AVLC type: I sseq: 4 rseq: 5 poll: 0
 X.25 Data: grp: 11 chan: 255 sseq: 2 rseq: 3 more: 0
  X.25 reasm status: skipped
  X.233 CLNP Data (compressed header):
   LRef: 0x42 Prio: 11 Flags: 0xf6
   Lifetime: 20.0 sec
   PDU Id: 0x1af
   X.224 COTP Data Ack:
    dst_ref: 0x53ae
    rseq: 4 credit: 3
    Flow control:
     Acked TPDU nr: 4
     Acked subsequence: 0
     Acked credit: 15
    ATN checksum: 9c 54 be 68

[2025-05-05 00:09:53 CEST] [136.725] [-8.7/-31.2 dBFS] [22.6 dB] [4.0 ppm]
440219 (Aircraft, Airborne) -> 11984A (Ground station): Command
AVLC type: U (XID) P/F: 1
 XID: Handoff Initiation
  Public params:
   Parameter set ID: 8885:1993
   Procedure classes: 00 01
   HDLC options: 20 a4 80
  VDL params:
   Parameter set ID: V
   Connection management: 01
   XID sequencing: seq: 2 retry: 0
   AVLC specific options: 25
   Destination airport: LFMN
   Aircraft location: 44.3N 5.4E 28000 ft

[2025-05-05 00:09:54 CEST] [136.725] [-8.9/-31.1 dBFS] [22.3 dB] [3.9 ppm]
440219 (Aircraft, Airborne) -> 11984A (Ground station): Command
AVLC type: I sseq: 2 rseq: 2 poll: 0
 ACARS:
  Reassembly: skipped
  Reg: .OE-IZJ Flight: EC189C
  Mode: 2 Label: SA Blk id: 2 More: 0 Ack: ! Msg num: S54A
  Message:
   0EV220953V
  Media Advisory, version 0:
   Link VHF ACARS established at 22:09:53 UTC
   Available links: VHF ACARS

[2025-05-05 00:09:55 CEST] [136.725] [-8.2/-31.2 dBFS] [23.0 dB] [4.0 ppm]
440219 (Aircraft, Airborne) -> 11907A (Ground station): Command
AVLC type: I sseq: 4 rseq: 5 poll: 0
 X.25 Data: grp: 11 chan: 255 sseq: 2 rseq: 3 more: 0
  X.25 reasm status: skipped
  X.233 CLNP Data (compressed header):
   LRef: 0x42 Prio: 11 Flags: 0xf6
   Lifetime: 20.0 sec
   PDU Id: 0x1af
   X.224 COTP Data Ack:
    dst_ref: 0x53ae
    rseq: 4 credit: 3
    Flow control:
     Acked TPDU nr: 4
     Acked subsequence: 0
     Acked credit: 15
    ATN checksum: 9c 54 be 68

[2025-05-05 00:09:57 CEST] [136.725] [-6.8/-31.1 dBFS] [24.3 dB] [4.9 ppm]
4D225E (Aircraft, Airborne) -> 11985A (Ground station): Command
AVLC type: I sseq: 0 rseq: 1 poll: 0
 X.25 Data: grp: 11 chan: 255 sseq: 5 rseq: 6 more: 0
  X.25 reasm status: skipped
  X.233 CLNP Data (compressed header):
   LRef: 0x0 Prio: 11 Flags: 0xc0
   Lifetime: 50.0 sec
   PDU Id: 0xb9b
   X.224 COTP Data Ack:
    dst_ref: 0x53c3
    rseq: 3 credit: 2
    Checksum: ec c8

[2025-05-05 00:09:57 CEST] [136.725] [-6.8/-30.9 dBFS] [24.2 dB] [5.1 ppm]
4D225E (Aircraft, Airborne) -> 11985A (Ground station): Command
AVLC type: I sseq: 1 rseq: 1 poll: 0
 X.25 Data: grp: 11 chan: 255 sseq: 6 rseq: 6 more: 0
  X.25 reasm status: skipped
  X.233 CLNP Data (compressed header):
   LRef: 0x0 Prio: 11 Flags: 0xc0
   Lifetime: 50.0 sec
   PDU Id: 0xb9c
   X.224 COTP Data:
    dst_ref: 0x53c3
    sseq: 2 req_of_ack: 0 EoT: 1
    COTP reasm status: skipped
    Checksum: 7c 8a
    CPDLC Downlink Message:
     Header:
      Msg ID: 2
      Msg Ref: 3
      Timestamp: 2025-05-04 22:09:56
      Logical ACK: notRequired
     Message data:
      LOGICAL ACKNOWLEDGMENT

[2025-05-05 00:09:57 CEST] [136.725] [-6.4/-30.9 dBFS] [24.5 dB] [3.9 ppm]
440219 (Aircraft, Airborne) -> 11907A (Ground station): Command
AVLC type: I sseq: 4 rseq: 5 poll: 0
 X.25 Data: grp: 11 chan: 255 sseq: 2 rseq: 3 more: 0
  X.25 reasm status: skipped
  X.233 CLNP Data (compressed header):
   LRef: 0x42 Prio: 11 Flags: 0xf6
   Lifetime: 20.0 sec
   PDU Id: 0x1af
   X.224 COTP Data Ack:
    dst_ref: 0x53ae
    rseq: 4 credit: 3
    Flow control:
     Acked TPDU nr: 4
     Acked subsequence: 0
     Acked credit: 15
    ATN checksum: 9c 54 be 68

[2025-05-05 00:10:01 CEST] [136.725] [-4.8/-32.3 dBFS] [27.5 dB] [3.7 ppm]
440219 (Aircraft, Airborne) -> 11907A (Ground station): Command
AVLC type: I sseq: 4 rseq: 5 poll: 0
 X.25 Data: grp: 11 chan: 255 sseq: 2 rseq: 3 more: 0
  X.25 reasm status: skipped
  X.233 CLNP Data (compressed header):
   LRef: 0x42 Prio: 11 Flags: 0xf6
   Lifetime: 20.0 sec
   PDU Id: 0x1af
   X.224 COTP Data Ack:
    dst_ref: 0x53ae
    rseq: 4 credit: 3
    Flow control:
     Acked TPDU nr: 4
     Acked subsequence: 0
     Acked credit: 15
    ATN checksum: 9c 54 be 68

[2025-05-05 00:10:03 CEST] [136.675] [-15.7/-33.3 dBFS] [17.6 dB] [1.8 ppm]
4D2274 (Aircraft, Airborne) -> 11907A (Ground station): Command
AVLC type: I sseq: 7 rseq: 0 poll: 0
 X.25 Data: grp: 11 chan: 254 sseq: 3 rseq: 4 more: 0
  X.25 reasm status: skipped
  X.233 CLNP Data (compressed header):
   LRef: 0x41 Prio: 11 Flags: 0xc0
   Lifetime: 50.0 sec
   PDU Id: 0x144f
   X.224 COTP Data Ack:
    dst_ref: 0x5390
    rseq: 7 credit: 3
    Checksum: d5 0e

[2025-05-05 00:10:03 CEST] [136.675] [-15.7/-33.5 dBFS] [17.7 dB] [1.8 ppm]
4D2274 (Aircraft, Airborne) -> 11907A (Ground station): Command
AVLC type: I sseq: 0 rseq: 0 poll: 0
 X.25 Data: grp: 11 chan: 254 sseq: 4 rseq: 4 more: 0
  X.25 reasm status: skipped
  X.233 CLNP Data (compressed header):
   LRef: 0x41 Prio: 11 Flags: 0xc0
   Lifetime: 50.0 sec
   PDU Id: 0x1450
   X.224 COTP Data:
    dst_ref: 0x5390
    sseq: 6 req_of_ack: 0 EoT: 1
    COTP reasm status: skipped
    Checksum: 47 3b
    CPDLC Downlink Message:
     Header:
      Msg ID: 6
      Msg Ref: 7
      Timestamp: 2025-05-04 22:10:02
      Logical ACK: notRequired
     Message data:
      LOGICAL ACKNOWLEDGMENT

[2025-05-05 00:10:05 CEST] [136.725] [-5.7/-33.8 dBFS] [28.1 dB] [5.0 ppm]
4D225E (Aircraft, Airborne) -> 11985A (Ground station): Command
AVLC type: I sseq: 2 rseq: 2 poll: 0
 X.25 Data: grp: 11 chan: 255 sseq: 7 rseq: 7 more: 0
  X.25 reasm status: skipped
  X.233 CLNP Data (compressed header):
   LRef: 0x0 Prio: 11 Flags: 0xc0
   Lifetime: 50.0 sec
   PDU Id: 0xb9d
   X.224 COTP Data:
    dst_ref: 0x53c3
    sseq: 3 req_of_ack: 0 EoT: 1
    COTP reasm status: skipped
    Checksum: 16 90
    CPDLC Downlink Message:
     Header:
      Msg ID: 3
      Msg Ref: 3
      Timestamp: 2025-05-04 22:10:04
      Logical ACK: required
     Message data:
      WILCO

[2025-05-05 00:10:05 CEST] [136.725] [-5.2/-33.6 dBFS] [28.4 dB] [3.8 ppm]
440219 (Aircraft, Airborne) -> 11907A (Ground station): Command
AVLC type: I sseq: 4 rseq: 5 poll: 0
 X.25 Data: grp: 11 chan: 255 sseq: 2 rseq: 3 more: 0
  X.25 reasm status: skipped
  X.233 CLNP Data (compressed header):
   LRef: 0x42 Prio: 11 Flags: 0xf6
   Lifetime: 20.0 sec
   PDU Id: 0x1af
   X.224 COTP Data Ack:
    dst_ref: 0x53ae
    rseq: 4 credit: 3
    Flow control:
     Acked TPDU nr: 4
     Acked subsequence: 0
     Acked credit: 15
    ATN checksum: 9c 54 be 68

[2025-05-05 00:10:08 CEST] [136.725] [-7.3/-32.9 dBFS] [25.6 dB] [2.9 ppm]
4D2256 (Aircraft, Airborne) -> 11905A (Ground station): Command
AVLC type: I sseq: 4 rseq: 5 poll: 0
 X.25 Data: grp: 11 chan: 254 sseq: 2 rseq: 3 more: 0
  X.25 reasm status: skipped
  X.233 CLNP Data (compressed header):
   LRef: 0x41 Prio: 11 Flags: 0xc0
   Lifetime: 50.0 sec
   PDU Id: 0x1f9c
   X.224 COTP Data Ack:
    dst_ref: 0x5398
    rseq: 6 credit: 3
    Checksum: b8 70
    Flow control:
     Acked TPDU nr: 6
     Acked subsequence: 0
     Acked credit: 15

[2025-05-05 00:10:10 CEST] [136.725] [-6.9/-32.3 dBFS] [25.5 dB] [5.2 ppm]
4D225E (Aircraft, Airborne) -> 11985A (Ground station): Command
AVLC type: I sseq: 2 rseq: 2 poll: 0
 X.25 Data: grp: 11 chan: 255 sseq: 7 rseq: 7 more: 0
  X.25 reasm status: skipped
  X.233 CLNP Data (compressed header):
   LRef: 0x0 Prio: 11 Flags: 0xc0
   Lifetime: 50.0 sec
   PDU Id: 0xb9d
   X.224 COTP Data:
    dst_ref: 0x53c3
    sseq: 3 req_of_ack: 0 EoT: 1
    COTP reasm status: skipped
    Checksum: 16 90
    CPDLC Downlink Message:
     Header:
      Msg ID: 3
      Msg Ref: 3
      Timestamp: 2025-05-04 22:10:04
      Logical ACK: required
     Message data:
      WILCO

[2025-05-05 00:10:11 CEST] [136.725] [-6.5/-32.8 dBFS] [26.4 dB] [3.7 ppm]
440219 (Aircraft, Airborne) -> 11907A (Ground station): Command
AVLC type: I sseq: 4 rseq: 5 poll: 0
 X.25 Data: grp: 11 chan: 255 sseq: 2 rseq: 3 more: 0
  X.25 reasm status: skipped
  X.233 CLNP Data (compressed header):
   LRef: 0x42 Prio: 11 Flags: 0xf6
   Lifetime: 20.0 sec
   PDU Id: 0x1af
   X.224 COTP Data Ack:
    dst_ref: 0x53ae
    rseq: 4 credit: 3
    Flow control:
     Acked TPDU nr: 4
     Acked subsequence: 0
     Acked credit: 15
    ATN checksum: 9c 54 be 68

[2025-05-05 00:10:11 CEST] [136.725] [-7.3/-32.6 dBFS] [25.3 dB] [5.1 ppm]
4D225E (Aircraft, Airborne) -> 11985A (Ground station): Command
AVLC type: I sseq: 3 rseq: 4 poll: 0
 X.25 Data: grp: 11 chan: 255 sseq: 0 rseq: 1 more: 0
  X.25 reasm status: skipped
  X.233 CLNP Data (compressed header):
   LRef: 0x0 Prio: 11 Flags: 0xc0
   Lifetime: 50.0 sec
   PDU Id: 0xb9e
   X.224 COTP Data Ack:
    dst_ref: 0x53c3
    rseq: 4 credit: 3
    Checksum: e1 d1

[2025-05-05 00:10:12 CEST] [136.725] [-10.5/-32.5 dBFS] [22.1 dB] [2.7 ppm]
4D2256 (Aircraft, Airborne) -> 11905A (Ground station): Command
AVLC type: I sseq: 4 rseq: 5 poll: 0
 X.25 Data: grp: 11 chan: 254 sseq: 2 rseq: 3 more: 0
  X.25 reasm status: skipped
  X.233 CLNP Data (compressed header):
   LRef: 0x41 Prio: 11 Flags: 0xc0
   Lifetime: 50.0 sec
   PDU Id: 0x1f9c
   X.224 COTP Data Ack:
    dst_ref: 0x5398
    rseq: 6 credit: 3
    Checksum: b8 70
    Flow control:
     Acked TPDU nr: 6
     Acked subsequence: 0
     Acked credit: 15

[2025-05-05 00:10:45 CEST] [136.725] [-12.7/-31.5 dBFS] [18.8 dB] [2.3 ppm]
040240 (Aircraft, Airborne) -> 11985A (Ground station): Command
AVLC type: I sseq: 7 rseq: 1 poll: 0
 X.25 Data: grp: 11 chan: 255 sseq: 5 rseq: 7 more: 0
  X.25 reasm status: skipped
  X.233 CLNP Data (compressed header):
   LRef: 0x44 Prio: 11 Flags: 0xf6
   Lifetime: 32.0 sec
   PDU Id: 0x13f
   X.224 COTP Data Ack:
    dst_ref: 0x53a0
    rseq: 6 credit: 3
    Flow control:
     Acked TPDU nr: 6
     Acked subsequence: 0
     Acked credit: 15
    ATN checksum: c4 4b 52 8b

[2025-05-05 00:11:23 CEST] [136.725] [-11.1/-31.0 dBFS] [20.0 dB] [3.9 ppm]
440219 (Aircraft, Airborne) -> 11984A (Ground station): Command
AVLC type: I sseq: 3 rseq: 4 poll: 0
 X.25 Data: grp: 11 chan: 255 sseq: 0 rseq: 1 more: 0
  X.25 reasm status: skipped
  X.233 CLNP Data (compressed header):
   LRef: 0x42 Prio: 11 Flags: 0xf6
   Lifetime: 20.0 sec
   PDU Id: 0x1b0
   X.224 COTP Data Ack:
    dst_ref: 0x53ae
    rseq: 4 credit: 3
    Flow control:
     Acked TPDU nr: 4
     Acked subsequence: 0
     Acked credit: 15
    ATN checksum: 9c 54 be 68

[2025-05-05 00:11:30 CEST] [136.725] [-13.9/-31.4 dBFS] [17.5 dB] [-1.1 ppm]
505E67 (Aircraft, Airborne) -> 11985A (Ground station): Command
AVLC type: I sseq: 0 rseq: 6 poll: 0
 ACARS:
  Reassembly: out of sequence
  Reg: .OM-TSG Flight: QS2135
  Mode: 2 Label: H1 Blk id: 8 More: 0 Ack: ! Msg num: D01B
  Sublabel: DF
  Message:
   39
   245110LO LO 0000011

[2025-05-05 00:11:43 CEST] [136.725] [-2.0/-31.6 dBFS] [29.6 dB] [5.1 ppm]
4D225E (Aircraft, Airborne) -> 11985A (Ground station): Command
AVLC type: I sseq: 5 rseq: 6 poll: 0
 X.25 Data: grp: 11 chan: 255 sseq: 2 rseq: 3 more: 0
  X.25 reasm status: skipped
  X.233 CLNP Data (compressed header):
   LRef: 0x0 Prio: 11 Flags: 0xc0
   Lifetime: 50.0 sec
   PDU Id: 0xba0
   X.224 COTP Data Ack:
    dst_ref: 0x53c3
    rseq: 4 credit: 3
    Checksum: dc 25
    Flow control:
     Acked TPDU nr: 4
     Acked subsequence: 0
     Acked credit: 15

[2025-05-05 00:12:07 CEST] [136.975] [-11.2/-31.6 dBFS] [20.5 dB] [-0.8 ppm]
505E67 (Aircraft, Airborne) -> 10952A (Ground station): Command
AVLC type: U (XID) P/F: 1
 XID: Handoff Initiation
  Public params:
   Parameter set ID: 8885:1993
   Procedure classes: 00 01
   HDLC options: 20 a4 88
  VDL params:
   Parameter set ID: V
   Connection management: 05
   XID sequencing: seq: 4 retry: 0
   AVLC specific options: 25
   Destination airport: LKPR

[2025-05-05 00:12:33 CEST] [136.975] [-10.8/-31.0 dBFS] [20.2 dB] [-1.2 ppm]
505E67 (Aircraft, Airborne) -> 10952A (Ground station): Command
AVLC type: I sseq: 2 rseq: 3 poll: 0
 X.25 Data: grp: 11 chan: 255 sseq: 0 rseq: 1 more: 0
  X.25 reasm status: skipped
  X.233 CLNP Data (compressed header):
   LRef: 0x42 Prio: 11 Flags: 0xf6
   Lifetime: 20.0 sec
   PDU Id: 0x404
   X.224 COTP Data Ack:
    dst_ref: 0x53c1
    rseq: 5 credit: 3
    Flow control:
     Acked TPDU nr: 5
     Acked subsequence: 0
     Acked credit: 15
    ATN checksum: 90 d0 87 60

[2025-05-05 00:12:44 CEST] [136.725] [-4.4/-31.0 dBFS] [26.7 dB] [3.9 ppm]
440C32 (Aircraft, Airborne) -> 11984A (Ground station): Command
AVLC type: I sseq: 5 rseq: 7 poll: 0
 X.25 Data: grp: 11 chan: 255 sseq: 3 rseq: 5 more: 0
  X.25 reasm status: skipped
  X.233 CLNP Data (compressed header):
   LRef: 0x43 Prio: 11 Flags: 0xf6
   Lifetime: 20.0 sec
   PDU Id: 0x37e
   X.224 COTP Data Ack:
    dst_ref: 0x53ba
    rseq: 4 credit: 3
    Flow control:
     Acked TPDU nr: 4
     Acked subsequence: 0
     Acked credit: 15
    ATN checksum: 8b 68 00 f4

[2025-05-05 00:12:55 CEST] [136.725] [-9.8/-31.3 dBFS] [21.5 dB] [3.6 ppm]
440219 (Aircraft, Airborne) -> 11984A (Ground station): Command
AVLC type: I sseq: 4 rseq: 5 poll: 0
 X.25 Data: grp: 11 chan: 255 sseq: 1 rseq: 2 more: 0
  X.25 reasm status: skipped
  X.233 CLNP Data (compressed header):
   LRef: 0x42 Prio: 11 Flags: 0xf6
   Lifetime: 20.0 sec
   PDU Id: 0x1b1
   X.224 COTP Data Ack:
    dst_ref: 0x53ae
    rseq: 4 credit: 3
    Flow control:
     Acked TPDU nr: 4
     Acked subsequence: 0
     Acked credit: 15
    ATN checksum: 9c 54 be 68

[2025-05-05 00:13:15 CEST] [136.725] [-4.2/-31.2 dBFS] [27.1 dB] [5.3 ppm]
4D225E (Aircraft, Airborne) -> 11985A (Ground station): Command
AVLC type: I sseq: 6 rseq: 7 poll: 0
 X.25 Data: grp: 11 chan: 255 sseq: 3 rseq: 4 more: 0
  X.25 reasm status: skipped
  X.233 CLNP Data (compressed header):
   LRef: 0x0 Prio: 11 Flags: 0xc0
   Lifetime: 50.0 sec
   PDU Id: 0xba1
   X.224 COTP Data Ack:
    dst_ref: 0x53c3
    rseq: 4 credit: 3
    Checksum: dc 25
    Flow control:
     Acked TPDU nr: 4
     Acked subsequence: 0
     Acked credit: 15

[2025-05-05 00:13:31 CEST] [136.975] [-12.6/-31.4 dBFS] [18.8 dB] [-1.0 ppm]
505E67 (Aircraft, Airborne) -> 10952A (Ground station): Command
AVLC type: I sseq: 5 rseq: 6 poll: 0
 X.25 Data: grp: 11 chan: 255 sseq: 2 rseq: 3 more: 0
  X.25 reasm status: skipped
  X.233 CLNP Data (compressed header):
   LRef: 0x41 Prio: 11 Flags: 0xf6
   Lifetime: 20.0 sec
   PDU Id: 0x406
   X.224 COTP Data Ack:
    dst_ref: 0x8768
    rseq: 0 credit: 1
    Flow control:
     Acked TPDU nr: 0
     Acked subsequence: 0
     Acked credit: 1
    ATN checksum: e6 2a 4a 37

[2025-05-05 00:13:52 CEST] [136.975] [-11.0/-31.7 dBFS] [20.7 dB] [-1.1 ppm]
505E67 (Aircraft, Airborne) -> 10952A (Ground station): Command
AVLC type: I sseq: 6 rseq: 7 poll: 0
 X.25 Data: grp: 11 chan: 255 sseq: 3 rseq: 4 more: 0
  X.25 reasm status: skipped
  X.233 CLNP Data (compressed header):
   LRef: 0x42 Prio: 11 Flags: 0xf6
   Lifetime: 20.0 sec
   PDU Id: 0x407
   X.224 COTP Data Ack:
    dst_ref: 0x53c1
    rseq: 6 credit: 3
    ATN checksum: 72 ed dc bd

[2025-05-05 00:13:52 CEST] [136.975] [-11.1/-31.6 dBFS] [20.5 dB] [-1.3 ppm]
505E67 (Aircraft, Airborne) -> 10952A (Ground station): Command
AVLC type: I sseq: 7 rseq: 7 poll: 0
 X.25 Data: grp: 11 chan: 255 sseq: 4 rseq: 4 more: 0
  X.25 reasm status: skipped
  X.233 CLNP Data (compressed header):
   LRef: 0x42 Prio: 11 Flags: 0xf6
   Lifetime: 20.0 sec
   PDU Id: 0x408
   X.224 COTP Data:
    dst_ref: 0x53c1
    sseq: 5 req_of_ack: 0 EoT: 1
    COTP reasm status: skipped
    ATN checksum: d1 8e 9b 5c
    CPDLC Downlink Message:
     Header:
      Msg ID: 5
      Msg Ref: 7
      Timestamp: 2025-05-04 22:13:50
      Logical ACK: notRequired
     Message data:
      LOGICAL ACKNOWLEDGMENT

[2025-05-05 00:14:05 CEST] [136.975] [-10.4/-31.7 dBFS] [21.3 dB] [-1.0 ppm]
505E67 (Aircraft, Airborne) -> 10952A (Ground station): Command
AVLC type: I sseq: 0 rseq: 1 poll: 0
 X.25 Data: grp: 11 chan: 255 sseq: 5 rseq: 5 more: 0
  X.25 reasm status: skipped
  X.233 CLNP Data (compressed header):
   LRef: 0x42 Prio: 11 Flags: 0xf6
   Lifetime: 20.0 sec
   PDU Id: 0x409
   X.224 COTP Data:
    dst_ref: 0x53c1
    sseq: 6 req_of_ack: 0 EoT: 1
    COTP reasm status: skipped
    ATN checksum: 8c 03 ac 7e
    X.227 ACSE Release Response:
     Reason: normal
     CPDLC Downlink Message:
      Header:
       Msg ID: 6
       Msg Ref: 7
       Timestamp: 2025-05-04 22:14:04
       Logical ACK: notRequired
      Message data:
       WILCO

[2025-05-05 00:14:05 CEST] [136.975] [-10.5/-31.7 dBFS] [21.1 dB] [-1.2 ppm]
505E67 (Aircraft, Airborne) -> 10952A (Ground station): Command
AVLC type: I sseq: 1 rseq: 1 poll: 0
 X.25 Data: grp: 11 chan: 255 sseq: 6 rseq: 5 more: 0
  X.25 reasm status: skipped
  X.233 CLNP Data (compressed header):
   LRef: 0x41 Prio: 11 Flags: 0xf6
   Lifetime: 20.0 sec
   PDU Id: 0x40a
   X.224 COTP Data:
    dst_ref: 0x8768
    sseq: 0 req_of_ack: 0 EoT: 1
    COTP reasm status: skipped
    ATN checksum: 9a 52 36 cf
    CPDLC Downlink Message:
     Header:
      Msg ID: 0
      Timestamp: 2025-05-04 22:14:04
      Logical ACK: required
     Message data:
      CURRENT DATA AUTHORITY

[2025-05-05 00:14:06 CEST] [136.975] [-10.5/-31.1 dBFS] [20.7 dB] [-1.0 ppm]
505E67 (Aircraft, Airborne) -> 10952A (Ground station): Command
AVLC type: I sseq: 3 rseq: 5 poll: 0
 X.25 Data: grp: 11 chan: 255 sseq: 7 rseq: 7 more: 0
  X.25 reasm status: skipped
  X.233 CLNP Data (compressed header):
   LRef: 0x42 Prio: 11 Flags: 0xf6
   Lifetime: 20.0 sec
   PDU Id: 0x40b
   X.224 COTP Disconnect Confirm:
    src_ref: 0x26ec dst_ref: 0x53c1
    ATN checksum: 22 60 f3 19

[2025-05-05 00:14:08 CEST] [136.975] [-11.2/-30.9 dBFS] [19.8 dB] [-1.0 ppm]
505E67 (Aircraft, Airborne) -> 10952A (Ground station): Command
AVLC type: I sseq: 6 rseq: 7 poll: 0
 X.25 Data: grp: 11 chan: 255 sseq: 1 rseq: 2 more: 0
  X.25 reasm status: skipped
  X.233 CLNP Data (compressed header):
   LRef: 0x41 Prio: 11 Flags: 0xf6
   Lifetime: 20.0 sec
   PDU Id: 0x40d
   X.224 COTP Data Ack:
    dst_ref: 0x8768
    rseq: 2 credit: 2
    ATN checksum: a5 88 6d 93

[2025-05-05 00:14:08 CEST] [136.975] [-11.2/-30.9 dBFS] [19.8 dB] [-1.0 ppm]
505E67 (Aircraft, Airborne) -> 10952A (Ground station): Command
AVLC type: I sseq: 7 rseq: 7 poll: 0
 X.25 Data: grp: 11 chan: 255 sseq: 2 rseq: 2 more: 0
  X.25 reasm status: skipped
  X.233 CLNP Data (compressed header):
   LRef: 0x41 Prio: 11 Flags: 0xf6
   Lifetime: 20.0 sec
   PDU Id: 0x40e
   X.224 COTP Data:
    dst_ref: 0x8768
    sseq: 1 req_of_ack: 0 EoT: 1
    COTP reasm status: skipped
    ATN checksum: 88 87 e0 7e
    CPDLC Downlink Message:
     Header:
      Msg ID: 1
      Msg Ref: 1
      Timestamp: 2025-05-04 22:14:07
      Logical ACK: notRequired
     Message data:
      LOGICAL ACKNOWLEDGMENT

[2025-05-05 00:14:16 CEST] [136.725] [-5.5/-31.5 dBFS] [26.0 dB] [3.8 ppm]
440C32 (Aircraft, Airborne) -> 11984A (Ground station): Command
AVLC type: I sseq: 6 rseq: 0 poll: 0
 X.25 Data: grp: 11 chan: 255 sseq: 4 rseq: 6 more: 0
  X.25 reasm status: skipped
  X.233 CLNP Data (compressed header):
   LRef: 0x43 Prio: 11 Flags: 0xf6
   Lifetime: 20.0 sec
   PDU Id: 0x37f
   X.224 COTP Data Ack:
    dst_ref: 0x53ba
    rseq: 4 credit: 3
    Flow control:
     Acked TPDU nr: 4
     Acked subsequence: 0
     Acked credit: 15
    ATN checksum: 8b 68 00 f4

[2025-05-05 00:14:24 CEST] [136.725] [-8.8/-31.3 dBFS] [22.4 dB] [3.8 ppm]
440219 (Aircraft, Airborne) -> 11985A (Ground station): Response
AVLC type: U (XID) P/F: 1
 XID: Handoff Response
  Public params:
   Parameter set ID: 8885:1993
   Procedure classes: 00 01
   HDLC options: 20 a4 80
  VDL params:
   Parameter set ID: V
   Connection management: 01
   XID sequencing: seq: 1 retry: 0
   AVLC specific options: 25
   Destination airport: LFMN
   Aircraft location: 44.0N 5.9E 20000 ft

[2025-05-05 00:14:47 CEST] [136.725] [1.0/-31.1 dBFS] [32.1 dB] [5.0 ppm]
4D225E (Aircraft, Airborne) -> 11985A (Ground station): Command
AVLC type: I sseq: 7 rseq: 0 poll: 0
 X.25 Data: grp: 11 chan: 255 sseq: 4 rseq: 5 more: 0
  X.25 reasm status: skipped
  X.233 CLNP Data (compressed header):
   LRef: 0x0 Prio: 11 Flags: 0xc0
   Lifetime: 50.0 sec
   PDU Id: 0xba2
   X.224 COTP Data Ack:
    dst_ref: 0x53c3
    rseq: 4 credit: 3
    Checksum: dc 25
    Flow control:
     Acked TPDU nr: 4
     Acked subsequence: 0
     Acked credit: 15

[2025-05-05 00:14:58 CEST] [136.725] [-10.0/-31.0 dBFS] [21.1 dB] [3.3 ppm]
4CAE66 (Aircraft, Airborne) -> 11985A (Ground station): Command
AVLC type: U (XID) P/F: 1
 XID: Handoff Initiation
  Public params:
   Parameter set ID: 8885:1993
   Procedure classes: 00 01
   HDLC options: 20 84 80
  VDL params:
   Parameter set ID: V
   XID sequencing: seq: 1 retry: 0
   Destination airport: LEAL
   Aircraft location: 44.0N 7.1E 31000 ft
   AVLC specific options: 24
   Connection management: 01

[2025-05-05 00:15:42 CEST] [136.675] [-10.0/-31.6 dBFS] [21.6 dB] [3.2 ppm]
4D2208 (Aircraft, Airborne) -> 11907A (Ground station): Command
AVLC type: I sseq: 0 rseq: 0 poll: 0
 ACARS:
  Reassembly: skipped
  Reg: .9H-QBZ Flight: FR62UE
  Mode: 2 Label: 16 Blk id: 4 More: 0 Ack: ! Msg num: M84A
  Message:
   221540,,2217, 108,N   .    MMMM.MMM

[2025-05-05 00:15:48 CEST] [136.725] [-3.4/-31.3 dBFS] [27.9 dB] [3.4 ppm]
440C32 (Aircraft, Airborne) -> 11984A (Ground station): Command
AVLC type: I sseq: 7 rseq: 1 poll: 0
 X.25 Data: grp: 11 chan: 255 sseq: 5 rseq: 7 more: 0
  X.25 reasm status: skipped
  X.233 CLNP Data (compressed header):
   LRef: 0x43 Prio: 11 Flags: 0xf6
   Lifetime: 20.0 sec
   PDU Id: 0x380
   X.224 COTP Data Ack:
    dst_ref: 0x53ba
    rseq: 4 credit: 3
    Flow control:
     Acked TPDU nr: 4
     Acked subsequence: 0
     Acked credit: 15
    ATN checksum: 8b 68 00 f4

[2025-05-05 00:15:51 CEST] [136.725] [-1.7/-31.4 dBFS] [29.7 dB] [3.5 ppm]
440C32 (Aircraft, Airborne) -> 11984A (Ground station): Command
AVLC type: I sseq: 7 rseq: 1 poll: 0
 X.25 Data: grp: 11 chan: 255 sseq: 5 rseq: 7 more: 0
  X.25 reasm status: skipped
  X.233 CLNP Data (compressed header):
   LRef: 0x43 Prio: 11 Flags: 0xf6
   Lifetime: 20.0 sec
   PDU Id: 0x380
   X.224 COTP Data Ack:
    dst_ref: 0x53ba
    rseq: 4 credit: 3
    Flow control:
     Acked TPDU nr: 4
     Acked subsequence: 0
     Acked credit: 15
    ATN checksum: 8b 68 00 f4

