[2025-06-17 00:00:02 CEST] [136.725] [-13.7/-31.2 dBFS] [17.5 dB] [1.0 ppm]
49D563 (Aircraft, Airborne) -> 11985A (Ground station): Command
AVLC type: I sseq: 7 rseq: 6 poll: 0
 X.25 Data: grp: 11 chan: 255 sseq: 2 rseq: 2 more: 0
  X.25 reasm status: skipped
  X.233 CLNP Data (compressed header):
   LRef: 0x42 Prio: 11 Flags: 0xc0
   Lifetime: 50.0 sec
   PDU Id: 0x23f
   X.224 COTP Data:
    dst_ref: 0x214b
    sseq: 4 req_of_ack: 0 EoT: 1
    COTP reasm status: skipped
    Checksum: 6c 62
    CPDLC Downlink Message:
     Header:
      Msg ID: 4
      Msg Ref: 5
      Timestamp: 2025-06-16 22:00:01
      Logical ACK: notRequired
     Message data:
      LOGICAL ACKNOWLEDGMENT

[2025-06-17 00:00:06 CEST] [136.725] [-12.5/-30.9 dBFS] [18.4 dB] [0.7 ppm]
49D563 (Aircraft, Airborne) -> 11985A (Ground station): Command
AVLC type: I sseq: 0 rseq: 1 poll: 0
 X.25 Data: grp: 11 chan: 255 sseq: 3 rseq: 5 more: 0
  X.25 reasm status: skipped
  X.233 CLNP Data (compressed header):
   LRef: 0x43 Prio: 11 Flags: 0xc0
   Lifetime: 50.0 sec
   PDU Id: 0x240
   X.224 COTP Connect Confirm:
    src_ref: 0x0004 dst_ref: 0x860a
    Initial Credit: 1
    Protocol class: 4
    Options: 00 (use normal PDU formats)
    Calling transport selector: 70 6d
    Called/responding transport selector: 02 02
    TPDU size (bytes): 1024
    Checksum: 5e 08
    Additional options: 0x00
    Ack time (ms): 1000
    Priority: 3
    Inactivity timer (ms): 360000
    X.225 Session SPDU: Short Accept
     X.227 ACSE Associate Response:
      Application context name: { 1.3.27.3.1 }
      Associate result: accept
      ATCDownlinkMessage: <empty PDU>

[2025-06-17 00:00:17 CEST] [136.725] [-6.5/-31.4 dBFS] [24.9 dB] [2.5 ppm]
4CADE2 (Aircraft, Airborne) -> 11984A (Ground station): Command
AVLC type: I sseq: 2 rseq: 2 poll: 0
 ACARS:
  Reassembly: skipped
  Reg: .EI-IGW Flight: FR44YY
  Mode: 2 Label: B9 Blk id: 7 More: 0 Ack: ! Msg num: M85A
  Message:
   /LEBL.TI2/024LEBLA93E5

[2025-06-17 00:00:58 CEST] [136.975] [-6.1/-31.1 dBFS] [24.9 dB] [3.4 ppm]
4D2301 (Aircraft, Airborne) -> 10F69B (Ground station): Command
AVLC type: I sseq: 6 rseq: 0 poll: 0
 X.25 Data: grp: 11 chan: 255 sseq: 7 rseq: 2 more: 0
  X.25 reasm status: skipped
  X.233 CLNP Data (compressed header):
   LRef: 0x41 Prio: 11 Flags: 0xc0
   Lifetime: 50.0 sec
   PDU Id: 0x1b4a
   X.224 COTP Data Ack:
    dst_ref: 0x2163
    rseq: 2 credit: 2
    Checksum: ee aa
    Flow control:
     Acked TPDU nr: 2
     Acked subsequence: 0
     Acked credit: 15

[2025-06-17 00:01:02 CEST] [136.675] [-13.2/-31.2 dBFS] [18.0 dB] [1.7 ppm]
48C1A2 (Aircraft, Airborne) -> 11907A (Ground station): Command
AVLC type: I sseq: 3 rseq: 6 poll: 0
 X.25 Data: grp: 11 chan: 254 sseq: 4 rseq: 7 more: 0
  X.25 reasm status: skipped
  X.233 CLNP Data (compressed header):
   LRef: 0x47 Prio: 11 Flags: 0xc0
   Lifetime: 50.0 sec
   PDU Id: 0x16ae
   X.224 COTP Data Ack:
    dst_ref: 0x2168
    rseq: 3 credit: 2
    Checksum: d7 ba
    Flow control:
     Acked TPDU nr: 3
     Acked subsequence: 0
     Acked credit: 15

[2025-06-17 00:01:11 CEST] [136.725] [0.2/-31.0 dBFS] [31.2 dB] [2.2 ppm]
4CADE2 (Aircraft, Airborne) -> 11984A (Ground station): Command
AVLC type: I sseq: 5 rseq: 5 poll: 0
 ACARS:
  Reassembly: skipped
  Reg: .EI-IGW Flight: FR44YY
  Mode: 2 Label: 16 Blk id: 0 More: 0 Ack: ! Msg num: M86A
  Message:
   220109,36996,2248,  84,N 43.670 E  4.686

[2025-06-17 00:01:28 CEST] [136.725] [-1.7/-31.2 dBFS] [29.5 dB] [2.3 ppm]
4CADE2 (Aircraft, Airborne) -> 11984A (Ground station): Command
AVLC type: I sseq: 6 rseq: 7 poll: 0
 X.25 Data: grp: 11 chan: 255 sseq: 0 rseq: 1 more: 0
  X.25 reasm status: skipped
  X.233 CLNP Data (compressed header):
   LRef: 0x1 Prio: 11 Flags: 0xc0
   Lifetime: 50.0 sec
   PDU Id: 0x1ba4
   X.224 COTP Data Ack:
    dst_ref: 0x2148
    rseq: 6 credit: 3
    Checksum: 77 34
    Flow control:
     Acked TPDU nr: 6
     Acked subsequence: 0
     Acked credit: 15

[2025-06-17 00:01:35 CEST] [136.725] [-10.3/-31.8 dBFS] [21.4 dB] [0.8 ppm]
49D563 (Aircraft, Airborne) -> 11985A (Ground station): Command
AVLC type: I sseq: 2 rseq: 4 poll: 0
 X.25 Data: grp: 11 chan: 255 sseq: 5 rseq: 0 more: 0
  X.25 reasm status: skipped
  X.233 CLNP Data (compressed header):
   LRef: 0x42 Prio: 11 Flags: 0xc0
   Lifetime: 50.0 sec
   PDU Id: 0x242
   X.224 COTP Data Ack:
    dst_ref: 0x214b
    rseq: 5 credit: 3
    Checksum: 66 44
    Flow control:
     Acked TPDU nr: 5
     Acked subsequence: 0
     Acked credit: 15

[2025-06-17 00:02:09 CEST] [136.975] [-12.5/-31.3 dBFS] [18.8 dB] [1.7 ppm]
48C1A2 (Aircraft, Airborne) -> 10985A (Ground station): Command
AVLC type: U (XID) P/F: 1
 XID: Handoff Initiation
  Public params:
   Parameter set ID: 8885:1993
   Procedure classes: 00 01
   HDLC options: 20 84 80
  VDL params:
   Parameter set ID: V
   XID sequencing: seq: 0 retry: 0
   Destination airport: LDDU
   Aircraft location: 43.4N 7.1E 0 ft
   Alternate ground stations: 10952A
   AVLC specific options: 24
   Connection management: 01

[2025-06-17 00:02:17 CEST] [136.975] [-12.1/-30.8 dBFS] [18.7 dB] [1.8 ppm]
48C1A2 (Aircraft, Airborne) -> 10985A (Ground station): Command
AVLC type: I sseq: 2 rseq: 2 poll: 0
 X.25 Data: grp: 11 chan: 255 sseq: 0 rseq: 0 more: 0
  X.25 reasm status: skipped
  X.233 CLNP Data (compressed header):
   LRef: 0x48 Prio: 11 Flags: 0xc0
   Lifetime: 50.0 sec
   PDU Id: 0x16af
   X.224 COTP Data Ack:
    dst_ref: 0x8607
    rseq: 0 credit: 1
    Checksum: 7c c6

[2025-06-17 00:02:23 CEST] [136.975] [-10.5/-31.7 dBFS] [21.2 dB] [1.6 ppm]
48C1A2 (Aircraft, Airborne) -> 10985A (Ground station): Command
AVLC type: I sseq: 3 rseq: 4 poll: 0
 X.25 Data: grp: 11 chan: 255 sseq: 1 rseq: 2 more: 0
  X.25 reasm status: skipped
  X.233 CLNP Data (compressed header):
   LRef: 0x47 Prio: 11 Flags: 0xc0
   Lifetime: 50.0 sec
   PDU Id: 0x16b0
   X.224 COTP Data Ack:
    dst_ref: 0x2168
    rseq: 4 credit: 3
    Checksum: d7 69

[2025-06-17 00:02:24 CEST] [136.975] [-10.5/-31.4 dBFS] [20.8 dB] [1.6 ppm]
48C1A2 (Aircraft, Airborne) -> 10985A (Ground station): Command
AVLC type: I sseq: 4 rseq: 4 poll: 0
 X.25 Data: grp: 11 chan: 255 sseq: 2 rseq: 2 more: 0
  X.25 reasm status: skipped
  X.233 CLNP Data (compressed header):
   LRef: 0x47 Prio: 11 Flags: 0xc0
   Lifetime: 50.0 sec
   PDU Id: 0x16b1
   X.224 COTP Data:
    dst_ref: 0x2168
    sseq: 3 req_of_ack: 0 EoT: 1
    COTP reasm status: skipped
    Checksum: c1 6e
    CPDLC Downlink Message:
     Header:
      Msg ID: 3
      Msg Ref: 5
      Timestamp: 2025-06-16 22:02:21
      Logical ACK: notRequired
     Message data:
      LOGICAL ACKNOWLEDGMENT

[2025-06-17 00:02:24 CEST] [136.725] [-8.8/-31.6 dBFS] [22.7 dB] [0.9 ppm]
49D563 (Aircraft, Airborne) -> 11985A (Ground station): Command
AVLC type: I sseq: 3 rseq: 6 poll: 0
 X.25 Data: grp: 11 chan: 255 sseq: 6 rseq: 2 more: 0
  X.25 reasm status: skipped
  X.233 CLNP Data (compressed header):
   LRef: 0x42 Prio: 11 Flags: 0xc0
   Lifetime: 50.0 sec
   PDU Id: 0x243
   X.224 COTP Data Ack:
    dst_ref: 0x214b
    rseq: 6 credit: 3
    Checksum: 61 fa

[2025-06-17 00:02:25 CEST] [136.725] [-8.7/-31.7 dBFS] [23.0 dB] [0.8 ppm]
49D563 (Aircraft, Airborne) -> 11985A (Ground station): Command
AVLC type: I sseq: 4 rseq: 6 poll: 0
 X.25 Data: grp: 11 chan: 255 sseq: 7 rseq: 2 more: 0
  X.25 reasm status: skipped
  X.233 CLNP Data (compressed header):
   LRef: 0x42 Prio: 11 Flags: 0xc0
   Lifetime: 50.0 sec
   PDU Id: 0x244
   X.224 COTP Data:
    dst_ref: 0x214b
    sseq: 5 req_of_ack: 0 EoT: 1
    COTP reasm status: skipped
    Checksum: 48 93
    CPDLC Downlink Message:
     Header:
      Msg ID: 5
      Msg Ref: 7
      Timestamp: 2025-06-16 22:02:24
      Logical ACK: notRequired
     Message data:
      LOGICAL ACKNOWLEDGMENT

[2025-06-17 00:02:30 CEST] [136.975] [-10.1/-31.0 dBFS] [20.9 dB] [3.4 ppm]
4D2301 (Aircraft, Airborne) -> 10F69B (Ground station): Command
AVLC type: I sseq: 0 rseq: 2 poll: 0
 X.25 Data: grp: 11 chan: 255 sseq: 1 rseq: 4 more: 0
  X.25 reasm status: skipped
  X.233 CLNP Data (compressed header):
   LRef: 0x41 Prio: 11 Flags: 0xc0
   Lifetime: 50.0 sec
   PDU Id: 0x1b4c
   X.224 COTP Data Ack:
    dst_ref: 0x2163
    rseq: 2 credit: 2
    Checksum: ee aa
    Flow control:
     Acked TPDU nr: 2
     Acked subsequence: 0
     Acked credit: 15

[2025-06-17 00:02:31 CEST] [136.725] [0.4/-31.2 dBFS] [31.7 dB] [2.1 ppm]
4CADE2 (Aircraft, Airborne) -> 1199BA (Ground station): Command
AVLC type: U (XID) P/F: 1
 XID: Handoff Initiation
  Public params:
   Parameter set ID: 8885:1993
   Procedure classes: 00 01
   HDLC options: 20 84 80
  VDL params:
   Parameter set ID: V
   XID sequencing: seq: 4 retry: 0
   Destination airport: LEBL
   Aircraft location: 43.5N 4.5E 37000 ft
   Alternate ground stations: 11985A 1190AA 11905A
   AVLC specific options: 24
   Connection management: 01

[2025-06-17 00:02:31 CEST] [136.975] [-9.5/-31.5 dBFS] [21.9 dB] [3.1 ppm]
4D2301 (Aircraft, Airborne) -> 10F69B (Ground station): Command
AVLC type: I sseq: 1 rseq: 3 poll: 0
 X.25 Data: grp: 11 chan: 255 sseq: 2 rseq: 5 more: 0
  X.25 reasm status: skipped
  X.233 CLNP Data (compressed header):
   LRef: 0x41 Prio: 11 Flags: 0xc0
   Lifetime: 50.0 sec
   PDU Id: 0x1b4d
   X.224 COTP Data Ack:
    dst_ref: 0x2163
    rseq: 3 credit: 2
    Checksum: fb 4c

[2025-06-17 00:02:32 CEST] [136.975] [-9.3/-31.4 dBFS] [22.0 dB] [3.4 ppm]
4D2301 (Aircraft, Airborne) -> 10F69B (Ground station): Command
AVLC type: I sseq: 2 rseq: 3 poll: 0
 X.25 Data: grp: 11 chan: 255 sseq: 3 rseq: 5 more: 0
  X.25 reasm status: skipped
  X.233 CLNP Data (compressed header):
   LRef: 0x41 Prio: 11 Flags: 0xc0
   Lifetime: 50.0 sec
   PDU Id: 0x1b4e
   X.224 COTP Data:
    dst_ref: 0x2163
    sseq: 2 req_of_ack: 0 EoT: 1
    COTP reasm status: skipped
    Checksum: 48 a0
    CPDLC Downlink Message:
     Header:
      Msg ID: 2
      Msg Ref: 3
      Timestamp: 2025-06-16 22:02:30
      Logical ACK: notRequired
     Message data:
      LOGICAL ACKNOWLEDGMENT

[2025-06-17 00:02:32 CEST] [136.725] [-10.0/-31.1 dBFS] [21.1 dB] [-0.3 ppm]
040046 (Aircraft, Airborne) -> 11984A (Ground station): Command
AVLC type: I sseq: 7 rseq: 0 poll: 0
 X.25 Data: grp: 11 chan: 254 sseq: 4 rseq: 5 more: 0
  X.25 reasm status: skipped
  X.233 CLNP Data (compressed header):
   LRef: 0x42 Prio: 11 Flags: 0xc0
   Lifetime: 50.0 sec
   PDU Id: 0x117
   X.224 COTP Data Ack:
    dst_ref: 0x2154
    rseq: 2 credit: 2
    Checksum: 3a 6e
    Flow control:
     Acked TPDU nr: 2
     Acked subsequence: 0
     Acked credit: 15

[2025-06-17 00:02:35 CEST] [136.975] [-9.4/-31.2 dBFS] [21.9 dB] [1.9 ppm]
48C1A2 (Aircraft, Airborne) -> 10985A (Ground station): Command
AVLC type: I sseq: 6 rseq: 5 poll: 0
 X.25 Data: grp: 11 chan: 255 sseq: 4 rseq: 3 more: 0
  X.25 reasm status: skipped
  X.233 CLNP Data (compressed header):
   LRef: 0x47 Prio: 11 Flags: 0xc0
   Lifetime: 50.0 sec
   PDU Id: 0x16b3
   X.224 COTP Data:
    dst_ref: 0x2168
    sseq: 4 req_of_ack: 0 EoT: 1
    COTP reasm status: skipped
    Checksum: 2d 41
    X.227 ACSE Release Response:
     Reason: normal
     CPDLC Downlink Message:
      Header:
       Msg ID: 4
       Msg Ref: 5
       Timestamp: 2025-06-16 22:02:33
       Logical ACK: notRequired
      Message data:
       WILCO

[2025-06-17 00:02:35 CEST] [136.975] [-9.2/-31.2 dBFS] [22.1 dB] [1.5 ppm]
48C1A2 (Aircraft, Airborne) -> 10985A (Ground station): Command
AVLC type: I sseq: 7 rseq: 5 poll: 0
 X.25 Data: grp: 11 chan: 255 sseq: 5 rseq: 3 more: 0
  X.25 reasm status: skipped
  X.233 CLNP Data (compressed header):
   LRef: 0x48 Prio: 11 Flags: 0xc0
   Lifetime: 50.0 sec
   PDU Id: 0x16b4
   X.224 COTP Data:
    dst_ref: 0x8607
    sseq: 0 req_of_ack: 0 EoT: 1
    COTP reasm status: skipped
    Checksum: 8a c3
    CPDLC Downlink Message:
     Header:
      Msg ID: 0
      Timestamp: 2025-06-16 22:02:34
      Logical ACK: required
     Message data:
      CURRENT DATA AUTHORITY

[2025-06-17 00:02:37 CEST] [136.975] [-9.4/-31.2 dBFS] [21.8 dB] [1.6 ppm]
48C1A2 (Aircraft, Airborne) -> 10985A (Ground station): Command
AVLC type: I sseq: 0 rseq: 0 poll: 0
 X.25 Data: grp: 11 chan: 255 sseq: 6 rseq: 6 more: 0
  X.25 reasm status: skipped
  X.233 CLNP Data (compressed header):
   LRef: 0x47 Prio: 11 Flags: 0xc0
   Lifetime: 50.0 sec
   PDU Id: 0x16b5
   X.224 COTP Disconnect Confirm:
    src_ref: 0x001f dst_ref: 0x2168
    Checksum: 82 45

[2025-06-17 00:02:38 CEST] [136.975] [-9.8/-31.0 dBFS] [21.3 dB] [1.6 ppm]
48C1A2 (Aircraft, Airborne) -> 10985A (Ground station): Command
AVLC type: I sseq: 1 rseq: 1 poll: 0
 X.25 Data: grp: 11 chan: 255 sseq: 7 rseq: 7 more: 0
  X.25 reasm status: skipped
  X.233 CLNP Data (compressed header):
   LRef: 0x48 Prio: 11 Flags: 0xc0
   Lifetime: 50.0 sec
   PDU Id: 0x16b6
   X.224 COTP Data Ack:
    dst_ref: 0x8607
    rseq: 1 credit: 2
    Checksum: 71 cf

[2025-06-17 00:02:38 CEST] [136.975] [-8.5/-31.1 dBFS] [22.6 dB] [3.2 ppm]
4D2301 (Aircraft, Airborne) -> 10F69B (Ground station): Command
AVLC type: I sseq: 3 rseq: 4 poll: 0
 X.25 Data: grp: 11 chan: 255 sseq: 4 rseq: 6 more: 0
  X.25 reasm status: skipped
  X.233 CLNP Data (compressed header):
   LRef: 0x41 Prio: 11 Flags: 0xc0
   Lifetime: 50.0 sec
   PDU Id: 0x1b4f
   X.224 COTP Data:
    dst_ref: 0x2163
    sseq: 3 req_of_ack: 0 EoT: 1
    COTP reasm status: skipped
    Checksum: 16 ab
    CPDLC Downlink Message:
     Header:
      Msg ID: 3
      Msg Ref: 3
      Timestamp: 2025-06-16 22:02:37
      Logical ACK: required
     Message data:
      WILCO

[2025-06-17 00:02:39 CEST] [136.975] [-9.9/-31.0 dBFS] [21.1 dB] [1.7 ppm]
48C1A2 (Aircraft, Airborne) -> 10985A (Ground station): Command
AVLC type: I sseq: 2 rseq: 2 poll: 0
 X.25 Data: grp: 11 chan: 255 sseq: 0 rseq: 0 more: 0
  X.25 reasm status: skipped
  X.233 CLNP Data (compressed header):
   LRef: 0x48 Prio: 11 Flags: 0xc0
   Lifetime: 50.0 sec
   PDU Id: 0x16b7
   X.224 COTP Data Ack:
    dst_ref: 0x8607
    rseq: 2 credit: 2
    Checksum: 6d d2

[2025-06-17 00:02:40 CEST] [136.975] [-9.9/-31.5 dBFS] [21.6 dB] [1.9 ppm]
48C1A2 (Aircraft, Airborne) -> 10985A (Ground station): Command
AVLC type: I sseq: 3 rseq: 2 poll: 0
 X.25 Data: grp: 11 chan: 255 sseq: 1 rseq: 0 more: 0
  X.25 reasm status: skipped
  X.233 CLNP Data (compressed header):
   LRef: 0x48 Prio: 11 Flags: 0xc0
   Lifetime: 50.0 sec
   PDU Id: 0x16b8
   X.224 COTP Data:
    dst_ref: 0x8607
    sseq: 1 req_of_ack: 0 EoT: 1
    COTP reasm status: skipped
    Checksum: dc 81
    CPDLC Downlink Message:
     Header:
      Msg ID: 1
      Msg Ref: 1
      Timestamp: 2025-06-16 22:02:38
      Logical ACK: notRequired
     Message data:
      LOGICAL ACKNOWLEDGMENT

[2025-06-17 00:02:43 CEST] [136.975] [-9.3/-31.6 dBFS] [22.3 dB] [3.3 ppm]
4D2301 (Aircraft, Airborne) -> 10F69B (Ground station): Command
AVLC type: I sseq: 3 rseq: 4 poll: 0
 X.25 Data: grp: 11 chan: 255 sseq: 4 rseq: 6 more: 0
  X.25 reasm status: skipped
  X.233 CLNP Data (compressed header):
   LRef: 0x41 Prio: 11 Flags: 0xc0
   Lifetime: 50.0 sec
   PDU Id: 0x1b4f
   X.224 COTP Data:
    dst_ref: 0x2163
    sseq: 3 req_of_ack: 0 EoT: 1
    COTP reasm status: skipped
    Checksum: 16 ab
    CPDLC Downlink Message:
     Header:
      Msg ID: 3
      Msg Ref: 3
      Timestamp: 2025-06-16 22:02:37
      Logical ACK: required
     Message data:
      WILCO

[2025-06-17 00:02:43 CEST] [136.975] [-9.3/-31.3 dBFS] [22.0 dB] [1.5 ppm]
48C1A2 (Aircraft, Airborne) -> 10985A (Ground station): Command
AVLC type: I sseq: 2 rseq: 2 poll: 0
 X.25 Data: grp: 11 chan: 255 sseq: 0 rseq: 0 more: 0
  X.25 reasm status: skipped
  X.233 CLNP Data (compressed header):
   LRef: 0x48 Prio: 11 Flags: 0xc0
   Lifetime: 50.0 sec
   PDU Id: 0x16b7
   X.224 COTP Data Ack:
    dst_ref: 0x8607
    rseq: 2 credit: 2
    Checksum: 6d d2

[2025-06-17 00:02:44 CEST] [136.975] [-9.2/-31.1 dBFS] [21.8 dB] [1.8 ppm]
48C1A2 (Aircraft, Airborne) -> 10985A (Ground station): Command
AVLC type: I sseq: 3 rseq: 2 poll: 0
 X.25 Data: grp: 11 chan: 255 sseq: 1 rseq: 0 more: 0
  X.25 reasm status: skipped
  X.233 CLNP Data (compressed header):
   LRef: 0x48 Prio: 11 Flags: 0xc0
   Lifetime: 50.0 sec
   PDU Id: 0x16b8
   X.224 COTP Data:
    dst_ref: 0x8607
    sseq: 1 req_of_ack: 0 EoT: 1
    COTP reasm status: skipped
    Checksum: dc 81
    CPDLC Downlink Message:
     Header:
      Msg ID: 1
      Msg Ref: 1
      Timestamp: 2025-06-16 22:02:38
      Logical ACK: notRequired
     Message data:
      LOGICAL ACKNOWLEDGMENT

[2025-06-17 00:02:44 CEST] [136.725] [-13.4/-31.2 dBFS] [17.8 dB] [0.7 ppm]
49D563 (Aircraft, Airborne) -> 11985A (Ground station): Command
AVLC type: I sseq: 7 rseq: 3 poll: 0
 X.25 Data: grp: 11 chan: 255 sseq: 2 rseq: 6 more: 0
  X.25 reasm status: skipped
  X.233 CLNP Data (compressed header):
   LRef: 0x42 Prio: 11 Flags: 0xc0
   Lifetime: 50.0 sec
   PDU Id: 0x247
   X.224 COTP Disconnect Confirm:
    src_ref: 0x0003 dst_ref: 0x214b
    Checksum: a1 5f

[2025-06-17 00:02:45 CEST] [136.725] [-12.6/-31.1 dBFS] [18.5 dB] [1.1 ppm]
49D563 (Aircraft, Airborne) -> 11985A (Ground station): Command
AVLC type: I sseq: 0 rseq: 3 poll: 0
 X.25 Data: grp: 11 chan: 255 sseq: 3 rseq: 7 more: 0
  X.25 reasm status: skipped
  X.233 CLNP Data (compressed header):
   LRef: 0x43 Prio: 11 Flags: 0xc0
   Lifetime: 50.0 sec
   PDU Id: 0x248
   X.224 COTP Data Ack:
    dst_ref: 0x860a
    rseq: 1 credit: 2
    Checksum: 62 db

[2025-06-17 00:02:46 CEST] [136.725] [-11.7/-31.4 dBFS] [19.7 dB] [0.8 ppm]
49D563 (Aircraft, Airborne) -> 11985A (Ground station): Command
AVLC type: I sseq: 1 rseq: 4 poll: 0
 X.25 Data: grp: 11 chan: 255 sseq: 4 rseq: 0 more: 0
  X.25 reasm status: skipped
  X.233 CLNP Data (compressed header):
   LRef: 0x43 Prio: 11 Flags: 0xc0
   Lifetime: 50.0 sec
   PDU Id: 0x249
   X.224 COTP Data Ack:
    dst_ref: 0x860a
    rseq: 2 credit: 2
    Checksum: 5e de

[2025-06-17 00:02:46 CEST] [136.725] [-11.7/-31.0 dBFS] [19.4 dB] [0.8 ppm]
49D563 (Aircraft, Airborne) -> 11985A (Ground station): Command
AVLC type: I sseq: 2 rseq: 4 poll: 0
 X.25 Data: grp: 11 chan: 255 sseq: 5 rseq: 0 more: 0
  X.25 reasm status: skipped
  X.233 CLNP Data (compressed header):
   LRef: 0x43 Prio: 11 Flags: 0xc0
   Lifetime: 50.0 sec
   PDU Id: 0x24a
   X.224 COTP Data:
    dst_ref: 0x860a
    sseq: 1 req_of_ack: 0 EoT: 1
    COTP reasm status: skipped
    Checksum: 92 0d
    CPDLC Downlink Message:
     Header:
      Msg ID: 1
      Msg Ref: 1
      Timestamp: 2025-06-16 22:02:45
      Logical ACK: notRequired
     Message data:
      LOGICAL ACKNOWLEDGMENT

[2025-06-17 00:02:59 CEST] [136.975] [-9.1/-30.9 dBFS] [21.8 dB] [3.3 ppm]
4D2301 (Aircraft, Airborne) -> 10F69B (Ground station): Command
AVLC type: I sseq: 4 rseq: 6 poll: 0
 X.25 Data: grp: 11 chan: 255 sseq: 5 rseq: 0 more: 0
  X.25 reasm status: skipped
  X.233 CLNP Data (compressed header):
   LRef: 0x41 Prio: 11 Flags: 0xc0
   Lifetime: 50.0 sec
   PDU Id: 0x1b50
   X.224 COTP Data Ack:
    dst_ref: 0x2163
    rseq: 4 credit: 3
    Checksum: f0 55

[2025-06-17 00:03:02 CEST] [136.725] [-7.3/-31.4 dBFS] [24.1 dB] [2.2 ppm]
4CADE2 (Aircraft, Airborne) -> 1199BA (Ground station): Command
AVLC type: I sseq: 2 rseq: 4 poll: 0
 X.25 Data: grp: 11 chan: 254 sseq: 0 rseq: 2 more: 0
  X.25 reasm status: skipped
  X.233 CLNP Data (compressed header):
   LRef: 0x1 Prio: 11 Flags: 0xc0
   Lifetime: 50.0 sec
   PDU Id: 0x1ba6
   X.224 COTP Data Ack:
    dst_ref: 0x2148
    rseq: 6 credit: 3
    Checksum: 77 34
    Flow control:
     Acked TPDU nr: 6
     Acked subsequence: 0
     Acked credit: 15

[2025-06-17 00:03:15 CEST] [136.975] [-10.1/-30.8 dBFS] [20.7 dB] [3.3 ppm]
4D2301 (Aircraft, Airborne) -> 10F69B (Ground station): Command
AVLC type: I sseq: 5 rseq: 6 poll: 0
 ACARS:
  Reassembly: skipped
  Reg: .9H-VUC Flight: FR33SJ
  Mode: 2 Label: 16 Blk id: 2 More: 0 Ack: ! Msg num: M58A
  Message:
   220313,36983,2317, 114,N 43.676 E  6.640

[2025-06-17 00:04:07 CEST] [136.725] [-7.8/-30.8 dBFS] [23.0 dB] [-0.3 ppm]
040046 (Aircraft, Airborne) -> 11984A (Ground station): Command
AVLC type: I sseq: 0 rseq: 1 poll: 0
 X.25 Data: grp: 11 chan: 254 sseq: 5 rseq: 6 more: 0
  X.25 reasm status: skipped
  X.233 CLNP Data (compressed header):
   LRef: 0x42 Prio: 11 Flags: 0xc0
   Lifetime: 50.0 sec
   PDU Id: 0x118
   X.224 COTP Data Ack:
    dst_ref: 0x2154
    rseq: 2 credit: 2
    Checksum: 3a 6e
    Flow control:
     Acked TPDU nr: 2
     Acked subsequence: 0
     Acked credit: 15

[2025-06-17 00:04:11 CEST] [136.725] [-7.6/-31.2 dBFS] [23.6 dB] [-0.5 ppm]
040046 (Aircraft, Airborne) -> 11984A (Ground station): Command
AVLC type: I sseq: 0 rseq: 1 poll: 0
 X.25 Data: grp: 11 chan: 254 sseq: 5 rseq: 6 more: 0
  X.25 reasm status: skipped
  X.233 CLNP Data (compressed header):
   LRef: 0x42 Prio: 11 Flags: 0xc0
   Lifetime: 50.0 sec
   PDU Id: 0x118
   X.224 COTP Data Ack:
    dst_ref: 0x2154
    rseq: 2 credit: 2
    Checksum: 3a 6e
    Flow control:
     Acked TPDU nr: 2
     Acked subsequence: 0
     Acked credit: 15

[2025-06-17 00:04:12 CEST] [136.975] [-6.9/-31.2 dBFS] [24.3 dB] [3.2 ppm]
4D2301 (Aircraft, Airborne) -> 10F69B (Ground station): Command
AVLC type: I sseq: 6 rseq: 0 poll: 0
 X.25 Data: grp: 11 chan: 255 sseq: 6 rseq: 1 more: 0
  X.25 reasm status: skipped
  X.233 CLNP Data (compressed header):
   LRef: 0x41 Prio: 11 Flags: 0xc0
   Lifetime: 50.0 sec
   PDU Id: 0x1b51
   X.224 COTP Data Ack:
    dst_ref: 0x2163
    rseq: 4 credit: 3
    Checksum: eb a8
    Flow control:
     Acked TPDU nr: 4
     Acked subsequence: 0
     Acked credit: 15

[2025-06-17 00:04:14 CEST] [136.975] [-10.3/-31.0 dBFS] [20.7 dB] [0.9 ppm]
49D563 (Aircraft, Airborne) -> 10985A (Ground station): Command
AVLC type: U (XID) P/F: 1
 XID: Handoff Initiation
  Public params:
   Parameter set ID: 8885:1993
   Procedure classes: 00 01
   HDLC options: 20 84 80
  VDL params:
   Parameter set ID: V
   XID sequencing: seq: 1 retry: 0
   Destination airport: LZIB
   Aircraft location: 43.5N 7.3E 0 ft
   Alternate ground stations: 10952A
   AVLC specific options: 24
   Connection management: 01

[2025-06-17 00:04:21 CEST] [136.975] [-11.9/-31.3 dBFS] [19.5 dB] [0.7 ppm]
49D563 (Aircraft, Airborne) -> 10985A (Ground station): Command
AVLC type: I sseq: 2 rseq: 3 poll: 0
 X.25 Data: grp: 11 chan: 254 sseq: 0 rseq: 1 more: 0
  X.25 reasm status: skipped
  X.233 CLNP Data (compressed header):
   LRef: 0x43 Prio: 11 Flags: 0xc0
   Lifetime: 50.0 sec
   PDU Id: 0x24b
   X.224 COTP Data Ack:
    dst_ref: 0x860a
    rseq: 3 credit: 2
    Checksum: 5a e1

[2025-06-17 00:04:21 CEST] [136.975] [-11.4/-31.2 dBFS] [19.8 dB] [0.7 ppm]
49D563 (Aircraft, Airborne) -> 10985A (Ground station): Command
AVLC type: I sseq: 3 rseq: 3 poll: 0
 X.25 Data: grp: 11 chan: 254 sseq: 1 rseq: 1 more: 0
  X.25 reasm status: skipped
  X.233 CLNP Data (compressed header):
   LRef: 0x43 Prio: 11 Flags: 0xc0
   Lifetime: 50.0 sec
   PDU Id: 0x24c
   X.224 COTP Data:
    dst_ref: 0x860a
    sseq: 2 req_of_ack: 0 EoT: 1
    COTP reasm status: skipped
    Checksum: 9f f3
    CPDLC Downlink Message:
     Header:
      Msg ID: 2
      Msg Ref: 2
      Timestamp: 2025-06-16 22:04:20
      Logical ACK: notRequired
     Message data:
      LOGICAL ACKNOWLEDGMENT

[2025-06-17 00:04:32 CEST] [136.725] [-6.1/-31.3 dBFS] [25.2 dB] [2.0 ppm]
4CADE2 (Aircraft, Airborne) -> 1199BA (Ground station): Command
AVLC type: I sseq: 3 rseq: 5 poll: 0
 X.25 Data: grp: 11 chan: 254 sseq: 1 rseq: 3 more: 0
  X.25 reasm status: skipped
  X.233 CLNP Data (compressed header):
   LRef: 0x1 Prio: 11 Flags: 0xc0
   Lifetime: 50.0 sec
   PDU Id: 0x1ba7
   X.224 COTP Data Ack:
    dst_ref: 0x2148
    rseq: 6 credit: 3
    Checksum: 77 34
    Flow control:
     Acked TPDU nr: 6
     Acked subsequence: 0
     Acked credit: 15

[2025-06-17 00:04:55 CEST] [136.975] [-10.6/-31.6 dBFS] [21.0 dB] [1.6 ppm]
48C1A2 (Aircraft, Airborne) -> 10985A (Ground station): Command
AVLC type: I sseq: 6 rseq: 7 poll: 0
 X.25 Data: grp: 11 chan: 255 sseq: 4 rseq: 5 more: 0
  X.25 reasm status: skipped
  X.233 CLNP Data (compressed header):
   LRef: 0x48 Prio: 11 Flags: 0xc0
   Lifetime: 50.0 sec
   PDU Id: 0x16bb
   X.224 COTP Data Ack:
    dst_ref: 0x8607
    rseq: 3 credit: 2
    Checksum: db bf
    Flow control:
     Acked TPDU nr: 3
     Acked subsequence: 0
     Acked credit: 2

[2025-06-17 00:05:09 CEST] [136.725] [-10.9/-31.5 dBFS] [20.6 dB] [-0.4 ppm]
040046 (Aircraft, Airborne) -> 11984A (Ground station): Command
AVLC type: I sseq: 4 rseq: 4 poll: 0
 ACARS:
  Reassembly: out of sequence
  Reg: .ET-AOP Flight: ET0509
  Mode: 2 Label: H1 Blk id: 7 More: 1 Ack: ! Msg num: D12C
  Sublabel: DF
  Message:
   00000000000000
   R00200000000000000000000000000000000000000000
   L 1111 111 11VALID
   R 1111 111 11VALID
   L1110000
   R1110000
   L110111
   R110111
   L1111111
   R1111111
   L1111101 1 1 11
   R1111101 1 1 11
   L0000000100

[2025-06-17 00:05:11 CEST] [136.725] [-10.5/-31.9 dBFS] [21.4 dB] [-0.6 ppm]
040046 (Aircraft, Airborne) -> 11984A (Ground station): Command
AVLC type: I sseq: 5 rseq: 5 poll: 0
 ACARS:
  Reassembly: out of sequence
  Reg: .ET-AOP Flight: ET0509
  Mode: 2 Label: H1 Blk id: 8 More: 1 Ack: ! Msg num: D12D
  Sublabel: DF
  Message:
   0000A000220018000080400000002900010000
   R00000000000000A00022C018000080400000001900010000
   L0000000000000000000000001049001E2
   R0000000020000000000000002049001E2
   LNORMRUN 128 2280001A246
   RNORMRUN 243 2280

[2025-06-17 00:05:15 CEST] [136.725] [-7.9/-30.9 dBFS] [23.0 dB] [-0.7 ppm]
040046 (Aircraft, Airborne) -> 11984A (Ground station): Command
AVLC type: I sseq: 6 rseq: 6 poll: 0
 ACARS:
  Reassembly: out of sequence
  Reg: .ET-AOP Flight: ET0509
  Mode: 2 Label: H1 Blk id: 9 More: 1 Ack: ! Msg num: D12E
  Sublabel: DF
  Message:
   001A246
    39000 -240 -5512631844  289  29 -03 0
   L843   2 2825 353 310  542  829   05
   R843   3 3522 416 440  555  830   09
   080808170817  170  -10  -10
   L620 978 895 896  01 897 8961040 7560 7560
   R620 978

[2025-06-17 00:05:18 CEST] [136.725] [-9.8/-31.0 dBFS] [21.3 dB] [-0.8 ppm]
040046 (Aircraft, Airborne) -> 11984A (Ground station): Command
AVLC type: I sseq: 7 rseq: 7 poll: 0
 ACARS:
  Reassembly: out of sequence
  Reg: .ET-AOP Flight: ET0509
  Mode: 2 Label: H1 Blk id: 0 More: 1 Ack: ! Msg num: D12F
  Sublabel: DF
  Message:
    896 896  00 897 8971038 7467 7467
   L 5641 5686 5685  640  640  202  202 1039 1049
   R 5584 5544 5546  635  635  204  204 1041 1049
   L  279 2727  43  03   770   940   791   980
   R  273 2687  41  03   780   9

[2025-06-17 00:05:41 CEST] [136.725] [-8.7/-31.3 dBFS] [22.6 dB] [-0.5 ppm]
040046 (Aircraft, Airborne) -> 11984A (Ground station): Command
AVLC type: I sseq: 4 rseq: 5 poll: 0
 X.25 Data: grp: 11 chan: 254 sseq: 7 rseq: 0 more: 0
  X.25 reasm status: skipped
  X.233 CLNP Data (compressed header):
   LRef: 0x42 Prio: 11 Flags: 0xc0
   Lifetime: 50.0 sec
   PDU Id: 0x11a
   X.224 COTP Data Ack:
    dst_ref: 0x2154
    rseq: 2 credit: 2
    Checksum: 3a 6e
    Flow control:
     Acked TPDU nr: 2
     Acked subsequence: 0
     Acked credit: 15

[2025-06-17 00:05:43 CEST] [136.975] [0.3/-31.0 dBFS] [31.3 dB] [3.2 ppm]
4D2301 (Aircraft, Airborne) -> 10F69B (Ground station): Command
AVLC type: I sseq: 7 rseq: 1 poll: 0
 X.25 Data: grp: 11 chan: 255 sseq: 7 rseq: 2 more: 0
  X.25 reasm status: skipped
  X.233 CLNP Data (compressed header):
   LRef: 0x41 Prio: 11 Flags: 0xc0
   Lifetime: 50.0 sec
   PDU Id: 0x1b52
   X.224 COTP Data Ack:
    dst_ref: 0x2163
    rseq: 4 credit: 3
    Checksum: eb a8
    Flow control:
     Acked TPDU nr: 4
     Acked subsequence: 0
     Acked credit: 15

[2025-06-17 00:05:45 CEST] [136.725] [-9.6/-30.9 dBFS] [21.3 dB] [-0.8 ppm]
040046 (Aircraft, Airborne) -> 11984A (Ground station): Command
AVLC type: I sseq: 4 rseq: 5 poll: 0
 X.25 Data: grp: 11 chan: 254 sseq: 7 rseq: 0 more: 0
  X.25 reasm status: skipped
  X.233 CLNP Data (compressed header):
   LRef: 0x42 Prio: 11 Flags: 0xc0
   Lifetime: 50.0 sec
   PDU Id: 0x11a
   X.224 COTP Data Ack:
    dst_ref: 0x2154
    rseq: 2 credit: 2
    Checksum: 3a 6e
    Flow control:
     Acked TPDU nr: 2
     Acked subsequence: 0
     Acked credit: 15

[2025-06-17 00:06:04 CEST] [136.725] [-9.6/-31.3 dBFS] [21.7 dB] [1.9 ppm]
4CADE2 (Aircraft, Airborne) -> 1199BA (Ground station): Command
AVLC type: I sseq: 4 rseq: 6 poll: 0
 X.25 Data: grp: 11 chan: 254 sseq: 2 rseq: 4 more: 0
  X.25 reasm status: skipped
  X.233 CLNP Data (compressed header):
   LRef: 0x1 Prio: 11 Flags: 0xc0
   Lifetime: 50.0 sec
   PDU Id: 0x1ba8
   X.224 COTP Data Ack:
    dst_ref: 0x2148
    rseq: 6 credit: 3
    Checksum: 77 34
    Flow control:
     Acked TPDU nr: 6
     Acked subsequence: 0
     Acked credit: 15

[2025-06-17 00:06:06 CEST] [136.725] [-10.7/-31.1 dBFS] [20.4 dB] [1.8 ppm]
4CADE2 (Aircraft, Airborne) -> 1199BA (Ground station): Command
AVLC type: I sseq: 5 rseq: 7 poll: 0
 X.25 Data: grp: 11 chan: 254 sseq: 3 rseq: 5 more: 0
  X.25 reasm status: skipped
  X.233 CLNP Data (compressed header):
   LRef: 0x1 Prio: 11 Flags: 0xc0
   Lifetime: 50.0 sec
   PDU Id: 0x1ba9
   X.224 COTP Data Ack:
    dst_ref: 0x2148
    rseq: 7 credit: 3
    Checksum: 6c f1

[2025-06-17 00:06:07 CEST] [136.725] [-9.8/-31.3 dBFS] [21.4 dB] [2.0 ppm]
4CADE2 (Aircraft, Airborne) -> 1199BA (Ground station): Command
AVLC type: I sseq: 6 rseq: 7 poll: 0
 X.25 Data: grp: 11 chan: 254 sseq: 4 rseq: 5 more: 0
  X.25 reasm status: skipped
  X.233 CLNP Data (compressed header):
   LRef: 0x1 Prio: 11 Flags: 0xc0
   Lifetime: 50.0 sec
   PDU Id: 0x1baa
   X.224 COTP Data:
    dst_ref: 0x2148
    sseq: 6 req_of_ack: 0 EoT: 1
    COTP reasm status: skipped
    Checksum: 48 28
    CPDLC Downlink Message:
     Header:
      Msg ID: 6
      Msg Ref: 7
      Timestamp: 2025-06-16 22:06:05
      Logical ACK: notRequired
     Message data:
      LOGICAL ACKNOWLEDGMENT

[2025-06-17 00:06:12 CEST] [136.725] [-12.9/-31.4 dBFS] [18.4 dB] [2.0 ppm]
4CADE2 (Aircraft, Airborne) -> 1199BA (Ground station): Command
AVLC type: I sseq: 7 rseq: 1 poll: 0
 X.25 Data: grp: 11 chan: 254 sseq: 5 rseq: 7 more: 0
  X.25 reasm status: skipped
  X.233 CLNP Data (compressed header):
   LRef: 0x41 Prio: 11 Flags: 0xc0
   Lifetime: 50.0 sec
   PDU Id: 0x1bab
   X.224 COTP Connect Confirm:
    src_ref: 0x0018 dst_ref: 0xfc0c
    Initial Credit: 1
    Protocol class: 4
    Options: 00 (use normal PDU formats)
    Calling transport selector: 65 6d
    Called/responding transport selector: 02 02
    TPDU size (bytes): 1024
    Checksum: 45 72
    Additional options: 0x00
    Ack time (ms): 1000
    Priority: 3
    Inactivity timer (ms): 360000
    X.225 Session SPDU: Short Accept
     X.227 ACSE Associate Response:
      Application context name: { 1.3.27.3.1 }
      Associate result: accept
      ATCDownlinkMessage: <empty PDU>

[2025-06-17 00:06:56 CEST] [136.975] [-0.3/-31.1 dBFS] [30.7 dB] [3.2 ppm]
4D2301 (Aircraft, Airborne) -> 10F69B (Ground station): Command
AVLC type: I sseq: 0 rseq: 1 poll: 0
 ACARS:
  Reassembly: skipped
  Reg: .9H-VUC Flight: FR33SJ
  Mode: 2 Label: B9 Blk id: 3 More: 0 Ack: ! Msg num: M59A
  Message:
   /LEVC.TI2/024LEVCA1C78

[2025-06-17 00:07:09 CEST] [136.725] [-11.4/-31.5 dBFS] [20.2 dB] [-0.7 ppm]
040046 (Aircraft, Airborne) -> 11984A (Ground station): Command
AVLC type: I sseq: 5 rseq: 6 poll: 0
 X.25 Data: grp: 11 chan: 254 sseq: 0 rseq: 1 more: 0
  X.25 reasm status: skipped
  X.233 CLNP Data (compressed header):
   LRef: 0x42 Prio: 11 Flags: 0xc0
   Lifetime: 50.0 sec
   PDU Id: 0x11b
   X.224 COTP Data Ack:
    dst_ref: 0x2154
    rseq: 2 credit: 2
    Checksum: 3a 6e
    Flow control:
     Acked TPDU nr: 2
     Acked subsequence: 0
     Acked credit: 15

[2025-06-17 00:07:15 CEST] [136.975] [-0.6/-31.5 dBFS] [30.9 dB] [3.0 ppm]
4D2301 (Aircraft, Airborne) -> 10F69B (Ground station): Command
AVLC type: I sseq: 4 rseq: 6 poll: 0
 X.25 Data: grp: 11 chan: 255 sseq: 1 rseq: 4 more: 0
  X.25 reasm status: skipped
  X.233 CLNP Data (compressed header):
   LRef: 0x41 Prio: 11 Flags: 0xc0
   Lifetime: 50.0 sec
   PDU Id: 0x1b54
   X.224 COTP Data Ack:
    dst_ref: 0x2163
    rseq: 4 credit: 3
    Checksum: eb a8
    Flow control:
     Acked TPDU nr: 4
     Acked subsequence: 0
     Acked credit: 15

[2025-06-17 00:07:31 CEST] [136.725] [-6.0/-31.4 dBFS] [25.4 dB] [-0.9 ppm]
040046 (Aircraft, Airborne) -> 11984A (Ground station): Command
AVLC type: I sseq: 6 rseq: 7 poll: 0
 X.25 Data: grp: 11 chan: 254 sseq: 1 rseq: 2 more: 0
  X.25 reasm status: skipped
  X.233 CLNP Data (compressed header):
   LRef: 0x42 Prio: 11 Flags: 0xc0
   Lifetime: 50.0 sec
   PDU Id: 0x11c
   X.224 COTP Data Ack:
    dst_ref: 0x2154
    rseq: 3 credit: 2
    Checksum: 47 10

[2025-06-17 00:07:32 CEST] [136.725] [-5.4/-31.0 dBFS] [25.6 dB] [-0.8 ppm]
040046 (Aircraft, Airborne) -> 11984A (Ground station): Command
AVLC type: I sseq: 7 rseq: 7 poll: 0
 X.25 Data: grp: 11 chan: 254 sseq: 2 rseq: 2 more: 0
  X.25 reasm status: skipped
  X.233 CLNP Data (compressed header):
   LRef: 0x42 Prio: 11 Flags: 0xc0
   Lifetime: 50.0 sec
   PDU Id: 0x11d
   X.224 COTP Data:
    dst_ref: 0x2154
    sseq: 2 req_of_ack: 0 EoT: 1
    COTP reasm status: skipped
    Checksum: a4 71
    CPDLC Downlink Message:
     Header:
      Msg ID: 2
      Msg Ref: 3
      Timestamp: 2025-06-16 22:07:32
      Logical ACK: notRequired
     Message data:
      LOGICAL ACKNOWLEDGMENT

[2025-06-17 00:07:38 CEST] [136.725] [-5.6/-31.1 dBFS] [25.5 dB] [-0.7 ppm]
040046 (Aircraft, Airborne) -> 11984A (Ground station): Command
AVLC type: I sseq: 0 rseq: 0 poll: 0
 X.25 Data: grp: 11 chan: 254 sseq: 3 rseq: 3 more: 0
  X.25 reasm status: skipped
  X.233 CLNP Data (compressed header):
   LRef: 0x42 Prio: 11 Flags: 0xc0
   Lifetime: 50.0 sec
   PDU Id: 0x11e
   X.224 COTP Data:
    dst_ref: 0x2154
    sseq: 3 req_of_ack: 0 EoT: 1
    COTP reasm status: skipped
    Checksum: fd 19
    CPDLC Downlink Message:
     Header:
      Msg ID: 3
      Msg Ref: 3
      Timestamp: 2025-06-16 22:07:37
      Logical ACK: required
     Message data:
      WILCO

[2025-06-17 00:07:41 CEST] [136.725] [-7.8/-30.9 dBFS] [23.2 dB] [-0.7 ppm]
040046 (Aircraft, Airborne) -> 11984A (Ground station): Command
AVLC type: I sseq: 1 rseq: 2 poll: 0
 X.25 Data: grp: 11 chan: 254 sseq: 4 rseq: 5 more: 0
  X.25 reasm status: skipped
  X.233 CLNP Data (compressed header):
   LRef: 0x42 Prio: 11 Flags: 0xc0
   Lifetime: 50.0 sec
   PDU Id: 0x11f
   X.224 COTP Data Ack:
    dst_ref: 0x2154
    rseq: 4 credit: 3
    Checksum: 3c 19

[2025-06-17 00:08:47 CEST] [136.975] [-2.0/-31.2 dBFS] [29.2 dB] [2.9 ppm]
4D2301 (Aircraft, Airborne) -> 10F69B (Ground station): Command
AVLC type: I sseq: 5 rseq: 7 poll: 0
 X.25 Data: grp: 11 chan: 255 sseq: 2 rseq: 5 more: 0
  X.25 reasm status: skipped
  X.233 CLNP Data (compressed header):
   LRef: 0x41 Prio: 11 Flags: 0xc0
   Lifetime: 50.0 sec
   PDU Id: 0x1b55
   X.224 COTP Data Ack:
    dst_ref: 0x2163
    rseq: 4 credit: 3
    Checksum: eb a8
    Flow control:
     Acked TPDU nr: 4
     Acked subsequence: 0
     Acked credit: 15

[2025-06-17 00:09:11 CEST] [136.725] [-11.3/-30.9 dBFS] [19.5 dB] [-1.1 ppm]
040046 (Aircraft, Airborne) -> 11984A (Ground station): Command
AVLC type: I sseq: 3 rseq: 4 poll: 0
 X.25 Data: grp: 11 chan: 254 sseq: 5 rseq: 6 more: 0
  X.25 reasm status: skipped
  X.233 CLNP Data (compressed header):
   LRef: 0x42 Prio: 11 Flags: 0xc0
   Lifetime: 50.0 sec
   PDU Id: 0x120
   X.224 COTP Data Ack:
    dst_ref: 0x2154
    rseq: 4 credit: 3
    Checksum: 37 6c
    Flow control:
     Acked TPDU nr: 4
     Acked subsequence: 0
     Acked credit: 15

[2025-06-17 00:09:14 CEST] [136.775] [-12.5/-30.7 dBFS] [18.2 dB] [3.1 ppm]
4CAD3C (Aircraft, Airborne) -> 11FA7B (Ground station): Command
AVLC type: I sseq: 4 rseq: 5 poll: 0
 X.25 Data: grp: 11 chan: 255 sseq: 1 rseq: 2 more: 0
  X.25 reasm status: skipped
  X.233 CLNP Data (compressed header):
   LRef: 0x41 Prio: 11 Flags: 0xc0
   Lifetime: 50.0 sec
   PDU Id: 0x6bc
   X.224 COTP Data Ack:
    dst_ref: 0x215b
    rseq: 4 credit: 3
    Checksum: 14 88
    Flow control:
     Acked TPDU nr: 4
     Acked subsequence: 0
     Acked credit: 15

[2025-06-17 00:10:03 CEST] [136.725] [-7.5/-32.0 dBFS] [24.5 dB] [-1.1 ppm]
040046 (Aircraft, Airborne) -> 11984A (Ground station): Command
AVLC type: I sseq: 5 rseq: 5 poll: 0
 ACARS:
  Reassembly: skipped
  Reg: .ET-AOP Flight: ET0509
  Mode: 2 Label: 83 Blk id: 6 More: 0 Ack: ! Msg num: M34A
  Message:
   KEWR,HAAB,162210, 43.97,   6.84,39000,263, 118.7, 37200

[2025-06-17 00:10:19 CEST] [136.975] [-2.1/-32.6 dBFS] [30.5 dB] [2.4 ppm]
4D2301 (Aircraft, Airborne) -> 10F69B (Ground station): Command
AVLC type: I sseq: 6 rseq: 0 poll: 0
 X.25 Data: grp: 11 chan: 255 sseq: 3 rseq: 6 more: 0
  X.25 reasm status: skipped
  X.233 CLNP Data (compressed header):
   LRef: 0x41 Prio: 11 Flags: 0xc0
   Lifetime: 50.0 sec
   PDU Id: 0x1b56
   X.224 COTP Data Ack:
    dst_ref: 0x2163
    rseq: 4 credit: 3
    Checksum: eb a8
    Flow control:
     Acked TPDU nr: 4
     Acked subsequence: 0
     Acked credit: 15

[2025-06-17 00:10:38 CEST] [136.975] [1.1/-30.8 dBFS] [32.0 dB] [1.9 ppm]
710DC0 (Aircraft, Airborne) -> 26CA77 (Ground station): Command
AVLC type: I sseq: 1 rseq: 4 poll: 0
 X.25 Data: grp: 11 chan: 255 sseq: 7 rseq: 7 more: 0
  X.25 reasm status: skipped
  X.233 CLNP Data:
   Src NSAP: 47 00 27 41 4b 4e 45 00 71 0d c0 00 00 53 41 41 42 00 00 01	"G.'AKNE.q....SAAB..."
   Dst NSAP: 47 00 27 81 83 46 52 00 01 43 43 01 43 45 53 2d 41 49 58 01	"G.'..FR..CC.CES-AIX."
   Lifetime: 20.0 sec
   Flags: SP
   Segmentation:
    PDU Id: 0x1ce
    Segment offset: 0
    PDU total length: 122
    CLNP reasm status: skipped
   Options:
    LRef: 0x00
    QoS maintenance: 0xd6
    Security:
     Reg ID: 06 04 2b 1b 00 00
     Info:
      Traffic type:
       Type: ATN operational
       Category: ATSC
       Route policy: 0x10
    Priority: 0x08
   X.224 COTP Connect Request:
    src_ref: 0x0040 dst_ref: 0x0000
    Initial Credit: 1
    Protocol class: 4
    Options: 00 (use normal PDU formats)
    TPDU size (bytes): 1024
    Called/responding transport selector: 63 6d
    Calling transport selector: 01
    Priority: 6
    Additional options: 0x00
    Ack time (ms): 1000
    Inactivity timer (ms): 360000
    Checksum: b4 db
    ATN checksum: 70 be bb 7a

[2025-06-17 00:10:38 CEST] [136.975] [1.2/-30.9 dBFS] [32.0 dB] [1.9 ppm]
710DC0 (Aircraft, Airborne) -> 26CA77 (Ground station): Command
AVLC type: I sseq: 2 rseq: 5 poll: 0
 X.25 Data: grp: 11 chan: 255 sseq: 0 rseq: 0 more: 0
  X.25 reasm status: skipped
  X.233 CLNP Data (compressed header):
   LRef: 0x0 Prio: 8 Flags: 0xf6
   Lifetime: 20.0 sec
   PDU Id: 0x1cf
   X.224 COTP Data Ack:
    dst_ref: 0x2175
    rseq: 0 credit: 1
    ATN checksum: 8b 06 38 97

[2025-06-17 00:10:38 CEST] [136.975] [1.2/-31.1 dBFS] [32.3 dB] [2.1 ppm]
710DC0 (Aircraft, Airborne) -> 26CA77 (Ground station): Command
AVLC type: I sseq: 3 rseq: 5 poll: 0
 X.25 Data: grp: 11 chan: 255 sseq: 1 rseq: 0 more: 0
  X.25 reasm status: skipped
  X.233 CLNP Data (compressed header):
   LRef: 0x0 Prio: 8 Flags: 0xf6
   Lifetime: 20.0 sec
   PDU Id: 0x1d0
   X.224 COTP Data:
    dst_ref: 0x2175
    sseq: 0 req_of_ack: 0 EoT: 1
    COTP reasm status: skipped
    ATN checksum: 47 44 a3 69
    X.225 Session SPDU: Short Connect
     X.227 ACSE Associate Request:
      Application context name: { 1.3.27.3.1 }
      AP title: { 1.3.27.1.7409088.0 }
      ATN Context Management - Logon Request:
       Flight ID: KNE660
       Long TSAP: 41 4b 4e 45 00 71 0d c0 00 00 53 41 41 42 00 00 01 01	"AKNE.q....SAAB...."
       Ground-initiated applications:
        Application Entity Qualifier: 22
        Version number: 1
        AP Address:
         Long TSAP: 41 4b 4e 45 00 71 0d c0 00 00 53 41 41 42 00 00 01 16	"AKNE.q....SAAB...."
       Departure airport: LFML
       Destination airport: OEJN

[2025-06-17 00:10:39 CEST] [136.975] [1.1/-31.0 dBFS] [32.1 dB] [1.8 ppm]
710DC0 (Aircraft, Airborne) -> 26CA77 (Ground station): Command
AVLC type: I sseq: 5 rseq: 0 poll: 0
 X.25 Data: grp: 11 chan: 255 sseq: 2 rseq: 2 more: 0
  X.25 reasm status: skipped
  X.233 CLNP Data (compressed header):
   LRef: 0x0 Prio: 8 Flags: 0xf6
   Lifetime: 20.0 sec
   PDU Id: 0x1d1
   X.224 COTP Data Ack:
    dst_ref: 0x2175
    rseq: 1 credit: 2
    ATN checksum: fe a5 33 87

[2025-06-17 00:10:39 CEST] [136.975] [1.1/-31.0 dBFS] [32.1 dB] [2.1 ppm]
710DC0 (Aircraft, Airborne) -> 26CA77 (Ground station): Command
AVLC type: I sseq: 6 rseq: 0 poll: 0
 X.25 Data: grp: 11 chan: 255 sseq: 3 rseq: 2 more: 0
  X.25 reasm status: skipped
  X.233 CLNP Data (compressed header):
   LRef: 0x0 Prio: 8 Flags: 0xf6
   Lifetime: 20.0 sec
   PDU Id: 0x1d2
   X.224 COTP Disconnect Request:
    src_ref: 0x0040 dst_ref: 0x2175
    Reason: 128 (Normal disconnect)
    ATN checksum: 03 a8 a0 32
    X.225 disconnect reason: 1 (OK, transport connection not reused)

[2025-06-17 00:10:42 CEST] [136.725] [-10.6/-31.3 dBFS] [20.7 dB] [2.7 ppm]
440C35 (Aircraft, Airborne) -> 11985A (Ground station): Command
AVLC type: I sseq: 6 rseq: 7 poll: 0
 X.25 Data: grp: 11 chan: 255 sseq: 2 rseq: 3 more: 0
  X.25 reasm status: skipped
  X.233 CLNP Data (compressed header):
   LRef: 0x42 Prio: 11 Flags: 0xf6
   Lifetime: 20.0 sec
   PDU Id: 0x36
   X.224 COTP Data Ack:
    dst_ref: 0x2161
    rseq: 4 credit: 3
    Flow control:
     Acked TPDU nr: 4
     Acked subsequence: 0
     Acked credit: 15
    ATN checksum: 82 86 41 27

[2025-06-17 00:10:43 CEST] [136.725] [-10.0/-31.3 dBFS] [21.3 dB] [-1.1 ppm]
040046 (Aircraft, Airborne) -> 11984A (Ground station): Command
AVLC type: I sseq: 6 rseq: 7 poll: 0
 X.25 Data: grp: 11 chan: 254 sseq: 7 rseq: 0 more: 0
  X.25 reasm status: skipped
  X.233 CLNP Data (compressed header):
   LRef: 0x42 Prio: 11 Flags: 0xc0
   Lifetime: 50.0 sec
   PDU Id: 0x122
   X.224 COTP Data Ack:
    dst_ref: 0x2154
    rseq: 4 credit: 3
    Checksum: 37 6c
    Flow control:
     Acked TPDU nr: 4
     Acked subsequence: 0
     Acked credit: 15

[2025-06-17 00:10:46 CEST] [136.775] [-12.0/-30.6 dBFS] [18.5 dB] [3.1 ppm]
4CAD3C (Aircraft, Airborne) -> 11FA7B (Ground station): Command
AVLC type: I sseq: 5 rseq: 6 poll: 0
 X.25 Data: grp: 11 chan: 255 sseq: 2 rseq: 3 more: 0
  X.25 reasm status: skipped
  X.233 CLNP Data (compressed header):
   LRef: 0x41 Prio: 11 Flags: 0xc0
   Lifetime: 50.0 sec
   PDU Id: 0x6bd
   X.224 COTP Data Ack:
    dst_ref: 0x215b
    rseq: 4 credit: 3
    Checksum: 14 88
    Flow control:
     Acked TPDU nr: 4
     Acked subsequence: 0
     Acked credit: 15

[2025-06-17 00:10:50 CEST] [136.975] [1.2/-30.6 dBFS] [31.8 dB] [1.8 ppm]
710DC0 (Aircraft, Airborne) -> 26CA77 (Ground station): Command
AVLC type: I sseq: 0 rseq: 3 poll: 0
 X.25 Data: grp: 11 chan: 255 sseq: 4 rseq: 4 more: 0
  X.25 reasm status: skipped
  X.233 CLNP Data (compressed header):
   LRef: 0x41 Prio: 11 Flags: 0xf6
   Lifetime: 20.0 sec
   PDU Id: 0x1d3
   X.224 COTP Connect Confirm:
    src_ref: 0x0041 dst_ref: 0x2176
    Initial Credit: 1
    Protocol class: 4
    Options: 00 (use normal PDU formats)
    TPDU size (bytes): 512
    Called/responding transport selector: 16
    Calling transport selector: 70 6d
    Priority: 3
    Ack time (ms): 1000
    Inactivity timer (ms): 360000
    Additional options: 0x00
    ATN checksum: 92 ac 19 57
    X.225 Session SPDU: Short Accept
     X.227 ACSE Associate Response:
      Application context name: { 1.3.27.3.1 }
      Associate result: accept
      ATCDownlinkMessage: <empty PDU>

[2025-06-17 00:10:50 CEST] [136.975] [1.1/-30.7 dBFS] [31.8 dB] [1.9 ppm]
710DC0 (Aircraft, Airborne) -> 26CA77 (Ground station): Command
AVLC type: I sseq: 1 rseq: 4 poll: 0
 X.25 Data: grp: 11 chan: 255 sseq: 5 rseq: 5 more: 0
  X.25 reasm status: skipped
  X.233 CLNP Data (compressed header):
   LRef: 0x41 Prio: 11 Flags: 0xf6
   Lifetime: 20.0 sec
   PDU Id: 0x1d4
   X.224 COTP Data:
    dst_ref: 0x2176
    sseq: 0 req_of_ack: 0 EoT: 1
    COTP reasm status: skipped
    ATN checksum: 0a f8 10 09
    CPDLC Downlink Message:
     Header:
      Msg ID: 0
      Timestamp: 2025-06-16 22:10:49
      Logical ACK: required
     Message data:
      CURRENT DATA AUTHORITY

[2025-06-17 00:10:50 CEST] [136.775] [-10.4/-31.8 dBFS] [21.4 dB] [2.9 ppm]
4CAD3C (Aircraft, Airborne) -> 11FA7B (Ground station): Command
AVLC type: I sseq: 5 rseq: 6 poll: 0
 X.25 Data: grp: 11 chan: 255 sseq: 2 rseq: 3 more: 0
  X.25 reasm status: skipped
  X.233 CLNP Data (compressed header):
   LRef: 0x41 Prio: 11 Flags: 0xc0
   Lifetime: 50.0 sec
   PDU Id: 0x6bd
   X.224 COTP Data Ack:
    dst_ref: 0x215b
    rseq: 4 credit: 3
    Checksum: 14 88
    Flow control:
     Acked TPDU nr: 4
     Acked subsequence: 0
     Acked credit: 15

[2025-06-17 00:10:51 CEST] [136.975] [1.1/-30.9 dBFS] [32.0 dB] [1.9 ppm]
710DC0 (Aircraft, Airborne) -> 26CA77 (Ground station): Command
AVLC type: I sseq: 3 rseq: 6 poll: 0
 X.25 Data: grp: 11 chan: 255 sseq: 6 rseq: 7 more: 0
  X.25 reasm status: skipped
  X.233 CLNP Data (compressed header):
   LRef: 0x41 Prio: 11 Flags: 0xf6
   Lifetime: 20.0 sec
   PDU Id: 0x1d5
   X.224 COTP Data Ack:
    dst_ref: 0x2176
    rseq: 1 credit: 2
    ATN checksum: 21 d7 33 32

[2025-06-17 00:10:52 CEST] [136.975] [1.1/-31.3 dBFS] [32.4 dB] [1.6 ppm]
710DC0 (Aircraft, Airborne) -> 26CA77 (Ground station): Command
AVLC type: I sseq: 4 rseq: 7 poll: 0
 X.25 Data: grp: 11 chan: 255 sseq: 7 rseq: 0 more: 0
  X.25 reasm status: skipped
  X.233 CLNP Data (compressed header):
   LRef: 0x41 Prio: 11 Flags: 0xf6
   Lifetime: 20.0 sec
   PDU Id: 0x1d6
   X.224 COTP Data Ack:
    dst_ref: 0x2176
    rseq: 2 credit: 2
    ATN checksum: 76 a4 65 dc
   X.224 COTP Data:
    dst_ref: 0x2176
    sseq: 1 req_of_ack: 0 EoT: 1
    COTP reasm status: skipped
    ATN checksum: af d7 cd 96
    CPDLC Downlink Message:
     Header:
      Msg ID: 1
      Msg Ref: 2
      Timestamp: 2025-06-16 22:10:52
      Logical ACK: notRequired
     Message data:
      LOGICAL ACKNOWLEDGMENT

[2025-06-17 00:10:54 CEST] [136.775] [-10.6/-30.7 dBFS] [20.1 dB] [3.1 ppm]
4CAD3C (Aircraft, Airborne) -> 11FA7B (Ground station): Command
AVLC type: I sseq: 5 rseq: 6 poll: 0
 X.25 Data: grp: 11 chan: 255 sseq: 2 rseq: 3 more: 0
  X.25 reasm status: skipped
  X.233 CLNP Data (compressed header):
   LRef: 0x41 Prio: 11 Flags: 0xc0
   Lifetime: 50.0 sec
   PDU Id: 0x6bd
   X.224 COTP Data Ack:
    dst_ref: 0x215b
    rseq: 4 credit: 3
    Checksum: 14 88
    Flow control:
     Acked TPDU nr: 4
     Acked subsequence: 0
     Acked credit: 15

[2025-06-17 00:11:39 CEST] [136.975] [1.0/-30.9 dBFS] [31.9 dB] [1.6 ppm]
710DC0 (Aircraft, Airborne) -> 26CA77 (Ground station): Command
AVLC type: I sseq: 5 rseq: 0 poll: 0
 ACARS:
  Reassembly: skipped
  Reg: HZ-NS32 Flight: XY0660
  Mode: 2 Label: 80 Blk id: 6 More: 0 Ack: ! Msg num: M22A
  Message:
   3J01 DSPTCH 0660/16 LFML/OEJN HZ-NS32
   660 2153/06 0255
   14.0 10474KG 29+0
   RQST LATI/LGAV/HECA/OEJN
   WX

[2025-06-17 00:11:40 CEST] [136.975] [1.0/-30.8 dBFS] [31.8 dB] [1.6 ppm]
710DC0 (Aircraft, Airborne) -> 26CA77 (Ground station): Command
AVLC type: I sseq: 6 rseq: 1 poll: 0
 ACARS:
  Reassembly: skipped
  Reg: HZ-NS32 Flight: XY0660
  Mode: 2 Label: 80 Blk id: 7 More: 0 Ack: ! Msg num: M23A
  Message:
   3M01 OPNORM 0660/16 LFML/OEJN HZ-NS32

[2025-06-17 00:11:52 CEST] [136.975] [-3.4/-31.5 dBFS] [28.1 dB] [2.2 ppm]
4D2301 (Aircraft, Airborne) -> 10F69B (Ground station): Command
AVLC type: I sseq: 7 rseq: 1 poll: 0
 X.25 Data: grp: 11 chan: 255 sseq: 4 rseq: 7 more: 0
  X.25 reasm status: skipped
  X.233 CLNP Data (compressed header):
   LRef: 0x41 Prio: 11 Flags: 0xc0
   Lifetime: 50.0 sec
   PDU Id: 0x1b57
   X.224 COTP Data Ack:
    dst_ref: 0x2163
    rseq: 4 credit: 3
    Checksum: eb a8
    Flow control:
     Acked TPDU nr: 4
     Acked subsequence: 0
     Acked credit: 15

[2025-06-17 00:12:15 CEST] [136.725] [-11.1/-31.4 dBFS] [20.3 dB] [-1.0 ppm]
040046 (Aircraft, Airborne) -> 11984A (Ground station): Command
AVLC type: I sseq: 7 rseq: 0 poll: 0
 X.25 Data: grp: 11 chan: 254 sseq: 0 rseq: 1 more: 0
  X.25 reasm status: skipped
  X.233 CLNP Data (compressed header):
   LRef: 0x42 Prio: 11 Flags: 0xc0
   Lifetime: 50.0 sec
   PDU Id: 0x123
   X.224 COTP Data Ack:
    dst_ref: 0x2154
    rseq: 4 credit: 3
    Checksum: 37 6c
    Flow control:
     Acked TPDU nr: 4
     Acked subsequence: 0
     Acked credit: 15

[2025-06-17 00:12:18 CEST] [136.975] [-9.1/-31.0 dBFS] [21.9 dB] [1.0 ppm]
0D0D45 (Aircraft, Airborne) -> 10985A (Ground station): Command
AVLC type: U (XID) P/F: 1
 XID: Handoff Initiation
  Public params:
   Parameter set ID: 8885:1993
   Procedure classes: 00 01
   HDLC options: 20 84 80
  VDL params:
   Parameter set ID: V
   XID sequencing: seq: 2 retry: 0
   Destination airport: KBOI
   Aircraft location: 44.7N 6.2E 1000 ft
   Alternate ground stations: 10952A
   AVLC specific options: 24
   Connection management: 01

[2025-06-17 00:12:25 CEST] [136.975] [0.5/-31.0 dBFS] [31.6 dB] [1.5 ppm]
710DC0 (Aircraft, Airborne) -> 26CA77 (Ground station): Command
AVLC type: I sseq: 0 rseq: 5 poll: 0
 X.25 Data: grp: 11 chan: 255 sseq: 0 rseq: 3 more: 0
  X.25 reasm status: skipped
  X.233 CLNP Data (compressed header):
   LRef: 0x41 Prio: 11 Flags: 0xf6
   Lifetime: 20.0 sec
   PDU Id: 0x1d7
   X.224 COTP Data Ack:
    dst_ref: 0x2176
    rseq: 2 credit: 2
    Flow control:
     Acked TPDU nr: 2
     Acked subsequence: 0
     Acked credit: 15
    ATN checksum: f8 13 4f 52

[2025-06-17 00:13:09 CEST] [136.975] [-10.6/-31.1 dBFS] [20.5 dB] [3.2 ppm]
896194 (Aircraft, Airborne) -> 10984A (Ground station): Command
AVLC type: I sseq: 1 rseq: 1 poll: 0
 ACARS:
  Reassembly: skipped
  Reg: .A6-EEU Flight: EK0232
  Mode: 2 Label: B6 Blk id: 5 More: 0 Ack: ! Msg num: J11A
  Message:
   /DXBEGEK.ADS.A6-EEU071FBDB81DB789088C481189D1
  ADS-C message:
   Basic report:
    Lat: 44.6359062
    Lon: 5.2236557
    Alt: 37000 ft
    Time: 786.000 sec past hour (:13:06.000)
    Position accuracy: none (NAV capability lost)
    NAV unit redundancy: OK
    TCAS: OK

[2025-06-17 00:13:49 CEST] [136.725] [-11.9/-31.1 dBFS] [19.3 dB] [-1.4 ppm]
040046 (Aircraft, Airborne) -> 11985A (Ground station): Response
AVLC type: U (XID) P/F: 1
 XID: Handoff Response
  Public params:
   Parameter set ID: 8885:1993
   Procedure classes: 00 01
   HDLC options: 20 84 80
  VDL params:
   Parameter set ID: V
   XID sequencing: seq: 0 retry: 0
   Destination airport: HAAB
   Aircraft location: 43.6N 7.5E 39000 ft
   AVLC specific options: 24
   Connection management: 01

[2025-06-17 00:13:50 CEST] [136.775] [-8.4/-30.7 dBFS] [22.3 dB] [2.8 ppm]
4CAD3C (Aircraft, Airborne) -> 11FA7B (Ground station): Command
AVLC type: I sseq: 0 rseq: 1 poll: 0
 X.25 Data: grp: 11 chan: 255 sseq: 5 rseq: 6 more: 0
  X.25 reasm status: skipped
  X.233 CLNP Data (compressed header):
   LRef: 0x41 Prio: 11 Flags: 0xc0
   Lifetime: 50.0 sec
   PDU Id: 0x6c0
   X.224 COTP Data Ack:
    dst_ref: 0x215b
    rseq: 4 credit: 3
    Checksum: 14 88
    Flow control:
     Acked TPDU nr: 4
     Acked subsequence: 0
     Acked credit: 15

[2025-06-17 00:14:00 CEST] [136.975] [-1.9/-31.3 dBFS] [29.4 dB] [1.4 ppm]
710DC0 (Aircraft, Airborne) -> 26CA77 (Ground station): Command
AVLC type: I sseq: 2 rseq: 7 poll: 0
 X.25 Data: grp: 11 chan: 255 sseq: 2 rseq: 4 more: 0
  X.25 reasm status: skipped
  X.233 CLNP Data (compressed header):
   LRef: 0x41 Prio: 11 Flags: 0xf6
   Lifetime: 20.0 sec
   PDU Id: 0x1d9
   X.224 COTP Data Ack:
    dst_ref: 0x2176
    rseq: 2 credit: 2
    Flow control:
     Acked TPDU nr: 2
     Acked subsequence: 0
     Acked credit: 15
    ATN checksum: f8 13 4f 52

[2025-06-17 00:15:22 CEST] [136.775] [-7.8/-31.0 dBFS] [23.2 dB] [2.7 ppm]
4CAD3C (Aircraft, Airborne) -> 11FA7B (Ground station): Command
AVLC type: I sseq: 1 rseq: 2 poll: 0
 X.25 Data: grp: 11 chan: 255 sseq: 6 rseq: 7 more: 0
  X.25 reasm status: skipped
  X.233 CLNP Data (compressed header):
   LRef: 0x41 Prio: 11 Flags: 0xc0
   Lifetime: 50.0 sec
   PDU Id: 0x6c1
   X.224 COTP Data Ack:
    dst_ref: 0x215b
    rseq: 4 credit: 3
    Checksum: 14 88
    Flow control:
     Acked TPDU nr: 4
     Acked subsequence: 0
     Acked credit: 15

[2025-06-17 00:15:39 CEST] [136.725] [-10.4/-30.7 dBFS] [20.2 dB] [1.1 ppm]
49D2EE (Aircraft, Airborne) -> 11985A (Ground station): Command
AVLC type: U (XID) P/F: 1
 XID: Handoff Initiation
  Public params:
   Parameter set ID: 8885:1993
   Procedure classes: 00 01
   HDLC options: 20 a4 88
  VDL params:
   Parameter set ID: V
   Connection management: 05
   XID sequencing: seq: 6 retry: 0
   AVLC specific options: 25
   Destination airport: LKPR

