[2025-05-21 00:00:11 CEST] [136.825] [-12.3/-31.4 dBFS] [19.0 dB] [2.7 ppm]
4CAC84 (Aircraft, Airborne) -> 119C2A (Ground station): Command
AVLC type: I sseq: 3 rseq: 4 poll: 0
 X.25 Data: grp: 11 chan: 254 sseq: 1 rseq: 2 more: 0
  X.25 reasm status: skipped
  X.233 CLNP Data (compressed header):
   LRef: 0x0 Prio: 11 Flags: 0xc0
   Lifetime: 50.0 sec
   PDU Id: 0x118e
   X.224 COTP Connect Confirm:
    src_ref: 0x0019 dst_ref: 0x8d95
    Initial Credit: 1
    Protocol class: 4
    Options: 00 (use normal PDU formats)
    Calling transport selector: 70 6d
    Called/responding transport selector: 02 02
    TPDU size (bytes): 512
    Checksum: 36 7b
    Additional options: 0x00
    Ack time (ms): 1000
    Priority: 3
    Inactivity timer (ms): 360000
    X.225 Session SPDU: Short Accept
     X.227 ACSE Associate Response:
      Application context name: { 1.3.27.3.1 }
      Associate result: accept
      ATCDownlinkMessage: <empty PDU>

[2025-05-21 00:00:12 CEST] [136.825] [-11.6/-31.8 dBFS] [20.1 dB] [2.9 ppm]
4CAC84 (Aircraft, Airborne) -> 119C2A (Ground station): Command
AVLC type: I sseq: 4 rseq: 5 poll: 0
 X.25 Data: grp: 11 chan: 254 sseq: 2 rseq: 3 more: 0
  X.25 reasm status: skipped
  X.233 CLNP Data (compressed header):
   LRef: 0x0 Prio: 11 Flags: 0xc0
   Lifetime: 50.0 sec
   PDU Id: 0x118f
   X.224 COTP Data:
    dst_ref: 0x8d95
    sseq: 0 req_of_ack: 0 EoT: 1
    COTP reasm status: skipped
    Checksum: d5 3c
    CPDLC Downlink Message:
     Header:
      Msg ID: 0
      Timestamp: 2025-05-20 22:00:09
      Logical ACK: required
     Message data:
      CURRENT DATA AUTHORITY

[2025-05-21 00:00:13 CEST] [136.825] [-11.0/-31.4 dBFS] [20.5 dB] [2.9 ppm]
4CAC84 (Aircraft, Airborne) -> 119C2A (Ground station): Command
AVLC type: I sseq: 5 rseq: 7 poll: 0
 X.25 Data: grp: 11 chan: 254 sseq: 3 rseq: 5 more: 0
  X.25 reasm status: skipped
  X.233 CLNP Data (compressed header):
   LRef: 0x0 Prio: 11 Flags: 0xc0
   Lifetime: 50.0 sec
   PDU Id: 0x1190
   X.224 COTP Data Ack:
    dst_ref: 0x8d95
    rseq: 1 credit: 2
    Checksum: 7e 2d

[2025-05-21 00:00:27 CEST] [136.675] [-8.0/-32.5 dBFS] [24.5 dB] [2.0 ppm]
4CA738 (Aircraft, Airborne) -> 11907A (Ground station): Command
AVLC type: I sseq: 1 rseq: 2 poll: 0
 X.25 Data: grp: 11 chan: 254 sseq: 0 rseq: 1 more: 0
  X.25 reasm status: skipped
  X.233 CLNP Data (compressed header):
   LRef: 0x43 Prio: 11 Flags: 0xc0
   Lifetime: 50.0 sec
   PDU Id: 0x185e
   X.224 COTP Data Ack:
    dst_ref: 0x5036
    rseq: 8 credit: 3
    Checksum: ba cf
    Flow control:
     Acked TPDU nr: 8
     Acked subsequence: 0
     Acked credit: 15

[2025-05-21 00:00:39 CEST] [136.675] [-14.6/-32.4 dBFS] [17.8 dB] [-0.6 ppm]
4078FE (Aircraft, Airborne) -> 11907A (Ground station): Command
AVLC type: I sseq: 7 rseq: 0 poll: 0
 X.25 Data: grp: 11 chan: 255 sseq: 1 rseq: 2 more: 0
  X.25 reasm status: skipped
  X.233 CLNP Data (compressed header):
   LRef: 0x41 Prio: 11 Flags: 0xf6
   Lifetime: 20.0 sec
   PDU Id: 0x325
   X.224 COTP Data Ack:
    dst_ref: 0x5010
    rseq: 4 credit: 3
    Flow control:
     Acked TPDU nr: 4
     Acked subsequence: 0
     Acked credit: 15
    ATN checksum: 88 ac a4 91

[2025-05-21 00:00:47 CEST] [136.725] [0.8/-32.6 dBFS] [33.4 dB] [1.8 ppm]
48C26C (Aircraft, Airborne) -> 11985A (Ground station): Command
AVLC type: I sseq: 4 rseq: 5 poll: 0
 X.25 Data: grp: 11 chan: 255 sseq: 2 rseq: 3 more: 0
  X.25 reasm status: skipped
  X.233 CLNP Data (compressed header):
   LRef: 0x41 Prio: 11 Flags: 0xc0
   Lifetime: 50.0 sec
   PDU Id: 0x141
   X.224 COTP Data Ack:
    dst_ref: 0x502a
    rseq: 0 credit: 1
    Checksum: f4 b3
    Flow control:
     Acked TPDU nr: 0
     Acked subsequence: 0
     Acked credit: 15

[2025-05-21 00:01:05 CEST] [136.675] [-13.5/-32.4 dBFS] [18.8 dB] [1.5 ppm]
4D2415 (Aircraft, Airborne) -> 11907A (Ground station): Command
AVLC type: I sseq: 4 rseq: 5 poll: 0
 X.25 Data: grp: 11 chan: 255 sseq: 1 rseq: 3 more: 0
  X.25 reasm status: skipped
  X.233 CLNP Data (compressed header):
   LRef: 0x42 Prio: 11 Flags: 0xf6
   Lifetime: 20.0 sec
   PDU Id: 0x3f
   X.224 COTP Data Ack:
    dst_ref: 0x502e
    rseq: 4 credit: 3
    Flow control:
     Acked TPDU nr: 4
     Acked subsequence: 0
     Acked credit: 15
    ATN checksum: c4 f4 38 83

[2025-05-21 00:01:16 CEST] [136.675] [-11.0/-32.4 dBFS] [21.4 dB] [2.2 ppm]
4CA810 (Aircraft, Airborne) -> 11907A (Ground station): Command
AVLC type: I sseq: 1 rseq: 4 poll: 0
 X.25 Data: grp: 11 chan: 255 sseq: 1 rseq: 4 more: 0
  X.25 reasm status: skipped
  X.233 CLNP Data (compressed header):
   LRef: 0x0 Prio: 11 Flags: 0xc0
   Lifetime: 50.0 sec
   PDU Id: 0x2a9
   X.224 COTP Data Ack:
    dst_ref: 0x5039
    rseq: 8 credit: 3
    Checksum: ab db
    Flow control:
     Acked TPDU nr: 8
     Acked subsequence: 0
     Acked credit: 15

[2025-05-21 00:01:30 CEST] [136.725] [-4.3/-32.2 dBFS] [28.0 dB] [3.9 ppm]
4CA565 (Aircraft, Airborne) -> 11984A (Ground station): Command
AVLC type: I sseq: 0 rseq: 1 poll: 0
 X.25 Data: grp: 11 chan: 254 sseq: 6 rseq: 7 more: 0
  X.25 reasm status: skipped
  X.233 CLNP Data (compressed header):
   LRef: 0x0 Prio: 11 Flags: 0xc0
   Lifetime: 50.0 sec
   PDU Id: 0xee5
   X.224 COTP Data Ack:
    dst_ref: 0x502b
    rseq: 4 credit: 3
    Checksum: e9 b3
    Flow control:
     Acked TPDU nr: 4
     Acked subsequence: 0
     Acked credit: 15

[2025-05-21 00:02:00 CEST] [136.675] [-10.5/-32.4 dBFS] [21.9 dB] [1.9 ppm]
4CA738 (Aircraft, Airborne) -> 11907A (Ground station): Command
AVLC type: I sseq: 2 rseq: 3 poll: 0
 X.25 Data: grp: 11 chan: 254 sseq: 1 rseq: 2 more: 0
  X.25 reasm status: skipped
  X.233 CLNP Data (compressed header):
   LRef: 0x43 Prio: 11 Flags: 0xc0
   Lifetime: 50.0 sec
   PDU Id: 0x185f
   X.224 COTP Data Ack:
    dst_ref: 0x5036
    rseq: 8 credit: 3
    Checksum: ba cf
    Flow control:
     Acked TPDU nr: 8
     Acked subsequence: 0
     Acked credit: 15

[2025-05-21 00:02:08 CEST] [136.725] [-2.2/-32.2 dBFS] [30.1 dB] [1.8 ppm]
48C26C (Aircraft, Airborne) -> 11985A (Ground station): Command
AVLC type: I sseq: 5 rseq: 5 poll: 0
 X.25 Data: grp: 11 chan: 255 sseq: 3 rseq: 3 more: 0
  X.25 reasm status: skipped
  X.233 CLNP Data (compressed header):
   LRef: 0x0 Prio: 11 Flags: 0xc0
   Lifetime: 50.0 sec
   PDU Id: 0x142
   X.224 COTP Data Ack:
    dst_ref: 0xab3d
    rseq: 3 credit: 2
    Checksum: 7b 68

[2025-05-21 00:02:18 CEST] [136.725] [-1.8/-32.2 dBFS] [30.4 dB] [1.8 ppm]
48C26C (Aircraft, Airborne) -> 11985A (Ground station): Command
AVLC type: I sseq: 6 rseq: 7 poll: 0
 X.25 Data: grp: 11 chan: 255 sseq: 4 rseq: 5 more: 0
  X.25 reasm status: skipped
  X.233 CLNP Data (compressed header):
   LRef: 0x41 Prio: 11 Flags: 0xc0
   Lifetime: 50.0 sec
   PDU Id: 0x143
   X.224 COTP Data Ack:
    dst_ref: 0x502a
    rseq: 0 credit: 1
    Checksum: f4 b3
    Flow control:
     Acked TPDU nr: 0
     Acked subsequence: 0
     Acked credit: 15

[2025-05-21 00:02:28 CEST] [136.725] [-2.4/-32.4 dBFS] [30.0 dB] [1.8 ppm]
48C26C (Aircraft, Airborne) -> 11985A (Ground station): Command
AVLC type: I sseq: 7 rseq: 7 poll: 0
 ACARS:
  Reassembly: skipped
  Reg: .SP-RUM Flight: FR0429
  Mode: 2 Label: 16 Blk id: 4 More: 0 Ack: ! Msg num: M39A
  Message:
   220226,,2344, 126,N   .    MMMM.MMM

[2025-05-21 00:02:37 CEST] [136.675] [-0.7/-32.5 dBFS] [31.8 dB] [1.2 ppm]
4D2415 (Aircraft, Airborne) -> 11907A (Ground station): Command
AVLC type: I sseq: 5 rseq: 6 poll: 0
 X.25 Data: grp: 11 chan: 255 sseq: 2 rseq: 4 more: 0
  X.25 reasm status: skipped
  X.233 CLNP Data (compressed header):
   LRef: 0x42 Prio: 11 Flags: 0xf6
   Lifetime: 20.0 sec
   PDU Id: 0x40
   X.224 COTP Data Ack:
    dst_ref: 0x502e
    rseq: 4 credit: 3
    Flow control:
     Acked TPDU nr: 4
     Acked subsequence: 0
     Acked credit: 15
    ATN checksum: c4 f4 38 83

[2025-05-21 00:02:48 CEST] [136.675] [-9.7/-32.5 dBFS] [22.8 dB] [1.9 ppm]
4CA810 (Aircraft, Airborne) -> 11907A (Ground station): Command
AVLC type: I sseq: 2 rseq: 5 poll: 0
 X.25 Data: grp: 11 chan: 255 sseq: 2 rseq: 5 more: 0
  X.25 reasm status: skipped
  X.233 CLNP Data (compressed header):
   LRef: 0x0 Prio: 11 Flags: 0xc0
   Lifetime: 50.0 sec
   PDU Id: 0x2aa
   X.224 COTP Data Ack:
    dst_ref: 0x5039
    rseq: 8 credit: 3
    Checksum: ab db
    Flow control:
     Acked TPDU nr: 8
     Acked subsequence: 0
     Acked credit: 15

[2025-05-21 00:03:00 CEST] [136.725] [-1.2/-32.3 dBFS] [31.0 dB] [4.2 ppm]
4CA565 (Aircraft, Airborne) -> 11984A (Ground station): Command
AVLC type: I sseq: 1 rseq: 2 poll: 0
 X.25 Data: grp: 11 chan: 254 sseq: 7 rseq: 0 more: 0
  X.25 reasm status: skipped
  X.233 CLNP Data (compressed header):
   LRef: 0x0 Prio: 11 Flags: 0xc0
   Lifetime: 50.0 sec
   PDU Id: 0xee6
   X.224 COTP Data Ack:
    dst_ref: 0x502b
    rseq: 4 credit: 3
    Checksum: e9 b3
    Flow control:
     Acked TPDU nr: 4
     Acked subsequence: 0
     Acked credit: 15

[2025-05-21 00:03:08 CEST] [136.675] [-13.2/-32.6 dBFS] [19.3 dB] [1.9 ppm]
4CA738 (Aircraft, Airborne) -> 11907A (Ground station): Command
AVLC type: I sseq: 3 rseq: 4 poll: 0
 X.25 Data: grp: 11 chan: 254 sseq: 2 rseq: 3 more: 0
  X.25 reasm status: skipped
  X.233 CLNP Data (compressed header):
   LRef: 0x43 Prio: 11 Flags: 0xc0
   Lifetime: 50.0 sec
   PDU Id: 0x1860
   X.224 COTP Data Ack:
    dst_ref: 0x5036
    rseq: 9 credit: 4
    Checksum: 9c a1

[2025-05-21 00:03:08 CEST] [136.675] [-13.1/-32.2 dBFS] [19.2 dB] [2.0 ppm]
4CA738 (Aircraft, Airborne) -> 11907A (Ground station): Command
AVLC type: I sseq: 4 rseq: 4 poll: 0
 X.25 Data: grp: 11 chan: 254 sseq: 3 rseq: 3 more: 0
  X.25 reasm status: skipped
  X.233 CLNP Data (compressed header):
   LRef: 0x43 Prio: 11 Flags: 0xc0
   Lifetime: 50.0 sec
   PDU Id: 0x1861
   X.224 COTP Data:
    dst_ref: 0x5036
    sseq: 8 req_of_ack: 0 EoT: 1
    COTP reasm status: skipped
    Checksum: 94 e4
    CPDLC Downlink Message:
     Header:
      Msg ID: 8
      Msg Ref: 9
      Timestamp: 2025-05-20 22:03:07
      Logical ACK: notRequired
     Message data:
      LOGICAL ACKNOWLEDGMENT

[2025-05-21 00:03:10 CEST] [136.725] [-1.9/-32.3 dBFS] [30.3 dB] [1.7 ppm]
48C26C (Aircraft, Airborne) -> 11985A (Ground station): Command
AVLC type: I sseq: 0 rseq: 1 poll: 0
 X.25 Data: grp: 11 chan: 255 sseq: 5 rseq: 6 more: 0
  X.25 reasm status: skipped
  X.233 CLNP Data (compressed header):
   LRef: 0x0 Prio: 11 Flags: 0xc0
   Lifetime: 50.0 sec
   PDU Id: 0x144
   X.224 COTP Data Ack:
    dst_ref: 0xab3d
    rseq: 4 credit: 3
    Checksum: 70 71

[2025-05-21 00:03:11 CEST] [136.725] [-2.1/-32.3 dBFS] [30.2 dB] [1.7 ppm]
48C26C (Aircraft, Airborne) -> 11985A (Ground station): Command
AVLC type: I sseq: 1 rseq: 1 poll: 0
 X.25 Data: grp: 11 chan: 255 sseq: 6 rseq: 6 more: 0
  X.25 reasm status: skipped
  X.233 CLNP Data (compressed header):
   LRef: 0x0 Prio: 11 Flags: 0xc0
   Lifetime: 50.0 sec
   PDU Id: 0x145
   X.224 COTP Disconnect Request:
    src_ref: 0x001a dst_ref: 0xab3d
    Reason: 128 (Normal disconnect)
    Checksum: 39 f2

[2025-05-21 00:03:11 CEST] [136.725] [-1.9/-32.3 dBFS] [30.5 dB] [1.8 ppm]
48C26C (Aircraft, Airborne) -> 11985A (Ground station): Command
AVLC type: I sseq: 2 rseq: 1 poll: 0
 X.25 Data: grp: 11 chan: 255 sseq: 7 rseq: 6 more: 0
  X.25 reasm status: skipped
  X.233 CLNP Data (compressed header):
   LRef: 0x41 Prio: 11 Flags: 0xc0
   Lifetime: 50.0 sec
   PDU Id: 0x146
   X.224 COTP Data:
    dst_ref: 0x502a
    sseq: 0 req_of_ack: 0 EoT: 1
    COTP reasm status: skipped
    Checksum: 32 41
    X.227 ACSE Abort:
     Source: user
     Cause: no-reason-given
     CPDLC User Abort Reason: current-data-authority-abort

[2025-05-21 00:03:13 CEST] [136.725] [-1.6/-32.2 dBFS] [30.5 dB] [1.8 ppm]
48C26C (Aircraft, Airborne) -> 11985A (Ground station): Command
AVLC type: I sseq: 3 rseq: 4 poll: 0
 X.25 Data: grp: 11 chan: 255 sseq: 0 rseq: 1 more: 0
  X.25 reasm status: skipped
  X.233 CLNP Data (compressed header):
   LRef: 0x41 Prio: 11 Flags: 0xc0
   Lifetime: 50.0 sec
   PDU Id: 0x147
   X.224 COTP Disconnect Confirm:
    src_ref: 0x001b dst_ref: 0x502a
    Checksum: bd 1d

[2025-05-21 00:03:15 CEST] [136.725] [-1.7/-32.4 dBFS] [30.7 dB] [1.9 ppm]
48C26C (Aircraft, Airborne) -> 11985A (Ground station): Command
AVLC type: I sseq: 4 rseq: 5 poll: 0
 X.25 Data: grp: 11 chan: 255 sseq: 1 rseq: 2 more: 0
  X.25 reasm status: skipped
  X.233 CLNP Data (compressed header):
   LRef: 0x41 Prio: 11 Flags: 0xc0
   Lifetime: 50.0 sec
   PDU Id: 0x148
   X.224 COTP Connect Confirm:
    src_ref: 0x001d dst_ref: 0x5045
    Initial Credit: 1
    Protocol class: 4
    Options: 00 (use normal PDU formats)
    Calling transport selector: 70 6d
    Called/responding transport selector: 02 02
    TPDU size (bytes): 512
    Checksum: ce 98
    Additional options: 0x00
    Ack time (ms): 1000
    Priority: 3
    Inactivity timer (ms): 360000
    X.225 Session SPDU: Short Accept
     X.227 ACSE Associate Response:
      Application context name: { 1.3.27.3.1 }
      Associate result: accept
      ATCDownlinkMessage: <empty PDU>

[2025-05-21 00:03:16 CEST] [136.725] [-1.0/-32.3 dBFS] [31.2 dB] [1.7 ppm]
48C26C (Aircraft, Airborne) -> 11985A (Ground station): Command
AVLC type: I sseq: 5 rseq: 6 poll: 0
 X.25 Data: grp: 11 chan: 255 sseq: 2 rseq: 3 more: 0
  X.25 reasm status: skipped
  X.233 CLNP Data (compressed header):
   LRef: 0x41 Prio: 11 Flags: 0xc0
   Lifetime: 50.0 sec
   PDU Id: 0x149
   X.224 COTP Data:
    dst_ref: 0x5045
    sseq: 0 req_of_ack: 0 EoT: 1
    COTP reasm status: skipped
    Checksum: 3c 2b
    CPDLC Downlink Message:
     Header:
      Msg ID: 0
      Timestamp: 2025-05-20 22:03:13
      Logical ACK: required
     Message data:
      CURRENT DATA AUTHORITY

[2025-05-21 00:03:17 CEST] [136.725] [-0.9/-32.0 dBFS] [31.0 dB] [1.6 ppm]
48C26C (Aircraft, Airborne) -> 11985A (Ground station): Command
AVLC type: I sseq: 6 rseq: 0 poll: 0
 X.25 Data: grp: 11 chan: 255 sseq: 3 rseq: 5 more: 0
  X.25 reasm status: skipped
  X.233 CLNP Data (compressed header):
   LRef: 0x41 Prio: 11 Flags: 0xc0
   Lifetime: 50.0 sec
   PDU Id: 0x14a
   X.224 COTP Data Ack:
    dst_ref: 0x5045
    rseq: 1 credit: 2
    Checksum: 7f b9

[2025-05-21 00:03:18 CEST] [136.725] [-1.1/-32.5 dBFS] [31.3 dB] [1.6 ppm]
48C26C (Aircraft, Airborne) -> 11985A (Ground station): Command
AVLC type: I sseq: 7 rseq: 1 poll: 0
 X.25 Data: grp: 11 chan: 255 sseq: 4 rseq: 6 more: 0
  X.25 reasm status: skipped
  X.233 CLNP Data (compressed header):
   LRef: 0x41 Prio: 11 Flags: 0xc0
   Lifetime: 50.0 sec
   PDU Id: 0x14b
   X.224 COTP Data Ack:
    dst_ref: 0x5045
    rseq: 2 credit: 2
    Checksum: 7b bc

[2025-05-21 00:03:19 CEST] [136.725] [-0.8/-32.2 dBFS] [31.4 dB] [1.7 ppm]
48C26C (Aircraft, Airborne) -> 11985A (Ground station): Command
AVLC type: I sseq: 0 rseq: 1 poll: 0
 X.25 Data: grp: 11 chan: 255 sseq: 5 rseq: 6 more: 0
  X.25 reasm status: skipped
  X.233 CLNP Data (compressed header):
   LRef: 0x41 Prio: 11 Flags: 0xc0
   Lifetime: 50.0 sec
   PDU Id: 0x14c
   X.224 COTP Data:
    dst_ref: 0x5045
    sseq: 1 req_of_ack: 0 EoT: 1
    COTP reasm status: skipped
    Checksum: b4 3f
    CPDLC Downlink Message:
     Header:
      Msg ID: 1
      Msg Ref: 3
      Timestamp: 2025-05-20 22:03:17
      Logical ACK: notRequired
     Message data:
      LOGICAL ACKNOWLEDGMENT

[2025-05-21 00:03:20 CEST] [136.975] [-2.7/-32.7 dBFS] [30.0 dB] [1.5 ppm]
48C26C (Aircraft, Airborne) -> 10907A (Ground station): Command
AVLC type: U (XID) P/F: 1
 XID: Handoff Initiation
  Public params:
   Parameter set ID: 8885:1993
   Procedure classes: 00 01
   HDLC options: 20 84 80
  VDL params:
   Parameter set ID: V
   XID sequencing: seq: 3 retry: 0
   Destination airport: EPWR
   Aircraft location: 0.0N 0.0E 0 ft
   AVLC specific options: 24
   Connection management: 01

[2025-05-21 00:03:23 CEST] [136.675] [-13.8/-32.6 dBFS] [18.8 dB] [1.7 ppm]
4CA738 (Aircraft, Airborne) -> 11907A (Ground station): Command
AVLC type: I sseq: 5 rseq: 7 poll: 0
 X.25 Data: grp: 11 chan: 254 sseq: 4 rseq: 6 more: 0
  X.25 reasm status: skipped
  X.233 CLNP Data (compressed header):
   LRef: 0x44 Prio: 11 Flags: 0xc0
   Lifetime: 50.0 sec
   PDU Id: 0x1862
   X.224 COTP Connect Confirm:
    src_ref: 0x0016 dst_ref: 0x8d9b
    Initial Credit: 1
    Protocol class: 4
    Options: 00 (use normal PDU formats)
    Calling transport selector: 70 6d
    Called/responding transport selector: 02 02
    TPDU size (bytes): 512
    Checksum: 28 6b
    Additional options: 0x00
    Ack time (ms): 1000
    Priority: 3
    Inactivity timer (ms): 360000
    X.225 Session SPDU: Short Accept
     X.227 ACSE Associate Response:
      Application context name: { 1.3.27.3.1 }
      Associate result: accept
      ATCDownlinkMessage: <empty PDU>

[2025-05-21 00:03:43 CEST] [136.675] [-10.7/-32.4 dBFS] [21.7 dB] [1.9 ppm]
4CA810 (Aircraft, Airborne) -> 11907A (Ground station): Command
AVLC type: I sseq: 3 rseq: 5 poll: 0
 ACARS:
  Reassembly: skipped
  Reg: .EI-EKP Flight: FR84MA
  Mode: 2 Label: 16 Blk id: 5 More: 0 Ack: ! Msg num: M36A
  Message:
   220341,,2322, 113,N   .    MMMM.MMM

[2025-05-21 00:04:09 CEST] [136.675] [0.8/-32.4 dBFS] [33.2 dB] [1.1 ppm]
4D2415 (Aircraft, Airborne) -> 11907A (Ground station): Command
AVLC type: I sseq: 6 rseq: 7 poll: 0
 X.25 Data: grp: 11 chan: 255 sseq: 3 rseq: 5 more: 0
  X.25 reasm status: skipped
  X.233 CLNP Data (compressed header):
   LRef: 0x42 Prio: 11 Flags: 0xf6
   Lifetime: 20.0 sec
   PDU Id: 0x41
   X.224 COTP Data Ack:
    dst_ref: 0x502e
    rseq: 4 credit: 3
    Flow control:
     Acked TPDU nr: 4
     Acked subsequence: 0
     Acked credit: 15
    ATN checksum: c4 f4 38 83

[2025-05-21 00:04:14 CEST] [136.975] [-1.9/-32.6 dBFS] [30.7 dB] [1.4 ppm]
48C26C (Aircraft, Airborne) -> 10907A (Ground station): Command
AVLC type: I sseq: 2 rseq: 3 poll: 0
 X.25 Data: grp: 11 chan: 254 sseq: 0 rseq: 1 more: 0
  X.25 reasm status: skipped
  X.233 CLNP Data (compressed header):
   LRef: 0x41 Prio: 11 Flags: 0xc0
   Lifetime: 50.0 sec
   PDU Id: 0x14d
   X.224 COTP Data Ack:
    dst_ref: 0x5045
    rseq: 3 credit: 2
    Checksum: 77 bf

[2025-05-21 00:04:15 CEST] [136.975] [-1.9/-33.0 dBFS] [31.1 dB] [1.6 ppm]
48C26C (Aircraft, Airborne) -> 10907A (Ground station): Command
AVLC type: I sseq: 3 rseq: 3 poll: 0
 X.25 Data: grp: 11 chan: 254 sseq: 1 rseq: 1 more: 0
  X.25 reasm status: skipped
  X.233 CLNP Data (compressed header):
   LRef: 0x41 Prio: 11 Flags: 0xc0
   Lifetime: 50.0 sec
   PDU Id: 0x14e
   X.224 COTP Data:
    dst_ref: 0x5045
    sseq: 2 req_of_ack: 0 EoT: 1
    COTP reasm status: skipped
    Checksum: 4a a8
    CPDLC Downlink Message:
     Header:
      Msg ID: 2
      Msg Ref: 4
      Timestamp: 2025-05-20 22:04:13
      Logical ACK: notRequired
     Message data:
      LOGICAL ACKNOWLEDGMENT

[2025-05-21 00:04:20 CEST] [136.675] [-13.0/-32.2 dBFS] [19.1 dB] [2.0 ppm]
4CA810 (Aircraft, Airborne) -> 11907A (Ground station): Command
AVLC type: I sseq: 4 rseq: 7 poll: 0
 X.25 Data: grp: 11 chan: 255 sseq: 3 rseq: 6 more: 0
  X.25 reasm status: skipped
  X.233 CLNP Data (compressed header):
   LRef: 0x0 Prio: 11 Flags: 0xc0
   Lifetime: 50.0 sec
   PDU Id: 0x2ab
   X.224 COTP Data Ack:
    dst_ref: 0x5039
    rseq: 8 credit: 3
    Checksum: ab db
    Flow control:
     Acked TPDU nr: 8
     Acked subsequence: 0
     Acked credit: 15

[2025-05-21 00:04:23 CEST] [136.975] [-0.5/-32.0 dBFS] [31.5 dB] [1.5 ppm]
48C26C (Aircraft, Airborne) -> 10907A (Ground station): Command
AVLC type: I sseq: 4 rseq: 6 poll: 0
 X.25 Data: grp: 11 chan: 254 sseq: 2 rseq: 4 more: 0
  X.25 reasm status: skipped
  X.233 CLNP Data (compressed header):
   LRef: 0x42 Prio: 11 Flags: 0xc0
   Lifetime: 50.0 sec
   PDU Id: 0x14f
   X.224 COTP Connect Confirm:
    src_ref: 0x001e dst_ref: 0x261c
    Initial Credit: 1
    Protocol class: 4
    Options: 00 (use normal PDU formats)
    Calling transport selector: 65 6d
    Called/responding transport selector: 02 02
    TPDU size (bytes): 1024
    Checksum: 4b 46
    Additional options: 0x00
    Ack time (ms): 1000
    Priority: 3
    Inactivity timer (ms): 360000
    X.225 Session SPDU: Short Accept
     X.227 ACSE Associate Response:
      Application context name: { 1.3.27.3.1 }
      Associate result: accept
      ATCDownlinkMessage: <empty PDU>

[2025-05-21 00:04:32 CEST] [136.725] [-4.2/-32.3 dBFS] [28.1 dB] [4.0 ppm]
4CA565 (Aircraft, Airborne) -> 11984A (Ground station): Command
AVLC type: I sseq: 2 rseq: 3 poll: 0
 X.25 Data: grp: 11 chan: 254 sseq: 0 rseq: 1 more: 0
  X.25 reasm status: skipped
  X.233 CLNP Data (compressed header):
   LRef: 0x0 Prio: 11 Flags: 0xc0
   Lifetime: 50.0 sec
   PDU Id: 0xee7
   X.224 COTP Data Ack:
    dst_ref: 0x502b
    rseq: 4 credit: 3
    Checksum: e9 b3
    Flow control:
     Acked TPDU nr: 4
     Acked subsequence: 0
     Acked credit: 15

[2025-05-21 00:04:43 CEST] [136.675] [-12.9/-32.5 dBFS] [19.7 dB] [3.9 ppm]
4D2219 (Aircraft, Airborne) -> 11907A (Ground station): Command
AVLC type: I sseq: 1 rseq: 1 poll: 0
 X.25 Data: grp: 11 chan: 255 sseq: 6 rseq: 6 more: 0
  X.25 reasm status: skipped
  X.233 CLNP Data (compressed header):
   LRef: 0x41 Prio: 11 Flags: 0xc0
   Lifetime: 50.0 sec
   PDU Id: 0x180
   X.224 COTP Data:
    dst_ref: 0xab03
    sseq: 10 req_of_ack: 0 EoT: 1
    COTP reasm status: skipped
    Checksum: b7 7b
    X.227 ACSE Abort:
     Source: user
     Cause: no-reason-given
     CPDLC User Abort Reason: commanded-termination

[2025-05-21 00:04:43 CEST] [136.675] [-12.4/-32.7 dBFS] [20.2 dB] [4.0 ppm]
4D2219 (Aircraft, Airborne) -> 11907A (Ground station): Command
AVLC type: I sseq: 2 rseq: 1 poll: 0
 X.25 Data: grp: 11 chan: 255 sseq: 7 rseq: 6 more: 0
  X.25 reasm status: skipped
  X.233 CLNP Data (compressed header):
   LRef: 0x42 Prio: 11 Flags: 0xc0
   Lifetime: 50.0 sec
   PDU Id: 0x181
   X.224 COTP Data:
    dst_ref: 0x502f
    sseq: 0 req_of_ack: 0 EoT: 1
    COTP reasm status: skipped
    Checksum: 19 55
    X.227 ACSE Abort:
     Source: user
     Cause: no-reason-given
     CPDLC User Abort Reason: current-data-authority-abort

[2025-05-21 00:04:45 CEST] [136.675] [-12.2/-32.6 dBFS] [20.4 dB] [4.0 ppm]
4D2219 (Aircraft, Airborne) -> 11907A (Ground station): Command
AVLC type: I sseq: 3 rseq: 5 poll: 0
 X.25 Data: grp: 11 chan: 255 sseq: 0 rseq: 0 more: 0
  X.25 reasm status: skipped
  X.233 CLNP Data (compressed header):
   LRef: 0x41 Prio: 11 Flags: 0xc0
   Lifetime: 50.0 sec
   PDU Id: 0x182
   X.224 COTP Disconnect Confirm:
    src_ref: 0x000f dst_ref: 0xab03
    Checksum: 59 59

[2025-05-21 00:04:45 CEST] [136.675] [-12.0/-32.7 dBFS] [20.7 dB] [3.7 ppm]
4D2219 (Aircraft, Airborne) -> 11907A (Ground station): Command
AVLC type: I sseq: 4 rseq: 5 poll: 0
 X.25 Data: grp: 11 chan: 255 sseq: 1 rseq: 2 more: 0
  X.25 reasm status: skipped
  X.233 CLNP Data (compressed header):
   LRef: 0x42 Prio: 11 Flags: 0xc0
   Lifetime: 50.0 sec
   PDU Id: 0x183
   X.224 COTP Disconnect Confirm:
    src_ref: 0x0010 dst_ref: 0x502f
    Checksum: cb 15

[2025-05-21 00:05:27 CEST] [136.675] [-13.4/-32.7 dBFS] [19.3 dB] [2.2 ppm]
4CA810 (Aircraft, Airborne) -> 11907A (Ground station): Command
AVLC type: I sseq: 5 rseq: 0 poll: 0
 X.25 Data: grp: 11 chan: 255 sseq: 4 rseq: 7 more: 0
  X.25 reasm status: skipped
  X.233 CLNP Data (compressed header):
   LRef: 0x0 Prio: 11 Flags: 0xc0
   Lifetime: 50.0 sec
   PDU Id: 0x2ac
   X.224 COTP Data Ack:
    dst_ref: 0x5039
    rseq: 9 credit: 4
    Checksum: 8d ad

[2025-05-21 00:05:27 CEST] [136.675] [-13.4/-32.4 dBFS] [19.0 dB] [1.9 ppm]
4CA810 (Aircraft, Airborne) -> 11907A (Ground station): Command
AVLC type: I sseq: 6 rseq: 0 poll: 0
 X.25 Data: grp: 11 chan: 255 sseq: 5 rseq: 7 more: 0
  X.25 reasm status: skipped
  X.233 CLNP Data (compressed header):
   LRef: 0x0 Prio: 11 Flags: 0xc0
   Lifetime: 50.0 sec
   PDU Id: 0x2ad
   X.224 COTP Data:
    dst_ref: 0x5039
    sseq: 8 req_of_ack: 0 EoT: 1
    COTP reasm status: skipped
    Checksum: 57 6a
    CPDLC Downlink Message:
     Header:
      Msg ID: 8
      Msg Ref: 9
      Timestamp: 2025-05-20 22:05:26
      Logical ACK: notRequired
     Message data:
      LOGICAL ACKNOWLEDGMENT

[2025-05-21 00:05:38 CEST] [136.675] [-14.0/-32.5 dBFS] [18.6 dB] [2.0 ppm]
4CA810 (Aircraft, Airborne) -> 11907A (Ground station): Command
AVLC type: I sseq: 0 rseq: 4 poll: 0
 X.25 Data: grp: 11 chan: 255 sseq: 7 rseq: 3 more: 0
  X.25 reasm status: skipped
  X.233 CLNP Data (compressed header):
   LRef: 0x41 Prio: 11 Flags: 0xc0
   Lifetime: 50.0 sec
   PDU Id: 0x2af
   X.224 COTP Connect Confirm:
    src_ref: 0x0018 dst_ref: 0x8da3
    Initial Credit: 1
    Protocol class: 4
    Options: 00 (use normal PDU formats)
    Calling transport selector: 70 6d
    Called/responding transport selector: 02 02
    TPDU size (bytes): 512
    Checksum: 18 f2
    Additional options: 0x00
    Ack time (ms): 1000
    Priority: 3
    Inactivity timer (ms): 360000
    X.225 Session SPDU: Short Accept
     X.227 ACSE Associate Response:
      Application context name: { 1.3.27.3.1 }
      Associate result: accept
      ATCDownlinkMessage: <empty PDU>

[2025-05-21 00:05:41 CEST] [136.675] [0.8/-32.4 dBFS] [33.2 dB] [0.6 ppm]
4D2415 (Aircraft, Airborne) -> 11907A (Ground station): Command
AVLC type: I sseq: 0 rseq: 1 poll: 0
 X.25 Data: grp: 11 chan: 255 sseq: 5 rseq: 7 more: 0
  X.25 reasm status: skipped
  X.233 CLNP Data (compressed header):
   LRef: 0x42 Prio: 11 Flags: 0xf6
   Lifetime: 20.0 sec
   PDU Id: 0x43
   X.224 COTP Data Ack:
    dst_ref: 0x502e
    rseq: 4 credit: 3
    Flow control:
     Acked TPDU nr: 4
     Acked subsequence: 0
     Acked credit: 15
    ATN checksum: c4 f4 38 83

[2025-05-21 00:05:42 CEST] [136.825] [-4.3/-31.8 dBFS] [27.4 dB] [1.7 ppm]
48C26C (Aircraft, Airborne) -> 119C2A (Ground station): Command
AVLC type: U (XID) P/F: 1
 XID: Handoff Initiation
  Public params:
   Parameter set ID: 8885:1993
   Procedure classes: 00 01
   HDLC options: 20 84 80
  VDL params:
   Parameter set ID: V
   XID sequencing: seq: 4 retry: 0
   Destination airport: EPWR
   Aircraft location: 0.0N 0.0E 0 ft
   Alternate ground stations: 12984A
   AVLC specific options: 24
   Connection management: 01

[2025-05-21 00:05:48 CEST] [136.825] [-6.1/-32.1 dBFS] [26.0 dB] [1.8 ppm]
48C26C (Aircraft, Airborne) -> 119C2A (Ground station): Command
AVLC type: I sseq: 2 rseq: 3 poll: 0
 X.25 Data: grp: 11 chan: 255 sseq: 0 rseq: 1 more: 0
  X.25 reasm status: skipped
  X.233 CLNP Data (compressed header):
   LRef: 0x41 Prio: 11 Flags: 0xc0
   Lifetime: 50.0 sec
   PDU Id: 0x151
   X.224 COTP Data Ack:
    dst_ref: 0x5045
    rseq: 3 credit: 2
    Checksum: 6c 1a
    Flow control:
     Acked TPDU nr: 3
     Acked subsequence: 0
     Acked credit: 15

[2025-05-21 00:05:57 CEST] [136.675] [0.8/-32.0 dBFS] [32.8 dB] [0.4 ppm]
4D2415 (Aircraft, Airborne) -> 11907A (Ground station): Command
AVLC type: I sseq: 1 rseq: 1 poll: 0
 ACARS:
  Reassembly: skipped
  Reg: .9H-EWC Flight: EW006K
  Mode: 2 Label: 1L Blk id: 1 More: 0 Ack: ! Msg num: M21A
  Message:
   00014209212KITT-74::77-EM**:77IT):MM*O-F*)DDEMXXX*TD-D

[2025-05-21 00:06:04 CEST] [136.725] [-2.3/-32.0 dBFS] [29.7 dB] [3.8 ppm]
4CA565 (Aircraft, Airborne) -> 11984A (Ground station): Command
AVLC type: I sseq: 4 rseq: 5 poll: 0
 X.25 Data: grp: 11 chan: 254 sseq: 2 rseq: 3 more: 0
  X.25 reasm status: skipped
  X.233 CLNP Data (compressed header):
   LRef: 0x0 Prio: 11 Flags: 0xc0
   Lifetime: 50.0 sec
   PDU Id: 0xee9
   X.224 COTP Data Ack:
    dst_ref: 0x502b
    rseq: 4 credit: 3
    Checksum: e9 b3
    Flow control:
     Acked TPDU nr: 4
     Acked subsequence: 0
     Acked credit: 15

[2025-05-21 00:06:28 CEST] [136.825] [-7.5/-31.7 dBFS] [24.2 dB] [1.8 ppm]
48C26C (Aircraft, Airborne) -> 119C2A (Ground station): Command
AVLC type: I sseq: 3 rseq: 4 poll: 0
 X.25 Data: grp: 11 chan: 255 sseq: 1 rseq: 2 more: 0
  X.25 reasm status: skipped
  X.233 CLNP Data (compressed header):
   LRef: 0x42 Prio: 11 Flags: 0xc0
   Lifetime: 50.0 sec
   PDU Id: 0x152
   X.224 COTP Data Ack:
    dst_ref: 0x261c
    rseq: 0 credit: 1
    Checksum: 06 df
    Flow control:
     Acked TPDU nr: 0
     Acked subsequence: 0
     Acked credit: 10

[2025-05-21 00:06:32 CEST] [136.825] [-6.7/-31.5 dBFS] [24.8 dB] [1.7 ppm]
48C26C (Aircraft, Airborne) -> 119C2A (Ground station): Command
AVLC type: I sseq: 4 rseq: 5 poll: 0
 X.25 Data: grp: 11 chan: 255 sseq: 2 rseq: 3 more: 0
  X.25 reasm status: skipped
  X.233 CLNP Data (compressed header):
   LRef: 0x41 Prio: 11 Flags: 0xc0
   Lifetime: 50.0 sec
   PDU Id: 0x153
   X.224 COTP Data Ack:
    dst_ref: 0x5045
    rseq: 4 credit: 3
    Checksum: 6c c8

[2025-05-21 00:06:32 CEST] [136.825] [-6.8/-31.5 dBFS] [24.7 dB] [1.6 ppm]
48C26C (Aircraft, Airborne) -> 119C2A (Ground station): Command
AVLC type: I sseq: 5 rseq: 5 poll: 0
 X.25 Data: grp: 11 chan: 255 sseq: 3 rseq: 3 more: 0
  X.25 reasm status: skipped
  X.233 CLNP Data (compressed header):
   LRef: 0x41 Prio: 11 Flags: 0xc0
   Lifetime: 50.0 sec
   PDU Id: 0x154
   X.224 COTP Data:
    dst_ref: 0x5045
    sseq: 3 req_of_ack: 0 EoT: 1
    COTP reasm status: skipped
    Checksum: 42 af
    CPDLC Downlink Message:
     Header:
      Msg ID: 3
      Msg Ref: 6
      Timestamp: 2025-05-20 22:06:30
      Logical ACK: notRequired
     Message data:
      LOGICAL ACKNOWLEDGMENT

[2025-05-21 00:06:36 CEST] [136.725] [-13.1/-32.0 dBFS] [18.9 dB] [2.8 ppm]
4CAC24 (Aircraft, Airborne) -> 11905A (Ground station): Command
AVLC type: I sseq: 6 rseq: 6 poll: 0
 X.25 Data: grp: 11 chan: 254 sseq: 6 rseq: 0 more: 0
  X.25 reasm status: skipped
  X.233 CLNP Data (compressed header):
   LRef: 0x41 Prio: 11 Flags: 0xc0
   Lifetime: 50.0 sec
   PDU Id: 0x1ab9
   X.224 COTP Data Ack:
    dst_ref: 0x503c
    rseq: 2 credit: 2
    Checksum: 97 f9
    Flow control:
     Acked TPDU nr: 2
     Acked subsequence: 0
     Acked credit: 15

[2025-05-21 00:06:40 CEST] [136.725] [-12.5/-32.0 dBFS] [19.5 dB] [3.0 ppm]
4CAC24 (Aircraft, Airborne) -> 11905A (Ground station): Command
AVLC type: I sseq: 6 rseq: 6 poll: 0
 X.25 Data: grp: 11 chan: 254 sseq: 6 rseq: 0 more: 0
  X.25 reasm status: skipped
  X.233 CLNP Data (compressed header):
   LRef: 0x41 Prio: 11 Flags: 0xc0
   Lifetime: 50.0 sec
   PDU Id: 0x1ab9
   X.224 COTP Data Ack:
    dst_ref: 0x503c
    rseq: 2 credit: 2
    Checksum: 97 f9
    Flow control:
     Acked TPDU nr: 2
     Acked subsequence: 0
     Acked credit: 15

[2025-05-21 00:06:45 CEST] [136.825] [-8.8/-31.1 dBFS] [22.3 dB] [1.5 ppm]
48C26C (Aircraft, Airborne) -> 119C2A (Ground station): Command
AVLC type: I sseq: 6 rseq: 6 poll: 0
 X.25 Data: grp: 11 chan: 255 sseq: 4 rseq: 4 more: 0
  X.25 reasm status: skipped
  X.233 CLNP Data (compressed header):
   LRef: 0x41 Prio: 11 Flags: 0xc0
   Lifetime: 50.0 sec
   PDU Id: 0x155
   X.224 COTP Data:
    dst_ref: 0x5045
    sseq: 4 req_of_ack: 0 EoT: 1
    COTP reasm status: skipped
    Checksum: 87 94
    X.227 ACSE Release Response:
     Reason: normal
     CPDLC Downlink Message:
      Header:
       Msg ID: 4
       Msg Ref: 6
       Timestamp: 2025-05-20 22:06:43
       Logical ACK: notRequired
      Message data:
       WILCO

[2025-05-21 00:06:45 CEST] [136.825] [-8.5/-31.3 dBFS] [22.7 dB] [1.8 ppm]
48C26C (Aircraft, Airborne) -> 119C2A (Ground station): Command
AVLC type: I sseq: 7 rseq: 6 poll: 0
 X.25 Data: grp: 11 chan: 255 sseq: 5 rseq: 4 more: 0
  X.25 reasm status: skipped
  X.233 CLNP Data (compressed header):
   LRef: 0x42 Prio: 11 Flags: 0xc0
   Lifetime: 50.0 sec
   PDU Id: 0x156
   X.224 COTP Data:
    dst_ref: 0x261c
    sseq: 0 req_of_ack: 0 EoT: 1
    COTP reasm status: skipped
    Checksum: 29 ea
    CPDLC Downlink Message:
     Header:
      Msg ID: 0
      Timestamp: 2025-05-20 22:06:43
      Logical ACK: required
     Message data:
      CURRENT DATA AUTHORITY

[2025-05-21 00:06:46 CEST] [136.825] [-8.4/-31.2 dBFS] [22.8 dB] [1.5 ppm]
48C26C (Aircraft, Airborne) -> 119C2A (Ground station): Command
AVLC type: I sseq: 0 rseq: 1 poll: 0
 X.25 Data: grp: 11 chan: 255 sseq: 6 rseq: 6 more: 0
  X.25 reasm status: skipped
  X.233 CLNP Data (compressed header):
   LRef: 0x41 Prio: 11 Flags: 0xc0
   Lifetime: 50.0 sec
   PDU Id: 0x157
   X.224 COTP Disconnect Confirm:
    src_ref: 0x001d dst_ref: 0x5045
    Checksum: 13 aa

[2025-05-21 00:06:47 CEST] [136.825] [-8.9/-31.1 dBFS] [22.2 dB] [1.6 ppm]
48C26C (Aircraft, Airborne) -> 119C2A (Ground station): Command
AVLC type: I sseq: 1 rseq: 2 poll: 0
 X.25 Data: grp: 11 chan: 255 sseq: 7 rseq: 0 more: 0
  X.25 reasm status: skipped
  X.233 CLNP Data (compressed header):
   LRef: 0x42 Prio: 11 Flags: 0xc0
   Lifetime: 50.0 sec
   PDU Id: 0x158
   X.224 COTP Data Ack:
    dst_ref: 0x261c
    rseq: 1 credit: 2
    Checksum: 4a 42

[2025-05-21 00:07:12 CEST] [136.675] [0.1/-32.5 dBFS] [32.6 dB] [0.5 ppm]
4D2415 (Aircraft, Airborne) -> 11907A (Ground station): Command
AVLC type: I sseq: 2 rseq: 3 poll: 0
 X.25 Data: grp: 11 chan: 255 sseq: 6 rseq: 0 more: 0
  X.25 reasm status: skipped
  X.233 CLNP Data (compressed header):
   LRef: 0x42 Prio: 11 Flags: 0xf6
   Lifetime: 20.0 sec
   PDU Id: 0x44
   X.224 COTP Data Ack:
    dst_ref: 0x502e
    rseq: 4 credit: 3
    Flow control:
     Acked TPDU nr: 4
     Acked subsequence: 0
     Acked credit: 15
    ATN checksum: c4 f4 38 83

[2025-05-21 00:07:16 CEST] [136.825] [-12.5/-31.6 dBFS] [19.1 dB] [1.8 ppm]
48C26C (Aircraft, Airborne) -> 119C2A (Ground station): Command
AVLC type: I sseq: 2 rseq: 4 poll: 0
 X.25 Data: grp: 11 chan: 255 sseq: 0 rseq: 2 more: 0
  X.25 reasm status: skipped
  X.233 CLNP Data (compressed header):
   LRef: 0x42 Prio: 11 Flags: 0xc0
   Lifetime: 50.0 sec
   PDU Id: 0x159
   X.224 COTP Data Ack:
    dst_ref: 0x261c
    rseq: 2 credit: 2
    Checksum: 46 45

[2025-05-21 00:07:16 CEST] [136.825] [-12.3/-31.4 dBFS] [19.1 dB] [1.8 ppm]
48C26C (Aircraft, Airborne) -> 119C2A (Ground station): Command
AVLC type: I sseq: 3 rseq: 4 poll: 0
 X.25 Data: grp: 11 chan: 255 sseq: 1 rseq: 2 more: 0
  X.25 reasm status: skipped
  X.233 CLNP Data (compressed header):
   LRef: 0x42 Prio: 11 Flags: 0xc0
   Lifetime: 50.0 sec
   PDU Id: 0x15a
   X.224 COTP Data Ack:
    dst_ref: 0x261c
    rseq: 3 credit: 2
    Checksum: 42 48

[2025-05-21 00:07:17 CEST] [136.825] [-12.0/-31.7 dBFS] [19.7 dB] [1.5 ppm]
48C26C (Aircraft, Airborne) -> 119C2A (Ground station): Command
AVLC type: I sseq: 4 rseq: 4 poll: 0
 X.25 Data: grp: 11 chan: 255 sseq: 2 rseq: 2 more: 0
  X.25 reasm status: skipped
  X.233 CLNP Data (compressed header):
   LRef: 0x42 Prio: 11 Flags: 0xc0
   Lifetime: 50.0 sec
   PDU Id: 0x15b
   X.224 COTP Data:
    dst_ref: 0x261c
    sseq: 1 req_of_ack: 0 EoT: 1
    COTP reasm status: skipped
    Checksum: 66 ae
    CPDLC Downlink Message:
     Header:
      Msg ID: 1
      Msg Ref: 2
      Timestamp: 2025-05-20 22:07:14
      Logical ACK: notRequired
     Message data:
      LOGICAL ACKNOWLEDGMENT

[2025-05-21 00:07:17 CEST] [136.825] [-11.4/-32.2 dBFS] [20.9 dB] [1.5 ppm]
48C26C (Aircraft, Airborne) -> 119C2A (Ground station): Command
AVLC type: I sseq: 5 rseq: 4 poll: 1
 X.25 Data: grp: 11 chan: 255 sseq: 3 rseq: 2 more: 0
  X.25 reasm status: skipped
  X.233 CLNP Data (compressed header):
   LRef: 0x42 Prio: 11 Flags: 0xc0
   Lifetime: 50.0 sec
   PDU Id: 0x15c
   X.224 COTP Data:
    dst_ref: 0x261c
    sseq: 2 req_of_ack: 0 EoT: 1
    COTP reasm status: skipped
    Checksum: a0 73
    CPDLC Downlink Message:
     Header:
      Msg ID: 2
      Msg Ref: 3
      Timestamp: 2025-05-20 22:07:15
      Logical ACK: notRequired
     Message data:
      LOGICAL ACKNOWLEDGMENT

[2025-05-21 00:07:30 CEST] [136.825] [-9.8/-31.4 dBFS] [21.6 dB] [1.6 ppm]
48C26C (Aircraft, Airborne) -> 119C2A (Ground station): Command
AVLC type: I sseq: 7 rseq: 0 poll: 0
 X.25 Data: grp: 11 chan: 255 sseq: 4 rseq: 6 more: 0
  X.25 reasm status: skipped
  X.233 CLNP Data (compressed header):
   LRef: 0x43 Prio: 11 Flags: 0xc0
   Lifetime: 50.0 sec
   PDU Id: 0x15d
   X.224 COTP Connect Confirm:
    src_ref: 0x001f dst_ref: 0xab15
    Initial Credit: 1
    Protocol class: 4
    Options: 00 (use normal PDU formats)
    Calling transport selector: 65 6d
    Called/responding transport selector: 02 02
    TPDU size (bytes): 1024
    Checksum: 9d 39
    Additional options: 0x00
    Ack time (ms): 1000
    Priority: 3
    Inactivity timer (ms): 360000
    X.225 Session SPDU: Short Accept
     X.227 ACSE Associate Response:
      Application context name: { 1.3.27.3.1 }
      Associate result: accept
      ATCDownlinkMessage: <empty PDU>

[2025-05-21 00:07:36 CEST] [136.725] [0.2/-32.4 dBFS] [32.5 dB] [3.2 ppm]
4CA565 (Aircraft, Airborne) -> 11984A (Ground station): Command
AVLC type: I sseq: 5 rseq: 6 poll: 0
 X.25 Data: grp: 11 chan: 254 sseq: 3 rseq: 4 more: 0
  X.25 reasm status: skipped
  X.233 CLNP Data (compressed header):
   LRef: 0x0 Prio: 11 Flags: 0xc0
   Lifetime: 50.0 sec
   PDU Id: 0xeea
   X.224 COTP Data Ack:
    dst_ref: 0x502b
    rseq: 4 credit: 3
    Checksum: e9 b3
    Flow control:
     Acked TPDU nr: 4
     Acked subsequence: 0
     Acked credit: 15

[2025-05-21 00:08:20 CEST] [136.825] [-10.5/-31.2 dBFS] [20.8 dB] [1.6 ppm]
48C26C (Aircraft, Airborne) -> 119C2A (Ground station): Command
AVLC type: I sseq: 0 rseq: 2 poll: 0
 X.25 Data: grp: 11 chan: 255 sseq: 5 rseq: 0 more: 0
  X.25 reasm status: skipped
  X.233 CLNP Data (compressed header):
   LRef: 0x42 Prio: 11 Flags: 0xc0
   Lifetime: 50.0 sec
   PDU Id: 0x15e
   X.224 COTP Data Ack:
    dst_ref: 0x261c
    rseq: 3 credit: 2
    Checksum: 05 d9
    Flow control:
     Acked TPDU nr: 3
     Acked subsequence: 0
     Acked credit: 10

[2025-05-21 00:08:24 CEST] [136.825] [-9.2/-32.0 dBFS] [22.8 dB] [1.6 ppm]
48C26C (Aircraft, Airborne) -> 119C2A (Ground station): Command
AVLC type: I sseq: 0 rseq: 2 poll: 0
 X.25 Data: grp: 11 chan: 255 sseq: 5 rseq: 0 more: 0
  X.25 reasm status: skipped
  X.233 CLNP Data (compressed header):
   LRef: 0x42 Prio: 11 Flags: 0xc0
   Lifetime: 50.0 sec
   PDU Id: 0x15e
   X.224 COTP Data Ack:
    dst_ref: 0x261c
    rseq: 3 credit: 2
    Checksum: 05 d9
    Flow control:
     Acked TPDU nr: 3
     Acked subsequence: 0
     Acked credit: 10

[2025-05-21 00:08:41 CEST] [136.775] [-10.8/-31.6 dBFS] [20.8 dB] [3.6 ppm]
4D24B5 (Aircraft, Airborne) -> 233925 (Ground station): Response
AVLC type: U (XID) P/F: 1
 XID: Handoff Response
  Public params:
   Parameter set ID: 8885:1993
   Procedure classes: 00 01
   HDLC options: 20 a4 80
  VDL params:
   Parameter set ID: V
   Connection management: 01
   XID sequencing: seq: 7 retry: 0
   AVLC specific options: 25
   Destination airport: LIPZ
   Aircraft location: 42.8N 6.1E 35000 ft

[2025-05-21 00:08:45 CEST] [136.675] [-1.7/-32.6 dBFS] [30.9 dB] [0.4 ppm]
4D2415 (Aircraft, Airborne) -> 11907A (Ground station): Command
AVLC type: I sseq: 3 rseq: 4 poll: 0
 X.25 Data: grp: 11 chan: 255 sseq: 7 rseq: 1 more: 0
  X.25 reasm status: skipped
  X.233 CLNP Data (compressed header):
   LRef: 0x42 Prio: 11 Flags: 0xf6
   Lifetime: 20.0 sec
   PDU Id: 0x45
   X.224 COTP Data Ack:
    dst_ref: 0x502e
    rseq: 4 credit: 3
    Flow control:
     Acked TPDU nr: 4
     Acked subsequence: 0
     Acked credit: 15
    ATN checksum: c4 f4 38 83

[2025-05-21 00:09:08 CEST] [136.725] [-2.3/-32.0 dBFS] [29.6 dB] [3.2 ppm]
4CA565 (Aircraft, Airborne) -> 11984A (Ground station): Command
AVLC type: I sseq: 6 rseq: 7 poll: 0
 X.25 Data: grp: 11 chan: 254 sseq: 4 rseq: 5 more: 0
  X.25 reasm status: skipped
  X.233 CLNP Data (compressed header):
   LRef: 0x0 Prio: 11 Flags: 0xc0
   Lifetime: 50.0 sec
   PDU Id: 0xeeb
   X.224 COTP Data Ack:
    dst_ref: 0x502b
    rseq: 4 credit: 3
    Checksum: e9 b3
    Flow control:
     Acked TPDU nr: 4
     Acked subsequence: 0
     Acked credit: 15

[2025-05-21 00:09:15 CEST] [136.725] [-1.1/-31.9 dBFS] [30.7 dB] [2.9 ppm]
4CA565 (Aircraft, Airborne) -> 11984A (Ground station): Command
AVLC type: I sseq: 7 rseq: 7 poll: 0
 ACARS:
  Reassembly: skipped
  Reg: .EI-DPZ Flight: FR54PW
  Mode: 2 Label: 16 Blk id: 9 More: 0 Ack: ! Msg num: M96A
  Message:
   220914,,2252,  89,N   .    MMMM.MMM

[2025-05-21 00:09:33 CEST] [136.725] [-12.0/-32.4 dBFS] [20.4 dB] [2.8 ppm]
04021D (Aircraft, Airborne) -> 11984A (Ground station): Command
AVLC type: I sseq: 2 rseq: 6 poll: 0
 X.25 Data: grp: 11 chan: 255 sseq: 7 rseq: 3 more: 0
  X.25 reasm status: skipped
  X.233 CLNP Data (compressed header):
   LRef: 0x43 Prio: 11 Flags: 0xf6
   Lifetime: 32.0 sec
   PDU Id: 0x301
   X.224 COTP Data Ack:
    dst_ref: 0x503a
    rseq: 4 credit: 3
    Flow control:
     Acked TPDU nr: 4
     Acked subsequence: 0
     Acked credit: 15
    ATN checksum: a0 40 7e 1f

[2025-05-21 00:09:36 CEST] [136.775] [-10.4/-32.0 dBFS] [21.6 dB] [3.1 ppm]
4D24B5 (Aircraft, Airborne) -> 233925 (Ground station): Command
AVLC type: I sseq: 3 rseq: 3 poll: 0
 X.25 Data: grp: 11 chan: 255 sseq: 1 rseq: 1 more: 0
  X.25 reasm status: skipped
  X.233 CLNP Data (compressed header):
   LRef: 0x41 Prio: 11 Flags: 0xf6
   Lifetime: 20.0 sec
   PDU Id: 0x369
   X.224 COTP Data Ack:
    dst_ref: 0x5034
    rseq: 4 credit: 3
    Flow control:
     Acked TPDU nr: 4
     Acked subsequence: 0
     Acked credit: 15
    ATN checksum: 46 8a 13 c2

[2025-05-21 00:09:40 CEST] [136.675] [-11.0/-32.4 dBFS] [21.4 dB] [0.9 ppm]
4D2418 (Aircraft, Airborne) -> 11907A (Ground station): Command
AVLC type: I sseq: 0 rseq: 2 poll: 0
 X.25 Data: grp: 11 chan: 255 sseq: 6 rseq: 0 more: 0
  X.25 reasm status: skipped
  X.233 CLNP Data (compressed header):
   LRef: 0x41 Prio: 11 Flags: 0xf6
   Lifetime: 20.0 sec
   PDU Id: 0x3f
   X.224 COTP Data Ack:
    dst_ref: 0x5037
    rseq: 4 credit: 3
    Flow control:
     Acked TPDU nr: 4
     Acked subsequence: 0
     Acked credit: 15
    ATN checksum: 81 3b bf e7

[2025-05-21 00:09:41 CEST] [136.675] [-2.1/-32.4 dBFS] [30.3 dB] [0.4 ppm]
4D2415 (Aircraft, Airborne) -> 11907A (Ground station): Command
AVLC type: I sseq: 4 rseq: 5 poll: 0
 X.25 Data: grp: 11 chan: 255 sseq: 0 rseq: 2 more: 0
  X.25 reasm status: skipped
  X.233 CLNP Data (compressed header):
   LRef: 0x42 Prio: 11 Flags: 0xf6
   Lifetime: 20.0 sec
   PDU Id: 0x46
   X.224 COTP Data Ack:
    dst_ref: 0x502e
    rseq: 5 credit: 3
    ATN checksum: 1f 0d 0a ef
   X.224 COTP Data:
    dst_ref: 0x502e
    sseq: 4 req_of_ack: 0 EoT: 1
    COTP reasm status: skipped
    ATN checksum: 10 bd 5a 03
    CPDLC Downlink Message:
     Header:
      Msg ID: 4
      Msg Ref: 5
      Timestamp: 2025-05-20 22:09:41
      Logical ACK: notRequired
     Message data:
      LOGICAL ACKNOWLEDGMENT

[2025-05-21 00:09:48 CEST] [136.675] [-2.3/-32.4 dBFS] [30.2 dB] [0.4 ppm]
4D2415 (Aircraft, Airborne) -> 11907A (Ground station): Command
AVLC type: I sseq: 5 rseq: 6 poll: 0
 X.25 Data: grp: 11 chan: 255 sseq: 1 rseq: 3 more: 0
  X.25 reasm status: skipped
  X.233 CLNP Data (compressed header):
   LRef: 0x42 Prio: 11 Flags: 0xf6
   Lifetime: 20.0 sec
   PDU Id: 0x47
   X.224 COTP Data:
    dst_ref: 0x502e
    sseq: 5 req_of_ack: 0 EoT: 1
    COTP reasm status: skipped
    ATN checksum: 8f c6 1d a1
    CPDLC Downlink Message:
     Header:
      Msg ID: 5
      Msg Ref: 5
      Timestamp: 2025-05-20 22:09:47
      Logical ACK: required
     Message data:
      WILCO

[2025-05-21 00:09:49 CEST] [136.675] [-1.7/-32.1 dBFS] [30.4 dB] [0.3 ppm]
4D2415 (Aircraft, Airborne) -> 11907A (Ground station): Command
AVLC type: I sseq: 6 rseq: 0 poll: 0
 X.25 Data: grp: 11 chan: 255 sseq: 2 rseq: 5 more: 0
  X.25 reasm status: skipped
  X.233 CLNP Data (compressed header):
   LRef: 0x42 Prio: 11 Flags: 0xf6
   Lifetime: 20.0 sec
   PDU Id: 0x48
   X.224 COTP Data Ack:
    dst_ref: 0x502e
    rseq: 6 credit: 3
    ATN checksum: 74 d9 3c 9a

[2025-05-21 00:09:52 CEST] [136.675] [-1.4/-32.4 dBFS] [31.0 dB] [0.4 ppm]
4D2415 (Aircraft, Airborne) -> 11907A (Ground station): Command
AVLC type: I sseq: 6 rseq: 0 poll: 0
 X.25 Data: grp: 11 chan: 255 sseq: 2 rseq: 5 more: 0
  X.25 reasm status: skipped
  X.233 CLNP Data (compressed header):
   LRef: 0x42 Prio: 11 Flags: 0xf6
   Lifetime: 20.0 sec
   PDU Id: 0x48
   X.224 COTP Data Ack:
    dst_ref: 0x502e
    rseq: 6 credit: 3
    ATN checksum: 74 d9 3c 9a

[2025-05-21 00:10:19 CEST] [136.725] [-11.8/-33.4 dBFS] [21.6 dB] [2.9 ppm]
4CAC24 (Aircraft, Airborne) -> 11905A (Ground station): Command
AVLC type: I sseq: 2 rseq: 2 poll: 0
 X.25 Data: grp: 11 chan: 254 sseq: 2 rseq: 4 more: 0
  X.25 reasm status: skipped
  X.233 CLNP Data (compressed header):
   LRef: 0x41 Prio: 11 Flags: 0xc0
   Lifetime: 50.0 sec
   PDU Id: 0x1abd
   X.224 COTP Data Ack:
    dst_ref: 0x503c
    rseq: 3 credit: 2
    Checksum: a4 9b

[2025-05-21 00:10:19 CEST] [136.725] [-12.7/-33.5 dBFS] [20.8 dB] [2.7 ppm]
4CAC24 (Aircraft, Airborne) -> 11905A (Ground station): Command
AVLC type: I sseq: 3 rseq: 2 poll: 0
 X.25 Data: grp: 11 chan: 254 sseq: 3 rseq: 4 more: 0
  X.25 reasm status: skipped
  X.233 CLNP Data (compressed header):
   LRef: 0x41 Prio: 11 Flags: 0xc0
   Lifetime: 50.0 sec
   PDU Id: 0x1abe
   X.224 COTP Data:
    dst_ref: 0x503c
    sseq: 2 req_of_ack: 0 EoT: 1
    COTP reasm status: skipped
    Checksum: 79 44
    CPDLC Downlink Message:
     Header:
      Msg ID: 2
      Msg Ref: 3
      Timestamp: 2025-05-20 22:10:17
      Logical ACK: notRequired
     Message data:
      LOGICAL ACKNOWLEDGMENT

[2025-05-21 00:10:29 CEST] [136.725] [-12.1/-32.8 dBFS] [20.7 dB] [2.8 ppm]
4CAC24 (Aircraft, Airborne) -> 11905A (Ground station): Command
AVLC type: I sseq: 4 rseq: 3 poll: 0
 X.25 Data: grp: 11 chan: 254 sseq: 4 rseq: 5 more: 0
  X.25 reasm status: skipped
  X.233 CLNP Data (compressed header):
   LRef: 0x41 Prio: 11 Flags: 0xc0
   Lifetime: 50.0 sec
   PDU Id: 0x1abf
   X.224 COTP Data:
    dst_ref: 0x503c
    sseq: 3 req_of_ack: 0 EoT: 1
    COTP reasm status: skipped
    Checksum: 37 c1
    CPDLC Downlink Message:
     Header:
      Msg ID: 3
      Msg Ref: 3
      Timestamp: 2025-05-20 22:10:28
      Logical ACK: required
     Message data:
      WILCO

[2025-05-21 00:10:31 CEST] [136.725] [-13.4/-32.7 dBFS] [19.3 dB] [2.9 ppm]
4CAC24 (Aircraft, Airborne) -> 11905A (Ground station): Command
AVLC type: I sseq: 5 rseq: 5 poll: 0
 X.25 Data: grp: 11 chan: 254 sseq: 5 rseq: 7 more: 0
  X.25 reasm status: skipped
  X.233 CLNP Data (compressed header):
   LRef: 0x41 Prio: 11 Flags: 0xc0
   Lifetime: 50.0 sec
   PDU Id: 0x1ac0
   X.224 COTP Data Ack:
    dst_ref: 0x503c
    rseq: 4 credit: 3
    Checksum: 99 a4

[2025-05-21 00:10:43 CEST] [136.725] [-2.3/-31.8 dBFS] [29.5 dB] [3.0 ppm]
4CA565 (Aircraft, Airborne) -> 11984A (Ground station): Command
AVLC type: I sseq: 1 rseq: 2 poll: 0
 X.25 Data: grp: 11 chan: 254 sseq: 6 rseq: 7 more: 0
  X.25 reasm status: skipped
  X.233 CLNP Data (compressed header):
   LRef: 0x0 Prio: 11 Flags: 0xc0
   Lifetime: 50.0 sec
   PDU Id: 0xeed
   X.224 COTP Data Ack:
    dst_ref: 0x502b
    rseq: 4 credit: 3
    Checksum: e9 b3
    Flow control:
     Acked TPDU nr: 4
     Acked subsequence: 0
     Acked credit: 15

[2025-05-21 00:10:50 CEST] [136.675] [-15.0/-32.6 dBFS] [17.5 dB] [2.0 ppm]
49D420 (Aircraft, Airborne) -> 11907A (Ground station): Command
AVLC type: I sseq: 2 rseq: 2 poll: 0
 X.25 Data: grp: 11 chan: 255 sseq: 0 rseq: 0 more: 0
  X.25 reasm status: skipped
  X.233 CLNP Data:
   Src NSAP: 47 00 27 41 54 56 53 00 49 d4 20 00 00 00 00 00 00 00 01 01	"G.'ATVS.I. ........."
   Dst NSAP: 47 00 27 81 83 46 52 00 01 43 43 01 43 45 53 2d 41 54 48 01	"G.'..FR..CC.CES-ATH."
   Lifetime: 50.0 sec
   Flags: SP
   Segmentation:
    PDU Id: 0x18c7
    Segment offset: 0
    PDU total length: 117
    CLNP reasm status: skipped
   Options:
    LRef: 0x00
    Priority: 0x08
    Security:
     Reg ID: 06 04 2b 1b 00 00
     Info:
      Traffic type:
       Type: ATN operational
       Category: ATSC
       Route policy: 0x01
    QoS maintenance: 0xc0
   X.224 COTP Connect Request:
    src_ref: 0x0019 dst_ref: 0x0000
    Initial Credit: 1
    Protocol class: 4
    Options: 00 (use normal PDU formats)
    Calling transport selector: 01 01
    Called/responding transport selector: 63 6d
    TPDU size (bytes): 1024
    Checksum: 4b e0
    Additional options: 0x00
    Ack time (ms): 1000
    Priority: 6
    Inactivity timer (ms): 360000

[2025-05-21 00:10:55 CEST] [136.675] [-14.3/-32.5 dBFS] [18.2 dB] [2.0 ppm]
49D420 (Aircraft, Airborne) -> 11907A (Ground station): Command
AVLC type: I sseq: 5 rseq: 5 poll: 0
 X.25 Data: grp: 11 chan: 255 sseq: 3 rseq: 3 more: 0
  X.25 reasm status: skipped
  X.233 CLNP Data (compressed header):
   LRef: 0x0 Prio: 8 Flags: 0xc0
   Lifetime: 50.0 sec
   PDU Id: 0x18ca
   X.224 COTP Data Ack:
    dst_ref: 0x5c32
    rseq: 1 credit: 2
    Checksum: 96 a9

[2025-05-21 00:11:05 CEST] [136.725] [-13.6/-32.1 dBFS] [18.5 dB] [2.9 ppm]
04021D (Aircraft, Airborne) -> 11984A (Ground station): Command
AVLC type: I sseq: 4 rseq: 0 poll: 0
 X.25 Data: grp: 11 chan: 255 sseq: 1 rseq: 5 more: 0
  X.25 reasm status: skipped
  X.233 CLNP Data (compressed header):
   LRef: 0x43 Prio: 11 Flags: 0xf6
   Lifetime: 32.0 sec
   PDU Id: 0x303
   X.224 COTP Data Ack:
    dst_ref: 0x503a
    rseq: 4 credit: 3
    Flow control:
     Acked TPDU nr: 4
     Acked subsequence: 0
     Acked credit: 15
    ATN checksum: a0 40 7e 1f

[2025-05-21 00:11:05 CEST] [136.975] [-4.8/-32.0 dBFS] [27.2 dB] [1.2 ppm]
345101 (Aircraft, Airborne) -> 10FA5A (Ground station): Command
AVLC type: I sseq: 3 rseq: 3 poll: 0
 ACARS:
  Reassembly: skipped
  Reg: .EC-MIR Flight: VY30VE
  Mode: 2 Label: H1 Blk id: 0 More: 0 Ack: ! Msg num: F39A
  Sublabel: M1
  Message:
   RESPWI/AK,71605F

[2025-05-21 00:11:09 CEST] [136.725] [-12.2/-31.9 dBFS] [19.7 dB] [2.7 ppm]
04021D (Aircraft, Airborne) -> 11984A (Ground station): Command
AVLC type: I sseq: 4 rseq: 0 poll: 0
 X.25 Data: grp: 11 chan: 255 sseq: 1 rseq: 5 more: 0
  X.25 reasm status: skipped
  X.233 CLNP Data (compressed header):
   LRef: 0x43 Prio: 11 Flags: 0xf6
   Lifetime: 32.0 sec
   PDU Id: 0x303
   X.224 COTP Data Ack:
    dst_ref: 0x503a
    rseq: 4 credit: 3
    Flow control:
     Acked TPDU nr: 4
     Acked subsequence: 0
     Acked credit: 15
    ATN checksum: a0 40 7e 1f

[2025-05-21 00:11:15 CEST] [136.675] [-11.4/-32.2 dBFS] [20.9 dB] [0.7 ppm]
4D2418 (Aircraft, Airborne) -> 11907A (Ground station): Command
AVLC type: I sseq: 1 rseq: 3 poll: 0
 X.25 Data: grp: 11 chan: 255 sseq: 7 rseq: 1 more: 0
  X.25 reasm status: skipped
  X.233 CLNP Data (compressed header):
   LRef: 0x41 Prio: 11 Flags: 0xf6
   Lifetime: 20.0 sec
   PDU Id: 0x40
   X.224 COTP Data Ack:
    dst_ref: 0x5037
    rseq: 4 credit: 3
    Flow control:
     Acked TPDU nr: 4
     Acked subsequence: 0
     Acked credit: 15
    ATN checksum: 81 3b bf e7

[2025-05-21 00:11:20 CEST] [136.675] [-8.9/-32.4 dBFS] [23.6 dB] [0.5 ppm]
4D2415 (Aircraft, Airborne) -> 11907A (Ground station): Command
AVLC type: I sseq: 0 rseq: 2 poll: 0
 X.25 Data: grp: 11 chan: 255 sseq: 4 rseq: 7 more: 0
  X.25 reasm status: skipped
  X.233 CLNP Data (compressed header):
   LRef: 0x42 Prio: 11 Flags: 0xf6
   Lifetime: 20.0 sec
   PDU Id: 0x4a
   X.224 COTP Data Ack:
    dst_ref: 0x502e
    rseq: 6 credit: 3
    Flow control:
     Acked TPDU nr: 6
     Acked subsequence: 0
     Acked credit: 15
    ATN checksum: ba 2a fe 8d

[2025-05-21 00:11:23 CEST] [136.675] [-8.5/-32.5 dBFS] [24.0 dB] [0.5 ppm]
4D2415 (Aircraft, Airborne) -> 11907A (Ground station): Command
AVLC type: I sseq: 1 rseq: 3 poll: 0
 X.25 Data: grp: 11 chan: 255 sseq: 5 rseq: 0 more: 0
  X.25 reasm status: skipped
  X.233 CLNP Data (compressed header):
   LRef: 0x42 Prio: 11 Flags: 0xf6
   Lifetime: 20.0 sec
   PDU Id: 0x4b
   X.224 COTP Data Ack:
    dst_ref: 0x502e
    rseq: 7 credit: 3
    ATN checksum: c9 a6 6e 45
   X.224 COTP Data:
    dst_ref: 0x502e
    sseq: 6 req_of_ack: 0 EoT: 1
    COTP reasm status: skipped
    ATN checksum: b3 4e f5 46
    CPDLC Downlink Message:
     Header:
      Msg ID: 6
      Msg Ref: 7
      Timestamp: 2025-05-20 22:11:22
      Logical ACK: notRequired
     Message data:
      LOGICAL ACKNOWLEDGMENT

[2025-05-21 00:11:28 CEST] [136.825] [-13.4/-31.4 dBFS] [18.1 dB] [1.7 ppm]
48C26C (Aircraft, Airborne) -> 119C2A (Ground station): Command
AVLC type: I sseq: 6 rseq: 1 poll: 0
 X.25 Data: grp: 11 chan: 255 sseq: 3 rseq: 7 more: 0
  X.25 reasm status: skipped
  X.233 CLNP Data (compressed header):
   LRef: 0x42 Prio: 11 Flags: 0xc0
   Lifetime: 50.0 sec
   PDU Id: 0x164
   X.224 COTP Data Ack:
    dst_ref: 0x261c
    rseq: 3 credit: 2
    Checksum: 05 d9
    Flow control:
     Acked TPDU nr: 3
     Acked subsequence: 0
     Acked credit: 10

[2025-05-21 00:11:29 CEST] [136.975] [-5.4/-32.6 dBFS] [27.2 dB] [1.1 ppm]
345101 (Aircraft, Airborne) -> 10985A (Ground station): Command
AVLC type: U (XID) P/F: 1
 XID: Handoff Initiation
  Public params:
   Parameter set ID: 8885:1993
   Procedure classes: 00 01
   HDLC options: 20 a4 80
  VDL params:
   Parameter set ID: V
   Connection management: 01
   XID sequencing: seq: 5 retry: 0
   AVLC specific options: 25
   Destination airport: LEBL
   Aircraft location: 43.4N 6.1E 39000 ft

[2025-05-21 00:11:37 CEST] [136.675] [-15.5/-32.1 dBFS] [16.6 dB] [1.8 ppm]
49D420 (Aircraft, Airborne) -> 11907A (Ground station): Command
AVLC type: I sseq: 7 rseq: 7 poll: 0
 X.25 Data: grp: 11 chan: 255 sseq: 5 rseq: 5 more: 0
  X.25 reasm status: skipped
  X.233 CLNP Data (compressed header):
   LRef: 0x1 Prio: 11 Flags: 0xc0
   Lifetime: 50.0 sec
   PDU Id: 0x18d4
   X.224 COTP Data Ack:
    dst_ref: 0x504b
    rseq: 1 credit: 2
    Checksum: 61 d1

[2025-05-21 00:11:37 CEST] [136.975] [-4.3/-32.4 dBFS] [28.0 dB] [1.1 ppm]
345101 (Aircraft, Airborne) -> 10985A (Ground station): Command
AVLC type: U (XID) P/F: 1
 XID: Handoff Initiation
  Public params:
   Parameter set ID: 8885:1993
   Procedure classes: 00 01
   HDLC options: 20 a4 80
  VDL params:
   Parameter set ID: V
   Connection management: 01
   XID sequencing: seq: 5 retry: 1
   AVLC specific options: 25
   Destination airport: LEBL
   Aircraft location: 43.4N 6.1E 39000 ft

[2025-05-21 00:11:39 CEST] [136.975] [-4.3/-32.4 dBFS] [28.2 dB] [1.3 ppm]
345101 (Aircraft, Airborne) -> 10985A (Ground station): Command
AVLC type: I sseq: 2 rseq: 4 poll: 0
 X.25 Data: grp: 11 chan: 255 sseq: 0 rseq: 2 more: 0
  X.25 reasm status: skipped
  X.233 CLNP Data (compressed header):
   LRef: 0x40 Prio: 14 Flags: 0xf6
   Lifetime: 20.0 sec
   PDU Id: 0xb2
   IDRP Open: seq: 1 ack: 1 credit_offered: 3 credit_avail: 4
    Hold Time: 900 seconds
    Max. PDU size: 3000 octets
    Source RDI: 47 00 27 41 56 4c 47 00 34 51 01	"G.'AVLG.4Q."
    RIB Attribute Set:
     RibAtt #0:
      Security:
       Reg ID: 06 04 2b 1b 00 00
    Auth mechanism: simple checksum

[2025-05-21 00:11:40 CEST] [136.975] [-4.6/-32.4 dBFS] [27.8 dB] [1.2 ppm]
345101 (Aircraft, Airborne) -> 10985A (Ground station): Command
AVLC type: I sseq: 3 rseq: 5 poll: 0
 X.25 Data: grp: 11 chan: 255 sseq: 1 rseq: 3 more: 0
  X.25 reasm status: skipped
  X.233 CLNP Data (compressed header):
   LRef: 0x40 Prio: 14 Flags: 0xf6
   Lifetime: 20.0 sec
   PDU Id: 0xb3
   IDRP Update: seq: 2 ack: 1 credit_offered: 3 credit_avail: 3
    Route:
     ID: 17
     Local preference: 0
    RD path:
     RD_SEQ:
      47 00 27 41 56 4c 47 00 34 51 01	"G.'AVLG.4Q."
    RD hop count: 1
    Capacity: 13
    Reachability info:
     Protocol: CLNP
     Prefix length: 88
     Dest. address prefix: 47 00 27 41 56 4c 47 00 34 51 01	"G.'AVLG.4Q."

[2025-05-21 00:11:40 CEST] [136.975] [-4.6/-32.4 dBFS] [27.8 dB] [1.2 ppm]
345101 (Aircraft, Airborne) -> 10985A (Ground station): Command
AVLC type: I sseq: 4 rseq: 5 poll: 0
 X.25 Data: grp: 11 chan: 255 sseq: 2 rseq: 3 more: 0
  X.25 reasm status: skipped
  X.233 CLNP Data (compressed header):
   LRef: 0x40 Prio: 14 Flags: 0xf6
   Lifetime: 20.0 sec
   PDU Id: 0xb4
   IDRP Update: seq: 3 ack: 1 credit_offered: 3 credit_avail: 2
    Route:
     ID: 18
     Local preference: 0
    Security:
     Reg ID: 06 04 2b 1b 00 00
     Info:
      Supported ATSC classes: all
      Subnetwork type:
       Subnet: VDL
       Permitted traffic: all
    RD path:
     RD_SEQ:
      47 00 27 41 56 4c 47 00 34 51 01	"G.'AVLG.4Q."
    RD hop count: 1
    Capacity: 13
    Reachability info:
     Protocol: CLNP
     Prefix length: 88
     Dest. address prefix: 47 00 27 41 56 4c 47 00 34 51 01	"G.'AVLG.4Q."

[2025-05-21 00:11:57 CEST] [136.975] [-5.1/-32.4 dBFS] [27.4 dB] [1.2 ppm]
345101 (Aircraft, Airborne) -> 10985A (Ground station): Command
AVLC type: I sseq: 7 rseq: 7 poll: 0
 ACARS:
  Reassembly: skipped
  Reg: .EC-MIR Flight: VY30VE
  Mode: 2 Label: H1 Blk id: 2 More: 0 Ack: ! Msg num: F40A
  Sublabel: M1
  Message:
   RESPWI/AC,3018259

[2025-05-21 00:12:05 CEST] [136.725] [-8.4/-32.4 dBFS] [23.9 dB] [1.2 ppm]
345101 (Aircraft, Airborne) -> 11985A (Ground station): Command
AVLC type: U (XID) P/F: 1
 XID: Handoff Initiation
  Public params:
   Parameter set ID: 8885:1993
   Procedure classes: 00 01
   HDLC options: 20 a4 80
  VDL params:
   Parameter set ID: V
   Connection management: 01
   XID sequencing: seq: 6 retry: 0
   AVLC specific options: 25
   Destination airport: LEBL
   Aircraft location: 43.3N 6.0E 39000 ft

[2025-05-21 00:12:11 CEST] [136.725] [-7.6/-32.3 dBFS] [24.7 dB] [1.5 ppm]
345101 (Aircraft, Airborne) -> 11985A (Ground station): Command
AVLC type: I sseq: 2 rseq: 2 poll: 0
 ACARS:
  Reassembly: skipped
  Reg: .EC-MIR Flight: VY30VE
  Mode: 2 Label: B9 Blk id: 4 More: 0 Ack: ! Msg num: M49A
  Message:
   /LEBL.TI2/040LEBLA3461

[2025-05-21 00:12:36 CEST] [136.725] [-12.2/-31.9 dBFS] [19.8 dB] [2.6 ppm]
4CAC24 (Aircraft, Airborne) -> 11905A (Ground station): Command
AVLC type: I sseq: 5 rseq: 5 poll: 0
 X.25 Data: grp: 11 chan: 254 sseq: 7 rseq: 1 more: 0
  X.25 reasm status: skipped
  X.233 CLNP Data (compressed header):
   LRef: 0x41 Prio: 11 Flags: 0xc0
   Lifetime: 50.0 sec
   PDU Id: 0x1ac2
   X.224 COTP Data Ack:
    dst_ref: 0x503c
    rseq: 5 credit: 3
    Checksum: 95 a7

[2025-05-21 00:12:37 CEST] [136.725] [-11.4/-31.8 dBFS] [20.3 dB] [2.8 ppm]
04021D (Aircraft, Airborne) -> 11984A (Ground station): Command
AVLC type: I sseq: 5 rseq: 1 poll: 0
 X.25 Data: grp: 11 chan: 255 sseq: 2 rseq: 6 more: 0
  X.25 reasm status: skipped
  X.233 CLNP Data (compressed header):
   LRef: 0x43 Prio: 11 Flags: 0xf6
   Lifetime: 32.0 sec
   PDU Id: 0x304
   X.224 COTP Data Ack:
    dst_ref: 0x503a
    rseq: 4 credit: 3
    Flow control:
     Acked TPDU nr: 4
     Acked subsequence: 0
     Acked credit: 15
    ATN checksum: a0 40 7e 1f

[2025-05-21 00:12:40 CEST] [136.775] [-11.4/-31.8 dBFS] [20.3 dB] [2.9 ppm]
4D24B5 (Aircraft, Airborne) -> 233925 (Ground station): Command
AVLC type: I sseq: 6 rseq: 0 poll: 0
 X.25 Data: grp: 11 chan: 255 sseq: 3 rseq: 4 more: 0
  X.25 reasm status: skipped
  X.233 CLNP Data (compressed header):
   LRef: 0x41 Prio: 11 Flags: 0xf6
   Lifetime: 20.0 sec
   PDU Id: 0x36b
   X.224 COTP Data Ack:
    dst_ref: 0x5034
    rseq: 4 credit: 3
    Flow control:
     Acked TPDU nr: 4
     Acked subsequence: 0
     Acked credit: 15
    ATN checksum: 46 8a 13 c2

[2025-05-21 00:12:44 CEST] [136.725] [-12.0/-31.9 dBFS] [19.9 dB] [2.8 ppm]
4CAC24 (Aircraft, Airborne) -> 11905A (Ground station): Command
AVLC type: I sseq: 7 rseq: 6 poll: 0
 X.25 Data: grp: 11 chan: 254 sseq: 1 rseq: 2 more: 0
  X.25 reasm status: skipped
  X.233 CLNP Data (compressed header):
   LRef: 0x41 Prio: 11 Flags: 0xc0
   Lifetime: 50.0 sec
   PDU Id: 0x1ac4
   X.224 COTP Data:
    dst_ref: 0x503c
    sseq: 5 req_of_ack: 0 EoT: 1
    COTP reasm status: skipped
    Checksum: 65 91
    CPDLC Downlink Message:
     Header:
      Msg ID: 5
      Msg Ref: 5
      Timestamp: 2025-05-20 22:12:42
      Logical ACK: required
     Message data:
      WILCO

[2025-05-21 00:12:44 CEST] [136.675] [-3.6/-32.6 dBFS] [29.0 dB] [0.6 ppm]
4D2418 (Aircraft, Airborne) -> 11907A (Ground station): Command
AVLC type: I sseq: 2 rseq: 4 poll: 0
 X.25 Data: grp: 11 chan: 255 sseq: 0 rseq: 2 more: 0
  X.25 reasm status: skipped
  X.233 CLNP Data (compressed header):
   LRef: 0x41 Prio: 11 Flags: 0xf6
   Lifetime: 20.0 sec
   PDU Id: 0x41
   X.224 COTP Data Ack:
    dst_ref: 0x5037
    rseq: 4 credit: 3
    Flow control:
     Acked TPDU nr: 4
     Acked subsequence: 0
     Acked credit: 15
    ATN checksum: 81 3b bf e7

[2025-05-21 00:12:45 CEST] [136.725] [-11.3/-32.2 dBFS] [20.9 dB] [2.5 ppm]
4CAC24 (Aircraft, Airborne) -> 11905A (Ground station): Command
AVLC type: I sseq: 0 rseq: 0 poll: 0
 X.25 Data: grp: 11 chan: 254 sseq: 2 rseq: 4 more: 0
  X.25 reasm status: skipped
  X.233 CLNP Data (compressed header):
   LRef: 0x41 Prio: 11 Flags: 0xc0
   Lifetime: 50.0 sec
   PDU Id: 0x1ac5
   X.224 COTP Data Ack:
    dst_ref: 0x503c
    rseq: 6 credit: 3
    Checksum: 91 aa

[2025-05-21 00:12:55 CEST] [136.675] [-8.4/-32.5 dBFS] [24.1 dB] [0.3 ppm]
4D2415 (Aircraft, Airborne) -> 11907A (Ground station): Command
AVLC type: I sseq: 2 rseq: 5 poll: 0
 X.25 Data: grp: 11 chan: 255 sseq: 6 rseq: 2 more: 0
  X.25 reasm status: skipped
  X.233 CLNP Data (compressed header):
   LRef: 0x42 Prio: 11 Flags: 0xf6
   Lifetime: 20.0 sec
   PDU Id: 0x4c
   X.224 COTP Data Ack:
    dst_ref: 0x502e
    rseq: 7 credit: 3
    Flow control:
     Acked TPDU nr: 7
     Acked subsequence: 0
     Acked credit: 15
    ATN checksum: b5 c4 62 92

[2025-05-21 00:13:26 CEST] [136.675] [-7.7/-32.7 dBFS] [25.0 dB] [0.5 ppm]
4D2415 (Aircraft, Airborne) -> 11907A (Ground station): Command
AVLC type: I sseq: 3 rseq: 6 poll: 0
 X.25 Data: grp: 11 chan: 255 sseq: 7 rseq: 3 more: 0
  X.25 reasm status: skipped
  X.233 CLNP Data (compressed header):
   LRef: 0x42 Prio: 11 Flags: 0xf6
   Lifetime: 20.0 sec
   PDU Id: 0x4d
   X.224 COTP Data Ack:
    dst_ref: 0x502e
    rseq: 8 credit: 3
    ATN checksum: 1f 73 a0 ef
   X.224 COTP Data:
    dst_ref: 0x502e
    sseq: 7 req_of_ack: 0 EoT: 1
    COTP reasm status: skipped
    ATN checksum: 69 0a 52 74
    CPDLC Downlink Message:
     Header:
      Msg ID: 7
      Msg Ref: 9
      Timestamp: 2025-05-20 22:13:25
      Logical ACK: notRequired
     Message data:
      LOGICAL ACKNOWLEDGMENT

[2025-05-21 00:13:32 CEST] [136.675] [-7.8/-32.3 dBFS] [24.5 dB] [0.2 ppm]
4D2415 (Aircraft, Airborne) -> 11907A (Ground station): Command
AVLC type: I sseq: 4 rseq: 7 poll: 0
 X.25 Data: grp: 11 chan: 255 sseq: 0 rseq: 4 more: 0
  X.25 reasm status: skipped
  X.233 CLNP Data (compressed header):
   LRef: 0x42 Prio: 11 Flags: 0xf6
   Lifetime: 20.0 sec
   PDU Id: 0x4e
   X.224 COTP Data:
    dst_ref: 0x502e
    sseq: 8 req_of_ack: 0 EoT: 1
    COTP reasm status: skipped
    ATN checksum: 55 d8 e6 87
    X.227 ACSE Release Response:
     Reason: normal
     CPDLC Downlink Message:
      Header:
       Msg ID: 8
       Msg Ref: 9
       Timestamp: 2025-05-20 22:13:31
       Logical ACK: notRequired
      Message data:
       WILCO

[2025-05-21 00:13:33 CEST] [136.675] [-7.9/-32.0 dBFS] [24.1 dB] [0.1 ppm]
4D2415 (Aircraft, Airborne) -> 11907A (Ground station): Command
AVLC type: I sseq: 5 rseq: 1 poll: 0
 X.25 Data: grp: 11 chan: 255 sseq: 1 rseq: 6 more: 0
  X.25 reasm status: skipped
  X.233 CLNP Data (compressed header):
   LRef: 0x42 Prio: 11 Flags: 0xf6
   Lifetime: 20.0 sec
   PDU Id: 0x4f
   X.224 COTP Disconnect Confirm:
    src_ref: 0x0034 dst_ref: 0x502e
    ATN checksum: f3 33 18 59

[2025-05-21 00:13:35 CEST] [136.775] [-14.2/-31.6 dBFS] [17.5 dB] [2.9 ppm]
4D24B5 (Aircraft, Airborne) -> 233925 (Ground station): Command
AVLC type: I sseq: 7 rseq: 1 poll: 0
 X.25 Data: grp: 11 chan: 255 sseq: 4 rseq: 5 more: 0
  X.25 reasm status: skipped
  X.233 CLNP Data (compressed header):
   LRef: 0x41 Prio: 11 Flags: 0xf6
   Lifetime: 20.0 sec
   PDU Id: 0x36c
   X.224 COTP Data Ack:
    dst_ref: 0x5034
    rseq: 5 credit: 3
    ATN checksum: cd a2 99 4d
   X.224 COTP Data:
    dst_ref: 0x5034
    sseq: 4 req_of_ack: 0 EoT: 1
    COTP reasm status: skipped
    ATN checksum: 77 f3 67 3d
    CPDLC Downlink Message:
     Header:
      Msg ID: 4
      Msg Ref: 5
      Timestamp: 2025-05-20 22:13:34
      Logical ACK: notRequired
     Message data:
      LOGICAL ACKNOWLEDGMENT

[2025-05-21 00:13:40 CEST] [136.825] [-12.4/-31.6 dBFS] [19.2 dB] [1.5 ppm]
48C26C (Aircraft, Airborne) -> 11957A (Ground station): Command
AVLC type: I sseq: 0 rseq: 1 poll: 0
 X.25 Data: grp: 11 chan: 254 sseq: 6 rseq: 7 more: 0
  X.25 reasm status: skipped
  X.233 CLNP Data (compressed header):
   LRef: 0x42 Prio: 11 Flags: 0xc0
   Lifetime: 50.0 sec
   PDU Id: 0x16c
   X.224 COTP Data Ack:
    dst_ref: 0x261c
    rseq: 5 credit: 3
    Checksum: 02 d7
    Flow control:
     Acked TPDU nr: 5
     Acked subsequence: 0
     Acked credit: 10

[2025-05-21 00:14:04 CEST] [136.725] [-9.8/-32.4 dBFS] [22.6 dB] [4.1 ppm]
440CC1 (Aircraft, Airborne) -> 11984A (Ground station): Command
AVLC type: I sseq: 3 rseq: 3 poll: 0
 ACARS:
  Reassembly: skipped
  Reg: .OE-LSP Flight: EC19MF
  Mode: 2 Label: 82 Blk id: 1 More: 0 Ack: ! Msg num: M48A
  Message:
   WE ARE ON OUR WAY TO PMI
   ACTUALLY NOW. THANKS IN
   ADVANCE

[2025-05-21 00:14:05 CEST] [136.725] [-12.9/-32.4 dBFS] [19.5 dB] [3.9 ppm]
440219 (Aircraft, Airborne) -> 11985A (Ground station): Command
AVLC type: I sseq: 4 rseq: 5 poll: 0
 X.25 Data: grp: 11 chan: 255 sseq: 2 rseq: 3 more: 0
  X.25 reasm status: skipped
  X.233 CLNP Data (compressed header):
   LRef: 0x43 Prio: 11 Flags: 0xf6
   Lifetime: 20.0 sec
   PDU Id: 0x14d
   X.224 COTP Data Ack:
    dst_ref: 0x5040
    rseq: 4 credit: 3
    Flow control:
     Acked TPDU nr: 4
     Acked subsequence: 0
     Acked credit: 15
    ATN checksum: 03 51 7f b5

[2025-05-21 00:14:05 CEST] [136.675] [-10.2/-32.6 dBFS] [22.4 dB] [0.5 ppm]
4D2415 (Aircraft, Airborne) -> 11907A (Ground station): Command
AVLC type: I sseq: 6 rseq: 3 poll: 0
 X.25 Data: grp: 11 chan: 255 sseq: 2 rseq: 0 more: 0
  X.25 reasm status: skipped
  X.233 CLNP Data (compressed header):
   LRef: 0x43 Prio: 11 Flags: 0xf6
   Lifetime: 20.0 sec
   PDU Id: 0x50
   X.224 COTP Connect Confirm:
    src_ref: 0x0035 dst_ref: 0x261e
    Initial Credit: 1
    Protocol class: 4
    Options: 00 (use normal PDU formats)
    TPDU size (bytes): 1024
    Called/responding transport selector: 16
    Calling transport selector: 65 6d
    Priority: 3
    Ack time (ms): 1000
    Inactivity timer (ms): 360000
    Additional options: 0x00
    ATN checksum: 00 94 aa 58
    X.225 Session SPDU: Short Accept
     X.227 ACSE Associate Response:
      Application context name: { 1.3.27.3.1 }
      Associate result: accept
      ATCDownlinkMessage: <empty PDU>

[2025-05-21 00:14:05 CEST] [136.675] [-10.3/-32.1 dBFS] [21.8 dB] [0.4 ppm]
4D2415 (Aircraft, Airborne) -> 11907A (Ground station): Command
AVLC type: I sseq: 7 rseq: 4 poll: 0
 X.25 Data: grp: 11 chan: 255 sseq: 3 rseq: 1 more: 0
  X.25 reasm status: skipped
  X.233 CLNP Data (compressed header):
   LRef: 0x43 Prio: 11 Flags: 0xf6
   Lifetime: 20.0 sec
   PDU Id: 0x51
   X.224 COTP Data:
    dst_ref: 0x261e
    sseq: 0 req_of_ack: 0 EoT: 1
    COTP reasm status: skipped
    ATN checksum: a3 e2 0c f2
    CPDLC Downlink Message:
     Header:
      Msg ID: 0
      Timestamp: 2025-05-20 22:14:04
      Logical ACK: required
     Message data:
      CURRENT DATA AUTHORITY

[2025-05-21 00:14:06 CEST] [136.675] [-10.7/-32.7 dBFS] [22.0 dB] [0.3 ppm]
4D2415 (Aircraft, Airborne) -> 11907A (Ground station): Command
AVLC type: I sseq: 0 rseq: 6 poll: 0
 X.25 Data: grp: 11 chan: 255 sseq: 4 rseq: 3 more: 0
  X.25 reasm status: skipped
  X.233 CLNP Data (compressed header):
   LRef: 0x43 Prio: 11 Flags: 0xf6
   Lifetime: 20.0 sec
   PDU Id: 0x52
   X.224 COTP Data Ack:
    dst_ref: 0x261e
    rseq: 1 credit: 2
    ATN checksum: 55 1e a6 9c

[2025-05-21 00:14:07 CEST] [136.675] [-11.1/-32.4 dBFS] [21.3 dB] [0.2 ppm]
4D2415 (Aircraft, Airborne) -> 11907A (Ground station): Command
AVLC type: I sseq: 1 rseq: 0 poll: 0
 X.25 Data: grp: 11 chan: 255 sseq: 5 rseq: 5 more: 0
  X.25 reasm status: skipped
  X.233 CLNP Data (compressed header):
   LRef: 0x43 Prio: 11 Flags: 0xf6
   Lifetime: 20.0 sec
   PDU Id: 0x53
   X.224 COTP Data Ack:
    dst_ref: 0x261e
    rseq: 3 credit: 2
    ATN checksum: 00 b7 0b f1

[2025-05-21 00:14:07 CEST] [136.675] [-11.0/-32.3 dBFS] [21.3 dB] [0.5 ppm]
4D2415 (Aircraft, Airborne) -> 11907A (Ground station): Command
AVLC type: I sseq: 2 rseq: 0 poll: 0
 X.25 Data: grp: 11 chan: 255 sseq: 6 rseq: 5 more: 0
  X.25 reasm status: skipped
  X.233 CLNP Data (compressed header):
   LRef: 0x43 Prio: 11 Flags: 0xf6
   Lifetime: 20.0 sec
   PDU Id: 0x54
   X.224 COTP Data:
    dst_ref: 0x261e
    sseq: 1 req_of_ack: 0 EoT: 1
    COTP reasm status: skipped
    ATN checksum: bc 12 06 df
    CPDLC Downlink Message:
     Header:
      Msg ID: 1
      Msg Ref: 2
      Timestamp: 2025-05-20 22:14:06
      Logical ACK: notRequired
     Message data:
      LOGICAL ACKNOWLEDGMENT

[2025-05-21 00:14:07 CEST] [136.675] [-11.1/-32.1 dBFS] [21.0 dB] [0.3 ppm]
4D2415 (Aircraft, Airborne) -> 11907A (Ground station): Command
AVLC type: I sseq: 3 rseq: 0 poll: 0
 X.25 Data: grp: 11 chan: 255 sseq: 7 rseq: 5 more: 0
  X.25 reasm status: skipped
  X.233 CLNP Data (compressed header):
   LRef: 0x43 Prio: 11 Flags: 0xf6
   Lifetime: 20.0 sec
   PDU Id: 0x55
   X.224 COTP Data:
    dst_ref: 0x261e
    sseq: 2 req_of_ack: 0 EoT: 1
    COTP reasm status: skipped
    ATN checksum: 05 69 56 fd
    CPDLC Downlink Message:
     Header:
      Msg ID: 2
      Msg Ref: 3
      Timestamp: 2025-05-20 22:14:06
      Logical ACK: notRequired
     Message data:
      LOGICAL ACKNOWLEDGMENT

[2025-05-21 00:14:09 CEST] [136.725] [-13.8/-32.1 dBFS] [18.3 dB] [2.5 ppm]
04021D (Aircraft, Airborne) -> 11984A (Ground station): Command
AVLC type: I sseq: 6 rseq: 2 poll: 0
 X.25 Data: grp: 11 chan: 255 sseq: 3 rseq: 7 more: 0
  X.25 reasm status: skipped
  X.233 CLNP Data (compressed header):
   LRef: 0x43 Prio: 11 Flags: 0xf6
   Lifetime: 32.0 sec
   PDU Id: 0x305
   X.224 COTP Data Ack:
    dst_ref: 0x503a
    rseq: 4 credit: 3
    Flow control:
     Acked TPDU nr: 4
     Acked subsequence: 0
     Acked credit: 15
    ATN checksum: a0 40 7e 1f

[2025-05-21 00:14:16 CEST] [136.675] [0.8/-32.1 dBFS] [32.9 dB] [0.1 ppm]
4D2418 (Aircraft, Airborne) -> 11907A (Ground station): Command
AVLC type: I sseq: 4 rseq: 6 poll: 0
 X.25 Data: grp: 11 chan: 255 sseq: 2 rseq: 4 more: 0
  X.25 reasm status: skipped
  X.233 CLNP Data (compressed header):
   LRef: 0x41 Prio: 11 Flags: 0xf6
   Lifetime: 20.0 sec
   PDU Id: 0x43
   X.224 COTP Data Ack:
    dst_ref: 0x5037
    rseq: 4 credit: 3
    Flow control:
     Acked TPDU nr: 4
     Acked subsequence: 0
     Acked credit: 15
    ATN checksum: 81 3b bf e7

[2025-05-21 00:14:37 CEST] [136.775] [-13.0/-31.4 dBFS] [18.4 dB] [2.7 ppm]
4D24B5 (Aircraft, Airborne) -> 233925 (Ground station): Command
AVLC type: I sseq: 1 rseq: 4 poll: 0
 X.25 Data: grp: 11 chan: 255 sseq: 6 rseq: 7 more: 0
  X.25 reasm status: skipped
  X.233 CLNP Data (compressed header):
   LRef: 0x41 Prio: 11 Flags: 0xf6
   Lifetime: 20.0 sec
   PDU Id: 0x36e
   X.224 COTP Data Ack:
    dst_ref: 0x5034
    rseq: 6 credit: 3
    ATN checksum: 23 6f cb f7
   X.224 COTP Data:
    dst_ref: 0x5034
    sseq: 5 req_of_ack: 0 EoT: 1
    COTP reasm status: skipped
    ATN checksum: 37 c7 72 eb
    CPDLC Downlink Message:
     Header:
      Msg ID: 5
      Msg Ref: 7
      Timestamp: 2025-05-20 22:14:36
      Logical ACK: notRequired
     Message data:
      LOGICAL ACKNOWLEDGMENT

[2025-05-21 00:14:47 CEST] [136.775] [-13.4/-32.1 dBFS] [18.7 dB] [2.9 ppm]
4D24B5 (Aircraft, Airborne) -> 233925 (Ground station): Command
AVLC type: I sseq: 2 rseq: 5 poll: 0
 X.25 Data: grp: 11 chan: 255 sseq: 7 rseq: 0 more: 0
  X.25 reasm status: skipped
  X.233 CLNP Data (compressed header):
   LRef: 0x41 Prio: 11 Flags: 0xf6
   Lifetime: 20.0 sec
   PDU Id: 0x36f
   X.224 COTP Data:
    dst_ref: 0x5034
    sseq: 6 req_of_ack: 0 EoT: 1
    COTP reasm status: skipped
    ATN checksum: 3b fc e0 3a
    X.227 ACSE Release Response:
     Reason: normal
     CPDLC Downlink Message:
      Header:
       Msg ID: 6
       Msg Ref: 7
       Timestamp: 2025-05-20 22:14:43
       Logical ACK: notRequired
      Message data:
       WILCO

[2025-05-21 00:14:55 CEST] [136.975] [-13.5/-32.5 dBFS] [19.0 dB] [2.6 ppm]
4CAC24 (Aircraft, Airborne) -> 109C2A (Ground station): Command
AVLC type: U (XID) P/F: 1
 XID: Handoff Initiation
  Public params:
   Parameter set ID: 8885:1993
   Procedure classes: 00 01
   HDLC options: 20 84 80
  VDL params:
   Parameter set ID: V
   XID sequencing: seq: 1 retry: 0
   Destination airport: LIMC
   Aircraft location: 44.8N 5.2E 35000 ft
   AVLC specific options: 24
   Connection management: 01

