[2025-01-28 00:00:27 CET] [136.975] [-12.0/-30.7 dBFS] [18.7 dB] [2.9 ppm]
4CADC1 (Aircraft, Airborne) -> 10FA5A (Ground station): Command
AVLC type: I sseq: 3 rseq: 4 poll: 0
 X.25 Data: grp: 11 chan: 254 sseq: 0 rseq: 1 more: 0
  X.25 reasm status: skipped
  X.233 CLNP Data (compressed header):
   LRef: 0x41 Prio: 11 Flags: 0xc0
   Lifetime: 50.0 sec
   PDU Id: 0x10f7
   X.224 COTP Data Ack:
    dst_ref: 0xabdb
    rseq: 4 credit: 3
    Checksum: 52 3f
    Flow control:
     Acked TPDU nr: 4
     Acked subsequence: 0
     Acked credit: 15

[2025-01-28 00:01:04 CET] [136.975] [-10.3/-30.7 dBFS] [20.5 dB] [3.7 ppm]
4D2273 (Aircraft, Airborne) -> 10907A (Ground station): Command
AVLC type: I sseq: 6 rseq: 6 poll: 0
 ACARS:
  Reassembly: skipped
  Reg: .9H-QDQ Flight: FR03BG
  Mode: 2 Label: 16 Blk id: 7 More: 0 Ack: ! Msg num: M47A
  Message:
   230103,7528,2303, 110,N 43.513 E  5.105

[2025-01-28 00:01:59 CET] [136.975] [-8.4/-30.6 dBFS] [22.2 dB] [3.0 ppm]
4CADC1 (Aircraft, Airborne) -> 10FA5A (Ground station): Command
AVLC type: I sseq: 4 rseq: 5 poll: 0
 X.25 Data: grp: 11 chan: 254 sseq: 1 rseq: 2 more: 0
  X.25 reasm status: skipped
  X.233 CLNP Data (compressed header):
   LRef: 0x41 Prio: 11 Flags: 0xc0
   Lifetime: 50.0 sec
   PDU Id: 0x10f8
   X.224 COTP Data Ack:
    dst_ref: 0xabdb
    rseq: 4 credit: 3
    Checksum: 52 3f
    Flow control:
     Acked TPDU nr: 4
     Acked subsequence: 0
     Acked credit: 15

[2025-01-28 00:03:31 CET] [136.975] [0.2/-30.9 dBFS] [31.2 dB] [2.9 ppm]
4CADC1 (Aircraft, Airborne) -> 10FA5A (Ground station): Command
AVLC type: I sseq: 5 rseq: 6 poll: 0
 X.25 Data: grp: 11 chan: 254 sseq: 2 rseq: 3 more: 0
  X.25 reasm status: skipped
  X.233 CLNP Data (compressed header):
   LRef: 0x41 Prio: 11 Flags: 0xc0
   Lifetime: 50.0 sec
   PDU Id: 0x10f9
   X.224 COTP Data Ack:
    dst_ref: 0xabdb
    rseq: 4 credit: 3
    Checksum: 52 3f
    Flow control:
     Acked TPDU nr: 4
     Acked subsequence: 0
     Acked credit: 15

[2025-01-28 00:03:44 CET] [136.975] [0.6/-31.0 dBFS] [31.6 dB] [2.8 ppm]
4CADC1 (Aircraft, Airborne) -> 10985A (Ground station): Command
AVLC type: U (XID) P/F: 1
 XID: Handoff Initiation
  Public params:
   Parameter set ID: 8885:1993
   Procedure classes: 00 01
   HDLC options: 20 84 80
  VDL params:
   Parameter set ID: V
   XID sequencing: seq: 2 retry: 0
   Destination airport: LEBL
   Aircraft location: 43.4N 6.1E 36000 ft
   Alternate ground stations: 10952A 10907A 10F69B 10F63A 10F68A 10984A 109C2A 10F60B
   AVLC specific options: 24
   Connection management: 01

[2025-01-28 00:03:46 CET] [136.975] [0.8/-30.7 dBFS] [31.5 dB] [3.0 ppm]
4CADC1 (Aircraft, Airborne) -> 10985A (Ground station): Command
AVLC type: I sseq: 2 rseq: 3 poll: 0
 X.25 Data: grp: 11 chan: 255 sseq: 0 rseq: 2 more: 0
  X.25 reasm status: skipped
  X.233 CLNP Data (compressed header):
   LRef: 0x40 Prio: 14 Flags: 0xc0
   Lifetime: 50.0 sec
   PDU Id: 0x10fa
   IDRP Open: seq: 1 ack: 1 credit_offered: 5 credit_avail: 3
    Hold Time: 900 seconds
    Max. PDU size: 3000 octets
    Source RDI: 47 00 27 41 52 59 52 00 4c ad c1	"G.'ARYR.L.."
    RIB Attribute Set:
     RibAtt #0:
      Security:
       Reg ID: 06 04 2b 1b 00 00
    Auth mechanism: simple checksum

[2025-01-28 00:03:49 CET] [136.975] [0.8/-30.3 dBFS] [31.1 dB] [2.8 ppm]
4CADC1 (Aircraft, Airborne) -> 10985A (Ground station): Command
AVLC type: I sseq: 5 rseq: 6 poll: 0
 X.25 Data: grp: 11 chan: 255 sseq: 3 rseq: 4 more: 0
  X.25 reasm status: skipped
  X.233 CLNP Data (compressed header):
   LRef: 0x40 Prio: 14 Flags: 0xc0
   Lifetime: 50.0 sec
   PDU Id: 0x10fc
   IDRP Update: seq: 2 ack: 2 credit_offered: 4 credit_avail: 3
    Route:
     ID: 2
     Local preference: 0
    RD path:
     RD_SEQ:
      47 00 27 41 52 59 52 00 4c ad c1	"G.'ARYR.L.."
    RD hop count: 1
    Security:
     Reg ID: 06 04 2b 1b 00 00
     Info:
      Supported ATSC classes: all
    Capacity: 13
    Reachability info:
     Protocol: CLNP
     Prefix length: 88
     Dest. address prefix: 47 00 27 41 52 59 52 00 4c ad c1	"G.'ARYR.L.."

[2025-01-28 00:04:12 CET] [136.725] [1.0/-30.6 dBFS] [31.6 dB] [3.1 ppm]
4CADC1 (Aircraft, Airborne) -> 11985A (Ground station): Command
AVLC type: U (XID) P/F: 1
 XID: Handoff Initiation
  Public params:
   Parameter set ID: 8885:1993
   Procedure classes: 00 01
   HDLC options: 20 84 80
  VDL params:
   Parameter set ID: V
   XID sequencing: seq: 3 retry: 0
   Destination airport: LEBL
   Aircraft location: 43.4N 6.0E 37000 ft
   Alternate ground stations: 11984A
   AVLC specific options: 24
   Connection management: 01

[2025-01-28 00:05:03 CET] [136.725] [0.0/-31.0 dBFS] [31.1 dB] [2.9 ppm]
4CADC1 (Aircraft, Airborne) -> 11985A (Ground station): Command
AVLC type: I sseq: 2 rseq: 3 poll: 0
 X.25 Data: grp: 11 chan: 254 sseq: 0 rseq: 1 more: 0
  X.25 reasm status: skipped
  X.233 CLNP Data (compressed header):
   LRef: 0x41 Prio: 11 Flags: 0xc0
   Lifetime: 50.0 sec
   PDU Id: 0x10fd
   X.224 COTP Data Ack:
    dst_ref: 0xabdb
    rseq: 4 credit: 3
    Checksum: 52 3f
    Flow control:
     Acked TPDU nr: 4
     Acked subsequence: 0
     Acked credit: 15

