[2025-07-06 00:00:38 CEST] [136.975] [-4.5/-22.7 dBFS] [18.2 dB] [3.5 ppm]
4D2256 (Aircraft, Airborne) -> 10F69B (Ground station): Command
AVLC type: I sseq: 3 rseq: 5 poll: 0
 X.25 Data: grp: 11 chan: 254 sseq: 0 rseq: 3 more: 0
  X.25 reasm status: skipped
  X.233 CLNP Data (compressed header):
   LRef: 0x41 Prio: 11 Flags: 0xc0
   Lifetime: 50.0 sec
   PDU Id: 0x1822
   X.224 COTP Data Ack:
    dst_ref: 0x944d
    rseq: 4 credit: 3
    Checksum: aa 3e

[2025-07-06 00:00:53 CEST] [136.975] [-10.0/-32.2 dBFS] [22.2 dB] [3.8 ppm]
4CA8D9 (Aircraft, Airborne) -> 10907A (Ground station): Command
AVLC type: I sseq: 2 rseq: 3 poll: 0
 X.25 Data: grp: 11 chan: 255 sseq: 0 rseq: 1 more: 0
  X.25 reasm status: skipped
  X.233 CLNP Data (compressed header):
   LRef: 0x41 Prio: 11 Flags: 0xc0
   Lifetime: 50.0 sec
   PDU Id: 0xc84
   X.224 COTP Data Ack:
    dst_ref: 0x9448
    rseq: 2 credit: 2
    Checksum: c1 7f
    Flow control:
     Acked TPDU nr: 2
     Acked subsequence: 0
     Acked credit: 15

[2025-07-06 00:00:56 CEST] [136.975] [-11.1/-32.2 dBFS] [21.1 dB] [3.6 ppm]
4CA8D9 (Aircraft, Airborne) -> 10907A (Ground station): Command
AVLC type: I sseq: 2 rseq: 3 poll: 0
 X.25 Data: grp: 11 chan: 255 sseq: 0 rseq: 1 more: 0
  X.25 reasm status: skipped
  X.233 CLNP Data (compressed header):
   LRef: 0x41 Prio: 11 Flags: 0xc0
   Lifetime: 50.0 sec
   PDU Id: 0xc84
   X.224 COTP Data Ack:
    dst_ref: 0x9448
    rseq: 2 credit: 2
    Checksum: c1 7f
    Flow control:
     Acked TPDU nr: 2
     Acked subsequence: 0
     Acked credit: 15

[2025-07-06 00:01:01 CEST] [136.725] [-13.9/-31.9 dBFS] [18.0 dB] [3.0 ppm]
440735 (Aircraft, Airborne) -> 11984A (Ground station): Command
AVLC type: I sseq: 3 rseq: 4 poll: 0
 X.25 Data: grp: 11 chan: 255 sseq: 1 rseq: 2 more: 0
  X.25 reasm status: skipped
  X.233 CLNP Data (compressed header):
   LRef: 0x41 Prio: 11 Flags: 0xf6
   Lifetime: 20.0 sec
   PDU Id: 0x265
   X.224 COTP Data Ack:
    dst_ref: 0x943a
    rseq: 6 credit: 3
    Flow control:
     Acked TPDU nr: 6
     Acked subsequence: 0
     Acked credit: 15
    ATN checksum: 68 39 49 3b

[2025-07-06 00:01:13 CEST] [136.975] [-2.2/-32.4 dBFS] [30.2 dB] [1.2 ppm]
345041 (Aircraft, Airborne) -> 10952A (Ground station): Command
AVLC type: I sseq: 3 rseq: 4 poll: 0
 ACARS:
  Reassembly: skipped
  Reg: .EC-MHA Flight: VY52YE
  Mode: 2 Label: H1 Blk id: 6 More: 0 Ack: ! Msg num: F04A
  Sublabel: M1
  Message:
   RESPWI/AK,071/TS220112,0507255CBE

[2025-07-06 00:01:19 CEST] [136.675] [-8.9/-32.5 dBFS] [23.6 dB] [0.4 ppm]
346614 (Aircraft, Airborne) -> 11907A (Ground station): Command
AVLC type: U (XID) P/F: 1
 XID: Handoff Initiation
  Public params:
   Parameter set ID: 8885:1993
   Procedure classes: 00 01
   HDLC options: 20 a4 80
  VDL params:
   Parameter set ID: V
   Connection management: 05
   XID sequencing: seq: 1 retry: 0
   AVLC specific options: 24
   Destination airport: LFST
   Aircraft location: 44.7N 6.7E 35000 ft

[2025-07-06 00:01:21 CEST] [136.975] [-1.0/-32.1 dBFS] [31.1 dB] [1.3 ppm]
345041 (Aircraft, Airborne) -> 10952A (Ground station): Command
AVLC type: I sseq: 4 rseq: 5 poll: 0
 ACARS:
  Reassembly: skipped
  Reg: .EC-MHA Flight: VY52YE
  Mode: 2 Label: H1 Blk id: 7 More: 0 Ack: ! Msg num: F05A
  Sublabel: M1
  Message:
   PRG/DTLEBL,02O,124,224508,046/FNVLG52YE/TS220120,050725D6D3

[2025-07-06 00:01:30 CEST] [136.975] [0.6/-32.1 dBFS] [32.7 dB] [1.1 ppm]
345041 (Aircraft, Airborne) -> 10FA5A (Ground station): Response
AVLC type: U (DM) P/F: 0

[2025-07-06 00:01:32 CEST] [136.725] [0.6/-31.6 dBFS] [32.2 dB] [3.9 ppm]
4CA80F (Aircraft, Airborne) -> 11985A (Ground station): Command
AVLC type: I sseq: 5 rseq: 4 poll: 0
 X.25 Data: grp: 11 chan: 254 sseq: 3 rseq: 2 more: 0
  X.25 reasm status: skipped
  X.233 CLNP Data (compressed header):
   LRef: 0x42 Prio: 11 Flags: 0xc0
   Lifetime: 50.0 sec
   PDU Id: 0x529
   X.224 COTP Data Ack:
    dst_ref: 0x9449
    rseq: 0 credit: 1
    Checksum: bf 85
    Flow control:
     Acked TPDU nr: 0
     Acked subsequence: 0
     Acked credit: 15

[2025-07-06 00:01:40 CEST] [136.725] [-4.4/-32.0 dBFS] [27.6 dB] [1.5 ppm]
345041 (Aircraft, Airborne) -> 11985A (Ground station): Command
AVLC type: U (XID) P/F: 1
 XID: Handoff Initiation
  Public params:
   Parameter set ID: 8885:1993
   Procedure classes: 00 01
   HDLC options: 20 a4 80
  VDL params:
   Parameter set ID: V
   Connection management: 01
   XID sequencing: seq: 4 retry: 0
   AVLC specific options: 25
   Destination airport: LEBL
   Aircraft location: 43.3N 5.7E 30000 ft

[2025-07-06 00:01:48 CEST] [136.725] [-12.4/-32.0 dBFS] [19.5 dB] [3.1 ppm]
44014A (Aircraft, Airborne) -> 11985A (Ground station): Command
AVLC type: I sseq: 6 rseq: 2 poll: 0
 ACARS:
  Reassembly: skipped
  Reg: .OE-IJB Flight: EC51LA
  Mode: 2 Label: H1 Blk id: 0 More: 0 Ack: ! Msg num: F21A
  Sublabel: M1
  Message:
   PRG/DTLFBD,23O,76,225147,0489178

[2025-07-06 00:01:49 CEST] [136.975] [-0.4/-31.4 dBFS] [31.0 dB] [1.5 ppm]
4D240C (Aircraft, Airborne) -> 10907A (Ground station): Command
AVLC type: U (XID) P/F: 1
 XID: Handoff Initiation
  Public params:
   Parameter set ID: 8885:1993
   Procedure classes: 00 01
   HDLC options: 20 a4 80
  VDL params:
   Parameter set ID: V
   Connection management: 01
   XID sequencing: seq: 3 retry: 0
   AVLC specific options: 25
   Destination airport: EDDV
   Aircraft location: 43.8N 6.0E 38000 ft

[2025-07-06 00:01:57 CEST] [136.975] [-2.4/-31.5 dBFS] [29.1 dB] [1.6 ppm]
4D240C (Aircraft, Airborne) -> 10907A (Ground station): Command
AVLC type: I sseq: 2 rseq: 2 poll: 0
 ACARS:
  Reassembly: skipped
  Reg: .9H-EUU Flight: LH08KT
  Mode: 2 Label: SA Blk id: 5 More: 0 Ack: ! Msg num: S96A
  Message:
   0EV220152V
  Media Advisory, version 0:
   Link VHF ACARS established at 22:01:52 UTC
   Available links: VHF ACARS

[2025-07-06 00:01:58 CEST] [136.725] [-10.8/-31.7 dBFS] [20.9 dB] [3.3 ppm]
44014A (Aircraft, Airborne) -> 11985A (Ground station): Command
AVLC type: I sseq: 1 rseq: 5 poll: 0
 ACARS:
  Reassembly: skipped
  Reg: .OE-IJB Flight: EC51LA
  Mode: 2 Label: H1 Blk id: 3 More: 0 Ack: ! Msg num: F22A
  Sublabel: M1
  Message:
   POSN43291E003526,N43285E003541,220156,379,N44258E001124,222008,N44434E000196,M51,23325,10531D5

[2025-07-06 00:01:59 CEST] [136.725] [-11.3/-32.0 dBFS] [20.7 dB] [3.2 ppm]
44014A (Aircraft, Airborne) -> 11985A (Ground station): Command
AVLC type: I sseq: 2 rseq: 6 poll: 0
 ACARS:
  Reassembly: skipped
  Reg: .OE-IJB Flight: EC51LA
  Mode: 2 Label: H1 Blk id: 4 More: 0 Ack: ! Msg num: F23A
  Sublabel: M1
  Message:
   PRG/DTLFBD,23O,76,225157/PR1333,311,380,105,,0,5,,,60,,,P26,M4,45900,,1228,315/RP:DA:LIEO:AA:LFBD..N44258E001124..N44434E000196:V:N44434E000196,,AB1700..LIBRU:A:MIRB2L:AP:ILS23.LIBRU(23O)1877

[2025-07-06 00:02:08 CEST] [136.725] [-14.5/-31.8 dBFS] [17.3 dB] [6.8 ppm]
4401E8 (Aircraft, Airborne) -> 11985A (Ground station): Command
AVLC type: I sseq: 2 rseq: 2 poll: 0
 ACARS:
  Reassembly: skipped
  Reg: .OE-LQC Flight: EC47HF
  Mode: 2 Label: SA Blk id: 6 More: 0 Ack: ! Msg num: S40A
  Message:
   0EV220206V
  Media Advisory, version 0:
   Link VHF ACARS established at 22:02:06 UTC
   Available links: VHF ACARS

[2025-07-06 00:02:10 CEST] [136.975] [-2.7/-31.6 dBFS] [28.9 dB] [3.5 ppm]
4D2256 (Aircraft, Airborne) -> 10F69B (Ground station): Command
AVLC type: I sseq: 4 rseq: 6 poll: 0
 X.25 Data: grp: 11 chan: 254 sseq: 1 rseq: 4 more: 0
  X.25 reasm status: skipped
  X.233 CLNP Data (compressed header):
   LRef: 0x41 Prio: 11 Flags: 0xc0
   Lifetime: 50.0 sec
   PDU Id: 0x1823
   X.224 COTP Data Ack:
    dst_ref: 0x944d
    rseq: 4 credit: 3
    Checksum: a5 91
    Flow control:
     Acked TPDU nr: 4
     Acked subsequence: 0
     Acked credit: 15

[2025-07-06 00:02:22 CEST] [136.725] [1.0/-32.0 dBFS] [33.0 dB] [3.9 ppm]
4CA80F (Aircraft, Airborne) -> 11985A (Ground station): Command
AVLC type: I sseq: 6 rseq: 4 poll: 0
 ACARS:
  Reassembly: skipped
  Reg: .EI-EKO Flight: FR52LZ
  Mode: 2 Label: 16 Blk id: 2 More: 0 Ack: ! Msg num: M10A
  Message:
   220221,,2304, 110,N   .    MMMM.MMM

[2025-07-06 00:02:24 CEST] [136.675] [-6.1/-32.3 dBFS] [26.2 dB] [3.5 ppm]
4CA8D9 (Aircraft, Airborne) -> 11907A (Ground station): Command
AVLC type: I sseq: 3 rseq: 4 poll: 0
 X.25 Data: grp: 11 chan: 254 sseq: 0 rseq: 1 more: 0
  X.25 reasm status: skipped
  X.233 CLNP Data (compressed header):
   LRef: 0x41 Prio: 11 Flags: 0xc0
   Lifetime: 50.0 sec
   PDU Id: 0xc85
   X.224 COTP Data Ack:
    dst_ref: 0x9448
    rseq: 2 credit: 2
    Checksum: c1 7f
    Flow control:
     Acked TPDU nr: 2
     Acked subsequence: 0
     Acked credit: 15

[2025-07-06 00:02:35 CEST] [136.725] [0.0/-31.7 dBFS] [31.7 dB] [3.8 ppm]
4CA80F (Aircraft, Airborne) -> 11985A (Ground station): Command
AVLC type: I sseq: 7 rseq: 5 poll: 0
 X.25 Data: grp: 11 chan: 254 sseq: 4 rseq: 2 more: 0
  X.25 reasm status: skipped
  X.233 CLNP Data (compressed header):
   LRef: 0x41 Prio: 11 Flags: 0xc0
   Lifetime: 50.0 sec
   PDU Id: 0x52a
   X.224 COTP Data Ack:
    dst_ref: 0x368a
    rseq: 15 credit: 4
    Checksum: 7b 82

[2025-07-06 00:03:04 CEST] [136.725] [0.2/-32.2 dBFS] [32.5 dB] [3.8 ppm]
4CA80F (Aircraft, Airborne) -> 11985A (Ground station): Command
AVLC type: I sseq: 0 rseq: 7 poll: 0
 X.25 Data: grp: 11 chan: 254 sseq: 5 rseq: 4 more: 0
  X.25 reasm status: skipped
  X.233 CLNP Data (compressed header):
   LRef: 0x42 Prio: 11 Flags: 0xc0
   Lifetime: 50.0 sec
   PDU Id: 0x52b
   X.224 COTP Data Ack:
    dst_ref: 0x9449
    rseq: 0 credit: 1
    Checksum: bf 85
    Flow control:
     Acked TPDU nr: 0
     Acked subsequence: 0
     Acked credit: 15

[2025-07-06 00:03:12 CEST] [136.675] [-10.6/-32.6 dBFS] [22.0 dB] [-0.3 ppm]
408067 (Aircraft, Airborne) -> 11907A (Ground station): Command
AVLC type: I sseq: 6 rseq: 6 poll: 0
 X.25 Data: grp: 11 chan: 255 sseq: 0 rseq: 3 more: 0
  X.25 reasm status: skipped
  X.233 CLNP Data (compressed header):
   LRef: 0x0 Prio: 11 Flags: 0xf6
   Lifetime: 20.0 sec
   PDU Id: 0x3f9
   X.224 COTP Data Ack:
    dst_ref: 0x9461
    rseq: 4 credit: 3
    Flow control:
     Acked TPDU nr: 4
     Acked subsequence: 0
     Acked credit: 15
    ATN checksum: fc ad 73 47

[2025-07-06 00:03:42 CEST] [136.975] [-0.2/-31.8 dBFS] [31.6 dB] [3.6 ppm]
4D2256 (Aircraft, Airborne) -> 10F69B (Ground station): Command
AVLC type: I sseq: 5 rseq: 7 poll: 0
 X.25 Data: grp: 11 chan: 254 sseq: 2 rseq: 5 more: 0
  X.25 reasm status: skipped
  X.233 CLNP Data (compressed header):
   LRef: 0x41 Prio: 11 Flags: 0xc0
   Lifetime: 50.0 sec
   PDU Id: 0x1824
   X.224 COTP Data Ack:
    dst_ref: 0x944d
    rseq: 4 credit: 3
    Checksum: a5 91
    Flow control:
     Acked TPDU nr: 4
     Acked subsequence: 0
     Acked credit: 15

[2025-07-06 00:03:46 CEST] [136.975] [0.3/-32.0 dBFS] [32.3 dB] [3.3 ppm]
4D2256 (Aircraft, Airborne) -> 10F69B (Ground station): Command
AVLC type: I sseq: 5 rseq: 7 poll: 0
 X.25 Data: grp: 11 chan: 254 sseq: 2 rseq: 5 more: 0
  X.25 reasm status: skipped
  X.233 CLNP Data (compressed header):
   LRef: 0x41 Prio: 11 Flags: 0xc0
   Lifetime: 50.0 sec
   PDU Id: 0x1824
   X.224 COTP Data Ack:
    dst_ref: 0x944d
    rseq: 4 credit: 3
    Checksum: a5 91
    Flow control:
     Acked TPDU nr: 4
     Acked subsequence: 0
     Acked credit: 15

[2025-07-06 00:03:46 CEST] [136.975] [0.3/-32.5 dBFS] [32.9 dB] [3.4 ppm]
4D2256 (Aircraft, Airborne) -> 10F69B (Ground station): Command
AVLC type: I sseq: 6 rseq: 7 poll: 0
 ACARS:
  Reassembly: skipped
  Reg: .9H-QBD Flight: FR62VJ
  Mode: 2 Label: 16 Blk id: 8 More: 0 Ack: ! Msg num: M47A
  Message:
   220344,M114124,0031, 225,N 43.600 E  6.190

[2025-07-06 00:03:54 CEST] [136.975] [-8.7/-32.0 dBFS] [23.4 dB] [1.3 ppm]
4D240C (Aircraft, Airborne) -> 10907A (Ground station): Command
AVLC type: I sseq: 4 rseq: 4 poll: 0
 ACARS:
  Reassembly: skipped
  Reg: .9H-EUU Flight: LH08KT
  Mode: 2 Label: 1L Blk id: 6 More: 0 Ack: ! Msg num: M17A
  Message:
   00167214700LSGG,EDDF,LSZH,EDDV

[2025-07-06 00:03:56 CEST] [136.675] [-1.4/-32.6 dBFS] [31.3 dB] [3.6 ppm]
4CA8D9 (Aircraft, Airborne) -> 11907A (Ground station): Command
AVLC type: I sseq: 4 rseq: 5 poll: 0
 X.25 Data: grp: 11 chan: 254 sseq: 1 rseq: 2 more: 0
  X.25 reasm status: skipped
  X.233 CLNP Data (compressed header):
   LRef: 0x41 Prio: 11 Flags: 0xc0
   Lifetime: 50.0 sec
   PDU Id: 0xc86
   X.224 COTP Data Ack:
    dst_ref: 0x9448
    rseq: 2 credit: 2
    Checksum: c1 7f
    Flow control:
     Acked TPDU nr: 2
     Acked subsequence: 0
     Acked credit: 15

[2025-07-06 00:04:24 CEST] [136.675] [-9.6/-32.4 dBFS] [22.8 dB] [1.2 ppm]
4D240C (Aircraft, Airborne) -> 11907A (Ground station): Command
AVLC type: U (XID) P/F: 1
 XID: Handoff Initiation
  Public params:
   Parameter set ID: 8885:1993
   Procedure classes: 00 01
   HDLC options: 20 a4 80
  VDL params:
   Parameter set ID: V
   Connection management: 01
   XID sequencing: seq: 4 retry: 0
   AVLC specific options: 25
   Destination airport: EDDV
   Aircraft location: 44.1N 6.2E 38000 ft

[2025-07-06 00:04:28 CEST] [136.675] [-8.5/-32.3 dBFS] [23.8 dB] [1.3 ppm]
4D240C (Aircraft, Airborne) -> 10907A (Ground station): Response
AVLC type: U (DM) P/F: 0

[2025-07-06 00:04:29 CEST] [136.675] [-9.2/-32.3 dBFS] [23.0 dB] [1.3 ppm]
4D240C (Aircraft, Airborne) -> 10907A (Ground station): Response
AVLC type: U (DM) P/F: 0

[2025-07-06 00:04:32 CEST] [136.675] [-10.8/-32.1 dBFS] [21.3 dB] [1.2 ppm]
4D240C (Aircraft, Airborne) -> 11907A (Ground station): Command
AVLC type: U (XID) P/F: 1
 XID: Handoff Initiation
  Public params:
   Parameter set ID: 8885:1993
   Procedure classes: 00 01
   HDLC options: 20 a4 80
  VDL params:
   Parameter set ID: V
   Connection management: 01
   XID sequencing: seq: 4 retry: 1
   AVLC specific options: 25
   Destination airport: EDDV
   Aircraft location: 44.1N 6.2E 38000 ft

[2025-07-06 00:04:36 CEST] [136.725] [-1.2/-31.9 dBFS] [30.7 dB] [3.8 ppm]
4CA80F (Aircraft, Airborne) -> 11985A (Ground station): Command
AVLC type: I sseq: 1 rseq: 0 poll: 0
 X.25 Data: grp: 11 chan: 254 sseq: 6 rseq: 5 more: 0
  X.25 reasm status: skipped
  X.233 CLNP Data (compressed header):
   LRef: 0x42 Prio: 11 Flags: 0xc0
   Lifetime: 50.0 sec
   PDU Id: 0x52c
   X.224 COTP Data Ack:
    dst_ref: 0x9449
    rseq: 0 credit: 1
    Checksum: bf 85
    Flow control:
     Acked TPDU nr: 0
     Acked subsequence: 0
     Acked credit: 15

[2025-07-06 00:04:36 CEST] [136.875] [-1.1/-31.2 dBFS] [30.2 dB] [0.5 ppm]
39D315 (Aircraft, Airborne) -> 23D821 (Ground station): Command
AVLC type: I sseq: 6 rseq: 1 poll: 0
 ACARS:
  Reassembly: skipped
  Reg: .F-HUYV Flight: TO7314
  Mode: 2 Label: 5U Blk id: 8 More: 0 Ack: ! Msg num: M14A
  Message:
   DAAG-SA

[2025-07-06 00:04:43 CEST] [136.675] [-9.5/-31.8 dBFS] [22.3 dB] [1.4 ppm]
4D240C (Aircraft, Airborne) -> 11907A (Ground station): Command
AVLC type: I sseq: 2 rseq: 3 poll: 0
 X.25 Data: grp: 11 chan: 255 sseq: 0 rseq: 2 more: 0
  X.25 reasm status: skipped
  X.233 CLNP Data (compressed header):
   LRef: 0x40 Prio: 14 Flags: 0xfe
   Lifetime: 20.0 sec
   PDU Id: 0x38e
   IDRP Error: seq: 10 ack: 4 credit_offered: 0 credit_avail: 4
    Code: 4 (FSM error)
    Erroneous BISPDU type: Cease
    FSM state: CLOSED

[2025-07-06 00:04:44 CEST] [136.725] [-11.5/-32.0 dBFS] [20.4 dB] [7.0 ppm]
4401E8 (Aircraft, Airborne) -> 11985A (Ground station): Command
AVLC type: I sseq: 4 rseq: 5 poll: 0
 X.25 Data: grp: 11 chan: 255 sseq: 1 rseq: 2 more: 0
  X.25 reasm status: skipped
  X.233 CLNP Data (compressed header):
   LRef: 0x41 Prio: 11 Flags: 0xf6
   Lifetime: 20.0 sec
   PDU Id: 0x2d6
   X.224 COTP Data Ack:
    dst_ref: 0x9450
    rseq: 2 credit: 2
    Flow control:
     Acked TPDU nr: 2
     Acked subsequence: 0
     Acked credit: 15
    ATN checksum: 89 b4 ce 5e

[2025-07-06 00:04:46 CEST] [136.675] [-9.2/-32.7 dBFS] [23.5 dB] [1.4 ppm]
4D240C (Aircraft, Airborne) -> 11907A (Ground station): Command
AVLC type: I sseq: 2 rseq: 3 poll: 0
 X.25 Data: grp: 11 chan: 255 sseq: 0 rseq: 2 more: 0
  X.25 reasm status: skipped
  X.233 CLNP Data (compressed header):
   LRef: 0x40 Prio: 14 Flags: 0xfe
   Lifetime: 20.0 sec
   PDU Id: 0x38e
   IDRP Error: seq: 10 ack: 4 credit_offered: 0 credit_avail: 4
    Code: 4 (FSM error)
    Erroneous BISPDU type: Cease
    FSM state: CLOSED

[2025-07-06 00:04:47 CEST] [136.875] [-12.2/-31.2 dBFS] [19.0 dB] [-0.2 ppm]
3985A6 (Aircraft, Airborne) -> 266661 (Ground station): Command
AVLC type: I sseq: 4 rseq: 2 poll: 0
 X.25 Data: grp: 11 chan: 255 sseq: 1 rseq: 3 more: 0
  X.25 reasm status: skipped
  X.233 CLNP Data (compressed header):
   LRef: 0x45 Prio: 11 Flags: 0xf6
   Lifetime: 20.0 sec
   PDU Id: 0xec
   X.224 COTP Data Ack:
    dst_ref: 0x9451
    rseq: 2 credit: 2
    Flow control:
     Acked TPDU nr: 2
     Acked subsequence: 0
     Acked credit: 15
    ATN checksum: 09 d8 54 08

[2025-07-06 00:04:56 CEST] [136.675] [-10.9/-32.4 dBFS] [21.5 dB] [1.3 ppm]
4D240C (Aircraft, Airborne) -> 11907A (Ground station): Command
AVLC type: I sseq: 3 rseq: 5 poll: 0
 X.25 Data: grp: 11 chan: 255 sseq: 1 rseq: 4 more: 0
  X.25 reasm status: skipped
  X.233 CLNP Data (compressed header):
   LRef: 0x40 Prio: 14 Flags: 0xfe
   Lifetime: 20.0 sec
   PDU Id: 0x38f
   IDRP Open: seq: 10 ack: 4 credit_offered: 3 credit_avail: 4
    Hold Time: 900 seconds
    Max. PDU size: 3000 octets
    Source RDI: 47 00 27 41 45 57 4c 00 4d 24 0c	"G.'AEWL.M$."
    RIB Attribute Set:
     RibAtt #0:
      Security:
       Reg ID: 06 04 2b 1b 00 00
    Auth mechanism: simple checksum

[2025-07-06 00:04:59 CEST] [136.675] [-10.1/-32.5 dBFS] [22.4 dB] [1.2 ppm]
4D240C (Aircraft, Airborne) -> 11907A (Ground station): Command
AVLC type: I sseq: 3 rseq: 5 poll: 0
 X.25 Data: grp: 11 chan: 255 sseq: 1 rseq: 4 more: 0
  X.25 reasm status: skipped
  X.233 CLNP Data (compressed header):
   LRef: 0x40 Prio: 14 Flags: 0xfe
   Lifetime: 20.0 sec
   PDU Id: 0x38f
   IDRP Open: seq: 10 ack: 4 credit_offered: 3 credit_avail: 4
    Hold Time: 900 seconds
    Max. PDU size: 3000 octets
    Source RDI: 47 00 27 41 45 57 4c 00 4d 24 0c	"G.'AEWL.M$."
    RIB Attribute Set:
     RibAtt #0:
      Security:
       Reg ID: 06 04 2b 1b 00 00
    Auth mechanism: simple checksum

[2025-07-06 00:05:02 CEST] [136.675] [-10.1/-32.5 dBFS] [22.4 dB] [1.2 ppm]
4D240C (Aircraft, Airborne) -> 11907A (Ground station): Command
AVLC type: I sseq: 3 rseq: 5 poll: 0
 X.25 Data: grp: 11 chan: 255 sseq: 1 rseq: 4 more: 0
  X.25 reasm status: skipped
  X.233 CLNP Data (compressed header):
   LRef: 0x40 Prio: 14 Flags: 0xfe
   Lifetime: 20.0 sec
   PDU Id: 0x38f
   IDRP Open: seq: 10 ack: 4 credit_offered: 3 credit_avail: 4
    Hold Time: 900 seconds
    Max. PDU size: 3000 octets
    Source RDI: 47 00 27 41 45 57 4c 00 4d 24 0c	"G.'AEWL.M$."
    RIB Attribute Set:
     RibAtt #0:
      Security:
       Reg ID: 06 04 2b 1b 00 00
    Auth mechanism: simple checksum

[2025-07-06 00:05:03 CEST] [136.675] [-10.7/-32.3 dBFS] [21.6 dB] [1.2 ppm]
4D240C (Aircraft, Airborne) -> 11907A (Ground station): Command
AVLC type: I sseq: 4 rseq: 7 poll: 0
 ACARS:
  Reassembly: skipped
  Reg: .9H-EUU Flight: LH08KT
  Mode: 2 Label: SA Blk id: 3 More: 0 Ack: W Msg num: S04A
  Message:
   0EV220435V
  Media Advisory, version 0:
   Link VHF ACARS established at 22:04:35 UTC
   Available links: VHF ACARS

[2025-07-06 00:05:03 CEST] [136.675] [-11.2/-32.0 dBFS] [20.9 dB] [1.2 ppm]
4D240C (Aircraft, Airborne) -> 11907A (Ground station): Command
AVLC type: I sseq: 6 rseq: 0 poll: 0
 X.25 Data: grp: 11 chan: 255 sseq: 3 rseq: 6 more: 0
  X.25 reasm status: skipped
  X.233 CLNP Data (compressed header):
   LRef: 0x40 Prio: 14 Flags: 0xfe
   Lifetime: 20.0 sec
   PDU Id: 0x391
   IDRP Update: seq: 11 ack: 4 credit_offered: 3 credit_avail: 3
    Route:
     ID: 19
     Local preference: 0
    RD path:
     RD_SEQ:
      47 00 27 41 45 57 4c 00 4d 24 0c	"G.'AEWL.M$."
    RD hop count: 1
    Capacity: 13
    Reachability info:
     Protocol: CLNP
     Prefix length: 88
     Dest. address prefix: 47 00 27 41 45 57 4c 00 4d 24 0c	"G.'AEWL.M$."

[2025-07-06 00:05:03 CEST] [136.675] [-11.2/-32.0 dBFS] [20.9 dB] [1.2 ppm]
4D240C (Aircraft, Airborne) -> 11907A (Ground station): Command
AVLC type: I sseq: 7 rseq: 0 poll: 1
 X.25 Data: grp: 11 chan: 255 sseq: 4 rseq: 6 more: 0
  X.25 reasm status: skipped
  X.233 CLNP Data (compressed header):
   LRef: 0x40 Prio: 14 Flags: 0xfe
   Lifetime: 20.0 sec
   PDU Id: 0x392
   IDRP Update: seq: 12 ack: 4 credit_offered: 3 credit_avail: 2
    Route:
     ID: 20
     Local preference: 0
    Security:
     Reg ID: 06 04 2b 1b 00 00
     Info:
      Supported ATSC classes: all
      Subnetwork type:
       Subnet: VDL
       Permitted traffic: all
    RD path:
     RD_SEQ:
      47 00 27 41 45 57 4c 00 4d 24 0c	"G.'AEWL.M$."
    RD hop count: 1
    Capacity: 13
    Reachability info:
     Protocol: CLNP
     Prefix length: 88
     Dest. address prefix: 47 00 27 41 45 57 4c 00 4d 24 0c	"G.'AEWL.M$."

[2025-07-06 00:05:06 CEST] [136.675] [-10.5/-32.2 dBFS] [21.7 dB] [1.2 ppm]
4D240C (Aircraft, Airborne) -> 11907A (Ground station): Command
AVLC type: I sseq: 4 rseq: 0 poll: 0
 ACARS:
  Reassembly: skipped
  Reg: .9H-EUU Flight: LH08KT
  Mode: 2 Label: SA Blk id: 3 More: 0 Ack: W Msg num: S04A
  Message:
   0EV220435V
  Media Advisory, version 0:
   Link VHF ACARS established at 22:04:35 UTC
   Available links: VHF ACARS

[2025-07-06 00:05:08 CEST] [136.675] [-9.3/-32.5 dBFS] [23.2 dB] [1.4 ppm]
4D240C (Aircraft, Airborne) -> 11907A (Ground station): Command
AVLC type: I sseq: 4 rseq: 0 poll: 0
 ACARS:
  Reassembly: skipped
  Reg: .9H-EUU Flight: LH08KT
  Mode: 2 Label: SA Blk id: 3 More: 0 Ack: W Msg num: S04A
  Message:
   0EV220435V
  Media Advisory, version 0:
   Link VHF ACARS established at 22:04:35 UTC
   Available links: VHF ACARS

[2025-07-06 00:05:09 CEST] [136.675] [-9.1/-32.6 dBFS] [23.5 dB] [1.2 ppm]
4D240C (Aircraft, Airborne) -> 11907A (Ground station): Command
AVLC type: I sseq: 6 rseq: 0 poll: 0
 X.25 Data: grp: 11 chan: 255 sseq: 3 rseq: 6 more: 0
  X.25 reasm status: skipped
  X.233 CLNP Data (compressed header):
   LRef: 0x40 Prio: 14 Flags: 0xfe
   Lifetime: 20.0 sec
   PDU Id: 0x391
   IDRP Update: seq: 11 ack: 4 credit_offered: 3 credit_avail: 3
    Route:
     ID: 19
     Local preference: 0
    RD path:
     RD_SEQ:
      47 00 27 41 45 57 4c 00 4d 24 0c	"G.'AEWL.M$."
    RD hop count: 1
    Capacity: 13
    Reachability info:
     Protocol: CLNP
     Prefix length: 88
     Dest. address prefix: 47 00 27 41 45 57 4c 00 4d 24 0c	"G.'AEWL.M$."

[2025-07-06 00:05:09 CEST] [136.675] [-9.1/-32.6 dBFS] [23.5 dB] [1.1 ppm]
4D240C (Aircraft, Airborne) -> 11907A (Ground station): Command
AVLC type: I sseq: 7 rseq: 0 poll: 1
 X.25 Data: grp: 11 chan: 255 sseq: 4 rseq: 6 more: 0
  X.25 reasm status: skipped
  X.233 CLNP Data (compressed header):
   LRef: 0x40 Prio: 14 Flags: 0xfe
   Lifetime: 20.0 sec
   PDU Id: 0x392
   IDRP Update: seq: 12 ack: 4 credit_offered: 3 credit_avail: 2
    Route:
     ID: 20
     Local preference: 0
    Security:
     Reg ID: 06 04 2b 1b 00 00
     Info:
      Supported ATSC classes: all
      Subnetwork type:
       Subnet: VDL
       Permitted traffic: all
    RD path:
     RD_SEQ:
      47 00 27 41 45 57 4c 00 4d 24 0c	"G.'AEWL.M$."
    RD hop count: 1
    Capacity: 13
    Reachability info:
     Protocol: CLNP
     Prefix length: 88
     Dest. address prefix: 47 00 27 41 45 57 4c 00 4d 24 0c	"G.'AEWL.M$."

[2025-07-06 00:05:14 CEST] [136.975] [1.0/-31.8 dBFS] [32.8 dB] [3.4 ppm]
4D2256 (Aircraft, Airborne) -> 10F69B (Ground station): Command
AVLC type: I sseq: 0 rseq: 2 poll: 0
 X.25 Data: grp: 11 chan: 254 sseq: 4 rseq: 7 more: 0
  X.25 reasm status: skipped
  X.233 CLNP Data (compressed header):
   LRef: 0x41 Prio: 11 Flags: 0xc0
   Lifetime: 50.0 sec
   PDU Id: 0x1826
   X.224 COTP Data Ack:
    dst_ref: 0x944d
    rseq: 4 credit: 3
    Checksum: a5 91
    Flow control:
     Acked TPDU nr: 4
     Acked subsequence: 0
     Acked credit: 15

[2025-07-06 00:05:20 CEST] [136.725] [-0.3/-31.9 dBFS] [31.7 dB] [3.7 ppm]
4CA80F (Aircraft, Airborne) -> 11985A (Ground station): Command
AVLC type: I sseq: 3 rseq: 1 poll: 0
 X.25 Data: grp: 11 chan: 254 sseq: 0 rseq: 6 more: 0
  X.25 reasm status: skipped
  X.233 CLNP Data (compressed header):
   LRef: 0x41 Prio: 11 Flags: 0xc0
   Lifetime: 50.0 sec
   PDU Id: 0x52e
   X.224 COTP Data Ack:
    dst_ref: 0x368a
    rseq: 15 credit: 4
    Checksum: 7b 82

[2025-07-06 00:05:28 CEST] [136.675] [-2.1/-32.0 dBFS] [30.0 dB] [3.5 ppm]
4CA8D9 (Aircraft, Airborne) -> 11907A (Ground station): Command
AVLC type: I sseq: 6 rseq: 7 poll: 0
 X.25 Data: grp: 11 chan: 254 sseq: 3 rseq: 4 more: 0
  X.25 reasm status: skipped
  X.233 CLNP Data (compressed header):
   LRef: 0x41 Prio: 11 Flags: 0xc0
   Lifetime: 50.0 sec
   PDU Id: 0xc88
   X.224 COTP Data Ack:
    dst_ref: 0x9448
    rseq: 2 credit: 2
    Checksum: c1 7f
    Flow control:
     Acked TPDU nr: 2
     Acked subsequence: 0
     Acked credit: 15

[2025-07-06 00:05:30 CEST] [136.675] [-3.0/-31.9 dBFS] [28.9 dB] [3.6 ppm]
4CA8D9 (Aircraft, Airborne) -> 11907A (Ground station): Command
AVLC type: I sseq: 7 rseq: 0 poll: 0
 X.25 Data: grp: 11 chan: 254 sseq: 4 rseq: 5 more: 0
  X.25 reasm status: skipped
  X.233 CLNP Data (compressed header):
   LRef: 0x41 Prio: 11 Flags: 0xc0
   Lifetime: 50.0 sec
   PDU Id: 0xc89
   X.224 COTP Data Ack:
    dst_ref: 0x9448
    rseq: 3 credit: 2
    Checksum: ce 21

[2025-07-06 00:05:30 CEST] [136.675] [-3.3/-32.4 dBFS] [29.1 dB] [3.6 ppm]
4CA8D9 (Aircraft, Airborne) -> 11907A (Ground station): Command
AVLC type: I sseq: 0 rseq: 0 poll: 0
 X.25 Data: grp: 11 chan: 254 sseq: 5 rseq: 5 more: 0
  X.25 reasm status: skipped
  X.233 CLNP Data (compressed header):
   LRef: 0x41 Prio: 11 Flags: 0xc0
   Lifetime: 50.0 sec
   PDU Id: 0xc8a
   X.224 COTP Data:
    dst_ref: 0x9448
    sseq: 2 req_of_ack: 0 EoT: 1
    COTP reasm status: skipped
    Checksum: 30 5a
    X.227 ACSE Release Response:
     Reason: normal
     ATCDownlinkMessage: <empty PDU>

[2025-07-06 00:05:32 CEST] [136.675] [-3.0/-32.5 dBFS] [29.5 dB] [3.4 ppm]
4CA8D9 (Aircraft, Airborne) -> 11907A (Ground station): Command
AVLC type: I sseq: 1 rseq: 2 poll: 0
 X.25 Data: grp: 11 chan: 254 sseq: 6 rseq: 7 more: 0
  X.25 reasm status: skipped
  X.233 CLNP Data (compressed header):
   LRef: 0x41 Prio: 11 Flags: 0xc0
   Lifetime: 50.0 sec
   PDU Id: 0xc8b
   X.224 COTP Disconnect Confirm:
    src_ref: 0x0015 dst_ref: 0x9448
    Checksum: 43 3b

[2025-07-06 00:05:55 CEST] [136.875] [0.3/-31.6 dBFS] [31.9 dB] [0.6 ppm]
39D315 (Aircraft, Airborne) -> 266661 (Ground station): Response
AVLC type: U (XID) P/F: 1
 XID: Handoff Response
  Public params:
   Parameter set ID: 8885:1993
   Procedure classes: 00 01
   HDLC options: 20 a4 88
  VDL params:
   Parameter set ID: V
   XID sequencing: seq: 4 retry: 0
   Destination airport: DAAG
   Aircraft location: 44.0N 5.3E 37000 ft
   AVLC specific options: 24
   Connection management: 01

[2025-07-06 00:05:57 CEST] [136.975] [-9.4/-31.8 dBFS] [22.4 dB] [1.4 ppm]
4CADBD (Aircraft, Airborne) -> 10985A (Ground station): Command
AVLC type: U (XID) P/F: 1
 XID: Handoff Initiation
  Public params:
   Parameter set ID: 8885:1993
   Procedure classes: 00 01
   HDLC options: 20 84 80
  VDL params:
   Parameter set ID: V
   XID sequencing: seq: 1 retry: 0
   Destination airport: LIME
   Aircraft location: 43.5N 7.1E 32000 ft
   Alternate ground stations: 10952A
   AVLC specific options: 24
   Connection management: 01

[2025-07-06 00:06:02 CEST] [136.975] [-1.2/-31.7 dBFS] [30.4 dB] [3.4 ppm]
4CA80F (Aircraft, Airborne) -> 10907A (Ground station): Command
AVLC type: U (XID) P/F: 1
 XID: Handoff Initiation
  Public params:
   Parameter set ID: 8885:1993
   Procedure classes: 00 01
   HDLC options: 20 84 80
  VDL params:
   Parameter set ID: V
   XID sequencing: seq: 5 retry: 0
   Destination airport: EDFH
   Aircraft location: 0.0N 0.0E 0 ft
   AVLC specific options: 24
   Connection management: 01

[2025-07-06 00:06:07 CEST] [136.975] [-8.7/-32.1 dBFS] [23.5 dB] [1.2 ppm]
4CADBD (Aircraft, Airborne) -> 10985A (Ground station): Command
AVLC type: I sseq: 2 rseq: 2 poll: 0
 ACARS:
  Reassembly: skipped
  Reg: .EI-IGK Flight: FR12SD
  Mode: 2 Label: 16 Blk id: 3 More: 0 Ack: ! Msg num: M55A
  Message:
   220605,32566,2253,  86,N 43.523 E  7.193

[2025-07-06 00:06:08 CEST] [136.975] [-1.0/-31.9 dBFS] [30.9 dB] [3.7 ppm]
4CA80F (Aircraft, Airborne) -> 10907A (Ground station): Command
AVLC type: I sseq: 2 rseq: 3 poll: 0
 X.25 Data: grp: 11 chan: 255 sseq: 0 rseq: 1 more: 0
  X.25 reasm status: skipped
  X.233 CLNP Data (compressed header):
   LRef: 0x42 Prio: 11 Flags: 0xc0
   Lifetime: 50.0 sec
   PDU Id: 0x52f
   X.224 COTP Data Ack:
    dst_ref: 0x9449
    rseq: 0 credit: 1
    Checksum: bf 85
    Flow control:
     Acked TPDU nr: 0
     Acked subsequence: 0
     Acked credit: 15

[2025-07-06 00:06:15 CEST] [136.725] [-11.0/-31.7 dBFS] [20.7 dB] [6.8 ppm]
4401E8 (Aircraft, Airborne) -> 11985A (Ground station): Command
AVLC type: I sseq: 6 rseq: 7 poll: 0
 X.25 Data: grp: 11 chan: 255 sseq: 3 rseq: 4 more: 0
  X.25 reasm status: skipped
  X.233 CLNP Data (compressed header):
   LRef: 0x41 Prio: 11 Flags: 0xf6
   Lifetime: 20.0 sec
   PDU Id: 0x2d8
   X.224 COTP Data Ack:
    dst_ref: 0x9450
    rseq: 2 credit: 2
    Flow control:
     Acked TPDU nr: 2
     Acked subsequence: 0
     Acked credit: 15
    ATN checksum: 89 b4 ce 5e

[2025-07-06 00:06:16 CEST] [136.675] [-8.7/-32.3 dBFS] [23.6 dB] [-0.5 ppm]
408067 (Aircraft, Airborne) -> 11907A (Ground station): Command
AVLC type: I sseq: 0 rseq: 0 poll: 0
 X.25 Data: grp: 11 chan: 255 sseq: 2 rseq: 5 more: 0
  X.25 reasm status: skipped
  X.233 CLNP Data (compressed header):
   LRef: 0x0 Prio: 11 Flags: 0xf6
   Lifetime: 20.0 sec
   PDU Id: 0x3fb
   X.224 COTP Data Ack:
    dst_ref: 0x9461
    rseq: 4 credit: 3
    Flow control:
     Acked TPDU nr: 4
     Acked subsequence: 0
     Acked credit: 15
    ATN checksum: fc ad 73 47

[2025-07-06 00:06:19 CEST] [136.875] [-7.6/-31.4 dBFS] [23.8 dB] [0.0 ppm]
3985A6 (Aircraft, Airborne) -> 266661 (Ground station): Command
AVLC type: I sseq: 7 rseq: 6 poll: 0
 X.25 Data: grp: 11 chan: 255 sseq: 2 rseq: 5 more: 0
  X.25 reasm status: skipped
  X.233 CLNP Data (compressed header):
   LRef: 0x45 Prio: 11 Flags: 0xf6
   Lifetime: 20.0 sec
   PDU Id: 0xed
   X.224 COTP Data Ack:
    dst_ref: 0x9451
    rseq: 2 credit: 2
    Flow control:
     Acked TPDU nr: 2
     Acked subsequence: 0
     Acked credit: 15
    ATN checksum: 09 d8 54 08

[2025-07-06 00:06:27 CEST] [136.975] [-3.9/-32.1 dBFS] [28.2 dB] [3.7 ppm]
4CA80F (Aircraft, Airborne) -> 10907A (Ground station): Command
AVLC type: I sseq: 3 rseq: 4 poll: 0
 X.25 Data: grp: 11 chan: 255 sseq: 1 rseq: 2 more: 0
  X.25 reasm status: skipped
  X.233 CLNP Data (compressed header):
   LRef: 0x41 Prio: 11 Flags: 0xc0
   Lifetime: 50.0 sec
   PDU Id: 0x530
   X.224 COTP Data Ack:
    dst_ref: 0x368a
    rseq: 16 credit: 5
    Checksum: 70 8b

[2025-07-06 00:06:28 CEST] [136.975] [-4.1/-31.9 dBFS] [27.8 dB] [3.6 ppm]
4CA80F (Aircraft, Airborne) -> 10907A (Ground station): Command
AVLC type: I sseq: 4 rseq: 4 poll: 0
 X.25 Data: grp: 11 chan: 255 sseq: 2 rseq: 2 more: 0
  X.25 reasm status: skipped
  X.233 CLNP Data (compressed header):
   LRef: 0x41 Prio: 11 Flags: 0xc0
   Lifetime: 50.0 sec
   PDU Id: 0x531
   X.224 COTP Disconnect Request:
    src_ref: 0x0013 dst_ref: 0x368a
    Reason: 128 (Normal disconnect)
    Checksum: ea 70

[2025-07-06 00:06:28 CEST] [136.975] [-4.3/-31.9 dBFS] [27.6 dB] [3.7 ppm]
4CA80F (Aircraft, Airborne) -> 10907A (Ground station): Command
AVLC type: I sseq: 5 rseq: 4 poll: 0
 X.25 Data: grp: 11 chan: 255 sseq: 3 rseq: 2 more: 0
  X.25 reasm status: skipped
  X.233 CLNP Data (compressed header):
   LRef: 0x42 Prio: 11 Flags: 0xc0
   Lifetime: 50.0 sec
   PDU Id: 0x532
   X.224 COTP Data:
    dst_ref: 0x9449
    sseq: 0 req_of_ack: 0 EoT: 1
    COTP reasm status: skipped
    Checksum: fc 13
    X.227 ACSE Abort:
     Source: user
     Cause: no-reason-given
     CPDLC User Abort Reason: current-data-authority-abort

[2025-07-06 00:06:30 CEST] [136.975] [-4.0/-31.7 dBFS] [27.7 dB] [3.7 ppm]
4CA80F (Aircraft, Airborne) -> 10907A (Ground station): Command
AVLC type: I sseq: 6 rseq: 7 poll: 0
 X.25 Data: grp: 11 chan: 255 sseq: 4 rseq: 5 more: 0
  X.25 reasm status: skipped
  X.233 CLNP Data (compressed header):
   LRef: 0x42 Prio: 11 Flags: 0xc0
   Lifetime: 50.0 sec
   PDU Id: 0x533
   X.224 COTP Disconnect Confirm:
    src_ref: 0x0014 dst_ref: 0x9449
    Checksum: 41 3d

[2025-07-06 00:06:31 CEST] [136.975] [-3.5/-31.7 dBFS] [28.2 dB] [3.4 ppm]
4CA80F (Aircraft, Airborne) -> 10907A (Ground station): Command
AVLC type: I sseq: 7 rseq: 0 poll: 0
 X.25 Data: grp: 11 chan: 255 sseq: 5 rseq: 6 more: 0
  X.25 reasm status: skipped
  X.233 CLNP Data (compressed header):
   LRef: 0x42 Prio: 11 Flags: 0xc0
   Lifetime: 50.0 sec
   PDU Id: 0x534
   X.224 COTP Connect Confirm:
    src_ref: 0x0015 dst_ref: 0x9469
    Initial Credit: 1
    Protocol class: 4
    Options: 00 (use normal PDU formats)
    Calling transport selector: 70 6d
    Called/responding transport selector: 02 02
    TPDU size (bytes): 512
    Checksum: bd 76
    Additional options: 0x00
    Ack time (ms): 1000
    Priority: 3
    Inactivity timer (ms): 360000
    X.225 Session SPDU: Short Accept
     X.227 ACSE Associate Response:
      Application context name: { 1.3.27.3.1 }
      Associate result: accept
      ATCDownlinkMessage: <empty PDU>

[2025-07-06 00:06:32 CEST] [136.975] [-3.5/-31.9 dBFS] [28.4 dB] [3.5 ppm]
4CA80F (Aircraft, Airborne) -> 10907A (Ground station): Command
AVLC type: I sseq: 0 rseq: 1 poll: 0
 X.25 Data: grp: 11 chan: 255 sseq: 6 rseq: 7 more: 0
  X.25 reasm status: skipped
  X.233 CLNP Data (compressed header):
   LRef: 0x42 Prio: 11 Flags: 0xc0
   Lifetime: 50.0 sec
   PDU Id: 0x535
   X.224 COTP Data:
    dst_ref: 0x9469
    sseq: 0 req_of_ack: 0 EoT: 1
    COTP reasm status: skipped
    Checksum: a3 4f
    CPDLC Downlink Message:
     Header:
      Msg ID: 0
      Timestamp: 2025-07-05 22:06:31
      Logical ACK: required
     Message data:
      CURRENT DATA AUTHORITY

[2025-07-06 00:06:36 CEST] [136.975] [-4.3/-31.7 dBFS] [27.3 dB] [3.6 ppm]
4CA80F (Aircraft, Airborne) -> 10907A (Ground station): Command
AVLC type: I sseq: 1 rseq: 3 poll: 0
 X.25 Data: grp: 11 chan: 255 sseq: 7 rseq: 1 more: 0
  X.25 reasm status: skipped
  X.233 CLNP Data (compressed header):
   LRef: 0x42 Prio: 11 Flags: 0xc0
   Lifetime: 50.0 sec
   PDU Id: 0x536
   X.224 COTP Data Ack:
    dst_ref: 0x9469
    rseq: 1 credit: 2
    Checksum: 31 9f

[2025-07-06 00:06:38 CEST] [136.975] [-4.4/-31.9 dBFS] [27.6 dB] [3.6 ppm]
4CA80F (Aircraft, Airborne) -> 10907A (Ground station): Command
AVLC type: I sseq: 2 rseq: 4 poll: 0
 X.25 Data: grp: 11 chan: 255 sseq: 0 rseq: 2 more: 0
  X.25 reasm status: skipped
  X.233 CLNP Data (compressed header):
   LRef: 0x42 Prio: 11 Flags: 0xc0
   Lifetime: 50.0 sec
   PDU Id: 0x537
   X.224 COTP Data Ack:
    dst_ref: 0x9469
    rseq: 2 credit: 2
    Checksum: 2d a2

[2025-07-06 00:06:38 CEST] [136.975] [-4.1/-32.3 dBFS] [28.2 dB] [3.8 ppm]
4CA80F (Aircraft, Airborne) -> 10907A (Ground station): Command
AVLC type: I sseq: 3 rseq: 4 poll: 0
 X.25 Data: grp: 11 chan: 255 sseq: 1 rseq: 2 more: 0
  X.25 reasm status: skipped
  X.233 CLNP Data (compressed header):
   LRef: 0x42 Prio: 11 Flags: 0xc0
   Lifetime: 50.0 sec
   PDU Id: 0x538
   X.224 COTP Data:
    dst_ref: 0x9469
    sseq: 1 req_of_ack: 0 EoT: 1
    COTP reasm status: skipped
    Checksum: 82 8e
    CPDLC Downlink Message:
     Header:
      Msg ID: 1
      Msg Ref: 3
      Timestamp: 2025-07-05 22:06:37
      Logical ACK: notRequired
     Message data:
      LOGICAL ACKNOWLEDGMENT

[2025-07-06 00:06:41 CEST] [136.975] [-4.0/-31.9 dBFS] [28.0 dB] [3.5 ppm]
4CA80F (Aircraft, Airborne) -> 10907A (Ground station): Command
AVLC type: I sseq: 2 rseq: 4 poll: 0
 X.25 Data: grp: 11 chan: 255 sseq: 0 rseq: 2 more: 0
  X.25 reasm status: skipped
  X.233 CLNP Data (compressed header):
   LRef: 0x42 Prio: 11 Flags: 0xc0
   Lifetime: 50.0 sec
   PDU Id: 0x537
   X.224 COTP Data Ack:
    dst_ref: 0x9469
    rseq: 2 credit: 2
    Checksum: 2d a2

[2025-07-06 00:06:42 CEST] [136.975] [-3.7/-31.6 dBFS] [27.9 dB] [3.6 ppm]
4CA80F (Aircraft, Airborne) -> 10907A (Ground station): Command
AVLC type: I sseq: 3 rseq: 4 poll: 0
 X.25 Data: grp: 11 chan: 255 sseq: 1 rseq: 2 more: 0
  X.25 reasm status: skipped
  X.233 CLNP Data (compressed header):
   LRef: 0x42 Prio: 11 Flags: 0xc0
   Lifetime: 50.0 sec
   PDU Id: 0x538
   X.224 COTP Data:
    dst_ref: 0x9469
    sseq: 1 req_of_ack: 0 EoT: 1
    COTP reasm status: skipped
    Checksum: 82 8e
    CPDLC Downlink Message:
     Header:
      Msg ID: 1
      Msg Ref: 3
      Timestamp: 2025-07-05 22:06:37
      Logical ACK: notRequired
     Message data:
      LOGICAL ACKNOWLEDGMENT

[2025-07-06 00:06:46 CEST] [136.975] [0.9/-32.2 dBFS] [33.0 dB] [3.1 ppm]
4D2256 (Aircraft, Airborne) -> 10F69B (Ground station): Command
AVLC type: I sseq: 1 rseq: 3 poll: 0
 X.25 Data: grp: 11 chan: 254 sseq: 5 rseq: 0 more: 0
  X.25 reasm status: skipped
  X.233 CLNP Data (compressed header):
   LRef: 0x41 Prio: 11 Flags: 0xc0
   Lifetime: 50.0 sec
   PDU Id: 0x1827
   X.224 COTP Data Ack:
    dst_ref: 0x944d
    rseq: 4 credit: 3
    Checksum: a5 91
    Flow control:
     Acked TPDU nr: 4
     Acked subsequence: 0
     Acked credit: 15

[2025-07-06 00:07:25 CEST] [136.725] [-11.9/-32.3 dBFS] [20.4 dB] [7.1 ppm]
4401E8 (Aircraft, Airborne) -> 11985A (Ground station): Command
AVLC type: I sseq: 7 rseq: 0 poll: 0
 X.25 Data: grp: 11 chan: 255 sseq: 4 rseq: 5 more: 0
  X.25 reasm status: skipped
  X.233 CLNP Data (compressed header):
   LRef: 0x41 Prio: 11 Flags: 0xf6
   Lifetime: 20.0 sec
   PDU Id: 0x2d9
   X.224 COTP Data Ack:
    dst_ref: 0x9450
    rseq: 3 credit: 2
    ATN checksum: 1b f9 12 f2
   X.224 COTP Data:
    dst_ref: 0x9450
    sseq: 2 req_of_ack: 0 EoT: 1
    COTP reasm status: skipped
    ATN checksum: e2 a5 0a fc
    CPDLC Downlink Message:
     Header:
      Msg ID: 2
      Msg Ref: 3
      Timestamp: 2025-07-05 22:07:23
      Logical ACK: notRequired
     Message data:
      LOGICAL ACKNOWLEDGMENT

[2025-07-06 00:07:34 CEST] [136.725] [-13.5/-31.6 dBFS] [18.1 dB] [7.2 ppm]
4401E8 (Aircraft, Airborne) -> 11985A (Ground station): Command
AVLC type: I sseq: 0 rseq: 1 poll: 0
 X.25 Data: grp: 11 chan: 255 sseq: 5 rseq: 6 more: 0
  X.25 reasm status: skipped
  X.233 CLNP Data (compressed header):
   LRef: 0x41 Prio: 11 Flags: 0xf6
   Lifetime: 20.0 sec
   PDU Id: 0x2da
   X.224 COTP Data:
    dst_ref: 0x9450
    sseq: 3 req_of_ack: 0 EoT: 1
    COTP reasm status: skipped
    ATN checksum: 26 78 62 8d
    CPDLC Downlink Message:
     Header:
      Msg ID: 3
      Msg Ref: 3
      Timestamp: 2025-07-05 22:07:32
      Logical ACK: required
     Message data:
      WILCO

[2025-07-06 00:07:51 CEST] [136.875] [-7.4/-31.2 dBFS] [23.8 dB] [-0.0 ppm]
3985A6 (Aircraft, Airborne) -> 266661 (Ground station): Command
AVLC type: I sseq: 0 rseq: 0 poll: 0
 X.25 Data: grp: 11 chan: 255 sseq: 3 rseq: 6 more: 0
  X.25 reasm status: skipped
  X.233 CLNP Data (compressed header):
   LRef: 0x45 Prio: 11 Flags: 0xf6
   Lifetime: 20.0 sec
   PDU Id: 0xee
   X.224 COTP Data Ack:
    dst_ref: 0x9451
    rseq: 2 credit: 2
    Flow control:
     Acked TPDU nr: 2
     Acked subsequence: 0
     Acked credit: 15
    ATN checksum: 09 d8 54 08

[2025-07-06 00:07:54 CEST] [136.875] [-7.0/-31.5 dBFS] [24.5 dB] [-0.3 ppm]
3985A6 (Aircraft, Airborne) -> 266661 (Ground station): Command
AVLC type: I sseq: 0 rseq: 0 poll: 0
 X.25 Data: grp: 11 chan: 255 sseq: 3 rseq: 6 more: 0
  X.25 reasm status: skipped
  X.233 CLNP Data (compressed header):
   LRef: 0x45 Prio: 11 Flags: 0xf6
   Lifetime: 20.0 sec
   PDU Id: 0xee
   X.224 COTP Data Ack:
    dst_ref: 0x9451
    rseq: 2 credit: 2
    Flow control:
     Acked TPDU nr: 2
     Acked subsequence: 0
     Acked credit: 15
    ATN checksum: 09 d8 54 08

[2025-07-06 00:07:57 CEST] [136.875] [-7.0/-31.4 dBFS] [24.4 dB] [-0.2 ppm]
3985A6 (Aircraft, Airborne) -> 266661 (Ground station): Command
AVLC type: I sseq: 0 rseq: 0 poll: 0
 X.25 Data: grp: 11 chan: 255 sseq: 3 rseq: 6 more: 0
  X.25 reasm status: skipped
  X.233 CLNP Data (compressed header):
   LRef: 0x45 Prio: 11 Flags: 0xf6
   Lifetime: 20.0 sec
   PDU Id: 0xee
   X.224 COTP Data Ack:
    dst_ref: 0x9451
    rseq: 2 credit: 2
    Flow control:
     Acked TPDU nr: 2
     Acked subsequence: 0
     Acked credit: 15
    ATN checksum: 09 d8 54 08

[2025-07-06 00:08:03 CEST] [136.875] [-0.1/-31.5 dBFS] [31.3 dB] [0.5 ppm]
39D315 (Aircraft, Airborne) -> 270CA1 (Ground station): Command
AVLC type: U (XID) P/F: 1
 XID: Handoff Initiation
  Public params:
   Parameter set ID: 8885:1993
   Procedure classes: 00 01
   HDLC options: 20 a4 88
  VDL params:
   Parameter set ID: V
   XID sequencing: seq: 2 retry: 0
   Destination airport: DAAG
   Aircraft location: 43.7N 5.2E 37000 ft
   Alternate ground stations: 23D821 2A3261
   AVLC specific options: 24
   Connection management: 01

[2025-07-06 00:08:17 CEST] [136.975] [-8.2/-32.3 dBFS] [24.0 dB] [-0.3 ppm]
3985A6 (Aircraft, Airborne) -> 26CA77 (Ground station): Command
AVLC type: U (XID) P/F: 1
 XID: Handoff Initiation
  Public params:
   Parameter set ID: 8885:1993
   Procedure classes: 00 01
   HDLC options: 20 a4 80
  VDL params:
   Parameter set ID: V
   Connection management: 01
   XID sequencing: seq: 2 retry: 0
   AVLC specific options: 25
   Destination airport: LFMN
   Aircraft location: 44.2N 5.3E 23000 ft

[2025-07-06 00:08:18 CEST] [136.975] [0.9/-31.5 dBFS] [32.4 dB] [2.6 ppm]
4D2256 (Aircraft, Airborne) -> 10F69B (Ground station): Command
AVLC type: I sseq: 2 rseq: 4 poll: 0
 X.25 Data: grp: 11 chan: 254 sseq: 6 rseq: 1 more: 0
  X.25 reasm status: skipped
  X.233 CLNP Data (compressed header):
   LRef: 0x41 Prio: 11 Flags: 0xc0
   Lifetime: 50.0 sec
   PDU Id: 0x1828
   X.224 COTP Data Ack:
    dst_ref: 0x944d
    rseq: 4 credit: 3
    Checksum: a5 91
    Flow control:
     Acked TPDU nr: 4
     Acked subsequence: 0
     Acked credit: 15

[2025-07-06 00:08:20 CEST] [136.975] [-6.4/-31.6 dBFS] [25.2 dB] [3.5 ppm]
4CA80F (Aircraft, Airborne) -> 10907A (Ground station): Command
AVLC type: I sseq: 4 rseq: 6 poll: 0
 X.25 Data: grp: 11 chan: 255 sseq: 2 rseq: 4 more: 0
  X.25 reasm status: skipped
  X.233 CLNP Data (compressed header):
   LRef: 0x42 Prio: 11 Flags: 0xc0
   Lifetime: 50.0 sec
   PDU Id: 0x539
   X.224 COTP Data Ack:
    dst_ref: 0x9469
    rseq: 2 credit: 2
    Checksum: 1c 04
    Flow control:
     Acked TPDU nr: 2
     Acked subsequence: 0
     Acked credit: 15

[2025-07-06 00:08:21 CEST] [136.975] [-8.7/-32.1 dBFS] [23.4 dB] [-0.2 ppm]
3985A6 (Aircraft, Airborne) -> 26CA77 (Ground station): Command
AVLC type: I sseq: 2 rseq: 2 poll: 0
 ACARS:
  Reassembly: skipped
  Reg: .F-HBNG Flight: AF46DD
  Mode: 2 Label: SA Blk id: 1 More: 0 Ack: ! Msg num: S69A
  Message:
   0EV220816V
  Media Advisory, version 0:
   Link VHF ACARS established at 22:08:16 UTC
   Available links: VHF ACARS

[2025-07-06 00:08:47 CEST] [136.825] [-6.5/-31.8 dBFS] [25.3 dB] [3.8 ppm]
4CA80F (Aircraft, Airborne) -> 119C2A (Ground station): Command
AVLC type: U (XID) P/F: 1
 XID: Handoff Initiation
  Public params:
   Parameter set ID: 8885:1993
   Procedure classes: 00 01
   HDLC options: 20 84 80
  VDL params:
   Parameter set ID: V
   XID sequencing: seq: 6 retry: 0
   Destination airport: EDFH
   Aircraft location: 0.0N 0.0E 0 ft
   Alternate ground stations: 12984A
   AVLC specific options: 24
   Connection management: 01

[2025-07-06 00:08:59 CEST] [136.975] [-5.1/-31.6 dBFS] [26.5 dB] [-0.0 ppm]
3985A6 (Aircraft, Airborne) -> 26CA77 (Ground station): Command
AVLC type: I sseq: 4 rseq: 3 poll: 0
 ACARS:
  Reassembly: skipped
  Reg: .F-HBNG Flight: AF46DD
  Mode: 2 Label: 2F Blk id: 2 More: 0 Ack: ! Msg num: M40A
  Message:
   2208+4417+546/2347

[2025-07-06 00:09:06 CEST] [136.725] [-6.1/-32.0 dBFS] [25.8 dB] [6.8 ppm]
4401E8 (Aircraft, Airborne) -> 11985A (Ground station): Command
AVLC type: I sseq: 2 rseq: 4 poll: 0
 X.25 Data: grp: 11 chan: 255 sseq: 7 rseq: 1 more: 0
  X.25 reasm status: skipped
  X.233 CLNP Data (compressed header):
   LRef: 0x41 Prio: 11 Flags: 0xf6
   Lifetime: 20.0 sec
   PDU Id: 0x2dc
   X.224 COTP Data Ack:
    dst_ref: 0x9450
    rseq: 4 credit: 3
    Flow control:
     Acked TPDU nr: 4
     Acked subsequence: 0
     Acked credit: 15
    ATN checksum: 34 a3 c2 cb

[2025-07-06 00:09:23 CEST] [136.725] [-13.1/-32.1 dBFS] [19.0 dB] [1.3 ppm]
4CA739 (Aircraft, Airborne) -> 11985A (Ground station): Command
AVLC type: I sseq: 6 rseq: 6 poll: 0
 ACARS:
  Reassembly: skipped
  Reg: .EI-EBP Flight: FR363U
  Mode: 2 Label: B9 Blk id: 5 More: 0 Ack: ! Msg num: M51A
  Message:
   /LIMC.TI2/024LIMCAE0D8

[2025-07-06 00:09:27 CEST] [136.975] [-5.1/-31.6 dBFS] [26.4 dB] [-0.2 ppm]
3985A6 (Aircraft, Airborne) -> 26CA77 (Ground station): Command
AVLC type: I sseq: 6 rseq: 6 poll: 0
 X.25 Data: grp: 11 chan: 255 sseq: 1 rseq: 1 more: 0
  X.25 reasm status: skipped
  X.233 CLNP Data (compressed header):
   LRef: 0x45 Prio: 11 Flags: 0xf6
   Lifetime: 20.0 sec
   PDU Id: 0xf0
   X.224 COTP Data Ack:
    dst_ref: 0x9451
    rseq: 2 credit: 2
    Flow control:
     Acked TPDU nr: 2
     Acked subsequence: 0
     Acked credit: 15
    ATN checksum: 09 d8 54 08

[2025-07-06 00:09:47 CEST] [136.825] [-7.2/-31.4 dBFS] [24.2 dB] [3.9 ppm]
4CA80F (Aircraft, Airborne) -> 119C2A (Ground station): Command
AVLC type: I sseq: 2 rseq: 3 poll: 0
 X.25 Data: grp: 11 chan: 254 sseq: 0 rseq: 1 more: 0
  X.25 reasm status: skipped
  X.233 CLNP Data (compressed header):
   LRef: 0x42 Prio: 11 Flags: 0xc0
   Lifetime: 50.0 sec
   PDU Id: 0x53a
   X.224 COTP Data Ack:
    dst_ref: 0x9469
    rseq: 2 credit: 2
    Checksum: 1c 04
    Flow control:
     Acked TPDU nr: 2
     Acked subsequence: 0
     Acked credit: 15

[2025-07-06 00:09:50 CEST] [136.975] [1.1/-31.9 dBFS] [33.0 dB] [2.4 ppm]
4D2256 (Aircraft, Airborne) -> 10F69B (Ground station): Command
AVLC type: I sseq: 4 rseq: 6 poll: 0
 X.25 Data: grp: 11 chan: 254 sseq: 0 rseq: 3 more: 0
  X.25 reasm status: skipped
  X.233 CLNP Data (compressed header):
   LRef: 0x41 Prio: 11 Flags: 0xc0
   Lifetime: 50.0 sec
   PDU Id: 0x182a
   X.224 COTP Data Ack:
    dst_ref: 0x944d
    rseq: 4 credit: 3
    Checksum: a5 91
    Flow control:
     Acked TPDU nr: 4
     Acked subsequence: 0
     Acked credit: 15

[2025-07-06 00:09:54 CEST] [136.675] [-15.8/-32.8 dBFS] [17.0 dB] [1.1 ppm]
4D240C (Aircraft, Airborne) -> 11907A (Ground station): Command
AVLC type: I sseq: 0 rseq: 4 poll: 0
 X.25 Data: grp: 11 chan: 255 sseq: 0 rseq: 5 more: 0
  X.25 reasm status: skipped
  X.233 CLNP Data (compressed header):
   LRef: 0x41 Prio: 11 Flags: 0xfe
   Lifetime: 20.0 sec
   PDU Id: 0x396
   X.224 COTP Data Ack:
    dst_ref: 0x9c14
    rseq: 1 credit: 2
    ATN checksum: d4 8f 7c 6d

[2025-07-06 00:10:03 CEST] [136.675] [-14.5/-34.6 dBFS] [20.2 dB] [1.3 ppm]
4D240C (Aircraft, Airborne) -> 11907A (Ground station): Command
AVLC type: I sseq: 1 rseq: 6 poll: 0
 X.25 Data: grp: 11 chan: 255 sseq: 1 rseq: 7 more: 0
  X.25 reasm status: skipped
  X.233 CLNP Data (compressed header):
   LRef: 0x41 Prio: 11 Flags: 0xfe
   Lifetime: 20.0 sec
   PDU Id: 0x397
   X.224 COTP Data Ack:
    dst_ref: 0x9c14
    rseq: 2 credit: 2
    ATN checksum: 2a 5c ae 18
   X.224 COTP Data:
    dst_ref: 0x9c14
    sseq: 1 req_of_ack: 0 EoT: 1
    COTP reasm status: skipped
    ATN checksum: f9 82 73 77
    CPDLC Downlink Message:
     Header:
      Msg ID: 1
      Msg Ref: 2
      Timestamp: 2025-07-05 22:09:59
      Logical ACK: notRequired
     Message data:
      LOGICAL ACKNOWLEDGMENT

[2025-07-06 00:10:03 CEST] [136.675] [-14.4/-34.6 dBFS] [20.1 dB] [1.0 ppm]
4D240C (Aircraft, Airborne) -> 11907A (Ground station): Command
AVLC type: I sseq: 2 rseq: 6 poll: 0
 X.25 Data: grp: 11 chan: 255 sseq: 2 rseq: 7 more: 0
  X.25 reasm status: skipped
  X.233 CLNP Data (compressed header):
   LRef: 0x41 Prio: 11 Flags: 0xfe
   Lifetime: 20.0 sec
   PDU Id: 0x398
   X.224 COTP Data Ack:
    dst_ref: 0x9c14
    rseq: 3 credit: 2
    ATN checksum: 7f 29 e0 c2
   X.224 COTP Data:
    dst_ref: 0x9c14
    sseq: 2 req_of_ack: 0 EoT: 1
    COTP reasm status: skipped
    ATN checksum: 9e 11 df 36
    CPDLC Downlink Message:
     Header:
      Msg ID: 2
      Msg Ref: 3
      Timestamp: 2025-07-05 22:09:59
      Logical ACK: notRequired
     Message data:
      LOGICAL ACKNOWLEDGMENT

[2025-07-06 00:10:05 CEST] [136.775] [-14.6/-33.8 dBFS] [19.2 dB] [3.2 ppm]
4074B6 (Aircraft, Airborne) -> 11FA7B (Ground station): Command
AVLC type: I sseq: 5 rseq: 2 poll: 0
 X.25 Data: grp: 11 chan: 255 sseq: 3 rseq: 0 more: 0
  X.25 reasm status: skipped
  X.233 CLNP Data (compressed header):
   LRef: 0x0 Prio: 11 Flags: 0xf6
   Lifetime: 20.0 sec
   PDU Id: 0x3c1
   X.224 COTP Data Ack:
    dst_ref: 0x9447
    rseq: 4 credit: 3
    ATN checksum: 8c 6d 5d 78

[2025-07-06 00:10:08 CEST] [136.975] [-2.6/-34.3 dBFS] [31.8 dB] [-0.4 ppm]
3985A6 (Aircraft, Airborne) -> 26CA77 (Ground station): Command
AVLC type: I sseq: 7 rseq: 7 poll: 0
 X.25 Data: grp: 11 chan: 255 sseq: 2 rseq: 2 more: 0
  X.25 reasm status: skipped
  X.233 CLNP Data (compressed header):
   LRef: 0x45 Prio: 11 Flags: 0xf6
   Lifetime: 20.0 sec
   PDU Id: 0xf1
   X.224 COTP Data Ack:
    dst_ref: 0x9451
    rseq: 3 credit: 2
    ATN checksum: 77 c8 b5 f6
   X.224 COTP Data:
    dst_ref: 0x9451
    sseq: 2 req_of_ack: 0 EoT: 1
    COTP reasm status: skipped
    ATN checksum: 16 09 01 94
    CPDLC Downlink Message:
     Header:
      Msg ID: 2
      Msg Ref: 4
      Timestamp: 2025-07-05 22:10:07
      Logical ACK: notRequired
     Message data:
      LOGICAL ACKNOWLEDGMENT

[2025-07-06 00:10:12 CEST] [136.975] [-2.1/-34.5 dBFS] [32.3 dB] [-0.2 ppm]
3985A6 (Aircraft, Airborne) -> 26CA77 (Ground station): Command
AVLC type: I sseq: 0 rseq: 0 poll: 0
 X.25 Data: grp: 11 chan: 255 sseq: 3 rseq: 3 more: 0
  X.25 reasm status: skipped
  X.233 CLNP Data (compressed header):
   LRef: 0x45 Prio: 11 Flags: 0xf6
   Lifetime: 20.0 sec
   PDU Id: 0xf2
   X.224 COTP Data:
    dst_ref: 0x9451
    sseq: 3 req_of_ack: 0 EoT: 1
    COTP reasm status: skipped
    ATN checksum: 76 9b 20 12
    X.227 ACSE Release Response:
     Reason: normal
     CPDLC Downlink Message:
      Header:
       Msg ID: 3
       Msg Ref: 4
       Timestamp: 2025-07-05 22:10:11
       Logical ACK: notRequired
      Message data:
       WILCO

[2025-07-06 00:10:13 CEST] [136.975] [-1.6/-34.3 dBFS] [32.7 dB] [-0.2 ppm]
3985A6 (Aircraft, Airborne) -> 26CA77 (Ground station): Command
AVLC type: I sseq: 2 rseq: 2 poll: 0
 X.25 Data: grp: 11 chan: 255 sseq: 4 rseq: 5 more: 0
  X.25 reasm status: skipped
  X.233 CLNP Data (compressed header):
   LRef: 0x45 Prio: 11 Flags: 0xf6
   Lifetime: 20.0 sec
   PDU Id: 0xf3
   X.224 COTP Disconnect Confirm:
    src_ref: 0x003b dst_ref: 0x9451
    ATN checksum: ad 7e 0c 1d

[2025-07-06 00:10:21 CEST] [136.775] [-14.3/-33.0 dBFS] [18.7 dB] [3.2 ppm]
4074B6 (Aircraft, Airborne) -> 11FA7B (Ground station): Command
AVLC type: I sseq: 6 rseq: 3 poll: 0
 X.25 Data: grp: 11 chan: 255 sseq: 4 rseq: 1 more: 0
  X.25 reasm status: skipped
  X.233 CLNP Data (compressed header):
   LRef: 0x0 Prio: 11 Flags: 0xf6
   Lifetime: 20.0 sec
   PDU Id: 0x3c2
   X.224 COTP Data Ack:
    dst_ref: 0x9447
    rseq: 4 credit: 3
    ATN checksum: 8c 6d 5d 78

[2025-07-06 00:10:34 CEST] [136.725] [-13.2/-33.4 dBFS] [20.2 dB] [-0.1 ppm]
344417 (Aircraft, Airborne) -> 11905A (Ground station): Command
AVLC type: I sseq: 2 rseq: 1 poll: 0
 ACARS:
  Reassembly: skipped
  Reg: .EC-LUL Flight: IB08ZK
  Mode: 2 Label: H1 Blk id: 2 More: 0 Ack: ! Msg num: F24A
  Sublabel: M1
  Message:
   RESREQ/AK,1158AF6

[2025-07-06 00:10:36 CEST] [136.725] [-13.8/-33.9 dBFS] [20.1 dB] [-0.3 ppm]
344417 (Aircraft, Airborne) -> 11905A (Ground station): Command
AVLC type: I sseq: 2 rseq: 1 poll: 0
 ACARS:
  Reassembly: skipped
  Reg: .EC-LUL Flight: IB08ZK
  Mode: 2 Label: H1 Blk id: 2 More: 0 Ack: ! Msg num: F24A
  Sublabel: M1
  Message:
   RESREQ/AK,1158AF6

[2025-07-06 00:10:38 CEST] [136.725] [-5.3/-33.0 dBFS] [27.7 dB] [6.7 ppm]
4401E8 (Aircraft, Airborne) -> 11985A (Ground station): Command
AVLC type: I sseq: 4 rseq: 6 poll: 0
 X.25 Data: grp: 11 chan: 255 sseq: 1 rseq: 3 more: 0
  X.25 reasm status: skipped
  X.233 CLNP Data (compressed header):
   LRef: 0x41 Prio: 11 Flags: 0xf6
   Lifetime: 20.0 sec
   PDU Id: 0x2de
   X.224 COTP Data Ack:
    dst_ref: 0x9450
    rseq: 4 credit: 3
    Flow control:
     Acked TPDU nr: 4
     Acked subsequence: 0
     Acked credit: 15
    ATN checksum: 34 a3 c2 cb

[2025-07-06 00:10:40 CEST] [136.725] [-13.9/-33.2 dBFS] [19.2 dB] [-0.3 ppm]
344417 (Aircraft, Airborne) -> 11905A (Ground station): Command
AVLC type: I sseq: 3 rseq: 2 poll: 0
 ACARS:
  Reassembly: skipped
  Reg: .EC-LUL Flight: IB08ZK
  Mode: 2 Label: H1 Blk id: 3 More: 0 Ack: ! Msg num: F25A
  Sublabel: M1
  Message:
   POSN43151E003523,N43149E002517,221032,380,N43151E003584,221116,N43148E004556,M51,24727,176/TS221032,070525C6F8

[2025-07-06 00:10:43 CEST] [136.775] [-11.5/-32.5 dBFS] [21.0 dB] [0.8 ppm]
4D22AF (Aircraft, Airborne) -> 210DC5 (Ground station): Command
AVLC type: I sseq: 6 rseq: 1 poll: 0
 X.25 Data: grp: 11 chan: 255 sseq: 1 rseq: 1 more: 0
  X.25 reasm status: skipped
  X.233 CLNP Data (compressed header):
   LRef: 0x45 Prio: 11 Flags: 0xf6
   Lifetime: 20.0 sec
   PDU Id: 0x1b8
   X.224 COTP Data Ack:
    dst_ref: 0x9459
    rseq: 0 credit: 1
    Flow control:
     Acked TPDU nr: 0
     Acked subsequence: 0
     Acked credit: 15
    ATN checksum: 01 f7 a3 ec

[2025-07-06 00:10:50 CEST] [136.725] [-15.0/-31.8 dBFS] [16.8 dB] [-0.1 ppm]
344417 (Aircraft, Airborne) -> 11905A (Ground station): Command
AVLC type: I sseq: 4 rseq: 4 poll: 0
 X.25 Data: grp: 11 chan: 255 sseq: 1 rseq: 3 more: 0
  X.25 reasm status: skipped
  X.233 CLNP Data (compressed header):
   LRef: 0x41 Prio: 11 Flags: 0xf6
   Lifetime: 20.0 sec
   PDU Id: 0x29
   X.224 COTP Data Ack:
    dst_ref: 0x946f
    rseq: 2 credit: 2
    Flow control:
     Acked TPDU nr: 2
     Acked subsequence: 0
     Acked credit: 15
    ATN checksum: 4f 39 0c 6a

[2025-07-06 00:10:52 CEST] [136.675] [-10.6/-32.0 dBFS] [21.4 dB] [-1.0 ppm]
408067 (Aircraft, Airborne) -> 11907A (Ground station): Command
AVLC type: I sseq: 5 rseq: 4 poll: 0
 X.25 Data: grp: 11 chan: 255 sseq: 6 rseq: 1 more: 0
  X.25 reasm status: skipped
  X.233 CLNP Data (compressed header):
   LRef: 0x0 Prio: 11 Flags: 0xf6
   Lifetime: 20.0 sec
   PDU Id: 0x3ff
   X.224 COTP Data Ack:
    dst_ref: 0x9461
    rseq: 4 credit: 3
    Flow control:
     Acked TPDU nr: 4
     Acked subsequence: 0
     Acked credit: 15
    ATN checksum: fc ad 73 47

[2025-07-06 00:11:02 CEST] [136.975] [-7.3/-32.0 dBFS] [24.6 dB] [-0.4 ppm]
3985A6 (Aircraft, Airborne) -> 26CA77 (Ground station): Command
AVLC type: I sseq: 3 rseq: 3 poll: 0
 ACARS:
  Reassembly: skipped
  Reg: .F-HBNG Flight: AF46DD
  Mode: 2 Label: 26 Blk id: 4 More: 0 Ack: ! Msg num: M41A
  Message:
   2211LFPOAF6226/052226LFMN04L

[2025-07-06 00:11:15 CEST] [136.775] [-8.4/-31.7 dBFS] [23.3 dB] [0.5 ppm]
4D22AF (Aircraft, Airborne) -> 210DC5 (Ground station): Command
AVLC type: I sseq: 7 rseq: 1 poll: 0
 X.25 Data: grp: 11 chan: 255 sseq: 2 rseq: 1 more: 0
  X.25 reasm status: skipped
  X.233 CLNP Data (compressed header):
   LRef: 0x49 Prio: 11 Flags: 0xf6
   Lifetime: 20.0 sec
   PDU Id: 0x1b9
   X.224 COTP Data Ack:
    dst_ref: 0x36e7
    rseq: 7 credit: 3
    ATN checksum: b8 b4 14 63

[2025-07-06 00:11:19 CEST] [136.825] [-13.5/-31.4 dBFS] [17.9 dB] [3.7 ppm]
4CA80F (Aircraft, Airborne) -> 119C2A (Ground station): Command
AVLC type: I sseq: 4 rseq: 5 poll: 0
 X.25 Data: grp: 11 chan: 254 sseq: 2 rseq: 3 more: 0
  X.25 reasm status: skipped
  X.233 CLNP Data (compressed header):
   LRef: 0x42 Prio: 11 Flags: 0xc0
   Lifetime: 50.0 sec
   PDU Id: 0x53c
   X.224 COTP Data Ack:
    dst_ref: 0x9469
    rseq: 2 credit: 2
    Checksum: 1c 04
    Flow control:
     Acked TPDU nr: 2
     Acked subsequence: 0
     Acked credit: 15

[2025-07-06 00:11:29 CEST] [136.975] [-12.5/-31.9 dBFS] [19.4 dB] [2.1 ppm]
4D2256 (Aircraft, Airborne) -> 10F69B (Ground station): Command
AVLC type: I sseq: 5 rseq: 7 poll: 0
 X.25 Data: grp: 11 chan: 254 sseq: 1 rseq: 4 more: 0
  X.25 reasm status: skipped
  X.233 CLNP Data (compressed header):
   LRef: 0x41 Prio: 11 Flags: 0xc0
   Lifetime: 50.0 sec
   PDU Id: 0x182b
   X.224 COTP Data Ack:
    dst_ref: 0x944d
    rseq: 4 credit: 3
    Checksum: a5 91
    Flow control:
     Acked TPDU nr: 4
     Acked subsequence: 0
     Acked credit: 15

[2025-07-06 00:11:30 CEST] [136.775] [-8.8/-31.7 dBFS] [22.9 dB] [0.7 ppm]
4D22AF (Aircraft, Airborne) -> 210DC5 (Ground station): Command
AVLC type: I sseq: 1 rseq: 4 poll: 0
 X.25 Data: grp: 11 chan: 255 sseq: 3 rseq: 3 more: 0
  X.25 reasm status: skipped
  X.233 CLNP Data:
   Src NSAP: 47 00 27 41 4c 44 41 00 4d 22 af 00 00 53 41 41 42 00 00 01	"G.'ALDA.M"...SAAB..."
   Dst NSAP: 47 00 27 81 83 46 52 00 01 43 43 01 43 45 53 2d 41 49 58 01	"G.'..FR..CC.CES-AIX."
   Lifetime: 20.0 sec
   Flags: SP
   Segmentation:
    PDU Id: 0x1ba
    Segment offset: 0
    PDU total length: 122
    CLNP reasm status: skipped
   Options:
    LRef: 0x04
    QoS maintenance: 0xd6
    Security:
     Reg ID: 06 04 2b 1b 00 00
     Info:
      Traffic type:
       Type: ATN operational
       Category: ATSC
       Route policy: 0x10
    Priority: 0x08
   X.224 COTP Connect Request:
    src_ref: 0x0043 dst_ref: 0x0000
    Initial Credit: 1
    Protocol class: 4
    Options: 00 (use normal PDU formats)
    TPDU size (bytes): 1024
    Called/responding transport selector: 63 6d
    Calling transport selector: 01
    Priority: 6
    Additional options: 0x00
    Ack time (ms): 1000
    Inactivity timer (ms): 360000
    Checksum: 93 cf
    ATN checksum: a4 1d 20 ad

[2025-07-06 00:11:31 CEST] [136.775] [-9.1/-31.6 dBFS] [22.5 dB] [0.8 ppm]
4D22AF (Aircraft, Airborne) -> 210DC5 (Ground station): Command
AVLC type: I sseq: 2 rseq: 5 poll: 0
 X.25 Data: grp: 11 chan: 255 sseq: 4 rseq: 4 more: 0
  X.25 reasm status: skipped
  X.233 CLNP Data (compressed header):
   LRef: 0x4 Prio: 8 Flags: 0xf6
   Lifetime: 20.0 sec
   PDU Id: 0x1bb
   X.224 COTP Data Ack:
    dst_ref: 0x9475
    rseq: 0 credit: 1
    ATN checksum: 9e 70 8a 81

[2025-07-06 00:11:31 CEST] [136.775] [-9.1/-31.6 dBFS] [22.5 dB] [0.8 ppm]
4D22AF (Aircraft, Airborne) -> 210DC5 (Ground station): Command
AVLC type: I sseq: 3 rseq: 5 poll: 0
 X.25 Data: grp: 11 chan: 255 sseq: 5 rseq: 4 more: 0
  X.25 reasm status: skipped
  X.233 CLNP Data (compressed header):
   LRef: 0x4 Prio: 8 Flags: 0xf6
   Lifetime: 20.0 sec
   PDU Id: 0x1bc
   X.224 COTP Data:
    dst_ref: 0x9475
    sseq: 0 req_of_ack: 0 EoT: 1
    COTP reasm status: skipped
    ATN checksum: 00 fd 94 f8
    X.225 Session SPDU: Short Connect
     X.227 ACSE Associate Request:
      Application context name: { 1.3.27.3.1 }
      AP title: { 1.3.27.1.5055151.0 }
      ATN Context Management - Logon Request:
       Flight ID: RYR6211
       Long TSAP: 41 4c 44 41 00 4d 22 af 00 00 53 41 41 42 00 00 01 01	"ALDA.M"...SAAB...."
       Ground-initiated applications:
        Application Entity Qualifier: 22
        Version number: 1
        AP Address:
         Long TSAP: 41 4c 44 41 00 4d 22 af 00 00 53 41 41 42 00 00 01 16	"ALDA.M"...SAAB...."
       Departure airport: LPFR
       Destination airport: LOWW

[2025-07-06 00:11:31 CEST] [136.775] [-9.3/-31.9 dBFS] [22.6 dB] [0.6 ppm]
4D22AF (Aircraft, Airborne) -> 210DC5 (Ground station): Command
AVLC type: I sseq: 5 rseq: 0 poll: 0
 X.25 Data: grp: 11 chan: 255 sseq: 6 rseq: 6 more: 0
  X.25 reasm status: skipped
  X.233 CLNP Data (compressed header):
   LRef: 0x4 Prio: 8 Flags: 0xf6
   Lifetime: 20.0 sec
   PDU Id: 0x1bd
   X.224 COTP Data Ack:
    dst_ref: 0x9475
    rseq: 1 credit: 2
    ATN checksum: 12 10 85 71

[2025-07-06 00:11:31 CEST] [136.775] [-9.3/-31.9 dBFS] [22.6 dB] [0.6 ppm]
4D22AF (Aircraft, Airborne) -> 210DC5 (Ground station): Command
AVLC type: I sseq: 6 rseq: 0 poll: 0
 X.25 Data: grp: 11 chan: 255 sseq: 7 rseq: 6 more: 0
  X.25 reasm status: skipped
  X.233 CLNP Data (compressed header):
   LRef: 0x4 Prio: 8 Flags: 0xf6
   Lifetime: 20.0 sec
   PDU Id: 0x1be
   X.224 COTP Disconnect Request:
    src_ref: 0x0043 dst_ref: 0x9475
    Reason: 128 (Normal disconnect)
    ATN checksum: b4 f7 50 38
    X.225 disconnect reason: 1 (OK, transport connection not reused)

[2025-07-06 00:11:34 CEST] [136.875] [-1.2/-31.7 dBFS] [30.5 dB] [-0.5 ppm]
39D315 (Aircraft, Airborne) -> 210DC1 (Ground station): Command
AVLC type: U (XID) P/F: 1
 XID: Handoff Initiation
  Public params:
   Parameter set ID: 8885:1993
   Procedure classes: 00 01
   HDLC options: 20 a4 88
  VDL params:
   Parameter set ID: V
   XID sequencing: seq: 3 retry: 0
   Destination airport: DAAG
   Aircraft location: 43.4N 4.9E 37000 ft
   Alternate ground stations: 2A3261 23D821 266661
   AVLC specific options: 24
   Connection management: 01

[2025-07-06 00:11:42 CEST] [136.875] [-4.0/-31.3 dBFS] [27.3 dB] [-0.3 ppm]
39D315 (Aircraft, Airborne) -> 210DC1 (Ground station): Command
AVLC type: U (XID) P/F: 1
 XID: Handoff Initiation
  Public params:
   Parameter set ID: 8885:1993
   Procedure classes: 00 01
   HDLC options: 20 a4 88
  VDL params:
   Parameter set ID: V
   XID sequencing: seq: 3 retry: 1
   Destination airport: DAAG
   Aircraft location: 43.4N 4.9E 37000 ft
   Alternate ground stations: 2A3261 23D821 266661
   AVLC specific options: 24
   Connection management: 01

[2025-07-06 00:12:07 CEST] [136.875] [-1.8/-31.8 dBFS] [30.0 dB] [-0.6 ppm]
39D315 (Aircraft, Airborne) -> 270CA1 (Ground station): Response
AVLC type: U (DM) P/F: 0

[2025-07-06 00:12:10 CEST] [136.725] [-2.7/-32.1 dBFS] [29.4 dB] [6.6 ppm]
4401E8 (Aircraft, Airborne) -> 11985A (Ground station): Command
AVLC type: I sseq: 5 rseq: 7 poll: 0
 X.25 Data: grp: 11 chan: 255 sseq: 2 rseq: 4 more: 0
  X.25 reasm status: skipped
  X.233 CLNP Data (compressed header):
   LRef: 0x41 Prio: 11 Flags: 0xf6
   Lifetime: 20.0 sec
   PDU Id: 0x2df
   X.224 COTP Data Ack:
    dst_ref: 0x9450
    rseq: 4 credit: 3
    Flow control:
     Acked TPDU nr: 4
     Acked subsequence: 0
     Acked credit: 15
    ATN checksum: 34 a3 c2 cb

[2025-07-06 00:12:17 CEST] [136.825] [-12.9/-31.4 dBFS] [18.4 dB] [3.6 ppm]
4CA80F (Aircraft, Airborne) -> 119C2A (Ground station): Command
AVLC type: I sseq: 5 rseq: 6 poll: 0
 X.25 Data: grp: 11 chan: 254 sseq: 3 rseq: 4 more: 0
  X.25 reasm status: skipped
  X.233 CLNP Data (compressed header):
   LRef: 0x42 Prio: 11 Flags: 0xc0
   Lifetime: 50.0 sec
   PDU Id: 0x53d
   X.224 COTP Data Ack:
    dst_ref: 0x9469
    rseq: 3 credit: 2
    Checksum: 29 a5

[2025-07-06 00:12:17 CEST] [136.825] [-12.8/-31.7 dBFS] [18.9 dB] [3.9 ppm]
4CA80F (Aircraft, Airborne) -> 119C2A (Ground station): Command
AVLC type: I sseq: 6 rseq: 6 poll: 0
 X.25 Data: grp: 11 chan: 254 sseq: 4 rseq: 4 more: 0
  X.25 reasm status: skipped
  X.233 CLNP Data (compressed header):
   LRef: 0x42 Prio: 11 Flags: 0xc0
   Lifetime: 50.0 sec
   PDU Id: 0x53e
   X.224 COTP Data:
    dst_ref: 0x9469
    sseq: 2 req_of_ack: 0 EoT: 1
    COTP reasm status: skipped
    Checksum: 7a 0d
    CPDLC Downlink Message:
     Header:
      Msg ID: 2
      Msg Ref: 4
      Timestamp: 2025-07-05 22:12:16
      Logical ACK: notRequired
     Message data:
      LOGICAL ACKNOWLEDGMENT

[2025-07-06 00:12:22 CEST] [136.825] [-12.0/-31.5 dBFS] [19.5 dB] [3.6 ppm]
4CA80F (Aircraft, Airborne) -> 119C2A (Ground station): Command
AVLC type: I sseq: 7 rseq: 1 poll: 0
 X.25 Data: grp: 11 chan: 254 sseq: 5 rseq: 7 more: 0
  X.25 reasm status: skipped
  X.233 CLNP Data (compressed header):
   LRef: 0x43 Prio: 11 Flags: 0xc0
   Lifetime: 50.0 sec
   PDU Id: 0x53f
   X.224 COTP Connect Confirm:
    src_ref: 0x0016 dst_ref: 0x9c15
    Initial Credit: 1
    Protocol class: 4
    Options: 00 (use normal PDU formats)
    Calling transport selector: 65 6d
    Called/responding transport selector: 02 02
    TPDU size (bytes): 1024
    Checksum: 8c 98
    Additional options: 0x00
    Ack time (ms): 1000
    Priority: 3
    Inactivity timer (ms): 360000
    X.225 Session SPDU: Short Accept
     X.227 ACSE Associate Response:
      Application context name: { 1.3.27.3.1 }
      Associate result: accept
      ATCDownlinkMessage: <empty PDU>

[2025-07-06 00:12:23 CEST] [136.725] [-11.3/-32.5 dBFS] [21.1 dB] [-0.3 ppm]
344417 (Aircraft, Airborne) -> 11905A (Ground station): Command
AVLC type: I sseq: 5 rseq: 5 poll: 0
 X.25 Data: grp: 11 chan: 255 sseq: 2 rseq: 4 more: 0
  X.25 reasm status: skipped
  X.233 CLNP Data (compressed header):
   LRef: 0x41 Prio: 11 Flags: 0xf6
   Lifetime: 20.0 sec
   PDU Id: 0x2a
   X.224 COTP Data Ack:
    dst_ref: 0x946f
    rseq: 2 credit: 2
    Flow control:
     Acked TPDU nr: 2
     Acked subsequence: 0
     Acked credit: 15
    ATN checksum: 4f 39 0c 6a

[2025-07-06 00:12:24 CEST] [136.675] [-13.0/-32.2 dBFS] [19.2 dB] [-0.8 ppm]
408067 (Aircraft, Airborne) -> 11907A (Ground station): Command
AVLC type: I sseq: 0 rseq: 6 poll: 0
 X.25 Data: grp: 11 chan: 255 sseq: 0 rseq: 3 more: 0
  X.25 reasm status: skipped
  X.233 CLNP Data (compressed header):
   LRef: 0x0 Prio: 11 Flags: 0xf6
   Lifetime: 20.0 sec
   PDU Id: 0x401
   X.224 COTP Data Ack:
    dst_ref: 0x9461
    rseq: 4 credit: 3
    Flow control:
     Acked TPDU nr: 4
     Acked subsequence: 0
     Acked credit: 15
    ATN checksum: fc ad 73 47

[2025-07-06 00:12:26 CEST] [136.725] [-10.9/-32.0 dBFS] [21.2 dB] [-0.2 ppm]
344417 (Aircraft, Airborne) -> 11905A (Ground station): Command
AVLC type: I sseq: 5 rseq: 5 poll: 0
 X.25 Data: grp: 11 chan: 255 sseq: 2 rseq: 4 more: 0
  X.25 reasm status: skipped
  X.233 CLNP Data (compressed header):
   LRef: 0x41 Prio: 11 Flags: 0xf6
   Lifetime: 20.0 sec
   PDU Id: 0x2a
   X.224 COTP Data Ack:
    dst_ref: 0x946f
    rseq: 2 credit: 2
    Flow control:
     Acked TPDU nr: 2
     Acked subsequence: 0
     Acked credit: 15
    ATN checksum: 4f 39 0c 6a

[2025-07-06 00:12:54 CEST] [136.975] [-15.4/-31.7 dBFS] [16.3 dB] [2.3 ppm]
4D2256 (Aircraft, Airborne) -> 10907A (Ground station): Command
AVLC type: I sseq: 5 rseq: 1 poll: 0
 X.25 Data: grp: 11 chan: 255 sseq: 3 rseq: 7 more: 0
  X.25 reasm status: skipped
  X.233 CLNP Data (compressed header):
   LRef: 0x41 Prio: 11 Flags: 0xc0
   Lifetime: 50.0 sec
   PDU Id: 0x182e
   X.224 COTP Data Ack:
    dst_ref: 0x944d
    rseq: 4 credit: 3
    Checksum: a5 91
    Flow control:
     Acked TPDU nr: 4
     Acked subsequence: 0
     Acked credit: 15

[2025-07-06 00:13:05 CEST] [136.775] [-10.1/-31.7 dBFS] [21.6 dB] [3.2 ppm]
4074B6 (Aircraft, Airborne) -> 11FA7B (Ground station): Command
AVLC type: I sseq: 0 rseq: 5 poll: 0
 X.25 Data: grp: 11 chan: 255 sseq: 6 rseq: 3 more: 0
  X.25 reasm status: skipped
  X.233 CLNP Data (compressed header):
   LRef: 0x0 Prio: 11 Flags: 0xf6
   Lifetime: 20.0 sec
   PDU Id: 0x3c4
   X.224 COTP Data Ack:
    dst_ref: 0x9447
    rseq: 4 credit: 3
    Flow control:
     Acked TPDU nr: 4
     Acked subsequence: 0
     Acked credit: 15
    ATN checksum: f5 77 22 8e

[2025-07-06 00:13:42 CEST] [136.725] [-3.5/-31.8 dBFS] [28.3 dB] [6.7 ppm]
4401E8 (Aircraft, Airborne) -> 11985A (Ground station): Command
AVLC type: I sseq: 6 rseq: 0 poll: 0
 X.25 Data: grp: 11 chan: 255 sseq: 3 rseq: 5 more: 0
  X.25 reasm status: skipped
  X.233 CLNP Data (compressed header):
   LRef: 0x41 Prio: 11 Flags: 0xf6
   Lifetime: 20.0 sec
   PDU Id: 0x2e0
   X.224 COTP Data Ack:
    dst_ref: 0x9450
    rseq: 4 credit: 3
    Flow control:
     Acked TPDU nr: 4
     Acked subsequence: 0
     Acked credit: 15
    ATN checksum: 34 a3 c2 cb

[2025-07-06 00:13:47 CEST] [136.775] [-10.4/-31.6 dBFS] [21.2 dB] [0.5 ppm]
4D22AF (Aircraft, Airborne) -> 233925 (Ground station): Command
AVLC type: I sseq: 2 rseq: 2 poll: 0
 X.25 Data: grp: 11 chan: 255 sseq: 7 rseq: 6 more: 0
  X.25 reasm status: skipped
  X.233 CLNP Data (compressed header):
   LRef: 0x45 Prio: 11 Flags: 0xf6
   Lifetime: 20.0 sec
   PDU Id: 0x1c7
   X.224 COTP Data Ack:
    dst_ref: 0x9459
    rseq: 0 credit: 1
    Flow control:
     Acked TPDU nr: 0
     Acked subsequence: 0
     Acked credit: 15
    ATN checksum: 01 f7 a3 ec

[2025-07-06 00:13:50 CEST] [136.825] [-10.0/-31.4 dBFS] [21.4 dB] [3.5 ppm]
4CA80F (Aircraft, Airborne) -> 119C2A (Ground station): Command
AVLC type: I sseq: 0 rseq: 4 poll: 0
 X.25 Data: grp: 11 chan: 254 sseq: 6 rseq: 2 more: 0
  X.25 reasm status: skipped
  X.233 CLNP Data (compressed header):
   LRef: 0x42 Prio: 11 Flags: 0xc0
   Lifetime: 50.0 sec
   PDU Id: 0x540
   X.224 COTP Data Ack:
    dst_ref: 0x9469
    rseq: 3 credit: 2
    Checksum: 1e 00
    Flow control:
     Acked TPDU nr: 3
     Acked subsequence: 0
     Acked credit: 15

[2025-07-06 00:13:55 CEST] [136.725] [-11.6/-31.9 dBFS] [20.2 dB] [-0.5 ppm]
344417 (Aircraft, Airborne) -> 11905A (Ground station): Command
AVLC type: I sseq: 6 rseq: 6 poll: 0
 X.25 Data: grp: 11 chan: 255 sseq: 3 rseq: 5 more: 0
  X.25 reasm status: skipped
  X.233 CLNP Data (compressed header):
   LRef: 0x41 Prio: 11 Flags: 0xf6
   Lifetime: 20.0 sec
   PDU Id: 0x2b
   X.224 COTP Data Ack:
    dst_ref: 0x946f
    rseq: 2 credit: 2
    Flow control:
     Acked TPDU nr: 2
     Acked subsequence: 0
     Acked credit: 15
    ATN checksum: 4f 39 0c 6a

[2025-07-06 00:13:59 CEST] [136.675] [-12.3/-31.9 dBFS] [19.5 dB] [-1.1 ppm]
408067 (Aircraft, Airborne) -> 11907A (Ground station): Command
AVLC type: I sseq: 1 rseq: 7 poll: 0
 X.25 Data: grp: 11 chan: 255 sseq: 1 rseq: 4 more: 0
  X.25 reasm status: skipped
  X.233 CLNP Data (compressed header):
   LRef: 0x0 Prio: 11 Flags: 0xf6
   Lifetime: 20.0 sec
   PDU Id: 0x402
   X.224 COTP Data Ack:
    dst_ref: 0x9461
    rseq: 4 credit: 3
    Flow control:
     Acked TPDU nr: 4
     Acked subsequence: 0
     Acked credit: 15
    ATN checksum: fc ad 73 47

[2025-07-06 00:14:34 CEST] [136.725] [-9.6/-32.2 dBFS] [22.5 dB] [2.5 ppm]
48C122 (Aircraft, Airborne) -> 11985A (Ground station): Command
AVLC type: I sseq: 4 rseq: 4 poll: 0
 X.25 Data: grp: 11 chan: 255 sseq: 0 rseq: 1 more: 0
  X.25 reasm status: skipped
  X.233 CLNP Data (compressed header):
   LRef: 0x41 Prio: 11 Flags: 0xc0
   Lifetime: 50.0 sec
   PDU Id: 0x54b
   X.224 COTP Data Ack:
    dst_ref: 0x946e
    rseq: 4 credit: 3
    Checksum: 00 16
    Flow control:
     Acked TPDU nr: 4
     Acked subsequence: 0
     Acked credit: 15

[2025-07-06 00:15:07 CEST] [136.725] [-13.3/-31.8 dBFS] [18.5 dB] [0.3 ppm]
4952C1 (Aircraft, Airborne) -> 11984A (Ground station): Command
AVLC type: I sseq: 7 rseq: 4 poll: 0
 X.25 Data: grp: 11 chan: 255 sseq: 5 rseq: 2 more: 0
  X.25 reasm status: skipped
  X.233 CLNP Data (compressed header):
   LRef: 0x45 Prio: 11 Flags: 0xf6
   Lifetime: 20.0 sec
   PDU Id: 0xac
   X.224 COTP Data Ack:
    dst_ref: 0x9c17
    rseq: 0 credit: 1
    Flow control:
     Acked TPDU nr: 0
     Acked subsequence: 0
     Acked credit: 10
    ATN checksum: 6f 47 78 98

[2025-07-06 00:15:15 CEST] [136.725] [0.6/-32.0 dBFS] [32.6 dB] [6.2 ppm]
4401E8 (Aircraft, Airborne) -> 11985A (Ground station): Command
AVLC type: I sseq: 0 rseq: 2 poll: 0
 X.25 Data: grp: 11 chan: 255 sseq: 5 rseq: 7 more: 0
  X.25 reasm status: skipped
  X.233 CLNP Data (compressed header):
   LRef: 0x41 Prio: 11 Flags: 0xf6
   Lifetime: 20.0 sec
   PDU Id: 0x2e2
   X.224 COTP Data Ack:
    dst_ref: 0x9450
    rseq: 4 credit: 3
    Flow control:
     Acked TPDU nr: 4
     Acked subsequence: 0
     Acked credit: 15
    ATN checksum: 34 a3 c2 cb

[2025-07-06 00:15:15 CEST] [136.775] [-12.1/-31.7 dBFS] [19.6 dB] [0.5 ppm]
4D22AF (Aircraft, Airborne) -> 233925 (Ground station): Command
AVLC type: I sseq: 3 rseq: 3 poll: 0
 X.25 Data: grp: 11 chan: 255 sseq: 0 rseq: 6 more: 0
  X.25 reasm status: skipped
  X.233 CLNP Data (compressed header):
   LRef: 0x49 Prio: 11 Flags: 0xf6
   Lifetime: 20.0 sec
   PDU Id: 0x1c8
   X.224 COTP Data Ack:
    dst_ref: 0x36e7
    rseq: 7 credit: 3
    ATN checksum: b8 b4 14 63

[2025-07-06 00:15:26 CEST] [136.725] [-8.2/-32.1 dBFS] [24.0 dB] [-0.3 ppm]
344417 (Aircraft, Airborne) -> 11905A (Ground station): Command
AVLC type: I sseq: 0 rseq: 0 poll: 0
 X.25 Data: grp: 11 chan: 255 sseq: 5 rseq: 7 more: 0
  X.25 reasm status: skipped
  X.233 CLNP Data (compressed header):
   LRef: 0x41 Prio: 11 Flags: 0xf6
   Lifetime: 20.0 sec
   PDU Id: 0x2d
   X.224 COTP Data Ack:
    dst_ref: 0x946f
    rseq: 2 credit: 2
    Flow control:
     Acked TPDU nr: 2
     Acked subsequence: 0
     Acked credit: 15
    ATN checksum: 4f 39 0c 6a

[2025-07-06 00:15:56 CEST] [136.775] [-12.8/-31.9 dBFS] [19.2 dB] [0.2 ppm]
4D22AF (Aircraft, Airborne) -> 233925 (Ground station): Command
AVLC type: I sseq: 6 rseq: 6 poll: 0
 X.25 Data: grp: 11 chan: 255 sseq: 2 rseq: 1 more: 0
  X.25 reasm status: skipped
  X.233 CLNP Data (compressed header):
   LRef: 0x4a Prio: 11 Flags: 0xf6
   Lifetime: 20.0 sec
   PDU Id: 0x1ca
   X.224 COTP Connect Confirm:
    src_ref: 0x0045 dst_ref: 0x813c
    Initial Credit: 1
    Protocol class: 4
    Options: 00 (use normal PDU formats)
    TPDU size (bytes): 1024
    Called/responding transport selector: 16
    Calling transport selector: 70 6d
    Priority: 3
    Ack time (ms): 1000
    Inactivity timer (ms): 360000
    Additional options: 0x00
    ATN checksum: 35 a6 75 ab
    X.225 Session SPDU: Short Refuse
     Refusal: persistent
     Transport connection: release
     X.227 ACSE Associate Response:
      Application context name: { 1.3.27.3.1 }
      Associate result: reject (permanent)
      CPDLC Downlink Message:
       Header:
        Msg ID: 0
        Timestamp: 2025-07-05 22:15:54
        Logical ACK: notRequired
       Message data:
        NOT AUTHORIZED NEXT DATA AUTHORITY

[2025-07-06 00:16:01 CEST] [136.725] [-5.3/-31.9 dBFS] [26.6 dB] [-0.4 ppm]
344417 (Aircraft, Airborne) -> 11905A (Ground station): Command
AVLC type: I sseq: 1 rseq: 1 poll: 0
 X.25 Data: grp: 11 chan: 255 sseq: 6 rseq: 0 more: 0
  X.25 reasm status: skipped
  X.233 CLNP Data (compressed header):
   LRef: 0x41 Prio: 11 Flags: 0xf6
   Lifetime: 20.0 sec
   PDU Id: 0x2e
   X.224 COTP Data Ack:
    dst_ref: 0x946f
    rseq: 3 credit: 2
    ATN checksum: 9f 29 f4 ef
   X.224 COTP Data:
    dst_ref: 0x946f
    sseq: 2 req_of_ack: 0 EoT: 1
    COTP reasm status: skipped
    ATN checksum: 1e c0 a5 5e
    CPDLC Downlink Message:
     Header:
      Msg ID: 2
      Msg Ref: 3
      Timestamp: 2025-07-05 22:16:00
      Logical ACK: notRequired
     Message data:
      LOGICAL ACKNOWLEDGMENT

[2025-07-06 00:16:05 CEST] [136.725] [-4.5/-32.1 dBFS] [27.6 dB] [2.5 ppm]
48C122 (Aircraft, Airborne) -> 11985A (Ground station): Command
AVLC type: I sseq: 5 rseq: 5 poll: 0
 X.25 Data: grp: 11 chan: 255 sseq: 1 rseq: 2 more: 0
  X.25 reasm status: skipped
  X.233 CLNP Data (compressed header):
   LRef: 0x41 Prio: 11 Flags: 0xc0
   Lifetime: 50.0 sec
   PDU Id: 0x54c
   X.224 COTP Data Ack:
    dst_ref: 0x946e
    rseq: 4 credit: 3
    Checksum: 00 16
    Flow control:
     Acked TPDU nr: 4
     Acked subsequence: 0
     Acked credit: 15

[2025-07-06 00:16:06 CEST] [136.725] [-7.1/-31.6 dBFS] [24.5 dB] [-0.3 ppm]
344417 (Aircraft, Airborne) -> 11905A (Ground station): Command
AVLC type: I sseq: 2 rseq: 2 poll: 0
 X.25 Data: grp: 11 chan: 255 sseq: 7 rseq: 1 more: 0
  X.25 reasm status: skipped
  X.233 CLNP Data (compressed header):
   LRef: 0x41 Prio: 11 Flags: 0xf6
   Lifetime: 20.0 sec
   PDU Id: 0x2f
   X.224 COTP Data:
    dst_ref: 0x946f
    sseq: 3 req_of_ack: 0 EoT: 1
    COTP reasm status: skipped
    ATN checksum: 1b c0 78 8d
    CPDLC Downlink Message:
     Header:
      Msg ID: 3
      Msg Ref: 3
      Timestamp: 2025-07-05 22:16:05
      Logical ACK: required
     Message data:
      WILCO

[2025-07-06 00:16:08 CEST] [136.725] [-7.4/-31.5 dBFS] [24.1 dB] [-0.5 ppm]
344417 (Aircraft, Airborne) -> 11905A (Ground station): Command
AVLC type: I sseq: 3 rseq: 4 poll: 0
 X.25 Data: grp: 11 chan: 255 sseq: 0 rseq: 3 more: 0
  X.25 reasm status: skipped
  X.233 CLNP Data (compressed header):
   LRef: 0x41 Prio: 11 Flags: 0xf6
   Lifetime: 20.0 sec
   PDU Id: 0x30
   X.224 COTP Data Ack:
    dst_ref: 0x946f
    rseq: 4 credit: 3
    ATN checksum: 13 c8 ef df

[2025-07-06 00:16:09 CEST] [136.775] [-12.3/-31.3 dBFS] [19.0 dB] [2.7 ppm]
4074B6 (Aircraft, Airborne) -> 11FA7B (Ground station): Command
AVLC type: I sseq: 3 rseq: 0 poll: 0
 X.25 Data: grp: 11 chan: 255 sseq: 1 rseq: 6 more: 0
  X.25 reasm status: skipped
  X.233 CLNP Data (compressed header):
   LRef: 0x0 Prio: 11 Flags: 0xf6
   Lifetime: 20.0 sec
   PDU Id: 0x3c7
   X.224 COTP Data Ack:
    dst_ref: 0x9447
    rseq: 4 credit: 3
    Flow control:
     Acked TPDU nr: 4
     Acked subsequence: 0
     Acked credit: 15
    ATN checksum: f5 77 22 8e

[2025-07-06 00:16:09 CEST] [136.725] [-11.8/-31.9 dBFS] [20.1 dB] [0.1 ppm]
4952C1 (Aircraft, Airborne) -> 11984A (Ground station): Command
AVLC type: I sseq: 1 rseq: 6 poll: 0
 X.25 Data: grp: 11 chan: 255 sseq: 7 rseq: 4 more: 0
  X.25 reasm status: skipped
  X.233 CLNP Data (compressed header):
   LRef: 0x45 Prio: 11 Flags: 0xf6
   Lifetime: 20.0 sec
   PDU Id: 0xae
   X.224 COTP Data Ack:
    dst_ref: 0x9c17
    rseq: 0 credit: 1
    Flow control:
     Acked TPDU nr: 0
     Acked subsequence: 0
     Acked credit: 10
    ATN checksum: 6f 47 78 98

[2025-07-06 00:16:28 CEST] [136.675] [-8.3/-32.2 dBFS] [24.0 dB] [3.4 ppm]
4CA8D9 (Aircraft, Airborne) -> 11907A (Ground station): Command
AVLC type: I sseq: 4 rseq: 4 poll: 0
 ACARS:
  Reassembly: skipped
  Reg: .EI-ENN Flight: FR06LE
  Mode: 2 Label: 16 Blk id: 9 More: 0 Ack: ! Msg num: M42A
  Message:
   221625,,2219,  83,N   .    MMMM.MMM

[2025-07-06 00:16:49 CEST] [136.725] [-0.2/-31.8 dBFS] [31.6 dB] [5.7 ppm]
4401E8 (Aircraft, Airborne) -> 11985A (Ground station): Command
AVLC type: I sseq: 1 rseq: 3 poll: 0
 X.25 Data: grp: 11 chan: 255 sseq: 6 rseq: 0 more: 0
  X.25 reasm status: skipped
  X.233 CLNP Data (compressed header):
   LRef: 0x41 Prio: 11 Flags: 0xf6
   Lifetime: 20.0 sec
   PDU Id: 0x2e3
   X.224 COTP Data Ack:
    dst_ref: 0x9450
    rseq: 4 credit: 3
    Flow control:
     Acked TPDU nr: 4
     Acked subsequence: 0
     Acked credit: 15
    ATN checksum: 34 a3 c2 cb

[2025-07-06 00:16:51 CEST] [136.775] [-10.3/-32.1 dBFS] [21.8 dB] [0.3 ppm]
4D22AF (Aircraft, Airborne) -> 233925 (Ground station): Command
AVLC type: I sseq: 2 rseq: 2 poll: 0
 X.25 Data: grp: 11 chan: 255 sseq: 4 rseq: 5 more: 0
  X.25 reasm status: skipped
  X.233 CLNP Data (compressed header):
   LRef: 0x45 Prio: 11 Flags: 0xf6
   Lifetime: 20.0 sec
   PDU Id: 0x1cc
   X.224 COTP Data Ack:
    dst_ref: 0x9459
    rseq: 0 credit: 1
    Flow control:
     Acked TPDU nr: 0
     Acked subsequence: 0
     Acked credit: 15
    ATN checksum: 01 f7 a3 ec

[2025-07-06 00:17:15 CEST] [136.775] [-8.2/-31.7 dBFS] [23.5 dB] [0.4 ppm]
4D22AF (Aircraft, Airborne) -> 233925 (Ground station): Command
AVLC type: I sseq: 3 rseq: 2 poll: 0
 X.25 Data: grp: 11 chan: 255 sseq: 5 rseq: 5 more: 0
  X.25 reasm status: skipped
  X.233 CLNP Data (compressed header):
   LRef: 0x49 Prio: 11 Flags: 0xf6
   Lifetime: 20.0 sec
   PDU Id: 0x1cd
   X.224 COTP Data Ack:
    dst_ref: 0x36e7
    rseq: 7 credit: 3
    ATN checksum: b8 b4 14 63

[2025-07-06 00:17:25 CEST] [136.725] [-12.8/-32.1 dBFS] [19.4 dB] [-0.1 ppm]
4952C1 (Aircraft, Airborne) -> 11984A (Ground station): Command
AVLC type: I sseq: 0 rseq: 7 poll: 0
 X.25 Data: grp: 11 chan: 255 sseq: 6 rseq: 5 more: 0
  X.25 reasm status: skipped
  X.233 CLNP Data (compressed header):
   LRef: 0x45 Prio: 11 Flags: 0xf6
   Lifetime: 20.0 sec
   PDU Id: 0xb5
   X.224 COTP Data Ack:
    dst_ref: 0x9c17
    rseq: 3 credit: 2
    ATN checksum: 1a 03 64 ea

[2025-07-06 00:17:25 CEST] [136.725] [-12.8/-32.1 dBFS] [19.4 dB] [-0.1 ppm]
4952C1 (Aircraft, Airborne) -> 11984A (Ground station): Command
AVLC type: I sseq: 1 rseq: 7 poll: 0
 X.25 Data: grp: 11 chan: 255 sseq: 7 rseq: 5 more: 0
  X.25 reasm status: skipped
  X.233 CLNP Data (compressed header):
   LRef: 0x45 Prio: 11 Flags: 0xf6
   Lifetime: 20.0 sec
   PDU Id: 0xb6
   X.224 COTP Data:
    dst_ref: 0x9c17
    sseq: 1 req_of_ack: 0 EoT: 1
    COTP reasm status: skipped
    ATN checksum: 7a 58 f4 23
    CPDLC Downlink Message:
     Header:
      Msg ID: 1
      Msg Ref: 3
      Timestamp: 2025-07-05 22:17:24
      Logical ACK: notRequired
     Message data:
      LOGICAL ACKNOWLEDGMENT

[2025-07-06 00:17:25 CEST] [136.725] [-12.2/-32.1 dBFS] [19.9 dB] [0.1 ppm]
4952C1 (Aircraft, Airborne) -> 11984A (Ground station): Command
AVLC type: I sseq: 2 rseq: 7 poll: 0
 X.25 Data: grp: 11 chan: 255 sseq: 0 rseq: 5 more: 0
  X.25 reasm status: skipped
  X.233 CLNP Data (compressed header):
   LRef: 0x45 Prio: 11 Flags: 0xf6
   Lifetime: 20.0 sec
   PDU Id: 0xb7
   X.224 COTP Data:
    dst_ref: 0x9c17
    sseq: 2 req_of_ack: 0 EoT: 1
    COTP reasm status: skipped
    ATN checksum: 64 8f 22 13
    CPDLC Downlink Message:
     Header:
      Msg ID: 2
      Msg Ref: 2
      Timestamp: 2025-07-05 22:17:24
      Logical ACK: notRequired
     Message data:
      LOGICAL ACKNOWLEDGMENT

[2025-07-06 00:17:25 CEST] [136.775] [-8.8/-31.5 dBFS] [22.6 dB] [0.1 ppm]
4D22AF (Aircraft, Airborne) -> 233925 (Ground station): Command
AVLC type: I sseq: 5 rseq: 5 poll: 0
 X.25 Data: grp: 11 chan: 255 sseq: 6 rseq: 7 more: 0
  X.25 reasm status: skipped
  X.233 CLNP Data (compressed header):
   LRef: 0x4a Prio: 11 Flags: 0xf6
   Lifetime: 20.0 sec
   PDU Id: 0x1ce
   X.224 COTP Connect Confirm:
    src_ref: 0x0046 dst_ref: 0x813e
    Initial Credit: 1
    Protocol class: 4
    Options: 00 (use normal PDU formats)
    TPDU size (bytes): 1024
    Called/responding transport selector: 16
    Calling transport selector: 70 6d
    Priority: 3
    Ack time (ms): 1000
    Inactivity timer (ms): 360000
    Additional options: 0x00
    ATN checksum: 90 29 fd 1b
    X.225 Session SPDU: Short Refuse
     Refusal: persistent
     Transport connection: release
     X.227 ACSE Associate Response:
      Application context name: { 1.3.27.3.1 }
      Associate result: reject (permanent)
      CPDLC Downlink Message:
       Header:
        Msg ID: 0
        Timestamp: 2025-07-05 22:17:24
        Logical ACK: notRequired
       Message data:
        NOT AUTHORIZED NEXT DATA AUTHORITY

[2025-07-06 00:17:26 CEST] [136.775] [-8.8/-32.0 dBFS] [23.3 dB] [0.4 ppm]
4D22AF (Aircraft, Airborne) -> 233925 (Ground station): Command
AVLC type: I sseq: 7 rseq: 7 poll: 0
 X.25 Data: grp: 11 chan: 255 sseq: 7 rseq: 1 more: 0
  X.25 reasm status: skipped
  X.233 CLNP Data (compressed header):
   LRef: 0x4a Prio: 11 Flags: 0xf6
   Lifetime: 20.0 sec
   PDU Id: 0x1cf
   X.224 COTP Disconnect Confirm:
    src_ref: 0x0046 dst_ref: 0x813e
    ATN checksum: 4f 58 70 b0

[2025-07-06 00:17:28 CEST] [136.725] [-13.4/-32.2 dBFS] [18.9 dB] [0.2 ppm]
4952C1 (Aircraft, Airborne) -> 1190AA (Ground station): Command
AVLC type: U (XID) P/F: 1
 XID: Handoff Initiation
  Public params:
   Parameter set ID: 8885:1993
   Procedure classes: 00 01
   HDLC options: 20 a4 80
  VDL params:
   Parameter set ID: V
   Connection management: 01
   XID sequencing: seq: 7 retry: 0
   AVLC specific options: 25
   Destination airport: LIRF
   Aircraft location: 44.9N 5.9E 38000 ft

[2025-07-06 00:17:36 CEST] [136.725] [-13.5/-31.8 dBFS] [18.4 dB] [0.1 ppm]
4952C1 (Aircraft, Airborne) -> 11984A (Ground station): Command
AVLC type: I sseq: 5 rseq: 5 poll: 0
 X.25 Data: grp: 11 chan: 255 sseq: 2 rseq: 3 more: 0
  X.25 reasm status: skipped
  X.233 CLNP Data (compressed header):
   LRef: 0x45 Prio: 11 Flags: 0xf6
   Lifetime: 20.0 sec
   PDU Id: 0xb9
   X.224 COTP Data Ack:
    dst_ref: 0x9c17
    rseq: 4 credit: 3
    ATN checksum: 8d a2 5f da
   X.224 COTP Data:
    dst_ref: 0x9c17
    sseq: 3 req_of_ack: 0 EoT: 1
    COTP reasm status: skipped
    ATN checksum: db 66 18 95
    CPDLC Downlink Message:
     Header:
      Msg ID: 3
      Msg Ref: 4
      Timestamp: 2025-07-05 22:17:35
      Logical ACK: notRequired
     Message data:
      LOGICAL ACKNOWLEDGMENT

[2025-07-06 00:17:39 CEST] [136.725] [0.4/-31.8 dBFS] [32.2 dB] [-0.9 ppm]
344417 (Aircraft, Airborne) -> 11905A (Ground station): Command
AVLC type: I sseq: 4 rseq: 5 poll: 0
 X.25 Data: grp: 11 chan: 255 sseq: 1 rseq: 4 more: 0
  X.25 reasm status: skipped
  X.233 CLNP Data (compressed header):
   LRef: 0x41 Prio: 11 Flags: 0xf6
   Lifetime: 20.0 sec
   PDU Id: 0x31
   X.224 COTP Data Ack:
    dst_ref: 0x946f
    rseq: 4 credit: 3
    Flow control:
     Acked TPDU nr: 4
     Acked subsequence: 0
     Acked credit: 15
    ATN checksum: f9 28 00 d7

[2025-07-06 00:17:42 CEST] [136.775] [-11.1/-32.0 dBFS] [20.9 dB] [2.8 ppm]
4074B6 (Aircraft, Airborne) -> 11FA7B (Ground station): Command
AVLC type: I sseq: 4 rseq: 1 poll: 0
 X.25 Data: grp: 11 chan: 255 sseq: 2 rseq: 7 more: 0
  X.25 reasm status: skipped
  X.233 CLNP Data (compressed header):
   LRef: 0x0 Prio: 11 Flags: 0xf6
   Lifetime: 20.0 sec
   PDU Id: 0x3c8
   X.224 COTP Data Ack:
    dst_ref: 0x9447
    rseq: 4 credit: 3
    Flow control:
     Acked TPDU nr: 4
     Acked subsequence: 0
     Acked credit: 15
    ATN checksum: f5 77 22 8e

[2025-07-06 00:18:18 CEST] [136.725] [-4.9/-32.5 dBFS] [27.6 dB] [5.7 ppm]
4401E8 (Aircraft, Airborne) -> 11985A (Ground station): Command
AVLC type: I sseq: 2 rseq: 4 poll: 0
 X.25 Data: grp: 11 chan: 255 sseq: 7 rseq: 1 more: 0
  X.25 reasm status: skipped
  X.233 CLNP Data (compressed header):
   LRef: 0x41 Prio: 11 Flags: 0xf6
   Lifetime: 20.0 sec
   PDU Id: 0x2e4
   X.224 COTP Data Ack:
    dst_ref: 0x9450
    rseq: 4 credit: 3
    Flow control:
     Acked TPDU nr: 4
     Acked subsequence: 0
     Acked credit: 15
    ATN checksum: 34 a3 c2 cb

[2025-07-06 00:18:23 CEST] [136.775] [-9.5/-32.1 dBFS] [22.6 dB] [0.2 ppm]
4D22AF (Aircraft, Airborne) -> 233925 (Ground station): Command
AVLC type: I sseq: 1 rseq: 1 poll: 0
 X.25 Data: grp: 11 chan: 255 sseq: 1 rseq: 2 more: 0
  X.25 reasm status: skipped
  X.233 CLNP Data (compressed header):
   LRef: 0x45 Prio: 11 Flags: 0xf6
   Lifetime: 20.0 sec
   PDU Id: 0x1d1
   X.224 COTP Data Ack:
    dst_ref: 0x9459
    rseq: 0 credit: 1
    Flow control:
     Acked TPDU nr: 0
     Acked subsequence: 0
     Acked credit: 15
    ATN checksum: 01 f7 a3 ec

[2025-07-06 00:19:10 CEST] [136.725] [-15.4/-31.6 dBFS] [16.2 dB] [2.2 ppm]
48C122 (Aircraft, Airborne) -> 11985A (Ground station): Command
AVLC type: I sseq: 2 rseq: 1 poll: 0
 X.25 Data: grp: 11 chan: 255 sseq: 5 rseq: 5 more: 0
  X.25 reasm status: skipped
  X.233 CLNP Data (compressed header):
   LRef: 0x41 Prio: 11 Flags: 0xc0
   Lifetime: 50.0 sec
   PDU Id: 0x550
   X.224 COTP Data:
    dst_ref: 0x946e
    sseq: 4 req_of_ack: 0 EoT: 1
    COTP reasm status: skipped
    Checksum: f2 7d
    CPDLC Downlink Message:
     Header:
      Msg ID: 4
      Msg Ref: 7
      Timestamp: 2025-07-05 22:19:09
      Logical ACK: notRequired
     Message data:
      LOGICAL ACKNOWLEDGMENT

[2025-07-06 00:19:11 CEST] [136.725] [1.0/-31.7 dBFS] [32.7 dB] [-1.4 ppm]
344417 (Aircraft, Airborne) -> 11905A (Ground station): Command
AVLC type: I sseq: 5 rseq: 6 poll: 0
 X.25 Data: grp: 11 chan: 255 sseq: 2 rseq: 5 more: 0
  X.25 reasm status: skipped
  X.233 CLNP Data (compressed header):
   LRef: 0x41 Prio: 11 Flags: 0xf6
   Lifetime: 20.0 sec
   PDU Id: 0x32
   X.224 COTP Data Ack:
    dst_ref: 0x946f
    rseq: 4 credit: 3
    Flow control:
     Acked TPDU nr: 4
     Acked subsequence: 0
     Acked credit: 15
    ATN checksum: f9 28 00 d7

[2025-07-06 00:19:15 CEST] [136.775] [-13.2/-31.6 dBFS] [18.5 dB] [0.0 ppm]
4D22AF (Aircraft, Airborne) -> 233925 (Ground station): Command
AVLC type: I sseq: 2 rseq: 1 poll: 0
 X.25 Data: grp: 11 chan: 255 sseq: 2 rseq: 2 more: 0
  X.25 reasm status: skipped
  X.233 CLNP Data (compressed header):
   LRef: 0x49 Prio: 11 Flags: 0xf6
   Lifetime: 20.0 sec
   PDU Id: 0x1d2
   X.224 COTP Data Ack:
    dst_ref: 0x36e7
    rseq: 7 credit: 3
    ATN checksum: b8 b4 14 63

[2025-07-06 00:19:16 CEST] [136.775] [-12.0/-31.5 dBFS] [19.5 dB] [2.8 ppm]
4074B6 (Aircraft, Airborne) -> 11FA7B (Ground station): Command
AVLC type: I sseq: 5 rseq: 2 poll: 0
 X.25 Data: grp: 11 chan: 255 sseq: 3 rseq: 0 more: 0
  X.25 reasm status: skipped
  X.233 CLNP Data (compressed header):
   LRef: 0x0 Prio: 11 Flags: 0xf6
   Lifetime: 20.0 sec
   PDU Id: 0x3c9
   X.224 COTP Data Ack:
    dst_ref: 0x9447
    rseq: 4 credit: 3
    Flow control:
     Acked TPDU nr: 4
     Acked subsequence: 0
     Acked credit: 15
    ATN checksum: f5 77 22 8e

[2025-07-06 00:19:36 CEST] [136.725] [-10.7/-32.1 dBFS] [21.4 dB] [-0.0 ppm]
4952C1 (Aircraft, Airborne) -> 1190AA (Ground station): Command
AVLC type: I sseq: 6 rseq: 7 poll: 0
 X.25 Data: grp: 11 chan: 255 sseq: 3 rseq: 4 more: 0
  X.25 reasm status: skipped
  X.233 CLNP Data (compressed header):
   LRef: 0x46 Prio: 11 Flags: 0xf6
   Lifetime: 20.0 sec
   PDU Id: 0xbd
   X.224 COTP Data Ack:
    dst_ref: 0x813f
    rseq: 0 credit: 1
    Flow control:
     Acked TPDU nr: 0
     Acked subsequence: 0
     Acked credit: 1
    ATN checksum: e5 51 75 cf

[2025-07-06 00:19:38 CEST] [136.725] [-10.0/-32.0 dBFS] [21.9 dB] [0.2 ppm]
4952C1 (Aircraft, Airborne) -> 1190AA (Ground station): Command
AVLC type: I sseq: 6 rseq: 7 poll: 0
 X.25 Data: grp: 11 chan: 255 sseq: 3 rseq: 4 more: 0
  X.25 reasm status: skipped
  X.233 CLNP Data (compressed header):
   LRef: 0x46 Prio: 11 Flags: 0xf6
   Lifetime: 20.0 sec
   PDU Id: 0xbd
   X.224 COTP Data Ack:
    dst_ref: 0x813f
    rseq: 0 credit: 1
    Flow control:
     Acked TPDU nr: 0
     Acked subsequence: 0
     Acked credit: 1
    ATN checksum: e5 51 75 cf

[2025-07-06 00:19:48 CEST] [136.725] [-12.8/-31.6 dBFS] [18.7 dB] [0.0 ppm]
4952C1 (Aircraft, Airborne) -> 1190AA (Ground station): Command
AVLC type: I sseq: 7 rseq: 0 poll: 0
 X.25 Data: grp: 11 chan: 255 sseq: 4 rseq: 5 more: 0
  X.25 reasm status: skipped
  X.233 CLNP Data (compressed header):
   LRef: 0x45 Prio: 11 Flags: 0xf6
   Lifetime: 20.0 sec
   PDU Id: 0xbe
   X.224 COTP Data Ack:
    dst_ref: 0x9c17
    rseq: 5 credit: 3
    Flow control:
     Acked TPDU nr: 5
     Acked subsequence: 0
     Acked credit: 10
    ATN checksum: bf bf c3 78

[2025-07-06 00:19:48 CEST] [136.725] [-0.7/-31.6 dBFS] [30.9 dB] [-1.2 ppm]
344417 (Aircraft, Airborne) -> 11985A (Ground station): Command
AVLC type: U (XID) P/F: 1
 XID: Handoff Initiation
  Public params:
   Parameter set ID: 8885:1993
   Procedure classes: 00 01
   HDLC options: 20 a4 80
  VDL params:
   Parameter set ID: V
   Connection management: 01
   XID sequencing: seq: 6 retry: 0
   AVLC specific options: 25
   Destination airport: LGAV
   Aircraft location: 43.1N 5.5E 38000 ft

[2025-07-06 00:19:56 CEST] [136.725] [0.4/-31.7 dBFS] [32.1 dB] [-1.3 ppm]
344417 (Aircraft, Airborne) -> 11985A (Ground station): Command
AVLC type: U (XID) P/F: 1
 XID: Handoff Initiation
  Public params:
   Parameter set ID: 8885:1993
   Procedure classes: 00 01
   HDLC options: 20 a4 80
  VDL params:
   Parameter set ID: V
   Connection management: 01
   XID sequencing: seq: 6 retry: 1
   AVLC specific options: 25
   Destination airport: LGAV
   Aircraft location: 43.1N 5.5E 38000 ft

