[2025-02-05 00:00:26 CET] [136.725] [-11.1/-31.4 dBFS] [20.3 dB] [3.0 ppm]
4CAD3A (Aircraft, Airborne) -> 11985A (Ground station): Command
AVLC type: I sseq: 0 rseq: 0 poll: 0
 ACARS:
  Reassembly: in progress
  Reg: .EI-HGN Flight: FR4734
  Mode: 2 Label: H1 Blk id: 6 More: 1 Ack: ! Msg num: D48A
  Sublabel: DF
  Message:
   B03A     
   APM     EI-HGN          RYR4734 GCFVLIMC040225202839,737789     ,BCG3AL2000002,.778,,444.8,246.2,,,-31.43,,,37991,,,152820,,,2284,2291,,, 85.69, 85.70,,, 1.2,442.2,,,0,0,,0,0,,0,0,0,0,0,0,,, 31.6

[2025-02-05 00:00:27 CET] [136.725] [-9.9/-31.4 dBFS] [21.5 dB] [3.2 ppm]
4CAD3A (Aircraft, Airborne) -> 11985A (Ground station): Command
AVLC type: I sseq: 1 rseq: 1 poll: 0
 ACARS:
  Reassembly: in progress
  Reg: .EI-HGN Flight: FR4734
  Mode: 2 Label: H1 Blk id: 7 More: 1 Ack: ! Msg num: D48B
  Sublabel: DF
  Message:
   288,,, -10.6639,,,  38.36,,,  4.6,,,  42.9,,,  0.018, 0.002,,,,6.714,,21291, 8520, 8540, 4227,,    0,,, 2548, 2587,,, 0.0,,,,,157560,,,,,,131360,,,26200, 8520, 8520, 9160,,    -,,,  60A409,  60A091,,,,,,  4

[2025-02-05 00:00:31 CET] [136.725] [-8.4/-31.3 dBFS] [22.9 dB] [3.1 ppm]
4CAD3A (Aircraft, Airborne) -> 11985A (Ground station): Command
AVLC type: I sseq: 1 rseq: 1 poll: 0
 ACARS:
  Reassembly: duplicate
  Reg: .EI-HGN Flight: FR4734
  Mode: 2 Label: H1 Blk id: 7 More: 1 Ack: ! Msg num: D48B
  Sublabel: DF
  Message:
   288,,, -10.6639,,,  38.36,,,  4.6,,,  42.9,,,  0.018, 0.002,,,,6.714,,21291, 8520, 8540, 4227,,    0,,, 2548, 2587,,, 0.0,,,,,157560,,,,,,131360,,,26200, 8520, 8520, 9160,,    -,,,  60A409,  60A091,,,,,,  4

[2025-02-05 00:00:33 CET] [136.725] [-7.9/-31.4 dBFS] [23.5 dB] [2.9 ppm]
4CAD3A (Aircraft, Airborne) -> 11985A (Ground station): Command
AVLC type: I sseq: 2 rseq: 2 poll: 0
 ACARS:
  Reassembly: complete
  Reg: .EI-HGN Flight: FR4734
  Mode: 2 Label: H1 Blk id: 8 More: 0 Ack: ! Msg num: D48C
  Sublabel: DF
  Message:
   B03A     
   APM     EI-HGN          RYR4734 GCFVLIMC040225202839,737789     ,BCG3AL2000002,.778,,444.8,246.2,,,-31.43,,,37991,,,152820,,,2284,2291,,, 85.69, 85.70,,, 1.2,442.2,,,0,0,,0,0,,0,0,0,0,0,0,,, 31.6288,,, -10.6639,,,  38.36,,,  4.6,,,  42.9,,,  0.018, 0.002,,,,6.714,,21291, 8520, 8540, 4227,,    0,,, 2548, 2587,,, 0.0,,,,,157560,,,,,,131360,,,26200, 8520, 8520, 9160,,    -,,,  60A409,  60A091,,,,,,  41.351,  45.884,,,101.8,101.9,,  17,  18,,,,741.1,743.3,,,,,,,-57.5,,,  0.1,,,  0.3,,,  3.1,,, -1.9, 0.7, 0.5,  2.3, -1.1,,, -0.7,,  3.1,  3.2,,, 0.8, 1.2,,,-0.00,,,-0.00,,, 1.00,,,  0.037,,,

[2025-02-05 00:00:53 CET] [136.725] [-6.6/-31.2 dBFS] [24.6 dB] [2.9 ppm]
4CAD3A (Aircraft, Airborne) -> 11985A (Ground station): Command
AVLC type: I sseq: 3 rseq: 3 poll: 0
 ACARS:
  Reassembly: in progress
  Reg: .EI-HGN Flight: FR4734
  Mode: 2 Label: H1 Blk id: 9 More: 1 Ack: ! Msg num: D49A
  Sublabel: DF
  Message:
   B03A     
   APM     EI-HGN          RYR4734 GCFVLIMC040225210424,737789     ,BCG3AL2000002,.780,,447.0,246.7,,,-30.49,,,37991,,,150010,,,2232,2238,,, 85.19, 85.18,,, 1.3,444.6,,,0,0,,0,0,,0,0,0,0,0,0,,, 34.8

[2025-02-05 00:00:55 CET] [136.725] [-6.7/-31.7 dBFS] [25.0 dB] [3.0 ppm]
4CAD3A (Aircraft, Airborne) -> 11985A (Ground station): Command
AVLC type: I sseq: 4 rseq: 4 poll: 0
 ACARS:
  Reassembly: in progress
  Reg: .EI-HGN Flight: FR4734
  Mode: 2 Label: H1 Blk id: 0 More: 1 Ack: ! Msg num: D49B
  Sublabel: DF
  Message:
   059,,,  -7.0010,,,  39.38,,,  5.9,,,  45.4,,, -0.018, 0.002,,,,6.759,,18522, 8519, 8520, 1477,,    0,,, 3904, 3948,,, 0.0,,,,,157560,,,,,,131360,,,26200, 8520, 8520, 9160,,    -,,,  60A409,  60A091,,,,,,  4

[2025-02-05 00:00:57 CET] [136.725] [-6.5/-31.6 dBFS] [25.1 dB] [3.0 ppm]
4CAD3A (Aircraft, Airborne) -> 11985A (Ground station): Command
AVLC type: I sseq: 5 rseq: 5 poll: 0
 ACARS:
  Reassembly: complete
  Reg: .EI-HGN Flight: FR4734
  Mode: 2 Label: H1 Blk id: 1 More: 0 Ack: ! Msg num: D49C
  Sublabel: DF
  Message:
   B03A     
   APM     EI-HGN          RYR4734 GCFVLIMC040225210424,737789     ,BCG3AL2000002,.780,,447.0,246.7,,,-30.49,,,37991,,,150010,,,2232,2238,,, 85.19, 85.18,,, 1.3,444.6,,,0,0,,0,0,,0,0,0,0,0,0,,, 34.8059,,,  -7.0010,,,  39.38,,,  5.9,,,  45.4,,, -0.018, 0.002,,,,6.759,,18522, 8519, 8520, 1477,,    0,,, 3904, 3948,,, 0.0,,,,,157560,,,,,,131360,,,26200, 8520, 8520, 9160,,    -,,,  60A409,  60A091,,,,,,  41.154,  47.164,,,101.6,101.5,,  17,  18,,,,736.1,737.6,,,,,,,-56.8,,, -0.2,,,  0.2,,,  3.0,,, -1.7, 0.7, 0.4,  1.6, -0.7,,, -0.5,,  3.2,  3.3,,, 0.8, 1.2,,,-0.00,,,-0.00,,, 1.01,,, -0.056,,,

[2025-02-05 00:01:16 CET] [136.725] [-6.8/-32.0 dBFS] [25.3 dB] [2.9 ppm]
4CAD3A (Aircraft, Airborne) -> 11985A (Ground station): Command
AVLC type: I sseq: 6 rseq: 6 poll: 0
 ACARS:
  Reassembly: in progress
  Reg: .EI-HGN Flight: FR4734
  Mode: 2 Label: H1 Blk id: 2 More: 1 Ack: ! Msg num: D50A
  Sublabel: DF
  Message:
   B03A     
   APM     EI-HGN          RYR4734 GCFVLIMC040225221155,737789     ,BCG3AL2000002,.779,,448.0,246.3,,,-29.62,,,37992,,,145112,,,2209,2214,,, 85.11, 85.16,,, 9.0,441.0,,,0,0,,0,0,,0,0,0,0,0,0,,, 40.3

[2025-02-05 00:01:18 CET] [136.725] [-7.1/-31.6 dBFS] [24.5 dB] [3.1 ppm]
4CAD3A (Aircraft, Airborne) -> 11985A (Ground station): Command
AVLC type: I sseq: 7 rseq: 7 poll: 0
 ACARS:
  Reassembly: in progress
  Reg: .EI-HGN Flight: FR4734
  Mode: 2 Label: H1 Blk id: 3 More: 1 Ack: ! Msg num: D50B
  Sublabel: DF
  Message:
   178,,,   0.6052,,,  46.38,,,  0.6,,,  47.0,,, -0.006, 0.014,,,,6.786,,13625, 6799, 6821,    0,,    0,,, 6418, 6469,,, 0.0,,,,,157560,,,,,,131360,,,26200, 8520, 8520, 9160,,    -,,,  60A409,  60A091,,,,,,  4

[2025-02-05 00:01:19 CET] [136.725] [-7.7/-31.4 dBFS] [23.7 dB] [3.2 ppm]
4CAD3A (Aircraft, Airborne) -> 11985A (Ground station): Command
AVLC type: I sseq: 0 rseq: 0 poll: 0
 ACARS:
  Reassembly: complete
  Reg: .EI-HGN Flight: FR4734
  Mode: 2 Label: H1 Blk id: 4 More: 0 Ack: ! Msg num: D50C
  Sublabel: DF
  Message:
   B03A     
   APM     EI-HGN          RYR4734 GCFVLIMC040225221155,737789     ,BCG3AL2000002,.779,,448.0,246.3,,,-29.62,,,37992,,,145112,,,2209,2214,,, 85.11, 85.16,,, 9.0,441.0,,,0,0,,0,0,,0,0,0,0,0,0,,, 40.3178,,,   0.6052,,,  46.38,,,  0.6,,,  47.0,,, -0.006, 0.014,,,,6.786,,13625, 6799, 6821,    0,,    0,,, 6418, 6469,,, 0.0,,,,,157560,,,,,,131360,,,26200, 8520, 8520, 9160,,    -,,,  60A409,  60A091,,,,,,  46.049,  46.705,,,101.6,101.6,,  17,  17,,,,738.0,740.0,,,,,,,-56.1,,, -0.4,,,  0.2,,,  2.9,,, -1.7, 0.7, 0.4,  1.1, -0.7,,, -0.4,,  3.0,  3.1,,, 0.9, 1.2,,, 0.00,,, 0.00,,, 1.02,,, -0.061,,,

[2025-02-05 00:01:24 CET] [136.725] [-9.6/-31.9 dBFS] [22.3 dB] [3.1 ppm]
4CAD3A (Aircraft, Airborne) -> 11985A (Ground station): Command
AVLC type: I sseq: 1 rseq: 1 poll: 0
 ACARS:
  Reassembly: in progress
  Reg: .EI-HGN Flight: FR4734
  Mode: 2 Label: H1 Blk id: 5 More: 1 Ack: ! Msg num: D51A
  Sublabel: DF
  Message:
   B03A     
   APM     EI-HGN          RYR4734 GCFVLIMC040225224237,737789     ,BCG3AL2000002,.783,,446.3,247.8,,,-32.42,,,37991,,,142770,,,2198,2204,,, 84.45, 84.45,,, 5.5,439.4,,,0,0,,0,0,,0,0,0,0,0,0,,, 42.1

[2025-02-05 00:01:26 CET] [136.725] [-9.2/-31.8 dBFS] [22.6 dB] [2.8 ppm]
4CAD3A (Aircraft, Airborne) -> 11985A (Ground station): Command
AVLC type: I sseq: 2 rseq: 2 poll: 0
 ACARS:
  Reassembly: in progress
  Reg: .EI-HGN Flight: FR4734
  Mode: 2 Label: H1 Blk id: 6 More: 1 Ack: ! Msg num: D51B
  Sublabel: DF
  Message:
   302,,,   4.8225,,,  51.07,,, -0.3,,,  50.6,,,  0.025, 0.014,,,,6.792,,11271, 5621, 5645,    0,,    0,,, 7532, 7586,,, 0.0,,,,,157560,,,,,,131360,,,26200, 8520, 8520, 9160,,    -,,,  60A409,  60A091,,,,,,  4

[2025-02-05 00:01:29 CET] [136.725] [-8.7/-31.5 dBFS] [22.8 dB] [3.2 ppm]
4CAD3A (Aircraft, Airborne) -> 11985A (Ground station): Command
AVLC type: I sseq: 2 rseq: 2 poll: 0
 ACARS:
  Reassembly: duplicate
  Reg: .EI-HGN Flight: FR4734
  Mode: 2 Label: H1 Blk id: 6 More: 1 Ack: ! Msg num: D51B
  Sublabel: DF
  Message:
   302,,,   4.8225,,,  51.07,,, -0.3,,,  50.6,,,  0.025, 0.014,,,,6.792,,11271, 5621, 5645,    0,,    0,,, 7532, 7586,,, 0.0,,,,,157560,,,,,,131360,,,26200, 8520, 8520, 9160,,    -,,,  60A409,  60A091,,,,,,  4

[2025-02-05 00:01:31 CET] [136.725] [-9.1/-31.3 dBFS] [22.2 dB] [3.1 ppm]
4CAD3A (Aircraft, Airborne) -> 11985A (Ground station): Command
AVLC type: I sseq: 3 rseq: 3 poll: 0
 ACARS:
  Reassembly: complete
  Reg: .EI-HGN Flight: FR4734
  Mode: 2 Label: H1 Blk id: 7 More: 0 Ack: ! Msg num: D51C
  Sublabel: DF
  Message:
   B03A     
   APM     EI-HGN          RYR4734 GCFVLIMC040225224237,737789     ,BCG3AL2000002,.783,,446.3,247.8,,,-32.42,,,37991,,,142770,,,2198,2204,,, 84.45, 84.45,,, 5.5,439.4,,,0,0,,0,0,,0,0,0,0,0,0,,, 42.1302,,,   4.8225,,,  51.07,,, -0.3,,,  50.6,,,  0.025, 0.014,,,,6.792,,11271, 5621, 5645,    0,,    0,,, 7532, 7586,,, 0.0,,,,,157560,,,,,,131360,,,26200, 8520, 8520, 9160,,    -,,,  60A409,  60A091,,,,,,  49.731,  49.263,,,101.1,101.1,,  16,  17,,,,722.5,724.3,,,,,,,-58.6,,, -0.5,,,  0.1,,,  2.8,,, -1.7, 0.7, 0.4,  1.3, -0.9,,, -0.4,,  3.0,  3.1,,, 0.8, 1.2,,, 0.00,,, 0.00,,, 1.02,,,  0.037,,,

[2025-02-05 00:01:35 CET] [136.725] [-10.0/-31.3 dBFS] [21.2 dB] [3.2 ppm]
4CAD3A (Aircraft, Airborne) -> 11985A (Ground station): Command
AVLC type: I sseq: 4 rseq: 4 poll: 0
 ACARS:
  Reassembly: in progress
  Reg: .EI-HGN Flight: FR4734
  Mode: 2 Label: H1 Blk id: 8 More: 1 Ack: ! Msg num: D52A
  Sublabel: DF
  Message:
   B03A     
   APM     EI-HGN          RYR4734 GCFVLIMC040225224806,737789     ,BCG3AL2000002,.788,,451.1,249.7,,,-31.56,,,37992,,,142408,,,2117,2123,,, 83.07, 83.09,,, 8.9,439.0,,,0,0,,0,0,,0,0,0,0,0,0,,, 42.5

[2025-02-05 00:01:37 CET] [136.725] [-9.5/-32.0 dBFS] [22.6 dB] [2.9 ppm]
4CAD3A (Aircraft, Airborne) -> 11985A (Ground station): Command
AVLC type: I sseq: 5 rseq: 5 poll: 0
 ACARS:
  Reassembly: in progress
  Reg: .EI-HGN Flight: FR4734
  Mode: 2 Label: H1 Blk id: 9 More: 1 Ack: ! Msg num: D52B
  Sublabel: DF
  Message:
   545,,,   5.5242,,,  52.47,,, -1.3,,,  51.0,,, -0.012,-0.018,,,,6.793,,10896, 5437, 5453,    0,,    0,,, 7729, 7783,,, 0.0,,,,,157560,,,,,,131360,,,26200, 8520, 8520, 9160,,    -,,,  60A409,  60A091,,,,,,  5

[2025-02-05 00:01:39 CET] [136.725] [-9.4/-31.2 dBFS] [21.8 dB] [3.1 ppm]
4CAD3A (Aircraft, Airborne) -> 11985A (Ground station): Command
AVLC type: I sseq: 6 rseq: 6 poll: 0
 ACARS:
  Reassembly: complete
  Reg: .EI-HGN Flight: FR4734
  Mode: 2 Label: H1 Blk id: 0 More: 0 Ack: ! Msg num: D52C
  Sublabel: DF
  Message:
   B03A     
   APM     EI-HGN          RYR4734 GCFVLIMC040225224806,737789     ,BCG3AL2000002,.788,,451.1,249.7,,,-31.56,,,37992,,,142408,,,2117,2123,,, 83.07, 83.09,,, 8.9,439.0,,,0,0,,0,0,,0,0,0,0,0,0,,, 42.5545,,,   5.5242,,,  52.47,,, -1.3,,,  51.0,,, -0.012,-0.018,,,,6.793,,10896, 5437, 5453,    0,,    0,,, 7729, 7783,,, 0.0,,,,,157560,,,,,,131360,,,26200, 8520, 8520, 9160,,    -,,,  60A409,  60A091,,,,,,  50.962,  49.489,,,100.3,100.3,,  16,  17,,,,707.6,708.5,,,,,,,-58.5,,, -0.8,,,  0.2,,,  2.7,,, -1.7, 0.7, 0.4,  1.1, -0.8,,, -0.4,,  2.9,  3.0,,, 0.8, 1.2,,,-0.00,,,-0.00,,, 1.02,,, -0.036,,,

[2025-02-05 00:02:03 CET] [136.975] [-11.3/-31.5 dBFS] [20.2 dB] [2.8 ppm]
4CAD3A (Aircraft, Airborne) -> 10985A (Ground station): Command
AVLC type: U (XID) P/F: 1
 XID: Handoff Initiation
  Public params:
   Parameter set ID: 8885:1993
   Procedure classes: 00 01
   HDLC options: 20 84 80
  VDL params:
   Parameter set ID: V
   XID sequencing: seq: 0 retry: 0
   Destination airport: LIMC
   Aircraft location: 43.6N 7.3E 36000 ft
   Alternate ground stations: 10952A
   AVLC specific options: 24
   Connection management: 01

[2025-02-05 00:02:33 CET] [136.975] [-10.6/-32.0 dBFS] [21.5 dB] [3.0 ppm]
4CAD3A (Aircraft, Airborne) -> 10FA5A (Ground station): Command
AVLC type: U (XID) P/F: 1
 XID: Handoff Initiation
  Public params:
   Parameter set ID: 8885:1993
   Procedure classes: 00 01
   HDLC options: 20 84 80
  VDL params:
   Parameter set ID: V
   XID sequencing: seq: 1 retry: 0
   Destination airport: LIMC
   Aircraft location: 43.6N 7.4E 35000 ft
   Alternate ground stations: 10F69B 10952A
   AVLC specific options: 24
   Connection management: 01

[2025-02-05 00:02:35 CET] [136.975] [-11.2/-31.2 dBFS] [19.9 dB] [2.9 ppm]
4CAD3A (Aircraft, Airborne) -> 10FA5A (Ground station): Command
AVLC type: I sseq: 2 rseq: 3 poll: 0
 X.25 Data: grp: 11 chan: 255 sseq: 0 rseq: 2 more: 0
  X.25 reasm status: skipped
  X.233 CLNP Data (compressed header):
   LRef: 0x40 Prio: 14 Flags: 0xc0
   Lifetime: 50.0 sec
   PDU Id: 0x9bd
   IDRP Open: seq: 1 ack: 1 credit_offered: 5 credit_avail: 2
    Hold Time: 900 seconds
    Max. PDU size: 3000 octets
    Source RDI: 47 00 27 41 52 59 52 00 4c ad 3a	"G.'ARYR.L.:"
    RIB Attribute Set:
     RibAtt #0:
      Security:
       Reg ID: 06 04 2b 1b 00 00
    Auth mechanism: simple checksum

[2025-02-05 00:02:41 CET] [136.775] [-6.1/-31.0 dBFS] [24.9 dB] [2.1 ppm]
3B7567 (Aircraft, Airborne) -> 233925 (Ground station): Command
AVLC type: U (XID) P/F: 1
 XID: Handoff Initiation
  Public params:
   Parameter set ID: 8885:1993
   Procedure classes: 00 01
   HDLC options: 20 a4 80
  VDL params:
   Parameter set ID: V
   Connection management: 01
   XID sequencing: seq: 2 retry: 0
   AVLC specific options: 25
   Destination airport: LFMI
   Aircraft location: 43.7N 5.7E 19000 ft

