[2025-01-18 00:00:50 CET] [136.725] [1.0/-29.7 dBFS] [30.7 dB] [4.3 ppm]
4D2258 (Aircraft, Airborne) -> 11985A (Ground station): Command
AVLC type: I sseq: 1 rseq: 2 poll: 0
 X.25 Data: grp: 11 chan: 254 sseq: 6 rseq: 7 more: 0
  X.25 reasm status: skipped
  X.233 CLNP Data (compressed header):
   LRef: 0x41 Prio: 11 Flags: 0xc0
   Lifetime: 50.0 sec
   PDU Id: 0x3a5
   X.224 COTP Data Ack:
    dst_ref: 0xb8dc
    rseq: 2 credit: 2
    Checksum: 02 86
    Flow control:
     Acked TPDU nr: 2
     Acked subsequence: 0
     Acked credit: 15

[2025-01-18 00:00:50 CET] [136.725] [-10.9/-29.7 dBFS] [18.8 dB] [3.4 ppm]
4CA854 (Aircraft, Airborne) -> 11985A (Ground station): Command
AVLC type: I sseq: 0 rseq: 1 poll: 0
 X.25 Data: grp: 11 chan: 255 sseq: 3 rseq: 4 more: 0
  X.25 reasm status: skipped
  X.233 CLNP Data (compressed header):
   LRef: 0x42 Prio: 11 Flags: 0xc0
   Lifetime: 50.0 sec
   PDU Id: 0x1bd
   X.224 COTP Data Ack:
    dst_ref: 0xb8d8
    rseq: 4 credit: 3
    Checksum: 13 74
    Flow control:
     Acked TPDU nr: 4
     Acked subsequence: 0
     Acked credit: 15

[2025-01-18 00:02:22 CET] [136.725] [1.1/-30.0 dBFS] [31.1 dB] [4.1 ppm]
4D2258 (Aircraft, Airborne) -> 11985A (Ground station): Command
AVLC type: I sseq: 2 rseq: 3 poll: 0
 X.25 Data: grp: 11 chan: 254 sseq: 7 rseq: 0 more: 0
  X.25 reasm status: skipped
  X.233 CLNP Data (compressed header):
   LRef: 0x41 Prio: 11 Flags: 0xc0
   Lifetime: 50.0 sec
   PDU Id: 0x3a6
   X.224 COTP Data Ack:
    dst_ref: 0xb8dc
    rseq: 2 credit: 2
    Checksum: 02 86
    Flow control:
     Acked TPDU nr: 2
     Acked subsequence: 0
     Acked credit: 15

[2025-01-18 00:03:03 CET] [136.725] [-9.9/-30.0 dBFS] [20.1 dB] [3.0 ppm]
4CA854 (Aircraft, Airborne) -> 11985A (Ground station): Command
AVLC type: I sseq: 5 rseq: 0 poll: 0
 X.25 Data: grp: 11 chan: 255 sseq: 0 rseq: 3 more: 0
  X.25 reasm status: skipped
  X.233 CLNP Data (compressed header):
   LRef: 0x42 Prio: 11 Flags: 0xc0
   Lifetime: 50.0 sec
   PDU Id: 0x1c2
   X.224 COTP Data Ack:
    dst_ref: 0xb8d8
    rseq: 5 credit: 3
    Checksum: 15 70
    Flow control:
     Acked TPDU nr: 5
     Acked subsequence: 0
     Acked credit: 15

[2025-01-18 00:03:43 CET] [136.975] [-8.3/-29.6 dBFS] [21.3 dB] [3.0 ppm]
4CA854 (Aircraft, Airborne) -> 10985A (Ground station): Command
AVLC type: U (XID) P/F: 1
 XID: Handoff Initiation
  Public params:
   Parameter set ID: 8885:1993
   Procedure classes: 00 01
   HDLC options: 20 84 80
  VDL params:
   Parameter set ID: V
   XID sequencing: seq: 6 retry: 0
   Destination airport: LIMC
   Aircraft location: 43.4N 7.1E 0 ft
   Alternate ground stations: 10952A
   AVLC specific options: 24
   Connection management: 01

[2025-01-18 00:03:54 CET] [136.725] [1.2/-30.0 dBFS] [31.2 dB] [3.3 ppm]
4D2258 (Aircraft, Airborne) -> 11985A (Ground station): Command
AVLC type: I sseq: 3 rseq: 4 poll: 0
 X.25 Data: grp: 11 chan: 254 sseq: 0 rseq: 1 more: 0
  X.25 reasm status: skipped
  X.233 CLNP Data (compressed header):
   LRef: 0x41 Prio: 11 Flags: 0xc0
   Lifetime: 50.0 sec
   PDU Id: 0x3a7
   X.224 COTP Data Ack:
    dst_ref: 0xb8dc
    rseq: 2 credit: 2
    Checksum: 02 86
    Flow control:
     Acked TPDU nr: 2
     Acked subsequence: 0
     Acked credit: 15

[2025-01-18 00:04:07 CET] [136.725] [1.0/-29.6 dBFS] [30.7 dB] [3.1 ppm]
4D2258 (Aircraft, Airborne) -> 11985A (Ground station): Command
AVLC type: I sseq: 4 rseq: 4 poll: 0
 ACARS:
  Reassembly: skipped
  Reg: .9H-QCW Flight: FR69XV
  Mode: 2 Label: 16 Blk id: 0 More: 0 Ack: ! Msg num: M36A
  Message:
   230406,M114168,0016, 135,N 43.255 E  5.502

[2025-01-18 00:04:19 CET] [136.975] [-10.2/-30.7 dBFS] [20.5 dB] [2.8 ppm]
4CA854 (Aircraft, Airborne) -> 10985A (Ground station): Command
AVLC type: I sseq: 2 rseq: 2 poll: 0
 X.25 Data: grp: 11 chan: 254 sseq: 0 rseq: 0 more: 0
  X.25 reasm status: skipped
  X.233 CLNP Data (compressed header):
   LRef: 0x43 Prio: 11 Flags: 0xc0
   Lifetime: 50.0 sec
   PDU Id: 0x1c3
   X.224 COTP Data Ack:
    dst_ref: 0x8083
    rseq: 0 credit: 1
    Checksum: 32 9a

[2025-01-18 00:04:36 CET] [136.975] [-9.5/-29.7 dBFS] [20.2 dB] [3.0 ppm]
4CA854 (Aircraft, Airborne) -> 10985A (Ground station): Command
AVLC type: I sseq: 3 rseq: 4 poll: 0
 X.25 Data: grp: 11 chan: 254 sseq: 1 rseq: 2 more: 0
  X.25 reasm status: skipped
  X.233 CLNP Data (compressed header):
   LRef: 0x42 Prio: 11 Flags: 0xc0
   Lifetime: 50.0 sec
   PDU Id: 0x1c4
   X.224 COTP Data Ack:
    dst_ref: 0xb8d8
    rseq: 5 credit: 3
    Checksum: 15 70
    Flow control:
     Acked TPDU nr: 5
     Acked subsequence: 0
     Acked credit: 15

[2025-01-18 00:05:23 CET] [136.975] [-11.8/-29.8 dBFS] [18.0 dB] [3.2 ppm]
4CA854 (Aircraft, Airborne) -> 10985A (Ground station): Command
AVLC type: I sseq: 5 rseq: 5 poll: 0
 X.25 Data: grp: 11 chan: 254 sseq: 3 rseq: 3 more: 0
  X.25 reasm status: skipped
  X.233 CLNP Data (compressed header):
   LRef: 0x42 Prio: 11 Flags: 0xc0
   Lifetime: 50.0 sec
   PDU Id: 0x1c6
   X.224 COTP Data:
    dst_ref: 0xb8d8
    sseq: 5 req_of_ack: 0 EoT: 1
    COTP reasm status: skipped
    Checksum: c0 46
    X.227 ACSE Release Response:
     Reason: normal
     ATCDownlinkMessage: <empty PDU>

[2025-01-18 00:05:24 CET] [136.975] [-11.7/-30.3 dBFS] [18.5 dB] [3.1 ppm]
4CA854 (Aircraft, Airborne) -> 10985A (Ground station): Command
AVLC type: I sseq: 6 rseq: 5 poll: 0
 X.25 Data: grp: 11 chan: 254 sseq: 4 rseq: 3 more: 0
  X.25 reasm status: skipped
  X.233 CLNP Data (compressed header):
   LRef: 0x43 Prio: 11 Flags: 0xc0
   Lifetime: 50.0 sec
   PDU Id: 0x1c7
   X.224 COTP Data:
    dst_ref: 0x8083
    sseq: 0 req_of_ack: 0 EoT: 1
    COTP reasm status: skipped
    Checksum: b7 6d
    CPDLC Downlink Message:
     Header:
      Msg ID: 0
      Timestamp: 2025-01-17 23:05:23
      Logical ACK: required
     Message data:
      CURRENT DATA AUTHORITY

[2025-01-18 00:05:24 CET] [136.975] [-11.4/-29.9 dBFS] [18.5 dB] [2.7 ppm]
4CA854 (Aircraft, Airborne) -> 10985A (Ground station): Command
AVLC type: I sseq: 7 rseq: 7 poll: 0
 X.25 Data: grp: 11 chan: 254 sseq: 5 rseq: 5 more: 0
  X.25 reasm status: skipped
  X.233 CLNP Data (compressed header):
   LRef: 0x42 Prio: 11 Flags: 0xc0
   Lifetime: 50.0 sec
   PDU Id: 0x1c8
   X.224 COTP Disconnect Confirm:
    src_ref: 0x000a dst_ref: 0xb8d8
    Checksum: 0f c5

[2025-01-18 00:05:25 CET] [136.975] [-11.1/-30.1 dBFS] [19.0 dB] [3.0 ppm]
4CA854 (Aircraft, Airborne) -> 10985A (Ground station): Command
AVLC type: I sseq: 0 rseq: 1 poll: 0
 X.25 Data: grp: 11 chan: 254 sseq: 6 rseq: 7 more: 0
  X.25 reasm status: skipped
  X.233 CLNP Data (compressed header):
   LRef: 0x43 Prio: 11 Flags: 0xc0
   Lifetime: 50.0 sec
   PDU Id: 0x1c9
   X.224 COTP Data Ack:
    dst_ref: 0x8083
    rseq: 1 credit: 2
    Checksum: 27 a3

[2025-01-18 00:05:26 CET] [136.975] [-10.4/-29.9 dBFS] [19.5 dB] [3.1 ppm]
4CA854 (Aircraft, Airborne) -> 10985A (Ground station): Command
AVLC type: I sseq: 1 rseq: 2 poll: 0
 X.25 Data: grp: 11 chan: 254 sseq: 7 rseq: 0 more: 0
  X.25 reasm status: skipped
  X.233 CLNP Data (compressed header):
   LRef: 0x43 Prio: 11 Flags: 0xc0
   Lifetime: 50.0 sec
   PDU Id: 0x1ca
   X.224 COTP Data Ack:
    dst_ref: 0x8083
    rseq: 2 credit: 2
    Checksum: 23 a6

[2025-01-18 00:05:27 CET] [136.975] [-10.5/-29.7 dBFS] [19.3 dB] [3.3 ppm]
4CA854 (Aircraft, Airborne) -> 10985A (Ground station): Command
AVLC type: I sseq: 2 rseq: 2 poll: 0
 X.25 Data: grp: 11 chan: 254 sseq: 0 rseq: 0 more: 0
  X.25 reasm status: skipped
  X.233 CLNP Data (compressed header):
   LRef: 0x43 Prio: 11 Flags: 0xc0
   Lifetime: 50.0 sec
   PDU Id: 0x1cb
   X.224 COTP Data:
    dst_ref: 0x8083
    sseq: 1 req_of_ack: 0 EoT: 1
    COTP reasm status: skipped
    Checksum: 49 be
    CPDLC Downlink Message:
     Header:
      Msg ID: 1
      Msg Ref: 1
      Timestamp: 2025-01-17 23:05:26
      Logical ACK: notRequired
     Message data:
      LOGICAL ACKNOWLEDGMENT

[2025-01-18 00:05:28 CET] [136.725] [-1.2/-30.2 dBFS] [29.0 dB] [3.0 ppm]
4D2258 (Aircraft, Airborne) -> 11985A (Ground station): Command
AVLC type: I sseq: 5 rseq: 6 poll: 0
 X.25 Data: grp: 11 chan: 254 sseq: 1 rseq: 2 more: 0
  X.25 reasm status: skipped
  X.233 CLNP Data (compressed header):
   LRef: 0x41 Prio: 11 Flags: 0xc0
   Lifetime: 50.0 sec
   PDU Id: 0x3a8
   X.224 COTP Data Ack:
    dst_ref: 0xb8dc
    rseq: 2 credit: 2
    Checksum: 02 86
    Flow control:
     Acked TPDU nr: 2
     Acked subsequence: 0
     Acked credit: 15

[2025-01-18 00:06:17 CET] [136.975] [-12.4/-29.9 dBFS] [17.6 dB] [3.0 ppm]
4CA854 (Aircraft, Airborne) -> 10FA5A (Ground station): Command
AVLC type: U (XID) P/F: 1
 XID: Handoff Initiation
  Public params:
   Parameter set ID: 8885:1993
   Procedure classes: 00 01
   HDLC options: 20 84 80
  VDL params:
   Parameter set ID: V
   XID sequencing: seq: 7 retry: 0
   Destination airport: LIMC
   Aircraft location: 43.6N 7.4E 0 ft
   Alternate ground stations: 10952A 10907A 10984A 10F63A 10F69B 10F68A 10F66A 10FA7A
   AVLC specific options: 24
   Connection management: 01

