[2025-04-19 00:00:06 CEST] [136.675] [-5.2/-32.0 dBFS] [26.8 dB] [3.0 ppm]
48C1BB (Aircraft, Airborne) -> 11907A (Ground station): Command
AVLC type: I sseq: 4 rseq: 4 poll: 0
 X.25 Data: grp: 11 chan: 255 sseq: 2 rseq: 2 more: 0
  X.25 reasm status: skipped
  X.233 CLNP Data (compressed header):
   LRef: 0x1 Prio: 11 Flags: 0xc0
   Lifetime: 50.0 sec
   PDU Id: 0x10a9
   X.224 COTP Data:
    dst_ref: 0x8579
    sseq: 3 req_of_ack: 0 EoT: 1
    COTP reasm status: skipped
    Checksum: d8 23
    CPDLC Downlink Message:
     Header:
      Msg ID: 3
      Msg Ref: 3
      Timestamp: 2025-04-18 22:00:05
      Logical ACK: required
     Message data:
      WILCO

[2025-04-19 00:00:07 CEST] [136.675] [-6.5/-31.2 dBFS] [24.7 dB] [3.1 ppm]
48C1BB (Aircraft, Airborne) -> 11907A (Ground station): Command
AVLC type: I sseq: 5 rseq: 6 poll: 0
 X.25 Data: grp: 11 chan: 255 sseq: 3 rseq: 4 more: 0
  X.25 reasm status: skipped
  X.233 CLNP Data (compressed header):
   LRef: 0x1 Prio: 11 Flags: 0xc0
   Lifetime: 50.0 sec
   PDU Id: 0x10aa
   X.224 COTP Data Ack:
    dst_ref: 0x8579
    rseq: 4 credit: 3
    Checksum: 28 a3

[2025-04-19 00:00:21 CEST] [136.775] [-10.9/-31.1 dBFS] [20.1 dB] [1.6 ppm]
471FAE (Aircraft, Airborne) -> 233925 (Ground station): Command
AVLC type: I sseq: 5 rseq: 6 poll: 0
 X.25 Data: grp: 11 chan: 255 sseq: 5 rseq: 4 more: 0
  X.25 reasm status: skipped
  X.233 CLNP Data (compressed header):
   LRef: 0x42 Prio: 11 Flags: 0xf6
   Lifetime: 20.0 sec
   PDU Id: 0x3a0
   X.224 COTP Data Ack:
    dst_ref: 0x481e
    rseq: 7 credit: 3
    Flow control:
     Acked TPDU nr: 6
     Acked subsequence: 0
     Acked credit: 10
    ATN checksum: 00 56 9b cb

[2025-04-19 00:00:54 CEST] [136.725] [-4.9/-31.7 dBFS] [26.8 dB] [-0.5 ppm]
342581 (Aircraft, Airborne) -> 11985A (Ground station): Command
AVLC type: I sseq: 4 rseq: 4 poll: 0
 X.25 Data: grp: 11 chan: 255 sseq: 2 rseq: 2 more: 0
  X.25 reasm status: skipped
  X.233 CLNP Data (compressed header):
   LRef: 0x42 Prio: 11 Flags: 0xf6
   Lifetime: 20.0 sec
   PDU Id: 0x7d
   X.224 COTP Data Ack:
    dst_ref: 0x486c
    rseq: 5 credit: 3
    ATN checksum: 1a 39 01 28

[2025-04-19 00:00:57 CEST] [136.775] [-11.6/-31.1 dBFS] [19.5 dB] [1.6 ppm]
471FAE (Aircraft, Airborne) -> 233925 (Ground station): Command
AVLC type: I sseq: 6 rseq: 7 poll: 0
 X.25 Data: grp: 11 chan: 255 sseq: 6 rseq: 5 more: 0
  X.25 reasm status: skipped
  X.233 CLNP Data (compressed header):
   LRef: 0x41 Prio: 11 Flags: 0xf6
   Lifetime: 20.0 sec
   PDU Id: 0x3a1
   X.224 COTP Data Ack:
    dst_ref: 0x856e
    rseq: 0 credit: 1
    Flow control:
     Acked TPDU nr: 0
     Acked subsequence: 0
     Acked credit: 15
    ATN checksum: c0 69 9c 8c

[2025-04-19 00:01:07 CEST] [136.725] [-9.8/-32.0 dBFS] [22.2 dB] [2.3 ppm]
49D5A6 (Aircraft, Airborne) -> 11985A (Ground station): Command
AVLC type: I sseq: 1 rseq: 2 poll: 0
 X.25 Data: grp: 11 chan: 255 sseq: 5 rseq: 0 more: 0
  X.25 reasm status: skipped
  X.233 CLNP Data (compressed header):
   LRef: 0x42 Prio: 11 Flags: 0xf6
   Lifetime: 20.0 sec
   PDU Id: 0x32d
   X.224 COTP Data Ack:
    dst_ref: 0x8571
    rseq: 0 credit: 1
    Flow control:
     Acked TPDU nr: 0
     Acked subsequence: 0
     Acked credit: 15
    ATN checksum: 28 2f b8 b3

[2025-04-19 00:01:12 CEST] [136.725] [-8.1/-31.2 dBFS] [23.0 dB] [2.1 ppm]
49D5A6 (Aircraft, Airborne) -> 11985A (Ground station): Command
AVLC type: I sseq: 2 rseq: 2 poll: 0
 X.25 Data: grp: 11 chan: 255 sseq: 6 rseq: 0 more: 0
  X.25 reasm status: skipped
  X.233 CLNP Data (compressed header):
   LRef: 0x43 Prio: 11 Flags: 0xf6
   Lifetime: 20.0 sec
   PDU Id: 0x32e
   X.224 COTP Data Ack:
    dst_ref: 0x482b
    rseq: 5 credit: 3
    ATN checksum: f3 3c 22 82

[2025-04-19 00:01:24 CEST] [136.775] [-10.5/-31.2 dBFS] [20.7 dB] [0.7 ppm]
4ACA0A (Aircraft, Airborne) -> 23D825 (Ground station): Command
AVLC type: I sseq: 3 rseq: 4 poll: 0
 X.25 Data: grp: 11 chan: 255 sseq: 2 rseq: 4 more: 0
  X.25 reasm status: skipped
  X.233 CLNP Data (compressed header):
   LRef: 0x46 Prio: 11 Flags: 0xf6
   Lifetime: 20.0 sec
   PDU Id: 0x2ad
   X.224 COTP Data Ack:
    dst_ref: 0x857d
    rseq: 2 credit: 2
    Flow control:
     Acked TPDU nr: 2
     Acked subsequence: 0
     Acked credit: 15
    ATN checksum: 9e 03 a0 2d

[2025-04-19 00:01:39 CEST] [136.675] [-0.1/-32.1 dBFS] [32.0 dB] [2.8 ppm]
48C1BB (Aircraft, Airborne) -> 11907A (Ground station): Command
AVLC type: I sseq: 7 rseq: 0 poll: 0
 X.25 Data: grp: 11 chan: 255 sseq: 5 rseq: 6 more: 0
  X.25 reasm status: skipped
  X.233 CLNP Data (compressed header):
   LRef: 0x1 Prio: 11 Flags: 0xc0
   Lifetime: 50.0 sec
   PDU Id: 0x10ac
   X.224 COTP Data Ack:
    dst_ref: 0x8579
    rseq: 4 credit: 3
    Checksum: 23 f6
    Flow control:
     Acked TPDU nr: 4
     Acked subsequence: 0
     Acked credit: 15

[2025-04-19 00:01:44 CEST] [136.725] [-0.7/-31.9 dBFS] [31.2 dB] [-0.7 ppm]
342581 (Aircraft, Airborne) -> 11985A (Ground station): Command
AVLC type: I sseq: 5 rseq: 5 poll: 0
 X.25 Data: grp: 11 chan: 255 sseq: 3 rseq: 3 more: 0
  X.25 reasm status: skipped
  X.233 CLNP Data (compressed header):
   LRef: 0x42 Prio: 11 Flags: 0xf6
   Lifetime: 20.0 sec
   PDU Id: 0x7e
   X.224 COTP Data Ack:
    dst_ref: 0x486c
    rseq: 5 credit: 3
    Flow control:
     Acked TPDU nr: 2
     Acked subsequence: 0
     Acked credit: 10
    ATN checksum: a1 b1 81 fc

[2025-04-19 00:02:36 CEST] [136.725] [-13.0/-31.6 dBFS] [18.6 dB] [1.8 ppm]
503CFA (Aircraft, Airborne) -> 11984A (Ground station): Command
AVLC type: U (XID) P/F: 1
 XID: Handoff Initiation
  Public params:
   Parameter set ID: 8885:1993
   Procedure classes: 00 01
   HDLC options: 20 a4 80
  VDL params:
   Parameter set ID: V
   Connection management: 01
   XID sequencing: seq: 3 retry: 0
   AVLC specific options: 25
   Destination airport: DTTA
   Aircraft location: 45.2N 4.5E 34000 ft

[2025-04-19 00:02:38 CEST] [136.725] [-10.2/-31.2 dBFS] [21.0 dB] [2.1 ppm]
49D5A6 (Aircraft, Airborne) -> 11985A (Ground station): Command
AVLC type: I sseq: 4 rseq: 5 poll: 0
 X.25 Data: grp: 11 chan: 255 sseq: 7 rseq: 2 more: 0
  X.25 reasm status: skipped
  X.233 CLNP Data (compressed header):
   LRef: 0x42 Prio: 11 Flags: 0xf6
   Lifetime: 20.0 sec
   PDU Id: 0x32f
   X.224 COTP Data Ack:
    dst_ref: 0x8571
    rseq: 0 credit: 1
    Flow control:
     Acked TPDU nr: 0
     Acked subsequence: 0
     Acked credit: 15
    ATN checksum: 28 2f b8 b3

[2025-04-19 00:02:56 CEST] [136.775] [-10.8/-31.3 dBFS] [20.5 dB] [0.8 ppm]
4ACA0A (Aircraft, Airborne) -> 23D825 (Ground station): Command
AVLC type: I sseq: 5 rseq: 6 poll: 0
 X.25 Data: grp: 11 chan: 255 sseq: 4 rseq: 5 more: 0
  X.25 reasm status: skipped
  X.233 CLNP Data (compressed header):
   LRef: 0x46 Prio: 11 Flags: 0xf6
   Lifetime: 20.0 sec
   PDU Id: 0x2af
   X.224 COTP Data Ack:
    dst_ref: 0x857d
    rseq: 2 credit: 2
    Flow control:
     Acked TPDU nr: 2
     Acked subsequence: 0
     Acked credit: 15
    ATN checksum: 9e 03 a0 2d

[2025-04-19 00:03:04 CEST] [136.975] [-8.7/-31.2 dBFS] [22.6 dB] [2.1 ppm]
49D5A6 (Aircraft, Airborne) -> 10985A (Ground station): Command
AVLC type: U (XID) P/F: 1
 XID: Handoff Initiation
  Public params:
   Parameter set ID: 8885:1993
   Procedure classes: 00 01
   HDLC options: 20 a4 88
  VDL params:
   Parameter set ID: V
   Connection management: 05
   XID sequencing: seq: 1 retry: 0
   AVLC specific options: 25
   Destination airport: LKPR

[2025-04-19 00:03:12 CEST] [136.975] [-9.6/-31.2 dBFS] [21.5 dB] [1.9 ppm]
49D5A6 (Aircraft, Airborne) -> 10985A (Ground station): Command
AVLC type: I sseq: 2 rseq: 2 poll: 0
 X.25 Data: grp: 11 chan: 255 sseq: 0 rseq: 0 more: 0
  X.25 reasm status: skipped
  X.233 CLNP Data (compressed header):
   LRef: 0x43 Prio: 11 Flags: 0xf6
   Lifetime: 20.0 sec
   PDU Id: 0x330
   X.224 COTP Data Ack:
    dst_ref: 0x482b
    rseq: 5 credit: 3
    ATN checksum: f3 3c 22 82

[2025-04-19 00:03:16 CEST] [136.975] [-7.5/-31.0 dBFS] [23.4 dB] [1.9 ppm]
49D5A6 (Aircraft, Airborne) -> 10985A (Ground station): Command
AVLC type: I sseq: 2 rseq: 2 poll: 0
 X.25 Data: grp: 11 chan: 255 sseq: 0 rseq: 0 more: 0
  X.25 reasm status: skipped
  X.233 CLNP Data (compressed header):
   LRef: 0x43 Prio: 11 Flags: 0xf6
   Lifetime: 20.0 sec
   PDU Id: 0x330
   X.224 COTP Data Ack:
    dst_ref: 0x482b
    rseq: 5 credit: 3
    ATN checksum: f3 3c 22 82

[2025-04-19 00:03:35 CEST] [136.975] [-8.0/-31.4 dBFS] [23.4 dB] [2.0 ppm]
49D5A6 (Aircraft, Airborne) -> 10985A (Ground station): Command
AVLC type: I sseq: 4 rseq: 4 poll: 0
 X.25 Data: grp: 11 chan: 255 sseq: 2 rseq: 2 more: 0
  X.25 reasm status: skipped
  X.233 CLNP Data (compressed header):
   LRef: 0x0 Prio: 11 Flags: 0xf6
   Lifetime: 20.0 sec
   PDU Id: 0x332
   X.224 COTP Connect Confirm:
    src_ref: 0x9fdb dst_ref: 0x904a
    Initial Credit: 1
    Protocol class: 4
    Options: 00 (use normal PDU formats)
    TPDU size (bytes): 1024
    Called/responding transport selector: 16 00
    Calling transport selector: 70 6d
    Priority: 3
    Ack time (ms): 1000
    Inactivity timer (ms): 360000
    Additional options: 0x00
    ATN checksum: 04 94 57 7d
    X.225 Session SPDU: Short Refuse
     Refusal: persistent
     Transport connection: release
     X.227 ACSE Associate Response:
      Application context name: { 1.3.27.3.0 }
      Associate result: reject (permanent)
      CPDLC Downlink Message:
       Header:
        Msg ID: 0
        Timestamp: 2025-04-18 22:03:33
        Logical ACK: notRequired
       Message data:
        NOT AUTHORIZED NEXT DATA AUTHORITY

[2025-04-19 00:03:40 CEST] [136.975] [-7.4/-31.6 dBFS] [24.2 dB] [2.0 ppm]
49D5A6 (Aircraft, Airborne) -> 10985A (Ground station): Command
AVLC type: I sseq: 6 rseq: 6 poll: 0
 X.25 Data: grp: 11 chan: 255 sseq: 3 rseq: 4 more: 0
  X.25 reasm status: skipped
  X.233 CLNP Data (compressed header):
   LRef: 0x0 Prio: 11 Flags: 0xf6
   Lifetime: 20.0 sec
   PDU Id: 0x333
   X.224 COTP Disconnect Confirm:
    src_ref: 0x9fdb dst_ref: 0x904a
    ATN checksum: 87 dd aa ab

[2025-04-19 00:03:44 CEST] [136.975] [-7.1/-31.2 dBFS] [24.1 dB] [1.9 ppm]
49D5A6 (Aircraft, Airborne) -> 10985A (Ground station): Command
AVLC type: I sseq: 6 rseq: 6 poll: 0
 X.25 Data: grp: 11 chan: 255 sseq: 3 rseq: 4 more: 0
  X.25 reasm status: skipped
  X.233 CLNP Data (compressed header):
   LRef: 0x0 Prio: 11 Flags: 0xf6
   Lifetime: 20.0 sec
   PDU Id: 0x333
   X.224 COTP Disconnect Confirm:
    src_ref: 0x9fdb dst_ref: 0x904a
    ATN checksum: 87 dd aa ab

[2025-04-19 00:03:44 CEST] [136.725] [-1.6/-31.5 dBFS] [29.9 dB] [-1.2 ppm]
342581 (Aircraft, Airborne) -> 11985A (Ground station): Command
AVLC type: I sseq: 6 rseq: 5 poll: 0
 X.25 Data: grp: 11 chan: 255 sseq: 4 rseq: 3 more: 0
  X.25 reasm status: skipped
  X.233 CLNP Data (compressed header):
   LRef: 0x42 Prio: 11 Flags: 0xf6
   Lifetime: 20.0 sec
   PDU Id: 0x7f
   X.224 COTP Data Ack:
    dst_ref: 0x486c
    rseq: 5 credit: 3
    ATN checksum: 1a 39 01 28

[2025-04-19 00:04:08 CEST] [136.975] [-8.8/-31.6 dBFS] [22.8 dB] [1.9 ppm]
49D5A6 (Aircraft, Airborne) -> 10985A (Ground station): Command
AVLC type: I sseq: 7 rseq: 7 poll: 0
 X.25 Data: grp: 11 chan: 255 sseq: 4 rseq: 5 more: 0
  X.25 reasm status: skipped
  X.233 CLNP Data (compressed header):
   LRef: 0x43 Prio: 11 Flags: 0xf6
   Lifetime: 20.0 sec
   PDU Id: 0x334
   X.224 COTP Data Ack:
    dst_ref: 0x482b
    rseq: 5 credit: 3
    Flow control:
     Acked TPDU nr: 4
     Acked subsequence: 0
     Acked credit: 10
    ATN checksum: 26 32 c3 0c

[2025-04-19 00:04:11 CEST] [136.975] [-6.5/-31.1 dBFS] [24.6 dB] [1.9 ppm]
49D5A6 (Aircraft, Airborne) -> 10985A (Ground station): Command
AVLC type: I sseq: 0 rseq: 0 poll: 0
 X.25 Data: grp: 11 chan: 255 sseq: 5 rseq: 6 more: 0
  X.25 reasm status: skipped
  X.233 CLNP Data (compressed header):
   LRef: 0x42 Prio: 11 Flags: 0xf6
   Lifetime: 20.0 sec
   PDU Id: 0x335
   X.224 COTP Data Ack:
    dst_ref: 0x8571
    rseq: 0 credit: 1
    Flow control:
     Acked TPDU nr: 0
     Acked subsequence: 0
     Acked credit: 15
    ATN checksum: 28 2f b8 b3

[2025-04-19 00:04:17 CEST] [136.775] [-11.8/-31.2 dBFS] [19.4 dB] [-0.8 ppm]
7100C8 (Aircraft, Airborne) -> 233925 (Ground station): Command
AVLC type: I sseq: 1 rseq: 1 poll: 0
 ACARS:
  Reassembly: skipped
  Reg: HZ-AK36 Flight: SV0020
  Mode: 2 Label: 27 Blk id: 7 More: 0 Ack: ! Msg num: M52A
  Message:
   POS03SVA0020/18182204
   KJFKOEJNBODRU          2204350OEJN           0222041100-55252043----------------840

[2025-04-19 00:04:28 CEST] [136.775] [-9.8/-30.7 dBFS] [20.9 dB] [0.7 ppm]
4ACA0A (Aircraft, Airborne) -> 23D825 (Ground station): Command
AVLC type: I sseq: 7 rseq: 1 poll: 0
 X.25 Data: grp: 11 chan: 255 sseq: 5 rseq: 7 more: 0
  X.25 reasm status: skipped
  X.233 CLNP Data (compressed header):
   LRef: 0x46 Prio: 11 Flags: 0xf6
   Lifetime: 20.0 sec
   PDU Id: 0x2b0
   X.224 COTP Data Ack:
    dst_ref: 0x857d
    rseq: 2 credit: 2
    Flow control:
     Acked TPDU nr: 2
     Acked subsequence: 0
     Acked credit: 15
    ATN checksum: 9e 03 a0 2d

[2025-04-19 00:04:35 CEST] [136.725] [-3.9/-31.0 dBFS] [27.1 dB] [-1.6 ppm]
342581 (Aircraft, Airborne) -> 11985A (Ground station): Command
AVLC type: I sseq: 7 rseq: 6 poll: 0
 X.25 Data: grp: 11 chan: 255 sseq: 5 rseq: 4 more: 0
  X.25 reasm status: skipped
  X.233 CLNP Data (compressed header):
   LRef: 0x42 Prio: 11 Flags: 0xf6
   Lifetime: 20.0 sec
   PDU Id: 0x80
   X.224 COTP Data Ack:
    dst_ref: 0x486c
    rseq: 5 credit: 3
    Flow control:
     Acked TPDU nr: 2
     Acked subsequence: 0
     Acked credit: 10
    ATN checksum: a1 b1 81 fc

[2025-04-19 00:04:44 CEST] [136.675] [-6.6/-31.8 dBFS] [25.2 dB] [2.4 ppm]
48C1BB (Aircraft, Airborne) -> 11907A (Ground station): Command
AVLC type: I sseq: 1 rseq: 2 poll: 0
 X.25 Data: grp: 11 chan: 255 sseq: 7 rseq: 0 more: 0
  X.25 reasm status: skipped
  X.233 CLNP Data (compressed header):
   LRef: 0x1 Prio: 11 Flags: 0xc0
   Lifetime: 50.0 sec
   PDU Id: 0x10ae
   X.224 COTP Data Ack:
    dst_ref: 0x8579
    rseq: 4 credit: 3
    Checksum: 23 f6
    Flow control:
     Acked TPDU nr: 4
     Acked subsequence: 0
     Acked credit: 15

[2025-04-19 00:04:56 CEST] [136.975] [-11.7/-31.5 dBFS] [19.8 dB] [1.9 ppm]
49D5A6 (Aircraft, Airborne) -> 10985A (Ground station): Command
AVLC type: I sseq: 1 rseq: 0 poll: 0
 ACARS:
  Reassembly: skipped
  Reg: .OK-EYA Flight: QS1055
  Mode: 2 Label: 5U Blk id: 5 More: 0 Ack: ! Msg num: M32A
  Message:
     01 WXRQ   1055/   LEVC/LKPR .OK-EYA
   /TYP 1/STA LIMJ/STA LIMC/STA EDDM

[2025-04-19 00:05:08 CEST] [136.725] [-9.8/-32.1 dBFS] [22.3 dB] [2.3 ppm]
440CFE (Aircraft, Airborne) -> 11985A (Ground station): Command
AVLC type: I sseq: 1 rseq: 3 poll: 0
 X.25 Data: grp: 11 chan: 255 sseq: 5 rseq: 7 more: 0
  X.25 reasm status: skipped
  X.233 CLNP Data (compressed header):
   LRef: 0x42 Prio: 11 Flags: 0xf6
   Lifetime: 20.0 sec
   PDU Id: 0x193
   X.224 COTP Data Ack:
    dst_ref: 0x857b
    rseq: 4 credit: 3
    Flow control:
     Acked TPDU nr: 4
     Acked subsequence: 0
     Acked credit: 15
    ATN checksum: 49 fe 37 a9

[2025-04-19 00:05:37 CEST] [136.675] [-5.6/-31.6 dBFS] [26.0 dB] [2.3 ppm]
48C1BB (Aircraft, Airborne) -> 11907A (Ground station): Command
AVLC type: I sseq: 3 rseq: 4 poll: 0
 X.25 Data: grp: 11 chan: 255 sseq: 1 rseq: 2 more: 0
  X.25 reasm status: skipped
  X.233 CLNP Data (compressed header):
   LRef: 0x1 Prio: 11 Flags: 0xc0
   Lifetime: 50.0 sec
   PDU Id: 0x10b0
   X.224 COTP Data Ack:
    dst_ref: 0x8579
    rseq: 5 credit: 3
    Checksum: 24 a6

[2025-04-19 00:05:37 CEST] [136.675] [-5.8/-31.7 dBFS] [25.9 dB] [2.3 ppm]
48C1BB (Aircraft, Airborne) -> 11907A (Ground station): Command
AVLC type: I sseq: 4 rseq: 4 poll: 0
 X.25 Data: grp: 11 chan: 255 sseq: 2 rseq: 2 more: 0
  X.25 reasm status: skipped
  X.233 CLNP Data (compressed header):
   LRef: 0x1 Prio: 11 Flags: 0xc0
   Lifetime: 50.0 sec
   PDU Id: 0x10b1
   X.224 COTP Data:
    dst_ref: 0x8579
    sseq: 4 req_of_ack: 0 EoT: 1
    COTP reasm status: skipped
    Checksum: 23 5a
    CPDLC Downlink Message:
     Header:
      Msg ID: 4
      Msg Ref: 5
      Timestamp: 2025-04-18 22:05:36
      Logical ACK: notRequired
     Message data:
      LOGICAL ACKNOWLEDGMENT

[2025-04-19 00:05:41 CEST] [136.675] [-9.3/-31.4 dBFS] [22.0 dB] [2.4 ppm]
48C1BB (Aircraft, Airborne) -> 11907A (Ground station): Command
AVLC type: I sseq: 5 rseq: 7 poll: 0
 X.25 Data: grp: 11 chan: 255 sseq: 3 rseq: 5 more: 0
  X.25 reasm status: skipped
  X.233 CLNP Data (compressed header):
   LRef: 0x41 Prio: 11 Flags: 0xc0
   Lifetime: 50.0 sec
   PDU Id: 0x10b2
   X.224 COTP Connect Confirm:
    src_ref: 0x000c dst_ref: 0x904c
    Initial Credit: 1
    Protocol class: 4
    Options: 00 (use normal PDU formats)
    Calling transport selector: 70 6d
    Called/responding transport selector: 02 02
    TPDU size (bytes): 1024
    Checksum: 07 58
    Additional options: 0x00
    Ack time (ms): 1000
    Priority: 3
    Inactivity timer (ms): 360000
    X.225 Session SPDU: Short Accept
     X.227 ACSE Associate Response:
      Application context name: { 1.3.27.3.1 }
      Associate result: accept
      ATCDownlinkMessage: <empty PDU>

[2025-04-19 00:05:41 CEST] [136.975] [-14.6/-31.0 dBFS] [16.4 dB] [1.6 ppm]
49D5A6 (Aircraft, Airborne) -> 10985A (Ground station): Command
AVLC type: I sseq: 4 rseq: 3 poll: 0
 X.25 Data: grp: 11 chan: 255 sseq: 6 rseq: 7 more: 0
  X.25 reasm status: skipped
  X.233 CLNP Data (compressed header):
   LRef: 0x43 Prio: 11 Flags: 0xf6
   Lifetime: 20.0 sec
   PDU Id: 0x336
   X.224 COTP Disconnect Request:
    src_ref: 0x9fd8 dst_ref: 0x482b
    Reason: 128 (Normal disconnect)
    ATN checksum: b0 8d be c3
    X.225 disconnect reason: 1 (OK, transport connection not reused)

[2025-04-19 00:05:49 CEST] [136.725] [-11.2/-31.6 dBFS] [20.4 dB] [-1.4 ppm]
342581 (Aircraft, Airborne) -> 11985A (Ground station): Command
AVLC type: I sseq: 2 rseq: 0 poll: 0
 ACARS:
  Reassembly: skipped
  Reg: .EC-KCU Flight: VY06UX
  Mode: 2 Label: H1 Blk id: 9 More: 0 Ack: ! Msg num: F31A
  Sublabel: M1
  Message:
   PRG/TS220548,041825/DTLFMN,04L,78,221648,046/FNVLG6UXC97D

[2025-04-19 00:06:00 CEST] [136.775] [-5.7/-30.9 dBFS] [25.2 dB] [1.0 ppm]
4ACA0A (Aircraft, Airborne) -> 23D825 (Ground station): Command
AVLC type: I sseq: 0 rseq: 3 poll: 0
 X.25 Data: grp: 11 chan: 255 sseq: 6 rseq: 0 more: 0
  X.25 reasm status: skipped
  X.233 CLNP Data (compressed header):
   LRef: 0x46 Prio: 11 Flags: 0xf6
   Lifetime: 20.0 sec
   PDU Id: 0x2b1
   X.224 COTP Data Ack:
    dst_ref: 0x857d
    rseq: 2 credit: 2
    Flow control:
     Acked TPDU nr: 2
     Acked subsequence: 0
     Acked credit: 15
    ATN checksum: 9e 03 a0 2d

[2025-04-19 00:06:18 CEST] [136.775] [-7.0/-31.1 dBFS] [24.2 dB] [1.0 ppm]
4ACA0A (Aircraft, Airborne) -> 23D825 (Ground station): Command
AVLC type: I sseq: 1 rseq: 4 poll: 0
 X.25 Data: grp: 11 chan: 255 sseq: 7 rseq: 1 more: 0
  X.25 reasm status: skipped
  X.233 CLNP Data (compressed header):
   LRef: 0x46 Prio: 11 Flags: 0xf6
   Lifetime: 20.0 sec
   PDU Id: 0x2b2
   X.224 COTP Data Ack:
    dst_ref: 0x857d
    rseq: 3 credit: 2
    ATN checksum: 3f 2a 20 94

[2025-04-19 00:06:18 CEST] [136.775] [-7.1/-31.5 dBFS] [24.4 dB] [1.0 ppm]
4ACA0A (Aircraft, Airborne) -> 23D825 (Ground station): Command
AVLC type: I sseq: 2 rseq: 4 poll: 0
 X.25 Data: grp: 11 chan: 255 sseq: 0 rseq: 1 more: 0
  X.25 reasm status: skipped
  X.233 CLNP Data (compressed header):
   LRef: 0x46 Prio: 11 Flags: 0xf6
   Lifetime: 20.0 sec
   PDU Id: 0x2b3
   X.224 COTP Data:
    dst_ref: 0x857d
    sseq: 2 req_of_ack: 0 EoT: 1
    COTP reasm status: skipped
    ATN checksum: 9a ef c9 c7
    CPDLC Downlink Message:
     Header:
      Msg ID: 2
      Msg Ref: 3
      Timestamp: 2025-04-18 22:06:16
      Logical ACK: notRequired
     Message data:
      LOGICAL ACKNOWLEDGMENT

[2025-04-19 00:06:26 CEST] [136.975] [-13.8/-31.5 dBFS] [17.7 dB] [1.8 ppm]
49D5A6 (Aircraft, Airborne) -> 10985A (Ground station): Command
AVLC type: I sseq: 2 rseq: 2 poll: 0
 X.25 Data: grp: 11 chan: 255 sseq: 5 rseq: 3 more: 0
  X.25 reasm status: skipped
  X.233 CLNP Data (compressed header):
   LRef: 0x0 Prio: 11 Flags: 0xf6
   Lifetime: 20.0 sec
   PDU Id: 0x345
   X.224 COTP Data Ack:
    dst_ref: 0x904d
    rseq: 2 credit: 2
    ATN checksum: 93 4a 7f 34

[2025-04-19 00:06:26 CEST] [136.975] [-13.8/-31.5 dBFS] [17.7 dB] [1.8 ppm]
49D5A6 (Aircraft, Airborne) -> 10985A (Ground station): Command
AVLC type: I sseq: 3 rseq: 2 poll: 0
 X.25 Data: grp: 11 chan: 255 sseq: 6 rseq: 3 more: 0
  X.25 reasm status: skipped
  X.233 CLNP Data (compressed header):
   LRef: 0x0 Prio: 11 Flags: 0xf6
   Lifetime: 20.0 sec
   PDU Id: 0x346
   X.224 COTP Data:
    dst_ref: 0x904d
    sseq: 1 req_of_ack: 0 EoT: 1
    COTP reasm status: skipped
    ATN checksum: aa 10 8e 93
    CPDLC Downlink Message:
     Header:
      Msg ID: 1
      Msg Ref: 1
      Timestamp: 2025-04-18 22:06:24
      Logical ACK: notRequired
     Message data:
      LOGICAL ACKNOWLEDGMENT

[2025-04-19 00:06:27 CEST] [136.775] [-7.9/-31.1 dBFS] [23.2 dB] [0.8 ppm]
4ACA0A (Aircraft, Airborne) -> 23D825 (Ground station): Command
AVLC type: I sseq: 3 rseq: 6 poll: 0
 X.25 Data: grp: 11 chan: 255 sseq: 1 rseq: 2 more: 0
  X.25 reasm status: skipped
  X.233 CLNP Data (compressed header):
   LRef: 0x46 Prio: 11 Flags: 0xf6
   Lifetime: 20.0 sec
   PDU Id: 0x2b4
   X.224 COTP Data:
    dst_ref: 0x857d
    sseq: 3 req_of_ack: 0 EoT: 1
    COTP reasm status: skipped
    ATN checksum: 3a de d6 3f
    CPDLC Downlink Message:
     Header:
      Msg ID: 3
      Msg Ref: 3
      Timestamp: 2025-04-18 22:06:27
      Logical ACK: required
     Message data:
      WILCO

[2025-04-19 00:06:29 CEST] [136.775] [-7.1/-30.9 dBFS] [23.8 dB] [0.8 ppm]
4ACA0A (Aircraft, Airborne) -> 23D825 (Ground station): Command
AVLC type: I sseq: 5 rseq: 0 poll: 0
 X.25 Data: grp: 11 chan: 255 sseq: 2 rseq: 4 more: 0
  X.25 reasm status: skipped
  X.233 CLNP Data (compressed header):
   LRef: 0x46 Prio: 11 Flags: 0xf6
   Lifetime: 20.0 sec
   PDU Id: 0x2b5
   X.224 COTP Data Ack:
    dst_ref: 0x857d
    rseq: 4 credit: 3
    ATN checksum: b2 c9 1b 84

[2025-04-19 00:06:29 CEST] [136.975] [-13.2/-31.5 dBFS] [18.2 dB] [1.8 ppm]
49D5A6 (Aircraft, Airborne) -> 10985A (Ground station): Command
AVLC type: I sseq: 2 rseq: 2 poll: 0
 X.25 Data: grp: 11 chan: 255 sseq: 5 rseq: 3 more: 0
  X.25 reasm status: skipped
  X.233 CLNP Data (compressed header):
   LRef: 0x0 Prio: 11 Flags: 0xf6
   Lifetime: 20.0 sec
   PDU Id: 0x345
   X.224 COTP Data Ack:
    dst_ref: 0x904d
    rseq: 2 credit: 2
    ATN checksum: 93 4a 7f 34

[2025-04-19 00:06:30 CEST] [136.675] [-10.5/-31.6 dBFS] [21.1 dB] [2.4 ppm]
48C1BB (Aircraft, Airborne) -> 11907A (Ground station): Command
AVLC type: I sseq: 6 rseq: 1 poll: 0
 X.25 Data: grp: 11 chan: 255 sseq: 4 rseq: 7 more: 0
  X.25 reasm status: skipped
  X.233 CLNP Data (compressed header):
   LRef: 0x1 Prio: 11 Flags: 0xc0
   Lifetime: 50.0 sec
   PDU Id: 0x10b3
   X.224 COTP Data Ack:
    dst_ref: 0x8579
    rseq: 6 credit: 3
    Checksum: 20 a9

[2025-04-19 00:06:31 CEST] [136.675] [-10.3/-31.9 dBFS] [21.6 dB] [2.3 ppm]
48C1BB (Aircraft, Airborne) -> 11907A (Ground station): Command
AVLC type: I sseq: 7 rseq: 1 poll: 0
 X.25 Data: grp: 11 chan: 255 sseq: 5 rseq: 7 more: 0
  X.25 reasm status: skipped
  X.233 CLNP Data (compressed header):
   LRef: 0x1 Prio: 11 Flags: 0xc0
   Lifetime: 50.0 sec
   PDU Id: 0x10b4
   X.224 COTP Data:
    dst_ref: 0x8579
    sseq: 5 req_of_ack: 0 EoT: 1
    COTP reasm status: skipped
    Checksum: 46 14
    CPDLC Downlink Message:
     Header:
      Msg ID: 5
      Msg Ref: 6
      Timestamp: 2025-04-18 22:06:29
      Logical ACK: notRequired
     Message data:
      LOGICAL ACKNOWLEDGMENT

[2025-04-19 00:06:39 CEST] [136.675] [-9.3/-31.6 dBFS] [22.3 dB] [2.3 ppm]
48C1BB (Aircraft, Airborne) -> 11907A (Ground station): Command
AVLC type: I sseq: 0 rseq: 2 poll: 0
 X.25 Data: grp: 11 chan: 255 sseq: 6 rseq: 0 more: 0
  X.25 reasm status: skipped
  X.233 CLNP Data (compressed header):
   LRef: 0x1 Prio: 11 Flags: 0xc0
   Lifetime: 50.0 sec
   PDU Id: 0x10b5
   X.224 COTP Data:
    dst_ref: 0x8579
    sseq: 6 req_of_ack: 0 EoT: 1
    COTP reasm status: skipped
    Checksum: b6 42
    CPDLC Downlink Message:
     Header:
      Msg ID: 6
      Msg Ref: 6
      Timestamp: 2025-04-18 22:06:38
      Logical ACK: required
     Message data:
      WILCO

[2025-04-19 00:06:41 CEST] [136.675] [-8.7/-31.5 dBFS] [22.8 dB] [2.4 ppm]
48C1BB (Aircraft, Airborne) -> 11907A (Ground station): Command
AVLC type: I sseq: 1 rseq: 4 poll: 0
 X.25 Data: grp: 11 chan: 255 sseq: 7 rseq: 2 more: 0
  X.25 reasm status: skipped
  X.233 CLNP Data (compressed header):
   LRef: 0x1 Prio: 11 Flags: 0xc0
   Lifetime: 50.0 sec
   PDU Id: 0x10b6
   X.224 COTP Data Ack:
    dst_ref: 0x8579
    rseq: 7 credit: 3
    Checksum: 1c ac

[2025-04-19 00:07:05 CEST] [136.675] [-7.6/-31.6 dBFS] [24.1 dB] [2.3 ppm]
48C1BB (Aircraft, Airborne) -> 11907A (Ground station): Command
AVLC type: I sseq: 2 rseq: 4 poll: 0
 ACARS:
  Reassembly: skipped
  Reg: .SP-RND Flight: FR48AC
  Mode: 2 Label: 16 Blk id: 8 More: 0 Ack: ! Msg num: M63A
  Message:
   220704,,2350, 174,N   .    MMMM.MMM

[2025-04-19 00:08:00 CEST] [136.775] [-5.3/-30.8 dBFS] [25.6 dB] [1.0 ppm]
4ACA0A (Aircraft, Airborne) -> 23D825 (Ground station): Command
AVLC type: I sseq: 0 rseq: 3 poll: 0
 X.25 Data: grp: 11 chan: 255 sseq: 4 rseq: 6 more: 0
  X.25 reasm status: skipped
  X.233 CLNP Data (compressed header):
   LRef: 0x46 Prio: 11 Flags: 0xf6
   Lifetime: 20.0 sec
   PDU Id: 0x2b7
   X.224 COTP Data Ack:
    dst_ref: 0x857d
    rseq: 4 credit: 3
    Flow control:
     Acked TPDU nr: 4
     Acked subsequence: 0
     Acked credit: 15
    ATN checksum: 49 f1 94 9a

[2025-04-19 00:08:12 CEST] [136.725] [-4.9/-31.2 dBFS] [26.3 dB] [1.9 ppm]
440CFE (Aircraft, Airborne) -> 11985A (Ground station): Command
AVLC type: I sseq: 4 rseq: 6 poll: 0
 X.25 Data: grp: 11 chan: 255 sseq: 0 rseq: 2 more: 0
  X.25 reasm status: skipped
  X.233 CLNP Data (compressed header):
   LRef: 0x42 Prio: 11 Flags: 0xf6
   Lifetime: 20.0 sec
   PDU Id: 0x196
   X.224 COTP Data Ack:
    dst_ref: 0x857b
    rseq: 4 credit: 3
    Flow control:
     Acked TPDU nr: 4
     Acked subsequence: 0
     Acked credit: 15
    ATN checksum: 49 fe 37 a9

[2025-04-19 00:08:13 CEST] [136.675] [-6.5/-31.5 dBFS] [25.0 dB] [2.1 ppm]
48C1BB (Aircraft, Airborne) -> 11907A (Ground station): Command
AVLC type: I sseq: 3 rseq: 7 poll: 0
 X.25 Data: grp: 11 chan: 255 sseq: 0 rseq: 4 more: 0
  X.25 reasm status: skipped
  X.233 CLNP Data (compressed header):
   LRef: 0x1 Prio: 11 Flags: 0xc0
   Lifetime: 50.0 sec
   PDU Id: 0x10b7
   X.224 COTP Data Ack:
    dst_ref: 0x8579
    rseq: 7 credit: 3
    Checksum: 29 ea
    Flow control:
     Acked TPDU nr: 7
     Acked subsequence: 0
     Acked credit: 15

[2025-04-19 00:08:16 CEST] [136.975] [-11.1/-31.1 dBFS] [20.0 dB] [2.6 ppm]
4D251D (Aircraft, Airborne) -> 10F66A (Ground station): Command
AVLC type: I sseq: 6 rseq: 6 poll: 0
 ACARS:
  Reassembly: skipped
  Reg: .9H-QFA Flight: FR853B
  Mode: 2 Label: 16 Blk id: 6 More: 0 Ack: ! Msg num: M37A
  Message:
   220815,,2309, 121,N   .    MMMM.MMM

[2025-04-19 00:08:21 CEST] [136.975] [-11.6/-31.6 dBFS] [20.0 dB] [2.4 ppm]
4D251D (Aircraft, Airborne) -> 10985A (Ground station): Response
AVLC type: U (XID) P/F: 1
 XID: Handoff Response
  Public params:
   Parameter set ID: 8885:1993
   Procedure classes: 00 01
   HDLC options: 20 84 80
  VDL params:
   Parameter set ID: V
   XID sequencing: seq: 2 retry: 0
   Destination airport: LEBL
   Aircraft location: 0.0N 0.0E 0 ft
   AVLC specific options: 24
   Connection management: 01

[2025-04-19 00:08:23 CEST] [136.975] [-10.9/-31.6 dBFS] [20.7 dB] [2.4 ppm]
4D251D (Aircraft, Airborne) -> 10985A (Ground station): Command
AVLC type: I sseq: 2 rseq: 4 poll: 0
 X.25 Data: grp: 11 chan: 255 sseq: 0 rseq: 2 more: 0
  X.25 reasm status: skipped
  X.233 CLNP Data (compressed header):
   LRef: 0x40 Prio: 14 Flags: 0xc0
   Lifetime: 50.0 sec
   PDU Id: 0x1458
   IDRP Open: seq: 1 ack: 1 credit_offered: 5 credit_avail: 3
    Hold Time: 900 seconds
    Max. PDU size: 3000 octets
    Source RDI: 47 00 27 41 52 59 52 00 4d 25 1d	"G.'ARYR.M%."
    RIB Attribute Set:
     RibAtt #0:
      Security:
       Reg ID: 06 04 2b 1b 00 00
    Auth mechanism: simple checksum

[2025-04-19 00:08:26 CEST] [136.975] [-10.2/-31.0 dBFS] [20.8 dB] [2.5 ppm]
4D251D (Aircraft, Airborne) -> 10985A (Ground station): Command
AVLC type: I sseq: 5 rseq: 6 poll: 0
 X.25 Data: grp: 11 chan: 255 sseq: 3 rseq: 4 more: 0
  X.25 reasm status: skipped
  X.233 CLNP Data (compressed header):
   LRef: 0x40 Prio: 14 Flags: 0xc0
   Lifetime: 50.0 sec
   PDU Id: 0x145a
   IDRP Update: seq: 2 ack: 2 credit_offered: 4 credit_avail: 3
    Route:
     ID: 2
     Local preference: 0
    RD path:
     RD_SEQ:
      47 00 27 41 52 59 52 00 4d 25 1d	"G.'ARYR.M%."
    RD hop count: 1
    Security:
     Reg ID: 06 04 2b 1b 00 00
     Info:
      Supported ATSC classes: all
    Capacity: 13
    Reachability info:
     Protocol: CLNP
     Prefix length: 88
     Dest. address prefix: 47 00 27 41 52 59 52 00 4d 25 1d	"G.'ARYR.M%."

[2025-04-19 00:08:27 CEST] [136.675] [-6.2/-31.4 dBFS] [25.2 dB] [2.1 ppm]
48C1BB (Aircraft, Airborne) -> 11907A (Ground station): Command
AVLC type: I sseq: 4 rseq: 7 poll: 0
 X.25 Data: grp: 11 chan: 255 sseq: 1 rseq: 4 more: 0
  X.25 reasm status: skipped
  X.233 CLNP Data (compressed header):
   LRef: 0x41 Prio: 11 Flags: 0xc0
   Lifetime: 50.0 sec
   PDU Id: 0x10b8
   X.224 COTP Data Ack:
    dst_ref: 0x904c
    rseq: 0 credit: 1
    Checksum: e5 0e

[2025-04-19 00:09:23 CEST] [136.725] [-8.2/-31.5 dBFS] [23.3 dB] [1.6 ppm]
440CFE (Aircraft, Airborne) -> 11985A (Ground station): Command
AVLC type: I sseq: 5 rseq: 7 poll: 0
 X.25 Data: grp: 11 chan: 255 sseq: 1 rseq: 3 more: 0
  X.25 reasm status: skipped
  X.233 CLNP Data (compressed header):
   LRef: 0x42 Prio: 11 Flags: 0xf6
   Lifetime: 20.0 sec
   PDU Id: 0x197
   X.224 COTP Data Ack:
    dst_ref: 0x857b
    rseq: 5 credit: 3
    ATN checksum: 4e 4e b3 89
   X.224 COTP Data:
    dst_ref: 0x857b
    sseq: 4 req_of_ack: 0 EoT: 1
    COTP reasm status: skipped
    ATN checksum: c2 f0 35 97
    CPDLC Downlink Message:
     Header:
      Msg ID: 4
      Msg Ref: 5
      Timestamp: 2025-04-18 22:09:22
      Logical ACK: notRequired
     Message data:
      LOGICAL ACKNOWLEDGMENT

[2025-04-19 00:09:26 CEST] [136.725] [-8.8/-31.6 dBFS] [22.9 dB] [1.6 ppm]
440CFE (Aircraft, Airborne) -> 11985A (Ground station): Command
AVLC type: I sseq: 6 rseq: 2 poll: 0
 X.25 Data: grp: 11 chan: 255 sseq: 2 rseq: 6 more: 0
  X.25 reasm status: skipped
  X.233 CLNP Data (compressed header):
   LRef: 0x43 Prio: 11 Flags: 0xf6
   Lifetime: 20.0 sec
   PDU Id: 0x198
   X.224 COTP Connect Confirm:
    src_ref: 0x0045 dst_ref: 0x9052
    Initial Credit: 1
    Protocol class: 4
    Options: 00 (use normal PDU formats)
    TPDU size (bytes): 1024
    Called/responding transport selector: 16
    Calling transport selector: 70 6d
    Priority: 3
    Ack time (ms): 1000
    Inactivity timer (ms): 360000
    Additional options: 0x00
    ATN checksum: 4e b4 18 7d
    X.225 Session SPDU: Short Accept
     X.227 ACSE Associate Response:
      Application context name: { 1.3.27.3.1 }
      Associate result: accept
      ATCDownlinkMessage: <empty PDU>

[2025-04-19 00:09:32 CEST] [136.775] [-5.4/-30.9 dBFS] [25.4 dB] [0.9 ppm]
4ACA0A (Aircraft, Airborne) -> 23D825 (Ground station): Command
AVLC type: I sseq: 1 rseq: 5 poll: 0
 X.25 Data: grp: 11 chan: 255 sseq: 5 rseq: 7 more: 0
  X.25 reasm status: skipped
  X.233 CLNP Data (compressed header):
   LRef: 0x46 Prio: 11 Flags: 0xf6
   Lifetime: 20.0 sec
   PDU Id: 0x2b8
   X.224 COTP Data Ack:
    dst_ref: 0x857d
    rseq: 4 credit: 3
    Flow control:
     Acked TPDU nr: 4
     Acked subsequence: 0
     Acked credit: 15
    ATN checksum: 49 f1 94 9a

[2025-04-19 00:09:44 CEST] [136.675] [-13.6/-31.8 dBFS] [18.2 dB] [2.2 ppm]
48C1BB (Aircraft, Airborne) -> 11907A (Ground station): Command
AVLC type: I sseq: 5 rseq: 1 poll: 0
 X.25 Data: grp: 11 chan: 255 sseq: 2 rseq: 6 more: 0
  X.25 reasm status: skipped
  X.233 CLNP Data (compressed header):
   LRef: 0x1 Prio: 11 Flags: 0xc0
   Lifetime: 50.0 sec
   PDU Id: 0x10b9
   X.224 COTP Data Ack:
    dst_ref: 0x8579
    rseq: 7 credit: 3
    Checksum: 29 ea
    Flow control:
     Acked TPDU nr: 7
     Acked subsequence: 0
     Acked credit: 15

[2025-04-19 00:10:32 CEST] [136.775] [-14.7/-32.5 dBFS] [17.8 dB] [-1.2 ppm]
7100C8 (Aircraft, Airborne) -> 233925 (Ground station): Command
AVLC type: I sseq: 4 rseq: 5 poll: 0
 ACARS:
  Reassembly: skipped
  Reg: HZ-AK36 Flight: SV0020
  Mode: 2 Label: H1 Blk id: 9 More: 0 Ack: ! Msg num: O34A
  Sublabel: 10
  Message:
   SB0122BA_HZ-AK36 KJFKOEJN368
    43660 0074032210 34998-560258049010PSZ011014

[2025-04-19 00:10:48 CEST] [136.725] [-11.5/-31.9 dBFS] [20.4 dB] [1.7 ppm]
440CFE (Aircraft, Airborne) -> 11985A (Ground station): Command
AVLC type: I sseq: 0 rseq: 5 poll: 0
 X.25 Data: grp: 11 chan: 255 sseq: 4 rseq: 1 more: 0
  X.25 reasm status: skipped
  X.233 CLNP Data (compressed header):
   LRef: 0x42 Prio: 11 Flags: 0xf6
   Lifetime: 20.0 sec
   PDU Id: 0x19a
   X.224 COTP Data:
    dst_ref: 0x857b
    sseq: 6 req_of_ack: 0 EoT: 1
    COTP reasm status: skipped
    ATN checksum: 06 50 c1 66
    CPDLC Downlink Message:
     Header:
      Msg ID: 6
      Msg Ref: 6
      Timestamp: 2025-04-18 22:10:47
      Logical ACK: required
     Message data:
      WILCO

[2025-04-19 00:11:04 CEST] [136.775] [-6.7/-31.3 dBFS] [24.7 dB] [0.6 ppm]
4ACA0A (Aircraft, Airborne) -> 23D825 (Ground station): Command
AVLC type: I sseq: 2 rseq: 7 poll: 0
 X.25 Data: grp: 11 chan: 255 sseq: 6 rseq: 0 more: 0
  X.25 reasm status: skipped
  X.233 CLNP Data (compressed header):
   LRef: 0x46 Prio: 11 Flags: 0xf6
   Lifetime: 20.0 sec
   PDU Id: 0x2b9
   X.224 COTP Data Ack:
    dst_ref: 0x857d
    rseq: 4 credit: 3
    Flow control:
     Acked TPDU nr: 4
     Acked subsequence: 0
     Acked credit: 15
    ATN checksum: 49 f1 94 9a

[2025-04-19 00:11:07 CEST] [136.775] [-12.3/-31.5 dBFS] [19.3 dB] [1.0 ppm]
4ACA0A (Aircraft, Airborne) -> 23D825 (Ground station): Command
AVLC type: I sseq: 2 rseq: 7 poll: 0
 X.25 Data: grp: 11 chan: 255 sseq: 6 rseq: 0 more: 0
  X.25 reasm status: skipped
  X.233 CLNP Data (compressed header):
   LRef: 0x46 Prio: 11 Flags: 0xf6
   Lifetime: 20.0 sec
   PDU Id: 0x2b9
   X.224 COTP Data Ack:
    dst_ref: 0x857d
    rseq: 4 credit: 3
    Flow control:
     Acked TPDU nr: 4
     Acked subsequence: 0
     Acked credit: 15
    ATN checksum: 49 f1 94 9a

[2025-04-19 00:11:26 CEST] [136.725] [-11.4/-31.3 dBFS] [19.8 dB] [1.4 ppm]
440CFE (Aircraft, Airborne) -> 11985A (Ground station): Command
AVLC type: I sseq: 2 rseq: 7 poll: 0
 X.25 Data: grp: 11 chan: 255 sseq: 6 rseq: 3 more: 0
  X.25 reasm status: skipped
  X.233 CLNP Data (compressed header):
   LRef: 0x43 Prio: 11 Flags: 0xf6
   Lifetime: 20.0 sec
   PDU Id: 0x19c
   X.224 COTP Data Ack:
    dst_ref: 0x9052
    rseq: 0 credit: 1
    ATN checksum: 8c 7f 16 e6

[2025-04-19 00:11:28 CEST] [136.725] [-9.9/-32.1 dBFS] [22.2 dB] [1.6 ppm]
440CFE (Aircraft, Airborne) -> 11985A (Ground station): Command
AVLC type: I sseq: 3 rseq: 0 poll: 0
 X.25 Data: grp: 11 chan: 255 sseq: 7 rseq: 4 more: 0
  X.25 reasm status: skipped
  X.233 CLNP Data (compressed header):
   LRef: 0x43 Prio: 11 Flags: 0xf6
   Lifetime: 20.0 sec
   PDU Id: 0x19d
   X.224 COTP Data Ack:
    dst_ref: 0x9052
    rseq: 0 credit: 1
    Flow control:
     Acked TPDU nr: 0
     Acked subsequence: 0
     Acked credit: 1
    ATN checksum: 82 bf 7a ac

[2025-04-19 00:11:30 CEST] [136.725] [-9.0/-31.5 dBFS] [22.4 dB] [1.5 ppm]
440CFE (Aircraft, Airborne) -> 11985A (Ground station): Command
AVLC type: I sseq: 2 rseq: 0 poll: 0
 X.25 Data: grp: 11 chan: 255 sseq: 6 rseq: 3 more: 0
  X.25 reasm status: skipped
  X.233 CLNP Data (compressed header):
   LRef: 0x43 Prio: 11 Flags: 0xf6
   Lifetime: 20.0 sec
   PDU Id: 0x19c
   X.224 COTP Data Ack:
    dst_ref: 0x9052
    rseq: 0 credit: 1
    ATN checksum: 8c 7f 16 e6

[2025-04-19 00:11:30 CEST] [136.725] [-8.7/-31.8 dBFS] [23.0 dB] [1.4 ppm]
440CFE (Aircraft, Airborne) -> 11985A (Ground station): Command
AVLC type: I sseq: 3 rseq: 0 poll: 0
 X.25 Data: grp: 11 chan: 255 sseq: 7 rseq: 4 more: 0
  X.25 reasm status: skipped
  X.233 CLNP Data (compressed header):
   LRef: 0x43 Prio: 11 Flags: 0xf6
   Lifetime: 20.0 sec
   PDU Id: 0x19d
   X.224 COTP Data Ack:
    dst_ref: 0x9052
    rseq: 0 credit: 1
    Flow control:
     Acked TPDU nr: 0
     Acked subsequence: 0
     Acked credit: 1
    ATN checksum: 82 bf 7a ac

[2025-04-19 00:11:32 CEST] [136.725] [-9.8/-31.6 dBFS] [21.9 dB] [1.5 ppm]
440CFE (Aircraft, Airborne) -> 11985A (Ground station): Command
AVLC type: I sseq: 2 rseq: 0 poll: 0
 X.25 Data: grp: 11 chan: 255 sseq: 6 rseq: 3 more: 0
  X.25 reasm status: skipped
  X.233 CLNP Data (compressed header):
   LRef: 0x43 Prio: 11 Flags: 0xf6
   Lifetime: 20.0 sec
   PDU Id: 0x19c
   X.224 COTP Data Ack:
    dst_ref: 0x9052
    rseq: 0 credit: 1
    ATN checksum: 8c 7f 16 e6

[2025-04-19 00:11:33 CEST] [136.725] [-10.1/-31.5 dBFS] [21.4 dB] [1.5 ppm]
440CFE (Aircraft, Airborne) -> 11985A (Ground station): Command
AVLC type: I sseq: 3 rseq: 0 poll: 0
 X.25 Data: grp: 11 chan: 255 sseq: 7 rseq: 4 more: 0
  X.25 reasm status: skipped
  X.233 CLNP Data (compressed header):
   LRef: 0x43 Prio: 11 Flags: 0xf6
   Lifetime: 20.0 sec
   PDU Id: 0x19d
   X.224 COTP Data Ack:
    dst_ref: 0x9052
    rseq: 0 credit: 1
    Flow control:
     Acked TPDU nr: 0
     Acked subsequence: 0
     Acked credit: 1
    ATN checksum: 82 bf 7a ac

[2025-04-19 00:11:50 CEST] [136.675] [-12.5/-31.8 dBFS] [19.3 dB] [0.4 ppm]
4D2006 (Aircraft, Airborne) -> 11907A (Ground station): Command
AVLC type: I sseq: 2 rseq: 7 poll: 0
 X.25 Data: grp: 11 chan: 255 sseq: 0 rseq: 5 more: 0
  X.25 reasm status: skipped
  X.233 CLNP Data (compressed header):
   LRef: 0x42 Prio: 11 Flags: 0xf6
   Lifetime: 20.0 sec
   PDU Id: 0x4c
   X.224 COTP Data Ack:
    dst_ref: 0x857c
    rseq: 5 credit: 3
    Flow control:
     Acked TPDU nr: 5
     Acked subsequence: 0
     Acked credit: 15
    ATN checksum: cf fc f9 3c

[2025-04-19 00:12:20 CEST] [136.725] [-9.0/-31.5 dBFS] [22.5 dB] [1.6 ppm]
440CFE (Aircraft, Airborne) -> 11985A (Ground station): Command
AVLC type: I sseq: 4 rseq: 2 poll: 0
 X.25 Data: grp: 11 chan: 255 sseq: 0 rseq: 6 more: 0
  X.25 reasm status: skipped
  X.233 CLNP Data (compressed header):
   LRef: 0x42 Prio: 11 Flags: 0xf6
   Lifetime: 20.0 sec
   PDU Id: 0x19e
   X.224 COTP Data Ack:
    dst_ref: 0x857b
    rseq: 7 credit: 3
    Flow control:
     Acked TPDU nr: 7
     Acked subsequence: 0
     Acked credit: 15
    ATN checksum: 3a ce 61 b8

[2025-04-19 00:12:36 CEST] [136.775] [-6.3/-31.2 dBFS] [24.8 dB] [0.7 ppm]
4ACA0A (Aircraft, Airborne) -> 23D825 (Ground station): Command
AVLC type: I sseq: 5 rseq: 2 poll: 0
 X.25 Data: grp: 11 chan: 255 sseq: 0 rseq: 2 more: 0
  X.25 reasm status: skipped
  X.233 CLNP Data (compressed header):
   LRef: 0x46 Prio: 11 Flags: 0xf6
   Lifetime: 20.0 sec
   PDU Id: 0x2bb
   X.224 COTP Data Ack:
    dst_ref: 0x857d
    rseq: 4 credit: 3
    Flow control:
     Acked TPDU nr: 4
     Acked subsequence: 0
     Acked credit: 15
    ATN checksum: 49 f1 94 9a

[2025-04-19 00:12:48 CEST] [136.675] [-10.8/-31.4 dBFS] [20.6 dB] [0.0 ppm]
4D2006 (Aircraft, Airborne) -> 11907A (Ground station): Command
AVLC type: I sseq: 3 rseq: 7 poll: 0
 X.25 Data: grp: 11 chan: 255 sseq: 1 rseq: 5 more: 0
  X.25 reasm status: skipped
  X.233 CLNP Data (compressed header):
   LRef: 0x43 Prio: 11 Flags: 0xf6
   Lifetime: 20.0 sec
   PDU Id: 0x4d
   X.224 COTP Data Ack:
    dst_ref: 0x9051
    rseq: 0 credit: 1
    ATN checksum: b0 29 93 79

[2025-04-19 00:12:49 CEST] [136.675] [-11.0/-31.4 dBFS] [20.4 dB] [0.3 ppm]
4D2006 (Aircraft, Airborne) -> 11907A (Ground station): Command
AVLC type: I sseq: 4 rseq: 0 poll: 0
 X.25 Data: grp: 11 chan: 255 sseq: 2 rseq: 6 more: 0
  X.25 reasm status: skipped
  X.233 CLNP Data (compressed header):
   LRef: 0x43 Prio: 11 Flags: 0xf6
   Lifetime: 20.0 sec
   PDU Id: 0x4e
   X.224 COTP Data Ack:
    dst_ref: 0x9051
    rseq: 0 credit: 1
    Flow control:
     Acked TPDU nr: 0
     Acked subsequence: 0
     Acked credit: 1
    ATN checksum: 83 14 16 99

[2025-04-19 00:13:00 CEST] [136.675] [-11.0/-31.6 dBFS] [20.5 dB] [-0.0 ppm]
4D2006 (Aircraft, Airborne) -> 11907A (Ground station): Command
AVLC type: I sseq: 6 rseq: 3 poll: 0
 X.25 Data: grp: 11 chan: 255 sseq: 4 rseq: 1 more: 0
  X.25 reasm status: skipped
  X.233 CLNP Data (compressed header):
   LRef: 0x42 Prio: 11 Flags: 0xf6
   Lifetime: 20.0 sec
   PDU Id: 0x50
   X.224 COTP Data:
    dst_ref: 0x857c
    sseq: 6 req_of_ack: 0 EoT: 1
    COTP reasm status: skipped
    ATN checksum: 94 3c bd b9
    X.227 ACSE Release Response:
     Reason: normal
     CPDLC Downlink Message:
      Header:
       Msg ID: 6
       Msg Ref: 7
       Timestamp: 2025-04-18 22:12:58
       Logical ACK: notRequired
      Message data:
       WILCO

[2025-04-19 00:13:01 CEST] [136.675] [-11.7/-31.5 dBFS] [19.7 dB] [0.0 ppm]
4D2006 (Aircraft, Airborne) -> 11907A (Ground station): Command
AVLC type: I sseq: 7 rseq: 3 poll: 0
 X.25 Data: grp: 11 chan: 255 sseq: 5 rseq: 1 more: 0
  X.25 reasm status: skipped
  X.233 CLNP Data (compressed header):
   LRef: 0x43 Prio: 11 Flags: 0xf6
   Lifetime: 20.0 sec
   PDU Id: 0x51
   X.224 COTP Data:
    dst_ref: 0x9051
    sseq: 0 req_of_ack: 0 EoT: 1
    COTP reasm status: skipped
    ATN checksum: e0 86 e5 fc
    CPDLC Downlink Message:
     Header:
      Msg ID: 0
      Timestamp: 2025-04-18 22:12:59
      Logical ACK: required
     Message data:
      CURRENT DATA AUTHORITY

[2025-04-19 00:13:01 CEST] [136.675] [-11.6/-31.5 dBFS] [19.9 dB] [0.1 ppm]
4D2006 (Aircraft, Airborne) -> 11907A (Ground station): Command
AVLC type: I sseq: 0 rseq: 5 poll: 0
 X.25 Data: grp: 11 chan: 255 sseq: 6 rseq: 3 more: 0
  X.25 reasm status: skipped
  X.233 CLNP Data (compressed header):
   LRef: 0x42 Prio: 11 Flags: 0xf6
   Lifetime: 20.0 sec
   PDU Id: 0x52
   X.224 COTP Disconnect Confirm:
    src_ref: 0x0034 dst_ref: 0x857c
    ATN checksum: 9d dc d0 dc

[2025-04-19 00:13:04 CEST] [136.675] [-13.6/-31.6 dBFS] [18.0 dB] [-0.0 ppm]
4D2006 (Aircraft, Airborne) -> 11907A (Ground station): Command
AVLC type: I sseq: 1 rseq: 7 poll: 0
 X.25 Data: grp: 11 chan: 255 sseq: 7 rseq: 5 more: 0
  X.25 reasm status: skipped
  X.233 CLNP Data (compressed header):
   LRef: 0x43 Prio: 11 Flags: 0xf6
   Lifetime: 20.0 sec
   PDU Id: 0x53
   X.224 COTP Data Ack:
    dst_ref: 0x9051
    rseq: 1 credit: 2
    ATN checksum: 24 c8 8e 69

[2025-04-19 00:13:05 CEST] [136.775] [-6.2/-31.2 dBFS] [25.0 dB] [0.4 ppm]
4ACA0A (Aircraft, Airborne) -> 23D825 (Ground station): Command
AVLC type: I sseq: 6 rseq: 2 poll: 0
 ACARS:
  Reassembly: skipped
  Reg: .SE-RPJ Flight: D801YP
  Mode: 2 Label: B9 Blk id: 2 More: 0 Ack: ! Msg num: L15A
  Message:
   /LEBL.TI2/024LEBLA93E5

[2025-04-19 00:13:05 CEST] [136.675] [-14.5/-31.2 dBFS] [16.8 dB] [0.2 ppm]
4D2006 (Aircraft, Airborne) -> 11907A (Ground station): Command
AVLC type: I sseq: 2 rseq: 0 poll: 0
 X.25 Data: grp: 11 chan: 255 sseq: 0 rseq: 6 more: 0
  X.25 reasm status: skipped
  X.233 CLNP Data (compressed header):
   LRef: 0x43 Prio: 11 Flags: 0xf6
   Lifetime: 20.0 sec
   PDU Id: 0x54
   X.224 COTP Data Ack:
    dst_ref: 0x9051
    rseq: 2 credit: 2
    ATN checksum: 79 95 c0 14
   X.224 COTP Data:
    dst_ref: 0x9051
    sseq: 1 req_of_ack: 0 EoT: 1
    COTP reasm status: skipped
    ATN checksum: 8c 69 7a a5
    CPDLC Downlink Message:
     Header:
      Msg ID: 1
      Msg Ref: 1
      Timestamp: 2025-04-18 22:13:04
      Logical ACK: notRequired
     Message data:
      LOGICAL ACKNOWLEDGMENT

[2025-04-19 00:13:28 CEST] [136.725] [-8.8/-31.3 dBFS] [22.5 dB] [1.5 ppm]
440CFE (Aircraft, Airborne) -> 11985A (Ground station): Command
AVLC type: I sseq: 6 rseq: 3 poll: 0
 X.25 Data: grp: 11 chan: 255 sseq: 2 rseq: 7 more: 0
  X.25 reasm status: skipped
  X.233 CLNP Data (compressed header):
   LRef: 0x43 Prio: 11 Flags: 0xf6
   Lifetime: 20.0 sec
   PDU Id: 0x1a0
   X.224 COTP Data Ack:
    dst_ref: 0x9052
    rseq: 0 credit: 1
    ATN checksum: 8c 7f 16 e6

