[2025-05-08 00:00:12 CEST] [136.725] [-0.2/-31.2 dBFS] [31.0 dB] [5.3 ppm]
4CA8D8 (Aircraft, Airborne) -> 11984A (Ground station): Command
AVLC type: I sseq: 5 rseq: 6 poll: 0
 X.25 Data: grp: 11 chan: 255 sseq: 2 rseq: 3 more: 0
  X.25 reasm status: skipped
  X.233 CLNP Data (compressed header):
   LRef: 0x42 Prio: 11 Flags: 0xc0
   Lifetime: 50.0 sec
   PDU Id: 0x16bd
   X.224 COTP Data Ack:
    dst_ref: 0x7a37
    rseq: 6 credit: 3
    Checksum: b4 ae
    Flow control:
     Acked TPDU nr: 6
     Acked subsequence: 0
     Acked credit: 15

[2025-05-08 00:00:55 CEST] [136.675] [-3.1/-31.7 dBFS] [28.6 dB] [1.4 ppm]
3C49C9 (Aircraft, Airborne) -> 11907A (Ground station): Command
AVLC type: I sseq: 2 rseq: 6 poll: 0
 X.25 Data: grp: 11 chan: 255 sseq: 1 rseq: 6 more: 0
  X.25 reasm status: skipped
  X.233 CLNP Data (compressed header):
   LRef: 0x43 Prio: 11 Flags: 0xf6
   Lifetime: 20.0 sec
   PDU Id: 0x17a
   X.224 COTP Data Ack:
    dst_ref: 0x0be3
    rseq: 0 credit: 1
    Flow control:
     Acked TPDU nr: 0
     Acked subsequence: 0
     Acked credit: 10
    ATN checksum: 99 83 83 fb

[2025-05-08 00:01:22 CEST] [136.675] [-3.6/-31.2 dBFS] [27.6 dB] [1.3 ppm]
3C49C9 (Aircraft, Airborne) -> 11907A (Ground station): Command
AVLC type: I sseq: 3 rseq: 7 poll: 0
 X.25 Data: grp: 11 chan: 255 sseq: 2 rseq: 7 more: 0
  X.25 reasm status: skipped
  X.233 CLNP Data (compressed header):
   LRef: 0x41 Prio: 11 Flags: 0xf6
   Lifetime: 20.0 sec
   PDU Id: 0x17b
   X.224 COTP Data Ack:
    dst_ref: 0x7a33
    rseq: 5 credit: 3
    Flow control:
     Acked TPDU nr: 5
     Acked subsequence: 0
     Acked credit: 15
    ATN checksum: 6e e8 e0 43

[2025-05-08 00:01:28 CEST] [136.725] [0.1/-30.9 dBFS] [31.0 dB] [1.4 ppm]
440C36 (Aircraft, Airborne) -> 11984A (Ground station): Command
AVLC type: I sseq: 3 rseq: 5 poll: 0
 X.25 Data: grp: 11 chan: 255 sseq: 6 rseq: 0 more: 0
  X.25 reasm status: skipped
  X.233 CLNP Data (compressed header):
   LRef: 0x42 Prio: 11 Flags: 0xf6
   Lifetime: 20.0 sec
   PDU Id: 0x33b
   X.224 COTP Data Ack:
    dst_ref: 0x7a32
    rseq: 4 credit: 3
    Flow control:
     Acked TPDU nr: 4
     Acked subsequence: 0
     Acked credit: 15
    ATN checksum: 1e bc 3b 30

[2025-05-08 00:01:44 CEST] [136.725] [-1.2/-30.7 dBFS] [29.5 dB] [5.0 ppm]
4CA8D8 (Aircraft, Airborne) -> 11984A (Ground station): Command
AVLC type: I sseq: 6 rseq: 7 poll: 0
 X.25 Data: grp: 11 chan: 255 sseq: 3 rseq: 4 more: 0
  X.25 reasm status: skipped
  X.233 CLNP Data (compressed header):
   LRef: 0x42 Prio: 11 Flags: 0xc0
   Lifetime: 50.0 sec
   PDU Id: 0x16be
   X.224 COTP Data Ack:
    dst_ref: 0x7a37
    rseq: 6 credit: 3
    Checksum: b4 ae
    Flow control:
     Acked TPDU nr: 6
     Acked subsequence: 0
     Acked credit: 15

[2025-05-08 00:01:57 CEST] [136.675] [-7.7/-31.5 dBFS] [23.8 dB] [1.4 ppm]
3C49C9 (Aircraft, Airborne) -> 11907A (Ground station): Command
AVLC type: I sseq: 4 rseq: 0 poll: 0
 X.25 Data: grp: 11 chan: 255 sseq: 3 rseq: 0 more: 0
  X.25 reasm status: skipped
  X.233 CLNP Data (compressed header):
   LRef: 0x43 Prio: 11 Flags: 0xf6
   Lifetime: 20.0 sec
   PDU Id: 0x17c
   X.224 COTP Data Ack:
    dst_ref: 0x0be3
    rseq: 0 credit: 1
    Flow control:
     Acked TPDU nr: 0
     Acked subsequence: 0
     Acked credit: 10
    ATN checksum: 99 83 83 fb

[2025-05-08 00:02:30 CEST] [136.675] [-9.5/-31.9 dBFS] [22.4 dB] [1.5 ppm]
3C49C9 (Aircraft, Airborne) -> 11907A (Ground station): Command
AVLC type: I sseq: 5 rseq: 0 poll: 0
 ACARS:
  Reassembly: skipped
  Reg: .D-ABNI Flight: LH027T
  Mode: 2 Label: 1L Blk id: 5 More: 0 Ack: ! Msg num: M55A
  Message:
   00134209221V55-KP9K:)BV:488YQQ5(4JTT-FPB-WV*W4**HQ5))+

[2025-05-08 00:02:54 CEST] [136.675] [-7.8/-32.3 dBFS] [24.6 dB] [1.3 ppm]
3C49C9 (Aircraft, Airborne) -> 11907A (Ground station): Command
AVLC type: I sseq: 6 rseq: 2 poll: 0
 X.25 Data: grp: 11 chan: 255 sseq: 4 rseq: 1 more: 0
  X.25 reasm status: skipped
  X.233 CLNP Data (compressed header):
   LRef: 0x41 Prio: 11 Flags: 0xf6
   Lifetime: 20.0 sec
   PDU Id: 0x17d
   X.224 COTP Data Ack:
    dst_ref: 0x7a33
    rseq: 5 credit: 3
    Flow control:
     Acked TPDU nr: 5
     Acked subsequence: 0
     Acked credit: 15
    ATN checksum: 6e e8 e0 43

[2025-05-08 00:02:59 CEST] [136.675] [-6.5/-32.3 dBFS] [25.8 dB] [1.5 ppm]
3C49C9 (Aircraft, Airborne) -> 11907A (Ground station): Command
AVLC type: I sseq: 7 rseq: 3 poll: 0
 X.25 Data: grp: 11 chan: 255 sseq: 5 rseq: 2 more: 0
  X.25 reasm status: skipped
  X.233 CLNP Data (compressed header):
   LRef: 0x43 Prio: 11 Flags: 0xf6
   Lifetime: 20.0 sec
   PDU Id: 0x17e
   X.224 COTP Data Ack:
    dst_ref: 0x0be3
    rseq: 0 credit: 1
    Flow control:
     Acked TPDU nr: 0
     Acked subsequence: 0
     Acked credit: 10
    ATN checksum: 99 83 83 fb

[2025-05-08 00:03:03 CEST] [136.725] [-9.9/-31.7 dBFS] [21.7 dB] [1.2 ppm]
440C36 (Aircraft, Airborne) -> 11984A (Ground station): Command
AVLC type: I sseq: 4 rseq: 6 poll: 0
 X.25 Data: grp: 11 chan: 255 sseq: 7 rseq: 1 more: 0
  X.25 reasm status: skipped
  X.233 CLNP Data (compressed header):
   LRef: 0x42 Prio: 11 Flags: 0xf6
   Lifetime: 20.0 sec
   PDU Id: 0x33c
   X.224 COTP Data Ack:
    dst_ref: 0x7a32
    rseq: 4 credit: 3
    Flow control:
     Acked TPDU nr: 4
     Acked subsequence: 0
     Acked credit: 15
    ATN checksum: 1e bc 3b 30

[2025-05-08 00:03:12 CEST] [136.975] [-13.3/-32.1 dBFS] [18.8 dB] [2.9 ppm]
4CAD64 (Aircraft, Airborne) -> 10FA4A (Ground station): Command
AVLC type: U (XID) P/F: 1
 XID: Handoff Initiation
  Public params:
   Parameter set ID: 8885:1993
   Procedure classes: 00 01
   HDLC options: 20 84 80
  VDL params:
   Parameter set ID: V
   XID sequencing: seq: 6 retry: 2
   Destination airport: EIDW
   Aircraft location: 43.4N 7.8E 38000 ft
   Alternate ground stations: 10FA5A 10952A 10F63A 10F60B 10907A 10F66A
   AVLC specific options: 24
   Connection management: 01

[2025-05-08 00:03:16 CEST] [136.725] [-0.8/-32.0 dBFS] [31.2 dB] [5.0 ppm]
4CA8D8 (Aircraft, Airborne) -> 11984A (Ground station): Command
AVLC type: I sseq: 0 rseq: 1 poll: 0
 X.25 Data: grp: 11 chan: 255 sseq: 5 rseq: 6 more: 0
  X.25 reasm status: skipped
  X.233 CLNP Data (compressed header):
   LRef: 0x42 Prio: 11 Flags: 0xc0
   Lifetime: 50.0 sec
   PDU Id: 0x16c0
   X.224 COTP Data Ack:
    dst_ref: 0x7a37
    rseq: 6 credit: 3
    Checksum: b4 ae
    Flow control:
     Acked TPDU nr: 6
     Acked subsequence: 0
     Acked credit: 15

[2025-05-08 00:03:23 CEST] [136.975] [-11.1/-32.0 dBFS] [20.9 dB] [2.9 ppm]
4CAD64 (Aircraft, Airborne) -> 10FA4A (Ground station): Command
AVLC type: U (XID) P/F: 1
 XID: Handoff Initiation
  Public params:
   Parameter set ID: 8885:1993
   Procedure classes: 00 01
   HDLC options: 20 84 80
  VDL params:
   Parameter set ID: V
   XID sequencing: seq: 6 retry: 3
   Destination airport: EIDW
   Aircraft location: 43.4N 7.8E 38000 ft
   Alternate ground stations: 10FA5A 10952A 10F63A 10F60B 10907A 10F66A
   AVLC specific options: 24
   Connection management: 01

[2025-05-08 00:03:27 CEST] [136.975] [-13.3/-32.1 dBFS] [18.8 dB] [2.7 ppm]
4CAD64 (Aircraft, Airborne) -> 10FA7A (Ground station): Command
AVLC type: I sseq: 4 rseq: 5 poll: 0
 X.25 Data: grp: 11 chan: 255 sseq: 2 rseq: 3 more: 0
  X.25 reasm status: skipped
  X.233 CLNP Data (compressed header):
   LRef: 0x41 Prio: 11 Flags: 0xc0
   Lifetime: 50.0 sec
   PDU Id: 0x1d7d
   X.224 COTP Data Ack:
    dst_ref: 0x7a46
    rseq: 4 credit: 3
    Checksum: 65 f2
    Flow control:
     Acked TPDU nr: 4
     Acked subsequence: 0
     Acked credit: 15

[2025-05-08 00:03:32 CEST] [136.775] [-12.6/-31.7 dBFS] [19.1 dB] [4.0 ppm]
440B90 (Aircraft, Airborne) -> 210DC5 (Ground station): Command
AVLC type: I sseq: 5 rseq: 0 poll: 0
 X.25 Data: grp: 11 chan: 255 sseq: 3 rseq: 4 more: 0
  X.25 reasm status: skipped
  X.233 CLNP Data (compressed header):
   LRef: 0x41 Prio: 11 Flags: 0xc0
   Lifetime: 50.0 sec
   PDU Id: 0x24c
   X.224 COTP Data Ack:
    dst_ref: 0x7a41
    rseq: 2 credit: 2
    Checksum: 81 e0
    Flow control:
     Acked TPDU nr: 2
     Acked subsequence: 0
     Acked credit: 15

[2025-05-08 00:03:36 CEST] [136.975] [-8.5/-31.8 dBFS] [23.3 dB] [2.9 ppm]
4CAD64 (Aircraft, Airborne) -> 10FA4A (Ground station): Command
AVLC type: U (XID) P/F: 1
 XID: Handoff Initiation
  Public params:
   Parameter set ID: 8885:1993
   Procedure classes: 00 01
   HDLC options: 20 84 80
  VDL params:
   Parameter set ID: V
   XID sequencing: seq: 6 retry: 4
   Destination airport: EIDW
   Aircraft location: 43.4N 7.8E 38000 ft
   Alternate ground stations: 10FA5A 10952A 10F63A 10F60B 10907A 10F66A
   AVLC specific options: 24
   Connection management: 01

[2025-05-08 00:03:37 CEST] [136.675] [-4.6/-32.1 dBFS] [27.5 dB] [1.4 ppm]
3C49C9 (Aircraft, Airborne) -> 11907A (Ground station): Command
AVLC type: I sseq: 0 rseq: 4 poll: 0
 X.25 Data: grp: 11 chan: 255 sseq: 6 rseq: 3 more: 0
  X.25 reasm status: skipped
  X.233 CLNP Data (compressed header):
   LRef: 0x41 Prio: 11 Flags: 0xf6
   Lifetime: 20.0 sec
   PDU Id: 0x17f
   X.224 COTP Data Ack:
    dst_ref: 0x7a33
    rseq: 6 credit: 3
    ATN checksum: 64 10 db dc
   X.224 COTP Data:
    dst_ref: 0x7a33
    sseq: 5 req_of_ack: 0 EoT: 1
    COTP reasm status: skipped
    ATN checksum: 38 a6 23 06
    CPDLC Downlink Message:
     Header:
      Msg ID: 5
      Msg Ref: 7
      Timestamp: 2025-05-07 22:03:36
      Logical ACK: notRequired
     Message data:
      LOGICAL ACKNOWLEDGMENT

[2025-05-08 00:03:43 CEST] [136.675] [-4.8/-32.5 dBFS] [27.7 dB] [1.3 ppm]
3C49C9 (Aircraft, Airborne) -> 11907A (Ground station): Command
AVLC type: I sseq: 1 rseq: 5 poll: 0
 X.25 Data: grp: 11 chan: 255 sseq: 7 rseq: 4 more: 0
  X.25 reasm status: skipped
  X.233 CLNP Data (compressed header):
   LRef: 0x41 Prio: 11 Flags: 0xf6
   Lifetime: 20.0 sec
   PDU Id: 0x180
   X.224 COTP Data:
    dst_ref: 0x7a33
    sseq: 6 req_of_ack: 0 EoT: 1
    COTP reasm status: skipped
    ATN checksum: bf e3 78 90
    X.227 ACSE Release Response:
     Reason: normal
     CPDLC Downlink Message:
      Header:
       Msg ID: 6
       Msg Ref: 7
       Timestamp: 2025-05-07 22:03:42
       Logical ACK: notRequired
      Message data:
       WILCO

[2025-05-08 00:03:44 CEST] [136.675] [-5.2/-32.2 dBFS] [27.0 dB] [1.4 ppm]
3C49C9 (Aircraft, Airborne) -> 11907A (Ground station): Command
AVLC type: I sseq: 2 rseq: 5 poll: 0
 X.25 Data: grp: 11 chan: 255 sseq: 0 rseq: 4 more: 0
  X.25 reasm status: skipped
  X.233 CLNP Data (compressed header):
   LRef: 0x43 Prio: 11 Flags: 0xf6
   Lifetime: 20.0 sec
   PDU Id: 0x181
   X.224 COTP Data:
    dst_ref: 0x0be3
    sseq: 0 req_of_ack: 0 EoT: 1
    COTP reasm status: skipped
    ATN checksum: 3b 45 4c 36
    CPDLC Downlink Message:
     Header:
      Msg ID: 0
      Timestamp: 2025-05-07 22:03:42
      Logical ACK: required
     Message data:
      CURRENT DATA AUTHORITY

[2025-05-08 00:03:44 CEST] [136.675] [-5.3/-32.0 dBFS] [26.7 dB] [1.5 ppm]
3C49C9 (Aircraft, Airborne) -> 11907A (Ground station): Command
AVLC type: I sseq: 3 rseq: 7 poll: 0
 X.25 Data: grp: 11 chan: 255 sseq: 1 rseq: 6 more: 0
  X.25 reasm status: skipped
  X.233 CLNP Data (compressed header):
   LRef: 0x41 Prio: 11 Flags: 0xf6
   Lifetime: 20.0 sec
   PDU Id: 0x182
   X.224 COTP Disconnect Confirm:
    src_ref: 0x003e dst_ref: 0x7a33
    ATN checksum: 82 9e 38 3d

[2025-05-08 00:03:45 CEST] [136.675] [-5.3/-31.7 dBFS] [26.4 dB] [1.4 ppm]
3C49C9 (Aircraft, Airborne) -> 11907A (Ground station): Command
AVLC type: I sseq: 4 rseq: 1 poll: 0
 X.25 Data: grp: 11 chan: 255 sseq: 2 rseq: 0 more: 0
  X.25 reasm status: skipped
  X.233 CLNP Data (compressed header):
   LRef: 0x43 Prio: 11 Flags: 0xf6
   Lifetime: 20.0 sec
   PDU Id: 0x183
   X.224 COTP Data Ack:
    dst_ref: 0x0be3
    rseq: 1 credit: 2
    ATN checksum: 8a 2d 79 12

[2025-05-08 00:03:52 CEST] [136.975] [-10.7/-32.2 dBFS] [21.6 dB] [2.8 ppm]
4CAD64 (Aircraft, Airborne) -> 10FA4A (Ground station): Command
AVLC type: U (XID) P/F: 1
 XID: Handoff Initiation
  Public params:
   Parameter set ID: 8885:1993
   Procedure classes: 00 01
   HDLC options: 20 84 80
  VDL params:
   Parameter set ID: V
   XID sequencing: seq: 6 retry: 5
   Destination airport: EIDW
   Aircraft location: 43.4N 7.8E 38000 ft
   Alternate ground stations: 10FA5A 10952A 10F63A 10F60B 10907A 10F66A
   AVLC specific options: 24
   Connection management: 01

[2025-05-08 00:03:59 CEST] [136.675] [-5.1/-31.7 dBFS] [26.6 dB] [2.8 ppm]
4CA95E (Aircraft, Airborne) -> 11907A (Ground station): Command
AVLC type: I sseq: 2 rseq: 2 poll: 0
 ACARS:
  Reassembly: skipped
  Reg: .EI-HAW Flight: FR46CL
  Mode: 2 Label: 16 Blk id: 0 More: 0 Ack: ! Msg num: M56A
  Message:
   220357,37996,2338, 113,N 44.377 E  6.813

[2025-05-08 00:04:03 CEST] [136.975] [-13.1/-31.6 dBFS] [18.6 dB] [1.6 ppm]
4952CE (Aircraft, Airborne) -> 109C2A (Ground station): Command
AVLC type: I sseq: 7 rseq: 4 poll: 0
 X.25 Data: grp: 11 chan: 255 sseq: 4 rseq: 1 more: 0
  X.25 reasm status: skipped
  X.233 CLNP Data (compressed header):
   LRef: 0x46 Prio: 11 Flags: 0xf6
   Lifetime: 20.0 sec
   PDU Id: 0x405
   X.224 COTP Data Ack:
    dst_ref: 0x0be4
    rseq: 0 credit: 1
    Flow control:
     Acked TPDU nr: 0
     Acked subsequence: 0
     Acked credit: 10
    ATN checksum: 9e 0b 78 5c

[2025-05-08 00:04:06 CEST] [136.975] [-11.1/-31.6 dBFS] [20.5 dB] [1.6 ppm]
4952CE (Aircraft, Airborne) -> 109C2A (Ground station): Command
AVLC type: I sseq: 7 rseq: 4 poll: 0
 X.25 Data: grp: 11 chan: 255 sseq: 4 rseq: 1 more: 0
  X.25 reasm status: skipped
  X.233 CLNP Data (compressed header):
   LRef: 0x46 Prio: 11 Flags: 0xf6
   Lifetime: 20.0 sec
   PDU Id: 0x405
   X.224 COTP Data Ack:
    dst_ref: 0x0be4
    rseq: 0 credit: 1
    Flow control:
     Acked TPDU nr: 0
     Acked subsequence: 0
     Acked credit: 10
    ATN checksum: 9e 0b 78 5c

[2025-05-08 00:04:10 CEST] [136.975] [-13.3/-32.2 dBFS] [18.9 dB] [2.9 ppm]
4CAD64 (Aircraft, Airborne) -> 10FA5A (Ground station): Command
AVLC type: U (XID) P/F: 1
 XID: Handoff Initiation
  Public params:
   Parameter set ID: 8885:1993
   Procedure classes: 00 01
   HDLC options: 20 84 80
  VDL params:
   Parameter set ID: V
   XID sequencing: seq: 7 retry: 0
   Destination airport: EIDW
   Aircraft location: 43.5N 7.7E 38000 ft
   Alternate ground stations: 10952A 10985A 10F63A 10907A 10F69B 10F60B 10F66A 1098BA
   AVLC specific options: 24
   Connection management: 01

[2025-05-08 00:04:15 CEST] [136.775] [-5.8/-31.4 dBFS] [25.6 dB] [4.0 ppm]
440B90 (Aircraft, Airborne) -> 210DC5 (Ground station): Command
AVLC type: I sseq: 6 rseq: 1 poll: 0
 X.25 Data: grp: 11 chan: 255 sseq: 4 rseq: 5 more: 0
  X.25 reasm status: skipped
  X.233 CLNP Data (compressed header):
   LRef: 0x41 Prio: 11 Flags: 0xc0
   Lifetime: 50.0 sec
   PDU Id: 0x24d
   X.224 COTP Data Ack:
    dst_ref: 0x7a41
    rseq: 3 credit: 2
    Checksum: 8e 82

[2025-05-08 00:04:16 CEST] [136.775] [-6.8/-31.8 dBFS] [25.0 dB] [3.9 ppm]
440B90 (Aircraft, Airborne) -> 210DC5 (Ground station): Command
AVLC type: I sseq: 7 rseq: 1 poll: 0
 X.25 Data: grp: 11 chan: 255 sseq: 5 rseq: 5 more: 0
  X.25 reasm status: skipped
  X.233 CLNP Data (compressed header):
   LRef: 0x41 Prio: 11 Flags: 0xc0
   Lifetime: 50.0 sec
   PDU Id: 0x24e
   X.224 COTP Data:
    dst_ref: 0x7a41
    sseq: 2 req_of_ack: 0 EoT: 1
    COTP reasm status: skipped
    Checksum: 95 25
    CPDLC Downlink Message:
     Header:
      Msg ID: 2
      Msg Ref: 3
      Timestamp: 2025-05-07 22:04:14
      Logical ACK: notRequired
     Message data:
      LOGICAL ACKNOWLEDGMENT

[2025-05-08 00:04:19 CEST] [136.775] [-4.3/-31.5 dBFS] [27.3 dB] [4.0 ppm]
440B90 (Aircraft, Airborne) -> 210DC5 (Ground station): Command
AVLC type: I sseq: 7 rseq: 1 poll: 0
 X.25 Data: grp: 11 chan: 255 sseq: 5 rseq: 5 more: 0
  X.25 reasm status: skipped
  X.233 CLNP Data (compressed header):
   LRef: 0x41 Prio: 11 Flags: 0xc0
   Lifetime: 50.0 sec
   PDU Id: 0x24e
   X.224 COTP Data:
    dst_ref: 0x7a41
    sseq: 2 req_of_ack: 0 EoT: 1
    COTP reasm status: skipped
    Checksum: 95 25
    CPDLC Downlink Message:
     Header:
      Msg ID: 2
      Msg Ref: 3
      Timestamp: 2025-05-07 22:04:14
      Logical ACK: notRequired
     Message data:
      LOGICAL ACKNOWLEDGMENT

[2025-05-08 00:04:24 CEST] [136.775] [-6.8/-31.5 dBFS] [24.7 dB] [3.9 ppm]
440B90 (Aircraft, Airborne) -> 210DC5 (Ground station): Command
AVLC type: I sseq: 7 rseq: 1 poll: 0
 X.25 Data: grp: 11 chan: 255 sseq: 5 rseq: 5 more: 0
  X.25 reasm status: skipped
  X.233 CLNP Data (compressed header):
   LRef: 0x41 Prio: 11 Flags: 0xc0
   Lifetime: 50.0 sec
   PDU Id: 0x24e
   X.224 COTP Data:
    dst_ref: 0x7a41
    sseq: 2 req_of_ack: 0 EoT: 1
    COTP reasm status: skipped
    Checksum: 95 25
    CPDLC Downlink Message:
     Header:
      Msg ID: 2
      Msg Ref: 3
      Timestamp: 2025-05-07 22:04:14
      Logical ACK: notRequired
     Message data:
      LOGICAL ACKNOWLEDGMENT

[2025-05-08 00:04:27 CEST] [136.775] [-7.4/-31.5 dBFS] [24.2 dB] [3.8 ppm]
440B90 (Aircraft, Airborne) -> 210DC5 (Ground station): Command
AVLC type: I sseq: 0 rseq: 1 poll: 0
 X.25 Data: grp: 11 chan: 255 sseq: 6 rseq: 5 more: 0
  X.25 reasm status: skipped
  X.233 CLNP Data (compressed header):
   LRef: 0x41 Prio: 11 Flags: 0xc0
   Lifetime: 50.0 sec
   PDU Id: 0x24f
   X.224 COTP Data:
    dst_ref: 0x7a41
    sseq: 2 req_of_ack: 0 EoT: 1
    COTP reasm status: skipped
    Checksum: 95 25
    CPDLC Downlink Message:
     Header:
      Msg ID: 2
      Msg Ref: 3
      Timestamp: 2025-05-07 22:04:14
      Logical ACK: notRequired
     Message data:
      LOGICAL ACKNOWLEDGMENT

[2025-05-08 00:04:29 CEST] [136.775] [-6.5/-32.0 dBFS] [25.5 dB] [4.0 ppm]
440B90 (Aircraft, Airborne) -> 210DC5 (Ground station): Command
AVLC type: I sseq: 7 rseq: 1 poll: 0
 X.25 Data: grp: 11 chan: 255 sseq: 5 rseq: 5 more: 0
  X.25 reasm status: skipped
  X.233 CLNP Data (compressed header):
   LRef: 0x41 Prio: 11 Flags: 0xc0
   Lifetime: 50.0 sec
   PDU Id: 0x24e
   X.224 COTP Data:
    dst_ref: 0x7a41
    sseq: 2 req_of_ack: 0 EoT: 1
    COTP reasm status: skipped
    Checksum: 95 25
    CPDLC Downlink Message:
     Header:
      Msg ID: 2
      Msg Ref: 3
      Timestamp: 2025-05-07 22:04:14
      Logical ACK: notRequired
     Message data:
      LOGICAL ACKNOWLEDGMENT

[2025-05-08 00:04:29 CEST] [136.975] [-10.4/-31.6 dBFS] [21.1 dB] [1.6 ppm]
4952CE (Aircraft, Airborne) -> 109C2A (Ground station): Command
AVLC type: I sseq: 0 rseq: 5 poll: 0
 X.25 Data: grp: 11 chan: 255 sseq: 5 rseq: 2 more: 0
  X.25 reasm status: skipped
  X.233 CLNP Data (compressed header):
   LRef: 0x41 Prio: 11 Flags: 0xf6
   Lifetime: 20.0 sec
   PDU Id: 0x406
   X.224 COTP Data Ack:
    dst_ref: 0x7a3a
    rseq: 7 credit: 3
    Flow control:
     Acked TPDU nr: 7
     Acked subsequence: 0
     Acked credit: 15
    ATN checksum: 09 d2 e7 8f

[2025-05-08 00:04:29 CEST] [136.775] [-6.6/-31.5 dBFS] [24.8 dB] [3.7 ppm]
440B90 (Aircraft, Airborne) -> 210DC5 (Ground station): Command
AVLC type: I sseq: 1 rseq: 1 poll: 0
 X.25 Data: grp: 11 chan: 255 sseq: 7 rseq: 5 more: 0
  X.25 reasm status: skipped
  X.233 CLNP Data (compressed header):
   LRef: 0x41 Prio: 11 Flags: 0xc0
   Lifetime: 50.0 sec
   PDU Id: 0x250
   X.224 COTP Data:
    dst_ref: 0x7a41
    sseq: 3 req_of_ack: 0 EoT: 1
    COTP reasm status: skipped
    Checksum: 62 ea
    CPDLC Downlink Message:
     Header:
      Msg ID: 3
      Msg Ref: 3
      Timestamp: 2025-05-07 22:04:28
      Logical ACK: required
     Message data:
      WILCO

[2025-05-08 00:04:32 CEST] [136.725] [-12.3/-31.8 dBFS] [19.5 dB] [1.1 ppm]
440C36 (Aircraft, Airborne) -> 11984A (Ground station): Command
AVLC type: I sseq: 6 rseq: 0 poll: 0
 X.25 Data: grp: 11 chan: 255 sseq: 1 rseq: 3 more: 0
  X.25 reasm status: skipped
  X.233 CLNP Data (compressed header):
   LRef: 0x42 Prio: 11 Flags: 0xf6
   Lifetime: 20.0 sec
   PDU Id: 0x33e
   X.224 COTP Data Ack:
    dst_ref: 0x7a32
    rseq: 4 credit: 3
    Flow control:
     Acked TPDU nr: 4
     Acked subsequence: 0
     Acked credit: 15
    ATN checksum: 1e bc 3b 30

[2025-05-08 00:04:35 CEST] [136.725] [-13.7/-31.7 dBFS] [18.0 dB] [0.9 ppm]
440C36 (Aircraft, Airborne) -> 11984A (Ground station): Command
AVLC type: I sseq: 6 rseq: 0 poll: 0
 X.25 Data: grp: 11 chan: 255 sseq: 1 rseq: 3 more: 0
  X.25 reasm status: skipped
  X.233 CLNP Data (compressed header):
   LRef: 0x42 Prio: 11 Flags: 0xf6
   Lifetime: 20.0 sec
   PDU Id: 0x33e
   X.224 COTP Data Ack:
    dst_ref: 0x7a32
    rseq: 4 credit: 3
    Flow control:
     Acked TPDU nr: 4
     Acked subsequence: 0
     Acked credit: 15
    ATN checksum: 1e bc 3b 30

[2025-05-08 00:04:37 CEST] [136.775] [-10.1/-31.4 dBFS] [21.2 dB] [3.9 ppm]
440B90 (Aircraft, Airborne) -> 210DC5 (Ground station): Command
AVLC type: I sseq: 0 rseq: 2 poll: 0
 X.25 Data: grp: 11 chan: 255 sseq: 6 rseq: 5 more: 0
  X.25 reasm status: skipped
  X.233 CLNP Data (compressed header):
   LRef: 0x41 Prio: 11 Flags: 0xc0
   Lifetime: 50.0 sec
   PDU Id: 0x24f
   X.224 COTP Data:
    dst_ref: 0x7a41
    sseq: 2 req_of_ack: 0 EoT: 1
    COTP reasm status: skipped
    Checksum: 95 25
    CPDLC Downlink Message:
     Header:
      Msg ID: 2
      Msg Ref: 3
      Timestamp: 2025-05-07 22:04:14
      Logical ACK: notRequired
     Message data:
      LOGICAL ACKNOWLEDGMENT

[2025-05-08 00:04:37 CEST] [136.775] [-8.9/-31.4 dBFS] [22.5 dB] [3.8 ppm]
440B90 (Aircraft, Airborne) -> 210DC5 (Ground station): Command
AVLC type: I sseq: 7 rseq: 2 poll: 0
 X.25 Data: grp: 11 chan: 255 sseq: 5 rseq: 5 more: 0
  X.25 reasm status: skipped
  X.233 CLNP Data (compressed header):
   LRef: 0x41 Prio: 11 Flags: 0xc0
   Lifetime: 50.0 sec
   PDU Id: 0x24e
   X.224 COTP Data:
    dst_ref: 0x7a41
    sseq: 2 req_of_ack: 0 EoT: 1
    COTP reasm status: skipped
    Checksum: 95 25
    CPDLC Downlink Message:
     Header:
      Msg ID: 2
      Msg Ref: 3
      Timestamp: 2025-05-07 22:04:14
      Logical ACK: notRequired
     Message data:
      LOGICAL ACKNOWLEDGMENT

[2025-05-08 00:04:46 CEST] [136.675] [-10.3/-32.0 dBFS] [21.7 dB] [1.6 ppm]
3C49C9 (Aircraft, Airborne) -> 11907A (Ground station): Command
AVLC type: I sseq: 6 rseq: 3 poll: 0
 X.25 Data: grp: 11 chan: 255 sseq: 4 rseq: 2 more: 0
  X.25 reasm status: skipped
  X.233 CLNP Data (compressed header):
   LRef: 0x43 Prio: 11 Flags: 0xf6
   Lifetime: 20.0 sec
   PDU Id: 0x185
   X.224 COTP Data Ack:
    dst_ref: 0x0be3
    rseq: 1 credit: 2
    Flow control:
     Acked TPDU nr: 1
     Acked subsequence: 0
     Acked credit: 10
    ATN checksum: 49 d7 14 64

[2025-05-08 00:04:48 CEST] [136.725] [0.5/-31.7 dBFS] [32.2 dB] [4.6 ppm]
4CA8D8 (Aircraft, Airborne) -> 11984A (Ground station): Command
AVLC type: I sseq: 1 rseq: 2 poll: 0
 X.25 Data: grp: 11 chan: 255 sseq: 6 rseq: 7 more: 0
  X.25 reasm status: skipped
  X.233 CLNP Data (compressed header):
   LRef: 0x42 Prio: 11 Flags: 0xc0
   Lifetime: 50.0 sec
   PDU Id: 0x16c1
   X.224 COTP Data Ack:
    dst_ref: 0x7a37
    rseq: 6 credit: 3
    Checksum: b4 ae
    Flow control:
     Acked TPDU nr: 6
     Acked subsequence: 0
     Acked credit: 15

[2025-05-08 00:04:52 CEST] [136.775] [-0.6/-31.5 dBFS] [31.0 dB] [3.9 ppm]
440B90 (Aircraft, Airborne) -> 233925 (Ground station): Command
AVLC type: I sseq: 2 rseq: 2 poll: 0
 X.25 Data: grp: 11 chan: 255 sseq: 0 rseq: 0 more: 0
  X.25 reasm status: skipped
  X.233 CLNP Data (compressed header):
   LRef: 0x41 Prio: 11 Flags: 0xc0
   Lifetime: 50.0 sec
   PDU Id: 0x251
   X.224 COTP Data:
    dst_ref: 0x7a41
    sseq: 2 req_of_ack: 0 EoT: 1
    COTP reasm status: skipped
    Checksum: 95 25
    CPDLC Downlink Message:
     Header:
      Msg ID: 2
      Msg Ref: 3
      Timestamp: 2025-05-07 22:04:14
      Logical ACK: notRequired
     Message data:
      LOGICAL ACKNOWLEDGMENT

[2025-05-08 00:04:52 CEST] [136.775] [-1.9/-31.6 dBFS] [29.7 dB] [3.8 ppm]
440B90 (Aircraft, Airborne) -> 233925 (Ground station): Command
AVLC type: I sseq: 3 rseq: 2 poll: 0
 X.25 Data: grp: 11 chan: 255 sseq: 1 rseq: 0 more: 0
  X.25 reasm status: skipped
  X.233 CLNP Data (compressed header):
   LRef: 0x41 Prio: 11 Flags: 0xc0
   Lifetime: 50.0 sec
   PDU Id: 0x252
   X.224 COTP Data:
    dst_ref: 0x7a41
    sseq: 3 req_of_ack: 0 EoT: 1
    COTP reasm status: skipped
    Checksum: 62 ea
    CPDLC Downlink Message:
     Header:
      Msg ID: 3
      Msg Ref: 3
      Timestamp: 2025-05-07 22:04:28
      Logical ACK: required
     Message data:
      WILCO

[2025-05-08 00:04:54 CEST] [136.775] [-0.7/-31.2 dBFS] [30.6 dB] [3.8 ppm]
440B90 (Aircraft, Airborne) -> 233925 (Ground station): Command
AVLC type: I sseq: 4 rseq: 5 poll: 0
 X.25 Data: grp: 11 chan: 255 sseq: 2 rseq: 3 more: 0
  X.25 reasm status: skipped
  X.233 CLNP Data (compressed header):
   LRef: 0x41 Prio: 11 Flags: 0xc0
   Lifetime: 50.0 sec
   PDU Id: 0x253
   X.224 COTP Data Ack:
    dst_ref: 0x7a41
    rseq: 4 credit: 3
    Checksum: 83 8b

[2025-05-08 00:04:59 CEST] [136.975] [-13.1/-32.2 dBFS] [19.1 dB] [2.8 ppm]
4CAD64 (Aircraft, Airborne) -> 10FA5A (Ground station): Command
AVLC type: I sseq: 2 rseq: 3 poll: 0
 X.25 Data: grp: 11 chan: 254 sseq: 0 rseq: 1 more: 0
  X.25 reasm status: skipped
  X.233 CLNP Data (compressed header):
   LRef: 0x41 Prio: 11 Flags: 0xc0
   Lifetime: 50.0 sec
   PDU Id: 0x1d7e
   X.224 COTP Data Ack:
    dst_ref: 0x7a46
    rseq: 4 credit: 3
    Checksum: 65 f2
    Flow control:
     Acked TPDU nr: 4
     Acked subsequence: 0
     Acked credit: 15

[2025-05-08 00:05:05 CEST] [136.975] [-0.4/-32.0 dBFS] [31.6 dB] [3.1 ppm]
346692 (Aircraft, Airborne) -> 10F63A (Ground station): Command
AVLC type: I sseq: 7 rseq: 6 poll: 0
 ACARS:
  Reassembly: skipped
  Reg: .EC-NLY Flight: VY52YE
  Mode: 2 Label: H1 Blk id: 0 More: 0 Ack: ! Msg num: F23A
  Sublabel: M1
  Message:
   RESPWI/AK,071/TS220504,070525528A

[2025-05-08 00:05:07 CEST] [136.975] [-0.6/-32.0 dBFS] [31.4 dB] [3.4 ppm]
346692 (Aircraft, Airborne) -> 10F63A (Ground station): Command
AVLC type: I sseq: 7 rseq: 6 poll: 0
 ACARS:
  Reassembly: skipped
  Reg: .EC-NLY Flight: VY52YE
  Mode: 2 Label: H1 Blk id: 0 More: 0 Ack: ! Msg num: F23A
  Sublabel: M1
  Message:
   RESPWI/AK,071/TS220504,070525528A

[2025-05-08 00:05:08 CEST] [136.675] [-10.5/-32.1 dBFS] [21.7 dB] [1.4 ppm]
3C49C9 (Aircraft, Airborne) -> 11907A (Ground station): Command
AVLC type: I sseq: 7 rseq: 4 poll: 0
 X.25 Data: grp: 11 chan: 255 sseq: 5 rseq: 3 more: 0
  X.25 reasm status: skipped
  X.233 CLNP Data (compressed header):
   LRef: 0x43 Prio: 11 Flags: 0xf6
   Lifetime: 20.0 sec
   PDU Id: 0x186
   X.224 COTP Data Ack:
    dst_ref: 0x0be3
    rseq: 2 credit: 2
    ATN checksum: df f9 ab bc
   X.224 COTP Data:
    dst_ref: 0x0be3
    sseq: 1 req_of_ack: 0 EoT: 1
    COTP reasm status: skipped
    ATN checksum: 71 a4 0e 49
    CPDLC Downlink Message:
     Header:
      Msg ID: 1
      Msg Ref: 2
      Timestamp: 2025-05-07 22:05:06
      Logical ACK: notRequired
     Message data:
      LOGICAL ACKNOWLEDGMENT

[2025-05-08 00:05:09 CEST] [136.675] [-10.8/-32.0 dBFS] [21.2 dB] [1.6 ppm]
3C49C9 (Aircraft, Airborne) -> 11907A (Ground station): Command
AVLC type: I sseq: 0 rseq: 6 poll: 0
 X.25 Data: grp: 11 chan: 255 sseq: 6 rseq: 5 more: 0
  X.25 reasm status: skipped
  X.233 CLNP Data (compressed header):
   LRef: 0x43 Prio: 11 Flags: 0xf6
   Lifetime: 20.0 sec
   PDU Id: 0x187
   X.224 COTP Data Ack:
    dst_ref: 0x0be3
    rseq: 3 credit: 2
    ATN checksum: 35 c6 dd 67
   X.224 COTP Data:
    dst_ref: 0x0be3
    sseq: 2 req_of_ack: 0 EoT: 1
    COTP reasm status: skipped
    ATN checksum: 4c f0 50 fd
    CPDLC Downlink Message:
     Header:
      Msg ID: 2
      Msg Ref: 3
      Timestamp: 2025-05-07 22:05:07
      Logical ACK: notRequired
     Message data:
      LOGICAL ACKNOWLEDGMENT

[2025-05-08 00:05:10 CEST] [136.975] [-0.5/-32.3 dBFS] [31.8 dB] [3.5 ppm]
346692 (Aircraft, Airborne) -> 10F63A (Ground station): Command
AVLC type: I sseq: 7 rseq: 6 poll: 0
 ACARS:
  Reassembly: skipped
  Reg: .EC-NLY Flight: VY52YE
  Mode: 2 Label: H1 Blk id: 0 More: 0 Ack: ! Msg num: F23A
  Sublabel: M1
  Message:
   RESPWI/AK,071/TS220504,070525528A

[2025-05-08 00:05:15 CEST] [136.975] [0.1/-31.5 dBFS] [31.6 dB] [3.5 ppm]
346692 (Aircraft, Airborne) -> 10F63A (Ground station): Command
AVLC type: I sseq: 7 rseq: 6 poll: 0
 ACARS:
  Reassembly: skipped
  Reg: .EC-NLY Flight: VY52YE
  Mode: 2 Label: H1 Blk id: 0 More: 0 Ack: ! Msg num: F23A
  Sublabel: M1
  Message:
   RESPWI/AK,071/TS220504,070525528A

[2025-05-08 00:05:18 CEST] [136.975] [0.0/-31.7 dBFS] [31.7 dB] [3.3 ppm]
346692 (Aircraft, Airborne) -> 10F63A (Ground station): Command
AVLC type: I sseq: 7 rseq: 6 poll: 0
 ACARS:
  Reassembly: skipped
  Reg: .EC-NLY Flight: VY52YE
  Mode: 2 Label: H1 Blk id: 0 More: 0 Ack: ! Msg num: F23A
  Sublabel: M1
  Message:
   RESPWI/AK,071/TS220504,070525528A

[2025-05-08 00:05:24 CEST] [136.975] [-0.6/-31.6 dBFS] [31.1 dB] [3.4 ppm]
346692 (Aircraft, Airborne) -> 10F63A (Ground station): Command
AVLC type: I sseq: 7 rseq: 6 poll: 0
 ACARS:
  Reassembly: skipped
  Reg: .EC-NLY Flight: VY52YE
  Mode: 2 Label: H1 Blk id: 0 More: 0 Ack: ! Msg num: F23A
  Sublabel: M1
  Message:
   RESPWI/AK,071/TS220504,070525528A

[2025-05-08 00:05:24 CEST] [136.975] [-0.8/-31.7 dBFS] [30.9 dB] [3.5 ppm]
346692 (Aircraft, Airborne) -> 10F69B (Ground station): Command
AVLC type: U (XID) P/F: 1
 XID: Handoff Initiation
  Public params:
   Parameter set ID: 8885:1993
   Procedure classes: 00 01
   HDLC options: 20 a4 80
  VDL params:
   Parameter set ID: V
   Connection management: 01
   XID sequencing: seq: 3 retry: 0
   AVLC specific options: 25
   Destination airport: LEBL
   Aircraft location: 43.3N 5.7E 35000 ft

[2025-05-08 00:05:24 CEST] [136.975] [-0.6/-31.9 dBFS] [31.3 dB] [3.3 ppm]
346692 (Aircraft, Airborne) -> 10F69B (Ground station): Command
AVLC type: I sseq: 0 rseq: 0 poll: 0
 ACARS:
  Reassembly: skipped
  Reg: .EC-NLY Flight: VY52YE
  Mode: 2 Label: H1 Blk id: 0 More: 0 Ack: ! Msg num: F23A
  Sublabel: M1
  Message:
   RESPWI/AK,071/TS220504,070525528A

[2025-05-08 00:05:51 CEST] [136.975] [-13.4/-32.0 dBFS] [18.6 dB] [2.7 ppm]
4CAD64 (Aircraft, Airborne) -> 10FA5A (Ground station): Command
AVLC type: I sseq: 4 rseq: 4 poll: 0
 ACARS:
  Reassembly: skipped
  Reg: .EI-HMY Flight: FR168Z
  Mode: 2 Label: 16 Blk id: 1 More: 0 Ack: ! Msg num: M75A
  Message:
   220549,37998,0013, 138,N 43.764 E  7.551

[2025-05-08 00:06:03 CEST] [136.975] [0.0/-31.9 dBFS] [31.9 dB] [3.1 ppm]
346692 (Aircraft, Airborne) -> 10907A (Ground station): Command
AVLC type: U (XID) P/F: 1
 XID: Handoff Initiation
  Public params:
   Parameter set ID: 8885:1993
   Procedure classes: 00 01
   HDLC options: 20 a4 80
  VDL params:
   Parameter set ID: V
   Connection management: 01
   XID sequencing: seq: 4 retry: 0
   AVLC specific options: 25
   Destination airport: LEBL
   Aircraft location: 43.3N 5.6E 35000 ft

[2025-05-08 00:06:04 CEST] [136.975] [-0.0/-31.9 dBFS] [31.9 dB] [3.1 ppm]
346692 (Aircraft, Airborne) -> 10907A (Ground station): Command
AVLC type: I sseq: 2 rseq: 3 poll: 0
 X.25 Data: grp: 11 chan: 255 sseq: 0 rseq: 2 more: 0
  X.25 reasm status: skipped
  X.233 CLNP Data (compressed header):
   LRef: 0x40 Prio: 14 Flags: 0xf6
   Lifetime: 20.0 sec
   PDU Id: 0x72
   IDRP Open: seq: 1 ack: 1 credit_offered: 3 credit_avail: 4
    Hold Time: 900 seconds
    Max. PDU size: 3000 octets
    Source RDI: 47 00 27 41 56 4c 47 00 34 66 92	"G.'AVLG.4f."
    RIB Attribute Set:
     RibAtt #0:
      Security:
       Reg ID: 06 04 2b 1b 00 00
    Auth mechanism: simple checksum

[2025-05-08 00:06:04 CEST] [136.975] [-0.3/-31.6 dBFS] [31.2 dB] [3.2 ppm]
346692 (Aircraft, Airborne) -> 10907A (Ground station): Command
AVLC type: I sseq: 3 rseq: 4 poll: 0
 X.25 Data: grp: 11 chan: 255 sseq: 1 rseq: 3 more: 0
  X.25 reasm status: skipped
  X.233 CLNP Data (compressed header):
   LRef: 0x40 Prio: 14 Flags: 0xf6
   Lifetime: 20.0 sec
   PDU Id: 0x73
   IDRP Update: seq: 2 ack: 1 credit_offered: 3 credit_avail: 3
    Route:
     ID: 3
     Local preference: 0
    RD path:
     RD_SEQ:
      47 00 27 41 56 4c 47 00 34 66 92	"G.'AVLG.4f."
    RD hop count: 1
    Capacity: 13
    Reachability info:
     Protocol: CLNP
     Prefix length: 88
     Dest. address prefix: 47 00 27 41 56 4c 47 00 34 66 92	"G.'AVLG.4f."

[2025-05-08 00:06:05 CEST] [136.975] [-13.4/-31.7 dBFS] [18.3 dB] [1.5 ppm]
4952CE (Aircraft, Airborne) -> 109C2A (Ground station): Command
AVLC type: I sseq: 5 rseq: 1 poll: 0
 X.25 Data: grp: 11 chan: 255 sseq: 1 rseq: 5 more: 0
  X.25 reasm status: skipped
  X.233 CLNP Data (compressed header):
   LRef: 0x41 Prio: 11 Flags: 0xf6
   Lifetime: 20.0 sec
   PDU Id: 0x40a
   X.224 COTP Data Ack:
    dst_ref: 0x7a3a
    rseq: 8 credit: 3
    ATN checksum: bd 09 53 ec
   X.224 COTP Data:
    dst_ref: 0x7a3a
    sseq: 7 req_of_ack: 0 EoT: 1
    COTP reasm status: skipped
    ATN checksum: 6b 47 7b ed
    CPDLC Downlink Message:
     Header:
      Msg ID: 7
      Msg Ref: 9
      Timestamp: 2025-05-07 22:06:03
      Logical ACK: notRequired
     Message data:
      LOGICAL ACKNOWLEDGMENT

[2025-05-08 00:06:05 CEST] [136.975] [-0.6/-31.7 dBFS] [31.1 dB] [2.9 ppm]
346692 (Aircraft, Airborne) -> 10907A (Ground station): Command
AVLC type: I sseq: 4 rseq: 5 poll: 0
 X.25 Data: grp: 11 chan: 255 sseq: 2 rseq: 3 more: 0
  X.25 reasm status: skipped
  X.233 CLNP Data (compressed header):
   LRef: 0x40 Prio: 14 Flags: 0xf6
   Lifetime: 20.0 sec
   PDU Id: 0x74
   IDRP Update: seq: 3 ack: 1 credit_offered: 3 credit_avail: 2
    Route:
     ID: 4
     Local preference: 0
    Security:
     Reg ID: 06 04 2b 1b 00 00
     Info:
      Supported ATSC classes: all
      Subnetwork type:
       Subnet: VDL
       Permitted traffic: all
    RD path:
     RD_SEQ:
      47 00 27 41 56 4c 47 00 34 66 92	"G.'AVLG.4f."
    RD hop count: 1
    Capacity: 13
    Reachability info:
     Protocol: CLNP
     Prefix length: 88
     Dest. address prefix: 47 00 27 41 56 4c 47 00 34 66 92	"G.'AVLG.4f."

[2025-05-08 00:06:05 CEST] [136.975] [-13.1/-32.1 dBFS] [19.0 dB] [1.6 ppm]
4952CE (Aircraft, Airborne) -> 109C2A (Ground station): Command
AVLC type: I sseq: 6 rseq: 2 poll: 0
 X.25 Data: grp: 11 chan: 255 sseq: 2 rseq: 6 more: 0
  X.25 reasm status: skipped
  X.233 CLNP Data (compressed header):
   LRef: 0x46 Prio: 11 Flags: 0xf6
   Lifetime: 20.0 sec
   PDU Id: 0x40b
   X.224 COTP Data Ack:
    dst_ref: 0x0be4
    rseq: 0 credit: 1
    Flow control:
     Acked TPDU nr: 0
     Acked subsequence: 0
     Acked credit: 10
    ATN checksum: 9e 0b 78 5c

[2025-05-08 00:06:08 CEST] [136.975] [-12.5/-31.9 dBFS] [19.3 dB] [1.6 ppm]
4952CE (Aircraft, Airborne) -> 109C2A (Ground station): Command
AVLC type: I sseq: 7 rseq: 3 poll: 0
 X.25 Data: grp: 11 chan: 255 sseq: 3 rseq: 7 more: 0
  X.25 reasm status: skipped
  X.233 CLNP Data (compressed header):
   LRef: 0x41 Prio: 11 Flags: 0xf6
   Lifetime: 20.0 sec
   PDU Id: 0x40c
   X.224 COTP Data:
    dst_ref: 0x7a3a
    sseq: 8 req_of_ack: 0 EoT: 1
    COTP reasm status: skipped
    ATN checksum: 37 70 2b 0b
    X.227 ACSE Release Response:
     Reason: normal
     CPDLC Downlink Message:
      Header:
       Msg ID: 8
       Msg Ref: 9
       Timestamp: 2025-05-07 22:06:07
       Logical ACK: notRequired
      Message data:
       WILCO

[2025-05-08 00:06:09 CEST] [136.975] [-13.2/-32.3 dBFS] [19.1 dB] [1.5 ppm]
4952CE (Aircraft, Airborne) -> 109C2A (Ground station): Command
AVLC type: I sseq: 0 rseq: 3 poll: 0
 X.25 Data: grp: 11 chan: 255 sseq: 4 rseq: 7 more: 0
  X.25 reasm status: skipped
  X.233 CLNP Data (compressed header):
   LRef: 0x46 Prio: 11 Flags: 0xf6
   Lifetime: 20.0 sec
   PDU Id: 0x40d
   X.224 COTP Data:
    dst_ref: 0x0be4
    sseq: 0 req_of_ack: 0 EoT: 1
    COTP reasm status: skipped
    ATN checksum: 5f a1 23 5c
    CPDLC Downlink Message:
     Header:
      Msg ID: 0
      Timestamp: 2025-05-07 22:06:07
      Logical ACK: required
     Message data:
      CURRENT DATA AUTHORITY

[2025-05-08 00:06:10 CEST] [136.975] [-13.9/-32.0 dBFS] [18.1 dB] [1.5 ppm]
4952CE (Aircraft, Airborne) -> 109C2A (Ground station): Command
AVLC type: I sseq: 1 rseq: 7 poll: 0
 X.25 Data: grp: 11 chan: 255 sseq: 5 rseq: 2 more: 0
  X.25 reasm status: skipped
  X.233 CLNP Data (compressed header):
   LRef: 0x41 Prio: 11 Flags: 0xf6
   Lifetime: 20.0 sec
   PDU Id: 0x40e
   X.224 COTP Disconnect Confirm:
    src_ref: 0x004e dst_ref: 0x7a3a
    ATN checksum: b2 d1 d4 09

[2025-05-08 00:06:10 CEST] [136.975] [-13.9/-32.0 dBFS] [18.1 dB] [1.5 ppm]
4952CE (Aircraft, Airborne) -> 109C2A (Ground station): Command
AVLC type: I sseq: 2 rseq: 7 poll: 0
 X.25 Data: grp: 11 chan: 255 sseq: 6 rseq: 3 more: 0
  X.25 reasm status: skipped
  X.233 CLNP Data (compressed header):
   LRef: 0x46 Prio: 11 Flags: 0xf6
   Lifetime: 20.0 sec
   PDU Id: 0x40f
   X.224 COTP Data Ack:
    dst_ref: 0x0be4
    rseq: 1 credit: 2
    ATN checksum: 6c 5f 8c cc

[2025-05-08 00:06:11 CEST] [136.675] [-10.8/-32.0 dBFS] [21.2 dB] [1.5 ppm]
3C49C9 (Aircraft, Airborne) -> 11907A (Ground station): Command
AVLC type: I sseq: 1 rseq: 0 poll: 0
 X.25 Data: grp: 11 chan: 255 sseq: 7 rseq: 7 more: 0
  X.25 reasm status: skipped
  X.233 CLNP Data (compressed header):
   LRef: 0x43 Prio: 11 Flags: 0xf6
   Lifetime: 20.0 sec
   PDU Id: 0x188
   X.224 COTP Data Ack:
    dst_ref: 0x0be3
    rseq: 3 credit: 2
    Flow control:
     Acked TPDU nr: 3
     Acked subsequence: 0
     Acked credit: 10
    ATN checksum: 3f 0d da 6e

[2025-05-08 00:06:13 CEST] [136.675] [-10.6/-32.4 dBFS] [21.8 dB] [1.4 ppm]
3C49C9 (Aircraft, Airborne) -> 12957A (Ground station): Command
AVLC type: U (XID) P/F: 1
 XID: Handoff Initiation
  Public params:
   Parameter set ID: 8885:1993
   Procedure classes: 00 01
   HDLC options: 20 a4 80
  VDL params:
   Parameter set ID: V
   Connection management: 01
   XID sequencing: seq: 5 retry: 0
   AVLC specific options: 25
   Destination airport: EDDK
   Aircraft location: 44.7N 6.6E 35000 ft

[2025-05-08 00:06:20 CEST] [136.725] [0.7/-32.0 dBFS] [32.7 dB] [4.4 ppm]
4CA8D8 (Aircraft, Airborne) -> 11984A (Ground station): Command
AVLC type: I sseq: 2 rseq: 3 poll: 0
 X.25 Data: grp: 11 chan: 255 sseq: 7 rseq: 0 more: 0
  X.25 reasm status: skipped
  X.233 CLNP Data (compressed header):
   LRef: 0x42 Prio: 11 Flags: 0xc0
   Lifetime: 50.0 sec
   PDU Id: 0x16c2
   X.224 COTP Data Ack:
    dst_ref: 0x7a37
    rseq: 6 credit: 3
    Checksum: b4 ae
    Flow control:
     Acked TPDU nr: 6
     Acked subsequence: 0
     Acked credit: 15

[2025-05-08 00:06:25 CEST] [136.775] [-1.2/-31.5 dBFS] [30.3 dB] [3.4 ppm]
440B90 (Aircraft, Airborne) -> 233925 (Ground station): Command
AVLC type: I sseq: 6 rseq: 7 poll: 0
 X.25 Data: grp: 11 chan: 255 sseq: 4 rseq: 4 more: 0
  X.25 reasm status: skipped
  X.233 CLNP Data (compressed header):
   LRef: 0x41 Prio: 11 Flags: 0xc0
   Lifetime: 50.0 sec
   PDU Id: 0x255
   X.224 COTP Data Ack:
    dst_ref: 0x7a41
    rseq: 4 credit: 3
    Checksum: 7e de
    Flow control:
     Acked TPDU nr: 4
     Acked subsequence: 0
     Acked credit: 15

[2025-05-08 00:06:30 CEST] [136.725] [1.1/-32.2 dBFS] [33.4 dB] [3.1 ppm]
346692 (Aircraft, Airborne) -> 11985A (Ground station): Command
AVLC type: U (XID) P/F: 1
 XID: Handoff Initiation
  Public params:
   Parameter set ID: 8885:1993
   Procedure classes: 00 01
   HDLC options: 20 a4 80
  VDL params:
   Parameter set ID: V
   Connection management: 01
   XID sequencing: seq: 5 retry: 0
   AVLC specific options: 25
   Destination airport: LEBL
   Aircraft location: 43.3N 5.5E 34000 ft

[2025-05-08 00:06:41 CEST] [136.775] [-1.7/-31.6 dBFS] [29.9 dB] [3.4 ppm]
440B90 (Aircraft, Airborne) -> 2654E5 (Ground station): Command
AVLC type: U (XID) P/F: 1
 XID: Handoff Initiation
  Public params:
   Parameter set ID: 8885:1993
   Procedure classes: 00 01
   HDLC options: 20 a4 88
  VDL params:
   Parameter set ID: V
   XID sequencing: seq: 0 retry: 0
   Destination airport: EBLG
   Alternate ground stations: 23D825 210DC5 2625C6 26E206
   AVLC specific options: 24
   Connection management: 01

[2025-05-08 00:07:41 CEST] [136.775] [-12.9/-31.5 dBFS] [18.6 dB] [3.8 ppm]
407FC2 (Aircraft, Airborne) -> 2654E5 (Ground station): Command
AVLC type: I sseq: 1 rseq: 7 poll: 0
 X.25 Data: grp: 11 chan: 255 sseq: 6 rseq: 0 more: 0
  X.25 reasm status: skipped
  X.233 CLNP Data (compressed header):
   LRef: 0x41 Prio: 11 Flags: 0xf6
   Lifetime: 20.0 sec
   PDU Id: 0x62c
   X.224 COTP Data Ack:
    dst_ref: 0x7a44
    rseq: 4 credit: 3
    Flow control:
     Acked TPDU nr: 4
     Acked subsequence: 0
     Acked credit: 15
    ATN checksum: 04 a1 a2 dc

[2025-05-08 00:07:46 CEST] [136.675] [-14.3/-31.8 dBFS] [17.5 dB] [3.1 ppm]
4D240E (Aircraft, Airborne) -> 11907A (Ground station): Command
AVLC type: I sseq: 0 rseq: 0 poll: 0
 X.25 Data: grp: 11 chan: 255 sseq: 0 rseq: 1 more: 0
  X.25 reasm status: skipped
  X.233 CLNP Data (compressed header):
   LRef: 0x42 Prio: 11 Flags: 0xf6
   Lifetime: 20.0 sec
   PDU Id: 0x3f
   X.224 COTP Data Ack:
    dst_ref: 0x7a40
    rseq: 2 credit: 2
    Flow control:
     Acked TPDU nr: 2
     Acked subsequence: 0
     Acked credit: 15
    ATN checksum: 2f 58 69 4f

[2025-05-08 00:07:52 CEST] [136.725] [-3.2/-32.1 dBFS] [28.9 dB] [4.1 ppm]
4CA8D8 (Aircraft, Airborne) -> 11984A (Ground station): Command
AVLC type: I sseq: 4 rseq: 5 poll: 0
 X.25 Data: grp: 11 chan: 255 sseq: 1 rseq: 2 more: 0
  X.25 reasm status: skipped
  X.233 CLNP Data (compressed header):
   LRef: 0x42 Prio: 11 Flags: 0xc0
   Lifetime: 50.0 sec
   PDU Id: 0x16c4
   X.224 COTP Data Ack:
    dst_ref: 0x7a37
    rseq: 6 credit: 3
    Checksum: b4 ae
    Flow control:
     Acked TPDU nr: 6
     Acked subsequence: 0
     Acked credit: 15

[2025-05-08 00:07:57 CEST] [136.775] [-0.8/-31.8 dBFS] [31.0 dB] [3.1 ppm]
440B90 (Aircraft, Airborne) -> 2654E5 (Ground station): Command
AVLC type: I sseq: 2 rseq: 3 poll: 0
 X.25 Data: grp: 11 chan: 254 sseq: 0 rseq: 1 more: 0
  X.25 reasm status: skipped
  X.233 CLNP Data (compressed header):
   LRef: 0x41 Prio: 11 Flags: 0xc0
   Lifetime: 50.0 sec
   PDU Id: 0x256
   X.224 COTP Data Ack:
    dst_ref: 0x7a41
    rseq: 4 credit: 3
    Checksum: 7e de
    Flow control:
     Acked TPDU nr: 4
     Acked subsequence: 0
     Acked credit: 15

[2025-05-08 00:08:00 CEST] [136.975] [-5.2/-31.8 dBFS] [26.6 dB] [3.2 ppm]
4D2518 (Aircraft, Airborne) -> 10FA5A (Ground station): Command
AVLC type: U (XID) P/F: 1
 XID: Link Establishment
  Public params:
   Parameter set ID: 8885:1993
   Procedure classes: 00 01
   HDLC options: 20 84 80
  VDL params:
   Parameter set ID: V
   XID sequencing: seq: 0 retry: 0
   Modulation support: VDL-M2, D8PSK, 31500 bps
   Destination airport: LEBL
   Aircraft location: 0.0N 0.0E 0 ft
   AVLC specific options: 24
   Connection management: 00

[2025-05-08 00:08:02 CEST] [136.975] [-5.4/-31.8 dBFS] [26.4 dB] [3.5 ppm]
4D2518 (Aircraft, Airborne) -> 10FA5A (Ground station): Command
AVLC type: I sseq: 2 rseq: 3 poll: 0
 X.25 Data: grp: 11 chan: 255 sseq: 0 rseq: 2 more: 0
  X.25 reasm status: skipped
  X.233 CLNP Data (compressed header):
   LRef: 0x40 Prio: 14 Flags: 0xc0
   Lifetime: 50.0 sec
   PDU Id: 0x3a5
   IDRP Open: seq: 1 ack: 1 credit_offered: 5 credit_avail: 2
    Hold Time: 900 seconds
    Max. PDU size: 3000 octets
    Source RDI: 47 00 27 41 52 59 52 00 4d 25 18	"G.'ARYR.M%."
    RIB Attribute Set:
     RibAtt #0:
      Security:
       Reg ID: 06 04 2b 1b 00 00
    Auth mechanism: simple checksum

[2025-05-08 00:08:03 CEST] [136.975] [-11.7/-32.1 dBFS] [20.5 dB] [2.7 ppm]
4CAD64 (Aircraft, Airborne) -> 10FA5A (Ground station): Command
AVLC type: I sseq: 6 rseq: 7 poll: 0
 X.25 Data: grp: 11 chan: 254 sseq: 3 rseq: 4 more: 0
  X.25 reasm status: skipped
  X.233 CLNP Data (compressed header):
   LRef: 0x41 Prio: 11 Flags: 0xc0
   Lifetime: 50.0 sec
   PDU Id: 0x1d81
   X.224 COTP Data Ack:
    dst_ref: 0x7a46
    rseq: 4 credit: 3
    Checksum: 65 f2
    Flow control:
     Acked TPDU nr: 4
     Acked subsequence: 0
     Acked credit: 15

[2025-05-08 00:08:04 CEST] [136.975] [-5.7/-32.0 dBFS] [26.3 dB] [3.3 ppm]
4D2518 (Aircraft, Airborne) -> 10907A (Ground station): Response
AVLC type: U (XID) P/F: 1
 XID: Handoff Response
  Public params:
   Parameter set ID: 8885:1993
   Procedure classes: 00 01
   HDLC options: 20 84 80
  VDL params:
   Parameter set ID: V
   XID sequencing: seq: 3 retry: 0
   Destination airport: LEBL
   Aircraft location: 0.0N 0.0E 0 ft
   AVLC specific options: 24
   Connection management: 01

[2025-05-08 00:08:04 CEST] [136.975] [-5.7/-32.0 dBFS] [26.2 dB] [3.1 ppm]
4D2518 (Aircraft, Airborne) -> 10FA5A (Ground station): Command
AVLC type: I sseq: 4 rseq: 4 poll: 0
 X.25 Data: grp: 11 chan: 255 sseq: 2 rseq: 3 more: 0
  X.25 reasm status: skipped
  X.233 CLNP Data (compressed header):
   LRef: 0x40 Prio: 14 Flags: 0xc0
   Lifetime: 50.0 sec
   PDU Id: 0x3a6
   IDRP Update: seq: 2 ack: 1 credit_offered: 5 credit_avail: 2
    Route:
     ID: 2
     Local preference: 0
    RD path:
     RD_SEQ:
      47 00 27 41 52 59 52 00 4d 25 18	"G.'ARYR.M%."
    RD hop count: 1
    Security:
     Reg ID: 06 04 2b 1b 00 00
     Info:
      Supported ATSC classes: all
    Capacity: 13
    Reachability info:
     Protocol: CLNP
     Prefix length: 88
     Dest. address prefix: 47 00 27 41 52 59 52 00 4d 25 18	"G.'ARYR.M%."

[2025-05-08 00:08:08 CEST] [136.975] [-4.1/-32.0 dBFS] [27.9 dB] [3.3 ppm]
4D2518 (Aircraft, Airborne) -> 10907A (Ground station): Command
AVLC type: I sseq: 2 rseq: 4 poll: 0
 X.25 Data: grp: 11 chan: 254 sseq: 0 rseq: 2 more: 0
  X.25 reasm status: skipped
  X.233 CLNP Data (compressed header):
   LRef: 0x40 Prio: 14 Flags: 0xc0
   Lifetime: 50.0 sec
   PDU Id: 0x3a7
   IDRP Open: seq: 1 ack: 1 credit_offered: 5 credit_avail: 3
    Hold Time: 900 seconds
    Max. PDU size: 3000 octets
    Source RDI: 47 00 27 41 52 59 52 00 4d 25 18	"G.'ARYR.M%."
    RIB Attribute Set:
     RibAtt #0:
      Security:
       Reg ID: 06 04 2b 1b 00 00
    Auth mechanism: simple checksum

[2025-05-08 00:08:08 CEST] [136.975] [-3.4/-32.3 dBFS] [28.9 dB] [3.3 ppm]
4D2518 (Aircraft, Airborne) -> 10907A (Ground station): Command
AVLC type: I sseq: 3 rseq: 5 poll: 0
 ACARS:
  Reassembly: skipped
  Reg: .9H-QFE Flight: FR853B
  Mode: 2 Label: B9 Blk id: 8 More: 0 Ack: ! Msg num: M23A
  Message:
   /LEBL.TI2/024LEBLA93E5

[2025-05-08 00:08:10 CEST] [136.975] [-2.0/-31.8 dBFS] [29.8 dB] [3.2 ppm]
4D2518 (Aircraft, Airborne) -> 10907A (Ground station): Command
AVLC type: I sseq: 5 rseq: 0 poll: 0
 ACARS:
  Reassembly: skipped
  Reg: .9H-QFE Flight: FR8574
  Mode: 2 Label: 8F Blk id: 9 More: 0 Ack: ! Msg num: M13A
  Message:
   204623,O,LIPZ

[2025-05-08 00:08:14 CEST] [136.975] [-4.6/-31.9 dBFS] [27.4 dB] [3.5 ppm]
4D2518 (Aircraft, Airborne) -> 10907A (Ground station): Command
AVLC type: I sseq: 0 rseq: 0 poll: 0
 X.25 Data: grp: 11 chan: 254 sseq: 3 rseq: 4 more: 0
  X.25 reasm status: skipped
  X.233 CLNP Data (compressed header):
   LRef: 0x40 Prio: 14 Flags: 0xc0
   Lifetime: 50.0 sec
   PDU Id: 0x3aa
   IDRP Update: seq: 2 ack: 2 credit_offered: 4 credit_avail: 3
    Route:
     ID: 2
     Local preference: 0
    RD path:
     RD_SEQ:
      47 00 27 41 52 59 52 00 4d 25 18	"G.'ARYR.M%."
    RD hop count: 1
    Security:
     Reg ID: 06 04 2b 1b 00 00
     Info:
      Supported ATSC classes: all
    Capacity: 13
    Reachability info:
     Protocol: CLNP
     Prefix length: 88
     Dest. address prefix: 47 00 27 41 52 59 52 00 4d 25 18	"G.'ARYR.M%."

[2025-05-08 00:08:16 CEST] [136.975] [-5.4/-32.0 dBFS] [26.6 dB] [3.2 ppm]
4D2518 (Aircraft, Airborne) -> 10907A (Ground station): Command
AVLC type: I sseq: 2 rseq: 3 poll: 0
 ACARS:
  Reassembly: skipped
  Reg: .9H-QFE Flight: FR8574
  Mode: 2 Label: 8C Blk id: 2 More: 0 Ack: ! Msg num: M14A
  Message:
   204730,O,LIPZ

[2025-05-08 00:08:18 CEST] [136.975] [-5.3/-32.1 dBFS] [26.8 dB] [3.2 ppm]
4D2518 (Aircraft, Airborne) -> 10907A (Ground station): Command
AVLC type: I sseq: 3 rseq: 4 poll: 0
 ACARS:
  Reassembly: skipped
  Reg: .9H-QFE Flight: FR0000
  Mode: 2 Label: 8A Blk id: 3 More: 0 Ack: ! Msg num: M15A
  Message:
   204937,O,LIPZ

[2025-05-08 00:08:20 CEST] [136.975] [-3.3/-31.8 dBFS] [28.6 dB] [3.2 ppm]
4D2518 (Aircraft, Airborne) -> 10907A (Ground station): Command
AVLC type: I sseq: 4 rseq: 5 poll: 0
 ACARS:
  Reassembly: skipped
  Reg: .9H-QFE Flight: FR853B
  Mode: 2 Label: 8A Blk id: 4 More: 0 Ack: ! Msg num: M16A
  Message:
   210306,C,LIPZ

[2025-05-08 00:08:22 CEST] [136.725] [1.0/-32.0 dBFS] [33.0 dB] [2.7 ppm]
346692 (Aircraft, Airborne) -> 11985A (Ground station): Command
AVLC type: I sseq: 2 rseq: 2 poll: 0
 ACARS:
  Reassembly: skipped
  Reg: .EC-NLY Flight: VY52YE
  Mode: 2 Label: B9 Blk id: 4 More: 0 Ack: ! Msg num: M26A
  Message:
   /LEBL.TI2/040LEBLA3461

[2025-05-08 00:08:22 CEST] [136.975] [-1.6/-32.6 dBFS] [31.0 dB] [3.4 ppm]
4D2518 (Aircraft, Airborne) -> 10907A (Ground station): Command
AVLC type: I sseq: 5 rseq: 6 poll: 0
 ACARS:
  Reassembly: skipped
  Reg: .9H-QFE Flight: FR853B
  Mode: 2 Label: 8C Blk id: 5 More: 0 Ack: ! Msg num: M17A
  Message:
   210408,C,LIPZ

[2025-05-08 00:08:23 CEST] [136.975] [-1.2/-32.1 dBFS] [30.9 dB] [3.4 ppm]
4D2518 (Aircraft, Airborne) -> 10907A (Ground station): Command
AVLC type: I sseq: 6 rseq: 7 poll: 0
 ACARS:
  Reassembly: skipped
  Reg: .9H-QFE Flight: FR853B
  Mode: 2 Label: 8F Blk id: 6 More: 0 Ack: ! Msg num: M19A
  Message:
   210645,C,LIPZ

[2025-05-08 00:08:25 CEST] [136.975] [-1.3/-31.8 dBFS] [30.5 dB] [3.2 ppm]
4D2518 (Aircraft, Airborne) -> 10907A (Ground station): Command
AVLC type: I sseq: 7 rseq: 0 poll: 0
 ACARS:
  Reassembly: skipped
  Reg: .9H-QFE Flight: FR8574
  Mode: 2 Label: QR Blk id: 7 More: 0 Ack: ! Msg num: M11A
  Message:
   LEBLLIPZ2040

[2025-05-08 00:08:26 CEST] [136.975] [-1.4/-31.8 dBFS] [30.4 dB] [3.3 ppm]
4D2518 (Aircraft, Airborne) -> 10907A (Ground station): Command
AVLC type: I sseq: 0 rseq: 1 poll: 0
 ACARS:
  Reassembly: skipped
  Reg: .9H-QFE Flight: FR8574
  Mode: 2 Label: QS Blk id: 8 More: 0 Ack: ! Msg num: M12A
  Message:
   LEBLLIPZ2045 109  

[2025-05-08 00:08:27 CEST] [136.975] [-1.0/-32.3 dBFS] [31.4 dB] [3.2 ppm]
4D2518 (Aircraft, Airborne) -> 10907A (Ground station): Command
AVLC type: I sseq: 1 rseq: 2 poll: 0
 ACARS:
  Reassembly: skipped
  Reg: .9H-QFE Flight: FR853B
  Mode: 2 Label: QP Blk id: 9 More: 0 Ack: ! Msg num: M18A
  Message:
   LIPZ----2106 171     

[2025-05-08 00:08:31 CEST] [136.975] [-2.3/-32.3 dBFS] [30.0 dB] [3.1 ppm]
4D2518 (Aircraft, Airborne) -> 10907A (Ground station): Command
AVLC type: I sseq: 2 rseq: 3 poll: 0
 ACARS:
  Reassembly: skipped
  Reg: .9H-QFE Flight: FR853B
  Mode: 2 Label: QQ Blk id: 0 More: 0 Ack: ! Msg num: M20A
  Message:
   LIPZLEBL21232106

[2025-05-08 00:08:35 CEST] [136.975] [-1.5/-32.1 dBFS] [30.6 dB] [3.1 ppm]
4D2518 (Aircraft, Airborne) -> 10907A (Ground station): Command
AVLC type: I sseq: 2 rseq: 3 poll: 0
 ACARS:
  Reassembly: skipped
  Reg: .9H-QFE Flight: FR853B
  Mode: 2 Label: QQ Blk id: 0 More: 0 Ack: ! Msg num: M20A
  Message:
   LIPZLEBL21232106

[2025-05-08 00:08:36 CEST] [136.975] [-1.0/-32.0 dBFS] [31.0 dB] [3.3 ppm]
4D2518 (Aircraft, Airborne) -> 10907A (Ground station): Command
AVLC type: I sseq: 3 rseq: 4 poll: 0
 ACARS:
  Reassembly: skipped
  Reg: .9H-QFE Flight: FR853B
  Mode: 2 Label: 16 Blk id: 1 More: 0 Ack: ! Msg num: M21A
  Message:
   213433,,2305, 147,N   .    MMMM.MMM

[2025-05-08 00:08:38 CEST] [136.975] [-0.7/-32.2 dBFS] [31.6 dB] [3.1 ppm]
4D2518 (Aircraft, Airborne) -> 10907A (Ground station): Command
AVLC type: I sseq: 4 rseq: 5 poll: 0
 ACARS:
  Reassembly: skipped
  Reg: .9H-QFE Flight: FR853B
  Mode: 2 Label: 16 Blk id: 2 More: 0 Ack: ! Msg num: M22A
  Message:
   214934,,2305, 134,N   .    MMMM.MMM

[2025-05-08 00:08:41 CEST] [136.975] [-1.5/-31.4 dBFS] [29.9 dB] [3.2 ppm]
4D2518 (Aircraft, Airborne) -> 10907A (Ground station): Command
AVLC type: I sseq: 5 rseq: 6 poll: 0
 ACARS:
  Reassembly: skipped
  Reg: .9H-QFE Flight: FR853B
  Mode: 2 Label: 16 Blk id: 3 More: 0 Ack: ! Msg num: M24A
  Message:
   220435,,2306, 121,N   .    MMMM.MMM

[2025-05-08 00:08:43 CEST] [136.975] [-3.9/-31.7 dBFS] [27.8 dB] [3.2 ppm]
4D2518 (Aircraft, Airborne) -> 10907A (Ground station): Command
AVLC type: I sseq: 6 rseq: 7 poll: 0
 ACARS:
  Reassembly: skipped
  Reg: .9H-QFE Flight: FR853B
  Mode: 2 Label: SA Blk id: 4 More: 0 Ack: ! Msg num: S44A
  Message:
   0E22208062/
  Media Advisory, version 0:
   Link VDL2 established at 22:08:06 UTC
   Available links: VDL2

[2025-05-08 00:08:54 CEST] [136.775] [1.0/-31.4 dBFS] [32.3 dB] [3.1 ppm]
440B90 (Aircraft, Airborne) -> 2654E5 (Ground station): Command
AVLC type: I sseq: 3 rseq: 3 poll: 0
 ACARS:
  Reassembly: skipped
  Reg: .OE-IXB Flight: 3V06LC
  Mode: 2 Label: 16 Blk id: 5 More: 0 Ack: ! Msg num: M05A
  Message:
   S 94.876/MMMM.MMM 2315,,465,PS16,---,  5500

[2025-05-08 00:08:57 CEST] [136.675] [-7.7/-32.0 dBFS] [24.3 dB] [2.7 ppm]
4D240E (Aircraft, Airborne) -> 11907A (Ground station): Command
AVLC type: I sseq: 1 rseq: 1 poll: 0
 X.25 Data: grp: 11 chan: 255 sseq: 1 rseq: 2 more: 0
  X.25 reasm status: skipped
  X.233 CLNP Data (compressed header):
   LRef: 0x42 Prio: 11 Flags: 0xf6
   Lifetime: 20.0 sec
   PDU Id: 0x40
   X.224 COTP Data Ack:
    dst_ref: 0x7a40
    rseq: 3 credit: 2
    ATN checksum: e3 7a e3 ac
   X.224 COTP Data:
    dst_ref: 0x7a40
    sseq: 2 req_of_ack: 0 EoT: 1
    COTP reasm status: skipped
    ATN checksum: af 40 66 95
    CPDLC Downlink Message:
     Header:
      Msg ID: 2
      Msg Ref: 3
      Timestamp: 2025-05-07 22:08:56
      Logical ACK: notRequired
     Message data:
      LOGICAL ACKNOWLEDGMENT

[2025-05-08 00:09:02 CEST] [136.675] [-6.0/-32.0 dBFS] [26.0 dB] [2.7 ppm]
4D240E (Aircraft, Airborne) -> 11907A (Ground station): Command
AVLC type: I sseq: 2 rseq: 2 poll: 0
 X.25 Data: grp: 11 chan: 255 sseq: 2 rseq: 3 more: 0
  X.25 reasm status: skipped
  X.233 CLNP Data (compressed header):
   LRef: 0x42 Prio: 11 Flags: 0xf6
   Lifetime: 20.0 sec
   PDU Id: 0x41
   X.224 COTP Data:
    dst_ref: 0x7a40
    sseq: 3 req_of_ack: 0 EoT: 1
    COTP reasm status: skipped
    ATN checksum: 0b 4a 0b 8a
    CPDLC Downlink Message:
     Header:
      Msg ID: 3
      Msg Ref: 3
      Timestamp: 2025-05-07 22:09:01
      Logical ACK: required
     Message data:
      WILCO

[2025-05-08 00:09:05 CEST] [136.675] [-6.7/-31.9 dBFS] [25.2 dB] [2.8 ppm]
4D240E (Aircraft, Airborne) -> 11907A (Ground station): Command
AVLC type: I sseq: 3 rseq: 4 poll: 0
 X.25 Data: grp: 11 chan: 255 sseq: 3 rseq: 5 more: 0
  X.25 reasm status: skipped
  X.233 CLNP Data (compressed header):
   LRef: 0x42 Prio: 11 Flags: 0xf6
   Lifetime: 20.0 sec
   PDU Id: 0x42
   X.224 COTP Data Ack:
    dst_ref: 0x7a40
    rseq: 4 credit: 3
    ATN checksum: 57 1a de 9c

[2025-05-08 00:09:08 CEST] [136.675] [-7.5/-32.1 dBFS] [24.7 dB] [2.7 ppm]
4D240E (Aircraft, Airborne) -> 11907A (Ground station): Command
AVLC type: I sseq: 3 rseq: 4 poll: 0
 X.25 Data: grp: 11 chan: 255 sseq: 3 rseq: 5 more: 0
  X.25 reasm status: skipped
  X.233 CLNP Data (compressed header):
   LRef: 0x42 Prio: 11 Flags: 0xf6
   Lifetime: 20.0 sec
   PDU Id: 0x42
   X.224 COTP Data Ack:
    dst_ref: 0x7a40
    rseq: 4 credit: 3
    ATN checksum: 57 1a de 9c

[2025-05-08 00:09:13 CEST] [136.775] [-11.6/-31.8 dBFS] [20.2 dB] [3.7 ppm]
407FC2 (Aircraft, Airborne) -> 2654E5 (Ground station): Command
AVLC type: I sseq: 3 rseq: 1 poll: 0
 X.25 Data: grp: 11 chan: 255 sseq: 0 rseq: 1 more: 0
  X.25 reasm status: skipped
  X.233 CLNP Data (compressed header):
   LRef: 0x41 Prio: 11 Flags: 0xf6
   Lifetime: 20.0 sec
   PDU Id: 0x62e
   X.224 COTP Data Ack:
    dst_ref: 0x7a44
    rseq: 4 credit: 3
    Flow control:
     Acked TPDU nr: 4
     Acked subsequence: 0
     Acked credit: 15
    ATN checksum: 04 a1 a2 dc

[2025-05-08 00:09:24 CEST] [136.725] [-2.0/-31.7 dBFS] [29.7 dB] [3.9 ppm]
4CA8D8 (Aircraft, Airborne) -> 11984A (Ground station): Command
AVLC type: I sseq: 5 rseq: 6 poll: 0
 X.25 Data: grp: 11 chan: 255 sseq: 2 rseq: 3 more: 0
  X.25 reasm status: skipped
  X.233 CLNP Data (compressed header):
   LRef: 0x42 Prio: 11 Flags: 0xc0
   Lifetime: 50.0 sec
   PDU Id: 0x16c5
   X.224 COTP Data Ack:
    dst_ref: 0x7a37
    rseq: 6 credit: 3
    Checksum: b4 ae
    Flow control:
     Acked TPDU nr: 6
     Acked subsequence: 0
     Acked credit: 15

[2025-05-08 00:09:26 CEST] [136.775] [0.5/-31.2 dBFS] [31.7 dB] [3.0 ppm]
440B90 (Aircraft, Airborne) -> 2654E5 (Ground station): Command
AVLC type: I sseq: 4 rseq: 6 poll: 0
 X.25 Data: grp: 11 chan: 254 sseq: 1 rseq: 2 more: 0
  X.25 reasm status: skipped
  X.233 CLNP Data (compressed header):
   LRef: 0x41 Prio: 11 Flags: 0xc0
   Lifetime: 50.0 sec
   PDU Id: 0x257
   X.224 COTP Data:
    dst_ref: 0x7a41
    sseq: 4 req_of_ack: 0 EoT: 1
    COTP reasm status: skipped
    Checksum: 13 25
    CPDLC Downlink Message:
     Header:
      Msg ID: 4
      Timestamp: 2025-05-07 22:09:25
      Logical ACK: required
     Message data:
      REQUEST [level]
       Flight level: 400

[2025-05-08 00:09:28 CEST] [136.775] [-0.8/-31.2 dBFS] [30.5 dB] [2.9 ppm]
440B90 (Aircraft, Airborne) -> 2654E5 (Ground station): Command
AVLC type: I sseq: 5 rseq: 0 poll: 0
 X.25 Data: grp: 11 chan: 254 sseq: 2 rseq: 4 more: 0
  X.25 reasm status: skipped
  X.233 CLNP Data (compressed header):
   LRef: 0x41 Prio: 11 Flags: 0xc0
   Lifetime: 50.0 sec
   PDU Id: 0x258
   X.224 COTP Data Ack:
    dst_ref: 0x7a41
    rseq: 5 credit: 3
    Checksum: 7f 8e

[2025-05-08 00:09:43 CEST] [136.975] [-8.8/-32.1 dBFS] [23.3 dB] [2.4 ppm]
4CAD64 (Aircraft, Airborne) -> 10FA5A (Ground station): Command
AVLC type: I sseq: 7 rseq: 0 poll: 0
 X.25 Data: grp: 11 chan: 254 sseq: 4 rseq: 5 more: 0
  X.25 reasm status: skipped
  X.233 CLNP Data (compressed header):
   LRef: 0x41 Prio: 11 Flags: 0xc0
   Lifetime: 50.0 sec
   PDU Id: 0x1d82
   X.224 COTP Data Ack:
    dst_ref: 0x7a46
    rseq: 4 credit: 3
    Checksum: 65 f2
    Flow control:
     Acked TPDU nr: 4
     Acked subsequence: 0
     Acked credit: 15

[2025-05-08 00:10:10 CEST] [136.775] [-1.8/-32.7 dBFS] [30.9 dB] [3.1 ppm]
440B90 (Aircraft, Airborne) -> 2654E5 (Ground station): Command
AVLC type: I sseq: 7 rseq: 1 poll: 0
 X.25 Data: grp: 11 chan: 254 sseq: 4 rseq: 5 more: 0
  X.25 reasm status: skipped
  X.233 CLNP Data (compressed header):
   LRef: 0x41 Prio: 11 Flags: 0xc0
   Lifetime: 50.0 sec
   PDU Id: 0x25a
   X.224 COTP Data Ack:
    dst_ref: 0x7a41
    rseq: 6 credit: 3
    Checksum: 7b 91

[2025-05-08 00:10:11 CEST] [136.775] [-1.9/-32.1 dBFS] [30.2 dB] [2.9 ppm]
440B90 (Aircraft, Airborne) -> 2654E5 (Ground station): Command
AVLC type: I sseq: 0 rseq: 1 poll: 0
 X.25 Data: grp: 11 chan: 254 sseq: 5 rseq: 5 more: 0
  X.25 reasm status: skipped
  X.233 CLNP Data (compressed header):
   LRef: 0x41 Prio: 11 Flags: 0xc0
   Lifetime: 50.0 sec
   PDU Id: 0x25b
   X.224 COTP Data:
    dst_ref: 0x7a41
    sseq: 5 req_of_ack: 0 EoT: 1
    COTP reasm status: skipped
    Checksum: 00 b7
    CPDLC Downlink Message:
     Header:
      Msg ID: 5
      Msg Ref: 6
      Timestamp: 2025-05-07 22:10:10
      Logical ACK: notRequired
     Message data:
      LOGICAL ACKNOWLEDGMENT

[2025-05-08 00:10:14 CEST] [136.775] [-0.8/-32.4 dBFS] [31.6 dB] [2.9 ppm]
440B90 (Aircraft, Airborne) -> 2654E5 (Ground station): Command
AVLC type: I sseq: 7 rseq: 1 poll: 0
 X.25 Data: grp: 11 chan: 254 sseq: 4 rseq: 5 more: 0
  X.25 reasm status: skipped
  X.233 CLNP Data (compressed header):
   LRef: 0x41 Prio: 11 Flags: 0xc0
   Lifetime: 50.0 sec
   PDU Id: 0x25a
   X.224 COTP Data Ack:
    dst_ref: 0x7a41
    rseq: 6 credit: 3
    Checksum: 7b 91

[2025-05-08 00:10:14 CEST] [136.775] [-0.7/-32.7 dBFS] [32.0 dB] [2.9 ppm]
440B90 (Aircraft, Airborne) -> 2654E5 (Ground station): Command
AVLC type: I sseq: 0 rseq: 1 poll: 0
 X.25 Data: grp: 11 chan: 254 sseq: 5 rseq: 5 more: 0
  X.25 reasm status: skipped
  X.233 CLNP Data (compressed header):
   LRef: 0x41 Prio: 11 Flags: 0xc0
   Lifetime: 50.0 sec
   PDU Id: 0x25b
   X.224 COTP Data:
    dst_ref: 0x7a41
    sseq: 5 req_of_ack: 0 EoT: 1
    COTP reasm status: skipped
    Checksum: 00 b7
    CPDLC Downlink Message:
     Header:
      Msg ID: 5
      Msg Ref: 6
      Timestamp: 2025-05-07 22:10:10
      Logical ACK: notRequired
     Message data:
      LOGICAL ACKNOWLEDGMENT

[2025-05-08 00:10:17 CEST] [136.775] [-0.7/-32.3 dBFS] [31.6 dB] [3.0 ppm]
440B90 (Aircraft, Airborne) -> 2654E5 (Ground station): Command
AVLC type: I sseq: 1 rseq: 2 poll: 0
 X.25 Data: grp: 11 chan: 254 sseq: 6 rseq: 6 more: 0
  X.25 reasm status: skipped
  X.233 CLNP Data (compressed header):
   LRef: 0x41 Prio: 11 Flags: 0xc0
   Lifetime: 50.0 sec
   PDU Id: 0x25c
   X.224 COTP Data:
    dst_ref: 0x7a41
    sseq: 6 req_of_ack: 0 EoT: 1
    COTP reasm status: skipped
    Checksum: c4 46
    CPDLC Downlink Message:
     Header:
      Msg ID: 6
      Msg Ref: 6
      Timestamp: 2025-05-07 22:10:16
      Logical ACK: required
     Message data:
      WILCO

[2025-05-08 00:10:18 CEST] [136.775] [-0.6/-31.9 dBFS] [31.3 dB] [2.8 ppm]
440B90 (Aircraft, Airborne) -> 2654E5 (Ground station): Command
AVLC type: I sseq: 2 rseq: 4 poll: 0
 X.25 Data: grp: 11 chan: 254 sseq: 7 rseq: 0 more: 0
  X.25 reasm status: skipped
  X.233 CLNP Data (compressed header):
   LRef: 0x41 Prio: 11 Flags: 0xc0
   Lifetime: 50.0 sec
   PDU Id: 0x25d
   X.224 COTP Data Ack:
    dst_ref: 0x7a41
    rseq: 7 credit: 3
    Checksum: 77 94

[2025-05-08 00:10:35 CEST] [136.675] [-2.0/-31.6 dBFS] [29.6 dB] [2.5 ppm]
4D240E (Aircraft, Airborne) -> 11907A (Ground station): Command
AVLC type: I sseq: 5 rseq: 6 poll: 0
 X.25 Data: grp: 11 chan: 255 sseq: 5 rseq: 7 more: 0
  X.25 reasm status: skipped
  X.233 CLNP Data (compressed header):
   LRef: 0x42 Prio: 11 Flags: 0xf6
   Lifetime: 20.0 sec
   PDU Id: 0x44
   X.224 COTP Data Ack:
    dst_ref: 0x7a40
    rseq: 4 credit: 3
    Flow control:
     Acked TPDU nr: 4
     Acked subsequence: 0
     Acked credit: 15
    ATN checksum: d9 47 5d bc

[2025-05-08 00:10:56 CEST] [136.725] [-8.3/-31.2 dBFS] [22.9 dB] [4.1 ppm]
4CA8D8 (Aircraft, Airborne) -> 11984A (Ground station): Command
AVLC type: I sseq: 6 rseq: 7 poll: 0
 X.25 Data: grp: 11 chan: 255 sseq: 3 rseq: 4 more: 0
  X.25 reasm status: skipped
  X.233 CLNP Data (compressed header):
   LRef: 0x42 Prio: 11 Flags: 0xc0
   Lifetime: 50.0 sec
   PDU Id: 0x16c6
   X.224 COTP Data Ack:
    dst_ref: 0x7a37
    rseq: 6 credit: 3
    Checksum: b4 ae
    Flow control:
     Acked TPDU nr: 6
     Acked subsequence: 0
     Acked credit: 15

[2025-05-08 00:11:07 CEST] [136.975] [-10.3/-31.6 dBFS] [21.3 dB] [2.3 ppm]
4CAD64 (Aircraft, Airborne) -> 10FA5A (Ground station): Command
AVLC type: I sseq: 1 rseq: 2 poll: 0
 X.25 Data: grp: 11 chan: 254 sseq: 6 rseq: 7 more: 0
  X.25 reasm status: skipped
  X.233 CLNP Data (compressed header):
   LRef: 0x41 Prio: 11 Flags: 0xc0
   Lifetime: 50.0 sec
   PDU Id: 0x1d84
   X.224 COTP Data Ack:
    dst_ref: 0x7a46
    rseq: 4 credit: 3
    Checksum: 65 f2
    Flow control:
     Acked TPDU nr: 4
     Acked subsequence: 0
     Acked credit: 15

[2025-05-08 00:11:50 CEST] [136.775] [-2.4/-31.4 dBFS] [29.0 dB] [2.9 ppm]
440B90 (Aircraft, Airborne) -> 2654E5 (Ground station): Command
AVLC type: I sseq: 3 rseq: 6 poll: 0
 X.25 Data: grp: 11 chan: 254 sseq: 0 rseq: 1 more: 0
  X.25 reasm status: skipped
  X.233 CLNP Data (compressed header):
   LRef: 0x41 Prio: 11 Flags: 0xc0
   Lifetime: 50.0 sec
   PDU Id: 0x25e
   X.224 COTP Data Ack:
    dst_ref: 0x7a41
    rseq: 7 credit: 3
    Checksum: 84 d2
    Flow control:
     Acked TPDU nr: 7
     Acked subsequence: 0
     Acked credit: 15

[2025-05-08 00:12:07 CEST] [136.675] [-0.2/-32.5 dBFS] [32.3 dB] [2.0 ppm]
4D240E (Aircraft, Airborne) -> 11907A (Ground station): Command
AVLC type: I sseq: 6 rseq: 7 poll: 0
 X.25 Data: grp: 11 chan: 255 sseq: 6 rseq: 0 more: 0
  X.25 reasm status: skipped
  X.233 CLNP Data (compressed header):
   LRef: 0x42 Prio: 11 Flags: 0xf6
   Lifetime: 20.0 sec
   PDU Id: 0x45
   X.224 COTP Data Ack:
    dst_ref: 0x7a40
    rseq: 4 credit: 3
    Flow control:
     Acked TPDU nr: 4
     Acked subsequence: 0
     Acked credit: 15
    ATN checksum: d9 47 5d bc

[2025-05-08 00:12:31 CEST] [136.725] [-13.4/-31.3 dBFS] [18.0 dB] [3.9 ppm]
4D228B (Aircraft, Airborne) -> 11985A (Ground station): Command
AVLC type: I sseq: 1 rseq: 1 poll: 0
 X.25 Data: grp: 11 chan: 254 sseq: 7 rseq: 7 more: 0
  X.25 reasm status: skipped
  X.233 CLNP Data (compressed header):
   LRef: 0x41 Prio: 11 Flags: 0xc0
   Lifetime: 50.0 sec
   PDU Id: 0x976
   X.224 COTP Data Ack:
    dst_ref: 0x7a53
    rseq: 2 credit: 2
    Checksum: 27 29
    Flow control:
     Acked TPDU nr: 2
     Acked subsequence: 0
     Acked credit: 15

[2025-05-08 00:12:36 CEST] [136.725] [-6.3/-31.5 dBFS] [25.1 dB] [2.6 ppm]
4400DC (Aircraft, Airborne) -> 11985A (Ground station): Command
AVLC type: I sseq: 1 rseq: 3 poll: 0
 X.25 Data: grp: 11 chan: 255 sseq: 5 rseq: 7 more: 0
  X.25 reasm status: skipped
  X.233 CLNP Data (compressed header):
   LRef: 0x41 Prio: 11 Flags: 0xf6
   Lifetime: 20.0 sec
   PDU Id: 0x134
   X.224 COTP Data Ack:
    dst_ref: 0x7a47
    rseq: 4 credit: 3
    Flow control:
     Acked TPDU nr: 4
     Acked subsequence: 0
     Acked credit: 15
    ATN checksum: bf 83 ca 88

[2025-05-08 00:12:38 CEST] [136.725] [-6.1/-31.4 dBFS] [25.3 dB] [2.6 ppm]
4400DC (Aircraft, Airborne) -> 11985A (Ground station): Command
AVLC type: I sseq: 1 rseq: 3 poll: 0
 X.25 Data: grp: 11 chan: 255 sseq: 5 rseq: 7 more: 0
  X.25 reasm status: skipped
  X.233 CLNP Data (compressed header):
   LRef: 0x41 Prio: 11 Flags: 0xf6
   Lifetime: 20.0 sec
   PDU Id: 0x134
   X.224 COTP Data Ack:
    dst_ref: 0x7a47
    rseq: 4 credit: 3
    Flow control:
     Acked TPDU nr: 4
     Acked subsequence: 0
     Acked credit: 15
    ATN checksum: bf 83 ca 88

[2025-05-08 00:12:39 CEST] [136.975] [-3.0/-31.9 dBFS] [28.9 dB] [2.4 ppm]
4CAD64 (Aircraft, Airborne) -> 10FA5A (Ground station): Command
AVLC type: I sseq: 2 rseq: 3 poll: 0
 X.25 Data: grp: 11 chan: 254 sseq: 7 rseq: 0 more: 0
  X.25 reasm status: skipped
  X.233 CLNP Data (compressed header):
   LRef: 0x41 Prio: 11 Flags: 0xc0
   Lifetime: 50.0 sec
   PDU Id: 0x1d85
   X.224 COTP Data Ack:
    dst_ref: 0x7a46
    rseq: 4 credit: 3
    Checksum: 65 f2
    Flow control:
     Acked TPDU nr: 4
     Acked subsequence: 0
     Acked credit: 15

[2025-05-08 00:13:04 CEST] [136.775] [-8.4/-31.5 dBFS] [23.1 dB] [2.9 ppm]
440B90 (Aircraft, Airborne) -> 2654E5 (Ground station): Command
AVLC type: I sseq: 4 rseq: 0 poll: 0
 X.25 Data: grp: 11 chan: 254 sseq: 1 rseq: 2 more: 0
  X.25 reasm status: skipped
  X.233 CLNP Data (compressed header):
   LRef: 0x41 Prio: 11 Flags: 0xc0
   Lifetime: 50.0 sec
   PDU Id: 0x25f
   X.224 COTP Data Ack:
    dst_ref: 0x7a41
    rseq: 8 credit: 3
    Checksum: 73 97

[2025-05-08 00:13:04 CEST] [136.775] [-7.3/-31.2 dBFS] [23.9 dB] [2.6 ppm]
440B90 (Aircraft, Airborne) -> 2654E5 (Ground station): Command
AVLC type: I sseq: 5 rseq: 0 poll: 0
 X.25 Data: grp: 11 chan: 254 sseq: 2 rseq: 2 more: 0
  X.25 reasm status: skipped
  X.233 CLNP Data (compressed header):
   LRef: 0x41 Prio: 11 Flags: 0xc0
   Lifetime: 50.0 sec
   PDU Id: 0x260
   X.224 COTP Data:
    dst_ref: 0x7a41
    sseq: 7 req_of_ack: 0 EoT: 1
    COTP reasm status: skipped
    Checksum: a8 0d
    CPDLC Downlink Message:
     Header:
      Msg ID: 7
      Msg Ref: 8
      Timestamp: 2025-05-07 22:13:03
      Logical ACK: notRequired
     Message data:
      LOGICAL ACKNOWLEDGMENT

[2025-05-08 00:13:24 CEST] [136.875] [-12.3/-31.3 dBFS] [19.0 dB] [0.2 ppm]
511188 (Aircraft, Airborne) -> 266661 (Ground station): Command
AVLC type: I sseq: 4 rseq: 1 poll: 0
 X.25 Data: grp: 11 chan: 255 sseq: 0 rseq: 2 more: 0
  X.25 reasm status: skipped
  X.233 CLNP Data (compressed header):
   LRef: 0x47 Prio: 11 Flags: 0xf6
   Lifetime: 20.0 sec
   PDU Id: 0x2d4
   X.224 COTP Data Ack:
    dst_ref: 0x7a50
    rseq: 2 credit: 2
    Flow control:
     Acked TPDU nr: 2
     Acked subsequence: 0
     Acked credit: 15
    ATN checksum: 77 35 c2 59

[2025-05-08 00:13:40 CEST] [136.675] [-1.4/-31.8 dBFS] [30.4 dB] [1.9 ppm]
4D240E (Aircraft, Airborne) -> 11907A (Ground station): Command
AVLC type: I sseq: 7 rseq: 0 poll: 0
 X.25 Data: grp: 11 chan: 255 sseq: 7 rseq: 1 more: 0
  X.25 reasm status: skipped
  X.233 CLNP Data (compressed header):
   LRef: 0x42 Prio: 11 Flags: 0xf6
   Lifetime: 20.0 sec
   PDU Id: 0x46
   X.224 COTP Data Ack:
    dst_ref: 0x7a40
    rseq: 4 credit: 3
    Flow control:
     Acked TPDU nr: 4
     Acked subsequence: 0
     Acked credit: 15
    ATN checksum: d9 47 5d bc

[2025-05-08 00:13:41 CEST] [136.725] [0.5/-31.4 dBFS] [31.9 dB] [2.8 ppm]
4D2518 (Aircraft, Airborne) -> 11985A (Ground station): Command
AVLC type: U (XID) P/F: 1
 XID: Handoff Initiation
  Public params:
   Parameter set ID: 8885:1993
   Procedure classes: 00 01
   HDLC options: 20 84 80
  VDL params:
   Parameter set ID: V
   XID sequencing: seq: 1 retry: 0
   Destination airport: LEBL
   Aircraft location: 0.0N 0.0E 0 ft
   Alternate ground stations: 11984A
   AVLC specific options: 24
   Connection management: 01

[2025-05-08 00:14:03 CEST] [136.725] [-8.5/-31.7 dBFS] [23.2 dB] [3.7 ppm]
4D228B (Aircraft, Airborne) -> 11985A (Ground station): Command
AVLC type: I sseq: 3 rseq: 3 poll: 0
 X.25 Data: grp: 11 chan: 254 sseq: 1 rseq: 1 more: 0
  X.25 reasm status: skipped
  X.233 CLNP Data (compressed header):
   LRef: 0x41 Prio: 11 Flags: 0xc0
   Lifetime: 50.0 sec
   PDU Id: 0x978
   X.224 COTP Data Ack:
    dst_ref: 0x7a53
    rseq: 2 credit: 2
    Checksum: 27 29
    Flow control:
     Acked TPDU nr: 2
     Acked subsequence: 0
     Acked credit: 15

[2025-05-08 00:14:11 CEST] [136.975] [-10.4/-31.8 dBFS] [21.4 dB] [2.2 ppm]
4CAD64 (Aircraft, Airborne) -> 10FA5A (Ground station): Command
AVLC type: I sseq: 3 rseq: 4 poll: 0
 X.25 Data: grp: 11 chan: 254 sseq: 0 rseq: 1 more: 0
  X.25 reasm status: skipped
  X.233 CLNP Data (compressed header):
   LRef: 0x41 Prio: 11 Flags: 0xc0
   Lifetime: 50.0 sec
   PDU Id: 0x1d86
   X.224 COTP Data Ack:
    dst_ref: 0x7a46
    rseq: 4 credit: 3
    Checksum: 65 f2
    Flow control:
     Acked TPDU nr: 4
     Acked subsequence: 0
     Acked credit: 15

[2025-05-08 00:14:38 CEST] [136.775] [-4.6/-31.4 dBFS] [26.8 dB] [3.0 ppm]
440B90 (Aircraft, Airborne) -> 2654E5 (Ground station): Command
AVLC type: I sseq: 0 rseq: 7 poll: 0
 X.25 Data: grp: 11 chan: 254 sseq: 4 rseq: 1 more: 0
  X.25 reasm status: skipped
  X.233 CLNP Data (compressed header):
   LRef: 0x41 Prio: 11 Flags: 0xc0
   Lifetime: 50.0 sec
   PDU Id: 0x262
   X.224 COTP Data Ack:
    dst_ref: 0x7a41
    rseq: 8 credit: 3
    Checksum: 86 ce
    Flow control:
     Acked TPDU nr: 8
     Acked subsequence: 0
     Acked credit: 15

[2025-05-08 00:15:11 CEST] [136.675] [-3.7/-32.3 dBFS] [28.7 dB] [2.0 ppm]
4D240E (Aircraft, Airborne) -> 11907A (Ground station): Command
AVLC type: I sseq: 1 rseq: 1 poll: 0
 X.25 Data: grp: 11 chan: 255 sseq: 1 rseq: 2 more: 0
  X.25 reasm status: skipped
  X.233 CLNP Data (compressed header):
   LRef: 0x42 Prio: 11 Flags: 0xf6
   Lifetime: 20.0 sec
   PDU Id: 0x48
   X.224 COTP Data Ack:
    dst_ref: 0x7a40
    rseq: 4 credit: 3
    Flow control:
     Acked TPDU nr: 4
     Acked subsequence: 0
     Acked credit: 15
    ATN checksum: d9 47 5d bc

[2025-05-08 00:15:14 CEST] [136.775] [-6.8/-31.0 dBFS] [24.2 dB] [2.7 ppm]
440B90 (Aircraft, Airborne) -> 2654E5 (Ground station): Command
AVLC type: I sseq: 2 rseq: 0 poll: 0
 X.25 Data: grp: 11 chan: 254 sseq: 6 rseq: 2 more: 0
  X.25 reasm status: skipped
  X.233 CLNP Data (compressed header):
   LRef: 0x42 Prio: 11 Flags: 0xc0
   Lifetime: 50.0 sec
   PDU Id: 0x264
   X.224 COTP Data Ack:
    dst_ref: 0x0be5
    rseq: 0 credit: 1
    Checksum: b7 7f
    Flow control:
     Acked TPDU nr: 0
     Acked subsequence: 0
     Acked credit: 10

[2025-05-08 00:15:17 CEST] [136.875] [-9.8/-31.9 dBFS] [22.1 dB] [-0.0 ppm]
511188 (Aircraft, Airborne) -> 266661 (Ground station): Command
AVLC type: I sseq: 1 rseq: 7 poll: 0
 X.25 Data: grp: 11 chan: 255 sseq: 4 rseq: 7 more: 0
  X.25 reasm status: skipped
  X.233 CLNP Data (compressed header):
   LRef: 0x47 Prio: 11 Flags: 0xf6
   Lifetime: 20.0 sec
   PDU Id: 0x2d8
   X.224 COTP Data Ack:
    dst_ref: 0x7a50
    rseq: 4 credit: 3
    Flow control:
     Acked TPDU nr: 4
     Acked subsequence: 0
     Acked credit: 15
    ATN checksum: 22 24 b6 c6

[2025-05-08 00:15:19 CEST] [136.725] [-12.5/-31.7 dBFS] [19.2 dB] [3.8 ppm]
4CA766 (Aircraft, Airborne) -> 11985A (Ground station): Command
AVLC type: I sseq: 6 rseq: 7 poll: 0
 X.25 Data: grp: 11 chan: 255 sseq: 3 rseq: 4 more: 0
  X.25 reasm status: skipped
  X.233 CLNP Data (compressed header):
   LRef: 0x41 Prio: 11 Flags: 0xc0
   Lifetime: 50.0 sec
   PDU Id: 0x345
   X.224 COTP Data Ack:
    dst_ref: 0x7a4c
    rseq: 4 credit: 3
    Checksum: 47 0b
    Flow control:
     Acked TPDU nr: 4
     Acked subsequence: 0
     Acked credit: 15

[2025-05-08 00:15:20 CEST] [136.875] [-12.2/-31.6 dBFS] [19.5 dB] [-0.1 ppm]
511188 (Aircraft, Airborne) -> 266661 (Ground station): Command
AVLC type: I sseq: 1 rseq: 7 poll: 0
 X.25 Data: grp: 11 chan: 255 sseq: 4 rseq: 7 more: 0
  X.25 reasm status: skipped
  X.233 CLNP Data (compressed header):
   LRef: 0x47 Prio: 11 Flags: 0xf6
   Lifetime: 20.0 sec
   PDU Id: 0x2d8
   X.224 COTP Data Ack:
    dst_ref: 0x7a50
    rseq: 4 credit: 3
    Flow control:
     Acked TPDU nr: 4
     Acked subsequence: 0
     Acked credit: 15
    ATN checksum: 22 24 b6 c6

[2025-05-08 00:15:35 CEST] [136.725] [-11.6/-31.5 dBFS] [19.9 dB] [3.6 ppm]
4D228B (Aircraft, Airborne) -> 11985A (Ground station): Command
AVLC type: I sseq: 4 rseq: 4 poll: 0
 X.25 Data: grp: 11 chan: 254 sseq: 2 rseq: 2 more: 0
  X.25 reasm status: skipped
  X.233 CLNP Data (compressed header):
   LRef: 0x41 Prio: 11 Flags: 0xc0
   Lifetime: 50.0 sec
   PDU Id: 0x979
   X.224 COTP Data Ack:
    dst_ref: 0x7a53
    rseq: 2 credit: 2
    Checksum: 27 29
    Flow control:
     Acked TPDU nr: 2
     Acked subsequence: 0
     Acked credit: 15

[2025-05-08 00:16:09 CEST] [136.775] [-12.5/-32.1 dBFS] [19.6 dB] [2.7 ppm]
440B90 (Aircraft, Airborne) -> 2654E5 (Ground station): Command
AVLC type: I sseq: 3 rseq: 1 poll: 0
 X.25 Data: grp: 11 chan: 254 sseq: 7 rseq: 3 more: 0
  X.25 reasm status: skipped
  X.233 CLNP Data (compressed header):
   LRef: 0x41 Prio: 11 Flags: 0xc0
   Lifetime: 50.0 sec
   PDU Id: 0x265
   X.224 COTP Data Ack:
    dst_ref: 0x7a41
    rseq: 8 credit: 3
    Checksum: 86 ce
    Flow control:
     Acked TPDU nr: 8
     Acked subsequence: 0
     Acked credit: 15

[2025-05-08 00:16:13 CEST] [136.775] [-11.4/-31.5 dBFS] [20.1 dB] [2.6 ppm]
440B90 (Aircraft, Airborne) -> 2654E5 (Ground station): Command
AVLC type: I sseq: 4 rseq: 2 poll: 0
 X.25 Data: grp: 11 chan: 254 sseq: 0 rseq: 4 more: 0
  X.25 reasm status: skipped
  X.233 CLNP Data (compressed header):
   LRef: 0x41 Prio: 11 Flags: 0xc0
   Lifetime: 50.0 sec
   PDU Id: 0x266
   X.224 COTP Data Ack:
    dst_ref: 0x7a41
    rseq: 9 credit: 4
    Checksum: 68 a0

[2025-05-08 00:16:13 CEST] [136.775] [-11.2/-31.3 dBFS] [20.1 dB] [2.7 ppm]
440B90 (Aircraft, Airborne) -> 2654E5 (Ground station): Command
AVLC type: I sseq: 5 rseq: 2 poll: 0
 X.25 Data: grp: 11 chan: 254 sseq: 1 rseq: 4 more: 0
  X.25 reasm status: skipped
  X.233 CLNP Data (compressed header):
   LRef: 0x41 Prio: 11 Flags: 0xc0
   Lifetime: 50.0 sec
   PDU Id: 0x267
   X.224 COTP Data:
    dst_ref: 0x7a41
    sseq: 8 req_of_ack: 0 EoT: 1
    COTP reasm status: skipped
    Checksum: 64 50
    CPDLC Downlink Message:
     Header:
      Msg ID: 8
      Msg Ref: 10
      Timestamp: 2025-05-07 22:16:12
      Logical ACK: notRequired
     Message data:
      LOGICAL ACKNOWLEDGMENT

[2025-05-08 00:16:16 CEST] [136.775] [-10.6/-31.3 dBFS] [20.7 dB] [2.8 ppm]
440B90 (Aircraft, Airborne) -> 2654E5 (Ground station): Command
AVLC type: I sseq: 6 rseq: 4 poll: 0
 X.25 Data: grp: 11 chan: 254 sseq: 2 rseq: 6 more: 0
  X.25 reasm status: skipped
  X.233 CLNP Data (compressed header):
   LRef: 0x42 Prio: 11 Flags: 0xc0
   Lifetime: 50.0 sec
   PDU Id: 0x268
   X.224 COTP Data Ack:
    dst_ref: 0x0be5
    rseq: 0 credit: 1
    Checksum: b7 7f
    Flow control:
     Acked TPDU nr: 0
     Acked subsequence: 0
     Acked credit: 10

