[2025-01-20 00:00:15 CET] [136.725] [-13.9/-30.1 dBFS] [16.2 dB] [3.0 ppm]
4CA256 (Aircraft, Airborne) -> 11985A (Ground station): Command
AVLC type: I sseq: 2 rseq: 3 poll: 0
 X.25 Data: grp: 11 chan: 254 sseq: 7 rseq: 0 more: 0
  X.25 reasm status: skipped
  X.233 CLNP Data (compressed header):
   LRef: 0x41 Prio: 11 Flags: 0xc0
   Lifetime: 50.0 sec
   PDU Id: 0x38e
   X.224 COTP Data Ack:
    dst_ref: 0xc9cc
    rseq: 4 credit: 3
    Checksum: e8 99
    Flow control:
     Acked TPDU nr: 4
     Acked subsequence: 0
     Acked credit: 15

[2025-01-20 00:01:43 CET] [136.875] [-6.5/-29.6 dBFS] [23.1 dB] [1.2 ppm]
02A261 (Aircraft, Airborne) -> 270CA1 (Ground station): Command
AVLC type: U (XID) P/F: 1
 XID: Handoff Initiation
  Public params:
   Parameter set ID: 8885:1993
   Procedure classes: 00 01
   HDLC options: 20 a4 80
  VDL params:
   Parameter set ID: V
   Connection management: 01
   XID sequencing: seq: 6 retry: 0
   AVLC specific options: 25
   Destination airport: DTTA
   Aircraft location: 43.9N 5.6E 37000 ft

[2025-01-20 00:01:47 CET] [136.725] [-0.1/-29.6 dBFS] [29.5 dB] [2.9 ppm]
4CA256 (Aircraft, Airborne) -> 11985A (Ground station): Command
AVLC type: I sseq: 3 rseq: 4 poll: 0
 X.25 Data: grp: 11 chan: 254 sseq: 0 rseq: 1 more: 0
  X.25 reasm status: skipped
  X.233 CLNP Data (compressed header):
   LRef: 0x41 Prio: 11 Flags: 0xc0
   Lifetime: 50.0 sec
   PDU Id: 0x38f
   X.224 COTP Data Ack:
    dst_ref: 0xc9cc
    rseq: 4 credit: 3
    Checksum: e8 99
    Flow control:
     Acked TPDU nr: 4
     Acked subsequence: 0
     Acked credit: 15

[2025-01-20 00:03:52 CET] [136.975] [-1.7/-29.8 dBFS] [28.2 dB] [0.8 ppm]
02A261 (Aircraft, Airborne) -> 26CA77 (Ground station): Command
AVLC type: U (XID) P/F: 1
 XID: Handoff Initiation
  Public params:
   Parameter set ID: 8885:1993
   Procedure classes: 00 01
   HDLC options: 20 a4 80
  VDL params:
   Parameter set ID: V
   Connection management: 01
   XID sequencing: seq: 7 retry: 0
   AVLC specific options: 25
   Destination airport: DTTA
   Aircraft location: 43.7N 5.9E 36000 ft

[2025-01-20 00:04:10 CET] [136.775] [-7.3/-29.6 dBFS] [22.3 dB] [4.2 ppm]
4D2532 (Aircraft, Airborne) -> 233925 (Ground station): Response
AVLC type: U (XID) P/F: 1
 XID: Handoff Response
  Public params:
   Parameter set ID: 8885:1993
   Procedure classes: 00 01
   HDLC options: 20 a4 80
  VDL params:
   Parameter set ID: V
   Connection management: 01
   XID sequencing: seq: 3 retry: 0
   AVLC specific options: 25
   Destination airport: LHBP
   Aircraft location: 42.9N 6.1E 31000 ft

[2025-01-20 00:04:51 CET] [136.725] [-7.6/-30.0 dBFS] [22.4 dB] [2.7 ppm]
4CA256 (Aircraft, Airborne) -> 11985A (Ground station): Command
AVLC type: I sseq: 6 rseq: 7 poll: 0
 X.25 Data: grp: 11 chan: 254 sseq: 3 rseq: 4 more: 0
  X.25 reasm status: skipped
  X.233 CLNP Data (compressed header):
   LRef: 0x41 Prio: 11 Flags: 0xc0
   Lifetime: 50.0 sec
   PDU Id: 0x392
   X.224 COTP Data Ack:
    dst_ref: 0xc9cc
    rseq: 4 credit: 3
    Checksum: e8 99
    Flow control:
     Acked TPDU nr: 4
     Acked subsequence: 0
     Acked credit: 15

[2025-01-20 00:06:23 CET] [136.725] [-10.9/-29.4 dBFS] [18.6 dB] [2.6 ppm]
4CA256 (Aircraft, Airborne) -> 11985A (Ground station): Command
AVLC type: I sseq: 7 rseq: 0 poll: 0
 X.25 Data: grp: 11 chan: 254 sseq: 4 rseq: 5 more: 0
  X.25 reasm status: skipped
  X.233 CLNP Data (compressed header):
   LRef: 0x41 Prio: 11 Flags: 0xc0
   Lifetime: 50.0 sec
   PDU Id: 0x393
   X.224 COTP Data Ack:
    dst_ref: 0xc9cc
    rseq: 4 credit: 3
    Checksum: e8 99
    Flow control:
     Acked TPDU nr: 4
     Acked subsequence: 0
     Acked credit: 15

[2025-01-20 00:06:24 CET] [136.725] [-10.8/-29.5 dBFS] [18.7 dB] [2.7 ppm]
4CA256 (Aircraft, Airborne) -> 11985A (Ground station): Command
AVLC type: I sseq: 0 rseq: 1 poll: 0
 X.25 Data: grp: 11 chan: 254 sseq: 5 rseq: 6 more: 0
  X.25 reasm status: skipped
  X.233 CLNP Data (compressed header):
   LRef: 0x41 Prio: 11 Flags: 0xc0
   Lifetime: 50.0 sec
   PDU Id: 0x394
   X.224 COTP Data Ack:
    dst_ref: 0xc9cc
    rseq: 5 credit: 3
    Checksum: e9 49

