[2025-04-04 00:00:16 CEST] [136.875] [-4.8/-30.4 dBFS] [25.7 dB] [1.6 ppm]
02A263 (Aircraft, Airborne) -> 270CA1 (Ground station): Command
AVLC type: U (XID) P/F: 1
 XID: Handoff Initiation
  Public params:
   Parameter set ID: 8885:1993
   Procedure classes: 00 01
   HDLC options: 20 a4 80
  VDL params:
   Parameter set ID: V
   Connection management: 05
   XID sequencing: seq: 1 retry: 0
   AVLC specific options: 24
   Destination airport: DTTA
   Aircraft location: 43.8N 6.0E 37000 ft

[2025-04-04 00:00:37 CEST] [136.675] [-10.5/-30.6 dBFS] [20.1 dB] [1.4 ppm]
4D2413 (Aircraft, Airborne) -> 11907A (Ground station): Command
AVLC type: I sseq: 5 rseq: 1 poll: 0
 X.25 Data: grp: 11 chan: 255 sseq: 7 rseq: 3 more: 0
  X.25 reasm status: skipped
  X.233 CLNP Data (compressed header):
   LRef: 0x42 Prio: 11 Flags: 0xf6
   Lifetime: 20.0 sec
   PDU Id: 0x45
   X.224 COTP Data Ack:
    dst_ref: 0x8f7b
    rseq: 4 credit: 3
    Flow control:
     Acked TPDU nr: 4
     Acked subsequence: 0
     Acked credit: 15
    ATN checksum: 0e 3e b8 e0

[2025-04-04 00:01:16 CEST] [136.725] [0.8/-30.9 dBFS] [31.6 dB] [-0.8 ppm]
345359 (Aircraft, Airborne) -> 11985A (Ground station): Command
AVLC type: I sseq: 6 rseq: 7 poll: 0
 X.25 Data: grp: 11 chan: 255 sseq: 2 rseq: 3 more: 0
  X.25 reasm status: skipped
  X.233 CLNP Data (compressed header):
   LRef: 0x41 Prio: 11 Flags: 0xf6
   Lifetime: 20.0 sec
   PDU Id: 0x43
   X.224 COTP Data Ack:
    dst_ref: 0x8f6f
    rseq: 6 credit: 3
    Flow control:
     Acked TPDU nr: 6
     Acked subsequence: 0
     Acked credit: 15
    ATN checksum: b5 40 f1 a8

[2025-04-04 00:02:09 CEST] [136.675] [-9.1/-30.9 dBFS] [21.7 dB] [3.1 ppm]
4D2301 (Aircraft, Airborne) -> 11907A (Ground station): Command
AVLC type: I sseq: 6 rseq: 7 poll: 0
 X.25 Data: grp: 11 chan: 255 sseq: 3 rseq: 4 more: 0
  X.25 reasm status: skipped
  X.233 CLNP Data (compressed header):
   LRef: 0x41 Prio: 11 Flags: 0xc0
   Lifetime: 50.0 sec
   PDU Id: 0xa4b
   X.224 COTP Data Ack:
    dst_ref: 0x8f81
    rseq: 4 credit: 3
    Checksum: be 49
    Flow control:
     Acked TPDU nr: 4
     Acked subsequence: 0
     Acked credit: 15

[2025-04-04 00:02:43 CEST] [136.725] [-5.4/-30.7 dBFS] [25.3 dB] [-1.0 ppm]
345359 (Aircraft, Airborne) -> 11985A (Ground station): Command
AVLC type: I sseq: 0 rseq: 1 poll: 0
 X.25 Data: grp: 11 chan: 255 sseq: 4 rseq: 5 more: 0
  X.25 reasm status: skipped
  X.233 CLNP Data (compressed header):
   LRef: 0x41 Prio: 11 Flags: 0xf6
   Lifetime: 20.0 sec
   PDU Id: 0x45
   X.224 COTP Data Ack:
    dst_ref: 0x8f6f
    rseq: 6 credit: 3
    Flow control:
     Acked TPDU nr: 6
     Acked subsequence: 0
     Acked credit: 15
    ATN checksum: b5 40 f1 a8

[2025-04-04 00:03:17 CEST] [136.975] [-5.6/-30.5 dBFS] [24.9 dB] [1.3 ppm]
02A263 (Aircraft, Airborne) -> 270CB7 (Ground station): Command
AVLC type: U (XID) P/F: 1
 XID: Handoff Initiation
  Public params:
   Parameter set ID: 8885:1993
   Procedure classes: 00 01
   HDLC options: 20 a4 80
  VDL params:
   Parameter set ID: V
   Connection management: 05
   XID sequencing: seq: 1 retry: 0
   AVLC specific options: 24
   Destination airport: DTTA
   Aircraft location: 43.5N 6.3E 37000 ft

[2025-04-04 00:03:41 CEST] [136.675] [-12.3/-30.9 dBFS] [18.6 dB] [3.1 ppm]
4D2301 (Aircraft, Airborne) -> 11907A (Ground station): Command
AVLC type: I sseq: 7 rseq: 0 poll: 0
 X.25 Data: grp: 11 chan: 255 sseq: 4 rseq: 5 more: 0
  X.25 reasm status: skipped
  X.233 CLNP Data (compressed header):
   LRef: 0x41 Prio: 11 Flags: 0xc0
   Lifetime: 50.0 sec
   PDU Id: 0xa4c
   X.224 COTP Data Ack:
    dst_ref: 0x8f81
    rseq: 4 credit: 3
    Checksum: be 49
    Flow control:
     Acked TPDU nr: 4
     Acked subsequence: 0
     Acked credit: 15

[2025-04-04 00:04:51 CEST] [136.975] [-7.0/-30.6 dBFS] [23.5 dB] [3.1 ppm]
4CAFC1 (Aircraft, Airborne) -> 10FA7B (Ground station): Command
AVLC type: I sseq: 3 rseq: 4 poll: 0
 X.25 Data: grp: 11 chan: 254 sseq: 0 rseq: 1 more: 0
  X.25 reasm status: skipped
  X.233 CLNP Data (compressed header):
   LRef: 0x42 Prio: 11 Flags: 0xc0
   Lifetime: 50.0 sec
   PDU Id: 0x15c
   X.224 COTP Data Ack:
    dst_ref: 0x8f76
    rseq: 5 credit: 3
    Checksum: f7 19
    Flow control:
     Acked TPDU nr: 5
     Acked subsequence: 0
     Acked credit: 15

[2025-04-04 00:05:13 CEST] [136.675] [-8.6/-30.6 dBFS] [22.0 dB] [2.9 ppm]
4D2301 (Aircraft, Airborne) -> 11907A (Ground station): Command
AVLC type: I sseq: 0 rseq: 1 poll: 0
 X.25 Data: grp: 11 chan: 255 sseq: 5 rseq: 6 more: 0
  X.25 reasm status: skipped
  X.233 CLNP Data (compressed header):
   LRef: 0x41 Prio: 11 Flags: 0xc0
   Lifetime: 50.0 sec
   PDU Id: 0xa4d
   X.224 COTP Data Ack:
    dst_ref: 0x8f81
    rseq: 4 credit: 3
    Checksum: be 49
    Flow control:
     Acked TPDU nr: 4
     Acked subsequence: 0
     Acked credit: 15

[2025-04-04 00:05:47 CEST] [136.975] [-7.8/-30.6 dBFS] [22.8 dB] [2.4 ppm]
440083 (Aircraft, Airborne) -> 10985A (Ground station): Command
AVLC type: U (XID) P/F: 1
 XID: Handoff Initiation
  Public params:
   Parameter set ID: 8885:1993
   Procedure classes: 00 01
   HDLC options: 20 a4 80
  VDL params:
   Parameter set ID: V
   Connection management: 01
   XID sequencing: seq: 4 retry: 0
   AVLC specific options: 25
   Destination airport: LIMC
   Aircraft location: 43.4N 6.9E 29000 ft

[2025-04-04 00:06:23 CEST] [136.975] [-11.4/-30.1 dBFS] [18.7 dB] [3.2 ppm]
4CAFC1 (Aircraft, Airborne) -> 10FA7B (Ground station): Command
AVLC type: I sseq: 4 rseq: 5 poll: 0
 X.25 Data: grp: 11 chan: 254 sseq: 1 rseq: 2 more: 0
  X.25 reasm status: skipped
  X.233 CLNP Data (compressed header):
   LRef: 0x42 Prio: 11 Flags: 0xc0
   Lifetime: 50.0 sec
   PDU Id: 0x15d
   X.224 COTP Data Ack:
    dst_ref: 0x8f76
    rseq: 5 credit: 3
    Checksum: f7 19
    Flow control:
     Acked TPDU nr: 5
     Acked subsequence: 0
     Acked credit: 15

[2025-04-04 00:06:45 CEST] [136.675] [-9.0/-30.7 dBFS] [21.7 dB] [2.9 ppm]
4D2301 (Aircraft, Airborne) -> 11907A (Ground station): Command
AVLC type: I sseq: 2 rseq: 3 poll: 0
 X.25 Data: grp: 11 chan: 255 sseq: 7 rseq: 0 more: 0
  X.25 reasm status: skipped
  X.233 CLNP Data (compressed header):
   LRef: 0x41 Prio: 11 Flags: 0xc0
   Lifetime: 50.0 sec
   PDU Id: 0xa4f
   X.224 COTP Data Ack:
    dst_ref: 0x8f81
    rseq: 4 credit: 3
    Checksum: be 49
    Flow control:
     Acked TPDU nr: 4
     Acked subsequence: 0
     Acked credit: 15

[2025-04-04 00:07:54 CEST] [136.975] [-12.1/-30.5 dBFS] [18.4 dB] [3.0 ppm]
4CAFC1 (Aircraft, Airborne) -> 10FA7B (Ground station): Command
AVLC type: I sseq: 5 rseq: 6 poll: 0
 X.25 Data: grp: 11 chan: 254 sseq: 2 rseq: 3 more: 0
  X.25 reasm status: skipped
  X.233 CLNP Data (compressed header):
   LRef: 0x42 Prio: 11 Flags: 0xc0
   Lifetime: 50.0 sec
   PDU Id: 0x15e
   X.224 COTP Data Ack:
    dst_ref: 0x8f76
    rseq: 5 credit: 3
    Checksum: f7 19
    Flow control:
     Acked TPDU nr: 5
     Acked subsequence: 0
     Acked credit: 15

[2025-04-04 00:08:17 CEST] [136.675] [-10.2/-30.8 dBFS] [20.6 dB] [2.9 ppm]
4D2301 (Aircraft, Airborne) -> 11907A (Ground station): Command
AVLC type: I sseq: 3 rseq: 4 poll: 0
 X.25 Data: grp: 11 chan: 255 sseq: 0 rseq: 1 more: 0
  X.25 reasm status: skipped
  X.233 CLNP Data (compressed header):
   LRef: 0x41 Prio: 11 Flags: 0xc0
   Lifetime: 50.0 sec
   PDU Id: 0xa50
   X.224 COTP Data Ack:
    dst_ref: 0x8f81
    rseq: 4 credit: 3
    Checksum: be 49
    Flow control:
     Acked TPDU nr: 4
     Acked subsequence: 0
     Acked credit: 15

[2025-04-04 00:08:48 CEST] [136.675] [-7.9/-30.7 dBFS] [22.9 dB] [0.7 ppm]
4D2413 (Aircraft, Airborne) -> 11907A (Ground station): Command
AVLC type: I sseq: 5 rseq: 2 poll: 0
 X.25 Data: grp: 11 chan: 255 sseq: 7 rseq: 4 more: 0
  X.25 reasm status: skipped
  X.233 CLNP Data (compressed header):
   LRef: 0x42 Prio: 11 Flags: 0xf6
   Lifetime: 20.0 sec
   PDU Id: 0x4d
   X.224 COTP Data Ack:
    dst_ref: 0x8f7b
    rseq: 5 credit: 3
    Flow control:
     Acked TPDU nr: 5
     Acked subsequence: 0
     Acked credit: 15
    ATN checksum: 09 d8 1c e5

[2025-04-04 00:08:51 CEST] [136.975] [-12.6/-30.8 dBFS] [18.2 dB] [3.7 ppm]
4CA226 (Aircraft, Airborne) -> 10985A (Ground station): Command
AVLC type: I sseq: 6 rseq: 0 poll: 0
 ACARS:
  Reassembly: skipped
  Reg: .EI-DCJ Flight: FR11SX
  Mode: 2 Label: B9 Blk id: 4 More: 0 Ack: ! Msg num: M44A
  Message:
   /LEBL.TI2/024LEBLA93E5

[2025-04-04 00:09:27 CEST] [136.975] [-6.3/-30.5 dBFS] [24.3 dB] [3.0 ppm]
4CAFC1 (Aircraft, Airborne) -> 10FA7B (Ground station): Command
AVLC type: I sseq: 7 rseq: 0 poll: 0
 X.25 Data: grp: 11 chan: 254 sseq: 4 rseq: 5 more: 0
  X.25 reasm status: skipped
  X.233 CLNP Data (compressed header):
   LRef: 0x42 Prio: 11 Flags: 0xc0
   Lifetime: 50.0 sec
   PDU Id: 0x160
   X.224 COTP Data Ack:
    dst_ref: 0x8f76
    rseq: 5 credit: 3
    Checksum: f7 19
    Flow control:
     Acked TPDU nr: 5
     Acked subsequence: 0
     Acked credit: 15

[2025-04-04 00:09:34 CEST] [136.725] [-13.2/-30.4 dBFS] [17.2 dB] [4.0 ppm]
4CA226 (Aircraft, Airborne) -> 11985A (Ground station): Command
AVLC type: I sseq: 4 rseq: 5 poll: 0
 X.25 Data: grp: 11 chan: 255 sseq: 2 rseq: 3 more: 0
  X.25 reasm status: skipped
  X.233 CLNP Data (compressed header):
   LRef: 0x41 Prio: 11 Flags: 0xc0
   Lifetime: 50.0 sec
   PDU Id: 0x11bf
   X.224 COTP Data Ack:
    dst_ref: 0x8f8a
    rseq: 2 credit: 2
    Checksum: a5 0e

[2025-04-04 00:09:42 CEST] [136.675] [-11.7/-30.9 dBFS] [19.2 dB] [0.4 ppm]
4D2413 (Aircraft, Airborne) -> 11907A (Ground station): Command
AVLC type: I sseq: 6 rseq: 3 poll: 0
 X.25 Data: grp: 11 chan: 255 sseq: 0 rseq: 5 more: 0
  X.25 reasm status: skipped
  X.233 CLNP Data (compressed header):
   LRef: 0x42 Prio: 11 Flags: 0xf6
   Lifetime: 20.0 sec
   PDU Id: 0x4e
   X.224 COTP Data Ack:
    dst_ref: 0x8f7b
    rseq: 6 credit: 3
    ATN checksum: 95 c3 71 ca
   X.224 COTP Data:
    dst_ref: 0x8f7b
    sseq: 5 req_of_ack: 0 EoT: 1
    COTP reasm status: skipped
    ATN checksum: c4 08 8a 05
    X.227 ACSE Release Response:
     Reason: normal
     ATCDownlinkMessage: <empty PDU>

[2025-04-04 00:09:43 CEST] [136.675] [-11.7/-30.7 dBFS] [19.0 dB] [0.6 ppm]
4D2413 (Aircraft, Airborne) -> 11907A (Ground station): Command
AVLC type: I sseq: 7 rseq: 5 poll: 0
 X.25 Data: grp: 11 chan: 255 sseq: 1 rseq: 7 more: 0
  X.25 reasm status: skipped
  X.233 CLNP Data (compressed header):
   LRef: 0x42 Prio: 11 Flags: 0xf6
   Lifetime: 20.0 sec
   PDU Id: 0x4f
   X.224 COTP Disconnect Confirm:
    src_ref: 0x0034 dst_ref: 0x8f7b
    ATN checksum: 70 b2 83 62

[2025-04-04 00:10:35 CEST] [136.675] [-10.6/-32.0 dBFS] [21.4 dB] [0.8 ppm]
4D2413 (Aircraft, Airborne) -> 11907A (Ground station): Command
AVLC type: I sseq: 0 rseq: 5 poll: 0
 ACARS:
  Reassembly: skipped
  Reg: .9H-EWA Flight: LH006K
  Mode: 2 Label: 1L Blk id: 9 More: 0 Ack: ! Msg num: M22A
  Message:
   00016209289PB551(,(:LB:*7--+J(J5,YSS83(L8LVVF711:R(R))

[2025-04-04 00:11:07 CEST] [136.725] [-12.3/-30.7 dBFS] [18.4 dB] [4.0 ppm]
4CA226 (Aircraft, Airborne) -> 11985A (Ground station): Command
AVLC type: I sseq: 7 rseq: 0 poll: 0
 X.25 Data: grp: 11 chan: 255 sseq: 5 rseq: 6 more: 0
  X.25 reasm status: skipped
  X.233 CLNP Data (compressed header):
   LRef: 0x41 Prio: 11 Flags: 0xc0
   Lifetime: 50.0 sec
   PDU Id: 0x11c2
   X.224 COTP Data Ack:
    dst_ref: 0x8f8a
    rseq: 2 credit: 2
    Checksum: 94 6f
    Flow control:
     Acked TPDU nr: 2
     Acked subsequence: 0
     Acked credit: 15

[2025-04-04 00:11:20 CEST] [136.975] [-9.8/-30.6 dBFS] [20.8 dB] [2.6 ppm]
4CAFC1 (Aircraft, Airborne) -> 10FA5A (Ground station): Command
AVLC type: U (XID) P/F: 1
 XID: Handoff Initiation
  Public params:
   Parameter set ID: 8885:1993
   Procedure classes: 00 01
   HDLC options: 20 84 80
  VDL params:
   Parameter set ID: V
   XID sequencing: seq: 1 retry: 0
   Destination airport: EIDW
   Aircraft location: 44.4N 6.5E 0 ft
   Alternate ground stations: 10985A 10F63A 10952A 10F68A 10907A 10984A 109C2A 10F69B
   AVLC specific options: 24
   Connection management: 01

