[2025-02-03 00:00:18 CET] [136.975] [-10.8/-30.3 dBFS] [19.5 dB] [1.1 ppm]
40688D (Aircraft, Airborne) -> 10952A (Ground station): Response
AVLC type: U (XID) P/F: 1
 XID: Handoff Response
  Public params:
   Parameter set ID: 8885:1993
   Procedure classes: 00 01
   HDLC options: 20 a4 80
  VDL params:
   Parameter set ID: V
   Connection management: 01
   XID sequencing: seq: 6 retry: 0
   AVLC specific options: 25
   Destination airport: FAOR
   Aircraft location: 44.0N 7.0E 32000 ft

[2025-02-03 00:00:19 CET] [136.975] [-10.9/-30.4 dBFS] [19.4 dB] [1.3 ppm]
40688D (Aircraft, Airborne) -> 10952A (Ground station): Command
AVLC type: I sseq: 0 rseq: 0 poll: 0
 ACARS:
  Reassembly: skipped
  Reg: .G-XLEC Flight: BA057K
  Mode: 2 Label: H1 Blk id: 3 More: 0 Ack: ! Msg num: F80A
  Sublabel: M1
  Message:
   RESREQ/AK,1158AF6

[2025-02-03 00:00:23 CET] [136.975] [-10.5/-30.0 dBFS] [19.5 dB] [1.5 ppm]
40688D (Aircraft, Airborne) -> 109C2A (Ground station): Command
AVLC type: I sseq: 5 rseq: 5 poll: 0
 ACARS:
  Reassembly: skipped
  Reg: .G-XLEC Flight: BA057K
  Mode: 2 Label: H1 Blk id: 3 More: 0 Ack: ! Msg num: F80A
  Sublabel: M1
  Message:
   RESREQ/AK,1158AF6

[2025-02-03 00:00:28 CET] [136.975] [-10.2/-30.3 dBFS] [20.1 dB] [1.3 ppm]
40688D (Aircraft, Airborne) -> 109C2A (Ground station): Command
AVLC type: I sseq: 5 rseq: 5 poll: 0
 ACARS:
  Reassembly: skipped
  Reg: .G-XLEC Flight: BA057K
  Mode: 2 Label: H1 Blk id: 3 More: 0 Ack: ! Msg num: F80A
  Sublabel: M1
  Message:
   RESREQ/AK,1158AF6

[2025-02-03 00:00:50 CET] [136.725] [-9.3/-30.0 dBFS] [20.7 dB] [2.9 ppm]
4D2504 (Aircraft, Airborne) -> 11985A (Ground station): Command
AVLC type: I sseq: 5 rseq: 0 poll: 0
 X.25 Data: grp: 11 chan: 254 sseq: 2 rseq: 5 more: 0
  X.25 reasm status: skipped
  X.233 CLNP Data (compressed header):
   LRef: 0x43 Prio: 11 Flags: 0xc0
   Lifetime: 50.0 sec
   PDU Id: 0x16d1
   X.224 COTP Data Ack:
    dst_ref: 0x80ec
    rseq: 0 credit: 1
    Checksum: 23 40

[2025-02-03 00:00:51 CET] [136.725] [-9.1/-29.9 dBFS] [20.8 dB] [3.0 ppm]
4D2504 (Aircraft, Airborne) -> 11985A (Ground station): Command
AVLC type: I sseq: 6 rseq: 2 poll: 0
 X.25 Data: grp: 11 chan: 254 sseq: 3 rseq: 7 more: 0
  X.25 reasm status: skipped
  X.233 CLNP Data (compressed header):
   LRef: 0x42 Prio: 11 Flags: 0xc0
   Lifetime: 50.0 sec
   PDU Id: 0x16d2
   X.224 COTP Data Ack:
    dst_ref: 0xdbec
    rseq: 8 credit: 3
    Checksum: d0 2d

[2025-02-03 00:00:52 CET] [136.725] [-9.0/-30.4 dBFS] [21.4 dB] [2.7 ppm]
4D2504 (Aircraft, Airborne) -> 11985A (Ground station): Command
AVLC type: I sseq: 7 rseq: 2 poll: 0
 X.25 Data: grp: 11 chan: 254 sseq: 4 rseq: 7 more: 0
  X.25 reasm status: skipped
  X.233 CLNP Data (compressed header):
   LRef: 0x42 Prio: 11 Flags: 0xc0
   Lifetime: 50.0 sec
   PDU Id: 0x16d3
   X.224 COTP Data:
    dst_ref: 0xdbec
    sseq: 7 req_of_ack: 0 EoT: 1
    COTP reasm status: skipped
    Checksum: 30 78
    CPDLC Downlink Message:
     Header:
      Msg ID: 7
      Msg Ref: 9
      Timestamp: 2025-02-02 23:00:50
      Logical ACK: notRequired
     Message data:
      LOGICAL ACKNOWLEDGMENT

[2025-02-03 00:00:59 CET] [136.725] [-9.3/-29.9 dBFS] [20.6 dB] [2.8 ppm]
4D2504 (Aircraft, Airborne) -> 11985A (Ground station): Command
AVLC type: I sseq: 0 rseq: 3 poll: 0
 X.25 Data: grp: 11 chan: 254 sseq: 5 rseq: 0 more: 0
  X.25 reasm status: skipped
  X.233 CLNP Data (compressed header):
   LRef: 0x42 Prio: 11 Flags: 0xc0
   Lifetime: 50.0 sec
   PDU Id: 0x16d4
   X.224 COTP Data:
    dst_ref: 0xdbec
    sseq: 8 req_of_ack: 0 EoT: 1
    COTP reasm status: skipped
    Checksum: e5 bc
    X.227 ACSE Release Response:
     Reason: normal
     CPDLC Downlink Message:
      Header:
       Msg ID: 8
       Msg Ref: 9
       Timestamp: 2025-02-02 23:00:57
       Logical ACK: notRequired
      Message data:
       WILCO

[2025-02-03 00:00:59 CET] [136.725] [-9.4/-29.7 dBFS] [20.3 dB] [3.0 ppm]
4D2504 (Aircraft, Airborne) -> 11985A (Ground station): Command
AVLC type: I sseq: 1 rseq: 3 poll: 0
 X.25 Data: grp: 11 chan: 254 sseq: 6 rseq: 0 more: 0
  X.25 reasm status: skipped
  X.233 CLNP Data (compressed header):
   LRef: 0x43 Prio: 11 Flags: 0xc0
   Lifetime: 50.0 sec
   PDU Id: 0x16d5
   X.224 COTP Data:
    dst_ref: 0x80ec
    sseq: 0 req_of_ack: 0 EoT: 1
    COTP reasm status: skipped
    Checksum: c2 18
    CPDLC Downlink Message:
     Header:
      Msg ID: 0
      Timestamp: 2025-02-02 23:00:57
      Logical ACK: required
     Message data:
      CURRENT DATA AUTHORITY

[2025-02-03 00:01:01 CET] [136.725] [-9.3/-30.0 dBFS] [20.7 dB] [2.7 ppm]
4D2504 (Aircraft, Airborne) -> 11985A (Ground station): Command
AVLC type: I sseq: 2 rseq: 6 poll: 0
 X.25 Data: grp: 11 chan: 254 sseq: 7 rseq: 3 more: 0
  X.25 reasm status: skipped
  X.233 CLNP Data (compressed header):
   LRef: 0x42 Prio: 11 Flags: 0xc0
   Lifetime: 50.0 sec
   PDU Id: 0x16d6
   X.224 COTP Disconnect Confirm:
    src_ref: 0x0010 dst_ref: 0xdbec
    Checksum: 88 0f

[2025-02-03 00:01:01 CET] [136.725] [-9.4/-29.9 dBFS] [20.5 dB] [2.9 ppm]
4D2504 (Aircraft, Airborne) -> 11985A (Ground station): Command
AVLC type: I sseq: 3 rseq: 7 poll: 0
 X.25 Data: grp: 11 chan: 254 sseq: 0 rseq: 4 more: 0
  X.25 reasm status: skipped
  X.233 CLNP Data (compressed header):
   LRef: 0x43 Prio: 11 Flags: 0xc0
   Lifetime: 50.0 sec
   PDU Id: 0x16d7
   X.224 COTP Data Ack:
    dst_ref: 0x80ec
    rseq: 1 credit: 2
    Checksum: 18 49

[2025-02-03 00:01:03 CET] [136.725] [-8.8/-29.9 dBFS] [21.1 dB] [2.6 ppm]
4D2504 (Aircraft, Airborne) -> 11985A (Ground station): Command
AVLC type: I sseq: 4 rseq: 0 poll: 0
 X.25 Data: grp: 11 chan: 254 sseq: 1 rseq: 5 more: 0
  X.25 reasm status: skipped
  X.233 CLNP Data (compressed header):
   LRef: 0x43 Prio: 11 Flags: 0xc0
   Lifetime: 50.0 sec
   PDU Id: 0x16d8
   X.224 COTP Data Ack:
    dst_ref: 0x80ec
    rseq: 2 credit: 2
    Checksum: 14 4c

[2025-02-03 00:01:03 CET] [136.725] [-9.0/-29.8 dBFS] [20.7 dB] [2.7 ppm]
4D2504 (Aircraft, Airborne) -> 11985A (Ground station): Command
AVLC type: I sseq: 5 rseq: 0 poll: 0
 X.25 Data: grp: 11 chan: 254 sseq: 2 rseq: 5 more: 0
  X.25 reasm status: skipped
  X.233 CLNP Data (compressed header):
   LRef: 0x43 Prio: 11 Flags: 0xc0
   Lifetime: 50.0 sec
   PDU Id: 0x16d9
   X.224 COTP Data:
    dst_ref: 0x80ec
    sseq: 1 req_of_ack: 0 EoT: 1
    COTP reasm status: skipped
    Checksum: f7 42
    CPDLC Downlink Message:
     Header:
      Msg ID: 1
      Msg Ref: 1
      Timestamp: 2025-02-02 23:01:01
      Logical ACK: notRequired
     Message data:
      LOGICAL ACKNOWLEDGMENT

[2025-02-03 00:01:09 CET] [136.725] [-11.6/-30.1 dBFS] [18.5 dB] [3.1 ppm]
4D2504 (Aircraft, Airborne) -> 11985A (Ground station): Command
AVLC type: I sseq: 6 rseq: 1 poll: 0
 X.25 Data: grp: 11 chan: 254 sseq: 3 rseq: 6 more: 0
  X.25 reasm status: skipped
  X.233 CLNP Data (compressed header):
   LRef: 0x43 Prio: 11 Flags: 0xc0
   Lifetime: 50.0 sec
   PDU Id: 0x16da
   X.224 COTP Data:
    dst_ref: 0x80ec
    sseq: 2 req_of_ack: 0 EoT: 1
    COTP reasm status: skipped
    Checksum: 49 33
    X.227 ACSE Abort:
     Source: user
     Cause: no-reason-given
     CPDLC User Abort Reason: commanded-termination

[2025-02-03 00:01:44 CET] [136.725] [-2.2/-30.0 dBFS] [27.8 dB] [0.6 ppm]
345359 (Aircraft, Airborne) -> 11985A (Ground station): Command
AVLC type: I sseq: 3 rseq: 3 poll: 0
 ACARS:
  Reassembly: skipped
  Reg: .EC-MPV Flight: VY12ZQ
  Mode: 2 Label: 16 Blk id: 4 More: 0 Ack: ! Msg num: M33A
  Message:
   230142,34987,2349, 112,N 43.435 E  5.967,----

[2025-02-03 00:01:54 CET] [136.975] [-12.5/-30.4 dBFS] [17.9 dB] [2.7 ppm]
4D2504 (Aircraft, Airborne) -> 10985A (Ground station): Command
AVLC type: I sseq: 2 rseq: 2 poll: 0
 ACARS:
  Reassembly: skipped
  Reg: .9H-VVS Flight: FR03UX
  Mode: 2 Label: 16 Blk id: 8 More: 0 Ack: ! Msg num: M77A
  Message:
   230152,32755,2343,  92,N 43.564 E  7.357

[2025-02-03 00:03:57 CET] [136.875] [-8.3/-29.5 dBFS] [21.1 dB] [2.9 ppm]
02A1A6 (Aircraft, Airborne) -> 266661 (Ground station): Command
AVLC type: I sseq: 4 rseq: 0 poll: 0
 ACARS:
  Reassembly: skipped
  Reg: .TS-ING Flight: BJ0725
  Mode: 2 Label: 16 Blk id: 3 More: 0 Ack: ! Msg num: M75A
  Message:
   230355,36988,0026,   5,N 44.624 E  5.414

[2025-02-03 00:04:07 CET] [136.725] [0.8/-29.4 dBFS] [30.2 dB] [-0.4 ppm]
345359 (Aircraft, Airborne) -> 11985A (Ground station): Command
AVLC type: I sseq: 5 rseq: 5 poll: 0
 ACARS:
  Reassembly: skipped
  Reg: .EC-MPV Flight: VY12ZQ
  Mode: 2 Label: B9 Blk id: 5 More: 0 Ack: ! Msg num: M34A
  Message:
   /LEBL.TI2/040LEBLA3461

[2025-02-03 00:04:10 CET] [136.725] [-9.8/-29.9 dBFS] [20.2 dB] [2.8 ppm]
4CAC1F (Aircraft, Airborne) -> 11985A (Ground station): Command
AVLC type: I sseq: 1 rseq: 4 poll: 0
 X.25 Data: grp: 11 chan: 254 sseq: 6 rseq: 1 more: 0
  X.25 reasm status: skipped
  X.233 CLNP Data (compressed header):
   LRef: 0x44 Prio: 11 Flags: 0xc0
   Lifetime: 50.0 sec
   PDU Id: 0x163c
   X.224 COTP Data Ack:
    dst_ref: 0xdbef
    rseq: 5 credit: 3
    Checksum: ce 7c
    Flow control:
     Acked TPDU nr: 5
     Acked subsequence: 0
     Acked credit: 15

[2025-02-03 00:04:14 CET] [136.725] [-10.8/-30.1 dBFS] [19.3 dB] [2.9 ppm]
4CAC1F (Aircraft, Airborne) -> 11985A (Ground station): Command
AVLC type: I sseq: 1 rseq: 4 poll: 0
 X.25 Data: grp: 11 chan: 254 sseq: 6 rseq: 1 more: 0
  X.25 reasm status: skipped
  X.233 CLNP Data (compressed header):
   LRef: 0x44 Prio: 11 Flags: 0xc0
   Lifetime: 50.0 sec
   PDU Id: 0x163c
   X.224 COTP Data Ack:
    dst_ref: 0xdbef
    rseq: 5 credit: 3
    Checksum: ce 7c
    Flow control:
     Acked TPDU nr: 5
     Acked subsequence: 0
     Acked credit: 15

[2025-02-03 00:04:48 CET] [136.725] [-13.5/-29.7 dBFS] [16.2 dB] [2.8 ppm]
4D21FE (Aircraft, Airborne) -> 11984A (Ground station): Command
AVLC type: I sseq: 2 rseq: 3 poll: 0
 X.25 Data: grp: 11 chan: 254 sseq: 0 rseq: 1 more: 0
  X.25 reasm status: skipped
  X.233 CLNP Data (compressed header):
   LRef: 0x41 Prio: 11 Flags: 0xc0
   Lifetime: 50.0 sec
   PDU Id: 0x978
   X.224 COTP Data Ack:
    dst_ref: 0xdbf4
    rseq: 2 credit: 2
    Checksum: b6 96
    Flow control:
     Acked TPDU nr: 2
     Acked subsequence: 0
     Acked credit: 15

[2025-02-03 00:05:25 CET] [136.725] [-10.3/-29.5 dBFS] [19.2 dB] [2.7 ppm]
4CAC1F (Aircraft, Airborne) -> 11985A (Ground station): Command
AVLC type: I sseq: 3 rseq: 6 poll: 0
 X.25 Data: grp: 11 chan: 254 sseq: 0 rseq: 3 more: 0
  X.25 reasm status: skipped
  X.233 CLNP Data (compressed header):
   LRef: 0x45 Prio: 11 Flags: 0xc0
   Lifetime: 50.0 sec
   PDU Id: 0x163e
   X.224 COTP Data Ack:
    dst_ref: 0x80ef
    rseq: 0 credit: 1
    Checksum: 14 4c

[2025-02-03 00:05:42 CET] [136.725] [-9.3/-30.0 dBFS] [20.7 dB] [2.9 ppm]
4CAC1F (Aircraft, Airborne) -> 11985A (Ground station): Command
AVLC type: I sseq: 4 rseq: 0 poll: 0
 X.25 Data: grp: 11 chan: 254 sseq: 1 rseq: 5 more: 0
  X.25 reasm status: skipped
  X.233 CLNP Data (compressed header):
   LRef: 0x44 Prio: 11 Flags: 0xc0
   Lifetime: 50.0 sec
   PDU Id: 0x163f
   X.224 COTP Data Ack:
    dst_ref: 0xdbef
    rseq: 5 credit: 3
    Checksum: ce 7c
    Flow control:
     Acked TPDU nr: 5
     Acked subsequence: 0
     Acked credit: 15

[2025-02-03 00:05:56 CET] [136.975] [-8.2/-30.4 dBFS] [22.2 dB] [-0.4 ppm]
392AED (Aircraft, Airborne) -> 26C197 (Ground station): Command
AVLC type: I sseq: 4 rseq: 4 poll: 0
 X.25 Data: grp: 11 chan: 255 sseq: 1 rseq: 2 more: 0
  X.25 reasm status: skipped
  X.233 CLNP Data (compressed header):
   LRef: 0x42 Prio: 11 Flags: 0xf6
   Lifetime: 20.0 sec
   PDU Id: 0xcc
   X.224 COTP Data Ack:
    dst_ref: 0xdbf5
    rseq: 2 credit: 2
    Flow control:
     Acked TPDU nr: 2
     Acked subsequence: 0
     Acked credit: 15
    ATN checksum: 1d 01 d1 76

