[2025-04-08 00:00:08 CEST] [136.675] [0.1/-30.5 dBFS] [30.6 dB] [0.9 ppm]
4D2411 (Aircraft, Airborne) -> 11907A (Ground station): Command
AVLC type: I sseq: 6 rseq: 0 poll: 0
 ACARS:
  Reassembly: skipped
  Reg: .9H-EXT Flight: LH006K
  Mode: 2 Label: 1L Blk id: 0 More: 0 Ack: ! Msg num: M15A
  Message:
   00012209241V5(R4JIJ:WWR(SQQKK(AOW(TTDDFI*Y))F711*8O8++

[2025-04-08 00:00:14 CEST] [136.725] [0.3/-30.3 dBFS] [30.6 dB] [4.7 ppm]
4CA805 (Aircraft, Airborne) -> 11985A (Ground station): Command
AVLC type: I sseq: 2 rseq: 2 poll: 0
 X.25 Data: grp: 11 chan: 254 sseq: 7 rseq: 7 more: 0
  X.25 reasm status: skipped
  X.233 CLNP Data (compressed header):
   LRef: 0x41 Prio: 11 Flags: 0xc0
   Lifetime: 50.0 sec
   PDU Id: 0x812
   X.224 COTP Data Ack:
    dst_ref: 0xc136
    rseq: 4 credit: 3
    Checksum: 0a 17
    Flow control:
     Acked TPDU nr: 4
     Acked subsequence: 0
     Acked credit: 15

[2025-04-08 00:00:24 CEST] [136.975] [-11.8/-30.9 dBFS] [19.0 dB] [2.7 ppm]
440B1E (Aircraft, Airborne) -> 10985A (Ground station): Command
AVLC type: I sseq: 6 rseq: 6 poll: 0
 X.25 Data: grp: 11 chan: 255 sseq: 4 rseq: 4 more: 0
  X.25 reasm status: skipped
  X.233 CLNP Data (compressed header):
   LRef: 0x41 Prio: 11 Flags: 0xf6
   Lifetime: 20.0 sec
   PDU Id: 0x1a8
   X.224 COTP Data:
    dst_ref: 0xc124
    sseq: 10 req_of_ack: 0 EoT: 1
    COTP reasm status: skipped
    ATN checksum: 43 23 99 d6
    X.227 ACSE Release Response:
     Reason: normal
     CPDLC Downlink Message:
      Header:
       Msg ID: 10
       Msg Ref: 11
       Timestamp: 2025-04-07 22:00:23
       Logical ACK: notRequired
      Message data:
       WILCO

[2025-04-08 00:00:25 CEST] [136.975] [-12.0/-30.6 dBFS] [18.6 dB] [2.8 ppm]
440B1E (Aircraft, Airborne) -> 10985A (Ground station): Command
AVLC type: I sseq: 7 rseq: 6 poll: 0
 X.25 Data: grp: 11 chan: 255 sseq: 5 rseq: 4 more: 0
  X.25 reasm status: skipped
  X.233 CLNP Data (compressed header):
   LRef: 0x44 Prio: 11 Flags: 0xf6
   Lifetime: 20.0 sec
   PDU Id: 0x1a9
   X.224 COTP Data:
    dst_ref: 0x8053
    sseq: 0 req_of_ack: 0 EoT: 1
    COTP reasm status: skipped
    ATN checksum: 89 7a 0c f9
    CPDLC Downlink Message:
     Header:
      Msg ID: 0
      Timestamp: 2025-04-07 22:00:23
      Logical ACK: required
     Message data:
      CURRENT DATA AUTHORITY

[2025-04-08 00:00:25 CEST] [136.975] [-11.5/-30.5 dBFS] [19.0 dB] [2.6 ppm]
440B1E (Aircraft, Airborne) -> 10985A (Ground station): Command
AVLC type: I sseq: 0 rseq: 1 poll: 0
 X.25 Data: grp: 11 chan: 255 sseq: 6 rseq: 7 more: 0
  X.25 reasm status: skipped
  X.233 CLNP Data (compressed header):
   LRef: 0x41 Prio: 11 Flags: 0xf6
   Lifetime: 20.0 sec
   PDU Id: 0x1aa
   X.224 COTP Disconnect Confirm:
    src_ref: 0x0039 dst_ref: 0xc124
    ATN checksum: 89 b6 77 8c

[2025-04-08 00:00:26 CEST] [136.975] [-11.7/-30.4 dBFS] [18.7 dB] [2.8 ppm]
440B1E (Aircraft, Airborne) -> 10985A (Ground station): Command
AVLC type: I sseq: 1 rseq: 2 poll: 0
 X.25 Data: grp: 11 chan: 255 sseq: 7 rseq: 0 more: 0
  X.25 reasm status: skipped
  X.233 CLNP Data (compressed header):
   LRef: 0x44 Prio: 11 Flags: 0xf6
   Lifetime: 20.0 sec
   PDU Id: 0x1ab
   X.224 COTP Data Ack:
    dst_ref: 0x8053
    rseq: 1 credit: 2
    ATN checksum: 1f 04 91 43

[2025-04-08 00:01:00 CEST] [136.975] [-10.9/-30.5 dBFS] [19.6 dB] [4.6 ppm]
4CA891 (Aircraft, Airborne) -> 10FA7B (Ground station): Command
AVLC type: I sseq: 2 rseq: 1 poll: 0
 X.25 Data: grp: 11 chan: 254 sseq: 1 rseq: 4 more: 0
  X.25 reasm status: skipped
  X.233 CLNP Data (compressed header):
   LRef: 0x42 Prio: 11 Flags: 0xc0
   Lifetime: 50.0 sec
   PDU Id: 0xfb4
   X.224 COTP Data Ack:
    dst_ref: 0xc13b
    rseq: 2 credit: 2
    Checksum: f3 2d
    Flow control:
     Acked TPDU nr: 2
     Acked subsequence: 0
     Acked credit: 15

[2025-04-08 00:01:01 CEST] [136.975] [-11.7/-30.6 dBFS] [18.9 dB] [2.4 ppm]
407837 (Aircraft, Airborne) -> 10F63A (Ground station): Command
AVLC type: I sseq: 5 rseq: 1 poll: 0
 X.25 Data: grp: 11 chan: 255 sseq: 3 rseq: 7 more: 0
  X.25 reasm status: skipped
  X.233 CLNP Data (compressed header):
   LRef: 0x41 Prio: 11 Flags: 0xf6
   Lifetime: 20.0 sec
   PDU Id: 0x3aa
   X.224 COTP Data Ack:
    dst_ref: 0xc11f
    rseq: 4 credit: 3
    Flow control:
     Acked TPDU nr: 4
     Acked subsequence: 0
     Acked credit: 15
    ATN checksum: 65 2b 44 bf

[2025-04-08 00:01:06 CEST] [136.975] [-1.1/-30.4 dBFS] [29.3 dB] [2.0 ppm]
4D22B4 (Aircraft, Airborne) -> 10952A (Ground station): Command
AVLC type: I sseq: 5 rseq: 7 poll: 0
 X.25 Data: grp: 11 chan: 255 sseq: 3 rseq: 5 more: 0
  X.25 reasm status: skipped
  X.233 CLNP Data (compressed header):
   LRef: 0x41 Prio: 11 Flags: 0xf6
   Lifetime: 20.0 sec
   PDU Id: 0x39b
   X.224 COTP Data Ack:
    dst_ref: 0xc12c
    rseq: 4 credit: 3
    Flow control:
     Acked TPDU nr: 4
     Acked subsequence: 0
     Acked credit: 15
    ATN checksum: 15 f3 a4 cc

[2025-04-08 00:01:16 CEST] [136.675] [0.6/-30.7 dBFS] [31.3 dB] [0.4 ppm]
4D2411 (Aircraft, Airborne) -> 11907A (Ground station): Command
AVLC type: I sseq: 7 rseq: 2 poll: 0
 X.25 Data: grp: 11 chan: 255 sseq: 4 rseq: 7 more: 0
  X.25 reasm status: skipped
  X.233 CLNP Data (compressed header):
   LRef: 0x42 Prio: 11 Flags: 0xf6
   Lifetime: 20.0 sec
   PDU Id: 0x46
   X.224 COTP Data Ack:
    dst_ref: 0xc128
    rseq: 4 credit: 3
    Flow control:
     Acked TPDU nr: 4
     Acked subsequence: 0
     Acked credit: 15
    ATN checksum: 6d 20 e5 95

[2025-04-08 00:01:44 CEST] [136.775] [-10.9/-29.4 dBFS] [18.5 dB] [3.7 ppm]
4D241E (Aircraft, Airborne) -> 233925 (Ground station): Command
AVLC type: I sseq: 7 rseq: 3 poll: 0
 X.25 Data: grp: 11 chan: 255 sseq: 5 rseq: 6 more: 0
  X.25 reasm status: skipped
  X.233 CLNP Data (compressed header):
   LRef: 0x43 Prio: 11 Flags: 0xf6
   Lifetime: 20.0 sec
   PDU Id: 0x389
   X.224 COTP Data Ack:
    dst_ref: 0xc127
    rseq: 5 credit: 3
    ATN checksum: d9 cd 97 4b
   X.224 COTP Data:
    dst_ref: 0xc127
    sseq: 4 req_of_ack: 0 EoT: 1
    COTP reasm status: skipped
    ATN checksum: b3 f3 bf 97
    CPDLC Downlink Message:
     Header:
      Msg ID: 4
      Msg Ref: 6
      Timestamp: 2025-04-07 22:01:42
      Logical ACK: notRequired
     Message data:
      LOGICAL ACKNOWLEDGMENT

[2025-04-08 00:01:45 CEST] [136.775] [-11.3/-30.1 dBFS] [18.8 dB] [3.6 ppm]
4D241E (Aircraft, Airborne) -> 233925 (Ground station): Command
AVLC type: I sseq: 1 rseq: 5 poll: 0
 X.25 Data: grp: 11 chan: 255 sseq: 6 rseq: 0 more: 0
  X.25 reasm status: skipped
  X.233 CLNP Data (compressed header):
   LRef: 0x43 Prio: 11 Flags: 0xf6
   Lifetime: 20.0 sec
   PDU Id: 0x38a
   X.224 COTP Data Ack:
    dst_ref: 0xc127
    rseq: 6 credit: 3
    ATN checksum: 2f 9a c9 f5
   X.224 COTP Data:
    dst_ref: 0xc127
    sseq: 5 req_of_ack: 0 EoT: 1
    COTP reasm status: skipped
    ATN checksum: 78 6e ec 2a
    CPDLC Downlink Message:
     Header:
      Msg ID: 5
      Msg Ref: 7
      Timestamp: 2025-04-07 22:01:44
      Logical ACK: notRequired
     Message data:
      LOGICAL ACKNOWLEDGMENT

[2025-04-08 00:01:46 CEST] [136.725] [0.8/-29.9 dBFS] [30.7 dB] [3.9 ppm]
4CA805 (Aircraft, Airborne) -> 11985A (Ground station): Command
AVLC type: I sseq: 3 rseq: 3 poll: 0
 X.25 Data: grp: 11 chan: 254 sseq: 0 rseq: 0 more: 0
  X.25 reasm status: skipped
  X.233 CLNP Data (compressed header):
   LRef: 0x41 Prio: 11 Flags: 0xc0
   Lifetime: 50.0 sec
   PDU Id: 0x813
   X.224 COTP Data Ack:
    dst_ref: 0xc136
    rseq: 4 credit: 3
    Checksum: 0a 17
    Flow control:
     Acked TPDU nr: 4
     Acked subsequence: 0
     Acked credit: 15

[2025-04-08 00:02:32 CEST] [136.975] [-11.4/-30.7 dBFS] [19.3 dB] [4.5 ppm]
4CA891 (Aircraft, Airborne) -> 10FA7B (Ground station): Command
AVLC type: I sseq: 3 rseq: 2 poll: 0
 X.25 Data: grp: 11 chan: 254 sseq: 2 rseq: 5 more: 0
  X.25 reasm status: skipped
  X.233 CLNP Data (compressed header):
   LRef: 0x42 Prio: 11 Flags: 0xc0
   Lifetime: 50.0 sec
   PDU Id: 0xfb5
   X.224 COTP Data Ack:
    dst_ref: 0xc13b
    rseq: 2 credit: 2
    Checksum: f3 2d
    Flow control:
     Acked TPDU nr: 2
     Acked subsequence: 0
     Acked credit: 15

[2025-04-08 00:02:33 CEST] [136.975] [-8.7/-30.7 dBFS] [22.0 dB] [2.3 ppm]
407837 (Aircraft, Airborne) -> 10F63A (Ground station): Command
AVLC type: I sseq: 6 rseq: 2 poll: 0
 X.25 Data: grp: 11 chan: 255 sseq: 4 rseq: 0 more: 0
  X.25 reasm status: skipped
  X.233 CLNP Data (compressed header):
   LRef: 0x41 Prio: 11 Flags: 0xf6
   Lifetime: 20.0 sec
   PDU Id: 0x3ab
   X.224 COTP Data Ack:
    dst_ref: 0xc11f
    rseq: 4 credit: 3
    Flow control:
     Acked TPDU nr: 4
     Acked subsequence: 0
     Acked credit: 15
    ATN checksum: 65 2b 44 bf

[2025-04-08 00:02:38 CEST] [136.975] [-10.6/-30.3 dBFS] [19.7 dB] [1.8 ppm]
4D22B4 (Aircraft, Airborne) -> 10952A (Ground station): Command
AVLC type: I sseq: 6 rseq: 0 poll: 0
 X.25 Data: grp: 11 chan: 255 sseq: 4 rseq: 6 more: 0
  X.25 reasm status: skipped
  X.233 CLNP Data (compressed header):
   LRef: 0x41 Prio: 11 Flags: 0xf6
   Lifetime: 20.0 sec
   PDU Id: 0x39c
   X.224 COTP Data Ack:
    dst_ref: 0xc12c
    rseq: 4 credit: 3
    Flow control:
     Acked TPDU nr: 4
     Acked subsequence: 0
     Acked credit: 15
    ATN checksum: 15 f3 a4 cc

[2025-04-08 00:02:42 CEST] [136.975] [-10.0/-30.6 dBFS] [20.6 dB] [4.3 ppm]
4CA891 (Aircraft, Airborne) -> 10FA5A (Ground station): Command
AVLC type: U (XID) P/F: 1
 XID: Handoff Initiation
  Public params:
   Parameter set ID: 8885:1993
   Procedure classes: 00 01
   HDLC options: 20 84 80
  VDL params:
   Parameter set ID: V
   XID sequencing: seq: 6 retry: 0
   Destination airport: GMFF
   Aircraft location: 0.0N 0.0E 0 ft
   Alternate ground stations: 10985A 10952A 10F68A 10F69B 10F63A 10984A 10907A 10F66A
   AVLC specific options: 24
   Connection management: 01

[2025-04-08 00:02:48 CEST] [136.675] [0.2/-30.7 dBFS] [30.9 dB] [0.4 ppm]
4D2411 (Aircraft, Airborne) -> 11907A (Ground station): Command
AVLC type: I sseq: 1 rseq: 4 poll: 0
 X.25 Data: grp: 11 chan: 255 sseq: 6 rseq: 1 more: 0
  X.25 reasm status: skipped
  X.233 CLNP Data (compressed header):
   LRef: 0x42 Prio: 11 Flags: 0xf6
   Lifetime: 20.0 sec
   PDU Id: 0x48
   X.224 COTP Data Ack:
    dst_ref: 0xc128
    rseq: 4 credit: 3
    Flow control:
     Acked TPDU nr: 4
     Acked subsequence: 0
     Acked credit: 15
    ATN checksum: 6d 20 e5 95

[2025-04-08 00:02:51 CEST] [136.975] [-9.3/-30.8 dBFS] [21.5 dB] [4.5 ppm]
4CA891 (Aircraft, Airborne) -> 10FA5A (Ground station): Command
AVLC type: U (XID) P/F: 1
 XID: Handoff Initiation
  Public params:
   Parameter set ID: 8885:1993
   Procedure classes: 00 01
   HDLC options: 20 84 80
  VDL params:
   Parameter set ID: V
   XID sequencing: seq: 6 retry: 1
   Destination airport: GMFF
   Aircraft location: 0.0N 0.0E 0 ft
   Alternate ground stations: 10985A 10952A 10F68A 10F69B 10F63A 10984A 10907A 10F66A
   AVLC specific options: 24
   Connection management: 01

[2025-04-08 00:02:53 CEST] [136.775] [-5.4/-29.8 dBFS] [24.4 dB] [2.6 ppm]
471F68 (Aircraft, Airborne) -> 210DC5 (Ground station): Command
AVLC type: I sseq: 5 rseq: 0 poll: 0
 ACARS:
  Reassembly: skipped
  Reg: .HA-LXG Flight: W65124
  Mode: 2 Label: B9 Blk id: 4 More: 0 Ack: ! Msg num: M69A
  Message:
   /LIMC.TI2/024LIMCAE0D8

[2025-04-08 00:02:56 CEST] [136.775] [-5.2/-30.0 dBFS] [24.8 dB] [2.8 ppm]
471F68 (Aircraft, Airborne) -> 233925 (Ground station): Command
AVLC type: U (XID) P/F: 1
 XID: Handoff Initiation
  Public params:
   Parameter set ID: 8885:1993
   Procedure classes: 00 01
   HDLC options: 20 a4 80
  VDL params:
   Parameter set ID: V
   Connection management: 01
   XID sequencing: seq: 4 retry: 0
   AVLC specific options: 25
   Destination airport: LIMC
   Aircraft location: 42.9N 6.1E 34000 ft

[2025-04-08 00:03:00 CEST] [136.975] [-8.0/-30.6 dBFS] [22.6 dB] [4.8 ppm]
4CA891 (Aircraft, Airborne) -> 10FA5A (Ground station): Command
AVLC type: I sseq: 2 rseq: 3 poll: 0
 X.25 Data: grp: 11 chan: 255 sseq: 0 rseq: 1 more: 0
  X.25 reasm status: skipped
  X.233 CLNP Data (compressed header):
   LRef: 0x42 Prio: 11 Flags: 0xc0
   Lifetime: 50.0 sec
   PDU Id: 0xfb6
   X.224 COTP Data Ack:
    dst_ref: 0xc13b
    rseq: 3 credit: 2
    Checksum: 01 ce

[2025-04-08 00:03:01 CEST] [136.975] [-8.2/-30.7 dBFS] [22.6 dB] [4.6 ppm]
4CA891 (Aircraft, Airborne) -> 10FA5A (Ground station): Command
AVLC type: I sseq: 3 rseq: 3 poll: 0
 X.25 Data: grp: 11 chan: 255 sseq: 1 rseq: 1 more: 0
  X.25 reasm status: skipped
  X.233 CLNP Data (compressed header):
   LRef: 0x42 Prio: 11 Flags: 0xc0
   Lifetime: 50.0 sec
   PDU Id: 0xfb7
   X.224 COTP Data:
    dst_ref: 0xc13b
    sseq: 2 req_of_ack: 0 EoT: 1
    COTP reasm status: skipped
    Checksum: bd d5
    CPDLC Downlink Message:
     Header:
      Msg ID: 2
      Msg Ref: 3
      Timestamp: 2025-04-07 22:02:59
      Logical ACK: notRequired
     Message data:
      LOGICAL ACKNOWLEDGMENT

[2025-04-08 00:03:06 CEST] [136.975] [-12.2/-30.3 dBFS] [18.1 dB] [2.4 ppm]
407837 (Aircraft, Airborne) -> 10F63A (Ground station): Command
AVLC type: I sseq: 7 rseq: 3 poll: 0
 X.25 Data: grp: 11 chan: 255 sseq: 5 rseq: 1 more: 0
  X.25 reasm status: skipped
  X.233 CLNP Data (compressed header):
   LRef: 0x41 Prio: 11 Flags: 0xf6
   Lifetime: 20.0 sec
   PDU Id: 0x3ac
   X.224 COTP Data Ack:
    dst_ref: 0xc11f
    rseq: 5 credit: 3
    ATN checksum: 1a 9d 2a 63
   X.224 COTP Data:
    dst_ref: 0xc11f
    sseq: 4 req_of_ack: 0 EoT: 1
    COTP reasm status: skipped
    ATN checksum: c5 ee 8f 50
    CPDLC Downlink Message:
     Header:
      Msg ID: 4
      Msg Ref: 5
      Timestamp: 2025-04-07 22:03:05
      Logical ACK: notRequired
     Message data:
      LOGICAL ACKNOWLEDGMENT

[2025-04-08 00:03:08 CEST] [136.975] [-11.1/-30.2 dBFS] [19.1 dB] [4.6 ppm]
4CA891 (Aircraft, Airborne) -> 10FA5A (Ground station): Command
AVLC type: I sseq: 4 rseq: 3 poll: 0
 X.25 Data: grp: 11 chan: 255 sseq: 2 rseq: 1 more: 0
  X.25 reasm status: skipped
  X.233 CLNP Data (compressed header):
   LRef: 0x42 Prio: 11 Flags: 0xc0
   Lifetime: 50.0 sec
   PDU Id: 0xfb8
   X.224 COTP Data:
    dst_ref: 0xc13b
    sseq: 3 req_of_ack: 0 EoT: 1
    COTP reasm status: skipped
    Checksum: 85 39
    CPDLC Downlink Message:
     Header:
      Msg ID: 3
      Msg Ref: 3
      Timestamp: 2025-04-07 22:03:06
      Logical ACK: required
     Message data:
      WILCO

[2025-04-08 00:03:10 CEST] [136.975] [-10.7/-30.7 dBFS] [20.0 dB] [4.5 ppm]
4CA891 (Aircraft, Airborne) -> 10FA5A (Ground station): Command
AVLC type: I sseq: 5 rseq: 5 poll: 0
 X.25 Data: grp: 11 chan: 255 sseq: 3 rseq: 3 more: 0
  X.25 reasm status: skipped
  X.233 CLNP Data (compressed header):
   LRef: 0x42 Prio: 11 Flags: 0xc0
   Lifetime: 50.0 sec
   PDU Id: 0xfb9
   X.224 COTP Data Ack:
    dst_ref: 0xc13b
    rseq: 4 credit: 3
    Checksum: f5 d7

[2025-04-08 00:03:13 CEST] [136.975] [-13.1/-30.8 dBFS] [17.7 dB] [2.4 ppm]
407837 (Aircraft, Airborne) -> 10F63A (Ground station): Command
AVLC type: I sseq: 1 rseq: 5 poll: 0
 X.25 Data: grp: 11 chan: 255 sseq: 7 rseq: 3 more: 0
  X.25 reasm status: skipped
  X.233 CLNP Data (compressed header):
   LRef: 0x41 Prio: 11 Flags: 0xf6
   Lifetime: 20.0 sec
   PDU Id: 0x3ae
   X.224 COTP Data:
    dst_ref: 0xc11f
    sseq: 5 req_of_ack: 0 EoT: 1
    COTP reasm status: skipped
    ATN checksum: 5b 1b be fa
    CPDLC Downlink Message:
     Header:
      Msg ID: 5
      Msg Ref: 5
      Timestamp: 2025-04-07 22:03:12
      Logical ACK: required
     Message data:
      WILCO

[2025-04-08 00:03:18 CEST] [136.725] [0.3/-30.1 dBFS] [30.3 dB] [3.7 ppm]
4CA805 (Aircraft, Airborne) -> 11985A (Ground station): Command
AVLC type: I sseq: 4 rseq: 4 poll: 0
 X.25 Data: grp: 11 chan: 254 sseq: 1 rseq: 1 more: 0
  X.25 reasm status: skipped
  X.233 CLNP Data (compressed header):
   LRef: 0x41 Prio: 11 Flags: 0xc0
   Lifetime: 50.0 sec
   PDU Id: 0x814
   X.224 COTP Data Ack:
    dst_ref: 0xc136
    rseq: 4 credit: 3
    Checksum: 0a 17
    Flow control:
     Acked TPDU nr: 4
     Acked subsequence: 0
     Acked credit: 15

[2025-04-08 00:03:18 CEST] [136.975] [-12.6/-30.6 dBFS] [18.1 dB] [2.3 ppm]
407837 (Aircraft, Airborne) -> 10F63A (Ground station): Command
AVLC type: I sseq: 2 rseq: 7 poll: 0
 X.25 Data: grp: 11 chan: 255 sseq: 0 rseq: 5 more: 0
  X.25 reasm status: skipped
  X.233 CLNP Data (compressed header):
   LRef: 0x41 Prio: 11 Flags: 0xf6
   Lifetime: 20.0 sec
   PDU Id: 0x3af
   X.224 COTP Data Ack:
    dst_ref: 0xc11f
    rseq: 6 credit: 3
    ATN checksum: 6f 6a 5c 0e

[2025-04-08 00:03:22 CEST] [136.725] [-10.5/-30.1 dBFS] [19.6 dB] [-1.3 ppm]
347641 (Aircraft, Airborne) -> 11985A (Ground station): Command
AVLC type: I sseq: 6 rseq: 5 poll: 0
 ACARS:
  Reassembly: skipped
  Reg: .EC-OEH Flight: V702SA
  Mode: 2 Label: H1 Blk id: 3 More: 0 Ack: ! Msg num: F81A
  Sublabel: M1
  Message:
   RESREQ/AK,1158AF6

[2025-04-08 00:03:23 CEST] [136.725] [-9.7/-30.0 dBFS] [20.4 dB] [-1.1 ppm]
347641 (Aircraft, Airborne) -> 11985A (Ground station): Command
AVLC type: I sseq: 0 rseq: 7 poll: 0
 ACARS:
  Reassembly: in progress
  Reg: .EC-OEH Flight: V702SA
  Mode: 2 Label: H1 Blk id: 5 More: 1 Ack: ! Msg num: F82A
  Sublabel: M1
  Message:
   POS/TS220321,070425/DTLIPX,04O,57,224521/PR1283,266,380,77,,0,11,,,60,,,P51,M21,36090,,1206,261/RP:DA:LEBL:AA:LIPX..N43197E006568..N43361E007237..N43450E007384..NOSTA..NOPMU..DORAV..MISPO:A:OSBU3J:AP:ILS04.

[2025-04-08 00:03:24 CEST] [136.725] [-11.8/-30.5 dBFS] [18.7 dB] [-1.4 ppm]
347641 (Aircraft, Airborne) -> 11985A (Ground station): Command
AVLC type: I sseq: 1 rseq: 0 poll: 0
 ACARS:
  Reassembly: complete
  Reg: .EC-OEH Flight: V702SA
  Mode: 2 Label: H1 Blk id: 6 More: 0 Ack: ! Msg num: F82B
  Sublabel: M1
  Message:
   POS/TS220321,070425/DTLIPX,04O,57,224521/PR1283,266,380,77,,0,11,,,60,,,P51,M21,36090,,1206,261/RP:DA:LEBL:AA:LIPX..N43197E006568..N43361E007237..N43450E007384..NOSTA..NOPMU..DORAV..MISPO:A:OSBU3J:AP:ILS04.ABLID(04O)52FE

[2025-04-08 00:03:59 CEST] [136.775] [-11.4/-30.4 dBFS] [19.1 dB] [3.2 ppm]
4D241E (Aircraft, Airborne) -> 233925 (Ground station): Command
AVLC type: I sseq: 7 rseq: 4 poll: 0
 X.25 Data: grp: 11 chan: 255 sseq: 3 rseq: 6 more: 0
  X.25 reasm status: skipped
  X.233 CLNP Data (compressed header):
   LRef: 0x44 Prio: 11 Flags: 0xf6
   Lifetime: 20.0 sec
   PDU Id: 0x38f
   X.224 COTP Data:
    dst_ref: 0x8058
    sseq: 0 req_of_ack: 0 EoT: 1
    COTP reasm status: skipped
    ATN checksum: ec bf f7 b1
    CPDLC Downlink Message:
     Header:
      Msg ID: 0
      Timestamp: 2025-04-07 22:03:58
      Logical ACK: required
     Message data:
      CURRENT DATA AUTHORITY

[2025-04-08 00:04:01 CEST] [136.775] [-11.4/-30.2 dBFS] [18.8 dB] [3.3 ppm]
4D241E (Aircraft, Airborne) -> 233925 (Ground station): Command
AVLC type: I sseq: 1 rseq: 6 poll: 0
 X.25 Data: grp: 11 chan: 255 sseq: 4 rseq: 0 more: 0
  X.25 reasm status: skipped
  X.233 CLNP Data (compressed header):
   LRef: 0x44 Prio: 11 Flags: 0xf6
   Lifetime: 20.0 sec
   PDU Id: 0x390
   X.224 COTP Data Ack:
    dst_ref: 0x8058
    rseq: 1 credit: 2
    ATN checksum: 1c 11 c1 ba

[2025-04-08 00:04:02 CEST] [136.775] [-9.0/-29.6 dBFS] [20.5 dB] [2.5 ppm]
471F68 (Aircraft, Airborne) -> 2654E5 (Ground station): Command
AVLC type: U (XID) P/F: 1
 XID: Handoff Initiation
  Public params:
   Parameter set ID: 8885:1993
   Procedure classes: 00 01
   HDLC options: 20 a4 80
  VDL params:
   Parameter set ID: V
   Connection management: 01
   XID sequencing: seq: 5 retry: 0
   AVLC specific options: 25
   Destination airport: LIMC
   Aircraft location: 42.9N 6.2E 33000 ft

[2025-04-08 00:04:03 CEST] [136.775] [-10.2/-30.0 dBFS] [19.8 dB] [3.2 ppm]
4D241E (Aircraft, Airborne) -> 233925 (Ground station): Command
AVLC type: I sseq: 3 rseq: 0 poll: 0
 X.25 Data: grp: 11 chan: 255 sseq: 6 rseq: 2 more: 0
  X.25 reasm status: skipped
  X.233 CLNP Data (compressed header):
   LRef: 0x44 Prio: 11 Flags: 0xf6
   Lifetime: 20.0 sec
   PDU Id: 0x392
   X.224 COTP Data Ack:
    dst_ref: 0x8058
    rseq: 3 credit: 2
    ATN checksum: c6 aa 26 10
   X.224 COTP Data:
    dst_ref: 0x8058
    sseq: 2 req_of_ack: 0 EoT: 1
    COTP reasm status: skipped
    ATN checksum: c2 bd ab 1f
    CPDLC Downlink Message:
     Header:
      Msg ID: 2
      Msg Ref: 2
      Timestamp: 2025-04-07 22:04:02
      Logical ACK: notRequired
     Message data:
      LOGICAL ACKNOWLEDGMENT

[2025-04-08 00:04:06 CEST] [136.775] [-10.6/-30.5 dBFS] [19.9 dB] [2.3 ppm]
471F68 (Aircraft, Airborne) -> 2654E5 (Ground station): Command
AVLC type: I sseq: 2 rseq: 3 poll: 0
 X.25 Data: grp: 11 chan: 255 sseq: 0 rseq: 1 more: 0
  X.25 reasm status: skipped
  X.233 CLNP Data (compressed header):
   LRef: 0x40 Prio: 14 Flags: 0xf6
   Lifetime: 20.0 sec
   PDU Id: 0x1fe
   IDRP Error: seq: 7 ack: 11 credit_offered: 0 credit_avail: 4
    Code: 4 (FSM error)
    Erroneous BISPDU type: Cease
    FSM state: CLOSED

[2025-04-08 00:04:10 CEST] [136.975] [-12.4/-30.5 dBFS] [18.1 dB] [1.8 ppm]
4D22B4 (Aircraft, Airborne) -> 10907A (Ground station): Command
AVLC type: I sseq: 2 rseq: 3 poll: 0
 X.25 Data: grp: 11 chan: 255 sseq: 0 rseq: 1 more: 0
  X.25 reasm status: skipped
  X.233 CLNP Data (compressed header):
   LRef: 0x41 Prio: 11 Flags: 0xf6
   Lifetime: 20.0 sec
   PDU Id: 0x39e
   X.224 COTP Data Ack:
    dst_ref: 0xc12c
    rseq: 4 credit: 3
    Flow control:
     Acked TPDU nr: 4
     Acked subsequence: 0
     Acked credit: 15
    ATN checksum: 15 f3 a4 cc

[2025-04-08 00:04:14 CEST] [136.725] [-11.9/-30.6 dBFS] [18.7 dB] [4.3 ppm]
4CAE60 (Aircraft, Airborne) -> 11984A (Ground station): Command
AVLC type: I sseq: 4 rseq: 5 poll: 0
 X.25 Data: grp: 11 chan: 255 sseq: 1 rseq: 2 more: 0
  X.25 reasm status: skipped
  X.233 CLNP Data (compressed header):
   LRef: 0x43 Prio: 11 Flags: 0xc0
   Lifetime: 50.0 sec
   PDU Id: 0x1757
   X.224 COTP Data Ack:
    dst_ref: 0xc13a
    rseq: 2 credit: 2
    Checksum: f8 29
    Flow control:
     Acked TPDU nr: 2
     Acked subsequence: 0
     Acked credit: 15

[2025-04-08 00:04:19 CEST] [136.725] [-11.0/-30.5 dBFS] [19.5 dB] [2.1 ppm]
4CA76A (Aircraft, Airborne) -> 11985A (Ground station): Command
AVLC type: I sseq: 6 rseq: 7 poll: 0
 X.25 Data: grp: 11 chan: 255 sseq: 3 rseq: 4 more: 0
  X.25 reasm status: skipped
  X.233 CLNP Data (compressed header):
   LRef: 0x2 Prio: 11 Flags: 0xc0
   Lifetime: 50.0 sec
   PDU Id: 0x383
   X.224 COTP Data Ack:
    dst_ref: 0xc12e
    rseq: 4 credit: 3
    Checksum: 32 f6
    Flow control:
     Acked TPDU nr: 4
     Acked subsequence: 0
     Acked credit: 15

[2025-04-08 00:04:20 CEST] [136.675] [-2.5/-30.9 dBFS] [28.4 dB] [0.3 ppm]
4D2411 (Aircraft, Airborne) -> 11907A (Ground station): Command
AVLC type: I sseq: 2 rseq: 5 poll: 0
 X.25 Data: grp: 11 chan: 255 sseq: 7 rseq: 2 more: 0
  X.25 reasm status: skipped
  X.233 CLNP Data (compressed header):
   LRef: 0x42 Prio: 11 Flags: 0xf6
   Lifetime: 20.0 sec
   PDU Id: 0x49
   X.224 COTP Data Ack:
    dst_ref: 0xc128
    rseq: 4 credit: 3
    Flow control:
     Acked TPDU nr: 4
     Acked subsequence: 0
     Acked credit: 15
    ATN checksum: 6d 20 e5 95

[2025-04-08 00:04:21 CEST] [136.725] [-10.1/-30.3 dBFS] [20.2 dB] [-1.0 ppm]
347641 (Aircraft, Airborne) -> 11985A (Ground station): Command
AVLC type: I sseq: 4 rseq: 3 poll: 0
 X.25 Data: grp: 11 chan: 255 sseq: 7 rseq: 1 more: 0
  X.25 reasm status: skipped
  X.233 CLNP Data (compressed header):
   LRef: 0x41 Prio: 11 Flags: 0xf6
   Lifetime: 20.0 sec
   PDU Id: 0x2b7
   X.224 COTP Data Ack:
    dst_ref: 0xc131
    rseq: 5 credit: 3
    Flow control:
     Acked TPDU nr: 5
     Acked subsequence: 0
     Acked credit: 15
    ATN checksum: 3b cf b6 d0

[2025-04-08 00:04:24 CEST] [136.725] [-9.9/-30.5 dBFS] [20.7 dB] [-1.3 ppm]
347641 (Aircraft, Airborne) -> 11985A (Ground station): Command
AVLC type: I sseq: 4 rseq: 3 poll: 0
 X.25 Data: grp: 11 chan: 255 sseq: 7 rseq: 1 more: 0
  X.25 reasm status: skipped
  X.233 CLNP Data (compressed header):
   LRef: 0x41 Prio: 11 Flags: 0xf6
   Lifetime: 20.0 sec
   PDU Id: 0x2b7
   X.224 COTP Data Ack:
    dst_ref: 0xc131
    rseq: 5 credit: 3
    Flow control:
     Acked TPDU nr: 5
     Acked subsequence: 0
     Acked credit: 15
    ATN checksum: 3b cf b6 d0

[2025-04-08 00:04:27 CEST] [136.775] [-8.1/-30.6 dBFS] [22.5 dB] [3.2 ppm]
4D241E (Aircraft, Airborne) -> 233925 (Ground station): Command
AVLC type: I sseq: 4 rseq: 1 poll: 0
 ACARS:
  Reassembly: skipped
  Reg: .9H-WAI Flight: W656MY
  Mode: 2 Label: 17 Blk id: 9 More: 0 Ack: ! Msg num: M81A
  Message:
   220424,35999,2336, 13080,N 43.462,E  7.187,07APR25,  704,  65,- 58

[2025-04-08 00:04:32 CEST] [136.725] [-10.8/-30.5 dBFS] [19.7 dB] [-1.2 ppm]
347641 (Aircraft, Airborne) -> 11985A (Ground station): Command
AVLC type: I sseq: 4 rseq: 4 poll: 0
 X.25 Data: grp: 11 chan: 255 sseq: 7 rseq: 1 more: 0
  X.25 reasm status: skipped
  X.233 CLNP Data (compressed header):
   LRef: 0x41 Prio: 11 Flags: 0xf6
   Lifetime: 20.0 sec
   PDU Id: 0x2b7
   X.224 COTP Data Ack:
    dst_ref: 0xc131
    rseq: 5 credit: 3
    Flow control:
     Acked TPDU nr: 5
     Acked subsequence: 0
     Acked credit: 15
    ATN checksum: 3b cf b6 d0

[2025-04-08 00:04:32 CEST] [136.725] [-10.7/-30.4 dBFS] [19.7 dB] [-1.3 ppm]
347641 (Aircraft, Airborne) -> 11985A (Ground station): Command
AVLC type: I sseq: 5 rseq: 4 poll: 0
 X.25 Data: grp: 11 chan: 255 sseq: 0 rseq: 2 more: 0
  X.25 reasm status: skipped
  X.233 CLNP Data (compressed header):
   LRef: 0x41 Prio: 11 Flags: 0xf6
   Lifetime: 20.0 sec
   PDU Id: 0x2b8
   X.224 COTP Data Ack:
    dst_ref: 0xc131
    rseq: 6 credit: 3
    ATN checksum: d1 74 89 74
   X.224 COTP Data:
    dst_ref: 0xc131
    sseq: 5 req_of_ack: 0 EoT: 1
    COTP reasm status: skipped
    ATN checksum: 0e de 6c fd
    CPDLC Downlink Message:
     Header:
      Msg ID: 5
      Msg Ref: 6
      Timestamp: 2025-04-07 22:04:29
      Logical ACK: notRequired
     Message data:
      LOGICAL ACKNOWLEDGMENT

[2025-04-08 00:04:42 CEST] [136.725] [-10.1/-30.9 dBFS] [20.9 dB] [-1.4 ppm]
347641 (Aircraft, Airborne) -> 11984A (Ground station): Command
AVLC type: U (XID) P/F: 1
 XID: Handoff Initiation
  Public params:
   Parameter set ID: 8885:1993
   Procedure classes: 00 01
   HDLC options: 20 a4 80
  VDL params:
   Parameter set ID: V
   Connection management: 01
   XID sequencing: seq: 5 retry: 0
   AVLC specific options: 25
   Destination airport: LIPX
   Aircraft location: 43.3N 6.9E 37000 ft

[2025-04-08 00:04:46 CEST] [136.975] [-13.0/-30.7 dBFS] [17.7 dB] [2.4 ppm]
407837 (Aircraft, Airborne) -> 10F63A (Ground station): Command
AVLC type: I sseq: 3 rseq: 0 poll: 0
 X.25 Data: grp: 11 chan: 255 sseq: 1 rseq: 6 more: 0
  X.25 reasm status: skipped
  X.233 CLNP Data (compressed header):
   LRef: 0x41 Prio: 11 Flags: 0xf6
   Lifetime: 20.0 sec
   PDU Id: 0x3b0
   X.224 COTP Data Ack:
    dst_ref: 0xc11f
    rseq: 6 credit: 3
    Flow control:
     Acked TPDU nr: 6
     Acked subsequence: 0
     Acked credit: 15
    ATN checksum: 5b 60 0b c9

[2025-04-08 00:05:06 CEST] [136.725] [-7.0/-30.0 dBFS] [23.0 dB] [-1.4 ppm]
347641 (Aircraft, Airborne) -> 11984A (Ground station): Command
AVLC type: I sseq: 2 rseq: 2 poll: 0
 X.25 Data: grp: 11 chan: 255 sseq: 0 rseq: 0 more: 0
  X.25 reasm status: skipped
  X.233 CLNP Data (compressed header):
   LRef: 0x41 Prio: 11 Flags: 0xf6
   Lifetime: 20.0 sec
   PDU Id: 0x2bb
   X.224 COTP Data:
    dst_ref: 0xc131
    sseq: 5 req_of_ack: 0 EoT: 1
    COTP reasm status: skipped
    ATN checksum: 0e de 6c fd
    CPDLC Downlink Message:
     Header:
      Msg ID: 5
      Msg Ref: 6
      Timestamp: 2025-04-07 22:04:29
      Logical ACK: notRequired
     Message data:
      LOGICAL ACKNOWLEDGMENT

[2025-04-08 00:05:07 CEST] [136.725] [-8.1/-29.9 dBFS] [21.9 dB] [-1.3 ppm]
347641 (Aircraft, Airborne) -> 11984A (Ground station): Command
AVLC type: I sseq: 3 rseq: 5 poll: 0
 X.25 Data: grp: 11 chan: 255 sseq: 1 rseq: 3 more: 0
  X.25 reasm status: skipped
  X.233 CLNP Data (compressed header):
   LRef: 0x42 Prio: 11 Flags: 0xf6
   Lifetime: 20.0 sec
   PDU Id: 0x2bc
   X.224 COTP Connect Confirm:
    src_ref: 0x004d dst_ref: 0x805a
    Initial Credit: 1
    Protocol class: 4
    Options: 00 (use normal PDU formats)
    TPDU size (bytes): 1024
    Called/responding transport selector: 16
    Calling transport selector: 70 6d
    Priority: 3
    Ack time (ms): 1000
    Inactivity timer (ms): 360000
    Additional options: 0x00
    ATN checksum: 5d d4 05 20
    X.225 Session SPDU: Short Accept
     X.227 ACSE Associate Response:
      Application context name: { 1.3.27.3.1 }
      Associate result: accept
      ATCDownlinkMessage: <empty PDU>

[2025-04-08 00:05:18 CEST] [136.725] [-8.3/-30.6 dBFS] [22.3 dB] [-1.2 ppm]
347641 (Aircraft, Airborne) -> 11984A (Ground station): Command
AVLC type: I sseq: 4 rseq: 7 poll: 0
 X.25 Data: grp: 11 chan: 255 sseq: 2 rseq: 5 more: 0
  X.25 reasm status: skipped
  X.233 CLNP Data (compressed header):
   LRef: 0x41 Prio: 11 Flags: 0xf6
   Lifetime: 20.0 sec
   PDU Id: 0x2bd
   X.224 COTP Data Ack:
    dst_ref: 0xc131
    rseq: 6 credit: 4
    ATN checksum: ef 47 52 b9

[2025-04-08 00:05:25 CEST] [136.725] [-12.5/-30.1 dBFS] [17.5 dB] [4.5 ppm]
4CAE60 (Aircraft, Airborne) -> 11984A (Ground station): Command
AVLC type: I sseq: 5 rseq: 5 poll: 0
 ACARS:
  Reassembly: skipped
  Reg: .EI-IJK Flight: FR72KY
  Mode: 2 Label: B9 Blk id: 5 More: 0 Ack: ! Msg num: M64A
  Message:
   /LEPA.TI2/024LEPAAC8BA

[2025-04-08 00:05:33 CEST] [136.775] [-12.9/-29.9 dBFS] [17.0 dB] [2.6 ppm]
4CADFC (Aircraft, Airborne) -> 11FA7B (Ground station): Command
AVLC type: I sseq: 1 rseq: 1 poll: 0
 X.25 Data: grp: 11 chan: 254 sseq: 6 rseq: 6 more: 0
  X.25 reasm status: skipped
  X.233 CLNP Data (compressed header):
   LRef: 0x42 Prio: 11 Flags: 0xc0
   Lifetime: 50.0 sec
   PDU Id: 0xee4
   X.224 COTP Data Ack:
    dst_ref: 0xc12a
    rseq: 6 credit: 3
    Checksum: 4a de
    Flow control:
     Acked TPDU nr: 6
     Acked subsequence: 0
     Acked credit: 15

[2025-04-08 00:05:38 CEST] [136.775] [-10.1/-29.8 dBFS] [19.7 dB] [2.6 ppm]
4CADFC (Aircraft, Airborne) -> 11FA7B (Ground station): Command
AVLC type: I sseq: 1 rseq: 1 poll: 0
 X.25 Data: grp: 11 chan: 254 sseq: 6 rseq: 6 more: 0
  X.25 reasm status: skipped
  X.233 CLNP Data (compressed header):
   LRef: 0x42 Prio: 11 Flags: 0xc0
   Lifetime: 50.0 sec
   PDU Id: 0xee4
   X.224 COTP Data Ack:
    dst_ref: 0xc12a
    rseq: 6 credit: 3
    Checksum: 4a de
    Flow control:
     Acked TPDU nr: 6
     Acked subsequence: 0
     Acked credit: 15

[2025-04-08 00:05:46 CEST] [136.725] [-14.0/-29.8 dBFS] [15.8 dB] [4.8 ppm]
4CAE60 (Aircraft, Airborne) -> 11984A (Ground station): Command
AVLC type: I sseq: 0 rseq: 0 poll: 0
 X.25 Data: grp: 11 chan: 255 sseq: 2 rseq: 3 more: 0
  X.25 reasm status: skipped
  X.233 CLNP Data (compressed header):
   LRef: 0x43 Prio: 11 Flags: 0xc0
   Lifetime: 50.0 sec
   PDU Id: 0x1758
   X.224 COTP Data Ack:
    dst_ref: 0xc13a
    rseq: 2 credit: 2
    Checksum: f8 29
    Flow control:
     Acked TPDU nr: 2
     Acked subsequence: 0
     Acked credit: 15

[2025-04-08 00:05:51 CEST] [136.725] [-8.4/-29.9 dBFS] [21.5 dB] [2.5 ppm]
4CA76A (Aircraft, Airborne) -> 11985A (Ground station): Command
AVLC type: I sseq: 7 rseq: 0 poll: 0
 X.25 Data: grp: 11 chan: 255 sseq: 4 rseq: 5 more: 0
  X.25 reasm status: skipped
  X.233 CLNP Data (compressed header):
   LRef: 0x2 Prio: 11 Flags: 0xc0
   Lifetime: 50.0 sec
   PDU Id: 0x384
   X.224 COTP Data Ack:
    dst_ref: 0xc12e
    rseq: 4 credit: 3
    Checksum: 32 f6
    Flow control:
     Acked TPDU nr: 4
     Acked subsequence: 0
     Acked credit: 15

[2025-04-08 00:05:52 CEST] [136.675] [-5.5/-30.1 dBFS] [24.6 dB] [0.2 ppm]
4D2411 (Aircraft, Airborne) -> 11907A (Ground station): Command
AVLC type: I sseq: 3 rseq: 6 poll: 0
 X.25 Data: grp: 11 chan: 255 sseq: 0 rseq: 3 more: 0
  X.25 reasm status: skipped
  X.233 CLNP Data (compressed header):
   LRef: 0x42 Prio: 11 Flags: 0xf6
   Lifetime: 20.0 sec
   PDU Id: 0x4a
   X.224 COTP Data Ack:
    dst_ref: 0xc128
    rseq: 4 credit: 3
    Flow control:
     Acked TPDU nr: 4
     Acked subsequence: 0
     Acked credit: 15
    ATN checksum: 6d 20 e5 95

[2025-04-08 00:05:53 CEST] [136.725] [-9.6/-30.8 dBFS] [21.1 dB] [2.1 ppm]
4CA76A (Aircraft, Airborne) -> 11985A (Ground station): Command
AVLC type: I sseq: 0 rseq: 1 poll: 0
 X.25 Data: grp: 11 chan: 255 sseq: 5 rseq: 6 more: 0
  X.25 reasm status: skipped
  X.233 CLNP Data (compressed header):
   LRef: 0x2 Prio: 11 Flags: 0xc0
   Lifetime: 50.0 sec
   PDU Id: 0x385
   X.224 COTP Data Ack:
    dst_ref: 0xc12e
    rseq: 5 credit: 3
    Checksum: 33 a6

[2025-04-08 00:05:54 CEST] [136.725] [-10.3/-30.4 dBFS] [20.1 dB] [2.4 ppm]
4CA76A (Aircraft, Airborne) -> 11985A (Ground station): Command
AVLC type: I sseq: 1 rseq: 1 poll: 0
 X.25 Data: grp: 11 chan: 255 sseq: 6 rseq: 6 more: 0
  X.25 reasm status: skipped
  X.233 CLNP Data (compressed header):
   LRef: 0x2 Prio: 11 Flags: 0xc0
   Lifetime: 50.0 sec
   PDU Id: 0x386
   X.224 COTP Data:
    dst_ref: 0xc12e
    sseq: 4 req_of_ack: 0 EoT: 1
    COTP reasm status: skipped
    Checksum: 08 77
    CPDLC Downlink Message:
     Header:
      Msg ID: 4
      Msg Ref: 5
      Timestamp: 2025-04-07 22:05:53
      Logical ACK: notRequired
     Message data:
      LOGICAL ACKNOWLEDGMENT

[2025-04-08 00:05:56 CEST] [136.725] [-11.1/-30.3 dBFS] [19.2 dB] [2.2 ppm]
4CA76A (Aircraft, Airborne) -> 11985A (Ground station): Command
AVLC type: I sseq: 2 rseq: 4 poll: 0
 X.25 Data: grp: 11 chan: 255 sseq: 7 rseq: 1 more: 0
  X.25 reasm status: skipped
  X.233 CLNP Data (compressed header):
   LRef: 0x42 Prio: 11 Flags: 0xc0
   Lifetime: 50.0 sec
   PDU Id: 0x387
   X.224 COTP Connect Confirm:
    src_ref: 0x0012 dst_ref: 0x805e
    Initial Credit: 1
    Protocol class: 4
    Options: 00 (use normal PDU formats)
    Calling transport selector: 70 6d
    Called/responding transport selector: 02 02
    TPDU size (bytes): 1024
    Checksum: f1 da
    Additional options: 0x00
    Ack time (ms): 1000
    Priority: 3
    Inactivity timer (ms): 360000
    X.225 Session SPDU: Short Accept
     X.227 ACSE Associate Response:
      Application context name: { 1.3.27.3.1 }
      Associate result: accept
      ATCDownlinkMessage: <empty PDU>

[2025-04-08 00:06:13 CEST] [136.975] [-6.9/-30.3 dBFS] [23.4 dB] [4.3 ppm]
4CA891 (Aircraft, Airborne) -> 10FA5A (Ground station): Command
AVLC type: I sseq: 0 rseq: 0 poll: 0
 X.25 Data: grp: 11 chan: 255 sseq: 6 rseq: 6 more: 0
  X.25 reasm status: skipped
  X.233 CLNP Data (compressed header):
   LRef: 0x42 Prio: 11 Flags: 0xc0
   Lifetime: 50.0 sec
   PDU Id: 0xfbc
   X.224 COTP Data Ack:
    dst_ref: 0xc13b
    rseq: 4 credit: 3
    Checksum: f0 2b
    Flow control:
     Acked TPDU nr: 4
     Acked subsequence: 0
     Acked credit: 15

[2025-04-08 00:06:20 CEST] [136.975] [-12.2/-30.6 dBFS] [18.4 dB] [2.3 ppm]
407837 (Aircraft, Airborne) -> 10985A (Ground station): Response
AVLC type: U (XID) P/F: 1
 XID: Handoff Response
  Public params:
   Parameter set ID: 8885:1993
   Procedure classes: 00 01
   HDLC options: 20 a4 80
  VDL params:
   Parameter set ID: V
   Connection management: 01
   XID sequencing: seq: 7 retry: 0
   AVLC specific options: 25
   Destination airport: EGGD
   Aircraft location: 44.7N 6.3E 36000 ft

[2025-04-08 00:06:41 CEST] [136.725] [-8.4/-30.7 dBFS] [22.2 dB] [-1.4 ppm]
347641 (Aircraft, Airborne) -> 11984A (Ground station): Command
AVLC type: I sseq: 6 rseq: 1 poll: 0
 X.25 Data: grp: 11 chan: 255 sseq: 4 rseq: 7 more: 0
  X.25 reasm status: skipped
  X.233 CLNP Data (compressed header):
   LRef: 0x41 Prio: 11 Flags: 0xf6
   Lifetime: 20.0 sec
   PDU Id: 0x2bf
   X.224 COTP Data Ack:
    dst_ref: 0xc131
    rseq: 6 credit: 4
    Flow control:
     Acked TPDU nr: 6
     Acked subsequence: 0
     Acked credit: 15
    ATN checksum: ea 24 47 39

[2025-04-08 00:06:56 CEST] [136.725] [-8.5/-30.2 dBFS] [21.7 dB] [-1.1 ppm]
347641 (Aircraft, Airborne) -> 11985A (Ground station): Command
AVLC type: U (XID) P/F: 1
 XID: Handoff Initiation
  Public params:
   Parameter set ID: 8885:1993
   Procedure classes: 00 01
   HDLC options: 20 a4 80
  VDL params:
   Parameter set ID: V
   Connection management: 01
   XID sequencing: seq: 6 retry: 0
   AVLC specific options: 25
   Destination airport: LIPX
   Aircraft location: 43.4N 7.2E 38000 ft

[2025-04-08 00:07:05 CEST] [136.775] [-10.8/-30.4 dBFS] [19.6 dB] [2.8 ppm]
4CADFC (Aircraft, Airborne) -> 11FA7B (Ground station): Command
AVLC type: I sseq: 2 rseq: 2 poll: 0
 X.25 Data: grp: 11 chan: 254 sseq: 7 rseq: 7 more: 0
  X.25 reasm status: skipped
  X.233 CLNP Data (compressed header):
   LRef: 0x42 Prio: 11 Flags: 0xc0
   Lifetime: 50.0 sec
   PDU Id: 0xee5
   X.224 COTP Data Ack:
    dst_ref: 0xc12a
    rseq: 6 credit: 3
    Checksum: 4a de
    Flow control:
     Acked TPDU nr: 6
     Acked subsequence: 0
     Acked credit: 15

[2025-04-08 00:07:07 CEST] [136.975] [-9.9/-30.4 dBFS] [20.5 dB] [2.5 ppm]
4CADFC (Aircraft, Airborne) -> 10FA7B (Ground station): Command
AVLC type: U (XID) P/F: 1
 XID: Handoff Initiation
  Public params:
   Parameter set ID: 8885:1993
   Procedure classes: 00 01
   HDLC options: 20 84 80
  VDL params:
   Parameter set ID: V
   XID sequencing: seq: 3 retry: 0
   Destination airport: EIDW
   Aircraft location: 44.0N 7.1E 38000 ft
   AVLC specific options: 24
   Connection management: 01

[2025-04-08 00:07:08 CEST] [136.725] [-8.9/-30.4 dBFS] [21.5 dB] [-1.4 ppm]
347641 (Aircraft, Airborne) -> 11985A (Ground station): Command
AVLC type: I sseq: 2 rseq: 3 poll: 0
 X.25 Data: grp: 11 chan: 255 sseq: 0 rseq: 1 more: 0
  X.25 reasm status: skipped
  X.233 CLNP Data (compressed header):
   LRef: 0x42 Prio: 11 Flags: 0xf6
   Lifetime: 20.0 sec
   PDU Id: 0x2c0
   X.224 COTP Data Ack:
    dst_ref: 0x805a
    rseq: 0 credit: 1
    Flow control:
     Acked TPDU nr: 0
     Acked subsequence: 0
     Acked credit: 1
    ATN checksum: 2b b3 d6 19

[2025-04-08 00:07:18 CEST] [136.725] [-9.8/-30.3 dBFS] [20.5 dB] [4.4 ppm]
4CAE60 (Aircraft, Airborne) -> 11984A (Ground station): Command
AVLC type: I sseq: 2 rseq: 2 poll: 0
 X.25 Data: grp: 11 chan: 255 sseq: 3 rseq: 4 more: 0
  X.25 reasm status: skipped
  X.233 CLNP Data (compressed header):
   LRef: 0x43 Prio: 11 Flags: 0xc0
   Lifetime: 50.0 sec
   PDU Id: 0x1759
   X.224 COTP Data Ack:
    dst_ref: 0xc13a
    rseq: 2 credit: 2
    Checksum: f8 29
    Flow control:
     Acked TPDU nr: 2
     Acked subsequence: 0
     Acked credit: 15

[2025-04-08 00:07:24 CEST] [136.675] [-5.3/-30.3 dBFS] [25.0 dB] [0.2 ppm]
4D2411 (Aircraft, Airborne) -> 11907A (Ground station): Command
AVLC type: I sseq: 5 rseq: 0 poll: 0
 X.25 Data: grp: 11 chan: 255 sseq: 2 rseq: 5 more: 0
  X.25 reasm status: skipped
  X.233 CLNP Data (compressed header):
   LRef: 0x42 Prio: 11 Flags: 0xf6
   Lifetime: 20.0 sec
   PDU Id: 0x4c
   X.224 COTP Data Ack:
    dst_ref: 0xc128
    rseq: 4 credit: 3
    Flow control:
     Acked TPDU nr: 4
     Acked subsequence: 0
     Acked credit: 15
    ATN checksum: 6d 20 e5 95

[2025-04-08 00:07:27 CEST] [136.725] [-9.8/-30.0 dBFS] [20.2 dB] [2.1 ppm]
4CA76A (Aircraft, Airborne) -> 11985A (Ground station): Command
AVLC type: I sseq: 4 rseq: 6 poll: 0
 X.25 Data: grp: 11 chan: 255 sseq: 1 rseq: 3 more: 0
  X.25 reasm status: skipped
  X.233 CLNP Data (compressed header):
   LRef: 0x2 Prio: 11 Flags: 0xc0
   Lifetime: 50.0 sec
   PDU Id: 0x389
   X.224 COTP Data Ack:
    dst_ref: 0xc12e
    rseq: 5 credit: 3
    Checksum: 34 f2
    Flow control:
     Acked TPDU nr: 5
     Acked subsequence: 0
     Acked credit: 15

[2025-04-08 00:07:32 CEST] [136.675] [-5.4/-30.0 dBFS] [24.6 dB] [0.2 ppm]
4D2411 (Aircraft, Airborne) -> 11907A (Ground station): Command
AVLC type: I sseq: 6 rseq: 1 poll: 0
 X.25 Data: grp: 11 chan: 255 sseq: 3 rseq: 6 more: 0
  X.25 reasm status: skipped
  X.233 CLNP Data (compressed header):
   LRef: 0x42 Prio: 11 Flags: 0xf6
   Lifetime: 20.0 sec
   PDU Id: 0x4d
   X.224 COTP Data Ack:
    dst_ref: 0xc128
    rseq: 5 credit: 3
    ATN checksum: e5 92 da 66
   X.224 COTP Data:
    dst_ref: 0xc128
    sseq: 4 req_of_ack: 0 EoT: 1
    COTP reasm status: skipped
    ATN checksum: 9d a6 cd 62
    CPDLC Downlink Message:
     Header:
      Msg ID: 4
      Msg Ref: 5
      Timestamp: 2025-04-07 22:07:31
      Logical ACK: notRequired
     Message data:
      LOGICAL ACKNOWLEDGMENT

[2025-04-08 00:07:37 CEST] [136.675] [-5.2/-30.4 dBFS] [25.1 dB] [0.1 ppm]
4D2411 (Aircraft, Airborne) -> 11907A (Ground station): Command
AVLC type: I sseq: 7 rseq: 4 poll: 0
 X.25 Data: grp: 11 chan: 255 sseq: 4 rseq: 1 more: 0
  X.25 reasm status: skipped
  X.233 CLNP Data (compressed header):
   LRef: 0x43 Prio: 11 Flags: 0xf6
   Lifetime: 20.0 sec
   PDU Id: 0x4e
   X.224 COTP Connect Confirm:
    src_ref: 0x0035 dst_ref: 0xf49f
    Initial Credit: 1
    Protocol class: 4
    Options: 00 (use normal PDU formats)
    TPDU size (bytes): 1024
    Called/responding transport selector: 16
    Calling transport selector: 65 6d
    Priority: 3
    Ack time (ms): 1000
    Inactivity timer (ms): 360000
    Additional options: 0x00
    ATN checksum: cd c0 8a ec
    X.225 Session SPDU: Short Accept
     X.227 ACSE Associate Response:
      Application context name: { 1.3.27.3.1 }
      Associate result: accept
      ATCDownlinkMessage: <empty PDU>

[2025-04-08 00:07:45 CEST] [136.975] [-0.2/-30.4 dBFS] [30.3 dB] [4.4 ppm]
4CA891 (Aircraft, Airborne) -> 10FA5A (Ground station): Command
AVLC type: I sseq: 1 rseq: 1 poll: 0
 X.25 Data: grp: 11 chan: 255 sseq: 7 rseq: 7 more: 0
  X.25 reasm status: skipped
  X.233 CLNP Data (compressed header):
   LRef: 0x42 Prio: 11 Flags: 0xc0
   Lifetime: 50.0 sec
   PDU Id: 0xfbd
   X.224 COTP Data Ack:
    dst_ref: 0xc13b
    rseq: 4 credit: 3
    Checksum: f0 2b
    Flow control:
     Acked TPDU nr: 4
     Acked subsequence: 0
     Acked credit: 15

[2025-04-08 00:07:54 CEST] [136.975] [-11.5/-30.4 dBFS] [18.9 dB] [3.1 ppm]
440352 (Aircraft, Airborne) -> 109C2A (Ground station): Command
AVLC type: I sseq: 3 rseq: 4 poll: 0
 X.25 Data: grp: 11 chan: 255 sseq: 0 rseq: 1 more: 0
  X.25 reasm status: skipped
  X.233 CLNP Data (compressed header):
   LRef: 0x45 Prio: 11 Flags: 0xf6
   Lifetime: 20.0 sec
   PDU Id: 0x313
   X.224 COTP Data Ack:
    dst_ref: 0xc132
    rseq: 4 credit: 3
    Flow control:
     Acked TPDU nr: 4
     Acked subsequence: 0
     Acked credit: 15
    ATN checksum: fe 6e 74 0a

[2025-04-08 00:08:40 CEST] [136.675] [-9.5/-30.0 dBFS] [20.5 dB] [0.2 ppm]
4D2411 (Aircraft, Airborne) -> 11907A (Ground station): Command
AVLC type: I sseq: 0 rseq: 6 poll: 0
 X.25 Data: grp: 11 chan: 255 sseq: 5 rseq: 3 more: 0
  X.25 reasm status: skipped
  X.233 CLNP Data (compressed header):
   LRef: 0x43 Prio: 11 Flags: 0xf6
   Lifetime: 20.0 sec
   PDU Id: 0x4f
   X.224 COTP Data Ack:
    dst_ref: 0xf49f
    rseq: 0 credit: 1
    Flow control:
     Acked TPDU nr: 0
     Acked subsequence: 0
     Acked credit: 10
    ATN checksum: 42 16 ca 9b

[2025-04-08 00:08:42 CEST] [136.725] [-8.0/-30.2 dBFS] [22.2 dB] [2.2 ppm]
4CA76A (Aircraft, Airborne) -> 11985A (Ground station): Command
AVLC type: I sseq: 5 rseq: 0 poll: 0
 X.25 Data: grp: 11 chan: 255 sseq: 2 rseq: 5 more: 0
  X.25 reasm status: skipped
  X.233 CLNP Data (compressed header):
   LRef: 0x42 Prio: 11 Flags: 0xc0
   Lifetime: 50.0 sec
   PDU Id: 0x38a
   X.224 COTP Data Ack:
    dst_ref: 0x805e
    rseq: 0 credit: 1
    Checksum: eb 06

[2025-04-08 00:08:50 CEST] [136.725] [-7.4/-29.9 dBFS] [22.4 dB] [4.4 ppm]
4CAE60 (Aircraft, Airborne) -> 11984A (Ground station): Command
AVLC type: I sseq: 4 rseq: 4 poll: 0
 X.25 Data: grp: 11 chan: 255 sseq: 5 rseq: 6 more: 0
  X.25 reasm status: skipped
  X.233 CLNP Data (compressed header):
   LRef: 0x43 Prio: 11 Flags: 0xc0
   Lifetime: 50.0 sec
   PDU Id: 0x175b
   X.224 COTP Data Ack:
    dst_ref: 0xc13a
    rseq: 2 credit: 2
    Checksum: f8 29
    Flow control:
     Acked TPDU nr: 2
     Acked subsequence: 0
     Acked credit: 15

[2025-04-08 00:08:59 CEST] [136.725] [-8.7/-30.0 dBFS] [21.3 dB] [2.4 ppm]
4CA76A (Aircraft, Airborne) -> 11985A (Ground station): Command
AVLC type: I sseq: 6 rseq: 2 poll: 0
 X.25 Data: grp: 11 chan: 255 sseq: 3 rseq: 7 more: 0
  X.25 reasm status: skipped
  X.233 CLNP Data (compressed header):
   LRef: 0x2 Prio: 11 Flags: 0xc0
   Lifetime: 50.0 sec
   PDU Id: 0x38b
   X.224 COTP Data Ack:
    dst_ref: 0xc12e
    rseq: 5 credit: 3
    Checksum: 34 f2
    Flow control:
     Acked TPDU nr: 5
     Acked subsequence: 0
     Acked credit: 15

[2025-04-08 00:09:01 CEST] [136.725] [-9.0/-30.1 dBFS] [21.1 dB] [2.4 ppm]
4CA76A (Aircraft, Airborne) -> 11985A (Ground station): Command
AVLC type: I sseq: 7 rseq: 2 poll: 0
 ACARS:
  Reassembly: skipped
  Reg: .EI-EFO Flight: FR73YU
  Mode: 2 Label: 16 Blk id: 2 More: 0 Ack: ! Msg num: M69A
  Message:
   220900,M110136,2254,  86,N 43.550 E  7.232

[2025-04-08 00:09:04 CEST] [136.675] [-8.2/-30.6 dBFS] [22.5 dB] [0.3 ppm]
4D2411 (Aircraft, Airborne) -> 11907A (Ground station): Command
AVLC type: I sseq: 1 rseq: 7 poll: 0
 X.25 Data: grp: 11 chan: 255 sseq: 6 rseq: 4 more: 0
  X.25 reasm status: skipped
  X.233 CLNP Data (compressed header):
   LRef: 0x42 Prio: 11 Flags: 0xf6
   Lifetime: 20.0 sec
   PDU Id: 0x50
   X.224 COTP Data Ack:
    dst_ref: 0xc128
    rseq: 5 credit: 3
    Flow control:
     Acked TPDU nr: 5
     Acked subsequence: 0
     Acked credit: 15
    ATN checksum: 68 ba 49 9a

[2025-04-08 00:09:17 CEST] [136.975] [-3.7/-30.4 dBFS] [26.7 dB] [4.4 ppm]
4CA891 (Aircraft, Airborne) -> 10FA5A (Ground station): Command
AVLC type: I sseq: 3 rseq: 3 poll: 0
 X.25 Data: grp: 11 chan: 255 sseq: 1 rseq: 1 more: 0
  X.25 reasm status: skipped
  X.233 CLNP Data (compressed header):
   LRef: 0x42 Prio: 11 Flags: 0xc0
   Lifetime: 50.0 sec
   PDU Id: 0xfbf
   X.224 COTP Data Ack:
    dst_ref: 0xc13b
    rseq: 4 credit: 3
    Checksum: f0 2b
    Flow control:
     Acked TPDU nr: 4
     Acked subsequence: 0
     Acked credit: 15

[2025-04-08 00:09:41 CEST] [136.675] [-10.7/-30.4 dBFS] [19.7 dB] [0.1 ppm]
4D2411 (Aircraft, Airborne) -> 11907A (Ground station): Command
AVLC type: I sseq: 2 rseq: 0 poll: 0
 X.25 Data: grp: 11 chan: 255 sseq: 7 rseq: 5 more: 0
  X.25 reasm status: skipped
  X.233 CLNP Data (compressed header):
   LRef: 0x43 Prio: 11 Flags: 0xf6
   Lifetime: 20.0 sec
   PDU Id: 0x51
   X.224 COTP Data Ack:
    dst_ref: 0xf49f
    rseq: 0 credit: 1
    Flow control:
     Acked TPDU nr: 0
     Acked subsequence: 0
     Acked credit: 10
    ATN checksum: 42 16 ca 9b

[2025-04-08 00:10:09 CEST] [136.975] [-5.4/-32.2 dBFS] [26.9 dB] [2.6 ppm]
4CADFC (Aircraft, Airborne) -> 10FA5A (Ground station): Command
AVLC type: I sseq: 2 rseq: 3 poll: 0
 X.25 Data: grp: 11 chan: 254 sseq: 0 rseq: 1 more: 0
  X.25 reasm status: skipped
  X.233 CLNP Data (compressed header):
   LRef: 0x42 Prio: 11 Flags: 0xc0
   Lifetime: 50.0 sec
   PDU Id: 0xee8
   X.224 COTP Data Ack:
    dst_ref: 0xc12a
    rseq: 6 credit: 3
    Checksum: 4a de
    Flow control:
     Acked TPDU nr: 6
     Acked subsequence: 0
     Acked credit: 15

[2025-04-08 00:10:14 CEST] [136.975] [-1.4/-33.0 dBFS] [31.6 dB] [4.3 ppm]
4CA891 (Aircraft, Airborne) -> 10985A (Ground station): Command
AVLC type: U (XID) P/F: 1
 XID: Handoff Initiation
  Public params:
   Parameter set ID: 8885:1993
   Procedure classes: 00 01
   HDLC options: 20 84 80
  VDL params:
   Parameter set ID: V
   XID sequencing: seq: 7 retry: 0
   Destination airport: GMFF
   Aircraft location: 0.0N 0.0E 0 ft
   Alternate ground stations: 10952A 10907A 10F68A 10984A 10F69B 10F63A 109C2A 10905A
   AVLC specific options: 24
   Connection management: 01

[2025-04-08 00:10:17 CEST] [136.975] [-4.8/-32.5 dBFS] [27.6 dB] [4.2 ppm]
4CA891 (Aircraft, Airborne) -> 10985A (Ground station): Command
AVLC type: I sseq: 2 rseq: 3 poll: 0
 X.25 Data: grp: 11 chan: 254 sseq: 0 rseq: 2 more: 0
  X.25 reasm status: skipped
  X.233 CLNP Data (compressed header):
   LRef: 0x40 Prio: 14 Flags: 0xc0
   Lifetime: 50.0 sec
   PDU Id: 0xfc0
   IDRP Open: seq: 1 ack: 1 credit_offered: 5 credit_avail: 3
    Hold Time: 900 seconds
    Max. PDU size: 3000 octets
    Source RDI: 47 00 27 41 52 59 52 00 4c a8 91	"G.'ARYR.L.."
    RIB Attribute Set:
     RibAtt #0:
      Security:
       Reg ID: 06 04 2b 1b 00 00
    Auth mechanism: simple checksum

[2025-04-08 00:10:18 CEST] [136.675] [-15.5/-32.7 dBFS] [17.1 dB] [3.9 ppm]
4CADF4 (Aircraft, Airborne) -> 12957A (Ground station): Command
AVLC type: I sseq: 4 rseq: 4 poll: 0
 X.25 Data: grp: 11 chan: 255 sseq: 2 rseq: 3 more: 0
  X.25 reasm status: skipped
  X.233 CLNP Data (compressed header):
   LRef: 0x41 Prio: 11 Flags: 0xc0
   Lifetime: 50.0 sec
   PDU Id: 0x22b3
   X.224 COTP Data Ack:
    dst_ref: 0xc13d
    rseq: 2 credit: 2
    Checksum: e9 35
    Flow control:
     Acked TPDU nr: 2
     Acked subsequence: 0
     Acked credit: 15

[2025-04-08 00:10:19 CEST] [136.975] [-3.4/-32.4 dBFS] [29.0 dB] [4.2 ppm]
4CA891 (Aircraft, Airborne) -> 10985A (Ground station): Command
AVLC type: I sseq: 4 rseq: 6 poll: 0
 X.25 Data: grp: 11 chan: 254 sseq: 2 rseq: 4 more: 0
  X.25 reasm status: skipped
  X.233 CLNP Data (compressed header):
   LRef: 0x40 Prio: 14 Flags: 0xc0
   Lifetime: 50.0 sec
   PDU Id: 0xfc1
   IDRP Update: seq: 2 ack: 2 credit_offered: 4 credit_avail: 3
    Route:
     ID: 2
     Local preference: 0
    RD path:
     RD_SEQ:
      47 00 27 41 52 59 52 00 4c a8 91	"G.'ARYR.L.."
    RD hop count: 1
    Security:
     Reg ID: 06 04 2b 1b 00 00
     Info:
      Supported ATSC classes: all
    Capacity: 13
    Reachability info:
     Protocol: CLNP
     Prefix length: 88
     Dest. address prefix: 47 00 27 41 52 59 52 00 4c a8 91	"G.'ARYR.L.."

[2025-04-08 00:10:22 CEST] [136.725] [-3.8/-32.2 dBFS] [28.4 dB] [4.4 ppm]
4CAE60 (Aircraft, Airborne) -> 11984A (Ground station): Command
AVLC type: I sseq: 5 rseq: 5 poll: 0
 X.25 Data: grp: 11 chan: 255 sseq: 6 rseq: 7 more: 0
  X.25 reasm status: skipped
  X.233 CLNP Data (compressed header):
   LRef: 0x43 Prio: 11 Flags: 0xc0
   Lifetime: 50.0 sec
   PDU Id: 0x175c
   X.224 COTP Data Ack:
    dst_ref: 0xc13a
    rseq: 2 credit: 2
    Checksum: f8 29
    Flow control:
     Acked TPDU nr: 2
     Acked subsequence: 0
     Acked credit: 15

[2025-04-08 00:10:31 CEST] [136.725] [-13.1/-32.1 dBFS] [19.0 dB] [2.5 ppm]
4CA76A (Aircraft, Airborne) -> 11985A (Ground station): Command
AVLC type: I sseq: 0 rseq: 4 poll: 0
 X.25 Data: grp: 11 chan: 255 sseq: 4 rseq: 0 more: 0
  X.25 reasm status: skipped
  X.233 CLNP Data (compressed header):
   LRef: 0x2 Prio: 11 Flags: 0xc0
   Lifetime: 50.0 sec
   PDU Id: 0x38c
   X.224 COTP Data Ack:
    dst_ref: 0xc12e
    rseq: 5 credit: 3
    Checksum: 34 f2
    Flow control:
     Acked TPDU nr: 5
     Acked subsequence: 0
     Acked credit: 15

[2025-04-08 00:10:39 CEST] [136.675] [-9.4/-31.6 dBFS] [22.2 dB] [0.1 ppm]
4D2411 (Aircraft, Airborne) -> 11907A (Ground station): Command
AVLC type: I sseq: 3 rseq: 1 poll: 0
 X.25 Data: grp: 11 chan: 255 sseq: 0 rseq: 6 more: 0
  X.25 reasm status: skipped
  X.233 CLNP Data (compressed header):
   LRef: 0x42 Prio: 11 Flags: 0xf6
   Lifetime: 20.0 sec
   PDU Id: 0x52
   X.224 COTP Data Ack:
    dst_ref: 0xc128
    rseq: 5 credit: 3
    Flow control:
     Acked TPDU nr: 5
     Acked subsequence: 0
     Acked credit: 15
    ATN checksum: 68 ba 49 9a

[2025-04-08 00:10:42 CEST] [136.975] [-13.6/-31.6 dBFS] [18.0 dB] [4.0 ppm]
4CADF4 (Aircraft, Airborne) -> 109C2A (Ground station): Command
AVLC type: U (XID) P/F: 1
 XID: Handoff Initiation
  Public params:
   Parameter set ID: 8885:1993
   Procedure classes: 00 01
   HDLC options: 20 84 80
  VDL params:
   Parameter set ID: V
   XID sequencing: seq: 6 retry: 0
   Destination airport: LEBL
   AVLC specific options: 24
   Connection management: 01

[2025-04-08 00:10:43 CEST] [136.725] [-5.9/-31.7 dBFS] [25.8 dB] [4.3 ppm]
4CA891 (Aircraft, Airborne) -> 11985A (Ground station): Command
AVLC type: U (XID) P/F: 1
 XID: Handoff Initiation
  Public params:
   Parameter set ID: 8885:1993
   Procedure classes: 00 01
   HDLC options: 20 84 80
  VDL params:
   Parameter set ID: V
   XID sequencing: seq: 0 retry: 0
   Destination airport: GMFF
   Aircraft location: 0.0N 0.0E 0 ft
   Alternate ground stations: 11984A
   AVLC specific options: 24
   Connection management: 01

[2025-04-08 00:10:43 CEST] [136.725] [-9.8/-31.7 dBFS] [22.0 dB] [2.3 ppm]
4CA76A (Aircraft, Airborne) -> 11985A (Ground station): Command
AVLC type: I sseq: 1 rseq: 5 poll: 0
 X.25 Data: grp: 11 chan: 255 sseq: 5 rseq: 1 more: 0
  X.25 reasm status: skipped
  X.233 CLNP Data (compressed header):
   LRef: 0x42 Prio: 11 Flags: 0xc0
   Lifetime: 50.0 sec
   PDU Id: 0x38d
   X.224 COTP Data Ack:
    dst_ref: 0x805e
    rseq: 0 credit: 1
    Checksum: 42 10
    Flow control:
     Acked TPDU nr: 0
     Acked subsequence: 0
     Acked credit: 1

[2025-04-08 00:10:43 CEST] [136.675] [-9.4/-31.4 dBFS] [22.0 dB] [0.3 ppm]
4D2411 (Aircraft, Airborne) -> 11907A (Ground station): Command
AVLC type: I sseq: 4 rseq: 2 poll: 0
 X.25 Data: grp: 11 chan: 255 sseq: 1 rseq: 7 more: 0
  X.25 reasm status: skipped
  X.233 CLNP Data (compressed header):
   LRef: 0x43 Prio: 11 Flags: 0xf6
   Lifetime: 20.0 sec
   PDU Id: 0x53
   X.224 COTP Data Ack:
    dst_ref: 0xf49f
    rseq: 0 credit: 1
    Flow control:
     Acked TPDU nr: 0
     Acked subsequence: 0
     Acked credit: 10
    ATN checksum: 42 16 ca 9b

[2025-04-08 00:10:48 CEST] [136.725] [-4.3/-32.0 dBFS] [27.6 dB] [4.4 ppm]
4CAE60 (Aircraft, Airborne) -> 11984A (Ground station): Command
AVLC type: I sseq: 6 rseq: 5 poll: 0
 ACARS:
  Reassembly: skipped
  Reg: .EI-IJK Flight: FR72KY
  Mode: 2 Label: 16 Blk id: 9 More: 0 Ack: ! Msg num: M65A
  Message:
   221046,36998,2302,  88,N 44.176 E  5.099

[2025-04-08 00:10:49 CEST] [136.725] [-5.3/-32.0 dBFS] [26.8 dB] [4.3 ppm]
4CA891 (Aircraft, Airborne) -> 11985A (Ground station): Command
AVLC type: I sseq: 2 rseq: 3 poll: 0
 X.25 Data: grp: 11 chan: 255 sseq: 0 rseq: 1 more: 0
  X.25 reasm status: skipped
  X.233 CLNP Data (compressed header):
   LRef: 0x41 Prio: 11 Flags: 0xc0
   Lifetime: 50.0 sec
   PDU Id: 0xfc2
   X.224 COTP Data Ack:
    dst_ref: 0xc13b
    rseq: 4 credit: 3
    Checksum: f0 2b
    Flow control:
     Acked TPDU nr: 4
     Acked subsequence: 0
     Acked credit: 15

[2025-04-08 00:11:02 CEST] [136.725] [-12.9/-31.3 dBFS] [18.4 dB] [3.0 ppm]
3443D3 (Aircraft, Airborne) -> 11985A (Ground station): Command
AVLC type: I sseq: 4 rseq: 5 poll: 0
 ACARS:
  Reassembly: skipped
  Reg: .EC-LVO Flight: VY03WB
  Mode: 2 Label: H1 Blk id: 5 More: 0 Ack: ! Msg num: F91A
  Sublabel: M1
  Message:
   RESPWI/AK,71605F

[2025-04-08 00:11:10 CEST] [136.725] [0.5/-31.4 dBFS] [31.9 dB] [4.1 ppm]
4CA891 (Aircraft, Airborne) -> 11985A (Ground station): Command
AVLC type: I sseq: 3 rseq: 3 poll: 0
 ACARS:
  Reassembly: skipped
  Reg: .EI-ENE Flight: FR06SY
  Mode: 2 Label: 16 Blk id: 9 More: 0 Ack: ! Msg num: M79A
  Message:
   221108,,2352, 172,N   .    MMMM.MMM

[2025-04-08 00:11:13 CEST] [136.975] [-14.8/-32.2 dBFS] [17.4 dB] [2.9 ppm]
440352 (Aircraft, Airborne) -> 109C2A (Ground station): Command
AVLC type: I sseq: 0 rseq: 3 poll: 0
 X.25 Data: grp: 11 chan: 255 sseq: 5 rseq: 0 more: 0
  X.25 reasm status: skipped
  X.233 CLNP Data (compressed header):
   LRef: 0x46 Prio: 11 Flags: 0xf6
   Lifetime: 20.0 sec
   PDU Id: 0x318
   X.224 COTP Connect Confirm:
    src_ref: 0x0049 dst_ref: 0xf4a1
    Initial Credit: 1
    Protocol class: 4
    Options: 00 (use normal PDU formats)
    TPDU size (bytes): 1024
    Called/responding transport selector: 16
    Calling transport selector: 65 6d
    Priority: 3
    Ack time (ms): 1000
    Inactivity timer (ms): 360000
    Additional options: 0x00
    ATN checksum: 4b 2d fe 1c
    X.225 Session SPDU: Short Accept
     X.227 ACSE Associate Response:
      Application context name: { 1.3.27.3.1 }
      Associate result: accept
      ATCDownlinkMessage: <empty PDU>

[2025-04-08 00:11:41 CEST] [136.975] [-7.4/-30.6 dBFS] [23.2 dB] [2.6 ppm]
4CADFC (Aircraft, Airborne) -> 10FA5A (Ground station): Command
AVLC type: I sseq: 3 rseq: 4 poll: 0
 X.25 Data: grp: 11 chan: 254 sseq: 1 rseq: 2 more: 0
  X.25 reasm status: skipped
  X.233 CLNP Data (compressed header):
   LRef: 0x42 Prio: 11 Flags: 0xc0
   Lifetime: 50.0 sec
   PDU Id: 0xee9
   X.224 COTP Data Ack:
    dst_ref: 0xc12a
    rseq: 6 credit: 3
    Checksum: 4a de
    Flow control:
     Acked TPDU nr: 6
     Acked subsequence: 0
     Acked credit: 15

[2025-04-08 00:11:45 CEST] [136.975] [-9.7/-31.2 dBFS] [21.5 dB] [2.4 ppm]
4CADFC (Aircraft, Airborne) -> 10FA5A (Ground station): Command
AVLC type: I sseq: 4 rseq: 4 poll: 0
 ACARS:
  Reassembly: skipped
  Reg: .EI-IHP Flight: FR168Z
  Mode: 2 Label: 16 Blk id: 2 More: 0 Ack: ! Msg num: M19A
  Message:
   221143,38001,0017, 149,N 44.452 E  6.639

[2025-04-08 00:11:58 CEST] [136.725] [-7.7/-30.0 dBFS] [22.3 dB] [4.3 ppm]
4CAE60 (Aircraft, Airborne) -> 11984A (Ground station): Command
AVLC type: I sseq: 7 rseq: 7 poll: 0
 X.25 Data: grp: 11 chan: 255 sseq: 7 rseq: 0 more: 0
  X.25 reasm status: skipped
  X.233 CLNP Data (compressed header):
   LRef: 0x43 Prio: 11 Flags: 0xc0
   Lifetime: 50.0 sec
   PDU Id: 0x175d
   X.224 COTP Data Ack:
    dst_ref: 0xc13a
    rseq: 2 credit: 2
    Checksum: f8 29
    Flow control:
     Acked TPDU nr: 2
     Acked subsequence: 0
     Acked credit: 15

[2025-04-08 00:12:21 CEST] [136.725] [0.5/-30.0 dBFS] [30.4 dB] [3.6 ppm]
4CA891 (Aircraft, Airborne) -> 11985A (Ground station): Command
AVLC type: I sseq: 4 rseq: 5 poll: 0
 X.25 Data: grp: 11 chan: 255 sseq: 1 rseq: 2 more: 0
  X.25 reasm status: skipped
  X.233 CLNP Data (compressed header):
   LRef: 0x41 Prio: 11 Flags: 0xc0
   Lifetime: 50.0 sec
   PDU Id: 0xfc3
   X.224 COTP Data Ack:
    dst_ref: 0xc13b
    rseq: 4 credit: 3
    Checksum: f0 2b
    Flow control:
     Acked TPDU nr: 4
     Acked subsequence: 0
     Acked credit: 15

