[2025-04-16 00:00:11 CEST] [136.675] [-3.4/-31.1 dBFS] [27.7 dB] [2.6 ppm]
4CA766 (Aircraft, Airborne) -> 11907A (Ground station): Command
AVLC type: I sseq: 6 rseq: 7 poll: 0
 X.25 Data: grp: 11 chan: 254 sseq: 3 rseq: 4 more: 0
  X.25 reasm status: skipped
  X.233 CLNP Data (compressed header):
   LRef: 0x0 Prio: 11 Flags: 0xc0
   Lifetime: 50.0 sec
   PDU Id: 0xbc3
   X.224 COTP Data Ack:
    dst_ref: 0x2325
    rseq: 4 credit: 3
    Checksum: 17 b9
    Flow control:
     Acked TPDU nr: 4
     Acked subsequence: 0
     Acked credit: 15

[2025-04-16 00:00:27 CEST] [136.675] [-6.5/-31.3 dBFS] [24.8 dB] [3.9 ppm]
4D22B9 (Aircraft, Airborne) -> 11907A (Ground station): Command
AVLC type: I sseq: 6 rseq: 0 poll: 0
 ACARS:
  Reassembly: out of sequence
  Reg: .9H-LOT Flight: LW03WR
  Mode: 2 Label: H1 Blk id: 1 More: 1 Ack: ! Msg num: D06B
  Sublabel: DF
  Message:
   25457,23/N101,00,00,00,00,00,00,00,01,5110,5110/N201,00,00,00,00,00,00,00,01,4940,4940/S11308,5110,0827,0905,3597,1427,1307/S21308,4940,0832,0907,3547,1429,1307/T13358,4903,028,14703,0188,19656/T23383,4838,

[2025-04-16 00:00:28 CEST] [136.675] [-7.5/-31.2 dBFS] [23.7 dB] [3.9 ppm]
4D22B9 (Aircraft, Airborne) -> 11907A (Ground station): Command
AVLC type: I sseq: 7 rseq: 1 poll: 0
 ACARS:
  Reassembly: out of sequence
  Reg: .9H-LOT Flight: LW03WR
  Mode: 2 Label: H1 Blk id: 2 More: 0 Ack: ! Msg num: D06C
  Sublabel: DF
  Message:
   019,14715,0185,19664/V103D01,00400,08000,222,098,0016,1,1/V203D01,00400,08000,220,097,0017,1,1/V3027,000,088,084,0351,0/V4016,001,214,088,0349,0/:

[2025-04-16 00:01:36 CEST] [136.675] [-3.8/-31.3 dBFS] [27.5 dB] [2.4 ppm]
4CA766 (Aircraft, Airborne) -> 11907A (Ground station): Command
AVLC type: I sseq: 7 rseq: 7 poll: 0
 X.25 Data: grp: 11 chan: 254 sseq: 4 rseq: 4 more: 0
  X.25 reasm status: skipped
  X.233 CLNP Data (compressed header):
   LRef: 0x1 Prio: 11 Flags: 0xc0
   Lifetime: 50.0 sec
   PDU Id: 0xbc4
   X.224 COTP Data Ack:
    dst_ref: 0x1cc4
    rseq: 3 credit: 2
    Checksum: 33 b8

[2025-04-16 00:01:43 CEST] [136.675] [-4.5/-31.3 dBFS] [26.8 dB] [2.5 ppm]
4CA766 (Aircraft, Airborne) -> 11907A (Ground station): Command
AVLC type: I sseq: 0 rseq: 1 poll: 0
 X.25 Data: grp: 11 chan: 254 sseq: 5 rseq: 6 more: 0
  X.25 reasm status: skipped
  X.233 CLNP Data (compressed header):
   LRef: 0x0 Prio: 11 Flags: 0xc0
   Lifetime: 50.0 sec
   PDU Id: 0xbc5
   X.224 COTP Data Ack:
    dst_ref: 0x2325
    rseq: 4 credit: 3
    Checksum: 17 b9
    Flow control:
     Acked TPDU nr: 4
     Acked subsequence: 0
     Acked credit: 15

[2025-04-16 00:02:24 CEST] [136.675] [-4.6/-31.1 dBFS] [26.5 dB] [2.5 ppm]
4CA766 (Aircraft, Airborne) -> 11907A (Ground station): Command
AVLC type: I sseq: 1 rseq: 2 poll: 0
 X.25 Data: grp: 11 chan: 254 sseq: 6 rseq: 7 more: 0
  X.25 reasm status: skipped
  X.233 CLNP Data (compressed header):
   LRef: 0x0 Prio: 11 Flags: 0xc0
   Lifetime: 50.0 sec
   PDU Id: 0xbc6
   X.224 COTP Data Ack:
    dst_ref: 0x2325
    rseq: 5 credit: 3
    Checksum: 18 69

[2025-04-16 00:02:24 CEST] [136.675] [-3.8/-31.9 dBFS] [28.0 dB] [2.5 ppm]
4CA766 (Aircraft, Airborne) -> 11907A (Ground station): Command
AVLC type: I sseq: 2 rseq: 2 poll: 0
 X.25 Data: grp: 11 chan: 254 sseq: 7 rseq: 7 more: 0
  X.25 reasm status: skipped
  X.233 CLNP Data (compressed header):
   LRef: 0x0 Prio: 11 Flags: 0xc0
   Lifetime: 50.0 sec
   PDU Id: 0xbc7
   X.224 COTP Data:
    dst_ref: 0x2325
    sseq: 4 req_of_ack: 0 EoT: 1
    COTP reasm status: skipped
    Checksum: 29 f3
    CPDLC Downlink Message:
     Header:
      Msg ID: 4
      Msg Ref: 7
      Timestamp: 2025-04-15 22:02:23
      Logical ACK: notRequired
     Message data:
      LOGICAL ACKNOWLEDGMENT

[2025-04-16 00:02:27 CEST] [136.675] [-5.0/-31.3 dBFS] [26.2 dB] [2.5 ppm]
4CA766 (Aircraft, Airborne) -> 11907A (Ground station): Command
AVLC type: I sseq: 3 rseq: 5 poll: 0
 X.25 Data: grp: 11 chan: 254 sseq: 0 rseq: 2 more: 0
  X.25 reasm status: skipped
  X.233 CLNP Data (compressed header):
   LRef: 0x41 Prio: 11 Flags: 0xc0
   Lifetime: 50.0 sec
   PDU Id: 0xbc8
   X.224 COTP Connect Confirm:
    src_ref: 0x0015 dst_ref: 0x274a
    Initial Credit: 1
    Protocol class: 4
    Options: 00 (use normal PDU formats)
    Calling transport selector: 65 6d
    Called/responding transport selector: 02 02
    TPDU size (bytes): 1024
    Checksum: 19 bf
    Additional options: 0x00
    Ack time (ms): 1000
    Priority: 3
    Inactivity timer (ms): 360000
    X.225 Session SPDU: Short Accept
     X.227 ACSE Associate Response:
      Application context name: { 1.3.27.3.1 }
      Associate result: accept
      ATCDownlinkMessage: <empty PDU>

[2025-04-16 00:03:57 CEST] [136.675] [-8.4/-31.2 dBFS] [22.8 dB] [2.5 ppm]
4CA766 (Aircraft, Airborne) -> 11907A (Ground station): Command
AVLC type: I sseq: 5 rseq: 1 poll: 0
 X.25 Data: grp: 11 chan: 254 sseq: 2 rseq: 6 more: 0
  X.25 reasm status: skipped
  X.233 CLNP Data (compressed header):
   LRef: 0x0 Prio: 11 Flags: 0xc0
   Lifetime: 50.0 sec
   PDU Id: 0xbca
   X.224 COTP Data Ack:
    dst_ref: 0x2325
    rseq: 5 credit: 3
    Checksum: 19 b5
    Flow control:
     Acked TPDU nr: 5
     Acked subsequence: 0
     Acked credit: 15

[2025-04-16 00:04:21 CEST] [136.675] [-13.1/-31.3 dBFS] [18.2 dB] [2.4 ppm]
4CA766 (Aircraft, Airborne) -> 11907A (Ground station): Command
AVLC type: I sseq: 6 rseq: 1 poll: 0
 X.25 Data: grp: 11 chan: 254 sseq: 3 rseq: 6 more: 0
  X.25 reasm status: skipped
  X.233 CLNP Data (compressed header):
   LRef: 0x1 Prio: 11 Flags: 0xc0
   Lifetime: 50.0 sec
   PDU Id: 0xbcb
   X.224 COTP Data Ack:
    dst_ref: 0x1cc4
    rseq: 3 credit: 2
    Checksum: 33 b8

[2025-04-16 00:06:10 CEST] [136.725] [-14.3/-30.7 dBFS] [16.3 dB] [4.2 ppm]
4CA61B (Aircraft, Airborne) -> 11985A (Ground station): Command
AVLC type: I sseq: 3 rseq: 3 poll: 0
 X.25 Data: grp: 11 chan: 254 sseq: 0 rseq: 7 more: 0
  X.25 reasm status: skipped
  X.233 CLNP Data (compressed header):
   LRef: 0x41 Prio: 11 Flags: 0xc0
   Lifetime: 50.0 sec
   PDU Id: 0x670
   X.224 COTP Data:
    dst_ref: 0x231d
    sseq: 2 req_of_ack: 0 EoT: 1
    COTP reasm status: skipped
    Checksum: 80 73
    CPDLC Downlink Message:
     Header:
      Msg ID: 2
      Msg Ref: 3
      Timestamp: 2025-04-15 22:06:08
      Logical ACK: notRequired
     Message data:
      LOGICAL ACKNOWLEDGMENT

[2025-04-16 00:07:05 CEST] [136.975] [-12.4/-30.8 dBFS] [18.5 dB] [4.1 ppm]
4CA88C (Aircraft, Airborne) -> 10952A (Ground station): Command
AVLC type: I sseq: 0 rseq: 3 poll: 0
 X.25 Data: grp: 11 chan: 255 sseq: 5 rseq: 0 more: 0
  X.25 reasm status: skipped
  X.233 CLNP Data (compressed header):
   LRef: 0x41 Prio: 11 Flags: 0xc0
   Lifetime: 50.0 sec
   PDU Id: 0x49
   X.224 COTP Data Ack:
    dst_ref: 0x2315
    rseq: 4 credit: 3
    Checksum: 67 79
    Flow control:
     Acked TPDU nr: 4
     Acked subsequence: 0
     Acked credit: 15

[2025-04-16 00:07:58 CEST] [136.725] [-5.7/-30.6 dBFS] [24.9 dB] [3.8 ppm]
4CA61B (Aircraft, Airborne) -> 11985A (Ground station): Command
AVLC type: I sseq: 6 rseq: 7 poll: 0
 X.25 Data: grp: 11 chan: 254 sseq: 3 rseq: 4 more: 0
  X.25 reasm status: skipped
  X.233 CLNP Data (compressed header):
   LRef: 0x41 Prio: 11 Flags: 0xc0
   Lifetime: 50.0 sec
   PDU Id: 0x673
   X.224 COTP Data Ack:
    dst_ref: 0x231d
    rseq: 4 credit: 3
    Checksum: 3f 99
    Flow control:
     Acked TPDU nr: 4
     Acked subsequence: 0
     Acked credit: 15

[2025-04-16 00:09:30 CEST] [136.725] [-10.5/-30.8 dBFS] [20.3 dB] [3.6 ppm]
4CA61B (Aircraft, Airborne) -> 11985A (Ground station): Command
AVLC type: I sseq: 7 rseq: 0 poll: 0
 X.25 Data: grp: 11 chan: 254 sseq: 4 rseq: 5 more: 0
  X.25 reasm status: skipped
  X.233 CLNP Data (compressed header):
   LRef: 0x41 Prio: 11 Flags: 0xc0
   Lifetime: 50.0 sec
   PDU Id: 0x674
   X.224 COTP Data Ack:
    dst_ref: 0x231d
    rseq: 4 credit: 3
    Checksum: 3f 99
    Flow control:
     Acked TPDU nr: 4
     Acked subsequence: 0
     Acked credit: 15

[2025-04-16 00:09:38 CEST] [136.725] [-10.0/-31.0 dBFS] [21.0 dB] [3.4 ppm]
4D227A (Aircraft, Airborne) -> 11985A (Ground station): Command
AVLC type: I sseq: 7 rseq: 0 poll: 0
 X.25 Data: grp: 11 chan: 254 sseq: 4 rseq: 5 more: 0
  X.25 reasm status: skipped
  X.233 CLNP Data (compressed header):
   LRef: 0x42 Prio: 11 Flags: 0xc0
   Lifetime: 50.0 sec
   PDU Id: 0xa40
   X.224 COTP Data Ack:
    dst_ref: 0x231e
    rseq: 4 credit: 3
    Checksum: 3a 9d
    Flow control:
     Acked TPDU nr: 4
     Acked subsequence: 0
     Acked credit: 15

[2025-04-16 00:09:53 CEST] [136.975] [-12.5/-30.8 dBFS] [18.3 dB] [3.6 ppm]
4D234F (Aircraft, Airborne) -> 10985A (Ground station): Command
AVLC type: I sseq: 5 rseq: 6 poll: 0
 X.25 Data: grp: 11 chan: 254 sseq: 2 rseq: 3 more: 0
  X.25 reasm status: skipped
  X.233 CLNP Data (compressed header):
   LRef: 0x41 Prio: 11 Flags: 0xc0
   Lifetime: 50.0 sec
   PDU Id: 0x36c
   X.224 COTP Data Ack:
    dst_ref: 0x230f
    rseq: 2 credit: 2
    Checksum: 88 63
    Flow control:
     Acked TPDU nr: 2
     Acked subsequence: 0
     Acked credit: 15

[2025-04-16 00:10:03 CEST] [136.675] [-12.7/-33.3 dBFS] [20.6 dB] [3.9 ppm]
4D234F (Aircraft, Airborne) -> 11907A (Ground station): Command
AVLC type: U (XID) P/F: 1
 XID: Handoff Initiation
  Public params:
   Parameter set ID: 8885:1993
   Procedure classes: 00 01
   HDLC options: 20 84 80
  VDL params:
   Parameter set ID: V
   XID sequencing: seq: 6 retry: 0
   Destination airport: EGGW
   Aircraft location: 43.4N 7.5E 36000 ft
   Alternate ground stations: 12957A
   AVLC specific options: 24
   Connection management: 01

[2025-04-16 00:11:10 CEST] [136.725] [-0.7/-30.8 dBFS] [30.1 dB] [3.2 ppm]
4D227A (Aircraft, Airborne) -> 11985A (Ground station): Command
AVLC type: I sseq: 1 rseq: 2 poll: 0
 X.25 Data: grp: 11 chan: 254 sseq: 6 rseq: 7 more: 0
  X.25 reasm status: skipped
  X.233 CLNP Data (compressed header):
   LRef: 0x42 Prio: 11 Flags: 0xc0
   Lifetime: 50.0 sec
   PDU Id: 0xa42
   X.224 COTP Data Ack:
    dst_ref: 0x231e
    rseq: 4 credit: 3
    Checksum: 3a 9d
    Flow control:
     Acked TPDU nr: 4
     Acked subsequence: 0
     Acked credit: 15

[2025-04-16 00:11:11 CEST] [136.725] [-10.5/-30.8 dBFS] [20.2 dB] [2.0 ppm]
4D2248 (Aircraft, Airborne) -> 11985A (Ground station): Command
AVLC type: I sseq: 6 rseq: 7 poll: 0
 X.25 Data: grp: 11 chan: 255 sseq: 3 rseq: 4 more: 0
  X.25 reasm status: skipped
  X.233 CLNP Data (compressed header):
   LRef: 0x42 Prio: 11 Flags: 0xc0
   Lifetime: 50.0 sec
   PDU Id: 0x3c9
   X.224 COTP Data Ack:
    dst_ref: 0x2320
    rseq: 3 credit: 2
    Checksum: 40 49

[2025-04-16 00:11:11 CEST] [136.725] [-9.6/-31.0 dBFS] [21.3 dB] [2.2 ppm]
4D2248 (Aircraft, Airborne) -> 11985A (Ground station): Command
AVLC type: I sseq: 7 rseq: 7 poll: 0
 X.25 Data: grp: 11 chan: 255 sseq: 4 rseq: 4 more: 0
  X.25 reasm status: skipped
  X.233 CLNP Data (compressed header):
   LRef: 0x42 Prio: 11 Flags: 0xc0
   Lifetime: 50.0 sec
   PDU Id: 0x3ca
   X.224 COTP Data:
    dst_ref: 0x2320
    sseq: 2 req_of_ack: 0 EoT: 1
    COTP reasm status: skipped
    Checksum: 05 6b
    CPDLC Downlink Message:
     Header:
      Msg ID: 2
      Msg Ref: 3
      Timestamp: 2025-04-15 22:11:10
      Logical ACK: notRequired
     Message data:
      LOGICAL ACKNOWLEDGMENT

[2025-04-16 00:11:12 CEST] [136.675] [-13.0/-31.1 dBFS] [18.0 dB] [2.7 ppm]
406C71 (Aircraft, Airborne) -> 11907A (Ground station): Command
AVLC type: U (XID) P/F: 1
 XID: Handoff Initiation
  Public params:
   Parameter set ID: 8885:1993
   Procedure classes: 00 01
   HDLC options: 20 a4 80
  VDL params:
   Parameter set ID: V
   Connection management: 01
   XID sequencing: seq: 2 retry: 0
   AVLC specific options: 25
   Destination airport: EGKK
   Aircraft location: 44.1N 6.8E 35000 ft

[2025-04-16 00:11:25 CEST] [136.675] [-9.0/-31.2 dBFS] [22.2 dB] [3.6 ppm]
4D234F (Aircraft, Airborne) -> 11907A (Ground station): Command
AVLC type: I sseq: 2 rseq: 3 poll: 0
 X.25 Data: grp: 11 chan: 255 sseq: 0 rseq: 1 more: 0
  X.25 reasm status: skipped
  X.233 CLNP Data (compressed header):
   LRef: 0x41 Prio: 11 Flags: 0xc0
   Lifetime: 50.0 sec
   PDU Id: 0x36d
   X.224 COTP Data Ack:
    dst_ref: 0x230f
    rseq: 2 credit: 2
    Checksum: 88 63
    Flow control:
     Acked TPDU nr: 2
     Acked subsequence: 0
     Acked credit: 15

[2025-04-16 00:11:25 CEST] [136.725] [-12.2/-30.2 dBFS] [18.1 dB] [1.9 ppm]
4D2248 (Aircraft, Airborne) -> 11985A (Ground station): Command
AVLC type: I sseq: 1 rseq: 2 poll: 0
 X.25 Data: grp: 11 chan: 255 sseq: 6 rseq: 7 more: 0
  X.25 reasm status: skipped
  X.233 CLNP Data (compressed header):
   LRef: 0x42 Prio: 11 Flags: 0xc0
   Lifetime: 50.0 sec
   PDU Id: 0x3cc
   X.224 COTP Data Ack:
    dst_ref: 0x2320
    rseq: 4 credit: 3
    Checksum: 35 52

[2025-04-16 00:11:41 CEST] [136.975] [-9.6/-30.7 dBFS] [21.2 dB] [3.8 ppm]
4CA88C (Aircraft, Airborne) -> 10952A (Ground station): Command
AVLC type: I sseq: 4 rseq: 7 poll: 0
 X.25 Data: grp: 11 chan: 255 sseq: 1 rseq: 4 more: 0
  X.25 reasm status: skipped
  X.233 CLNP Data (compressed header):
   LRef: 0x41 Prio: 11 Flags: 0xc0
   Lifetime: 50.0 sec
   PDU Id: 0x4d
   X.224 COTP Data Ack:
    dst_ref: 0x2315
    rseq: 4 credit: 3
    Checksum: 67 79
    Flow control:
     Acked TPDU nr: 4
     Acked subsequence: 0
     Acked credit: 15

[2025-04-16 00:12:42 CEST] [136.725] [-12.5/-30.9 dBFS] [18.4 dB] [3.2 ppm]
4D227A (Aircraft, Airborne) -> 11985A (Ground station): Command
AVLC type: I sseq: 2 rseq: 3 poll: 0
 X.25 Data: grp: 11 chan: 254 sseq: 7 rseq: 0 more: 0
  X.25 reasm status: skipped
  X.233 CLNP Data (compressed header):
   LRef: 0x42 Prio: 11 Flags: 0xc0
   Lifetime: 50.0 sec
   PDU Id: 0xa43
   X.224 COTP Data Ack:
    dst_ref: 0x231e
    rseq: 4 credit: 3
    Checksum: 3a 9d
    Flow control:
     Acked TPDU nr: 4
     Acked subsequence: 0
     Acked credit: 15

[2025-04-16 00:12:49 CEST] [136.725] [-11.4/-30.9 dBFS] [19.4 dB] [4.1 ppm]
4402AE (Aircraft, Airborne) -> 11985A (Ground station): Command
AVLC type: I sseq: 5 rseq: 1 poll: 0
 X.25 Data: grp: 11 chan: 255 sseq: 3 rseq: 6 more: 0
  X.25 reasm status: skipped
  X.233 CLNP Data (compressed header):
   LRef: 0x41 Prio: 11 Flags: 0xf6
   Lifetime: 20.0 sec
   PDU Id: 0x2f6
   X.224 COTP Data Ack:
    dst_ref: 0x2326
    rseq: 4 credit: 3
    Flow control:
     Acked TPDU nr: 4
     Acked subsequence: 0
     Acked credit: 15
    ATN checksum: 55 ab f2 47

[2025-04-16 00:12:57 CEST] [136.725] [-0.7/-30.5 dBFS] [29.8 dB] [1.6 ppm]
4D2248 (Aircraft, Airborne) -> 11985A (Ground station): Command
AVLC type: I sseq: 2 rseq: 3 poll: 0
 X.25 Data: grp: 11 chan: 255 sseq: 7 rseq: 0 more: 0
  X.25 reasm status: skipped
  X.233 CLNP Data (compressed header):
   LRef: 0x42 Prio: 11 Flags: 0xc0
   Lifetime: 50.0 sec
   PDU Id: 0x3cd
   X.224 COTP Data Ack:
    dst_ref: 0x2320
    rseq: 4 credit: 3
    Checksum: 30 a5
    Flow control:
     Acked TPDU nr: 4
     Acked subsequence: 0
     Acked credit: 15

[2025-04-16 00:13:13 CEST] [136.975] [-8.6/-30.9 dBFS] [22.3 dB] [3.6 ppm]
4CA88C (Aircraft, Airborne) -> 10952A (Ground station): Command
AVLC type: I sseq: 5 rseq: 0 poll: 0
 X.25 Data: grp: 11 chan: 255 sseq: 2 rseq: 5 more: 0
  X.25 reasm status: skipped
  X.233 CLNP Data (compressed header):
   LRef: 0x41 Prio: 11 Flags: 0xc0
   Lifetime: 50.0 sec
   PDU Id: 0x4e
   X.224 COTP Data Ack:
    dst_ref: 0x2315
    rseq: 4 credit: 3
    Checksum: 67 79
    Flow control:
     Acked TPDU nr: 4
     Acked subsequence: 0
     Acked credit: 15

