[2025-02-24 00:00:11 CET] [136.725] [0.1/-30.9 dBFS] [31.0 dB] [2.2 ppm]
4D244A (Aircraft, Airborne) -> 11984A (Ground station): Command
AVLC type: I sseq: 3 rseq: 4 poll: 0
 X.25 Data: grp: 11 chan: 254 sseq: 0 rseq: 1 more: 0
  X.25 reasm status: skipped
  X.233 CLNP Data (compressed header):
   LRef: 0x42 Prio: 11 Flags: 0xc0
   Lifetime: 50.0 sec
   PDU Id: 0xf75
   X.224 COTP Data Ack:
    dst_ref: 0x06ca
    rseq: 4 credit: 3
    Checksum: 89 be
    Flow control:
     Acked TPDU nr: 4
     Acked subsequence: 0
     Acked credit: 15

[2025-02-24 00:00:15 CET] [136.725] [-0.4/-30.7 dBFS] [30.2 dB] [2.3 ppm]
4D244A (Aircraft, Airborne) -> 11984A (Ground station): Command
AVLC type: I sseq: 3 rseq: 4 poll: 0
 X.25 Data: grp: 11 chan: 254 sseq: 0 rseq: 1 more: 0
  X.25 reasm status: skipped
  X.233 CLNP Data (compressed header):
   LRef: 0x42 Prio: 11 Flags: 0xc0
   Lifetime: 50.0 sec
   PDU Id: 0xf75
   X.224 COTP Data Ack:
    dst_ref: 0x06ca
    rseq: 4 credit: 3
    Checksum: 89 be
    Flow control:
     Acked TPDU nr: 4
     Acked subsequence: 0
     Acked credit: 15

[2025-02-24 00:00:35 CET] [136.775] [-12.2/-30.2 dBFS] [18.0 dB] [3.1 ppm]
4D2421 (Aircraft, Airborne) -> 2654E5 (Ground station): Command
AVLC type: I sseq: 4 rseq: 4 poll: 0
 ACARS:
  Reassembly: skipped
  Reg: .9H-WAL Flight: W648VW
  Mode: 2 Label: 5U Blk id: 4 More: 0 Ack: ! Msg num: M47A
  Message:
   LIMC LIML LIMF LIME-SA

[2025-02-24 00:01:06 CET] [136.725] [-8.4/-31.5 dBFS] [23.1 dB] [3.4 ppm]
4CA7B3 (Aircraft, Airborne) -> 11985A (Ground station): Command
AVLC type: I sseq: 2 rseq: 3 poll: 0
 X.25 Data: grp: 11 chan: 254 sseq: 4 rseq: 5 more: 0
  X.25 reasm status: skipped
  X.233 CLNP Data (compressed header):
   LRef: 0x0 Prio: 11 Flags: 0xc0
   Lifetime: 50.0 sec
   PDU Id: 0x1782
   X.224 COTP Data Ack:
    dst_ref: 0x06cb
    rseq: 4 credit: 3
    Checksum: 84 c2
    Flow control:
     Acked TPDU nr: 4
     Acked subsequence: 0
     Acked credit: 15

[2025-02-24 00:01:12 CET] [136.975] [-13.6/-31.0 dBFS] [17.5 dB] [3.5 ppm]
4D2275 (Aircraft, Airborne) -> 109C2A (Ground station): Command
AVLC type: I sseq: 1 rseq: 3 poll: 0
 X.25 Data: grp: 11 chan: 255 sseq: 7 rseq: 1 more: 0
  X.25 reasm status: skipped
  X.233 CLNP Data (compressed header):
   LRef: 0x41 Prio: 11 Flags: 0xc0
   Lifetime: 50.0 sec
   PDU Id: 0x921
   X.224 COTP Data Ack:
    dst_ref: 0x06cc
    rseq: 11 credit: 4
    Checksum: 61 8e

[2025-02-24 00:01:37 CET] [136.725] [-10.2/-30.8 dBFS] [20.6 dB] [3.4 ppm]
4CA849 (Aircraft, Airborne) -> 11985A (Ground station): Command
AVLC type: I sseq: 1 rseq: 1 poll: 0
 X.25 Data: grp: 11 chan: 254 sseq: 7 rseq: 7 more: 0
  X.25 reasm status: skipped
  X.233 CLNP Data (compressed header):
   LRef: 0x41 Prio: 11 Flags: 0xc0
   Lifetime: 50.0 sec
   PDU Id: 0x7a7
   X.224 COTP Data:
    dst_ref: 0x06cf
    sseq: 3 req_of_ack: 0 EoT: 1
    COTP reasm status: skipped
    Checksum: 57 d1
    CPDLC Downlink Message:
     Header:
      Msg ID: 3
      Msg Ref: 3
      Timestamp: 2025-02-23 23:01:36
      Logical ACK: required
     Message data:
      WILCO

[2025-02-24 00:01:38 CET] [136.725] [-11.0/-30.7 dBFS] [19.7 dB] [3.4 ppm]
4CA849 (Aircraft, Airborne) -> 11985A (Ground station): Command
AVLC type: I sseq: 2 rseq: 3 poll: 0
 X.25 Data: grp: 11 chan: 254 sseq: 0 rseq: 1 more: 0
  X.25 reasm status: skipped
  X.233 CLNP Data (compressed header):
   LRef: 0x41 Prio: 11 Flags: 0xc0
   Lifetime: 50.0 sec
   PDU Id: 0x7a8
   X.224 COTP Data Ack:
    dst_ref: 0x06cf
    rseq: 4 credit: 3
    Checksum: 75 7f

[2025-02-24 00:01:43 CET] [136.725] [-10.5/-31.0 dBFS] [20.5 dB] [2.3 ppm]
4D244A (Aircraft, Airborne) -> 11984A (Ground station): Command
AVLC type: I sseq: 5 rseq: 6 poll: 0
 X.25 Data: grp: 11 chan: 254 sseq: 2 rseq: 3 more: 0
  X.25 reasm status: skipped
  X.233 CLNP Data (compressed header):
   LRef: 0x42 Prio: 11 Flags: 0xc0
   Lifetime: 50.0 sec
   PDU Id: 0xf77
   X.224 COTP Data Ack:
    dst_ref: 0x06ca
    rseq: 4 credit: 3
    Checksum: 89 be
    Flow control:
     Acked TPDU nr: 4
     Acked subsequence: 0
     Acked credit: 15

[2025-02-24 00:03:10 CET] [136.725] [-10.2/-30.9 dBFS] [20.7 dB] [3.4 ppm]
4CA849 (Aircraft, Airborne) -> 11985A (Ground station): Command
AVLC type: I sseq: 3 rseq: 4 poll: 0
 X.25 Data: grp: 11 chan: 254 sseq: 1 rseq: 2 more: 0
  X.25 reasm status: skipped
  X.233 CLNP Data (compressed header):
   LRef: 0x41 Prio: 11 Flags: 0xc0
   Lifetime: 50.0 sec
   PDU Id: 0x7a9
   X.224 COTP Data Ack:
    dst_ref: 0x06cf
    rseq: 4 credit: 3
    Checksum: 70 d2
    Flow control:
     Acked TPDU nr: 4
     Acked subsequence: 0
     Acked credit: 15

[2025-02-24 00:03:17 CET] [136.775] [-8.2/-30.6 dBFS] [22.4 dB] [2.9 ppm]
4D2421 (Aircraft, Airborne) -> 2654E5 (Ground station): Command
AVLC type: I sseq: 2 rseq: 4 poll: 0
 X.25 Data: grp: 11 chan: 255 sseq: 4 rseq: 6 more: 0
  X.25 reasm status: skipped
  X.233 CLNP Data (compressed header):
   LRef: 0x0 Prio: 11 Flags: 0xf6
   Lifetime: 20.0 sec
   PDU Id: 0x14c
   X.224 COTP Data Ack:
    dst_ref: 0x06c9
    rseq: 5 credit: 3
    Flow control:
     Acked TPDU nr: 5
     Acked subsequence: 0
     Acked credit: 15
    ATN checksum: 4b 2b 9a dc

[2025-02-24 00:03:30 CET] [136.775] [-9.6/-30.2 dBFS] [20.6 dB] [2.9 ppm]
4D2421 (Aircraft, Airborne) -> 2654E5 (Ground station): Command
AVLC type: I sseq: 3 rseq: 5 poll: 0
 X.25 Data: grp: 11 chan: 255 sseq: 5 rseq: 7 more: 0
  X.25 reasm status: skipped
  X.233 CLNP Data (compressed header):
   LRef: 0x0 Prio: 11 Flags: 0xf6
   Lifetime: 20.0 sec
   PDU Id: 0x14d
   X.224 COTP Data Ack:
    dst_ref: 0x06c9
    rseq: 6 credit: 3
    ATN checksum: 05 25 f9 7b
   X.224 COTP Data:
    dst_ref: 0x06c9
    sseq: 5 req_of_ack: 0 EoT: 1
    COTP reasm status: skipped
    ATN checksum: 95 cf 31 21
    CPDLC Downlink Message:
     Header:
      Msg ID: 5
      Msg Ref: 7
      Timestamp: 2025-02-23 23:03:29
      Logical ACK: notRequired
     Message data:
      LOGICAL ACKNOWLEDGMENT

[2025-02-24 00:03:33 CET] [136.725] [-13.0/-30.8 dBFS] [17.7 dB] [3.2 ppm]
4CA7B3 (Aircraft, Airborne) -> 11985A (Ground station): Command
AVLC type: I sseq: 6 rseq: 7 poll: 0
 X.25 Data: grp: 11 chan: 254 sseq: 7 rseq: 0 more: 0
  X.25 reasm status: skipped
  X.233 CLNP Data (compressed header):
   LRef: 0x0 Prio: 11 Flags: 0xc0
   Lifetime: 50.0 sec
   PDU Id: 0x1785
   X.224 COTP Data Ack:
    dst_ref: 0x06cb
    rseq: 5 credit: 3
    Checksum: 85 72

[2025-02-24 00:03:34 CET] [136.725] [-12.7/-30.7 dBFS] [18.0 dB] [3.2 ppm]
4CA7B3 (Aircraft, Airborne) -> 11985A (Ground station): Command
AVLC type: I sseq: 7 rseq: 7 poll: 0
 X.25 Data: grp: 11 chan: 254 sseq: 0 rseq: 0 more: 0
  X.25 reasm status: skipped
  X.233 CLNP Data (compressed header):
   LRef: 0x0 Prio: 11 Flags: 0xc0
   Lifetime: 50.0 sec
   PDU Id: 0x1786
   X.224 COTP Data:
    dst_ref: 0x06cb
    sseq: 4 req_of_ack: 0 EoT: 1
    COTP reasm status: skipped
    Checksum: a2 26
    CPDLC Downlink Message:
     Header:
      Msg ID: 4
      Msg Ref: 5
      Timestamp: 2025-02-23 23:03:33
      Logical ACK: notRequired
     Message data:
      LOGICAL ACKNOWLEDGMENT

[2025-02-24 00:03:36 CET] [136.775] [-10.4/-30.5 dBFS] [20.2 dB] [2.9 ppm]
4D2421 (Aircraft, Airborne) -> 2654E5 (Ground station): Command
AVLC type: I sseq: 4 rseq: 6 poll: 0
 X.25 Data: grp: 11 chan: 255 sseq: 6 rseq: 0 more: 0
  X.25 reasm status: skipped
  X.233 CLNP Data (compressed header):
   LRef: 0x0 Prio: 11 Flags: 0xf6
   Lifetime: 20.0 sec
   PDU Id: 0x14e
   X.224 COTP Data:
    dst_ref: 0x06c9
    sseq: 6 req_of_ack: 0 EoT: 1
    COTP reasm status: skipped
    ATN checksum: 19 a9 e8 36
    X.227 ACSE Release Response:
     Reason: normal
     CPDLC Downlink Message:
      Header:
       Msg ID: 6
       Msg Ref: 7
       Timestamp: 2025-02-23 23:03:35
       Logical ACK: notRequired
      Message data:
       WILCO

[2025-02-24 00:03:37 CET] [136.725] [-12.9/-31.1 dBFS] [18.1 dB] [3.3 ppm]
4CA7B3 (Aircraft, Airborne) -> 11985A (Ground station): Command
AVLC type: I sseq: 0 rseq: 2 poll: 0
 X.25 Data: grp: 11 chan: 254 sseq: 1 rseq: 3 more: 0
  X.25 reasm status: skipped
  X.233 CLNP Data (compressed header):
   LRef: 0x42 Prio: 11 Flags: 0xc0
   Lifetime: 50.0 sec
   PDU Id: 0x1787
   X.224 COTP Connect Confirm:
    src_ref: 0x0012 dst_ref: 0x86fb
    Initial Credit: 1
    Protocol class: 4
    Options: 00 (use normal PDU formats)
    Calling transport selector: 70 6d
    Called/responding transport selector: 02 02
    TPDU size (bytes): 1024
    Checksum: 98 30
    Additional options: 0x00
    Ack time (ms): 1000
    Priority: 3
    Inactivity timer (ms): 360000
    X.225 Session SPDU: Short Accept
     X.227 ACSE Associate Response:
      Application context name: { 1.3.27.3.1 }
      Associate result: accept
      ATCDownlinkMessage: <empty PDU>

[2025-02-24 00:03:39 CET] [136.975] [-14.1/-30.9 dBFS] [16.8 dB] [3.4 ppm]
4D2275 (Aircraft, Airborne) -> 109C2A (Ground station): Command
AVLC type: I sseq: 3 rseq: 0 poll: 0
 X.25 Data: grp: 11 chan: 255 sseq: 1 rseq: 6 more: 0
  X.25 reasm status: skipped
  X.233 CLNP Data (compressed header):
   LRef: 0x45 Prio: 11 Flags: 0xc0
   Lifetime: 50.0 sec
   PDU Id: 0x933
   X.224 COTP Data Ack:
    dst_ref: 0x9185
    rseq: 5 credit: 3
    Checksum: 9f 13

[2025-02-24 00:03:40 CET] [136.775] [-13.6/-30.5 dBFS] [16.9 dB] [2.9 ppm]
4D2421 (Aircraft, Airborne) -> 2654E5 (Ground station): Command
AVLC type: I sseq: 6 rseq: 0 poll: 0
 X.25 Data: grp: 11 chan: 255 sseq: 7 rseq: 2 more: 0
  X.25 reasm status: skipped
  X.233 CLNP Data (compressed header):
   LRef: 0x0 Prio: 11 Flags: 0xf6
   Lifetime: 20.0 sec
   PDU Id: 0x14f
   X.224 COTP Disconnect Confirm:
    src_ref: 0x003a dst_ref: 0x06c9
    ATN checksum: 2e c2 c5 56

[2025-02-24 00:04:19 CET] [136.725] [-8.4/-30.9 dBFS] [22.5 dB] [3.3 ppm]
4CA7B3 (Aircraft, Airborne) -> 11985A (Ground station): Command
AVLC type: I sseq: 1 rseq: 4 poll: 0
 X.25 Data: grp: 11 chan: 254 sseq: 2 rseq: 5 more: 0
  X.25 reasm status: skipped
  X.233 CLNP Data (compressed header):
   LRef: 0x0 Prio: 11 Flags: 0xc0
   Lifetime: 50.0 sec
   PDU Id: 0x1788
   X.224 COTP Data Ack:
    dst_ref: 0x06cb
    rseq: 6 credit: 3
    Checksum: 81 75

[2025-02-24 00:04:19 CET] [136.725] [-8.7/-31.0 dBFS] [22.4 dB] [3.2 ppm]
4CA7B3 (Aircraft, Airborne) -> 11985A (Ground station): Command
AVLC type: I sseq: 2 rseq: 4 poll: 0
 X.25 Data: grp: 11 chan: 254 sseq: 3 rseq: 5 more: 0
  X.25 reasm status: skipped
  X.233 CLNP Data (compressed header):
   LRef: 0x0 Prio: 11 Flags: 0xc0
   Lifetime: 50.0 sec
   PDU Id: 0x1789
   X.224 COTP Data:
    dst_ref: 0x06cb
    sseq: 5 req_of_ack: 0 EoT: 1
    COTP reasm status: skipped
    Checksum: 9b ec
    X.227 ACSE Release Response:
     Reason: normal
     ATCDownlinkMessage: <empty PDU>

[2025-02-24 00:04:20 CET] [136.725] [-8.6/-31.1 dBFS] [22.5 dB] [3.2 ppm]
4CA7B3 (Aircraft, Airborne) -> 11985A (Ground station): Command
AVLC type: I sseq: 3 rseq: 4 poll: 0
 X.25 Data: grp: 11 chan: 254 sseq: 4 rseq: 5 more: 0
  X.25 reasm status: skipped
  X.233 CLNP Data (compressed header):
   LRef: 0x42 Prio: 11 Flags: 0xc0
   Lifetime: 50.0 sec
   PDU Id: 0x178a
   X.224 COTP Data:
    dst_ref: 0x86fb
    sseq: 0 req_of_ack: 0 EoT: 1
    COTP reasm status: skipped
    Checksum: 1e df
    CPDLC Downlink Message:
     Header:
      Msg ID: 0
      Timestamp: 2025-02-23 23:04:19
      Logical ACK: required
     Message data:
      CURRENT DATA AUTHORITY

[2025-02-24 00:04:21 CET] [136.725] [-8.3/-30.8 dBFS] [22.5 dB] [3.1 ppm]
4CA7B3 (Aircraft, Airborne) -> 11985A (Ground station): Command
AVLC type: I sseq: 4 rseq: 7 poll: 0
 X.25 Data: grp: 11 chan: 254 sseq: 5 rseq: 7 more: 0
  X.25 reasm status: skipped
  X.233 CLNP Data (compressed header):
   LRef: 0x0 Prio: 11 Flags: 0xc0
   Lifetime: 50.0 sec
   PDU Id: 0x178b
   X.224 COTP Disconnect Confirm:
    src_ref: 0x0011 dst_ref: 0x06cb
    Checksum: 24 69

[2025-02-24 00:04:25 CET] [136.725] [-9.1/-30.2 dBFS] [21.2 dB] [3.1 ppm]
4CA7B3 (Aircraft, Airborne) -> 11985A (Ground station): Command
AVLC type: I sseq: 5 rseq: 0 poll: 0
 X.25 Data: grp: 11 chan: 254 sseq: 6 rseq: 1 more: 0
  X.25 reasm status: skipped
  X.233 CLNP Data (compressed header):
   LRef: 0x42 Prio: 11 Flags: 0xc0
   Lifetime: 50.0 sec
   PDU Id: 0x178c
   X.224 COTP Data Ack:
    dst_ref: 0x86fb
    rseq: 1 credit: 2
    Checksum: a8 a3

[2025-02-24 00:04:28 CET] [136.725] [-7.9/-30.8 dBFS] [22.9 dB] [3.2 ppm]
4CA7B3 (Aircraft, Airborne) -> 11985A (Ground station): Command
AVLC type: I sseq: 6 rseq: 1 poll: 0
 X.25 Data: grp: 11 chan: 254 sseq: 7 rseq: 2 more: 0
  X.25 reasm status: skipped
  X.233 CLNP Data (compressed header):
   LRef: 0x42 Prio: 11 Flags: 0xc0
   Lifetime: 50.0 sec
   PDU Id: 0x178d
   X.224 COTP Data Ack:
    dst_ref: 0x86fb
    rseq: 2 credit: 2
    Checksum: a4 a6

[2025-02-24 00:04:29 CET] [136.725] [-7.7/-30.6 dBFS] [22.9 dB] [3.2 ppm]
4CA7B3 (Aircraft, Airborne) -> 11985A (Ground station): Command
AVLC type: I sseq: 7 rseq: 1 poll: 0
 X.25 Data: grp: 11 chan: 254 sseq: 0 rseq: 2 more: 0
  X.25 reasm status: skipped
  X.233 CLNP Data (compressed header):
   LRef: 0x42 Prio: 11 Flags: 0xc0
   Lifetime: 50.0 sec
   PDU Id: 0x178e
   X.224 COTP Data:
    dst_ref: 0x86fb
    sseq: 1 req_of_ack: 0 EoT: 1
    COTP reasm status: skipped
    Checksum: 7a d0
    CPDLC Downlink Message:
     Header:
      Msg ID: 1
      Msg Ref: 1
      Timestamp: 2025-02-23 23:04:28
      Logical ACK: notRequired
     Message data:
      LOGICAL ACKNOWLEDGMENT

[2025-02-24 00:04:42 CET] [136.725] [-0.0/-30.6 dBFS] [30.6 dB] [3.2 ppm]
4CA849 (Aircraft, Airborne) -> 11985A (Ground station): Command
AVLC type: I sseq: 5 rseq: 6 poll: 0
 X.25 Data: grp: 11 chan: 254 sseq: 3 rseq: 4 more: 0
  X.25 reasm status: skipped
  X.233 CLNP Data (compressed header):
   LRef: 0x41 Prio: 11 Flags: 0xc0
   Lifetime: 50.0 sec
   PDU Id: 0x7ab
   X.224 COTP Data Ack:
    dst_ref: 0x06cf
    rseq: 4 credit: 3
    Checksum: 70 d2
    Flow control:
     Acked TPDU nr: 4
     Acked subsequence: 0
     Acked credit: 15

[2025-02-24 00:05:26 CET] [136.725] [-8.6/-30.6 dBFS] [22.0 dB] [3.2 ppm]
4CA7B3 (Aircraft, Airborne) -> 11985A (Ground station): Command
AVLC type: I sseq: 0 rseq: 3 poll: 0
 X.25 Data: grp: 11 chan: 254 sseq: 1 rseq: 4 more: 0
  X.25 reasm status: skipped
  X.233 CLNP Data (compressed header):
   LRef: 0x42 Prio: 11 Flags: 0xc0
   Lifetime: 50.0 sec
   PDU Id: 0x178f
   X.224 COTP Data Ack:
    dst_ref: 0x86fb
    rseq: 3 credit: 2
    Checksum: a0 a9

[2025-02-24 00:05:27 CET] [136.725] [-8.8/-30.4 dBFS] [21.6 dB] [3.1 ppm]
4CA7B3 (Aircraft, Airborne) -> 11985A (Ground station): Command
AVLC type: I sseq: 1 rseq: 3 poll: 0
 X.25 Data: grp: 11 chan: 254 sseq: 2 rseq: 4 more: 0
  X.25 reasm status: skipped
  X.233 CLNP Data (compressed header):
   LRef: 0x42 Prio: 11 Flags: 0xc0
   Lifetime: 50.0 sec
   PDU Id: 0x1790
   X.224 COTP Data:
    dst_ref: 0x86fb
    sseq: 2 req_of_ack: 0 EoT: 1
    COTP reasm status: skipped
    Checksum: 8f ba
    CPDLC Downlink Message:
     Header:
      Msg ID: 2
      Msg Ref: 2
      Timestamp: 2025-02-23 23:05:25
      Logical ACK: notRequired
     Message data:
      LOGICAL ACKNOWLEDGMENT

[2025-02-24 00:06:14 CET] [136.725] [-11.9/-31.2 dBFS] [19.3 dB] [3.3 ppm]
4CA849 (Aircraft, Airborne) -> 11985A (Ground station): Command
AVLC type: I sseq: 6 rseq: 7 poll: 0
 X.25 Data: grp: 11 chan: 254 sseq: 4 rseq: 5 more: 0
  X.25 reasm status: skipped
  X.233 CLNP Data (compressed header):
   LRef: 0x41 Prio: 11 Flags: 0xc0
   Lifetime: 50.0 sec
   PDU Id: 0x7ac
   X.224 COTP Data Ack:
    dst_ref: 0x06cf
    rseq: 4 credit: 3
    Checksum: 70 d2
    Flow control:
     Acked TPDU nr: 4
     Acked subsequence: 0
     Acked credit: 15

