[2025-01-12 00:05:47 CET] [136.725] [-9.1/-30.1 dBFS] [21.0 dB] [2.5 ppm]
4D251C (Aircraft, Airborne) -> 11985A (Ground station): Command
AVLC type: I sseq: 5 rseq: 7 poll: 0
 X.25 Data: grp: 11 chan: 255 sseq: 2 rseq: 4 more: 0
  X.25 reasm status: skipped
  X.233 CLNP Data (compressed header):
   LRef: 0x41 Prio: 11 Flags: 0xc0
   Lifetime: 50.0 sec
   PDU Id: 0x567
   X.224 COTP Connect Confirm:
    src_ref: 0x0012 dst_ref: 0x8db9
    Initial Credit: 1
    Protocol class: 4
    Options: 00 (use normal PDU formats)
    Calling transport selector: 70 6d
    Called/responding transport selector: 02 02
    TPDU size (bytes): 1024
    Checksum: fe 5c
    Additional options: 0x00
    Ack time (ms): 1000
    Priority: 3
    Inactivity timer (ms): 360000
    X.225 Session SPDU: Short Accept
     X.227 ACSE Associate Response:
      Application context name: { 1.3.27.3.1 }
      Associate result: accept
      ATCDownlinkMessage: <empty PDU>

[2025-01-12 00:05:48 CET] [136.725] [-8.8/-30.2 dBFS] [21.4 dB] [2.7 ppm]
4D251C (Aircraft, Airborne) -> 11985A (Ground station): Command
AVLC type: I sseq: 6 rseq: 0 poll: 0
 X.25 Data: grp: 11 chan: 255 sseq: 3 rseq: 5 more: 0
  X.25 reasm status: skipped
  X.233 CLNP Data (compressed header):
   LRef: 0x41 Prio: 11 Flags: 0xc0
   Lifetime: 50.0 sec
   PDU Id: 0x568
   X.224 COTP Data:
    dst_ref: 0x8db9
    sseq: 0 req_of_ack: 0 EoT: 1
    COTP reasm status: skipped
    Checksum: 55 40
    CPDLC Downlink Message:
     Header:
      Msg ID: 0
      Timestamp: 2025-01-11 23:05:46
      Logical ACK: required
     Message data:
      CURRENT DATA AUTHORITY

[2025-01-12 00:05:50 CET] [136.725] [-7.7/-30.4 dBFS] [22.8 dB] [2.4 ppm]
4D251C (Aircraft, Airborne) -> 11985A (Ground station): Command
AVLC type: I sseq: 7 rseq: 2 poll: 0
 X.25 Data: grp: 11 chan: 255 sseq: 4 rseq: 7 more: 0
  X.25 reasm status: skipped
  X.233 CLNP Data (compressed header):
   LRef: 0x41 Prio: 11 Flags: 0xc0
   Lifetime: 50.0 sec
   PDU Id: 0x569
   X.224 COTP Data Ack:
    dst_ref: 0x8db9
    rseq: 1 credit: 2
    Checksum: c9 bd

[2025-01-12 00:05:52 CET] [136.725] [-7.8/-30.2 dBFS] [22.4 dB] [2.6 ppm]
4D251C (Aircraft, Airborne) -> 11985A (Ground station): Command
AVLC type: I sseq: 0 rseq: 3 poll: 0
 X.25 Data: grp: 11 chan: 255 sseq: 5 rseq: 0 more: 0
  X.25 reasm status: skipped
  X.233 CLNP Data (compressed header):
   LRef: 0x41 Prio: 11 Flags: 0xc0
   Lifetime: 50.0 sec
   PDU Id: 0x56a
   X.224 COTP Data Ack:
    dst_ref: 0x8db9
    rseq: 2 credit: 2
    Checksum: c5 c0

[2025-01-12 00:05:52 CET] [136.725] [-7.7/-30.0 dBFS] [22.3 dB] [2.6 ppm]
4D251C (Aircraft, Airborne) -> 11985A (Ground station): Command
AVLC type: I sseq: 1 rseq: 3 poll: 0
 X.25 Data: grp: 11 chan: 255 sseq: 6 rseq: 0 more: 0
  X.25 reasm status: skipped
  X.233 CLNP Data (compressed header):
   LRef: 0x41 Prio: 11 Flags: 0xc0
   Lifetime: 50.0 sec
   PDU Id: 0x56b
   X.224 COTP Data:
    dst_ref: 0x8db9
    sseq: 1 req_of_ack: 0 EoT: 1
    COTP reasm status: skipped
    Checksum: bd aa
    CPDLC Downlink Message:
     Header:
      Msg ID: 1
      Msg Ref: 1
      Timestamp: 2025-01-11 23:05:51
      Logical ACK: notRequired
     Message data:
      LOGICAL ACKNOWLEDGMENT

