[2025-04-23 00:00:28 CEST] [136.875] [-2.6/-31.2 dBFS] [28.6 dB] [1.1 ppm]
3991E7 (Aircraft, Airborne) -> 266661 (Ground station): Command
AVLC type: I sseq: 6 rseq: 4 poll: 0
 X.25 Data: grp: 11 chan: 255 sseq: 6 rseq: 2 more: 0
  X.25 reasm status: skipped
  X.233 CLNP Data (compressed header):
   LRef: 0x43 Prio: 11 Flags: 0xf6
   Lifetime: 20.0 sec
   PDU Id: 0x157
   X.224 COTP Data Ack:
    dst_ref: 0xb929
    rseq: 6 credit: 3
    Flow control:
     Acked TPDU nr: 6
     Acked subsequence: 0
     Acked credit: 15
    ATN checksum: 71 51 ae 79

[2025-04-23 00:01:07 CEST] [136.725] [-10.0/-31.0 dBFS] [21.0 dB] [3.0 ppm]
4CAC23 (Aircraft, Airborne) -> 11985A (Ground station): Command
AVLC type: I sseq: 4 rseq: 5 poll: 0
 X.25 Data: grp: 11 chan: 255 sseq: 1 rseq: 2 more: 0
  X.25 reasm status: skipped
  X.233 CLNP Data (compressed header):
   LRef: 0x0 Prio: 11 Flags: 0xc0
   Lifetime: 50.0 sec
   PDU Id: 0x15f7
   X.224 COTP Data Ack:
    dst_ref: 0xb927
    rseq: 5 credit: 3
    Checksum: 87 ae
    Flow control:
     Acked TPDU nr: 5
     Acked subsequence: 0
     Acked credit: 15

[2025-04-23 00:01:30 CEST] [136.725] [-2.1/-30.9 dBFS] [28.9 dB] [2.5 ppm]
4D244B (Aircraft, Airborne) -> 11984A (Ground station): Command
AVLC type: I sseq: 2 rseq: 2 poll: 0
 X.25 Data: grp: 11 chan: 254 sseq: 4 rseq: 5 more: 0
  X.25 reasm status: skipped
  X.233 CLNP Data (compressed header):
   LRef: 0x43 Prio: 11 Flags: 0xc0
   Lifetime: 50.0 sec
   PDU Id: 0x1ee1
   X.224 COTP Data Ack:
    dst_ref: 0xb91f
    rseq: 4 credit: 3
    Checksum: ad 92
    Flow control:
     Acked TPDU nr: 4
     Acked subsequence: 0
     Acked credit: 15

[2025-04-23 00:01:43 CEST] [136.725] [-9.5/-30.5 dBFS] [21.0 dB] [2.9 ppm]
4CAC23 (Aircraft, Airborne) -> 11985A (Ground station): Command
AVLC type: I sseq: 5 rseq: 6 poll: 0
 X.25 Data: grp: 11 chan: 255 sseq: 2 rseq: 3 more: 0
  X.25 reasm status: skipped
  X.233 CLNP Data (compressed header):
   LRef: 0x0 Prio: 11 Flags: 0xc0
   Lifetime: 50.0 sec
   PDU Id: 0x15f8
   X.224 COTP Data Ack:
    dst_ref: 0xb927
    rseq: 6 credit: 3
    Checksum: 82 65

[2025-04-23 00:01:43 CEST] [136.725] [-8.8/-30.6 dBFS] [21.8 dB] [2.9 ppm]
4CAC23 (Aircraft, Airborne) -> 11985A (Ground station): Command
AVLC type: I sseq: 6 rseq: 6 poll: 0
 X.25 Data: grp: 11 chan: 255 sseq: 3 rseq: 3 more: 0
  X.25 reasm status: skipped
  X.233 CLNP Data (compressed header):
   LRef: 0x0 Prio: 11 Flags: 0xc0
   Lifetime: 50.0 sec
   PDU Id: 0x15f9
   X.224 COTP Data:
    dst_ref: 0xb927
    sseq: 5 req_of_ack: 0 EoT: 1
    COTP reasm status: skipped
    Checksum: 43 61
    CPDLC Downlink Message:
     Header:
      Msg ID: 5
      Msg Ref: 6
      Timestamp: 2025-04-22 22:01:42
      Logical ACK: notRequired
     Message data:
      LOGICAL ACKNOWLEDGMENT

[2025-04-23 00:01:52 CEST] [136.725] [-10.3/-31.0 dBFS] [20.7 dB] [2.9 ppm]
4CAC23 (Aircraft, Airborne) -> 11985A (Ground station): Command
AVLC type: I sseq: 0 rseq: 0 poll: 0
 X.25 Data: grp: 11 chan: 255 sseq: 5 rseq: 5 more: 0
  X.25 reasm status: skipped
  X.233 CLNP Data (compressed header):
   LRef: 0x0 Prio: 11 Flags: 0xc0
   Lifetime: 50.0 sec
   PDU Id: 0x15fb
   X.224 COTP Data:
    dst_ref: 0xb927
    sseq: 6 req_of_ack: 0 EoT: 1
    COTP reasm status: skipped
    Checksum: 3c fb
    CPDLC Downlink Message:
     Header:
      Msg ID: 6
      Msg Ref: 6
      Timestamp: 2025-04-22 22:01:51
      Logical ACK: required
     Message data:
      WILCO

[2025-04-23 00:01:54 CEST] [136.725] [-11.5/-31.1 dBFS] [19.7 dB] [2.7 ppm]
4CAC23 (Aircraft, Airborne) -> 11985A (Ground station): Command
AVLC type: I sseq: 1 rseq: 2 poll: 0
 X.25 Data: grp: 11 chan: 255 sseq: 6 rseq: 7 more: 0
  X.25 reasm status: skipped
  X.233 CLNP Data (compressed header):
   LRef: 0x0 Prio: 11 Flags: 0xc0
   Lifetime: 50.0 sec
   PDU Id: 0x15fc
   X.224 COTP Data Ack:
    dst_ref: 0xb927
    rseq: 7 credit: 3
    Checksum: 7e 68

[2025-04-23 00:01:55 CEST] [136.675] [-8.0/-31.1 dBFS] [23.1 dB] [1.0 ppm]
4D2417 (Aircraft, Airborne) -> 11907A (Ground station): Command
AVLC type: I sseq: 3 rseq: 5 poll: 0
 X.25 Data: grp: 11 chan: 255 sseq: 1 rseq: 3 more: 0
  X.25 reasm status: skipped
  X.233 CLNP Data (compressed header):
   LRef: 0x42 Prio: 11 Flags: 0xf6
   Lifetime: 20.0 sec
   PDU Id: 0x50
   X.224 COTP Data Ack:
    dst_ref: 0xb92d
    rseq: 4 credit: 3
    Flow control:
     Acked TPDU nr: 4
     Acked subsequence: 0
     Acked credit: 15
    ATN checksum: 28 0e 51 7e

[2025-04-23 00:02:00 CEST] [136.975] [-3.1/-31.3 dBFS] [28.1 dB] [1.0 ppm]
3991E7 (Aircraft, Airborne) -> 26CA77 (Ground station): Command
AVLC type: U (XID) P/F: 1
 XID: Handoff Initiation
  Public params:
   Parameter set ID: 8885:1993
   Procedure classes: 00 01
   HDLC options: 20 a4 80
  VDL params:
   Parameter set ID: V
   Connection management: 01
   XID sequencing: seq: 6 retry: 0
   AVLC specific options: 25
   Destination airport: LFMN
   Aircraft location: 44.0N 5.6E 26000 ft

[2025-04-23 00:02:28 CEST] [136.975] [-6.1/-30.8 dBFS] [24.7 dB] [0.8 ppm]
3991E7 (Aircraft, Airborne) -> 26CA77 (Ground station): Command
AVLC type: I sseq: 2 rseq: 2 poll: 0
 X.25 Data: grp: 11 chan: 255 sseq: 0 rseq: 0 more: 0
  X.25 reasm status: skipped
  X.233 CLNP Data (compressed header):
   LRef: 0x43 Prio: 11 Flags: 0xf6
   Lifetime: 20.0 sec
   PDU Id: 0x158
   X.224 COTP Data Ack:
    dst_ref: 0xb929
    rseq: 6 credit: 3
    ATN checksum: 35 7e be 2c

[2025-04-23 00:02:54 CEST] [136.975] [-7.5/-31.3 dBFS] [23.8 dB] [1.1 ppm]
3991E7 (Aircraft, Airborne) -> 26CA77 (Ground station): Command
AVLC type: I sseq: 4 rseq: 4 poll: 0
 X.25 Data: grp: 11 chan: 255 sseq: 2 rseq: 2 more: 0
  X.25 reasm status: skipped
  X.233 CLNP Data (compressed header):
   LRef: 0x43 Prio: 11 Flags: 0xf6
   Lifetime: 20.0 sec
   PDU Id: 0x15a
   X.224 COTP Data Ack:
    dst_ref: 0xb929
    rseq: 7 credit: 3
    ATN checksum: 8a 4b f0 d6
   X.224 COTP Data:
    dst_ref: 0xb929
    sseq: 6 req_of_ack: 0 EoT: 1
    COTP reasm status: skipped
    ATN checksum: cf 40 c6 c9
    X.227 ACSE Release Response:
     Reason: normal
     ATCDownlinkMessage: <empty PDU>

[2025-04-23 00:02:55 CEST] [136.975] [-7.3/-31.4 dBFS] [24.1 dB] [0.7 ppm]
3991E7 (Aircraft, Airborne) -> 26CA77 (Ground station): Command
AVLC type: I sseq: 6 rseq: 6 poll: 0
 X.25 Data: grp: 11 chan: 255 sseq: 3 rseq: 4 more: 0
  X.25 reasm status: skipped
  X.233 CLNP Data (compressed header):
   LRef: 0x43 Prio: 11 Flags: 0xf6
   Lifetime: 20.0 sec
   PDU Id: 0x15b
   X.224 COTP Disconnect Confirm:
    src_ref: 0x003e dst_ref: 0xb929
    ATN checksum: d2 4b ea fe

[2025-04-23 00:03:03 CEST] [136.725] [-7.6/-31.3 dBFS] [23.7 dB] [2.4 ppm]
4D244B (Aircraft, Airborne) -> 11984A (Ground station): Command
AVLC type: I sseq: 3 rseq: 3 poll: 0
 X.25 Data: grp: 11 chan: 254 sseq: 5 rseq: 6 more: 0
  X.25 reasm status: skipped
  X.233 CLNP Data (compressed header):
   LRef: 0x43 Prio: 11 Flags: 0xc0
   Lifetime: 50.0 sec
   PDU Id: 0x1ee2
   X.224 COTP Data Ack:
    dst_ref: 0xb91f
    rseq: 4 credit: 3
    Checksum: ad 92
    Flow control:
     Acked TPDU nr: 4
     Acked subsequence: 0
     Acked credit: 15

[2025-04-23 00:03:21 CEST] [136.725] [-8.9/-31.3 dBFS] [22.4 dB] [2.9 ppm]
4CAC23 (Aircraft, Airborne) -> 11985A (Ground station): Command
AVLC type: I sseq: 2 rseq: 3 poll: 0
 X.25 Data: grp: 11 chan: 255 sseq: 7 rseq: 0 more: 0
  X.25 reasm status: skipped
  X.233 CLNP Data (compressed header):
   LRef: 0x0 Prio: 11 Flags: 0xc0
   Lifetime: 50.0 sec
   PDU Id: 0x15fd
   X.224 COTP Data Ack:
    dst_ref: 0xb927
    rseq: 8 credit: 3
    Checksum: 7a 6b

[2025-04-23 00:03:21 CEST] [136.725] [-8.5/-31.2 dBFS] [22.7 dB] [2.9 ppm]
4CAC23 (Aircraft, Airborne) -> 11985A (Ground station): Command
AVLC type: I sseq: 3 rseq: 3 poll: 0
 X.25 Data: grp: 11 chan: 255 sseq: 0 rseq: 0 more: 0
  X.25 reasm status: skipped
  X.233 CLNP Data (compressed header):
   LRef: 0x0 Prio: 11 Flags: 0xc0
   Lifetime: 50.0 sec
   PDU Id: 0x15fe
   X.224 COTP Data:
    dst_ref: 0xb927
    sseq: 7 req_of_ack: 0 EoT: 1
    COTP reasm status: skipped
    Checksum: a8 b2
    CPDLC Downlink Message:
     Header:
      Msg ID: 7
      Msg Ref: 9
      Timestamp: 2025-04-22 22:03:20
      Logical ACK: notRequired
     Message data:
      LOGICAL ACKNOWLEDGMENT

[2025-04-23 00:03:35 CEST] [136.725] [-7.0/-31.6 dBFS] [24.5 dB] [2.8 ppm]
4CAC23 (Aircraft, Airborne) -> 11985A (Ground station): Command
AVLC type: I sseq: 4 rseq: 4 poll: 0
 X.25 Data: grp: 11 chan: 255 sseq: 1 rseq: 1 more: 0
  X.25 reasm status: skipped
  X.233 CLNP Data (compressed header):
   LRef: 0x0 Prio: 11 Flags: 0xc0
   Lifetime: 50.0 sec
   PDU Id: 0x15ff
   X.224 COTP Data:
    dst_ref: 0xb927
    sseq: 8 req_of_ack: 0 EoT: 1
    COTP reasm status: skipped
    Checksum: 79 ee
    X.227 ACSE Release Response:
     Reason: normal
     CPDLC Downlink Message:
      Header:
       Msg ID: 8
       Msg Ref: 9
       Timestamp: 2025-04-22 22:03:34
       Logical ACK: notRequired
      Message data:
       WILCO

[2025-04-23 00:03:36 CEST] [136.725] [-7.3/-31.5 dBFS] [24.1 dB] [2.7 ppm]
4CAC23 (Aircraft, Airborne) -> 11985A (Ground station): Command
AVLC type: I sseq: 5 rseq: 6 poll: 0
 X.25 Data: grp: 11 chan: 255 sseq: 2 rseq: 3 more: 0
  X.25 reasm status: skipped
  X.233 CLNP Data (compressed header):
   LRef: 0x0 Prio: 11 Flags: 0xc0
   Lifetime: 50.0 sec
   PDU Id: 0x1600
   X.224 COTP Disconnect Confirm:
    src_ref: 0x001e dst_ref: 0xb927
    Checksum: e1 8f

[2025-04-23 00:03:36 CEST] [136.675] [-12.9/-31.2 dBFS] [18.2 dB] [-0.5 ppm]
4D2302 (Aircraft, Airborne) -> 11907A (Ground station): Command
AVLC type: I sseq: 3 rseq: 4 poll: 0
 X.25 Data: grp: 11 chan: 255 sseq: 4 rseq: 6 more: 0
  X.25 reasm status: skipped
  X.233 CLNP Data (compressed header):
   LRef: 0x43 Prio: 11 Flags: 0xc0
   Lifetime: 50.0 sec
   PDU Id: 0x85f
   X.224 COTP Data Ack:
    dst_ref: 0xb937
    rseq: 4 credit: 3
    Checksum: 35 f2
    Flow control:
     Acked TPDU nr: 4
     Acked subsequence: 0
     Acked credit: 15

[2025-04-23 00:03:40 CEST] [136.725] [-1.6/-31.1 dBFS] [29.5 dB] [2.0 ppm]
346183 (Aircraft, Airborne) -> 11985A (Ground station): Command
AVLC type: I sseq: 3 rseq: 1 poll: 0
 ACARS:
  Reassembly: in progress
  Reg: .EC-NDA Flight: VY1520
  Mode: 2 Label: H1 Blk id: 5 More: 1 Ack: ! Msg num: D35A
  Sublabel: DF
  Message:
   A320,007282,1,1,TB000000/REP003,84,01,1/CCEC-NDA,APR22,215658,LFMN,LEBL,1520/C0TWP02VLG030101/C151,31204,4000,52,0010,0,0100,52,X/CE-043,18049,258,541,5882,300,W22G03/C21020420-2-121  /C35005496        /C45

[2025-04-23 00:03:41 CEST] [136.725] [-1.0/-31.0 dBFS] [30.0 dB] [2.2 ppm]
346183 (Aircraft, Airborne) -> 11985A (Ground station): Command
AVLC type: I sseq: 4 rseq: 2 poll: 0
 ACARS:
  Reassembly: in progress
  Reg: .EC-NDA Flight: VY1520
  Mode: 2 Label: H1 Blk id: 6 More: 1 Ack: ! Msg num: D35B
  Sublabel: DF
  Message:
   321231-23     /C55321160-07     /C61020420-2-121  /C75006504        /C85321231-23     /C95321160-07     /EE771037,00211,00127,17961,258,541,389/EC771327,00072,00039/F10019,0074,0047,-041/G10018,0074,0037/H1

[2025-04-23 00:03:45 CEST] [136.725] [-1.8/-31.0 dBFS] [29.2 dB] [2.1 ppm]
346183 (Aircraft, Airborne) -> 11985A (Ground station): Command
AVLC type: I sseq: 5 rseq: 3 poll: 0
 ACARS:
  Reassembly: in progress
  Reg: .EC-NDA Flight: VY1520
  Mode: 2 Label: H1 Blk id: 7 More: 1 Ack: ! Msg num: D35C
  Sublabel: DF
  Message:
   08647,08632,08947,08638,08966,07868/I108631,08630,08931,08638,08989,07889/J109202,08474,4615,02147,04704,1265/K109202,08310,4489,02042,04431,5838/L10075,1170,0038,0023,0010,0010,007/M10074,1029,0057,0018,00

[2025-04-23 00:03:46 CEST] [136.725] [-2.3/-31.2 dBFS] [29.0 dB] [2.1 ppm]
346183 (Aircraft, Airborne) -> 11985A (Ground station): Command
AVLC type: I sseq: 6 rseq: 4 poll: 0
 ACARS:
  Reassembly: in progress
  Reg: .EC-NDA Flight: VY1520
  Mode: 2 Label: H1 Blk id: 8 More: 1 Ack: ! Msg num: D35D
  Sublabel: DF
  Message:
   05,0007,003/N10022,08646,-188,0017,133,0590,012/O10027,08629,-188,0030,135,0521,012/P15716,331596,116,17742,0864,02150,027/Q15730,336865,116,17333,0876,02126,020/R10000,0002,0002,0001,0001,0001,0001/S10000,

[2025-04-23 00:03:47 CEST] [136.725] [-2.3/-30.9 dBFS] [28.6 dB] [2.0 ppm]
346183 (Aircraft, Airborne) -> 11985A (Ground station): Command
AVLC type: I sseq: 7 rseq: 5 poll: 0
 ACARS:
  Reassembly: in progress
  Reg: .EC-NDA Flight: VY1520
  Mode: 2 Label: H1 Blk id: 9 More: 1 Ack: ! Msg num: D35E
  Sublabel: DF
  Message:
   0004,0001,0001,0001,0001,0002/T10076,0806,0781,1874,0155,0098,1025/U10074,0820,0783,1815,0112,0080,5192/V124936,09069,00005,074,09758,1002/W124521,09040,00009,074,09744,0987/X10666,0106,0023,-043,00223,0069

[2025-04-23 00:03:48 CEST] [136.725] [-2.6/-30.9 dBFS] [28.3 dB] [2.2 ppm]
346183 (Aircraft, Airborne) -> 11985A (Ground station): Command
AVLC type: I sseq: 0 rseq: 6 poll: 0
 ACARS:
  Reassembly: in progress
  Reg: .EC-NDA Flight: VY1520
  Mode: 2 Label: H1 Blk id: 0 More: 1 Ack: ! Msg num: D35F
  Sublabel: DF
  Message:
   /Y10670,0106,0026,-045,00222,0084/Z10364,0003,031,0922,00000,00000/1F0371,0003,031,0939,00000,00000/1G0249,0727,0818,001,003,005,-085/1H0249,0752,0816,000,002,003,-068/1J0600,00806,0219,-300,0000,001,004/1K

[2025-04-23 00:03:49 CEST] [136.725] [-2.4/-31.0 dBFS] [28.6 dB] [2.1 ppm]
346183 (Aircraft, Airborne) -> 11985A (Ground station): Command
AVLC type: I sseq: 1 rseq: 7 poll: 0
 ACARS:
  Reassembly: in progress
  Reg: .EC-NDA Flight: VY1520
  Mode: 2 Label: H1 Blk id: 1 More: 1 Ack: ! Msg num: D35G
  Sublabel: DF
  Message:
   0592,00820,0227,-300,0000,001,003/1L00000,00000,00000,00000,0155,0010/1M00000,00000,00000,00000,0112,0006/1N0004,0001,00000,00000,00000,13435/1O0004,0006,00000,00000,00000,13100/1P0601,540/1Q0592,540/1R2228

[2025-04-23 00:03:50 CEST] [136.725] [-3.8/-31.4 dBFS] [27.6 dB] [2.1 ppm]
346183 (Aircraft, Airborne) -> 11985A (Ground station): Command
AVLC type: I sseq: 2 rseq: 0 poll: 0
 ACARS:
  Reassembly: in progress
  Reg: .EC-NDA Flight: VY1520
  Mode: 2 Label: H1 Blk id: 2 More: 1 Ack: ! Msg num: D35H
  Sublabel: DF
  Message:
   0,18222,042C0,00000,00040,00000/1S22280,18002,042C0,00000,00040,00000/1T00000,0000C,04000,100C0,XXXXX,10000/1U00000,0000C,04000,100C0,56240,10000/1V00000,00000,XXXXX,00000,08000,00000/1W00000,00000,XXXXX,00

[2025-04-23 00:03:51 CEST] [136.725] [-3.5/-31.3 dBFS] [27.8 dB] [2.1 ppm]
346183 (Aircraft, Airborne) -> 11985A (Ground station): Command
AVLC type: I sseq: 3 rseq: 1 poll: 0
 ACARS:
  Reassembly: in progress
  Reg: .EC-NDA Flight: VY1520
  Mode: 2 Label: H1 Blk id: 3 More: 1 Ack: ! Msg num: D35I
  Sublabel: DF
  Message:
   000,08000,00000/1X00000,XXXXX,XXXXX,00000,00000,XXXXX/1Y40000,XXXXX,XXXXX,00000,00000,XXXXX/1Z00041,40080,00000,00000,XXXXX,XXXXX/AA00041,40080,00000,00000,XXXXX,XXXXX/AB01600,30000,00004,00000,XXXXX,05500/

[2025-04-23 00:03:51 CEST] [136.725] [-3.4/-31.3 dBFS] [27.9 dB] [2.1 ppm]
346183 (Aircraft, Airborne) -> 11985A (Ground station): Command
AVLC type: I sseq: 4 rseq: 2 poll: 0
 X.25 Data: grp: 11 chan: 255 sseq: 1 rseq: 4 more: 0
  X.25 reasm status: skipped
  X.233 CLNP Data (compressed header):
   LRef: 0x42 Prio: 11 Flags: 0xf6
   Lifetime: 20.0 sec
   PDU Id: 0x65
   X.224 COTP Data Ack:
    dst_ref: 0xb939
    rseq: 4 credit: 3
    Flow control:
     Acked TPDU nr: 4
     Acked subsequence: 0
     Acked credit: 15
    ATN checksum: bd c0 a9 40

[2025-04-23 00:03:52 CEST] [136.725] [-3.0/-31.1 dBFS] [28.0 dB] [1.9 ppm]
346183 (Aircraft, Airborne) -> 11985A (Ground station): Command
AVLC type: I sseq: 5 rseq: 3 poll: 0
 ACARS:
  Reassembly: complete
  Reg: .EC-NDA Flight: VY1520
  Mode: 2 Label: H1 Blk id: 4 More: 0 Ack: ! Msg num: D35J
  Sublabel: DF
  Message:
   A320,007282,1,1,TB000000/REP003,84,01,1/CCEC-NDA,APR22,215658,LFMN,LEBL,1520/C0TWP02VLG030101/C151,31204,4000,52,0010,0,0100,52,X/CE-043,18049,258,541,5882,300,W22G03/C21020420-2-121  /C35005496        /C45321231-23     /C55321160-07     /C61020420-2-121  /C75006504        /C85321231-23     /C95321160-07     /EE771037,00211,00127,17961,258,541,389/EC771327,00072,00039/F10019,0074,0047,-041/G10018,0074,0037/H108647,08632,08947,08638,08966,07868/I108631,08630,08931,08638,08989,07889/J109202,08474,4615,02147,04704,1265/K109202,08310,4489,02042,04431,5838/L10075,1170,0038,0023,0010,0010,007/M10074,1029,0057,0018,0005,0007,003/N10022,08646,-188,0017,133,0590,012/O10027,08629,-188,0030,135,0521,012/P15716,331596,116,17742,0864,02150,027/Q15730,336865,116,17333,0876,02126,020/R10000,0002,0002,0001,0001,0001,0001/S10000,0004,0001,0001,0001,0001,0002/T10076,0806,0781,1874,0155,0098,1025/U10074,0820,0783,1815,0112,0080,5192/V124936,09069,00005,074,09758,1002/W124521,09040,00009,074,09744,0987/X10666,0106,0023,-043,00223,0069/Y10670,0106,0026,-045,00222,0084/Z10364,0003,031,0922,00000,00000/1F0371,0003,031,0939,00000,00000/1G0249,0727,0818,001,003,005,-085/1H0249,0752,0816,000,002,003,-068/1J0600,00806,0219,-300,0000,001,004/1K0592,00820,0227,-300,0000,001,003/1L00000,00000,00000,00000,0155,0010/1M00000,00000,00000,00000,0112,0006/1N0004,0001,00000,00000,00000,13435/1O0004,0006,00000,00000,00000,13100/1P0601,540/1Q0592,540/1R22280,18222,042C0,00000,00040,00000/1S22280,18002,042C0,00000,00040,00000/1T00000,0000C,04000,100C0,XXXXX,10000/1U00000,0000C,04000,100C0,56240,10000/1V00000,00000,XXXXX,00000,08000,00000/1W00000,00000,XXXXX,00000,08000,00000/1X00000,XXXXX,XXXXX,00000,00000,XXXXX/1Y40000,XXXXX,XXXXX,00000,00000,XXXXX/1Z00041,40080,00000,00000,XXXXX,XXXXX/AA00041,40080,00000,00000,XXXXX,XXXXX/AB01600,30000,00004,00000,XXXXX,05500/AC01600,38000,00004,00000,00B12,05500/AD4A064,-----,-----,-----,XXXXX/AE2A864,-----,-----,-----,XXXXX/:

[2025-04-23 00:03:58 CEST] [136.975] [-10.5/-31.3 dBFS] [20.8 dB] [2.5 ppm]
4CAC23 (Aircraft, Airborne) -> 10985A (Ground station): Command
AVLC type: U (XID) P/F: 1
 XID: Handoff Initiation
  Public params:
   Parameter set ID: 8885:1993
   Procedure classes: 00 01
   HDLC options: 20 84 80
  VDL params:
   Parameter set ID: V
   XID sequencing: seq: 5 retry: 0
   Destination airport: LIME
   Aircraft location: 43.6N 7.3E 36000 ft
   Alternate ground stations: 10952A
   AVLC specific options: 24
   Connection management: 01

[2025-04-23 00:05:02 CEST] [136.975] [-3.3/-31.4 dBFS] [28.0 dB] [0.6 ppm]
3991E7 (Aircraft, Airborne) -> 26CA77 (Ground station): Command
AVLC type: I sseq: 0 rseq: 0 poll: 0
 ACARS:
  Reassembly: skipped
  Reg: .F-HEPH Flight: AF83BN
  Mode: 2 Label: 26 Blk id: 9 More: 0 Ack: ! Msg num: M90A
  Message:
   2205LFPGAF7314/222220LFMN04R

[2025-04-23 00:05:04 CEST] [136.975] [-3.5/-31.4 dBFS] [27.9 dB] [0.5 ppm]
3991E7 (Aircraft, Airborne) -> 26CA77 (Ground station): Command
AVLC type: I sseq: 1 rseq: 1 poll: 0
 ACARS:
  Reassembly: skipped
  Reg: .F-HEPH Flight: AF83BN
  Mode: 2 Label: B9 Blk id: 0 More: 0 Ack: ! Msg num: J23A
  Message:
   /LFMN.TI2/000LFMNA2428

[2025-04-23 00:05:23 CEST] [136.725] [-8.9/-30.9 dBFS] [22.0 dB] [1.9 ppm]
346183 (Aircraft, Airborne) -> 11985A (Ground station): Command
AVLC type: I sseq: 6 rseq: 5 poll: 0
 X.25 Data: grp: 11 chan: 255 sseq: 2 rseq: 5 more: 0
  X.25 reasm status: skipped
  X.233 CLNP Data (compressed header):
   LRef: 0x42 Prio: 11 Flags: 0xf6
   Lifetime: 20.0 sec
   PDU Id: 0x66
   X.224 COTP Data Ack:
    dst_ref: 0xb939
    rseq: 4 credit: 3
    Flow control:
     Acked TPDU nr: 4
     Acked subsequence: 0
     Acked credit: 15
    ATN checksum: bd c0 a9 40

[2025-04-23 00:05:51 CEST] [136.725] [-12.9/-31.3 dBFS] [18.5 dB] [4.6 ppm]
4CA570 (Aircraft, Airborne) -> 11985A (Ground station): Command
AVLC type: I sseq: 4 rseq: 5 poll: 0
 X.25 Data: grp: 11 chan: 254 sseq: 1 rseq: 2 more: 0
  X.25 reasm status: skipped
  X.233 CLNP Data (compressed header):
   LRef: 0x0 Prio: 11 Flags: 0xc0
   Lifetime: 50.0 sec
   PDU Id: 0xd2c
   X.224 COTP Data Ack:
    dst_ref: 0xb932
    rseq: 3 credit: 3
    Checksum: 57 88

[2025-04-23 00:05:51 CEST] [136.725] [-12.3/-31.2 dBFS] [19.0 dB] [4.4 ppm]
4CA570 (Aircraft, Airborne) -> 11985A (Ground station): Command
AVLC type: I sseq: 5 rseq: 5 poll: 0
 X.25 Data: grp: 11 chan: 254 sseq: 2 rseq: 2 more: 0
  X.25 reasm status: skipped
  X.233 CLNP Data (compressed header):
   LRef: 0x0 Prio: 11 Flags: 0xc0
   Lifetime: 50.0 sec
   PDU Id: 0xd2d
   X.224 COTP Data:
    dst_ref: 0xb932
    sseq: 2 req_of_ack: 0 EoT: 1
    COTP reasm status: skipped
    Checksum: c6 65
    CPDLC Downlink Message:
     Header:
      Msg ID: 2
      Msg Ref: 3
      Timestamp: 2025-04-22 22:05:50
      Logical ACK: notRequired
     Message data:
      LOGICAL ACKNOWLEDGMENT

[2025-04-23 00:05:59 CEST] [136.725] [-13.5/-31.1 dBFS] [17.6 dB] [4.8 ppm]
4CA570 (Aircraft, Airborne) -> 11985A (Ground station): Command
AVLC type: I sseq: 7 rseq: 0 poll: 0
 X.25 Data: grp: 11 chan: 254 sseq: 4 rseq: 5 more: 0
  X.25 reasm status: skipped
  X.233 CLNP Data (compressed header):
   LRef: 0x0 Prio: 11 Flags: 0xc0
   Lifetime: 50.0 sec
   PDU Id: 0xd2f
   X.224 COTP Data Ack:
    dst_ref: 0xb932
    rseq: 4 credit: 3
    Checksum: 53 8b

[2025-04-23 00:06:31 CEST] [136.675] [-12.6/-31.0 dBFS] [18.4 dB] [0.5 ppm]
4D2417 (Aircraft, Airborne) -> 11907A (Ground station): Command
AVLC type: I sseq: 7 rseq: 1 poll: 0
 X.25 Data: grp: 11 chan: 255 sseq: 5 rseq: 7 more: 0
  X.25 reasm status: skipped
  X.233 CLNP Data (compressed header):
   LRef: 0x42 Prio: 11 Flags: 0xf6
   Lifetime: 20.0 sec
   PDU Id: 0x54
   X.224 COTP Data Ack:
    dst_ref: 0xb92d
    rseq: 4 credit: 3
    Flow control:
     Acked TPDU nr: 4
     Acked subsequence: 0
     Acked credit: 15
    ATN checksum: 28 0e 51 7e

[2025-04-23 00:06:47 CEST] [136.975] [-12.8/-31.1 dBFS] [18.3 dB] [2.8 ppm]
4D2226 (Aircraft, Airborne) -> 10952A (Ground station): Command
AVLC type: I sseq: 5 rseq: 1 poll: 0
 X.25 Data: grp: 11 chan: 255 sseq: 3 rseq: 7 more: 0
  X.25 reasm status: skipped
  X.233 CLNP Data (compressed header):
   LRef: 0x41 Prio: 11 Flags: 0xc0
   Lifetime: 50.0 sec
   PDU Id: 0x17c
   X.224 COTP Data Ack:
    dst_ref: 0xb92f
    rseq: 2 credit: 2
    Checksum: 60 d4
    Flow control:
     Acked TPDU nr: 2
     Acked subsequence: 0
     Acked credit: 15

[2025-04-23 00:07:47 CEST] [136.675] [-13.8/-31.8 dBFS] [18.1 dB] [-0.6 ppm]
4D2302 (Aircraft, Airborne) -> 11907A (Ground station): Command
AVLC type: I sseq: 3 rseq: 4 poll: 0
 X.25 Data: grp: 11 chan: 255 sseq: 3 rseq: 5 more: 0
  X.25 reasm status: skipped
  X.233 CLNP Data (compressed header):
   LRef: 0x43 Prio: 11 Flags: 0xc0
   Lifetime: 50.0 sec
   PDU Id: 0x866
   X.224 COTP Data Ack:
    dst_ref: 0xb937
    rseq: 7 credit: 3
    Checksum: 2e a8

[2025-04-23 00:08:20 CEST] [136.675] [-10.1/-31.3 dBFS] [21.1 dB] [0.3 ppm]
4D2417 (Aircraft, Airborne) -> 11907A (Ground station): Command
AVLC type: I sseq: 2 rseq: 5 poll: 0
 X.25 Data: grp: 11 chan: 255 sseq: 0 rseq: 3 more: 0
  X.25 reasm status: skipped
  X.233 CLNP Data (compressed header):
   LRef: 0x42 Prio: 11 Flags: 0xf6
   Lifetime: 20.0 sec
   PDU Id: 0x57
   X.224 COTP Data Ack:
    dst_ref: 0xb92d
    rseq: 5 credit: 3
    Flow control:
     Acked TPDU nr: 5
     Acked subsequence: 0
     Acked credit: 15
    ATN checksum: 23 a8 b4 83

[2025-04-23 00:08:26 CEST] [136.675] [-9.1/-31.4 dBFS] [22.3 dB] [0.4 ppm]
4D2417 (Aircraft, Airborne) -> 11907A (Ground station): Command
AVLC type: I sseq: 3 rseq: 5 poll: 0
 ACARS:
  Reassembly: skipped
  Reg: .9H-EWE Flight: LH006K
  Mode: 2 Label: 1L Blk id: 0 More: 0 Ack: ! Msg num: M24A
  Message:
   00019237791IX43+STIDDPSFYYAOIA(44M

[2025-04-23 00:09:03 CEST] [136.725] [-1.3/-30.7 dBFS] [29.4 dB] [4.3 ppm]
4CA570 (Aircraft, Airborne) -> 11985A (Ground station): Command
AVLC type: I sseq: 1 rseq: 2 poll: 0
 X.25 Data: grp: 11 chan: 254 sseq: 6 rseq: 7 more: 0
  X.25 reasm status: skipped
  X.233 CLNP Data (compressed header):
   LRef: 0x0 Prio: 11 Flags: 0xc0
   Lifetime: 50.0 sec
   PDU Id: 0xd31
   X.224 COTP Data Ack:
    dst_ref: 0xb932
    rseq: 4 credit: 3
    Checksum: 4e de
    Flow control:
     Acked TPDU nr: 4
     Acked subsequence: 0
     Acked credit: 15

[2025-04-23 00:09:52 CEST] [136.675] [-9.5/-31.5 dBFS] [22.0 dB] [0.3 ppm]
4D2417 (Aircraft, Airborne) -> 11907A (Ground station): Command
AVLC type: I sseq: 5 rseq: 0 poll: 0
 X.25 Data: grp: 11 chan: 255 sseq: 1 rseq: 4 more: 0
  X.25 reasm status: skipped
  X.233 CLNP Data (compressed header):
   LRef: 0x42 Prio: 11 Flags: 0xf6
   Lifetime: 20.0 sec
   PDU Id: 0x58
   X.224 COTP Data Ack:
    dst_ref: 0xb92d
    rseq: 5 credit: 3
    Flow control:
     Acked TPDU nr: 5
     Acked subsequence: 0
     Acked credit: 15
    ATN checksum: 23 a8 b4 83

[2025-04-23 00:10:12 CEST] [136.675] [-8.3/-32.9 dBFS] [24.6 dB] [0.4 ppm]
4D2417 (Aircraft, Airborne) -> 11907A (Ground station): Command
AVLC type: I sseq: 6 rseq: 1 poll: 0
 X.25 Data: grp: 11 chan: 255 sseq: 2 rseq: 5 more: 0
  X.25 reasm status: skipped
  X.233 CLNP Data (compressed header):
   LRef: 0x42 Prio: 11 Flags: 0xf6
   Lifetime: 20.0 sec
   PDU Id: 0x59
   X.224 COTP Data Ack:
    dst_ref: 0xb92d
    rseq: 6 credit: 3
    ATN checksum: 55 1b a0 a4
   X.224 COTP Data:
    dst_ref: 0xb92d
    sseq: 5 req_of_ack: 0 EoT: 1
    COTP reasm status: skipped
    ATN checksum: a5 f0 6c 7f
    CPDLC Downlink Message:
     Header:
      Msg ID: 5
      Msg Ref: 7
      Timestamp: 2025-04-22 22:10:12
      Logical ACK: notRequired
     Message data:
      LOGICAL ACKNOWLEDGMENT

[2025-04-23 00:10:14 CEST] [136.975] [-13.9/-32.8 dBFS] [18.9 dB] [2.3 ppm]
4D2226 (Aircraft, Airborne) -> 10FA7A (Ground station): Response
AVLC type: U (DM) P/F: 0

[2025-04-23 00:10:19 CEST] [136.675] [-13.7/-32.5 dBFS] [18.8 dB] [0.2 ppm]
4D2417 (Aircraft, Airborne) -> 11907A (Ground station): Command
AVLC type: I sseq: 7 rseq: 2 poll: 0
 X.25 Data: grp: 11 chan: 255 sseq: 3 rseq: 6 more: 0
  X.25 reasm status: skipped
  X.233 CLNP Data (compressed header):
   LRef: 0x42 Prio: 11 Flags: 0xf6
   Lifetime: 20.0 sec
   PDU Id: 0x5a
   X.224 COTP Data:
    dst_ref: 0xb92d
    sseq: 6 req_of_ack: 0 EoT: 1
    COTP reasm status: skipped
    ATN checksum: ae c2 50 24
    X.227 ACSE Release Response:
     Reason: normal
     CPDLC Downlink Message:
      Header:
       Msg ID: 6
       Msg Ref: 7
       Timestamp: 2025-04-22 22:10:18
       Logical ACK: notRequired
      Message data:
       WILCO

[2025-04-23 00:10:20 CEST] [136.675] [-12.4/-32.7 dBFS] [20.3 dB] [0.4 ppm]
4D2417 (Aircraft, Airborne) -> 11907A (Ground station): Command
AVLC type: I sseq: 0 rseq: 4 poll: 0
 X.25 Data: grp: 11 chan: 255 sseq: 4 rseq: 0 more: 0
  X.25 reasm status: skipped
  X.233 CLNP Data (compressed header):
   LRef: 0x42 Prio: 11 Flags: 0xf6
   Lifetime: 20.0 sec
   PDU Id: 0x5b
   X.224 COTP Disconnect Confirm:
    src_ref: 0x0035 dst_ref: 0xb92d
    ATN checksum: 55 b8 d5 44

[2025-04-23 00:10:35 CEST] [136.725] [-10.1/-31.7 dBFS] [21.6 dB] [4.1 ppm]
4CA570 (Aircraft, Airborne) -> 11985A (Ground station): Command
AVLC type: I sseq: 3 rseq: 4 poll: 0
 X.25 Data: grp: 11 chan: 254 sseq: 0 rseq: 1 more: 0
  X.25 reasm status: skipped
  X.233 CLNP Data (compressed header):
   LRef: 0x0 Prio: 11 Flags: 0xc0
   Lifetime: 50.0 sec
   PDU Id: 0xd33
   X.224 COTP Data Ack:
    dst_ref: 0xb932
    rseq: 4 credit: 3
    Checksum: 4e de
    Flow control:
     Acked TPDU nr: 4
     Acked subsequence: 0
     Acked credit: 15

[2025-04-23 00:11:17 CEST] [136.775] [-8.8/-30.3 dBFS] [21.5 dB] [1.9 ppm]
4D2453 (Aircraft, Airborne) -> 233925 (Ground station): Command
AVLC type: I sseq: 2 rseq: 3 poll: 0
 X.25 Data: grp: 11 chan: 255 sseq: 0 rseq: 1 more: 0
  X.25 reasm status: skipped
  X.233 CLNP Data (compressed header):
   LRef: 0x44 Prio: 11 Flags: 0xfe
   Lifetime: 20.0 sec
   PDU Id: 0x31b
   X.224 COTP Data Ack:
    dst_ref: 0xb934
    rseq: 4 credit: 3
    Flow control:
     Acked TPDU nr: 4
     Acked subsequence: 0
     Acked credit: 15
    ATN checksum: 6c f3 72 cc

[2025-04-23 00:11:21 CEST] [136.675] [-10.8/-31.4 dBFS] [20.6 dB] [2.3 ppm]
4D2226 (Aircraft, Airborne) -> 11907A (Ground station): Command
AVLC type: U (XID) P/F: 1
 XID: Handoff Initiation
  Public params:
   Parameter set ID: 8885:1993
   Procedure classes: 00 01
   HDLC options: 20 84 80
  VDL params:
   Parameter set ID: V
   XID sequencing: seq: 5 retry: 0
   Destination airport: EIDW
   Aircraft location: 43.9N 7.1E 0 ft
   Alternate ground stations: 12957A
   AVLC specific options: 24
   Connection management: 01

[2025-04-23 00:11:23 CEST] [136.675] [-10.3/-31.0 dBFS] [20.7 dB] [2.4 ppm]
4D2226 (Aircraft, Airborne) -> 11907A (Ground station): Command
AVLC type: I sseq: 2 rseq: 2 poll: 0
 X.25 Data: grp: 11 chan: 254 sseq: 0 rseq: 1 more: 0
  X.25 reasm status: skipped
  X.233 CLNP Data (compressed header):
   LRef: 0x41 Prio: 11 Flags: 0xc0
   Lifetime: 50.0 sec
   PDU Id: 0x180
   X.224 COTP Data Ack:
    dst_ref: 0xb92f
    rseq: 2 credit: 2
    Checksum: 60 d4
    Flow control:
     Acked TPDU nr: 2
     Acked subsequence: 0
     Acked credit: 15

[2025-04-23 00:12:07 CEST] [136.725] [-9.1/-30.9 dBFS] [21.8 dB] [4.0 ppm]
4CA570 (Aircraft, Airborne) -> 11985A (Ground station): Command
AVLC type: I sseq: 4 rseq: 5 poll: 0
 X.25 Data: grp: 11 chan: 254 sseq: 1 rseq: 2 more: 0
  X.25 reasm status: skipped
  X.233 CLNP Data (compressed header):
   LRef: 0x0 Prio: 11 Flags: 0xc0
   Lifetime: 50.0 sec
   PDU Id: 0xd34
   X.224 COTP Data Ack:
    dst_ref: 0xb932
    rseq: 4 credit: 3
    Checksum: 4e de
    Flow control:
     Acked TPDU nr: 4
     Acked subsequence: 0
     Acked credit: 15

[2025-04-23 00:12:49 CEST] [136.675] [-10.1/-31.2 dBFS] [21.2 dB] [2.8 ppm]
4D2233 (Aircraft, Airborne) -> 11907A (Ground station): Command
AVLC type: I sseq: 2 rseq: 2 poll: 0
 ACARS:
  Reassembly: skipped
  Reg: .9H-QBY Flight: FR84MA
  Mode: 2 Label: 16 Blk id: 5 More: 0 Ack: ! Msg num: M45A
  Message:
   221247,18376,2353, 154,N 43.523 E  5.089

[2025-04-23 00:13:01 CEST] [136.975] [-13.4/-31.4 dBFS] [18.0 dB] [3.8 ppm]
346088 (Aircraft, Airborne) -> 10FA5A (Ground station): Command
AVLC type: I sseq: 5 rseq: 4 poll: 0
 X.25 Data: grp: 11 chan: 255 sseq: 3 rseq: 2 more: 0
  X.25 reasm status: skipped
  X.233 CLNP Data (compressed header):
   LRef: 0x2 Prio: 8 Flags: 0xf6
   Lifetime: 20.0 sec
   PDU Id: 0xa4
   X.224 COTP Data:
    dst_ref: 0xb941
    sseq: 0 req_of_ack: 0 EoT: 1
    COTP reasm status: skipped
    ATN checksum: be 21 74 e3
    X.225 Session SPDU: Short Connect
     X.227 ACSE Associate Request:
      Application context name: { 1.3.27.3.1 }
      AP title: { 1.3.27.1.3432584.0 }
      ATN Context Management - Logon Request:
       Flight ID: VLG30VE
       Long TSAP: 41 56 4c 47 00 34 60 88 00 00 53 41 41 42 00 00 01 01	"AVLG.4`...SAAB...."
       Ground-initiated applications:
        Application Entity Qualifier: 22
        Version number: 1
        AP Address:
         Long TSAP: 41 56 4c 47 00 34 60 88 00 00 53 41 41 42 00 00 01 16	"AVLG.4`...SAAB...."
       Departure airport: LIPE
       Destination airport: LEBL

[2025-04-23 00:13:02 CEST] [136.975] [-12.6/-31.1 dBFS] [18.5 dB] [3.8 ppm]
346088 (Aircraft, Airborne) -> 10FA5A (Ground station): Command
AVLC type: I sseq: 7 rseq: 6 poll: 0
 X.25 Data: grp: 11 chan: 255 sseq: 5 rseq: 4 more: 0
  X.25 reasm status: skipped
  X.233 CLNP Data (compressed header):
   LRef: 0x2 Prio: 8 Flags: 0xf6
   Lifetime: 20.0 sec
   PDU Id: 0xa6
   X.224 COTP Disconnect Request:
    src_ref: 0x003b dst_ref: 0xb941
    Reason: 128 (Normal disconnect)
    ATN checksum: 41 12 a6 3c
    X.225 disconnect reason: 1 (OK, transport connection not reused)

[2025-04-23 00:13:12 CEST] [136.725] [-11.3/-30.9 dBFS] [19.7 dB] [4.0 ppm]
4CA570 (Aircraft, Airborne) -> 11985A (Ground station): Command
AVLC type: I sseq: 5 rseq: 6 poll: 0
 X.25 Data: grp: 11 chan: 254 sseq: 2 rseq: 3 more: 0
  X.25 reasm status: skipped
  X.233 CLNP Data (compressed header):
   LRef: 0x0 Prio: 11 Flags: 0xc0
   Lifetime: 50.0 sec
   PDU Id: 0xd35
   X.224 COTP Data Ack:
    dst_ref: 0xb932
    rseq: 5 credit: 3
    Checksum: 4f 8e

[2025-04-23 00:13:12 CEST] [136.725] [-11.0/-30.8 dBFS] [19.9 dB] [4.0 ppm]
4CA570 (Aircraft, Airborne) -> 11985A (Ground station): Command
AVLC type: I sseq: 6 rseq: 6 poll: 0
 X.25 Data: grp: 11 chan: 254 sseq: 3 rseq: 3 more: 0
  X.25 reasm status: skipped
  X.233 CLNP Data (compressed header):
   LRef: 0x0 Prio: 11 Flags: 0xc0
   Lifetime: 50.0 sec
   PDU Id: 0xd36
   X.224 COTP Data:
    dst_ref: 0xb932
    sseq: 4 req_of_ack: 0 EoT: 1
    COTP reasm status: skipped
    Checksum: 88 11
    CPDLC Downlink Message:
     Header:
      Msg ID: 4
      Msg Ref: 5
      Timestamp: 2025-04-22 22:13:10
      Logical ACK: notRequired
     Message data:
      LOGICAL ACKNOWLEDGMENT

[2025-04-23 00:14:27 CEST] [136.975] [-9.3/-31.4 dBFS] [22.2 dB] [3.5 ppm]
346088 (Aircraft, Airborne) -> 10FA5A (Ground station): Command
AVLC type: I sseq: 0 rseq: 7 poll: 0
 X.25 Data: grp: 11 chan: 255 sseq: 6 rseq: 5 more: 0
  X.25 reasm status: skipped
  X.233 CLNP Data (compressed header):
   LRef: 0x1 Prio: 8 Flags: 0xf6
   Lifetime: 20.0 sec
   PDU Id: 0xa7
   X.224 COTP Disconnect Request:
    src_ref: 0x0039 dst_ref: 0x0000
    Reason: 128 (Normal disconnect)
    Checksum: a8 4c
    X.225 disconnect reason: 1 (OK, transport connection not reused)

[2025-04-23 00:14:27 CEST] [136.675] [-11.1/-30.9 dBFS] [19.8 dB] [2.0 ppm]
4D2226 (Aircraft, Airborne) -> 11907A (Ground station): Command
AVLC type: I sseq: 4 rseq: 5 poll: 0
 X.25 Data: grp: 11 chan: 254 sseq: 2 rseq: 3 more: 0
  X.25 reasm status: skipped
  X.233 CLNP Data (compressed header):
   LRef: 0x41 Prio: 11 Flags: 0xc0
   Lifetime: 50.0 sec
   PDU Id: 0x182
   X.224 COTP Data Ack:
    dst_ref: 0xb92f
    rseq: 2 credit: 2
    Checksum: 60 d4
    Flow control:
     Acked TPDU nr: 2
     Acked subsequence: 0
     Acked credit: 15

