[2025-06-03 00:00:22 CEST] [136.725] [-12.3/-32.4 dBFS] [20.1 dB] [1.8 ppm]
4D2263 (Aircraft, Airborne) -> 11985A (Ground station): Command
AVLC type: I sseq: 6 rseq: 2 poll: 0
 X.25 Data: grp: 11 chan: 254 sseq: 3 rseq: 7 more: 0
  X.25 reasm status: skipped
  X.233 CLNP Data (compressed header):
   LRef: 0x42 Prio: 11 Flags: 0xc0
   Lifetime: 50.0 sec
   PDU Id: 0x191e
   X.224 COTP Connect Confirm:
    src_ref: 0x0014 dst_ref: 0x0022
    Initial Credit: 1
    Protocol class: 4
    Options: 00 (use normal PDU formats)
    Calling transport selector: 70 6d
    Called/responding transport selector: 02 02
    TPDU size (bytes): 1024
    Checksum: 79 23
    Additional options: 0x00
    Ack time (ms): 1000
    Priority: 3
    Inactivity timer (ms): 360000
    X.225 Session SPDU: Short Refuse
     Refusal: transient
     Transport connection: release
     X.227 ACSE Associate Response:
      Application context name: { 1.3.27.3.1 }
      Associate result: reject (permanent)
      CPDLC Downlink Message:
       Header:
        Msg ID: 1
        Timestamp: 2025-06-02 22:00:21
        Logical ACK: notRequired
       Message data:
        NOT AUTHORIZED NEXT DATA AUTHORITY

[2025-06-03 00:00:24 CEST] [136.725] [-12.2/-31.9 dBFS] [19.8 dB] [1.7 ppm]
4D2263 (Aircraft, Airborne) -> 11985A (Ground station): Command
AVLC type: I sseq: 7 rseq: 4 poll: 0
 X.25 Data: grp: 11 chan: 254 sseq: 4 rseq: 1 more: 0
  X.25 reasm status: skipped
  X.233 CLNP Data (compressed header):
   LRef: 0x42 Prio: 11 Flags: 0xc0
   Lifetime: 50.0 sec
   PDU Id: 0x191f
   X.224 COTP Disconnect Confirm:
    src_ref: 0x0014 dst_ref: 0x0022
    Checksum: 3c fd

[2025-06-03 00:00:41 CEST] [136.975] [-6.2/-32.1 dBFS] [25.8 dB] [3.1 ppm]
4CA75F (Aircraft, Airborne) -> 10F63A (Ground station): Command
AVLC type: U (XID) P/F: 1
 XID: Handoff Initiation
  Public params:
   Parameter set ID: 8885:1993
   Procedure classes: 00 01
   HDLC options: 20 84 80
  VDL params:
   Parameter set ID: V
   XID sequencing: seq: 5 retry: 0
   Destination airport: LEBL
   Aircraft location: 0.0N 0.0E 0 ft
   Alternate ground stations: 10F69B 10952A 10985A 10907A 10FA5A 10984A 10FA4A 10F60B
   AVLC specific options: 24
   Connection management: 01

[2025-06-03 00:00:55 CEST] [136.675] [-4.6/-32.2 dBFS] [27.6 dB] [-1.9 ppm]
406B80 (Aircraft, Airborne) -> 11907A (Ground station): Command
AVLC type: I sseq: 0 rseq: 1 poll: 0
 ACARS:
  Reassembly: skipped
  Reg: .G-GATN Flight: BA2817
  Mode: 2 Label: H1 Blk id: 1 More: 0 Ack: ! Msg num: F41A
  Sublabel: M1
  Message:
   PRG/DTEGKK,26L,63,231454/PR1287,281,380,114,,0,66,,,39,,,P59,P0,36090,,1173,2850BA8

[2025-06-03 00:00:57 CEST] [136.725] [-1.6/-32.1 dBFS] [30.5 dB] [3.4 ppm]
4CA707 (Aircraft, Airborne) -> 11985A (Ground station): Command
AVLC type: I sseq: 3 rseq: 3 poll: 0
 ACARS:
  Reassembly: skipped
  Reg: .EI-EBK Flight: FR8017
  Mode: 2 Label: 16 Blk id: 7 More: 0 Ack: ! Msg num: M32A
  Message:
   220055,,2327, 158,N   .    MMMM.MMM

[2025-06-03 00:00:58 CEST] [136.975] [-13.2/-32.5 dBFS] [19.2 dB] [3.0 ppm]
4CA75F (Aircraft, Airborne) -> 10F63A (Ground station): Command
AVLC type: I sseq: 2 rseq: 3 poll: 0
 X.25 Data: grp: 11 chan: 254 sseq: 0 rseq: 1 more: 0
  X.25 reasm status: skipped
  X.233 CLNP Data (compressed header):
   LRef: 0x43 Prio: 11 Flags: 0xc0
   Lifetime: 50.0 sec
   PDU Id: 0x1d6
   X.224 COTP Data Ack:
    dst_ref: 0x0229
    rseq: 4 credit: 3
    Checksum: c9 24
    Flow control:
     Acked TPDU nr: 4
     Acked subsequence: 0
     Acked credit: 15

[2025-06-03 00:00:59 CEST] [136.675] [-4.4/-32.3 dBFS] [27.9 dB] [-1.8 ppm]
406B80 (Aircraft, Airborne) -> 11907A (Ground station): Command
AVLC type: I sseq: 1 rseq: 3 poll: 0
 X.25 Data: grp: 11 chan: 255 sseq: 4 rseq: 6 more: 0
  X.25 reasm status: skipped
  X.233 CLNP Data (compressed header):
   LRef: 0x42 Prio: 11 Flags: 0xf6
   Lifetime: 20.0 sec
   PDU Id: 0x348
   X.224 COTP Data Ack:
    dst_ref: 0x0225
    rseq: 4 credit: 3
    Flow control:
     Acked TPDU nr: 4
     Acked subsequence: 0
     Acked credit: 15
    ATN checksum: 96 0d 7e 0e

[2025-06-03 00:01:26 CEST] [136.725] [-12.6/-32.6 dBFS] [20.0 dB] [1.6 ppm]
4D2263 (Aircraft, Airborne) -> 11985A (Ground station): Command
AVLC type: I sseq: 1 rseq: 6 poll: 0
 X.25 Data: grp: 11 chan: 254 sseq: 6 rseq: 3 more: 0
  X.25 reasm status: skipped
  X.233 CLNP Data (compressed header):
   LRef: 0x41 Prio: 11 Flags: 0xc0
   Lifetime: 50.0 sec
   PDU Id: 0x1921
   X.224 COTP Data Ack:
    dst_ref: 0x89e7
    rseq: 4 credit: 3
    Checksum: e7 71

[2025-06-03 00:01:27 CEST] [136.725] [-12.6/-32.2 dBFS] [19.6 dB] [1.9 ppm]
4D2263 (Aircraft, Airborne) -> 11985A (Ground station): Command
AVLC type: I sseq: 2 rseq: 6 poll: 0
 X.25 Data: grp: 11 chan: 254 sseq: 7 rseq: 3 more: 0
  X.25 reasm status: skipped
  X.233 CLNP Data (compressed header):
   LRef: 0x41 Prio: 11 Flags: 0xc0
   Lifetime: 50.0 sec
   PDU Id: 0x1922
   X.224 COTP Data:
    dst_ref: 0x89e7
    sseq: 3 req_of_ack: 0 EoT: 1
    COTP reasm status: skipped
    Checksum: e7 c8
    CPDLC Downlink Message:
     Header:
      Msg ID: 3
      Msg Ref: 3
      Timestamp: 2025-06-02 22:01:26
      Logical ACK: notRequired
     Message data:
      LOGICAL ACKNOWLEDGMENT

[2025-06-03 00:01:44 CEST] [136.725] [-12.0/-32.7 dBFS] [20.7 dB] [1.7 ppm]
4D2263 (Aircraft, Airborne) -> 11985A (Ground station): Command
AVLC type: I sseq: 3 rseq: 0 poll: 0
 X.25 Data: grp: 11 chan: 254 sseq: 0 rseq: 5 more: 0
  X.25 reasm status: skipped
  X.233 CLNP Data (compressed header):
   LRef: 0x42 Prio: 11 Flags: 0xc0
   Lifetime: 50.0 sec
   PDU Id: 0x1923
   X.224 COTP Connect Confirm:
    src_ref: 0x0015 dst_ref: 0x0023
    Initial Credit: 1
    Protocol class: 4
    Options: 00 (use normal PDU formats)
    Calling transport selector: 70 6d
    Called/responding transport selector: 02 02
    TPDU size (bytes): 1024
    Checksum: 4d 62
    Additional options: 0x00
    Ack time (ms): 1000
    Priority: 3
    Inactivity timer (ms): 360000
    X.225 Session SPDU: Short Accept
     X.227 ACSE Associate Response:
      Application context name: { 1.3.27.3.1 }
      Associate result: accept
      ATCDownlinkMessage: <empty PDU>

[2025-06-03 00:01:58 CEST] [136.725] [-13.0/-32.3 dBFS] [19.3 dB] [4.1 ppm]
40812E (Aircraft, Airborne) -> 11985A (Ground station): Command
AVLC type: I sseq: 1 rseq: 0 poll: 0
 X.25 Data: grp: 11 chan: 255 sseq: 3 rseq: 3 more: 0
  X.25 reasm status: skipped
  X.233 CLNP Data (compressed header):
   LRef: 0x3 Prio: 8 Flags: 0xf6
   Lifetime: 20.0 sec
   PDU Id: 0x26c
   X.224 COTP Data Ack:
    dst_ref: 0x0241
    rseq: 0 credit: 1
    ATN checksum: a9 3c 0a f9

[2025-06-03 00:01:58 CEST] [136.725] [-13.0/-32.3 dBFS] [19.3 dB] [4.1 ppm]
40812E (Aircraft, Airborne) -> 11985A (Ground station): Command
AVLC type: I sseq: 2 rseq: 0 poll: 0
 X.25 Data: grp: 11 chan: 255 sseq: 4 rseq: 3 more: 0
  X.25 reasm status: skipped
  X.233 CLNP Data (compressed header):
   LRef: 0x3 Prio: 8 Flags: 0xf6
   Lifetime: 20.0 sec
   PDU Id: 0x26d
   X.224 COTP Data:
    dst_ref: 0x0241
    sseq: 0 req_of_ack: 0 EoT: 1
    COTP reasm status: skipped
    ATN checksum: 63 db 92 46
    X.225 Session SPDU: Short Connect
     X.227 ACSE Associate Request:
      Application context name: { 1.3.27.3.1 }
      AP title: { 1.3.27.1.4227374.0 }
      ATN Context Management - Logon Request:
       Flight ID: EZY24BH
       Long TSAP: 41 45 5a 59 00 40 81 2e 00 00 53 41 41 42 00 00 01 01	"AEZY.@....SAAB...."
       Ground-initiated applications:
        Application Entity Qualifier: 22
        Version number: 1
        AP Address:
         Long TSAP: 41 45 5a 59 00 40 81 2e 00 00 53 41 41 42 00 00 01 16	"AEZY.@....SAAB...."
       Departure airport: LFMN
       Destination airport: EGPH

[2025-06-03 00:01:59 CEST] [136.725] [-11.4/-31.8 dBFS] [20.4 dB] [4.2 ppm]
40812E (Aircraft, Airborne) -> 11985A (Ground station): Command
AVLC type: I sseq: 3 rseq: 2 poll: 0
 X.25 Data: grp: 11 chan: 255 sseq: 5 rseq: 5 more: 0
  X.25 reasm status: skipped
  X.233 CLNP Data (compressed header):
   LRef: 0x3 Prio: 8 Flags: 0xf6
   Lifetime: 20.0 sec
   PDU Id: 0x26e
   X.224 COTP Data Ack:
    dst_ref: 0x0241
    rseq: 1 credit: 2
    ATN checksum: 1d db 05 e9

[2025-06-03 00:01:59 CEST] [136.725] [-11.4/-31.8 dBFS] [20.4 dB] [4.2 ppm]
40812E (Aircraft, Airborne) -> 11985A (Ground station): Command
AVLC type: I sseq: 4 rseq: 2 poll: 0
 X.25 Data: grp: 11 chan: 255 sseq: 6 rseq: 5 more: 0
  X.25 reasm status: skipped
  X.233 CLNP Data (compressed header):
   LRef: 0x3 Prio: 8 Flags: 0xf6
   Lifetime: 20.0 sec
   PDU Id: 0x26f
   X.224 COTP Disconnect Request:
    src_ref: 0x0045 dst_ref: 0x0241
    Reason: 128 (Normal disconnect)
    ATN checksum: 20 ea 48 ae
    X.225 disconnect reason: 1 (OK, transport connection not reused)

[2025-06-03 00:02:09 CEST] [136.725] [-11.7/-32.1 dBFS] [20.4 dB] [3.8 ppm]
40812E (Aircraft, Airborne) -> 11985A (Ground station): Command
AVLC type: I sseq: 5 rseq: 5 poll: 0
 X.25 Data: grp: 11 chan: 255 sseq: 7 rseq: 0 more: 0
  X.25 reasm status: skipped
  X.233 CLNP Data (compressed header):
   LRef: 0x47 Prio: 11 Flags: 0xf6
   Lifetime: 20.0 sec
   PDU Id: 0x270
   X.224 COTP Connect Confirm:
    src_ref: 0x0046 dst_ref: 0x0242
    Initial Credit: 1
    Protocol class: 4
    Options: 00 (use normal PDU formats)
    TPDU size (bytes): 512
    Called/responding transport selector: 16
    Calling transport selector: 70 6d
    Priority: 3
    Ack time (ms): 1000
    Inactivity timer (ms): 360000
    Additional options: 0x00
    ATN checksum: b1 bd 4c 1b
    X.225 Session SPDU: Short Accept
     X.227 ACSE Associate Response:
      Application context name: { 1.3.27.3.2 }
      Associate result: accept
      ATCDownlinkMessage: <empty PDU>

[2025-06-03 00:02:10 CEST] [136.725] [-10.7/-32.1 dBFS] [21.4 dB] [3.9 ppm]
40812E (Aircraft, Airborne) -> 11985A (Ground station): Command
AVLC type: I sseq: 6 rseq: 6 poll: 0
 X.25 Data: grp: 11 chan: 255 sseq: 0 rseq: 1 more: 0
  X.25 reasm status: skipped
  X.233 CLNP Data (compressed header):
   LRef: 0x47 Prio: 11 Flags: 0xf6
   Lifetime: 20.0 sec
   PDU Id: 0x271
   X.224 COTP Data:
    dst_ref: 0x0242
    sseq: 0 req_of_ack: 0 EoT: 1
    COTP reasm status: skipped
    ATN checksum: 7e 87 87 1e
    CPDLC Downlink Message:
     Header:
      Msg ID: 0
      Timestamp: 2025-06-02 22:02:08
      Logical ACK: required
     Message data:
      CURRENT DATA AUTHORITY

[2025-06-03 00:02:14 CEST] [136.725] [-12.3/-32.6 dBFS] [20.3 dB] [4.0 ppm]
40812E (Aircraft, Airborne) -> 11985A (Ground station): Command
AVLC type: I sseq: 7 rseq: 0 poll: 0
 X.25 Data: grp: 11 chan: 255 sseq: 1 rseq: 3 more: 0
  X.25 reasm status: skipped
  X.233 CLNP Data (compressed header):
   LRef: 0x47 Prio: 11 Flags: 0xf6
   Lifetime: 20.0 sec
   PDU Id: 0x272
   X.224 COTP Data Ack:
    dst_ref: 0x0242
    rseq: 1 credit: 2
    ATN checksum: 3f 0e 05 94

[2025-06-03 00:02:16 CEST] [136.725] [-11.5/-31.7 dBFS] [20.3 dB] [3.9 ppm]
40812E (Aircraft, Airborne) -> 11985A (Ground station): Command
AVLC type: I sseq: 1 rseq: 1 poll: 0
 X.25 Data: grp: 11 chan: 255 sseq: 3 rseq: 4 more: 0
  X.25 reasm status: skipped
  X.233 CLNP Data (compressed header):
   LRef: 0x47 Prio: 11 Flags: 0xf6
   Lifetime: 20.0 sec
   PDU Id: 0x274
   X.224 COTP Data Ack:
    dst_ref: 0x0242
    rseq: 2 credit: 2
    ATN checksum: 94 da 37 3f
   X.224 COTP Data:
    dst_ref: 0x0242
    sseq: 1 req_of_ack: 0 EoT: 1
    COTP reasm status: skipped
    ATN checksum: 7e 11 1b 9a
    CPDLC Downlink Message:
     Header:
      Msg ID: 1
      Msg Ref: 2
      Timestamp: 2025-06-02 22:02:14
      Logical ACK: notRequired
     Message data:
      LOGICAL ACKNOWLEDGMENT

[2025-06-03 00:02:25 CEST] [136.975] [0.7/-32.4 dBFS] [33.1 dB] [3.2 ppm]
4CA75F (Aircraft, Airborne) -> 10F63A (Ground station): Command
AVLC type: I sseq: 3 rseq: 4 poll: 0
 X.25 Data: grp: 11 chan: 254 sseq: 1 rseq: 2 more: 0
  X.25 reasm status: skipped
  X.233 CLNP Data (compressed header):
   LRef: 0x43 Prio: 11 Flags: 0xc0
   Lifetime: 50.0 sec
   PDU Id: 0x1d7
   X.224 COTP Data Ack:
    dst_ref: 0x0229
    rseq: 4 credit: 3
    Checksum: c9 24
    Flow control:
     Acked TPDU nr: 4
     Acked subsequence: 0
     Acked credit: 15

[2025-06-03 00:02:31 CEST] [136.675] [-7.1/-32.6 dBFS] [25.5 dB] [-1.9 ppm]
406B80 (Aircraft, Airborne) -> 11907A (Ground station): Command
AVLC type: I sseq: 2 rseq: 4 poll: 0
 X.25 Data: grp: 11 chan: 255 sseq: 5 rseq: 7 more: 0
  X.25 reasm status: skipped
  X.233 CLNP Data (compressed header):
   LRef: 0x42 Prio: 11 Flags: 0xf6
   Lifetime: 20.0 sec
   PDU Id: 0x349
   X.224 COTP Data Ack:
    dst_ref: 0x0225
    rseq: 4 credit: 3
    Flow control:
     Acked TPDU nr: 4
     Acked subsequence: 0
     Acked credit: 15
    ATN checksum: 96 0d 7e 0e

[2025-06-03 00:03:48 CEST] [136.725] [-7.5/-32.4 dBFS] [24.9 dB] [3.9 ppm]
40812E (Aircraft, Airborne) -> 11985A (Ground station): Command
AVLC type: I sseq: 2 rseq: 4 poll: 0
 X.25 Data: grp: 11 chan: 255 sseq: 4 rseq: 7 more: 0
  X.25 reasm status: skipped
  X.233 CLNP Data (compressed header):
   LRef: 0x47 Prio: 11 Flags: 0xf6
   Lifetime: 20.0 sec
   PDU Id: 0x275
   X.224 COTP Data Ack:
    dst_ref: 0x0242
    rseq: 2 credit: 2
    Flow control:
     Acked TPDU nr: 2
     Acked subsequence: 0
     Acked credit: 15
    ATN checksum: 99 21 2b 50

[2025-06-03 00:03:54 CEST] [136.975] [0.4/-32.3 dBFS] [32.7 dB] [3.1 ppm]
4CA75F (Aircraft, Airborne) -> 10F63A (Ground station): Command
AVLC type: I sseq: 4 rseq: 5 poll: 0
 X.25 Data: grp: 11 chan: 254 sseq: 2 rseq: 3 more: 0
  X.25 reasm status: skipped
  X.233 CLNP Data (compressed header):
   LRef: 0x43 Prio: 11 Flags: 0xc0
   Lifetime: 50.0 sec
   PDU Id: 0x1d8
   X.224 COTP Data Ack:
    dst_ref: 0x0229
    rseq: 4 credit: 3
    Checksum: c9 24
    Flow control:
     Acked TPDU nr: 4
     Acked subsequence: 0
     Acked credit: 15

[2025-06-03 00:04:03 CEST] [136.675] [-8.6/-32.6 dBFS] [24.0 dB] [-2.0 ppm]
406B80 (Aircraft, Airborne) -> 11907A (Ground station): Command
AVLC type: I sseq: 3 rseq: 5 poll: 0
 X.25 Data: grp: 11 chan: 255 sseq: 6 rseq: 0 more: 0
  X.25 reasm status: skipped
  X.233 CLNP Data (compressed header):
   LRef: 0x42 Prio: 11 Flags: 0xf6
   Lifetime: 20.0 sec
   PDU Id: 0x34a
   X.224 COTP Data Ack:
    dst_ref: 0x0225
    rseq: 4 credit: 3
    Flow control:
     Acked TPDU nr: 4
     Acked subsequence: 0
     Acked credit: 15
    ATN checksum: 96 0d 7e 0e

[2025-06-03 00:04:04 CEST] [136.975] [-14.6/-32.2 dBFS] [17.7 dB] [4.4 ppm]
345612 (Aircraft, Airborne) -> 10F63A (Ground station): Command
AVLC type: I sseq: 5 rseq: 1 poll: 0
 ACARS:
  Reassembly: skipped
  Reg: .EC-MTM Flight: V71210
  Mode: 2 Label: 16 Blk id: 6 More: 0 Ack: ! Msg num: M31A
  Message:
   220403,22999,2225,  74,N 43.577 E  7.141

[2025-06-03 00:04:09 CEST] [136.875] [-7.6/-31.7 dBFS] [24.1 dB] [0.8 ppm]
3985A7 (Aircraft, Airborne) -> 23D821 (Ground station): Command
AVLC type: I sseq: 4 rseq: 5 poll: 0
 ACARS:
  Reassembly: skipped
  Reg: .F-HBNH Flight: AF6230
  Mode: 2 Label: 2F Blk id: 3 More: 0 Ack: ! Msg num: M87A
  Message:
   2204+4444+505/3239

[2025-06-03 00:04:15 CEST] [136.725] [-13.9/-32.5 dBFS] [18.7 dB] [3.5 ppm]
44023F (Aircraft, Airborne) -> 11905A (Ground station): Command
AVLC type: I sseq: 0 rseq: 4 poll: 0
 X.25 Data: grp: 11 chan: 255 sseq: 4 rseq: 1 more: 0
  X.25 reasm status: skipped
  X.233 CLNP Data (compressed header):
   LRef: 0x41 Prio: 11 Flags: 0xf6
   Lifetime: 20.0 sec
   PDU Id: 0x229
   X.224 COTP Data Ack:
    dst_ref: 0x0231
    rseq: 2 credit: 2
    Flow control:
     Acked TPDU nr: 2
     Acked subsequence: 0
     Acked credit: 15
    ATN checksum: f2 7d dd 77

[2025-06-03 00:05:02 CEST] [136.875] [-7.4/-32.0 dBFS] [24.6 dB] [0.9 ppm]
3985A7 (Aircraft, Airborne) -> 23D821 (Ground station): Command
AVLC type: I sseq: 5 rseq: 7 poll: 0
 ACARS:
  Reassembly: skipped
  Reg: .F-HBNH Flight: AF6230
  Mode: 2 Label: 2Z Blk id: 4 More: 0 Ack: ! Msg num: M88A
  Message:
   LFMN

[2025-06-03 00:05:29 CEST] [136.975] [0.8/-32.1 dBFS] [33.0 dB] [2.9 ppm]
4CA75F (Aircraft, Airborne) -> 10F63A (Ground station): Command
AVLC type: I sseq: 6 rseq: 7 poll: 0
 X.25 Data: grp: 11 chan: 254 sseq: 4 rseq: 5 more: 0
  X.25 reasm status: skipped
  X.233 CLNP Data (compressed header):
   LRef: 0x43 Prio: 11 Flags: 0xc0
   Lifetime: 50.0 sec
   PDU Id: 0x1da
   X.224 COTP Data Ack:
    dst_ref: 0x0229
    rseq: 4 credit: 3
    Checksum: c9 24
    Flow control:
     Acked TPDU nr: 4
     Acked subsequence: 0
     Acked credit: 15

[2025-06-03 00:05:42 CEST] [136.725] [-4.7/-32.5 dBFS] [27.8 dB] [2.6 ppm]
440062 (Aircraft, Airborne) -> 11985A (Ground station): Command
AVLC type: I sseq: 0 rseq: 2 poll: 0
 X.25 Data: grp: 11 chan: 255 sseq: 4 rseq: 7 more: 0
  X.25 reasm status: skipped
  X.233 CLNP Data (compressed header):
   LRef: 0x41 Prio: 11 Flags: 0xf6
   Lifetime: 20.0 sec
   PDU Id: 0x31c
   X.224 COTP Data Ack:
    dst_ref: 0x0239
    rseq: 4 credit: 3
    Flow control:
     Acked TPDU nr: 4
     Acked subsequence: 0
     Acked credit: 15
    ATN checksum: 61 dd fc 5b

[2025-06-03 00:05:47 CEST] [136.725] [-10.4/-31.5 dBFS] [21.1 dB] [3.6 ppm]
44023F (Aircraft, Airborne) -> 11905A (Ground station): Command
AVLC type: I sseq: 1 rseq: 5 poll: 0
 X.25 Data: grp: 11 chan: 255 sseq: 5 rseq: 2 more: 0
  X.25 reasm status: skipped
  X.233 CLNP Data (compressed header):
   LRef: 0x41 Prio: 11 Flags: 0xf6
   Lifetime: 20.0 sec
   PDU Id: 0x22a
   X.224 COTP Data Ack:
    dst_ref: 0x0231
    rseq: 2 credit: 2
    Flow control:
     Acked TPDU nr: 2
     Acked subsequence: 0
     Acked credit: 15
    ATN checksum: f2 7d dd 77

[2025-06-03 00:05:50 CEST] [136.675] [-13.9/-32.4 dBFS] [18.5 dB] [4.4 ppm]
4CAC86 (Aircraft, Airborne) -> 12957A (Ground station): Command
AVLC type: I sseq: 3 rseq: 4 poll: 0
 X.25 Data: grp: 11 chan: 255 sseq: 0 rseq: 1 more: 0
  X.25 reasm status: skipped
  X.233 CLNP Data (compressed header):
   LRef: 0x41 Prio: 11 Flags: 0xc0
   Lifetime: 50.0 sec
   PDU Id: 0xff1
   X.224 COTP Data Ack:
    dst_ref: 0x0232
    rseq: 4 credit: 3
    Checksum: 9c 48
    Flow control:
     Acked TPDU nr: 4
     Acked subsequence: 0
     Acked credit: 15

[2025-06-03 00:05:56 CEST] [136.875] [-9.8/-31.9 dBFS] [22.1 dB] [-0.5 ppm]
394C0A (Aircraft, Airborne) -> 2A3261 (Ground station): Command
AVLC type: I sseq: 3 rseq: 2 poll: 0
 X.25 Data: grp: 11 chan: 255 sseq: 3 rseq: 2 more: 0
  X.25 reasm status: skipped
  X.233 CLNP Data (compressed header):
   LRef: 0x41 Prio: 11 Flags: 0xf6
   Lifetime: 20.0 sec
   PDU Id: 0x2b0
   X.224 COTP Data Ack:
    dst_ref: 0x0233
    rseq: 2 credit: 2
    Flow control:
     Acked TPDU nr: 2
     Acked subsequence: 0
     Acked credit: 15
    ATN checksum: ed 3f fb 9b

[2025-06-03 00:06:22 CEST] [136.725] [-10.0/-32.6 dBFS] [22.5 dB] [3.7 ppm]
44023F (Aircraft, Airborne) -> 11984A (Ground station): Command
AVLC type: U (XID) P/F: 1
 XID: Handoff Initiation
  Public params:
   Parameter set ID: 8885:1993
   Procedure classes: 00 01
   HDLC options: 20 a4 80
  VDL params:
   Parameter set ID: V
   Connection management: 01
   XID sequencing: seq: 2 retry: 0
   AVLC specific options: 25
   Destination airport: LFMN
   Aircraft location: 43.6N 4.4E 25000 ft

[2025-06-03 00:06:43 CEST] [136.725] [1.1/-32.2 dBFS] [33.2 dB] [1.7 ppm]
440062 (Aircraft, Airborne) -> 11985A (Ground station): Command
AVLC type: I sseq: 1 rseq: 3 poll: 0
 X.25 Data: grp: 11 chan: 255 sseq: 5 rseq: 0 more: 0
  X.25 reasm status: skipped
  X.233 CLNP Data (compressed header):
   LRef: 0x41 Prio: 11 Flags: 0xf6
   Lifetime: 20.0 sec
   PDU Id: 0x31d
   X.224 COTP Data Ack:
    dst_ref: 0x0239
    rseq: 5 credit: 3
    ATN checksum: 0c e1 65 f4
   X.224 COTP Data:
    dst_ref: 0x0239
    sseq: 4 req_of_ack: 0 EoT: 1
    COTP reasm status: skipped
    ATN checksum: 82 d3 f2 ae
    CPDLC Downlink Message:
     Header:
      Msg ID: 4
      Msg Ref: 5
      Timestamp: 2025-06-02 22:06:43
      Logical ACK: notRequired
     Message data:
      LOGICAL ACKNOWLEDGMENT

[2025-06-03 00:06:47 CEST] [136.725] [1.0/-32.0 dBFS] [33.0 dB] [1.9 ppm]
440062 (Aircraft, Airborne) -> 11985A (Ground station): Command
AVLC type: I sseq: 1 rseq: 3 poll: 0
 X.25 Data: grp: 11 chan: 255 sseq: 5 rseq: 0 more: 0
  X.25 reasm status: skipped
  X.233 CLNP Data (compressed header):
   LRef: 0x41 Prio: 11 Flags: 0xf6
   Lifetime: 20.0 sec
   PDU Id: 0x31d
   X.224 COTP Data Ack:
    dst_ref: 0x0239
    rseq: 5 credit: 3
    ATN checksum: 0c e1 65 f4
   X.224 COTP Data:
    dst_ref: 0x0239
    sseq: 4 req_of_ack: 0 EoT: 1
    COTP reasm status: skipped
    ATN checksum: 82 d3 f2 ae
    CPDLC Downlink Message:
     Header:
      Msg ID: 4
      Msg Ref: 5
      Timestamp: 2025-06-02 22:06:43
      Logical ACK: notRequired
     Message data:
      LOGICAL ACKNOWLEDGMENT

[2025-06-03 00:06:48 CEST] [136.725] [1.0/-31.8 dBFS] [32.8 dB] [1.8 ppm]
440062 (Aircraft, Airborne) -> 11985A (Ground station): Command
AVLC type: I sseq: 2 rseq: 4 poll: 0
 X.25 Data: grp: 11 chan: 255 sseq: 6 rseq: 1 more: 0
  X.25 reasm status: skipped
  X.233 CLNP Data (compressed header):
   LRef: 0x41 Prio: 11 Flags: 0xf6
   Lifetime: 20.0 sec
   PDU Id: 0x31e
   X.224 COTP Data:
    dst_ref: 0x0239
    sseq: 5 req_of_ack: 0 EoT: 1
    COTP reasm status: skipped
    ATN checksum: 78 21 be 9e
    CPDLC Downlink Message:
     Header:
      Msg ID: 5
      Msg Ref: 5
      Timestamp: 2025-06-02 22:06:47
      Logical ACK: required
     Message data:
      WILCO

[2025-06-03 00:06:49 CEST] [136.725] [1.0/-32.1 dBFS] [33.1 dB] [2.0 ppm]
440062 (Aircraft, Airborne) -> 11985A (Ground station): Command
AVLC type: I sseq: 3 rseq: 6 poll: 0
 X.25 Data: grp: 11 chan: 255 sseq: 7 rseq: 3 more: 0
  X.25 reasm status: skipped
  X.233 CLNP Data (compressed header):
   LRef: 0x41 Prio: 11 Flags: 0xf6
   Lifetime: 20.0 sec
   PDU Id: 0x31f
   X.224 COTP Data Ack:
    dst_ref: 0x0239
    rseq: 6 credit: 3
    ATN checksum: 61 ae 97 9f

[2025-06-03 00:07:02 CEST] [136.975] [0.7/-32.3 dBFS] [33.0 dB] [2.7 ppm]
4CA75F (Aircraft, Airborne) -> 10F63A (Ground station): Command
AVLC type: I sseq: 7 rseq: 0 poll: 0
 X.25 Data: grp: 11 chan: 254 sseq: 5 rseq: 6 more: 0
  X.25 reasm status: skipped
  X.233 CLNP Data (compressed header):
   LRef: 0x43 Prio: 11 Flags: 0xc0
   Lifetime: 50.0 sec
   PDU Id: 0x1db
   X.224 COTP Data Ack:
    dst_ref: 0x0229
    rseq: 4 credit: 3
    Checksum: c9 24
    Flow control:
     Acked TPDU nr: 4
     Acked subsequence: 0
     Acked credit: 15

[2025-06-03 00:07:05 CEST] [136.975] [0.8/-32.3 dBFS] [33.2 dB] [2.6 ppm]
4CA75F (Aircraft, Airborne) -> 10F63A (Ground station): Command
AVLC type: I sseq: 7 rseq: 0 poll: 0
 X.25 Data: grp: 11 chan: 254 sseq: 5 rseq: 6 more: 0
  X.25 reasm status: skipped
  X.233 CLNP Data (compressed header):
   LRef: 0x43 Prio: 11 Flags: 0xc0
   Lifetime: 50.0 sec
   PDU Id: 0x1db
   X.224 COTP Data Ack:
    dst_ref: 0x0229
    rseq: 4 credit: 3
    Checksum: c9 24
    Flow control:
     Acked TPDU nr: 4
     Acked subsequence: 0
     Acked credit: 15

[2025-06-03 00:07:08 CEST] [136.975] [-14.6/-32.4 dBFS] [17.8 dB] [3.6 ppm]
40812E (Aircraft, Airborne) -> 10985A (Ground station): Command
AVLC type: U (XID) P/F: 1
 XID: Handoff Initiation
  Public params:
   Parameter set ID: 8885:1993
   Procedure classes: 00 01
   HDLC options: 20 a4 80
  VDL params:
   Parameter set ID: V
   Connection management: 01
   XID sequencing: seq: 1 retry: 0
   AVLC specific options: 25
   Destination airport: EGPH
   Aircraft location: 44.6N 6.3E 33000 ft

[2025-06-03 00:07:09 CEST] [136.725] [-15.1/-32.3 dBFS] [17.2 dB] [2.2 ppm]
407837 (Aircraft, Airborne) -> 11985A (Ground station): Command
AVLC type: I sseq: 3 rseq: 6 poll: 0
 X.25 Data: grp: 11 chan: 255 sseq: 7 rseq: 3 more: 0
  X.25 reasm status: skipped
  X.233 CLNP Data (compressed header):
   LRef: 0x42 Prio: 11 Flags: 0xf6
   Lifetime: 20.0 sec
   PDU Id: 0x34a
   X.224 COTP Data Ack:
    dst_ref: 0xd1e9
    rseq: 0 credit: 1
    Flow control:
     Acked TPDU nr: 0
     Acked subsequence: 0
     Acked credit: 15
    ATN checksum: 04 44 12 6d

[2025-06-03 00:07:12 CEST] [136.975] [0.9/-32.2 dBFS] [33.0 dB] [2.7 ppm]
4CA75F (Aircraft, Airborne) -> 10F63A (Ground station): Command
AVLC type: I sseq: 7 rseq: 0 poll: 0
 X.25 Data: grp: 11 chan: 254 sseq: 5 rseq: 6 more: 0
  X.25 reasm status: skipped
  X.233 CLNP Data (compressed header):
   LRef: 0x43 Prio: 11 Flags: 0xc0
   Lifetime: 50.0 sec
   PDU Id: 0x1db
   X.224 COTP Data Ack:
    dst_ref: 0x0229
    rseq: 4 credit: 3
    Checksum: c9 24
    Flow control:
     Acked TPDU nr: 4
     Acked subsequence: 0
     Acked credit: 15

[2025-06-03 00:07:12 CEST] [136.725] [-13.3/-32.2 dBFS] [18.9 dB] [2.3 ppm]
407837 (Aircraft, Airborne) -> 11985A (Ground station): Command
AVLC type: I sseq: 3 rseq: 6 poll: 0
 X.25 Data: grp: 11 chan: 255 sseq: 7 rseq: 3 more: 0
  X.25 reasm status: skipped
  X.233 CLNP Data (compressed header):
   LRef: 0x42 Prio: 11 Flags: 0xf6
   Lifetime: 20.0 sec
   PDU Id: 0x34a
   X.224 COTP Data Ack:
    dst_ref: 0xd1e9
    rseq: 0 credit: 1
    Flow control:
     Acked TPDU nr: 0
     Acked subsequence: 0
     Acked credit: 15
    ATN checksum: 04 44 12 6d

[2025-06-03 00:07:18 CEST] [136.975] [0.9/-32.1 dBFS] [33.1 dB] [2.8 ppm]
4CA75F (Aircraft, Airborne) -> 10F63A (Ground station): Command
AVLC type: I sseq: 7 rseq: 0 poll: 0
 X.25 Data: grp: 11 chan: 254 sseq: 5 rseq: 6 more: 0
  X.25 reasm status: skipped
  X.233 CLNP Data (compressed header):
   LRef: 0x43 Prio: 11 Flags: 0xc0
   Lifetime: 50.0 sec
   PDU Id: 0x1db
   X.224 COTP Data Ack:
    dst_ref: 0x0229
    rseq: 4 credit: 3
    Checksum: c9 24
    Flow control:
     Acked TPDU nr: 4
     Acked subsequence: 0
     Acked credit: 15

[2025-06-03 00:07:19 CEST] [136.725] [-5.1/-32.2 dBFS] [27.1 dB] [3.8 ppm]
44023F (Aircraft, Airborne) -> 11984A (Ground station): Command
AVLC type: I sseq: 2 rseq: 3 poll: 0
 X.25 Data: grp: 11 chan: 255 sseq: 0 rseq: 1 more: 0
  X.25 reasm status: skipped
  X.233 CLNP Data (compressed header):
   LRef: 0x41 Prio: 11 Flags: 0xf6
   Lifetime: 20.0 sec
   PDU Id: 0x22b
   X.224 COTP Data Ack:
    dst_ref: 0x0231
    rseq: 2 credit: 2
    Flow control:
     Acked TPDU nr: 2
     Acked subsequence: 0
     Acked credit: 15
    ATN checksum: f2 7d dd 77

[2025-06-03 00:07:21 CEST] [136.975] [0.9/-32.3 dBFS] [33.2 dB] [2.6 ppm]
4CA75F (Aircraft, Airborne) -> 10F63A (Ground station): Command
AVLC type: I sseq: 7 rseq: 0 poll: 0
 X.25 Data: grp: 11 chan: 254 sseq: 5 rseq: 6 more: 0
  X.25 reasm status: skipped
  X.233 CLNP Data (compressed header):
   LRef: 0x43 Prio: 11 Flags: 0xc0
   Lifetime: 50.0 sec
   PDU Id: 0x1db
   X.224 COTP Data Ack:
    dst_ref: 0x0229
    rseq: 4 credit: 3
    Checksum: c9 24
    Flow control:
     Acked TPDU nr: 4
     Acked subsequence: 0
     Acked credit: 15

[2025-06-03 00:07:22 CEST] [136.675] [-13.8/-32.5 dBFS] [18.7 dB] [4.4 ppm]
4CAC86 (Aircraft, Airborne) -> 12957A (Ground station): Command
AVLC type: I sseq: 5 rseq: 6 poll: 0
 X.25 Data: grp: 11 chan: 255 sseq: 2 rseq: 3 more: 0
  X.25 reasm status: skipped
  X.233 CLNP Data (compressed header):
   LRef: 0x41 Prio: 11 Flags: 0xc0
   Lifetime: 50.0 sec
   PDU Id: 0xff3
   X.224 COTP Data Ack:
    dst_ref: 0x0232
    rseq: 4 credit: 3
    Checksum: 9c 48
    Flow control:
     Acked TPDU nr: 4
     Acked subsequence: 0
     Acked credit: 15

[2025-06-03 00:07:25 CEST] [136.975] [-12.8/-32.2 dBFS] [19.4 dB] [3.5 ppm]
40812E (Aircraft, Airborne) -> 10985A (Ground station): Command
AVLC type: I sseq: 3 rseq: 2 poll: 0
 ACARS:
  Reassembly: skipped
  Reg: .G-UZLZ Flight: U224BH
  Mode: 2 Label: 8S Blk id: 1 More: 0 Ack: ! Msg num: M05A
  Message:
   EGPH,0007,N,Y,N,0,0,0
   
   
   
   

[2025-06-03 00:07:28 CEST] [136.875] [-1.8/-32.2 dBFS] [30.5 dB] [-0.5 ppm]
394C0A (Aircraft, Airborne) -> 2A3261 (Ground station): Command
AVLC type: I sseq: 4 rseq: 4 poll: 0
 X.25 Data: grp: 11 chan: 255 sseq: 4 rseq: 3 more: 0
  X.25 reasm status: skipped
  X.233 CLNP Data (compressed header):
   LRef: 0x41 Prio: 11 Flags: 0xf6
   Lifetime: 20.0 sec
   PDU Id: 0x2b1
   X.224 COTP Data Ack:
    dst_ref: 0x0233
    rseq: 2 credit: 2
    Flow control:
     Acked TPDU nr: 2
     Acked subsequence: 0
     Acked credit: 15
    ATN checksum: ed 3f fb 9b

[2025-06-03 00:07:30 CEST] [136.975] [0.7/-32.2 dBFS] [32.8 dB] [2.6 ppm]
4CA75F (Aircraft, Airborne) -> 10F63A (Ground station): Command
AVLC type: I sseq: 7 rseq: 0 poll: 0
 X.25 Data: grp: 11 chan: 254 sseq: 5 rseq: 6 more: 0
  X.25 reasm status: skipped
  X.233 CLNP Data (compressed header):
   LRef: 0x43 Prio: 11 Flags: 0xc0
   Lifetime: 50.0 sec
   PDU Id: 0x1db
   X.224 COTP Data Ack:
    dst_ref: 0x0229
    rseq: 4 credit: 3
    Checksum: c9 24
    Flow control:
     Acked TPDU nr: 4
     Acked subsequence: 0
     Acked credit: 15

[2025-06-03 00:07:35 CEST] [136.975] [-0.5/-32.4 dBFS] [31.9 dB] [2.5 ppm]
4CA75F (Aircraft, Airborne) -> 10F68A (Ground station): Command
AVLC type: U (XID) P/F: 1
 XID: Handoff Initiation
  Public params:
   Parameter set ID: 8885:1993
   Procedure classes: 00 01
   HDLC options: 20 84 80
  VDL params:
   Parameter set ID: V
   XID sequencing: seq: 6 retry: 0
   Destination airport: LEBL
   Aircraft location: 0.0N 0.0E 0 ft
   Alternate ground stations: 10F69B 10907A 10952A 10985A 109C2A 10984A 10905A 1099BA
   AVLC specific options: 24
   Connection management: 01

[2025-06-03 00:07:44 CEST] [136.975] [0.4/-32.3 dBFS] [32.7 dB] [2.5 ppm]
4CA75F (Aircraft, Airborne) -> 10F68A (Ground station): Command
AVLC type: U (XID) P/F: 1
 XID: Handoff Initiation
  Public params:
   Parameter set ID: 8885:1993
   Procedure classes: 00 01
   HDLC options: 20 84 80
  VDL params:
   Parameter set ID: V
   XID sequencing: seq: 6 retry: 1
   Destination airport: LEBL
   Aircraft location: 0.0N 0.0E 0 ft
   Alternate ground stations: 10F69B 10907A 10952A 10985A 109C2A 10984A 10905A 1099BA
   AVLC specific options: 24
   Connection management: 01

[2025-06-03 00:07:50 CEST] [136.975] [-1.2/-32.3 dBFS] [31.1 dB] [0.7 ppm]
3985A7 (Aircraft, Airborne) -> 26CA77 (Ground station): Command
AVLC type: U (XID) P/F: 1
 XID: Handoff Initiation
  Public params:
   Parameter set ID: 8885:1993
   Procedure classes: 00 01
   HDLC options: 20 a4 80
  VDL params:
   Parameter set ID: V
   Connection management: 01
   XID sequencing: seq: 0 retry: 0
   AVLC specific options: 25
   Destination airport: LFMN
   Aircraft location: 44.0N 5.3E 28000 ft

[2025-06-03 00:07:54 CEST] [136.975] [0.3/-32.3 dBFS] [32.6 dB] [2.5 ppm]
4CA75F (Aircraft, Airborne) -> 10F68A (Ground station): Command
AVLC type: U (XID) P/F: 1
 XID: Handoff Initiation
  Public params:
   Parameter set ID: 8885:1993
   Procedure classes: 00 01
   HDLC options: 20 84 80
  VDL params:
   Parameter set ID: V
   XID sequencing: seq: 6 retry: 2
   Destination airport: LEBL
   Aircraft location: 0.0N 0.0E 0 ft
   Alternate ground stations: 10F69B 10907A 10952A 10985A 109C2A 10984A 10905A 1099BA
   AVLC specific options: 24
   Connection management: 01

[2025-06-03 00:08:04 CEST] [136.975] [-2.6/-32.5 dBFS] [29.9 dB] [2.3 ppm]
4CA75F (Aircraft, Airborne) -> 10F68A (Ground station): Command
AVLC type: U (XID) P/F: 1
 XID: Handoff Initiation
  Public params:
   Parameter set ID: 8885:1993
   Procedure classes: 00 01
   HDLC options: 20 84 80
  VDL params:
   Parameter set ID: V
   XID sequencing: seq: 6 retry: 3
   Destination airport: LEBL
   Aircraft location: 0.0N 0.0E 0 ft
   Alternate ground stations: 10F69B 10907A 10952A 10985A 109C2A 10984A 10905A 1099BA
   AVLC specific options: 24
   Connection management: 01

[2025-06-03 00:08:12 CEST] [136.975] [-4.0/-32.6 dBFS] [28.6 dB] [2.3 ppm]
4CA75F (Aircraft, Airborne) -> 10F68A (Ground station): Command
AVLC type: U (XID) P/F: 1
 XID: Handoff Initiation
  Public params:
   Parameter set ID: 8885:1993
   Procedure classes: 00 01
   HDLC options: 20 84 80
  VDL params:
   Parameter set ID: V
   XID sequencing: seq: 6 retry: 4
   Destination airport: LEBL
   Aircraft location: 0.0N 0.0E 0 ft
   Alternate ground stations: 10F69B 10907A 10952A 10985A 109C2A 10984A 10905A 1099BA
   AVLC specific options: 24
   Connection management: 01

[2025-06-03 00:08:15 CEST] [136.725] [-1.7/-32.2 dBFS] [30.4 dB] [3.8 ppm]
44023F (Aircraft, Airborne) -> 11985A (Ground station): Response
AVLC type: U (XID) P/F: 1
 XID: Handoff Response
  Public params:
   Parameter set ID: 8885:1993
   Procedure classes: 00 01
   HDLC options: 20 a4 80
  VDL params:
   Parameter set ID: V
   Connection management: 01
   XID sequencing: seq: 4 retry: 0
   AVLC specific options: 25
   Destination airport: LFMN
   Aircraft location: 43.5N 4.7E 24000 ft

[2025-06-03 00:08:20 CEST] [136.725] [-0.4/-31.7 dBFS] [31.3 dB] [1.5 ppm]
440062 (Aircraft, Airborne) -> 11985A (Ground station): Command
AVLC type: I sseq: 5 rseq: 0 poll: 0
 X.25 Data: grp: 11 chan: 255 sseq: 1 rseq: 5 more: 0
  X.25 reasm status: skipped
  X.233 CLNP Data (compressed header):
   LRef: 0x41 Prio: 11 Flags: 0xf6
   Lifetime: 20.0 sec
   PDU Id: 0x321
   X.224 COTP Data Ack:
    dst_ref: 0x0239
    rseq: 6 credit: 3
    Flow control:
     Acked TPDU nr: 6
     Acked subsequence: 0
     Acked credit: 15
    ATN checksum: 57 13 c3 65

[2025-06-03 00:08:22 CEST] [136.975] [-0.0/-31.9 dBFS] [31.9 dB] [2.3 ppm]
4CA75F (Aircraft, Airborne) -> 10F68A (Ground station): Command
AVLC type: U (XID) P/F: 1
 XID: Handoff Initiation
  Public params:
   Parameter set ID: 8885:1993
   Procedure classes: 00 01
   HDLC options: 20 84 80
  VDL params:
   Parameter set ID: V
   XID sequencing: seq: 6 retry: 5
   Destination airport: LEBL
   Aircraft location: 0.0N 0.0E 0 ft
   Alternate ground stations: 10F69B 10907A 10952A 10985A 109C2A 10984A 10905A 1099BA
   AVLC specific options: 24
   Connection management: 01

[2025-06-03 00:08:25 CEST] [136.975] [-8.5/-32.1 dBFS] [23.6 dB] [3.3 ppm]
40812E (Aircraft, Airborne) -> 10985A (Ground station): Command
AVLC type: I sseq: 4 rseq: 5 poll: 0
 X.25 Data: grp: 11 chan: 255 sseq: 1 rseq: 2 more: 0
  X.25 reasm status: skipped
  X.233 CLNP Data (compressed header):
   LRef: 0x47 Prio: 11 Flags: 0xf6
   Lifetime: 20.0 sec
   PDU Id: 0x279
   X.224 COTP Data Ack:
    dst_ref: 0x0242
    rseq: 2 credit: 2
    Flow control:
     Acked TPDU nr: 2
     Acked subsequence: 0
     Acked credit: 15
    ATN checksum: 99 21 2b 50

[2025-06-03 00:08:31 CEST] [136.975] [-0.2/-32.4 dBFS] [32.2 dB] [2.3 ppm]
4CA75F (Aircraft, Airborne) -> 10F63A (Ground station): Command
AVLC type: U (XID) P/F: 1
 XID: Handoff Initiation
  Public params:
   Parameter set ID: 8885:1993
   Procedure classes: 00 01
   HDLC options: 20 84 80
  VDL params:
   Parameter set ID: V
   XID sequencing: seq: 7 retry: 0
   Destination airport: LEBL
   Aircraft location: 0.0N 0.0E 0 ft
   Alternate ground stations: 10F69B 10907A 10952A 10985A 10905A 109C2A 10984A 1099BA
   AVLC specific options: 24
   Connection management: 01

[2025-06-03 00:08:36 CEST] [136.725] [-1.5/-32.1 dBFS] [30.6 dB] [3.7 ppm]
44023F (Aircraft, Airborne) -> 11985A (Ground station): Command
AVLC type: I sseq: 2 rseq: 3 poll: 0
 X.25 Data: grp: 11 chan: 255 sseq: 0 rseq: 1 more: 0
  X.25 reasm status: skipped
  X.233 CLNP Data (compressed header):
   LRef: 0x41 Prio: 11 Flags: 0xf6
   Lifetime: 20.0 sec
   PDU Id: 0x22d
   X.224 COTP Data Ack:
    dst_ref: 0x0231
    rseq: 3 credit: 2
    ATN checksum: 98 ae 1c 11
   X.224 COTP Data:
    dst_ref: 0x0231
    sseq: 2 req_of_ack: 0 EoT: 1
    COTP reasm status: skipped
    ATN checksum: a0 41 8c 27
    CPDLC Downlink Message:
     Header:
      Msg ID: 2
      Msg Ref: 3
      Timestamp: 2025-06-02 22:08:36
      Logical ACK: notRequired
     Message data:
      LOGICAL ACKNOWLEDGMENT

[2025-06-03 00:08:39 CEST] [136.975] [-1.3/-32.4 dBFS] [31.1 dB] [2.5 ppm]
4CA75F (Aircraft, Airborne) -> 10F63A (Ground station): Command
AVLC type: U (XID) P/F: 1
 XID: Handoff Initiation
  Public params:
   Parameter set ID: 8885:1993
   Procedure classes: 00 01
   HDLC options: 20 84 80
  VDL params:
   Parameter set ID: V
   XID sequencing: seq: 7 retry: 1
   Destination airport: LEBL
   Aircraft location: 0.0N 0.0E 0 ft
   Alternate ground stations: 10F69B 10907A 10952A 10985A 10905A 109C2A 10984A 1099BA
   AVLC specific options: 24
   Connection management: 01

[2025-06-03 00:08:49 CEST] [136.725] [-0.2/-32.2 dBFS] [32.0 dB] [3.8 ppm]
44023F (Aircraft, Airborne) -> 11985A (Ground station): Command
AVLC type: I sseq: 3 rseq: 4 poll: 0
 X.25 Data: grp: 11 chan: 255 sseq: 1 rseq: 2 more: 0
  X.25 reasm status: skipped
  X.233 CLNP Data (compressed header):
   LRef: 0x41 Prio: 11 Flags: 0xf6
   Lifetime: 20.0 sec
   PDU Id: 0x22e
   X.224 COTP Data:
    dst_ref: 0x0231
    sseq: 3 req_of_ack: 0 EoT: 1
    COTP reasm status: skipped
    ATN checksum: 37 d8 e2 a1
    CPDLC Downlink Message:
     Header:
      Msg ID: 3
      Msg Ref: 3
      Timestamp: 2025-06-02 22:08:48
      Logical ACK: required
     Message data:
      WILCO

[2025-06-03 00:08:49 CEST] [136.975] [-2.2/-32.4 dBFS] [30.2 dB] [2.3 ppm]
4CA75F (Aircraft, Airborne) -> 10F63A (Ground station): Command
AVLC type: U (XID) P/F: 1
 XID: Handoff Initiation
  Public params:
   Parameter set ID: 8885:1993
   Procedure classes: 00 01
   HDLC options: 20 84 80
  VDL params:
   Parameter set ID: V
   XID sequencing: seq: 7 retry: 2
   Destination airport: LEBL
   Aircraft location: 0.0N 0.0E 0 ft
   Alternate ground stations: 10F69B 10907A 10952A 10985A 10905A 109C2A 10984A 1099BA
   AVLC specific options: 24
   Connection management: 01

[2025-06-03 00:08:50 CEST] [136.725] [-0.2/-32.3 dBFS] [32.1 dB] [3.6 ppm]
44023F (Aircraft, Airborne) -> 11985A (Ground station): Command
AVLC type: I sseq: 4 rseq: 6 poll: 0
 X.25 Data: grp: 11 chan: 255 sseq: 2 rseq: 4 more: 0
  X.25 reasm status: skipped
  X.233 CLNP Data (compressed header):
   LRef: 0x41 Prio: 11 Flags: 0xf6
   Lifetime: 20.0 sec
   PDU Id: 0x22f
   X.224 COTP Data Ack:
    dst_ref: 0x0231
    rseq: 4 credit: 3
    ATN checksum: 0c 4e 17 01

[2025-06-03 00:08:59 CEST] [136.975] [0.3/-32.6 dBFS] [32.9 dB] [2.2 ppm]
4CA75F (Aircraft, Airborne) -> 10F63A (Ground station): Command
AVLC type: U (XID) P/F: 1
 XID: Handoff Initiation
  Public params:
   Parameter set ID: 8885:1993
   Procedure classes: 00 01
   HDLC options: 20 84 80
  VDL params:
   Parameter set ID: V
   XID sequencing: seq: 7 retry: 3
   Destination airport: LEBL
   Aircraft location: 0.0N 0.0E 0 ft
   Alternate ground stations: 10F69B 10907A 10952A 10985A 10905A 109C2A 10984A 1099BA
   AVLC specific options: 24
   Connection management: 01

[2025-06-03 00:09:00 CEST] [136.875] [-4.3/-31.8 dBFS] [27.5 dB] [-0.7 ppm]
394C0A (Aircraft, Airborne) -> 2A3261 (Ground station): Command
AVLC type: I sseq: 5 rseq: 6 poll: 0
 X.25 Data: grp: 11 chan: 255 sseq: 5 rseq: 4 more: 0
  X.25 reasm status: skipped
  X.233 CLNP Data (compressed header):
   LRef: 0x41 Prio: 11 Flags: 0xf6
   Lifetime: 20.0 sec
   PDU Id: 0x2b2
   X.224 COTP Data Ack:
    dst_ref: 0x0233
    rseq: 2 credit: 2
    Flow control:
     Acked TPDU nr: 2
     Acked subsequence: 0
     Acked credit: 15
    ATN checksum: ed 3f fb 9b

[2025-06-03 00:09:05 CEST] [136.725] [-14.6/-32.4 dBFS] [17.9 dB] [2.3 ppm]
407837 (Aircraft, Airborne) -> 11985A (Ground station): Command
AVLC type: I sseq: 7 rseq: 2 poll: 0
 X.25 Data: grp: 11 chan: 255 sseq: 3 rseq: 7 more: 0
  X.25 reasm status: skipped
  X.233 CLNP Data (compressed header):
   LRef: 0x41 Prio: 11 Flags: 0xf6
   Lifetime: 20.0 sec
   PDU Id: 0x34e
   X.224 COTP Data:
    dst_ref: 0x0218
    sseq: 6 req_of_ack: 0 EoT: 1
    COTP reasm status: skipped
    ATN checksum: c2 24 81 37
    X.227 ACSE Release Response:
     Reason: normal
     CPDLC Downlink Message:
      Header:
       Msg ID: 6
       Msg Ref: 7
       Timestamp: 2025-06-02 22:09:04
       Logical ACK: notRequired
      Message data:
       WILCO

[2025-06-03 00:09:06 CEST] [136.725] [-1.1/-32.2 dBFS] [31.1 dB] [1.6 ppm]
440062 (Aircraft, Airborne) -> 11985A (Ground station): Command
AVLC type: I sseq: 6 rseq: 1 poll: 0
 X.25 Data: grp: 11 chan: 255 sseq: 2 rseq: 6 more: 0
  X.25 reasm status: skipped
  X.233 CLNP Data (compressed header):
   LRef: 0x41 Prio: 11 Flags: 0xf6
   Lifetime: 20.0 sec
   PDU Id: 0x322
   X.224 COTP Data Ack:
    dst_ref: 0x0239
    rseq: 7 credit: 3
    ATN checksum: b6 7b c9 4a
   X.224 COTP Data:
    dst_ref: 0x0239
    sseq: 6 req_of_ack: 0 EoT: 1
    COTP reasm status: skipped
    ATN checksum: 20 0d 4c 7c
    CPDLC Downlink Message:
     Header:
      Msg ID: 6
      Msg Ref: 7
      Timestamp: 2025-06-02 22:09:05
      Logical ACK: notRequired
     Message data:
      LOGICAL ACKNOWLEDGMENT

[2025-06-03 00:09:06 CEST] [136.725] [-13.1/-32.3 dBFS] [19.2 dB] [2.2 ppm]
407837 (Aircraft, Airborne) -> 11985A (Ground station): Command
AVLC type: I sseq: 0 rseq: 2 poll: 0
 X.25 Data: grp: 11 chan: 255 sseq: 4 rseq: 7 more: 0
  X.25 reasm status: skipped
  X.233 CLNP Data (compressed header):
   LRef: 0x42 Prio: 11 Flags: 0xf6
   Lifetime: 20.0 sec
   PDU Id: 0x34f
   X.224 COTP Data:
    dst_ref: 0xd1e9
    sseq: 0 req_of_ack: 0 EoT: 1
    COTP reasm status: skipped
    ATN checksum: aa 48 16 b5
    CPDLC Downlink Message:
     Header:
      Msg ID: 0
      Timestamp: 2025-06-02 22:09:04
      Logical ACK: required
     Message data:
      CURRENT DATA AUTHORITY

[2025-06-03 00:09:06 CEST] [136.725] [-13.1/-32.3 dBFS] [19.2 dB] [2.2 ppm]
407837 (Aircraft, Airborne) -> 11985A (Ground station): Command
AVLC type: I sseq: 1 rseq: 4 poll: 0
 X.25 Data: grp: 11 chan: 255 sseq: 5 rseq: 1 more: 0
  X.25 reasm status: skipped
  X.233 CLNP Data (compressed header):
   LRef: 0x41 Prio: 11 Flags: 0xf6
   Lifetime: 20.0 sec
   PDU Id: 0x350
   X.224 COTP Disconnect Confirm:
    src_ref: 0x004a dst_ref: 0x0218
    ATN checksum: 9e 12 5b 5c

[2025-06-03 00:09:09 CEST] [136.975] [-1.1/-32.2 dBFS] [31.1 dB] [2.5 ppm]
4CA75F (Aircraft, Airborne) -> 10F63A (Ground station): Command
AVLC type: U (XID) P/F: 1
 XID: Handoff Initiation
  Public params:
   Parameter set ID: 8885:1993
   Procedure classes: 00 01
   HDLC options: 20 84 80
  VDL params:
   Parameter set ID: V
   XID sequencing: seq: 7 retry: 4
   Destination airport: LEBL
   Aircraft location: 0.0N 0.0E 0 ft
   Alternate ground stations: 10F69B 10907A 10952A 10985A 10905A 109C2A 10984A 1099BA
   AVLC specific options: 24
   Connection management: 01

[2025-06-03 00:09:17 CEST] [136.725] [-1.8/-32.2 dBFS] [30.4 dB] [1.5 ppm]
440062 (Aircraft, Airborne) -> 11985A (Ground station): Command
AVLC type: I sseq: 7 rseq: 3 poll: 0
 X.25 Data: grp: 11 chan: 255 sseq: 3 rseq: 0 more: 0
  X.25 reasm status: skipped
  X.233 CLNP Data (compressed header):
   LRef: 0x42 Prio: 11 Flags: 0xf6
   Lifetime: 20.0 sec
   PDU Id: 0x323
   X.224 COTP Connect Confirm:
    src_ref: 0x0051 dst_ref: 0xd1ef
    Initial Credit: 1
    Protocol class: 4
    Options: 00 (use normal PDU formats)
    TPDU size (bytes): 512
    Called/responding transport selector: 16
    Calling transport selector: 70 6d
    Priority: 3
    Ack time (ms): 1000
    Inactivity timer (ms): 360000
    Additional options: 0x00
    ATN checksum: f9 cf 61 8f
    X.225 Session SPDU: Short Accept
     X.227 ACSE Associate Response:
      Application context name: { 1.3.27.3.1 }
      Associate result: accept
      ATCDownlinkMessage: <empty PDU>

[2025-06-03 00:09:22 CEST] [136.975] [0.1/-32.4 dBFS] [32.5 dB] [2.1 ppm]
4CA75F (Aircraft, Airborne) -> 10F63A (Ground station): Command
AVLC type: U (XID) P/F: 1
 XID: Handoff Initiation
  Public params:
   Parameter set ID: 8885:1993
   Procedure classes: 00 01
   HDLC options: 20 84 80
  VDL params:
   Parameter set ID: V
   XID sequencing: seq: 7 retry: 5
   Destination airport: LEBL
   Aircraft location: 0.0N 0.0E 0 ft
   Alternate ground stations: 10F69B 10907A 10952A 10985A 10905A 109C2A 10984A 1099BA
   AVLC specific options: 24
   Connection management: 01

[2025-06-03 00:09:40 CEST] [136.975] [-1.2/-32.0 dBFS] [30.8 dB] [2.0 ppm]
4CA75F (Aircraft, Airborne) -> 10F63A (Ground station): Command
AVLC type: U (DISC) P/F: 0

[2025-06-03 00:09:40 CEST] [136.975] [-1.6/-32.4 dBFS] [30.8 dB] [2.3 ppm]
4CA75F (Aircraft, Airborne) -> 10907A (Ground station): Command
AVLC type: U (XID) P/F: 1
 XID: Link Establishment
  Public params:
   Parameter set ID: 8885:1993
   Procedure classes: 00 01
   HDLC options: 20 84 80
  VDL params:
   Parameter set ID: V
   XID sequencing: seq: 0 retry: 0
   Modulation support: VDL-M2, D8PSK, 31500 bps
   Destination airport: LEBL
   Aircraft location: 0.0N 0.0E 0 ft
   Alternate ground stations: 10985A 10952A 10905A 109C2A 1099BA 10984A 10F69B 10FA5A
   AVLC specific options: 24
   Connection management: 00

[2025-06-03 00:09:42 CEST] [136.975] [-2.6/-32.4 dBFS] [29.8 dB] [2.1 ppm]
4CA75F (Aircraft, Airborne) -> 10907A (Ground station): Command
AVLC type: I sseq: 2 rseq: 3 poll: 0
 X.25 Data: grp: 11 chan: 255 sseq: 0 rseq: 2 more: 0
  X.25 reasm status: skipped
  X.233 CLNP Data (compressed header):
   LRef: 0x40 Prio: 14 Flags: 0xc0
   Lifetime: 50.0 sec
   PDU Id: 0x1dc
   IDRP Open: seq: 1 ack: 1 credit_offered: 5 credit_avail: 3
    Hold Time: 900 seconds
    Max. PDU size: 3000 octets
    Source RDI: 47 00 27 41 52 59 52 00 4c a7 5f	"G.'ARYR.L._"
    RIB Attribute Set:
     RibAtt #0:
      Security:
       Reg ID: 06 04 2b 1b 00 00
    Auth mechanism: simple checksum

[2025-06-03 00:09:43 CEST] [136.975] [-4.2/-31.9 dBFS] [27.7 dB] [2.1 ppm]
4CA75F (Aircraft, Airborne) -> 10907A (Ground station): Command
AVLC type: I sseq: 3 rseq: 6 poll: 0
 ACARS:
  Reassembly: skipped
  Reg: .EI-EFD Flight: FRRYR6
  Mode: 2 Label: SA Blk id: 4 More: 0 Ack: ! Msg num: S34A
  Message:
   0E22209422/
  Media Advisory, version 0:
   Link VDL2 established at 22:09:42 UTC
   Available links: VDL2

[2025-06-03 00:09:44 CEST] [136.975] [-6.0/-31.9 dBFS] [25.9 dB] [2.3 ppm]
4CA75F (Aircraft, Airborne) -> 10907A (Ground station): Command
AVLC type: I sseq: 5 rseq: 6 poll: 0
 X.25 Data: grp: 11 chan: 255 sseq: 2 rseq: 4 more: 0
  X.25 reasm status: skipped
  X.233 CLNP Data (compressed header):
   LRef: 0x40 Prio: 14 Flags: 0xc0
   Lifetime: 50.0 sec
   PDU Id: 0x1dd
   IDRP Update: seq: 2 ack: 2 credit_offered: 5 credit_avail: 3
    Route:
     ID: 2
     Local preference: 0
    RD path:
     RD_SEQ:
      47 00 27 41 52 59 52 00 4c a7 5f	"G.'ARYR.L._"
    RD hop count: 1
    Security:
     Reg ID: 06 04 2b 1b 00 00
     Info:
      Supported ATSC classes: all
    Capacity: 13
    Reachability info:
     Protocol: CLNP
     Prefix length: 88
     Dest. address prefix: 47 00 27 41 52 59 52 00 4c a7 5f	"G.'ARYR.L._"

[2025-06-03 00:10:02 CEST] [136.975] [-6.7/-33.4 dBFS] [26.7 dB] [2.2 ppm]
4CA75F (Aircraft, Airborne) -> 10907A (Ground station): Command
AVLC type: I sseq: 6 rseq: 2 poll: 0
 X.25 Data: grp: 11 chan: 255 sseq: 3 rseq: 7 more: 0
  X.25 reasm status: skipped
  X.233 CLNP Data (compressed header):
   LRef: 0x41 Prio: 11 Flags: 0xc0
   Lifetime: 50.0 sec
   PDU Id: 0x1df
   X.224 COTP Data Ack:
    dst_ref: 0x0229
    rseq: 4 credit: 3
    Checksum: c9 24
    Flow control:
     Acked TPDU nr: 4
     Acked subsequence: 0
     Acked credit: 15

[2025-06-03 00:10:08 CEST] [136.725] [-9.9/-33.5 dBFS] [23.6 dB] [2.5 ppm]
4CA75F (Aircraft, Airborne) -> 11985A (Ground station): Command
AVLC type: U (XID) P/F: 1
 XID: Handoff Initiation
  Public params:
   Parameter set ID: 8885:1993
   Procedure classes: 00 01
   HDLC options: 20 84 80
  VDL params:
   Parameter set ID: V
   XID sequencing: seq: 1 retry: 0
   Destination airport: LEBL
   Aircraft location: 0.0N 0.0E 0 ft
   Alternate ground stations: 11984A
   AVLC specific options: 24
   Connection management: 01

[2025-06-03 00:10:24 CEST] [136.725] [-11.5/-32.9 dBFS] [21.4 dB] [3.8 ppm]
44023F (Aircraft, Airborne) -> 11985A (Ground station): Command
AVLC type: I sseq: 5 rseq: 7 poll: 0
 X.25 Data: grp: 11 chan: 255 sseq: 3 rseq: 5 more: 0
  X.25 reasm status: skipped
  X.233 CLNP Data (compressed header):
   LRef: 0x41 Prio: 11 Flags: 0xf6
   Lifetime: 20.0 sec
   PDU Id: 0x230
   X.224 COTP Data Ack:
    dst_ref: 0x0231
    rseq: 4 credit: 3
    Flow control:
     Acked TPDU nr: 4
     Acked subsequence: 0
     Acked credit: 15
    ATN checksum: 9d 6c d1 e4

[2025-06-03 00:10:26 CEST] [136.675] [-9.0/-32.8 dBFS] [23.7 dB] [4.4 ppm]
4CAC86 (Aircraft, Airborne) -> 12957A (Ground station): Command
AVLC type: I sseq: 7 rseq: 0 poll: 0
 X.25 Data: grp: 11 chan: 255 sseq: 4 rseq: 5 more: 0
  X.25 reasm status: skipped
  X.233 CLNP Data (compressed header):
   LRef: 0x41 Prio: 11 Flags: 0xc0
   Lifetime: 50.0 sec
   PDU Id: 0xff5
   X.224 COTP Data Ack:
    dst_ref: 0x0232
    rseq: 4 credit: 3
    Checksum: 9c 48
    Flow control:
     Acked TPDU nr: 4
     Acked subsequence: 0
     Acked credit: 15

[2025-06-03 00:10:27 CEST] [136.725] [-9.3/-32.7 dBFS] [23.4 dB] [3.8 ppm]
44023F (Aircraft, Airborne) -> 11985A (Ground station): Command
AVLC type: I sseq: 5 rseq: 7 poll: 0
 X.25 Data: grp: 11 chan: 255 sseq: 3 rseq: 5 more: 0
  X.25 reasm status: skipped
  X.233 CLNP Data (compressed header):
   LRef: 0x41 Prio: 11 Flags: 0xf6
   Lifetime: 20.0 sec
   PDU Id: 0x230
   X.224 COTP Data Ack:
    dst_ref: 0x0231
    rseq: 4 credit: 3
    Flow control:
     Acked TPDU nr: 4
     Acked subsequence: 0
     Acked credit: 15
    ATN checksum: 9d 6c d1 e4

[2025-06-03 00:10:32 CEST] [136.875] [-7.2/-31.8 dBFS] [24.7 dB] [-0.8 ppm]
394C0A (Aircraft, Airborne) -> 2A3261 (Ground station): Command
AVLC type: I sseq: 7 rseq: 0 poll: 0
 X.25 Data: grp: 11 chan: 255 sseq: 7 rseq: 6 more: 0
  X.25 reasm status: skipped
  X.233 CLNP Data (compressed header):
   LRef: 0x41 Prio: 11 Flags: 0xf6
   Lifetime: 20.0 sec
   PDU Id: 0x2b4
   X.224 COTP Data Ack:
    dst_ref: 0x0233
    rseq: 2 credit: 2
    Flow control:
     Acked TPDU nr: 2
     Acked subsequence: 0
     Acked credit: 15
    ATN checksum: ed 3f fb 9b

[2025-06-03 00:10:38 CEST] [136.725] [-0.5/-32.3 dBFS] [31.8 dB] [1.3 ppm]
440062 (Aircraft, Airborne) -> 11985A (Ground station): Command
AVLC type: I sseq: 0 rseq: 5 poll: 0
 X.25 Data: grp: 11 chan: 255 sseq: 4 rseq: 2 more: 0
  X.25 reasm status: skipped
  X.233 CLNP Data (compressed header):
   LRef: 0x41 Prio: 11 Flags: 0xf6
   Lifetime: 20.0 sec
   PDU Id: 0x324
   X.224 COTP Data Ack:
    dst_ref: 0x0239
    rseq: 7 credit: 3
    Flow control:
     Acked TPDU nr: 7
     Acked subsequence: 0
     Acked credit: 15
    ATN checksum: 52 ad 27 6a

[2025-06-03 00:10:43 CEST] [136.875] [-9.0/-31.6 dBFS] [22.6 dB] [-1.0 ppm]
394C0A (Aircraft, Airborne) -> 2A3261 (Ground station): Command
AVLC type: I sseq: 0 rseq: 1 poll: 0
 X.25 Data: grp: 11 chan: 255 sseq: 0 rseq: 7 more: 0
  X.25 reasm status: skipped
  X.233 CLNP Data (compressed header):
   LRef: 0x41 Prio: 11 Flags: 0xf6
   Lifetime: 20.0 sec
   PDU Id: 0x2b5
   X.224 COTP Data Ack:
    dst_ref: 0x0233
    rseq: 3 credit: 2
    ATN checksum: 4d c5 76 e9
   X.224 COTP Data:
    dst_ref: 0x0233
    sseq: 2 req_of_ack: 0 EoT: 1
    COTP reasm status: skipped
    ATN checksum: 3c ac cc e3
    CPDLC Downlink Message:
     Header:
      Msg ID: 2
      Msg Ref: 3
      Timestamp: 2025-06-02 22:10:42
      Logical ACK: notRequired
     Message data:
      LOGICAL ACKNOWLEDGMENT

[2025-06-03 00:10:51 CEST] [136.725] [-0.6/-31.9 dBFS] [31.3 dB] [1.3 ppm]
440062 (Aircraft, Airborne) -> 11985A (Ground station): Command
AVLC type: I sseq: 1 rseq: 6 poll: 0
 X.25 Data: grp: 11 chan: 255 sseq: 5 rseq: 3 more: 0
  X.25 reasm status: skipped
  X.233 CLNP Data (compressed header):
   LRef: 0x41 Prio: 11 Flags: 0xf6
   Lifetime: 20.0 sec
   PDU Id: 0x325
   X.224 COTP Data Ack:
    dst_ref: 0x0239
    rseq: 8 credit: 3
    ATN checksum: 0c 48 fb f4
   X.224 COTP Data:
    dst_ref: 0x0239
    sseq: 7 req_of_ack: 0 EoT: 1
    COTP reasm status: skipped
    ATN checksum: 54 5a 5a eb
    CPDLC Downlink Message:
     Header:
      Msg ID: 7
      Msg Ref: 9
      Timestamp: 2025-06-02 22:10:51
      Logical ACK: notRequired
     Message data:
      LOGICAL ACKNOWLEDGMENT

[2025-06-03 00:10:53 CEST] [136.725] [-14.6/-32.3 dBFS] [17.6 dB] [4.6 ppm]
4CAC86 (Aircraft, Airborne) -> 11984A (Ground station): Command
AVLC type: U (XID) P/F: 1
 XID: Handoff Initiation
  Public params:
   Parameter set ID: 8885:1993
   Procedure classes: 00 01
   HDLC options: 20 84 80
  VDL params:
   Parameter set ID: V
   XID sequencing: seq: 4 retry: 0
   Destination airport: LEBL
   Aircraft location: 44.7N 5.7E 39000 ft
   Alternate ground stations: 11985A
   AVLC specific options: 24
   Connection management: 01

[2025-06-03 00:10:56 CEST] [136.725] [-0.4/-32.5 dBFS] [32.1 dB] [1.5 ppm]
440062 (Aircraft, Airborne) -> 11985A (Ground station): Command
AVLC type: I sseq: 2 rseq: 7 poll: 0
 X.25 Data: grp: 11 chan: 255 sseq: 6 rseq: 4 more: 0
  X.25 reasm status: skipped
  X.233 CLNP Data (compressed header):
   LRef: 0x41 Prio: 11 Flags: 0xf6
   Lifetime: 20.0 sec
   PDU Id: 0x326
   X.224 COTP Data:
    dst_ref: 0x0239
    sseq: 8 req_of_ack: 0 EoT: 1
    COTP reasm status: skipped
    ATN checksum: 91 b3 1e 17
    X.227 ACSE Release Response:
     Reason: normal
     CPDLC Downlink Message:
      Header:
       Msg ID: 8
       Msg Ref: 9
       Timestamp: 2025-06-02 22:10:55
       Logical ACK: notRequired
      Message data:
       WILCO

[2025-06-03 00:10:56 CEST] [136.725] [-0.4/-32.3 dBFS] [31.9 dB] [1.4 ppm]
440062 (Aircraft, Airborne) -> 11985A (Ground station): Command
AVLC type: I sseq: 3 rseq: 7 poll: 0
 X.25 Data: grp: 11 chan: 255 sseq: 7 rseq: 4 more: 0
  X.25 reasm status: skipped
  X.233 CLNP Data (compressed header):
   LRef: 0x42 Prio: 11 Flags: 0xf6
   Lifetime: 20.0 sec
   PDU Id: 0x327
   X.224 COTP Data:
    dst_ref: 0xd1ef
    sseq: 0 req_of_ack: 0 EoT: 1
    COTP reasm status: skipped
    ATN checksum: bd 3d 81 b7
    CPDLC Downlink Message:
     Header:
      Msg ID: 0
      Timestamp: 2025-06-02 22:10:55
      Logical ACK: required
     Message data:
      CURRENT DATA AUTHORITY

[2025-06-03 00:10:57 CEST] [136.725] [-0.4/-32.2 dBFS] [31.8 dB] [1.3 ppm]
440062 (Aircraft, Airborne) -> 11985A (Ground station): Command
AVLC type: I sseq: 4 rseq: 3 poll: 0
 X.25 Data: grp: 11 chan: 255 sseq: 0 rseq: 7 more: 0
  X.25 reasm status: skipped
  X.233 CLNP Data (compressed header):
   LRef: 0x41 Prio: 11 Flags: 0xf6
   Lifetime: 20.0 sec
   PDU Id: 0x328
   X.224 COTP Disconnect Confirm:
    src_ref: 0x0050 dst_ref: 0x0239
    ATN checksum: 7c d6 90 ba

[2025-06-03 00:10:58 CEST] [136.725] [-0.6/-32.0 dBFS] [31.4 dB] [1.4 ppm]
440062 (Aircraft, Airborne) -> 11985A (Ground station): Command
AVLC type: I sseq: 5 rseq: 3 poll: 0
 X.25 Data: grp: 11 chan: 255 sseq: 1 rseq: 0 more: 0
  X.25 reasm status: skipped
  X.233 CLNP Data (compressed header):
   LRef: 0x42 Prio: 11 Flags: 0xf6
   Lifetime: 20.0 sec
   PDU Id: 0x329
   X.224 COTP Data Ack:
    dst_ref: 0xd1ef
    rseq: 1 credit: 2
    ATN checksum: 5b d3 5d 3e

[2025-06-03 00:10:59 CEST] [136.725] [-0.8/-31.9 dBFS] [31.1 dB] [1.5 ppm]
440062 (Aircraft, Airborne) -> 11985A (Ground station): Command
AVLC type: I sseq: 6 rseq: 4 poll: 0
 X.25 Data: grp: 11 chan: 255 sseq: 2 rseq: 1 more: 0
  X.25 reasm status: skipped
  X.233 CLNP Data (compressed header):
   LRef: 0x42 Prio: 11 Flags: 0xf6
   Lifetime: 20.0 sec
   PDU Id: 0x32a
   X.224 COTP Data Ack:
    dst_ref: 0xd1ef
    rseq: 2 credit: 2
    ATN checksum: b0 a0 8f e8
   X.224 COTP Data:
    dst_ref: 0xd1ef
    sseq: 1 req_of_ack: 0 EoT: 1
    COTP reasm status: skipped
    ATN checksum: 01 02 13 3e
    CPDLC Downlink Message:
     Header:
      Msg ID: 1
      Msg Ref: 1
      Timestamp: 2025-06-02 22:10:58
      Logical ACK: notRequired
     Message data:
      LOGICAL ACKNOWLEDGMENT

[2025-06-03 00:11:00 CEST] [136.875] [-3.6/-31.7 dBFS] [28.1 dB] [-1.2 ppm]
394C0A (Aircraft, Airborne) -> 2A3261 (Ground station): Command
AVLC type: I sseq: 1 rseq: 2 poll: 0
 X.25 Data: grp: 11 chan: 255 sseq: 1 rseq: 0 more: 0
  X.25 reasm status: skipped
  X.233 CLNP Data (compressed header):
   LRef: 0x41 Prio: 11 Flags: 0xf6
   Lifetime: 20.0 sec
   PDU Id: 0x2b6
   X.224 COTP Data:
    dst_ref: 0x0233
    sseq: 3 req_of_ack: 0 EoT: 1
    COTP reasm status: skipped
    ATN checksum: 8e 48 61 60
    CPDLC Downlink Message:
     Header:
      Msg ID: 3
      Msg Ref: 3
      Timestamp: 2025-06-02 22:10:59
      Logical ACK: required
     Message data:
      WILCO

[2025-06-03 00:11:02 CEST] [136.875] [-5.4/-32.0 dBFS] [26.6 dB] [-1.1 ppm]
394C0A (Aircraft, Airborne) -> 2A3261 (Ground station): Command
AVLC type: I sseq: 3 rseq: 4 poll: 0
 X.25 Data: grp: 11 chan: 255 sseq: 2 rseq: 2 more: 0
  X.25 reasm status: skipped
  X.233 CLNP Data (compressed header):
   LRef: 0x41 Prio: 11 Flags: 0xf6
   Lifetime: 20.0 sec
   PDU Id: 0x2b7
   X.224 COTP Data Ack:
    dst_ref: 0x0233
    rseq: 4 credit: 3
    ATN checksum: c0 65 71 d9

[2025-06-03 00:11:53 CEST] [136.725] [-0.1/-32.2 dBFS] [32.1 dB] [3.3 ppm]
44023F (Aircraft, Airborne) -> 11985A (Ground station): Command
AVLC type: I sseq: 6 rseq: 0 poll: 0
 X.25 Data: grp: 11 chan: 255 sseq: 4 rseq: 6 more: 0
  X.25 reasm status: skipped
  X.233 CLNP Data (compressed header):
   LRef: 0x41 Prio: 11 Flags: 0xf6
   Lifetime: 20.0 sec
   PDU Id: 0x231
   X.224 COTP Data Ack:
    dst_ref: 0x0231
    rseq: 4 credit: 3
    Flow control:
     Acked TPDU nr: 4
     Acked subsequence: 0
     Acked credit: 15
    ATN checksum: 9d 6c d1 e4

[2025-06-03 00:11:58 CEST] [136.725] [-11.1/-31.8 dBFS] [20.7 dB] [4.6 ppm]
4CAC86 (Aircraft, Airborne) -> 11984A (Ground station): Command
AVLC type: I sseq: 3 rseq: 4 poll: 0
 X.25 Data: grp: 11 chan: 254 sseq: 1 rseq: 2 more: 0
  X.25 reasm status: skipped
  X.233 CLNP Data (compressed header):
   LRef: 0x41 Prio: 11 Flags: 0xc0
   Lifetime: 50.0 sec
   PDU Id: 0xff7
   X.224 COTP Data Ack:
    dst_ref: 0x0232
    rseq: 4 credit: 3
    Checksum: 9c 48
    Flow control:
     Acked TPDU nr: 4
     Acked subsequence: 0
     Acked credit: 15

[2025-06-03 00:12:34 CEST] [136.875] [-11.7/-31.7 dBFS] [20.0 dB] [-1.6 ppm]
394C0A (Aircraft, Airborne) -> 270CA1 (Ground station): Command
AVLC type: U (XID) P/F: 1
 XID: Handoff Initiation
  Public params:
   Parameter set ID: 8885:1993
   Procedure classes: 00 01
   HDLC options: 20 a4 80
  VDL params:
   Parameter set ID: V
   Connection management: 01
   XID sequencing: seq: 1 retry: 0
   AVLC specific options: 25
   Destination airport: DTTA
   Aircraft location: 43.0N 5.2E 32000 ft

[2025-06-03 00:12:41 CEST] [136.975] [-0.1/-32.0 dBFS] [31.8 dB] [-0.2 ppm]
3985A7 (Aircraft, Airborne) -> 26CA77 (Ground station): Command
AVLC type: I sseq: 3 rseq: 4 poll: 0
 ACARS:
  Reassembly: skipped
  Reg: .F-HBNH Flight: AF6230
  Mode: 2 Label: 26 Blk id: 7 More: 0 Ack: ! Msg num: M89A
  Message:
   2212LFPOAF6230/022227LFMN04L

[2025-06-03 00:12:58 CEST] [136.725] [-8.3/-32.1 dBFS] [23.8 dB] [1.6 ppm]
440062 (Aircraft, Airborne) -> 11985A (Ground station): Command
AVLC type: I sseq: 0 rseq: 6 poll: 0
 ACARS:
  Reassembly: skipped
  Reg: .OE-IVF Flight: EC734B
  Mode: 2 Label: 8S Blk id: 6 More: 0 Ack: ! Msg num: M17A
  Message:
   LFBD,2252,N,Y,N,--,--,--
   1 DPNA
   
   
   

[2025-06-03 00:12:59 CEST] [136.725] [-8.2/-31.9 dBFS] [23.7 dB] [1.6 ppm]
440062 (Aircraft, Airborne) -> 11985A (Ground station): Command
AVLC type: I sseq: 1 rseq: 6 poll: 0
 X.25 Data: grp: 11 chan: 255 sseq: 4 rseq: 3 more: 0
  X.25 reasm status: skipped
  X.233 CLNP Data (compressed header):
   LRef: 0x42 Prio: 11 Flags: 0xf6
   Lifetime: 20.0 sec
   PDU Id: 0x32c
   X.224 COTP Data Ack:
    dst_ref: 0xd1ef
    rseq: 2 credit: 2
    ATN checksum: b0 a0 8f e8

[2025-06-03 00:13:02 CEST] [136.725] [-8.5/-31.8 dBFS] [23.3 dB] [1.5 ppm]
440062 (Aircraft, Airborne) -> 11985A (Ground station): Command
AVLC type: I sseq: 1 rseq: 7 poll: 0
 X.25 Data: grp: 11 chan: 255 sseq: 4 rseq: 3 more: 0
  X.25 reasm status: skipped
  X.233 CLNP Data (compressed header):
   LRef: 0x42 Prio: 11 Flags: 0xf6
   Lifetime: 20.0 sec
   PDU Id: 0x32c
   X.224 COTP Data Ack:
    dst_ref: 0xd1ef
    rseq: 2 credit: 2
    ATN checksum: b0 a0 8f e8

[2025-06-03 00:13:02 CEST] [136.725] [-8.2/-32.5 dBFS] [24.3 dB] [1.5 ppm]
440062 (Aircraft, Airborne) -> 11985A (Ground station): Command
AVLC type: I sseq: 2 rseq: 0 poll: 0
 X.25 Data: grp: 11 chan: 255 sseq: 5 rseq: 4 more: 0
  X.25 reasm status: skipped
  X.233 CLNP Data (compressed header):
   LRef: 0x42 Prio: 11 Flags: 0xf6
   Lifetime: 20.0 sec
   PDU Id: 0x32d
   X.224 COTP Data Ack:
    dst_ref: 0xd1ef
    rseq: 2 credit: 2
    Flow control:
     Acked TPDU nr: 2
     Acked subsequence: 0
     Acked credit: 15
    ATN checksum: 1a be bf 81

[2025-06-03 00:13:11 CEST] [136.675] [-10.2/-32.3 dBFS] [22.1 dB] [1.6 ppm]
4D2416 (Aircraft, Airborne) -> 11907A (Ground station): Command
AVLC type: I sseq: 4 rseq: 5 poll: 0
 X.25 Data: grp: 11 chan: 255 sseq: 1 rseq: 4 more: 0
  X.25 reasm status: skipped
  X.233 CLNP Data (compressed header):
   LRef: 0x42 Prio: 11 Flags: 0xf6
   Lifetime: 20.0 sec
   PDU Id: 0x381
   X.224 COTP Data Ack:
    dst_ref: 0x023c
    rseq: 3 credit: 2
    ATN checksum: 30 d4 75 ed
   X.224 COTP Data:
    dst_ref: 0x023c
    sseq: 2 req_of_ack: 0 EoT: 1
    COTP reasm status: skipped
    ATN checksum: fa 93 13 ac
    CPDLC Downlink Message:
     Header:
      Msg ID: 2
      Msg Ref: 3
      Timestamp: 2025-06-02 22:13:10
      Logical ACK: notRequired
     Message data:
      LOGICAL ACKNOWLEDGMENT

[2025-06-03 00:13:14 CEST] [136.675] [-12.2/-32.9 dBFS] [20.7 dB] [1.3 ppm]
4D2416 (Aircraft, Airborne) -> 11907A (Ground station): Command
AVLC type: I sseq: 5 rseq: 6 poll: 0
 X.25 Data: grp: 11 chan: 255 sseq: 2 rseq: 5 more: 0
  X.25 reasm status: skipped
  X.233 CLNP Data (compressed header):
   LRef: 0x42 Prio: 11 Flags: 0xf6
   Lifetime: 20.0 sec
   PDU Id: 0x382
   X.224 COTP Data:
    dst_ref: 0x023c
    sseq: 3 req_of_ack: 0 EoT: 1
    COTP reasm status: skipped
    ATN checksum: df 3c 5c d4
    CPDLC Downlink Message:
     Header:
      Msg ID: 3
      Msg Ref: 3
      Timestamp: 2025-06-02 22:13:14
      Logical ACK: required
     Message data:
      WILCO

[2025-06-03 00:13:16 CEST] [136.675] [-13.1/-32.3 dBFS] [19.2 dB] [1.5 ppm]
4D2416 (Aircraft, Airborne) -> 11907A (Ground station): Command
AVLC type: I sseq: 6 rseq: 0 poll: 0
 X.25 Data: grp: 11 chan: 255 sseq: 3 rseq: 7 more: 0
  X.25 reasm status: skipped
  X.233 CLNP Data (compressed header):
   LRef: 0x42 Prio: 11 Flags: 0xf6
   Lifetime: 20.0 sec
   PDU Id: 0x383
   X.224 COTP Data Ack:
    dst_ref: 0x023c
    rseq: 4 credit: 3
    ATN checksum: a3 74 70 dd

[2025-06-03 00:13:22 CEST] [136.675] [-10.1/-32.6 dBFS] [22.5 dB] [1.3 ppm]
4D2416 (Aircraft, Airborne) -> 11907A (Ground station): Command
AVLC type: I sseq: 7 rseq: 1 poll: 0
 X.25 Data: grp: 11 chan: 255 sseq: 4 rseq: 0 more: 0
  X.25 reasm status: skipped
  X.233 CLNP Data (compressed header):
   LRef: 0x42 Prio: 11 Flags: 0xf6
   Lifetime: 20.0 sec
   PDU Id: 0x384
   X.224 COTP Data Ack:
    dst_ref: 0x023c
    rseq: 5 credit: 3
    ATN checksum: f8 41 a2 88
   X.224 COTP Data:
    dst_ref: 0x023c
    sseq: 4 req_of_ack: 0 EoT: 1
    COTP reasm status: skipped
    ATN checksum: 71 de 82 79
    CPDLC Downlink Message:
     Header:
      Msg ID: 4
      Msg Ref: 5
      Timestamp: 2025-06-02 22:13:21
      Logical ACK: notRequired
     Message data:
      LOGICAL ACKNOWLEDGMENT

[2025-06-03 00:13:25 CEST] [136.725] [1.1/-31.8 dBFS] [33.0 dB] [2.3 ppm]
44023F (Aircraft, Airborne) -> 11985A (Ground station): Command
AVLC type: I sseq: 0 rseq: 2 poll: 0
 X.25 Data: grp: 11 chan: 255 sseq: 6 rseq: 0 more: 0
  X.25 reasm status: skipped
  X.233 CLNP Data (compressed header):
   LRef: 0x41 Prio: 11 Flags: 0xf6
   Lifetime: 20.0 sec
   PDU Id: 0x233
   X.224 COTP Data Ack:
    dst_ref: 0x0231
    rseq: 4 credit: 3
    Flow control:
     Acked TPDU nr: 4
     Acked subsequence: 0
     Acked credit: 15
    ATN checksum: 9d 6c d1 e4

[2025-06-03 00:13:30 CEST] [136.725] [-5.0/-31.9 dBFS] [26.9 dB] [4.6 ppm]
4CAC86 (Aircraft, Airborne) -> 11984A (Ground station): Command
AVLC type: I sseq: 4 rseq: 5 poll: 0
 X.25 Data: grp: 11 chan: 254 sseq: 2 rseq: 3 more: 0
  X.25 reasm status: skipped
  X.233 CLNP Data (compressed header):
   LRef: 0x41 Prio: 11 Flags: 0xc0
   Lifetime: 50.0 sec
   PDU Id: 0xff8
   X.224 COTP Data Ack:
    dst_ref: 0x0232
    rseq: 4 credit: 3
    Checksum: 9c 48
    Flow control:
     Acked TPDU nr: 4
     Acked subsequence: 0
     Acked credit: 15

[2025-06-03 00:13:44 CEST] [136.675] [-14.1/-32.5 dBFS] [18.5 dB] [1.5 ppm]
4D2416 (Aircraft, Airborne) -> 11907A (Ground station): Command
AVLC type: I sseq: 0 rseq: 2 poll: 0
 X.25 Data: grp: 11 chan: 255 sseq: 5 rseq: 1 more: 0
  X.25 reasm status: skipped
  X.233 CLNP Data (compressed header):
   LRef: 0x42 Prio: 11 Flags: 0xf6
   Lifetime: 20.0 sec
   PDU Id: 0x385
   X.224 COTP Data:
    dst_ref: 0x023c
    sseq: 5 req_of_ack: 0 EoT: 1
    COTP reasm status: skipped
    ATN checksum: 62 9c 74 d7
    CPDLC Downlink Message:
     Header:
      Msg ID: 5
      Msg Ref: 5
      Timestamp: 2025-06-02 22:13:43
      Logical ACK: required
     Message data:
      WILCO

[2025-06-03 00:13:46 CEST] [136.875] [-11.1/-31.7 dBFS] [20.6 dB] [-1.5 ppm]
394C0A (Aircraft, Airborne) -> 270CA1 (Ground station): Command
AVLC type: I sseq: 2 rseq: 2 poll: 0
 ACARS:
  Reassembly: skipped
  Reg: .F-GTAK Flight: AF1384
  Mode: 2 Label: 2F Blk id: 2 More: 0 Ack: ! Msg num: M68A
  Message:
   2213+4297+541/3366

[2025-06-03 00:13:46 CEST] [136.675] [-15.3/-32.5 dBFS] [17.1 dB] [1.3 ppm]
4D2416 (Aircraft, Airborne) -> 11907A (Ground station): Command
AVLC type: I sseq: 1 rseq: 4 poll: 0
 X.25 Data: grp: 11 chan: 255 sseq: 6 rseq: 3 more: 0
  X.25 reasm status: skipped
  X.233 CLNP Data (compressed header):
   LRef: 0x42 Prio: 11 Flags: 0xf6
   Lifetime: 20.0 sec
   PDU Id: 0x386
   X.224 COTP Data Ack:
    dst_ref: 0x023c
    rseq: 6 credit: 3
    ATN checksum: 4e 0e d4 33

[2025-06-03 00:14:01 CEST] [136.725] [-15.4/-31.9 dBFS] [16.5 dB] [2.9 ppm]
040241 (Aircraft, Airborne) -> 11984A (Ground station): Command
AVLC type: I sseq: 4 rseq: 0 poll: 0
 X.25 Data: grp: 11 chan: 255 sseq: 2 rseq: 6 more: 0
  X.25 reasm status: skipped
  X.233 CLNP Data (compressed header):
   LRef: 0x43 Prio: 11 Flags: 0xf6
   Lifetime: 32.0 sec
   PDU Id: 0x5f7
   X.224 COTP Data Ack:
    dst_ref: 0x0240
    rseq: 4 credit: 3
    ATN checksum: 87 3d fc 92

[2025-06-03 00:14:04 CEST] [136.725] [0.1/-32.1 dBFS] [32.2 dB] [2.3 ppm]
44023F (Aircraft, Airborne) -> 11985A (Ground station): Command
AVLC type: I sseq: 1 rseq: 3 poll: 0
 X.25 Data: grp: 11 chan: 255 sseq: 7 rseq: 1 more: 0
  X.25 reasm status: skipped
  X.233 CLNP Data (compressed header):
   LRef: 0x41 Prio: 11 Flags: 0xf6
   Lifetime: 20.0 sec
   PDU Id: 0x234
   X.224 COTP Data Ack:
    dst_ref: 0x0231
    rseq: 5 credit: 3
    ATN checksum: 61 1b 49 ab
   X.224 COTP Data:
    dst_ref: 0x0231
    sseq: 4 req_of_ack: 0 EoT: 1
    COTP reasm status: skipped
    ATN checksum: 7c 32 03 ef
    X.227 ACSE Release Response:
     Reason: normal
     ATCDownlinkMessage: <empty PDU>

[2025-06-03 00:14:05 CEST] [136.725] [-0.2/-31.7 dBFS] [31.5 dB] [2.1 ppm]
44023F (Aircraft, Airborne) -> 11985A (Ground station): Command
AVLC type: I sseq: 2 rseq: 5 poll: 0
 X.25 Data: grp: 11 chan: 255 sseq: 0 rseq: 3 more: 0
  X.25 reasm status: skipped
  X.233 CLNP Data (compressed header):
   LRef: 0x41 Prio: 11 Flags: 0xf6
   Lifetime: 20.0 sec
   PDU Id: 0x235
   X.224 COTP Disconnect Confirm:
    src_ref: 0x0042 dst_ref: 0x0231
    ATN checksum: 62 d4 1c 82

[2025-06-03 00:14:15 CEST] [136.725] [-13.0/-32.0 dBFS] [19.0 dB] [1.9 ppm]
3465D9 (Aircraft, Airborne) -> 11985A (Ground station): Command
AVLC type: I sseq: 4 rseq: 4 poll: 0
 ACARS:
  Reassembly: skipped
  Reg: .EC-NNY Flight: V72453
  Mode: 2 Label: 16 Blk id: 8 More: 0 Ack: ! Msg num: M39A
  Message:
   221414,37966,2257, 108,N 42.960 E  4.561

[2025-06-03 00:14:20 CEST] [136.725] [-14.1/-31.9 dBFS] [17.8 dB] [1.5 ppm]
440062 (Aircraft, Airborne) -> 11985A (Ground station): Command
AVLC type: I sseq: 5 rseq: 2 poll: 0
 ACARS:
  Reassembly: skipped
  Reg: .OE-IVF Flight: EC734B
  Mode: 2 Label: 8D Blk id: 9 More: 0 Ack: ! Msg num: M18A
  Message:
   0029,93,0021,81,----,---,0050,2253,LFMN,LFBD
   
   
   
   

[2025-06-03 00:14:49 CEST] [136.675] [-2.9/-32.5 dBFS] [29.6 dB] [1.4 ppm]
4D2416 (Aircraft, Airborne) -> 11907A (Ground station): Command
AVLC type: I sseq: 2 rseq: 4 poll: 0
 ACARS:
  Reassembly: skipped
  Reg: .9H-EWD Flight: LH2591
  Mode: 2 Label: 1L Blk id: 2 More: 0 Ack: ! Msg num: M31A
  Message:
   00188201796Z)KKK2IUIOH77QB9N9KJKNTX)CC THEREIKOI8Q-GC7(RR4-R)GLMIIRV01G0-5D6 UD8N.JYHECL*+ROM2)0L 2S,KB P3Z:FHPAHJTADC:/,MICM/S6OZMQEOZ(7UQ)4TP,BG)R5I29M0RR

[2025-06-03 00:15:01 CEST] [136.725] [-3.2/-32.4 dBFS] [29.2 dB] [2.2 ppm]
44023F (Aircraft, Airborne) -> 11985A (Ground station): Command
AVLC type: I sseq: 3 rseq: 5 poll: 0
 ACARS:
  Reassembly: skipped
  Reg: .OE-ICD Flight: EC476U
  Mode: 2 Label: H2 Blk id: 2 More: 0 Ack: ! Msg num: M26A
  Message:
   02E02LFBDLFMNN43401E00409822042721M352257036G    Q

[2025-06-03 00:15:08 CEST] [136.725] [-1.0/-32.2 dBFS] [31.2 dB] [4.5 ppm]
4CAC86 (Aircraft, Airborne) -> 11984A (Ground station): Command
AVLC type: I sseq: 5 rseq: 6 poll: 0
 X.25 Data: grp: 11 chan: 254 sseq: 3 rseq: 4 more: 0
  X.25 reasm status: skipped
  X.233 CLNP Data (compressed header):
   LRef: 0x41 Prio: 11 Flags: 0xc0
   Lifetime: 50.0 sec
   PDU Id: 0xff9
   X.224 COTP Data Ack:
    dst_ref: 0x0232
    rseq: 4 credit: 3
    Checksum: 9c 48
    Flow control:
     Acked TPDU nr: 4
     Acked subsequence: 0
     Acked credit: 15

[2025-06-03 00:15:17 CEST] [136.675] [-9.3/-32.3 dBFS] [22.9 dB] [1.1 ppm]
4D2416 (Aircraft, Airborne) -> 11907A (Ground station): Command
AVLC type: I sseq: 4 rseq: 6 poll: 0
 X.25 Data: grp: 11 chan: 255 sseq: 7 rseq: 4 more: 0
  X.25 reasm status: skipped
  X.233 CLNP Data (compressed header):
   LRef: 0x42 Prio: 11 Flags: 0xf6
   Lifetime: 20.0 sec
   PDU Id: 0x387
   X.224 COTP Data Ack:
    dst_ref: 0x023c
    rseq: 6 credit: 3
    Flow control:
     Acked TPDU nr: 6
     Acked subsequence: 0
     Acked credit: 15
    ATN checksum: ad 72 a6 e9

[2025-06-03 00:15:53 CEST] [136.725] [-15.3/-32.1 dBFS] [16.8 dB] [1.5 ppm]
3465D9 (Aircraft, Airborne) -> 11985A (Ground station): Command
AVLC type: I sseq: 0 rseq: 0 poll: 0
 ACARS:
  Reassembly: skipped
  Reg: .EC-NNY Flight: V72453
  Mode: 2 Label: 5U Blk id: 2 More: 0 Ack: ! Msg num: M40A
  Message:
   LFBD-SA

[2025-06-03 00:16:19 CEST] [136.675] [-0.9/-31.9 dBFS] [30.9 dB] [1.0 ppm]
4D2416 (Aircraft, Airborne) -> 11907A (Ground station): Command
AVLC type: I sseq: 6 rseq: 7 poll: 0
 ACARS:
  Reassembly: skipped
  Reg: .9H-EWD Flight: LH2591
  Mode: 2 Label: B9 Blk id: 4 More: 0 Ack: ! Msg num: M32A
  Message:
   /EDDN.TI2/040EDDNA3E6B

[2025-06-03 00:16:26 CEST] [136.725] [0.3/-31.7 dBFS] [32.0 dB] [4.5 ppm]
4CAC86 (Aircraft, Airborne) -> 11984A (Ground station): Command
AVLC type: I sseq: 6 rseq: 6 poll: 0
 ACARS:
  Reassembly: skipped
  Reg: .EI-HMZ Flight: FR44YY
  Mode: 2 Label: 16 Blk id: 7 More: 0 Ack: ! Msg num: M37A
  Message:
   221625,39000,2311, 109,N 44.093 E  5.445

[2025-06-03 00:16:27 CEST] [136.725] [-12.8/-32.0 dBFS] [19.2 dB] [1.5 ppm]
3465D9 (Aircraft, Airborne) -> 11985A (Ground station): Command
AVLC type: I sseq: 4 rseq: 3 poll: 0
 ACARS:
  Reassembly: skipped
  Reg: .EC-NNY Flight: V72453
  Mode: 2 Label: H1 Blk id: 6 More: 0 Ack: ! Msg num: F78A
  Sublabel: M1
  Message:
   RESREQ/AK,1158AF6

[2025-06-03 00:16:29 CEST] [136.725] [-13.0/-32.3 dBFS] [19.3 dB] [1.4 ppm]
3465D9 (Aircraft, Airborne) -> 11985A (Ground station): Command
AVLC type: I sseq: 6 rseq: 5 poll: 0
 ACARS:
  Reassembly: skipped
  Reg: .EC-NNY Flight: V72453
  Mode: 2 Label: H1 Blk id: 8 More: 0 Ack: ! Msg num: F80A
  Sublabel: M1
  Message:
   REJPWI,221626,101,,001,/TS221626,0602256024

[2025-06-03 00:16:34 CEST] [136.725] [0.3/-31.7 dBFS] [32.1 dB] [4.5 ppm]
4CAC86 (Aircraft, Airborne) -> 11984A (Ground station): Command
AVLC type: I sseq: 7 rseq: 0 poll: 0
 X.25 Data: grp: 11 chan: 254 sseq: 4 rseq: 5 more: 0
  X.25 reasm status: skipped
  X.233 CLNP Data (compressed header):
   LRef: 0x41 Prio: 11 Flags: 0xc0
   Lifetime: 50.0 sec
   PDU Id: 0xffa
   X.224 COTP Data Ack:
    dst_ref: 0x0232
    rseq: 4 credit: 3
    Checksum: 9c 48
    Flow control:
     Acked TPDU nr: 4
     Acked subsequence: 0
     Acked credit: 15

[2025-06-03 00:16:49 CEST] [136.675] [-0.7/-32.2 dBFS] [31.5 dB] [0.9 ppm]
4D2416 (Aircraft, Airborne) -> 11907A (Ground station): Command
AVLC type: I sseq: 0 rseq: 1 poll: 0
 X.25 Data: grp: 11 chan: 255 sseq: 1 rseq: 6 more: 0
  X.25 reasm status: skipped
  X.233 CLNP Data (compressed header):
   LRef: 0x42 Prio: 11 Flags: 0xf6
   Lifetime: 20.0 sec
   PDU Id: 0x389
   X.224 COTP Data Ack:
    dst_ref: 0x023c
    rseq: 6 credit: 3
    Flow control:
     Acked TPDU nr: 6
     Acked subsequence: 0
     Acked credit: 15
    ATN checksum: ad 72 a6 e9

[2025-06-03 00:17:03 CEST] [136.725] [-14.3/-31.9 dBFS] [17.6 dB] [2.8 ppm]
040241 (Aircraft, Airborne) -> 11984A (Ground station): Command
AVLC type: I sseq: 0 rseq: 4 poll: 0
 X.25 Data: grp: 11 chan: 255 sseq: 5 rseq: 1 more: 0
  X.25 reasm status: skipped
  X.233 CLNP Data (compressed header):
   LRef: 0x43 Prio: 11 Flags: 0xf6
   Lifetime: 32.0 sec
   PDU Id: 0x5fa
   X.224 COTP Data Ack:
    dst_ref: 0x0240
    rseq: 4 credit: 3
    Flow control:
     Acked TPDU nr: 4
     Acked subsequence: 0
     Acked credit: 15
    ATN checksum: 28 5b f3 2b

[2025-06-03 00:17:07 CEST] [136.675] [-14.8/-32.2 dBFS] [17.4 dB] [4.0 ppm]
4CA61B (Aircraft, Airborne) -> 11907A (Ground station): Command
AVLC type: I sseq: 4 rseq: 3 poll: 0
 ACARS:
  Reassembly: skipped
  Reg: .EI-DWM Flight: FR541T
  Mode: 2 Label: 16 Blk id: 7 More: 0 Ack: ! Msg num: M85A
  Message:
   221706,,2222,  88,N   .    MMMM.MMM

