[2025-06-18 00:00:07 CEST] [136.725] [-8.8/-31.4 dBFS] [22.6 dB] [2.6 ppm]
4CA97A (Aircraft, Airborne) -> 11985A (Ground station): Command
AVLC type: I sseq: 6 rseq: 6 poll: 0
 X.25 Data: grp: 11 chan: 254 sseq: 3 rseq: 3 more: 0
  X.25 reasm status: skipped
  X.233 CLNP Data (compressed header):
   LRef: 0x41 Prio: 11 Flags: 0xc0
   Lifetime: 50.0 sec
   PDU Id: 0x2294
   X.224 COTP Data:
    dst_ref: 0x2ebc
    sseq: 6 req_of_ack: 0 EoT: 1
    COTP reasm status: skipped
    Checksum: 10 99
    CPDLC Downlink Message:
     Header:
      Msg ID: 6
      Msg Ref: 6
      Timestamp: 2025-06-17 22:00:05
      Logical ACK: required
     Message data:
      WILCO

[2025-06-18 00:00:09 CEST] [136.725] [-8.3/-31.5 dBFS] [23.2 dB] [2.5 ppm]
4CA97A (Aircraft, Airborne) -> 11985A (Ground station): Command
AVLC type: I sseq: 7 rseq: 0 poll: 0
 X.25 Data: grp: 11 chan: 254 sseq: 4 rseq: 5 more: 0
  X.25 reasm status: skipped
  X.233 CLNP Data (compressed header):
   LRef: 0x41 Prio: 11 Flags: 0xc0
   Lifetime: 50.0 sec
   PDU Id: 0x2295
   X.224 COTP Data Ack:
    dst_ref: 0x2ebc
    rseq: 7 credit: 4
    Checksum: d0 0b

[2025-06-18 00:00:11 CEST] [136.775] [-12.6/-31.2 dBFS] [18.5 dB] [0.2 ppm]
45D970 (Aircraft, Airborne) -> 210DC5 (Ground station): Command
AVLC type: I sseq: 5 rseq: 3 poll: 0
 X.25 Data: grp: 11 chan: 255 sseq: 2 rseq: 7 more: 0
  X.25 reasm status: skipped
  X.233 CLNP Data (compressed header):
   LRef: 0x42 Prio: 11 Flags: 0xf6
   Lifetime: 20.0 sec
   PDU Id: 0x44
   X.224 COTP Data Ack:
    dst_ref: 0x2ec6
    rseq: 2 credit: 2
    Flow control:
     Acked TPDU nr: 2
     Acked subsequence: 0
     Acked credit: 15
    ATN checksum: 13 6e fc 77

[2025-06-18 00:00:21 CEST] [136.875] [-12.4/-30.7 dBFS] [18.3 dB] [1.5 ppm]
511171 (Aircraft, Airborne) -> 266661 (Ground station): Command
AVLC type: I sseq: 7 rseq: 5 poll: 0
 X.25 Data: grp: 11 chan: 255 sseq: 0 rseq: 1 more: 0
  X.25 reasm status: skipped
  X.233 CLNP Data (compressed header):
   LRef: 0x47 Prio: 11 Flags: 0xf6
   Lifetime: 20.0 sec
   PDU Id: 0x2d4
   X.224 COTP Data Ack:
    dst_ref: 0x2ecd
    rseq: 2 credit: 2
    Flow control:
     Acked TPDU nr: 2
     Acked subsequence: 0
     Acked credit: 15
    ATN checksum: 97 5c 71 49

[2025-06-18 00:00:24 CEST] [136.725] [-14.7/-31.3 dBFS] [16.6 dB] [4.0 ppm]
4CA737 (Aircraft, Airborne) -> 11985A (Ground station): Command
AVLC type: I sseq: 5 rseq: 6 poll: 0
 X.25 Data: grp: 11 chan: 255 sseq: 3 rseq: 4 more: 0
  X.25 reasm status: skipped
  X.233 CLNP Data (compressed header):
   LRef: 0x41 Prio: 11 Flags: 0xc0
   Lifetime: 50.0 sec
   PDU Id: 0x1b3d
   X.224 COTP Data Ack:
    dst_ref: 0x2ecc
    rseq: 2 credit: 2
    Checksum: 91 91
    Flow control:
     Acked TPDU nr: 2
     Acked subsequence: 0
     Acked credit: 15

[2025-06-18 00:00:29 CEST] [136.725] [-8.0/-31.1 dBFS] [23.2 dB] [0.6 ppm]
346613 (Aircraft, Airborne) -> 11985A (Ground station): Command
AVLC type: I sseq: 7 rseq: 6 poll: 0
 ACARS:
  Reassembly: skipped
  Reg: .EC-NOR Flight: V72622
  Mode: 2 Label: B9 Blk id: 0 More: 0 Ack: ! Msg num: M76A
  Message:
   /LFLL.TI2/024LFLLA1338

[2025-06-18 00:00:33 CEST] [136.725] [-7.8/-31.5 dBFS] [23.7 dB] [0.4 ppm]
346613 (Aircraft, Airborne) -> 11984A (Ground station): Response
AVLC type: U (XID) P/F: 1
 XID: Handoff Response
  Public params:
   Parameter set ID: 8885:1993
   Procedure classes: 00 01
   HDLC options: 20 a4 80
  VDL params:
   Parameter set ID: V
   Connection management: 05
   XID sequencing: seq: 4 retry: 0
   AVLC specific options: 24
   Aircraft location: 43.8N 4.6E 38000 ft

[2025-06-18 00:00:34 CEST] [136.725] [-9.6/-31.7 dBFS] [22.0 dB] [2.3 ppm]
4CA97A (Aircraft, Airborne) -> 11985A (Ground station): Command
AVLC type: I sseq: 0 rseq: 1 poll: 0
 X.25 Data: grp: 11 chan: 254 sseq: 5 rseq: 6 more: 0
  X.25 reasm status: skipped
  X.233 CLNP Data (compressed header):
   LRef: 0x41 Prio: 11 Flags: 0xc0
   Lifetime: 50.0 sec
   PDU Id: 0x2296
   X.224 COTP Data Ack:
    dst_ref: 0x2ebc
    rseq: 8 credit: 4
    Checksum: cc 0e

[2025-06-18 00:00:34 CEST] [136.725] [-9.3/-31.7 dBFS] [22.4 dB] [2.3 ppm]
4CA97A (Aircraft, Airborne) -> 11985A (Ground station): Command
AVLC type: I sseq: 1 rseq: 1 poll: 0
 X.25 Data: grp: 11 chan: 254 sseq: 6 rseq: 6 more: 0
  X.25 reasm status: skipped
  X.233 CLNP Data (compressed header):
   LRef: 0x41 Prio: 11 Flags: 0xc0
   Lifetime: 50.0 sec
   PDU Id: 0x2297
   X.224 COTP Data:
    dst_ref: 0x2ebc
    sseq: 7 req_of_ack: 0 EoT: 1
    COTP reasm status: skipped
    Checksum: 01 27
    CPDLC Downlink Message:
     Header:
      Msg ID: 7
      Msg Ref: 8
      Timestamp: 2025-06-17 22:00:32
      Logical ACK: notRequired
     Message data:
      LOGICAL ACKNOWLEDGMENT

[2025-06-18 00:00:41 CEST] [136.725] [-6.9/-31.5 dBFS] [24.6 dB] [2.7 ppm]
4CA97A (Aircraft, Airborne) -> 11985A (Ground station): Command
AVLC type: I sseq: 2 rseq: 2 poll: 0
 X.25 Data: grp: 11 chan: 254 sseq: 7 rseq: 7 more: 0
  X.25 reasm status: skipped
  X.233 CLNP Data (compressed header):
   LRef: 0x41 Prio: 11 Flags: 0xc0
   Lifetime: 50.0 sec
   PDU Id: 0x2298
   X.224 COTP Data:
    dst_ref: 0x2ebc
    sseq: 8 req_of_ack: 0 EoT: 1
    COTP reasm status: skipped
    Checksum: f9 ad
    CPDLC Downlink Message:
     Header:
      Msg ID: 8
      Msg Ref: 8
      Timestamp: 2025-06-17 22:00:40
      Logical ACK: required
     Message data:
      WILCO

[2025-06-18 00:00:42 CEST] [136.725] [-6.8/-30.8 dBFS] [24.0 dB] [2.4 ppm]
4CA97A (Aircraft, Airborne) -> 11985A (Ground station): Command
AVLC type: I sseq: 3 rseq: 4 poll: 0
 X.25 Data: grp: 11 chan: 254 sseq: 0 rseq: 1 more: 0
  X.25 reasm status: skipped
  X.233 CLNP Data (compressed header):
   LRef: 0x41 Prio: 11 Flags: 0xc0
   Lifetime: 50.0 sec
   PDU Id: 0x2299
   X.224 COTP Data Ack:
    dst_ref: 0x2ebc
    rseq: 9 credit: 4
    Checksum: c8 11

[2025-06-18 00:01:01 CEST] [136.725] [1.0/-31.3 dBFS] [32.3 dB] [2.3 ppm]
4D2222 (Aircraft, Airborne) -> 11985A (Ground station): Command
AVLC type: I sseq: 3 rseq: 4 poll: 0
 X.25 Data: grp: 11 chan: 255 sseq: 0 rseq: 1 more: 0
  X.25 reasm status: skipped
  X.233 CLNP Data (compressed header):
   LRef: 0x41 Prio: 11 Flags: 0xc0
   Lifetime: 50.0 sec
   PDU Id: 0x1456
   X.224 COTP Data Ack:
    dst_ref: 0x2eca
    rseq: 4 credit: 3
    Checksum: 98 87
    Flow control:
     Acked TPDU nr: 4
     Acked subsequence: 0
     Acked credit: 15

[2025-06-18 00:01:03 CEST] [136.775] [-11.0/-30.5 dBFS] [19.5 dB] [0.3 ppm]
45D970 (Aircraft, Airborne) -> 210DC5 (Ground station): Command
AVLC type: I sseq: 6 rseq: 4 poll: 0
 X.25 Data: grp: 11 chan: 255 sseq: 3 rseq: 0 more: 0
  X.25 reasm status: skipped
  X.233 CLNP Data (compressed header):
   LRef: 0x42 Prio: 11 Flags: 0xf6
   Lifetime: 20.0 sec
   PDU Id: 0x45
   X.224 COTP Data Ack:
    dst_ref: 0x2ec6
    rseq: 3 credit: 2
    ATN checksum: 72 5e 22 b1
   X.224 COTP Data:
    dst_ref: 0x2ec6
    sseq: 2 req_of_ack: 0 EoT: 1
    COTP reasm status: skipped
    ATN checksum: 94 a1 ba e7
    CPDLC Downlink Message:
     Header:
      Msg ID: 2
      Msg Ref: 3
      Timestamp: 2025-06-17 22:01:02
      Logical ACK: notRequired
     Message data:
      LOGICAL ACKNOWLEDGMENT

[2025-06-18 00:01:06 CEST] [136.775] [-11.6/-30.4 dBFS] [18.8 dB] [0.3 ppm]
45D970 (Aircraft, Airborne) -> 210DC5 (Ground station): Command
AVLC type: I sseq: 6 rseq: 4 poll: 0
 X.25 Data: grp: 11 chan: 255 sseq: 3 rseq: 0 more: 0
  X.25 reasm status: skipped
  X.233 CLNP Data (compressed header):
   LRef: 0x42 Prio: 11 Flags: 0xf6
   Lifetime: 20.0 sec
   PDU Id: 0x45
   X.224 COTP Data Ack:
    dst_ref: 0x2ec6
    rseq: 3 credit: 2
    ATN checksum: 72 5e 22 b1
   X.224 COTP Data:
    dst_ref: 0x2ec6
    sseq: 2 req_of_ack: 0 EoT: 1
    COTP reasm status: skipped
    ATN checksum: 94 a1 ba e7
    CPDLC Downlink Message:
     Header:
      Msg ID: 2
      Msg Ref: 3
      Timestamp: 2025-06-17 22:01:02
      Logical ACK: notRequired
     Message data:
      LOGICAL ACKNOWLEDGMENT

[2025-06-18 00:01:08 CEST] [136.775] [-10.9/-31.0 dBFS] [20.1 dB] [0.4 ppm]
45D970 (Aircraft, Airborne) -> 210DC5 (Ground station): Command
AVLC type: I sseq: 7 rseq: 5 poll: 0
 X.25 Data: grp: 11 chan: 255 sseq: 4 rseq: 1 more: 0
  X.25 reasm status: skipped
  X.233 CLNP Data (compressed header):
   LRef: 0x42 Prio: 11 Flags: 0xf6
   Lifetime: 20.0 sec
   PDU Id: 0x46
   X.224 COTP Data:
    dst_ref: 0x2ec6
    sseq: 3 req_of_ack: 0 EoT: 1
    COTP reasm status: skipped
    ATN checksum: 33 38 65 ad
    CPDLC Downlink Message:
     Header:
      Msg ID: 3
      Msg Ref: 3
      Timestamp: 2025-06-17 22:01:07
      Logical ACK: required
     Message data:
      WILCO

[2025-06-18 00:01:11 CEST] [136.775] [-9.1/-31.1 dBFS] [21.9 dB] [0.1 ppm]
45D970 (Aircraft, Airborne) -> 210DC5 (Ground station): Command
AVLC type: I sseq: 7 rseq: 5 poll: 0
 X.25 Data: grp: 11 chan: 255 sseq: 4 rseq: 1 more: 0
  X.25 reasm status: skipped
  X.233 CLNP Data (compressed header):
   LRef: 0x42 Prio: 11 Flags: 0xf6
   Lifetime: 20.0 sec
   PDU Id: 0x46
   X.224 COTP Data:
    dst_ref: 0x2ec6
    sseq: 3 req_of_ack: 0 EoT: 1
    COTP reasm status: skipped
    ATN checksum: 33 38 65 ad
    CPDLC Downlink Message:
     Header:
      Msg ID: 3
      Msg Ref: 3
      Timestamp: 2025-06-17 22:01:07
      Logical ACK: required
     Message data:
      WILCO

[2025-06-18 00:01:13 CEST] [136.775] [-10.6/-30.7 dBFS] [20.2 dB] [0.4 ppm]
45D970 (Aircraft, Airborne) -> 210DC5 (Ground station): Command
AVLC type: I sseq: 1 rseq: 7 poll: 0
 X.25 Data: grp: 11 chan: 255 sseq: 5 rseq: 3 more: 0
  X.25 reasm status: skipped
  X.233 CLNP Data (compressed header):
   LRef: 0x42 Prio: 11 Flags: 0xf6
   Lifetime: 20.0 sec
   PDU Id: 0x47
   X.224 COTP Data Ack:
    dst_ref: 0x2ec6
    rseq: 4 credit: 3
    ATN checksum: e5 fd 1d a1

[2025-06-18 00:01:16 CEST] [136.775] [-10.0/-31.2 dBFS] [21.1 dB] [0.3 ppm]
45D970 (Aircraft, Airborne) -> 210DC5 (Ground station): Command
AVLC type: I sseq: 1 rseq: 7 poll: 0
 X.25 Data: grp: 11 chan: 255 sseq: 5 rseq: 3 more: 0
  X.25 reasm status: skipped
  X.233 CLNP Data (compressed header):
   LRef: 0x42 Prio: 11 Flags: 0xf6
   Lifetime: 20.0 sec
   PDU Id: 0x47
   X.224 COTP Data Ack:
    dst_ref: 0x2ec6
    rseq: 4 credit: 3
    ATN checksum: e5 fd 1d a1

[2025-06-18 00:01:28 CEST] [136.775] [-12.2/-30.9 dBFS] [18.8 dB] [0.3 ppm]
45D970 (Aircraft, Airborne) -> 210DC5 (Ground station): Command
AVLC type: I sseq: 4 rseq: 1 poll: 0
 ACARS:
  Reassembly: skipped
  Reg: .OY-VKP Flight: DK4121
  Mode: 2 Label: H1 Blk id: 2 More: 0 Ack: ! Msg num: F44A
  Sublabel: M1
  Message:
   RESREQ/AK,1158AF6

[2025-06-18 00:01:31 CEST] [136.775] [-10.8/-31.0 dBFS] [20.2 dB] [0.2 ppm]
45D970 (Aircraft, Airborne) -> 210DC5 (Ground station): Command
AVLC type: I sseq: 4 rseq: 1 poll: 0
 ACARS:
  Reassembly: skipped
  Reg: .OY-VKP Flight: DK4121
  Mode: 2 Label: H1 Blk id: 2 More: 0 Ack: ! Msg num: F44A
  Sublabel: M1
  Message:
   RESREQ/AK,1158AF6

[2025-06-18 00:01:33 CEST] [136.725] [-11.0/-31.0 dBFS] [20.0 dB] [2.4 ppm]
4CA97A (Aircraft, Airborne) -> 11985A (Ground station): Command
AVLC type: I sseq: 4 rseq: 5 poll: 0
 X.25 Data: grp: 11 chan: 254 sseq: 1 rseq: 2 more: 0
  X.25 reasm status: skipped
  X.233 CLNP Data (compressed header):
   LRef: 0x41 Prio: 11 Flags: 0xc0
   Lifetime: 50.0 sec
   PDU Id: 0x229a
   X.224 COTP Data Ack:
    dst_ref: 0x2ebc
    rseq: 10 credit: 4
    Checksum: c4 14

[2025-06-18 00:01:33 CEST] [136.725] [-11.2/-31.1 dBFS] [19.9 dB] [2.3 ppm]
4CA97A (Aircraft, Airborne) -> 11985A (Ground station): Command
AVLC type: I sseq: 5 rseq: 5 poll: 0
 X.25 Data: grp: 11 chan: 254 sseq: 2 rseq: 2 more: 0
  X.25 reasm status: skipped
  X.233 CLNP Data (compressed header):
   LRef: 0x41 Prio: 11 Flags: 0xc0
   Lifetime: 50.0 sec
   PDU Id: 0x229b
   X.224 COTP Data:
    dst_ref: 0x2ebc
    sseq: 9 req_of_ack: 0 EoT: 1
    COTP reasm status: skipped
    Checksum: c9 7f
    CPDLC Downlink Message:
     Header:
      Msg ID: 9
      Msg Ref: 11
      Timestamp: 2025-06-17 22:01:31
      Logical ACK: notRequired
     Message data:
      LOGICAL ACKNOWLEDGMENT

[2025-06-18 00:01:47 CEST] [136.775] [-12.2/-31.0 dBFS] [18.9 dB] [0.0 ppm]
45D970 (Aircraft, Airborne) -> 210DC5 (Ground station): Command
AVLC type: I sseq: 1 rseq: 7 poll: 0
 ACARS:
  Reassembly: skipped
  Reg: .OY-VKP Flight: DK4121
  Mode: 2 Label: H1 Blk id: 7 More: 0 Ack: ! Msg num: F48A
  Sublabel: M1
  Message:
   RESREQ/AK,1158AF6

[2025-06-18 00:02:00 CEST] [136.725] [-13.1/-30.9 dBFS] [17.7 dB] [2.4 ppm]
4CA97A (Aircraft, Airborne) -> 11985A (Ground station): Command
AVLC type: I sseq: 6 rseq: 6 poll: 0
 X.25 Data: grp: 11 chan: 254 sseq: 3 rseq: 3 more: 0
  X.25 reasm status: skipped
  X.233 CLNP Data (compressed header):
   LRef: 0x41 Prio: 11 Flags: 0xc0
   Lifetime: 50.0 sec
   PDU Id: 0x229c
   X.224 COTP Data:
    dst_ref: 0x2ebc
    sseq: 10 req_of_ack: 0 EoT: 1
    COTP reasm status: skipped
    Checksum: 8c df
    X.227 ACSE Release Response:
     Reason: normal
     CPDLC Downlink Message:
      Header:
       Msg ID: 10
       Msg Ref: 11
       Timestamp: 2025-06-17 22:01:58
       Logical ACK: notRequired
      Message data:
       WILCO

[2025-06-18 00:02:05 CEST] [136.975] [-15.3/-31.8 dBFS] [16.5 dB] [1.8 ppm]
4951D4 (Aircraft, Airborne) -> 109C2A (Ground station): Command
AVLC type: I sseq: 0 rseq: 1 poll: 0
 X.25 Data: grp: 11 chan: 255 sseq: 4 rseq: 5 more: 0
  X.25 reasm status: skipped
  X.233 CLNP Data (compressed header):
   LRef: 0x42 Prio: 11 Flags: 0xf6
   Lifetime: 20.0 sec
   PDU Id: 0x24a
   X.224 COTP Data Ack:
    dst_ref: 0x2ec7
    rseq: 8 credit: 3
    ATN checksum: cd e8 ec 1d

[2025-06-18 00:02:12 CEST] [136.775] [-3.5/-30.5 dBFS] [27.1 dB] [0.2 ppm]
45D970 (Aircraft, Airborne) -> 233925 (Ground station): Response
AVLC type: U (XID) P/F: 1
 XID: Handoff Response
  Public params:
   Parameter set ID: 8885:1993
   Procedure classes: 00 01
   HDLC options: 20 a4 80
  VDL params:
   Parameter set ID: V
   Connection management: 01
   XID sequencing: seq: 0 retry: 0
   AVLC specific options: 25
   Destination airport: ESSA
   Aircraft location: 43.1N 5.6E 40000 ft

[2025-06-18 00:02:33 CEST] [136.725] [-4.5/-31.0 dBFS] [26.5 dB] [2.2 ppm]
4D2222 (Aircraft, Airborne) -> 11985A (Ground station): Command
AVLC type: I sseq: 4 rseq: 5 poll: 0
 X.25 Data: grp: 11 chan: 255 sseq: 1 rseq: 2 more: 0
  X.25 reasm status: skipped
  X.233 CLNP Data (compressed header):
   LRef: 0x41 Prio: 11 Flags: 0xc0
   Lifetime: 50.0 sec
   PDU Id: 0x1457
   X.224 COTP Data Ack:
    dst_ref: 0x2eca
    rseq: 4 credit: 3
    Checksum: 98 87
    Flow control:
     Acked TPDU nr: 4
     Acked subsequence: 0
     Acked credit: 15

[2025-06-18 00:02:44 CEST] [136.775] [-3.3/-31.6 dBFS] [28.2 dB] [0.2 ppm]
45D970 (Aircraft, Airborne) -> 233925 (Ground station): Command
AVLC type: I sseq: 2 rseq: 3 poll: 0
 X.25 Data: grp: 11 chan: 255 sseq: 0 rseq: 1 more: 0
  X.25 reasm status: skipped
  X.233 CLNP Data (compressed header):
   LRef: 0x42 Prio: 11 Flags: 0xf6
   Lifetime: 20.0 sec
   PDU Id: 0x48
   X.224 COTP Data Ack:
    dst_ref: 0x2ec6
    rseq: 4 credit: 3
    Flow control:
     Acked TPDU nr: 4
     Acked subsequence: 0
     Acked credit: 15
    ATN checksum: bd 5d f0 e4

[2025-06-18 00:02:46 CEST] [136.725] [-7.4/-31.7 dBFS] [24.3 dB] [3.8 ppm]
4CA737 (Aircraft, Airborne) -> 11985A (Ground station): Command
AVLC type: I sseq: 3 rseq: 4 poll: 0
 X.25 Data: grp: 11 chan: 255 sseq: 1 rseq: 2 more: 0
  X.25 reasm status: skipped
  X.233 CLNP Data (compressed header):
   LRef: 0x41 Prio: 11 Flags: 0xc0
   Lifetime: 50.0 sec
   PDU Id: 0x1b43
   X.224 COTP Data Ack:
    dst_ref: 0x2ecc
    rseq: 4 credit: 3
    Checksum: 8e 8f
    Flow control:
     Acked TPDU nr: 4
     Acked subsequence: 0
     Acked credit: 15

[2025-06-18 00:02:53 CEST] [136.975] [-12.0/-31.3 dBFS] [19.2 dB] [1.9 ppm]
4951D4 (Aircraft, Airborne) -> 109C2A (Ground station): Command
AVLC type: I sseq: 1 rseq: 1 poll: 0
 ACARS:
  Reassembly: skipped
  Reg: .CS-TNT Flight: TP0828
  Mode: 2 Label: 5Y Blk id: 3 More: 0 Ack: ! Msg num: M09A
  Message:
   ---2246  50N 445906,E  51340,31927,  433625,MS46, 54, 31,286,220248,11200

[2025-06-18 00:03:15 CEST] [136.875] [-6.8/-30.9 dBFS] [24.0 dB] [1.5 ppm]
511171 (Aircraft, Airborne) -> 23D821 (Ground station): Command
AVLC type: U (XID) P/F: 1
 XID: Handoff Initiation
  Public params:
   Parameter set ID: 8885:1993
   Procedure classes: 00 01
   HDLC options: 20 a4 80
  VDL params:
   Parameter set ID: V
   Connection management: 01
   XID sequencing: seq: 1 retry: 0
   AVLC specific options: 25
   Destination airport: LEPA
   Aircraft location: 44.2N 5.5E 37000 ft

[2025-06-18 00:03:16 CEST] [136.875] [-7.0/-30.8 dBFS] [23.8 dB] [1.5 ppm]
511171 (Aircraft, Airborne) -> 266661 (Ground station): Command
AVLC type: I sseq: 5 rseq: 4 poll: 0
 X.25 Data: grp: 11 chan: 255 sseq: 4 rseq: 7 more: 0
  X.25 reasm status: skipped
  X.233 CLNP Data (compressed header):
   LRef: 0x47 Prio: 11 Flags: 0xf6
   Lifetime: 20.0 sec
   PDU Id: 0x2d8
   X.224 COTP Data Ack:
    dst_ref: 0x2ecd
    rseq: 4 credit: 3
    Flow control:
     Acked TPDU nr: 4
     Acked subsequence: 0
     Acked credit: 15
    ATN checksum: 42 4b 65 b6

[2025-06-18 00:03:18 CEST] [136.875] [-7.9/-31.2 dBFS] [23.3 dB] [1.3 ppm]
511171 (Aircraft, Airborne) -> 266661 (Ground station): Command
AVLC type: I sseq: 5 rseq: 4 poll: 0
 X.25 Data: grp: 11 chan: 255 sseq: 4 rseq: 7 more: 0
  X.25 reasm status: skipped
  X.233 CLNP Data (compressed header):
   LRef: 0x47 Prio: 11 Flags: 0xf6
   Lifetime: 20.0 sec
   PDU Id: 0x2d8
   X.224 COTP Data Ack:
    dst_ref: 0x2ecd
    rseq: 4 credit: 3
    Flow control:
     Acked TPDU nr: 4
     Acked subsequence: 0
     Acked credit: 15
    ATN checksum: 42 4b 65 b6

[2025-06-18 00:03:34 CEST] [136.775] [-9.1/-30.7 dBFS] [21.6 dB] [0.1 ppm]
45D970 (Aircraft, Airborne) -> 233925 (Ground station): Command
AVLC type: I sseq: 3 rseq: 3 poll: 0
 ACARS:
  Reassembly: in progress
  Reg: .OY-VKP Flight: DK4121
  Mode: 2 Label: H1 Blk id: 0 More: 1 Ack: ! Msg num: D04A
  Sublabel: DF
  Message:
   009024400101011038122
   R09/A33009,1,1
   C1,.OY-VKP,25JUN17,22.03.01,LEPA,ESSA,VKG4121   ,4120,039
   C2,004,06.0,000000,D1733RN03C00000,000,052,052
   C3,-29.0,40001,0.813,111,0.80,111,10,0,11,111,0.80,X
   C5,075338,05312,00001,01069,00443,10016,00000,00402
   C6,075341,05312,00001,01069,00443,10015,00000,00402
   N1,2,0000,0000,000.0,000.0,-010,0004,-34.4,005.8,14,14
   S1,083.05,083.05,087.2,085.9,0633,02089,100,166.3
   T1,082.84,082.80,086.8,085.6,0635,02092,129,163.7
   S2,082.98,083.02,087.1,085.8,0631,02072,100,166.2
   T2,082.84,082.83,086.8,085.6,0635,02091,129,163.6
   S3,082.94,082.95,087.1,085.8,0630,02062,100,166.1
   T3,082.85,082.84,086.8,085.6,0635,02084,129,163.4
   S4,082.94,082.94,087.1,085.8,0629,02059,100,165.7
   T4,082.84,082.84,086.8,085.6,0635,02087,128,163.5
   S5,082.74,082.77,087.0,085.7,0628,02044,100,165.0
   T5,082.87,082.86,086.9,085.6,0635,02097,128,163.7
   S6,082.88,082.84,087.1,085.8,0628,02047,100,165.4
   T6,082.84,082.86,086.9,085.6,0635,02096,128,163.5
   S7,082.84,082.81,087

[2025-06-18 00:03:37 CEST] [136.775] [-10.0/-31.2 dBFS] [21.1 dB] [0.1 ppm]
45D970 (Aircraft, Airborne) -> 233925 (Ground station): Command
AVLC type: I sseq: 4 rseq: 4 poll: 0
 ACARS:
  Reassembly: complete
  Reg: .OY-VKP Flight: DK4121
  Mode: 2 Label: H1 Blk id: 1 More: 0 Ack: ! Msg num: D04B
  Sublabel: DF
  Message:
   009024400101011038122
   R09/A33009,1,1
   C1,.OY-VKP,25JUN17,22.03.01,LEPA,ESSA,VKG4121   ,4120,039
   C2,004,06.0,000000,D1733RN03C00000,000,052,052
   C3,-29.0,40001,0.813,111,0.80,111,10,0,11,111,0.80,X
   C5,075338,05312,00001,01069,00443,10016,00000,00402
   C6,075341,05312,00001,01069,00443,10015,00000,00402
   N1,2,0000,0000,000.0,000.0,-010,0004,-34.4,005.8,14,14
   S1,083.05,083.05,087.2,085.9,0633,02089,100,166.3
   T1,082.84,082.80,086.8,085.6,0635,02092,129,163.7
   S2,082.98,083.02,087.1,085.8,0631,02072,100,166.2
   T2,082.84,082.83,086.8,085.6,0635,02091,129,163.6
   S3,082.94,082.95,087.1,085.8,0630,02062,100,166.1
   T3,082.85,082.84,086.8,085.6,0635,02084,129,163.4
   S4,082.94,082.94,087.1,085.8,0629,02059,100,165.7
   T4,082.84,082.84,086.8,085.6,0635,02087,128,163.5
   S5,082.74,082.77,087.0,085.7,0628,02044,100,165.0
   T5,082.87,082.86,086.9,085.6,0635,02097,128,163.7
   S6,082.88,082.84,087.1,085.8,0628,02047,100,165.4
   T6,082.84,082.86,086.9,085.6,0635,02096,128,163.5
   S7,082.84,082.81,087.1,085.8,0627,02052,100,165.7
   T7,082.84,082.83,086.8,085.6,0635,02083,127,163.3:

[2025-06-18 00:04:11 CEST] [136.675] [-13.9/-31.7 dBFS] [17.8 dB] [3.0 ppm]
4D2368 (Aircraft, Airborne) -> 11907A (Ground station): Command
AVLC type: I sseq: 4 rseq: 4 poll: 0
 X.25 Data: grp: 11 chan: 254 sseq: 2 rseq: 2 more: 0
  X.25 reasm status: skipped
  X.233 CLNP Data (compressed header):
   LRef: 0x1 Prio: 11 Flags: 0xc0
   Lifetime: 50.0 sec
   PDU Id: 0xf04
   X.224 COTP Data:
    dst_ref: 0x2ebd
    sseq: 3 req_of_ack: 0 EoT: 1
    COTP reasm status: skipped
    Checksum: 9d 17
    CPDLC Downlink Message:
     Header:
      Msg ID: 3
      Msg Ref: 3
      Timestamp: 2025-06-17 22:04:09
      Logical ACK: required
     Message data:
      WILCO

[2025-06-18 00:04:12 CEST] [136.675] [-14.4/-31.9 dBFS] [17.5 dB] [2.8 ppm]
4D2368 (Aircraft, Airborne) -> 11907A (Ground station): Command
AVLC type: I sseq: 5 rseq: 6 poll: 0
 X.25 Data: grp: 11 chan: 254 sseq: 3 rseq: 4 more: 0
  X.25 reasm status: skipped
  X.233 CLNP Data (compressed header):
   LRef: 0x1 Prio: 11 Flags: 0xc0
   Lifetime: 50.0 sec
   PDU Id: 0xf05
   X.224 COTP Data Ack:
    dst_ref: 0x2ebd
    rseq: 4 credit: 3
    Checksum: de 00

[2025-06-18 00:04:16 CEST] [136.775] [0.6/-30.8 dBFS] [31.4 dB] [-0.3 ppm]
45D970 (Aircraft, Airborne) -> 233925 (Ground station): Command
AVLC type: I sseq: 5 rseq: 7 poll: 0
 X.25 Data: grp: 11 chan: 255 sseq: 1 rseq: 2 more: 0
  X.25 reasm status: skipped
  X.233 CLNP Data (compressed header):
   LRef: 0x42 Prio: 11 Flags: 0xf6
   Lifetime: 20.0 sec
   PDU Id: 0x49
   X.224 COTP Data Ack:
    dst_ref: 0x2ec6
    rseq: 4 credit: 3
    Flow control:
     Acked TPDU nr: 4
     Acked subsequence: 0
     Acked credit: 15
    ATN checksum: bd 5d f0 e4

[2025-06-18 00:04:18 CEST] [136.725] [-3.9/-31.4 dBFS] [27.5 dB] [3.6 ppm]
4CA737 (Aircraft, Airborne) -> 11985A (Ground station): Command
AVLC type: I sseq: 4 rseq: 5 poll: 0
 X.25 Data: grp: 11 chan: 255 sseq: 2 rseq: 3 more: 0
  X.25 reasm status: skipped
  X.233 CLNP Data (compressed header):
   LRef: 0x41 Prio: 11 Flags: 0xc0
   Lifetime: 50.0 sec
   PDU Id: 0x1b44
   X.224 COTP Data Ack:
    dst_ref: 0x2ecc
    rseq: 4 credit: 3
    Checksum: 8e 8f
    Flow control:
     Acked TPDU nr: 4
     Acked subsequence: 0
     Acked credit: 15

[2025-06-18 00:04:47 CEST] [136.875] [-5.9/-30.9 dBFS] [25.0 dB] [1.3 ppm]
511171 (Aircraft, Airborne) -> 23D821 (Ground station): Command
AVLC type: I sseq: 3 rseq: 3 poll: 0
 X.25 Data: grp: 11 chan: 255 sseq: 1 rseq: 1 more: 0
  X.25 reasm status: skipped
  X.233 CLNP Data (compressed header):
   LRef: 0x47 Prio: 11 Flags: 0xf6
   Lifetime: 20.0 sec
   PDU Id: 0x2da
   X.224 COTP Data Ack:
    dst_ref: 0x2ecd
    rseq: 4 credit: 3
    Flow control:
     Acked TPDU nr: 4
     Acked subsequence: 0
     Acked credit: 15
    ATN checksum: 42 4b 65 b6

[2025-06-18 00:05:09 CEST] [136.975] [-13.1/-31.8 dBFS] [18.7 dB] [1.8 ppm]
4951D4 (Aircraft, Airborne) -> 109C2A (Ground station): Command
AVLC type: I sseq: 6 rseq: 2 poll: 0
 X.25 Data: grp: 11 chan: 255 sseq: 1 rseq: 5 more: 0
  X.25 reasm status: skipped
  X.233 CLNP Data (compressed header):
   LRef: 0x43 Prio: 11 Flags: 0xf6
   Lifetime: 20.0 sec
   PDU Id: 0x24f
   X.224 COTP Data Ack:
    dst_ref: 0x2277
    rseq: 0 credit: 1
    Flow control:
     Acked TPDU nr: 0
     Acked subsequence: 0
     Acked credit: 10
    ATN checksum: e4 b7 34 fe

[2025-06-18 00:05:37 CEST] [136.725] [-11.8/-31.7 dBFS] [19.8 dB] [1.9 ppm]
4D2222 (Aircraft, Airborne) -> 11985A (Ground station): Command
AVLC type: I sseq: 7 rseq: 0 poll: 0
 X.25 Data: grp: 11 chan: 255 sseq: 4 rseq: 5 more: 0
  X.25 reasm status: skipped
  X.233 CLNP Data (compressed header):
   LRef: 0x41 Prio: 11 Flags: 0xc0
   Lifetime: 50.0 sec
   PDU Id: 0x145a
   X.224 COTP Data Ack:
    dst_ref: 0x2eca
    rseq: 4 credit: 3
    Checksum: 98 87
    Flow control:
     Acked TPDU nr: 4
     Acked subsequence: 0
     Acked credit: 15

[2025-06-18 00:05:44 CEST] [136.675] [-13.1/-31.4 dBFS] [18.3 dB] [2.7 ppm]
4D2368 (Aircraft, Airborne) -> 11907A (Ground station): Command
AVLC type: I sseq: 6 rseq: 7 poll: 0
 X.25 Data: grp: 11 chan: 254 sseq: 4 rseq: 5 more: 0
  X.25 reasm status: skipped
  X.233 CLNP Data (compressed header):
   LRef: 0x1 Prio: 11 Flags: 0xc0
   Lifetime: 50.0 sec
   PDU Id: 0xf06
   X.224 COTP Data Ack:
    dst_ref: 0x2ebd
    rseq: 4 credit: 3
    Checksum: d9 53
    Flow control:
     Acked TPDU nr: 4
     Acked subsequence: 0
     Acked credit: 15

[2025-06-18 00:05:48 CEST] [136.775] [0.9/-30.6 dBFS] [31.4 dB] [-0.8 ppm]
45D970 (Aircraft, Airborne) -> 233925 (Ground station): Command
AVLC type: I sseq: 0 rseq: 2 poll: 0
 X.25 Data: grp: 11 chan: 255 sseq: 3 rseq: 4 more: 0
  X.25 reasm status: skipped
  X.233 CLNP Data (compressed header):
   LRef: 0x42 Prio: 11 Flags: 0xf6
   Lifetime: 20.0 sec
   PDU Id: 0x4b
   X.224 COTP Data Ack:
    dst_ref: 0x2ec6
    rseq: 4 credit: 3
    Flow control:
     Acked TPDU nr: 4
     Acked subsequence: 0
     Acked credit: 15
    ATN checksum: bd 5d f0 e4

[2025-06-18 00:05:50 CEST] [136.725] [-10.3/-31.0 dBFS] [20.6 dB] [3.3 ppm]
4CA737 (Aircraft, Airborne) -> 11985A (Ground station): Command
AVLC type: I sseq: 5 rseq: 6 poll: 0
 X.25 Data: grp: 11 chan: 255 sseq: 3 rseq: 4 more: 0
  X.25 reasm status: skipped
  X.233 CLNP Data (compressed header):
   LRef: 0x41 Prio: 11 Flags: 0xc0
   Lifetime: 50.0 sec
   PDU Id: 0x1b45
   X.224 COTP Data Ack:
    dst_ref: 0x2ecc
    rseq: 4 credit: 3
    Checksum: 8e 8f
    Flow control:
     Acked TPDU nr: 4
     Acked subsequence: 0
     Acked credit: 15

[2025-06-18 00:05:51 CEST] [136.775] [0.9/-30.9 dBFS] [31.7 dB] [-0.7 ppm]
45D970 (Aircraft, Airborne) -> 233925 (Ground station): Command
AVLC type: I sseq: 0 rseq: 2 poll: 0
 X.25 Data: grp: 11 chan: 255 sseq: 3 rseq: 4 more: 0
  X.25 reasm status: skipped
  X.233 CLNP Data (compressed header):
   LRef: 0x42 Prio: 11 Flags: 0xf6
   Lifetime: 20.0 sec
   PDU Id: 0x4b
   X.224 COTP Data Ack:
    dst_ref: 0x2ec6
    rseq: 4 credit: 3
    Flow control:
     Acked TPDU nr: 4
     Acked subsequence: 0
     Acked credit: 15
    ATN checksum: bd 5d f0 e4

[2025-06-18 00:05:58 CEST] [136.775] [-11.0/-31.1 dBFS] [20.1 dB] [3.0 ppm]
4D2422 (Aircraft, Airborne) -> 210DC5 (Ground station): Command
AVLC type: I sseq: 0 rseq: 2 poll: 0
 X.25 Data: grp: 11 chan: 255 sseq: 6 rseq: 3 more: 0
  X.25 reasm status: skipped
  X.233 CLNP Data (compressed header):
   LRef: 0x43 Prio: 11 Flags: 0xf6
   Lifetime: 20.0 sec
   PDU Id: 0x46b
   X.224 COTP Data Ack:
    dst_ref: 0x2ed0
    rseq: 4 credit: 3
    Flow control:
     Acked TPDU nr: 4
     Acked subsequence: 0
     Acked credit: 15
    ATN checksum: 8e ae 6e 14

[2025-06-18 00:06:19 CEST] [136.875] [-7.2/-30.5 dBFS] [23.3 dB] [1.5 ppm]
511171 (Aircraft, Airborne) -> 23D821 (Ground station): Command
AVLC type: I sseq: 4 rseq: 5 poll: 0
 X.25 Data: grp: 11 chan: 255 sseq: 2 rseq: 2 more: 0
  X.25 reasm status: skipped
  X.233 CLNP Data (compressed header):
   LRef: 0x47 Prio: 11 Flags: 0xf6
   Lifetime: 20.0 sec
   PDU Id: 0x2db
   X.224 COTP Data Ack:
    dst_ref: 0x2ecd
    rseq: 4 credit: 3
    Flow control:
     Acked TPDU nr: 4
     Acked subsequence: 0
     Acked credit: 15
    ATN checksum: 42 4b 65 b6

[2025-06-18 00:06:22 CEST] [136.675] [-12.1/-31.5 dBFS] [19.4 dB] [2.6 ppm]
4D2368 (Aircraft, Airborne) -> 11907A (Ground station): Command
AVLC type: I sseq: 0 rseq: 0 poll: 0
 ACARS:
  Reassembly: skipped
  Reg: .9H-VUR Flight: FR121G
  Mode: 2 Label: 16 Blk id: 2 More: 0 Ack: ! Msg num: M95A
  Message:
   220620,36000,2359, 132,N 43.656 E  7.345

[2025-06-18 00:06:38 CEST] [136.775] [1.1/-31.1 dBFS] [32.2 dB] [-0.7 ppm]
45D970 (Aircraft, Airborne) -> 233925 (Ground station): Command
AVLC type: I sseq: 3 rseq: 4 poll: 0
 ACARS:
  Reassembly: skipped
  Reg: .OY-VKP Flight: DK4121
  Mode: 2 Label: H1 Blk id: 4 More: 0 Ack: ! Msg num: F50A
  Sublabel: M1
  Message:
   RESREQ/AK,1158AF6

[2025-06-18 00:06:40 CEST] [136.775] [1.1/-30.9 dBFS] [31.9 dB] [-0.9 ppm]
45D970 (Aircraft, Airborne) -> 233925 (Ground station): Command
AVLC type: I sseq: 4 rseq: 5 poll: 0
 ACARS:
  Reassembly: skipped
  Reg: .OY-VKP Flight: DK4121
  Mode: 2 Label: H1 Blk id: 5 More: 0 Ack: ! Msg num: F51A
  Sublabel: M1
  Message:
   POSN43400E005533,N43278E005472,220636,400,N43482E005575,220758,N44155E006115,M57,35128,300/TS220636,170625D945

[2025-06-18 00:06:43 CEST] [136.775] [1.1/-30.9 dBFS] [32.0 dB] [-1.0 ppm]
45D970 (Aircraft, Airborne) -> 233925 (Ground station): Command
AVLC type: I sseq: 5 rseq: 6 poll: 0
 ACARS:
  Reassembly: skipped
  Reg: .OY-VKP Flight: DK4121
  Mode: 2 Label: H1 Blk id: 6 More: 0 Ack: ! Msg num: F52A
  Sublabel: M1
  Message:
   RESREQ/AK,1158AF6

[2025-06-18 00:06:46 CEST] [136.775] [1.1/-31.0 dBFS] [32.0 dB] [-0.9 ppm]
45D970 (Aircraft, Airborne) -> 233925 (Ground station): Command
AVLC type: I sseq: 6 rseq: 7 poll: 0
 ACARS:
  Reassembly: skipped
  Reg: .OY-VKP Flight: DK4121
  Mode: 2 Label: H1 Blk id: 7 More: 0 Ack: ! Msg num: F53A
  Sublabel: M1
  Message:
   POSN43401E005534,N43278E005472,220638,400,N43482E005575,220800,N44155E006115,M57,35128,300/TS220638,170625F795

[2025-06-18 00:07:20 CEST] [136.775] [0.7/-31.0 dBFS] [31.7 dB] [-0.8 ppm]
45D970 (Aircraft, Airborne) -> 233925 (Ground station): Command
AVLC type: I sseq: 7 rseq: 2 poll: 0
 X.25 Data: grp: 11 chan: 255 sseq: 4 rseq: 5 more: 0
  X.25 reasm status: skipped
  X.233 CLNP Data (compressed header):
   LRef: 0x42 Prio: 11 Flags: 0xf6
   Lifetime: 20.0 sec
   PDU Id: 0x4c
   X.224 COTP Data Ack:
    dst_ref: 0x2ec6
    rseq: 4 credit: 3
    Flow control:
     Acked TPDU nr: 4
     Acked subsequence: 0
     Acked credit: 15
    ATN checksum: bd 5d f0 e4

[2025-06-18 00:07:22 CEST] [136.725] [-13.2/-31.2 dBFS] [18.0 dB] [3.5 ppm]
4CA737 (Aircraft, Airborne) -> 11985A (Ground station): Command
AVLC type: I sseq: 7 rseq: 0 poll: 0
 X.25 Data: grp: 11 chan: 255 sseq: 5 rseq: 6 more: 0
  X.25 reasm status: skipped
  X.233 CLNP Data (compressed header):
   LRef: 0x41 Prio: 11 Flags: 0xc0
   Lifetime: 50.0 sec
   PDU Id: 0x1b47
   X.224 COTP Data Ack:
    dst_ref: 0x2ecc
    rseq: 4 credit: 3
    Checksum: 8e 8f
    Flow control:
     Acked TPDU nr: 4
     Acked subsequence: 0
     Acked credit: 15

[2025-06-18 00:07:30 CEST] [136.775] [-9.0/-30.8 dBFS] [21.8 dB] [2.7 ppm]
4D2422 (Aircraft, Airborne) -> 210DC5 (Ground station): Command
AVLC type: I sseq: 2 rseq: 4 poll: 0
 X.25 Data: grp: 11 chan: 255 sseq: 0 rseq: 4 more: 0
  X.25 reasm status: skipped
  X.233 CLNP Data (compressed header):
   LRef: 0x43 Prio: 11 Flags: 0xf6
   Lifetime: 20.0 sec
   PDU Id: 0x46d
   X.224 COTP Data Ack:
    dst_ref: 0x2ed0
    rseq: 4 credit: 3
    Flow control:
     Acked TPDU nr: 4
     Acked subsequence: 0
     Acked credit: 15
    ATN checksum: 8e ae 6e 14

[2025-06-18 00:07:32 CEST] [136.775] [-8.2/-31.2 dBFS] [23.0 dB] [2.6 ppm]
4D2422 (Aircraft, Airborne) -> 233925 (Ground station): Response
AVLC type: U (XID) P/F: 1
 XID: Handoff Response
  Public params:
   Parameter set ID: 8885:1993
   Procedure classes: 00 01
   HDLC options: 20 a4 80
  VDL params:
   Parameter set ID: V
   Connection management: 01
   XID sequencing: seq: 1 retry: 0
   AVLC specific options: 25
   Destination airport: LYBE
   Aircraft location: 42.9N 6.1E 38000 ft

[2025-06-18 00:07:51 CEST] [136.875] [-2.2/-30.9 dBFS] [28.7 dB] [0.7 ppm]
511171 (Aircraft, Airborne) -> 23D821 (Ground station): Command
AVLC type: I sseq: 7 rseq: 1 poll: 0
 X.25 Data: grp: 11 chan: 255 sseq: 3 rseq: 4 more: 0
  X.25 reasm status: skipped
  X.233 CLNP Data (compressed header):
   LRef: 0x47 Prio: 11 Flags: 0xf6
   Lifetime: 20.0 sec
   PDU Id: 0x2dc
   X.224 COTP Data Ack:
    dst_ref: 0x2ecd
    rseq: 4 credit: 3
    Flow control:
     Acked TPDU nr: 4
     Acked subsequence: 0
     Acked credit: 15
    ATN checksum: 42 4b 65 b6

[2025-06-18 00:07:56 CEST] [136.675] [-11.9/-32.2 dBFS] [20.4 dB] [1.9 ppm]
345611 (Aircraft, Airborne) -> 11907A (Ground station): Command
AVLC type: I sseq: 6 rseq: 5 poll: 0
 ACARS:
  Reassembly: skipped
  Reg: .EC-MTL Flight: V72679
  Mode: 2 Label: 16 Blk id: 6 More: 0 Ack: ! Msg num: M14A
  Message:
   220755,6658,2215,  69,N 43.562 E  4.848

[2025-06-18 00:08:30 CEST] [136.725] [-13.3/-31.4 dBFS] [18.1 dB] [3.2 ppm]
4CA737 (Aircraft, Airborne) -> 11985A (Ground station): Command
AVLC type: I sseq: 1 rseq: 1 poll: 0
 X.25 Data: grp: 11 chan: 255 sseq: 7 rseq: 7 more: 0
  X.25 reasm status: skipped
  X.233 CLNP Data (compressed header):
   LRef: 0x41 Prio: 11 Flags: 0xc0
   Lifetime: 50.0 sec
   PDU Id: 0x1b49
   X.224 COTP Data:
    dst_ref: 0x2ecc
    sseq: 4 req_of_ack: 0 EoT: 1
    COTP reasm status: skipped
    Checksum: 69 b9
    CPDLC Downlink Message:
     Header:
      Msg ID: 4
      Msg Ref: 5
      Timestamp: 2025-06-17 22:08:28
      Logical ACK: notRequired
     Message data:
      LOGICAL ACKNOWLEDGMENT

[2025-06-18 00:08:33 CEST] [136.725] [-12.2/-31.9 dBFS] [19.7 dB] [3.2 ppm]
4CA737 (Aircraft, Airborne) -> 11985A (Ground station): Command
AVLC type: I sseq: 2 rseq: 3 poll: 0
 X.25 Data: grp: 11 chan: 255 sseq: 0 rseq: 1 more: 0
  X.25 reasm status: skipped
  X.233 CLNP Data (compressed header):
   LRef: 0x41 Prio: 11 Flags: 0xc0
   Lifetime: 50.0 sec
   PDU Id: 0x1b4a
   X.224 COTP Data Ack:
    dst_ref: 0x2ecc
    rseq: 6 credit: 3
    Checksum: 8b 42

[2025-06-18 00:08:34 CEST] [136.725] [-11.9/-31.9 dBFS] [19.9 dB] [3.1 ppm]
4CA737 (Aircraft, Airborne) -> 11985A (Ground station): Command
AVLC type: I sseq: 3 rseq: 3 poll: 0
 X.25 Data: grp: 11 chan: 255 sseq: 1 rseq: 1 more: 0
  X.25 reasm status: skipped
  X.233 CLNP Data (compressed header):
   LRef: 0x41 Prio: 11 Flags: 0xc0
   Lifetime: 50.0 sec
   PDU Id: 0x1b4b
   X.224 COTP Data:
    dst_ref: 0x2ecc
    sseq: 5 req_of_ack: 0 EoT: 1
    COTP reasm status: skipped
    Checksum: c5 20
    CPDLC Downlink Message:
     Header:
      Msg ID: 5
      Msg Ref: 6
      Timestamp: 2025-06-17 22:08:33
      Logical ACK: notRequired
     Message data:
      LOGICAL ACKNOWLEDGMENT

[2025-06-18 00:08:41 CEST] [136.725] [-12.9/-31.1 dBFS] [18.3 dB] [3.4 ppm]
4CA737 (Aircraft, Airborne) -> 11985A (Ground station): Command
AVLC type: I sseq: 4 rseq: 4 poll: 0
 X.25 Data: grp: 11 chan: 255 sseq: 2 rseq: 2 more: 0
  X.25 reasm status: skipped
  X.233 CLNP Data (compressed header):
   LRef: 0x41 Prio: 11 Flags: 0xc0
   Lifetime: 50.0 sec
   PDU Id: 0x1b4c
   X.224 COTP Data:
    dst_ref: 0x2ecc
    sseq: 6 req_of_ack: 0 EoT: 1
    COTP reasm status: skipped
    Checksum: 7a 85
    CPDLC Downlink Message:
     Header:
      Msg ID: 6
      Msg Ref: 5
      Timestamp: 2025-06-17 22:08:40
      Logical ACK: required
     Message data:
      WILCO

[2025-06-18 00:08:42 CEST] [136.725] [-10.8/-31.5 dBFS] [20.7 dB] [3.2 ppm]
4CA737 (Aircraft, Airborne) -> 11985A (Ground station): Command
AVLC type: I sseq: 5 rseq: 6 poll: 0
 X.25 Data: grp: 11 chan: 255 sseq: 3 rseq: 4 more: 0
  X.25 reasm status: skipped
  X.233 CLNP Data (compressed header):
   LRef: 0x41 Prio: 11 Flags: 0xc0
   Lifetime: 50.0 sec
   PDU Id: 0x1b4d
   X.224 COTP Data Ack:
    dst_ref: 0x2ecc
    rseq: 7 credit: 3
    Checksum: 87 45

[2025-06-18 00:08:48 CEST] [136.675] [-11.7/-31.4 dBFS] [19.7 dB] [2.4 ppm]
4D2368 (Aircraft, Airborne) -> 11907A (Ground station): Command
AVLC type: I sseq: 2 rseq: 3 poll: 0
 X.25 Data: grp: 11 chan: 254 sseq: 7 rseq: 0 more: 0
  X.25 reasm status: skipped
  X.233 CLNP Data (compressed header):
   LRef: 0x1 Prio: 11 Flags: 0xc0
   Lifetime: 50.0 sec
   PDU Id: 0xf09
   X.224 COTP Data Ack:
    dst_ref: 0x2ebd
    rseq: 4 credit: 3
    Checksum: d9 53
    Flow control:
     Acked TPDU nr: 4
     Acked subsequence: 0
     Acked credit: 15

[2025-06-18 00:08:52 CEST] [136.775] [-1.9/-31.3 dBFS] [29.5 dB] [-1.1 ppm]
45D970 (Aircraft, Airborne) -> 233925 (Ground station): Command
AVLC type: I sseq: 0 rseq: 4 poll: 0
 X.25 Data: grp: 11 chan: 255 sseq: 5 rseq: 6 more: 0
  X.25 reasm status: skipped
  X.233 CLNP Data (compressed header):
   LRef: 0x42 Prio: 11 Flags: 0xf6
   Lifetime: 20.0 sec
   PDU Id: 0x4d
   X.224 COTP Data Ack:
    dst_ref: 0x2ec6
    rseq: 4 credit: 3
    Flow control:
     Acked TPDU nr: 4
     Acked subsequence: 0
     Acked credit: 15
    ATN checksum: bd 5d f0 e4

[2025-06-18 00:09:02 CEST] [136.775] [-14.0/-31.2 dBFS] [17.1 dB] [2.4 ppm]
4D2422 (Aircraft, Airborne) -> 233925 (Ground station): Command
AVLC type: I sseq: 2 rseq: 3 poll: 0
 X.25 Data: grp: 11 chan: 255 sseq: 0 rseq: 1 more: 0
  X.25 reasm status: skipped
  X.233 CLNP Data (compressed header):
   LRef: 0x43 Prio: 11 Flags: 0xf6
   Lifetime: 20.0 sec
   PDU Id: 0x46e
   X.224 COTP Data Ack:
    dst_ref: 0x2ed0
    rseq: 4 credit: 3
    Flow control:
     Acked TPDU nr: 4
     Acked subsequence: 0
     Acked credit: 15
    ATN checksum: 8e ae 6e 14

[2025-06-18 00:09:23 CEST] [136.875] [0.4/-30.9 dBFS] [31.3 dB] [0.4 ppm]
511171 (Aircraft, Airborne) -> 266661 (Ground station): Command
AVLC type: I sseq: 3 rseq: 3 poll: 0
 X.25 Data: grp: 11 chan: 255 sseq: 1 rseq: 1 more: 0
  X.25 reasm status: skipped
  X.233 CLNP Data (compressed header):
   LRef: 0x47 Prio: 11 Flags: 0xf6
   Lifetime: 20.0 sec
   PDU Id: 0x2de
   X.224 COTP Data Ack:
    dst_ref: 0x2ecd
    rseq: 4 credit: 3
    Flow control:
     Acked TPDU nr: 4
     Acked subsequence: 0
     Acked credit: 15
    ATN checksum: 42 4b 65 b6

[2025-06-18 00:09:25 CEST] [136.725] [-13.0/-31.4 dBFS] [18.4 dB] [3.2 ppm]
4D220A (Aircraft, Airborne) -> 11985A (Ground station): Command
AVLC type: I sseq: 2 rseq: 3 poll: 0
 X.25 Data: grp: 11 chan: 255 sseq: 0 rseq: 1 more: 0
  X.25 reasm status: skipped
  X.233 CLNP Data (compressed header):
   LRef: 0x41 Prio: 11 Flags: 0xc0
   Lifetime: 50.0 sec
   PDU Id: 0x1767
   X.224 COTP Data Ack:
    dst_ref: 0x2ee4
    rseq: 2 credit: 2
    Checksum: 2a 90

[2025-06-18 00:09:25 CEST] [136.725] [-13.2/-31.3 dBFS] [18.1 dB] [3.0 ppm]
4D220A (Aircraft, Airborne) -> 11985A (Ground station): Command
AVLC type: I sseq: 3 rseq: 3 poll: 0
 X.25 Data: grp: 11 chan: 255 sseq: 1 rseq: 1 more: 0
  X.25 reasm status: skipped
  X.233 CLNP Data (compressed header):
   LRef: 0x41 Prio: 11 Flags: 0xc0
   Lifetime: 50.0 sec
   PDU Id: 0x1768
   X.224 COTP Data:
    dst_ref: 0x2ee4
    sseq: 1 req_of_ack: 0 EoT: 1
    COTP reasm status: skipped
    Checksum: aa 3e
    CPDLC Downlink Message:
     Header:
      Msg ID: 1
      Msg Ref: 2
      Timestamp: 2025-06-17 22:09:24
      Logical ACK: notRequired
     Message data:
      LOGICAL ACKNOWLEDGMENT

[2025-06-18 00:10:11 CEST] [136.975] [-11.2/-33.7 dBFS] [22.5 dB] [2.2 ppm]
3B7566 (Aircraft, Airborne) -> 26CA77 (Ground station): Command
AVLC type: I sseq: 2 rseq: 2 poll: 0
 ACARS:
  Reassembly: skipped
  Reg: .F-UJCO Flight: E10037
  Mode: 2 Label: H1 Blk id: 4 More: 0 Ack: ! Msg num: D06A
  Sublabel: DF
  Message:
   001025200201010734130
   R01/A33001,1,1
   C1,F-UJCO ,25JUN17,21.44.07,LFMI,LFMI,RMUS37    ,5000,709
   C2,019,06.0,000000,D1533RR07C00000,000,056,056
   C3,-08.8,27501,0.712,111,1.06,111,10,0,01,111,1.06,X
   C4,-08.8,27500,0.714,111
   C5,043035,00866,04487,00300,00443,10016,00000,00402,36066,199
   C6,043034,00866,02349,00300,40443,1001D,00000,00402,16066
   N1,1.222,1.222,070.62,083.4,084.1,0554,08.437,02623,09.62
   N2,1.222,1.222,070.69,083.3,083.9,0554,08.437,02584,09.66
   S1,06.86,-08.7,038.6,178.2,152.4,423.7,14.1,053.4,025.6,31,118
   S2,06.86,-08.7,038.8,179.2,152.6,424.4,14.2,054.1,019.4,32,117
   T1,073,087,104.2,010.8,047.6,0.11,0.09,0.00,297,0.19,007.4
   T2,070,084,107.5,009.1,047.4,0.04,0.06,0.02,259,0.16,007.4
   V1,0385,0304
   V2,0384,0304
                               :

[2025-06-18 00:10:13 CEST] [136.725] [-10.0/-32.8 dBFS] [22.9 dB] [3.0 ppm]
4CA737 (Aircraft, Airborne) -> 11985A (Ground station): Command
AVLC type: I sseq: 6 rseq: 7 poll: 0
 X.25 Data: grp: 11 chan: 255 sseq: 4 rseq: 5 more: 0
  X.25 reasm status: skipped
  X.233 CLNP Data (compressed header):
   LRef: 0x41 Prio: 11 Flags: 0xc0
   Lifetime: 50.0 sec
   PDU Id: 0x1b4e
   X.224 COTP Data Ack:
    dst_ref: 0x2ecc
    rseq: 7 credit: 3
    Checksum: 94 83
    Flow control:
     Acked TPDU nr: 7
     Acked subsequence: 0
     Acked credit: 15

[2025-06-18 00:10:20 CEST] [136.675] [-9.1/-32.3 dBFS] [23.2 dB] [2.6 ppm]
4D2368 (Aircraft, Airborne) -> 11907A (Ground station): Command
AVLC type: I sseq: 3 rseq: 4 poll: 0
 X.25 Data: grp: 11 chan: 254 sseq: 0 rseq: 1 more: 0
  X.25 reasm status: skipped
  X.233 CLNP Data (compressed header):
   LRef: 0x1 Prio: 11 Flags: 0xc0
   Lifetime: 50.0 sec
   PDU Id: 0xf0a
   X.224 COTP Data Ack:
    dst_ref: 0x2ebd
    rseq: 4 credit: 3
    Checksum: d9 53
    Flow control:
     Acked TPDU nr: 4
     Acked subsequence: 0
     Acked credit: 15

[2025-06-18 00:10:30 CEST] [136.775] [-11.5/-32.7 dBFS] [21.1 dB] [-0.9 ppm]
45D970 (Aircraft, Airborne) -> 233925 (Ground station): Command
AVLC type: I sseq: 3 rseq: 7 poll: 0
 X.25 Data: grp: 11 chan: 255 sseq: 7 rseq: 0 more: 0
  X.25 reasm status: skipped
  X.233 CLNP Data (compressed header):
   LRef: 0x42 Prio: 11 Flags: 0xf6
   Lifetime: 20.0 sec
   PDU Id: 0x4f
   X.224 COTP Data Ack:
    dst_ref: 0x2ec6
    rseq: 4 credit: 3
    Flow control:
     Acked TPDU nr: 4
     Acked subsequence: 0
     Acked credit: 15
    ATN checksum: bd 5d f0 e4

[2025-06-18 00:10:33 CEST] [136.775] [-10.5/-32.9 dBFS] [22.3 dB] [-0.9 ppm]
45D970 (Aircraft, Airborne) -> 233925 (Ground station): Command
AVLC type: I sseq: 3 rseq: 7 poll: 0
 X.25 Data: grp: 11 chan: 255 sseq: 7 rseq: 0 more: 0
  X.25 reasm status: skipped
  X.233 CLNP Data (compressed header):
   LRef: 0x42 Prio: 11 Flags: 0xf6
   Lifetime: 20.0 sec
   PDU Id: 0x4f
   X.224 COTP Data Ack:
    dst_ref: 0x2ec6
    rseq: 4 credit: 3
    Flow control:
     Acked TPDU nr: 4
     Acked subsequence: 0
     Acked credit: 15
    ATN checksum: bd 5d f0 e4

[2025-06-18 00:10:34 CEST] [136.775] [-11.3/-32.4 dBFS] [21.1 dB] [2.3 ppm]
4D2422 (Aircraft, Airborne) -> 233925 (Ground station): Command
AVLC type: I sseq: 4 rseq: 6 poll: 0
 X.25 Data: grp: 11 chan: 255 sseq: 1 rseq: 3 more: 0
  X.25 reasm status: skipped
  X.233 CLNP Data (compressed header):
   LRef: 0x43 Prio: 11 Flags: 0xf6
   Lifetime: 20.0 sec
   PDU Id: 0x46f
   X.224 COTP Data Ack:
    dst_ref: 0x2ed0
    rseq: 4 credit: 3
    Flow control:
     Acked TPDU nr: 4
     Acked subsequence: 0
     Acked credit: 15
    ATN checksum: 8e ae 6e 14

[2025-06-18 00:10:55 CEST] [136.875] [-0.3/-30.3 dBFS] [30.0 dB] [0.2 ppm]
511171 (Aircraft, Airborne) -> 266661 (Ground station): Command
AVLC type: I sseq: 4 rseq: 5 poll: 0
 X.25 Data: grp: 11 chan: 255 sseq: 2 rseq: 2 more: 0
  X.25 reasm status: skipped
  X.233 CLNP Data (compressed header):
   LRef: 0x47 Prio: 11 Flags: 0xf6
   Lifetime: 20.0 sec
   PDU Id: 0x2df
   X.224 COTP Data Ack:
    dst_ref: 0x2ecd
    rseq: 4 credit: 3
    Flow control:
     Acked TPDU nr: 4
     Acked subsequence: 0
     Acked credit: 15
    ATN checksum: 42 4b 65 b6

[2025-06-18 00:11:23 CEST] [136.775] [-11.6/-31.5 dBFS] [20.0 dB] [-1.0 ppm]
45D970 (Aircraft, Airborne) -> 233925 (Ground station): Command
AVLC type: I sseq: 4 rseq: 0 poll: 0
 X.25 Data: grp: 11 chan: 255 sseq: 0 rseq: 1 more: 0
  X.25 reasm status: skipped
  X.233 CLNP Data (compressed header):
   LRef: 0x42 Prio: 11 Flags: 0xf6
   Lifetime: 20.0 sec
   PDU Id: 0x50
   X.224 COTP Data Ack:
    dst_ref: 0x2ec6
    rseq: 5 credit: 3
    ATN checksum: 3b ca 4f 4c
   X.224 COTP Data:
    dst_ref: 0x2ec6
    sseq: 4 req_of_ack: 0 EoT: 1
    COTP reasm status: skipped
    ATN checksum: db b8 31 de
    CPDLC Downlink Message:
     Header:
      Msg ID: 4
      Msg Ref: 5
      Timestamp: 2025-06-17 22:11:22
      Logical ACK: notRequired
     Message data:
      LOGICAL ACKNOWLEDGMENT

[2025-06-18 00:11:27 CEST] [136.775] [-10.5/-31.1 dBFS] [20.6 dB] [-0.8 ppm]
45D970 (Aircraft, Airborne) -> 233925 (Ground station): Command
AVLC type: I sseq: 6 rseq: 2 poll: 0
 X.25 Data: grp: 11 chan: 255 sseq: 1 rseq: 3 more: 0
  X.25 reasm status: skipped
  X.233 CLNP Data (compressed header):
   LRef: 0x43 Prio: 11 Flags: 0xf6
   Lifetime: 20.0 sec
   PDU Id: 0x51
   X.224 COTP Connect Confirm:
    src_ref: 0x0035 dst_ref: 0x227a
    Initial Credit: 1
    Protocol class: 4
    Options: 00 (use normal PDU formats)
    TPDU size (bytes): 1024
    Called/responding transport selector: 16
    Calling transport selector: 65 6d
    Priority: 3
    Ack time (ms): 1000
    Inactivity timer (ms): 360000
    Additional options: 0x00
    ATN checksum: de ce 49 aa
    X.225 Session SPDU: Short Accept
     X.227 ACSE Associate Response:
      Application context name: { 1.3.27.3.2 }
      Associate result: accept
      ATCDownlinkMessage: <empty PDU>

[2025-06-18 00:11:35 CEST] [136.725] [-11.5/-31.5 dBFS] [20.0 dB] [3.1 ppm]
4D220A (Aircraft, Airborne) -> 11985A (Ground station): Command
AVLC type: I sseq: 5 rseq: 6 poll: 0
 X.25 Data: grp: 11 chan: 255 sseq: 3 rseq: 4 more: 0
  X.25 reasm status: skipped
  X.233 CLNP Data (compressed header):
   LRef: 0x41 Prio: 11 Flags: 0xc0
   Lifetime: 50.0 sec
   PDU Id: 0x176a
   X.224 COTP Data Ack:
    dst_ref: 0x2ee4
    rseq: 3 credit: 2
    Checksum: 26 93

[2025-06-18 00:11:35 CEST] [136.725] [-11.5/-31.2 dBFS] [19.7 dB] [3.0 ppm]
4D220A (Aircraft, Airborne) -> 11985A (Ground station): Command
AVLC type: I sseq: 6 rseq: 6 poll: 0
 X.25 Data: grp: 11 chan: 255 sseq: 4 rseq: 4 more: 0
  X.25 reasm status: skipped
  X.233 CLNP Data (compressed header):
   LRef: 0x41 Prio: 11 Flags: 0xc0
   Lifetime: 50.0 sec
   PDU Id: 0x176b
   X.224 COTP Data:
    dst_ref: 0x2ee4
    sseq: 2 req_of_ack: 0 EoT: 1
    COTP reasm status: skipped
    Checksum: 5e 10
    CPDLC Downlink Message:
     Header:
      Msg ID: 2
      Msg Ref: 3
      Timestamp: 2025-06-17 22:11:34
      Logical ACK: notRequired
     Message data:
      LOGICAL ACKNOWLEDGMENT

[2025-06-18 00:11:41 CEST] [136.875] [-9.3/-31.1 dBFS] [21.8 dB] [0.1 ppm]
511171 (Aircraft, Airborne) -> 270CA1 (Ground station): Command
AVLC type: U (XID) P/F: 1
 XID: Handoff Initiation
  Public params:
   Parameter set ID: 8885:1993
   Procedure classes: 00 01
   HDLC options: 20 a4 80
  VDL params:
   Parameter set ID: V
   Connection management: 01
   XID sequencing: seq: 2 retry: 0
   AVLC specific options: 25
   Destination airport: LEPA
   Aircraft location: 43.2N 4.8E 36000 ft

[2025-06-18 00:11:43 CEST] [136.725] [-11.9/-31.4 dBFS] [19.5 dB] [3.0 ppm]
4D220A (Aircraft, Airborne) -> 11985A (Ground station): Command
AVLC type: I sseq: 7 rseq: 7 poll: 0
 X.25 Data: grp: 11 chan: 255 sseq: 5 rseq: 5 more: 0
  X.25 reasm status: skipped
  X.233 CLNP Data (compressed header):
   LRef: 0x41 Prio: 11 Flags: 0xc0
   Lifetime: 50.0 sec
   PDU Id: 0x176c
   X.224 COTP Data:
    dst_ref: 0x2ee4
    sseq: 3 req_of_ack: 0 EoT: 1
    COTP reasm status: skipped
    Checksum: 63 c7
    CPDLC Downlink Message:
     Header:
      Msg ID: 3
      Msg Ref: 3
      Timestamp: 2025-06-17 22:11:42
      Logical ACK: required
     Message data:
      WILCO

[2025-06-18 00:11:44 CEST] [136.725] [-9.3/-30.9 dBFS] [21.6 dB] [3.1 ppm]
4CA737 (Aircraft, Airborne) -> 11985A (Ground station): Command
AVLC type: I sseq: 7 rseq: 7 poll: 0
 ACARS:
  Reassembly: skipped
  Reg: .EI-EBN Flight: FR75SM
  Mode: 2 Label: 16 Blk id: 4 More: 0 Ack: ! Msg num: M51A
  Message:
   221143,,2252, 129,N   .    MMMM.MMM

[2025-06-18 00:11:44 CEST] [136.725] [-12.1/-30.9 dBFS] [18.9 dB] [2.9 ppm]
4D220A (Aircraft, Airborne) -> 11985A (Ground station): Command
AVLC type: I sseq: 0 rseq: 1 poll: 0
 X.25 Data: grp: 11 chan: 255 sseq: 6 rseq: 7 more: 0
  X.25 reasm status: skipped
  X.233 CLNP Data (compressed header):
   LRef: 0x41 Prio: 11 Flags: 0xc0
   Lifetime: 50.0 sec
   PDU Id: 0x176d
   X.224 COTP Data Ack:
    dst_ref: 0x2ee4
    rseq: 4 credit: 3
    Checksum: 1b 9c

[2025-06-18 00:11:46 CEST] [136.725] [-11.0/-31.2 dBFS] [20.2 dB] [3.1 ppm]
4CA737 (Aircraft, Airborne) -> 11985A (Ground station): Command
AVLC type: I sseq: 0 rseq: 1 poll: 0
 X.25 Data: grp: 11 chan: 255 sseq: 5 rseq: 6 more: 0
  X.25 reasm status: skipped
  X.233 CLNP Data (compressed header):
   LRef: 0x41 Prio: 11 Flags: 0xc0
   Lifetime: 50.0 sec
   PDU Id: 0x1b4f
   X.224 COTP Data Ack:
    dst_ref: 0x2ecc
    rseq: 7 credit: 3
    Checksum: 94 83
    Flow control:
     Acked TPDU nr: 7
     Acked subsequence: 0
     Acked credit: 15

[2025-06-18 00:11:48 CEST] [136.775] [-10.6/-30.4 dBFS] [19.8 dB] [-0.9 ppm]
45D970 (Aircraft, Airborne) -> 233925 (Ground station): Command
AVLC type: I sseq: 1 rseq: 5 poll: 0
 ACARS:
  Reassembly: skipped
  Reg: .OY-VKP Flight: DK4121
  Mode: 2 Label: H1 Blk id: 0 More: 0 Ack: ! Msg num: F54A
  Sublabel: M1
  Message:
   RESREQ/AK,1158AF6

[2025-06-18 00:11:52 CEST] [136.675] [-8.9/-31.4 dBFS] [22.5 dB] [2.4 ppm]
4D2368 (Aircraft, Airborne) -> 11907A (Ground station): Command
AVLC type: I sseq: 5 rseq: 6 poll: 0
 X.25 Data: grp: 11 chan: 254 sseq: 2 rseq: 3 more: 0
  X.25 reasm status: skipped
  X.233 CLNP Data (compressed header):
   LRef: 0x1 Prio: 11 Flags: 0xc0
   Lifetime: 50.0 sec
   PDU Id: 0xf0c
   X.224 COTP Data Ack:
    dst_ref: 0x2ebd
    rseq: 4 credit: 3
    Checksum: d9 53
    Flow control:
     Acked TPDU nr: 4
     Acked subsequence: 0
     Acked credit: 15

[2025-06-18 00:11:53 CEST] [136.775] [-10.7/-30.9 dBFS] [20.2 dB] [-1.2 ppm]
45D970 (Aircraft, Airborne) -> 233925 (Ground station): Command
AVLC type: I sseq: 3 rseq: 7 poll: 0
 ACARS:
  Reassembly: skipped
  Reg: .OY-VKP Flight: DK4121
  Mode: 2 Label: H1 Blk id: 2 More: 0 Ack: ! Msg num: F56A
  Sublabel: M1
  Message:
   RESREQ/AK,1158AF6

[2025-06-18 00:11:58 CEST] [136.975] [-10.6/-31.0 dBFS] [20.4 dB] [3.1 ppm]
4CA737 (Aircraft, Airborne) -> 10985A (Ground station): Command
AVLC type: U (XID) P/F: 1
 XID: Handoff Initiation
  Public params:
   Parameter set ID: 8885:1993
   Procedure classes: 00 01
   HDLC options: 20 84 80
  VDL params:
   Parameter set ID: V
   XID sequencing: seq: 2 retry: 0
   Destination airport: LIME
   Aircraft location: 0.0N 0.0E 0 ft
   Alternate ground stations: 10952A
   AVLC specific options: 24
   Connection management: 01

[2025-06-18 00:12:06 CEST] [136.775] [-11.3/-31.3 dBFS] [20.1 dB] [2.4 ppm]
4D2422 (Aircraft, Airborne) -> 233925 (Ground station): Command
AVLC type: I sseq: 6 rseq: 0 poll: 0
 X.25 Data: grp: 11 chan: 255 sseq: 3 rseq: 4 more: 0
  X.25 reasm status: skipped
  X.233 CLNP Data (compressed header):
   LRef: 0x43 Prio: 11 Flags: 0xf6
   Lifetime: 20.0 sec
   PDU Id: 0x471
   X.224 COTP Data Ack:
    dst_ref: 0x2ed0
    rseq: 4 credit: 3
    Flow control:
     Acked TPDU nr: 4
     Acked subsequence: 0
     Acked credit: 15
    ATN checksum: 8e ae 6e 14

[2025-06-18 00:12:27 CEST] [136.875] [-13.3/-31.0 dBFS] [17.6 dB] [0.1 ppm]
511171 (Aircraft, Airborne) -> 270CA1 (Ground station): Command
AVLC type: I sseq: 2 rseq: 3 poll: 0
 X.25 Data: grp: 11 chan: 255 sseq: 0 rseq: 1 more: 0
  X.25 reasm status: skipped
  X.233 CLNP Data (compressed header):
   LRef: 0x47 Prio: 11 Flags: 0xf6
   Lifetime: 20.0 sec
   PDU Id: 0x2e0
   X.224 COTP Data Ack:
    dst_ref: 0x2ecd
    rseq: 4 credit: 3
    Flow control:
     Acked TPDU nr: 4
     Acked subsequence: 0
     Acked credit: 15
    ATN checksum: 42 4b 65 b6

[2025-06-18 00:12:28 CEST] [136.975] [-10.7/-30.9 dBFS] [20.2 dB] [2.9 ppm]
4CA737 (Aircraft, Airborne) -> 10F69B (Ground station): Command
AVLC type: U (XID) P/F: 1
 XID: Handoff Initiation
  Public params:
   Parameter set ID: 8885:1993
   Procedure classes: 00 01
   HDLC options: 20 84 80
  VDL params:
   Parameter set ID: V
   XID sequencing: seq: 3 retry: 0
   Destination airport: LIME
   Aircraft location: 0.0N 0.0E 0 ft
   Alternate ground stations: 10952A
   AVLC specific options: 24
   Connection management: 01

[2025-06-18 00:12:30 CEST] [136.775] [-8.8/-31.0 dBFS] [22.2 dB] [-0.9 ppm]
45D970 (Aircraft, Airborne) -> 233925 (Ground station): Command
AVLC type: I sseq: 6 rseq: 3 poll: 0
 X.25 Data: grp: 11 chan: 255 sseq: 2 rseq: 5 more: 0
  X.25 reasm status: skipped
  X.233 CLNP Data (compressed header):
   LRef: 0x43 Prio: 11 Flags: 0xf6
   Lifetime: 20.0 sec
   PDU Id: 0x52
   X.224 COTP Data Ack:
    dst_ref: 0x227a
    rseq: 0 credit: 1
    Flow control:
     Acked TPDU nr: 0
     Acked subsequence: 0
     Acked credit: 10
    ATN checksum: 44 c8 d2 c9

[2025-06-18 00:12:35 CEST] [136.725] [-11.3/-31.3 dBFS] [19.9 dB] [2.9 ppm]
4CA6AA (Aircraft, Airborne) -> 11985A (Ground station): Command
AVLC type: I sseq: 7 rseq: 7 poll: 0
 X.25 Data: grp: 11 chan: 254 sseq: 4 rseq: 4 more: 0
  X.25 reasm status: skipped
  X.233 CLNP Data (compressed header):
   LRef: 0x0 Prio: 11 Flags: 0xc0
   Lifetime: 50.0 sec
   PDU Id: 0x35b
   X.224 COTP Data Ack:
    dst_ref: 0x2ed6
    rseq: 3 credit: 2
    Checksum: 6c 5b

[2025-06-18 00:12:35 CEST] [136.725] [-11.0/-31.2 dBFS] [20.3 dB] [3.1 ppm]
4CA6AA (Aircraft, Airborne) -> 11985A (Ground station): Command
AVLC type: I sseq: 0 rseq: 7 poll: 0
 X.25 Data: grp: 11 chan: 254 sseq: 5 rseq: 4 more: 0
  X.25 reasm status: skipped
  X.233 CLNP Data (compressed header):
   LRef: 0x0 Prio: 11 Flags: 0xc0
   Lifetime: 50.0 sec
   PDU Id: 0x35c
   X.224 COTP Data:
    dst_ref: 0x2ed6
    sseq: 2 req_of_ack: 0 EoT: 1
    COTP reasm status: skipped
    Checksum: b4 41
    CPDLC Downlink Message:
     Header:
      Msg ID: 2
      Msg Ref: 3
      Timestamp: 2025-06-17 22:12:34
      Logical ACK: notRequired
     Message data:
      LOGICAL ACKNOWLEDGMENT

[2025-06-18 00:12:37 CEST] [136.975] [-12.5/-31.1 dBFS] [18.7 dB] [3.3 ppm]
4CA737 (Aircraft, Airborne) -> 10F69B (Ground station): Command
AVLC type: U (XID) P/F: 1
 XID: Handoff Initiation
  Public params:
   Parameter set ID: 8885:1993
   Procedure classes: 00 01
   HDLC options: 20 84 80
  VDL params:
   Parameter set ID: V
   XID sequencing: seq: 3 retry: 1
   Destination airport: LIME
   Aircraft location: 0.0N 0.0E 0 ft
   Alternate ground stations: 10952A
   AVLC specific options: 24
   Connection management: 01

[2025-06-18 00:12:39 CEST] [136.975] [-12.4/-31.4 dBFS] [19.0 dB] [2.9 ppm]
4CA737 (Aircraft, Airborne) -> 10F69B (Ground station): Command
AVLC type: I sseq: 2 rseq: 3 poll: 0
 X.25 Data: grp: 11 chan: 255 sseq: 0 rseq: 2 more: 0
  X.25 reasm status: skipped
  X.233 CLNP Data (compressed header):
   LRef: 0x40 Prio: 14 Flags: 0xc0
   Lifetime: 50.0 sec
   PDU Id: 0x1b51
   IDRP Open: seq: 1 ack: 1 credit_offered: 5 credit_avail: 2
    Hold Time: 900 seconds
    Max. PDU size: 3000 octets
    Source RDI: 47 00 27 41 52 59 52 00 4c a7 37	"G.'ARYR.L.7"
    RIB Attribute Set:
     RibAtt #0:
      Security:
       Reg ID: 06 04 2b 1b 00 00
    Auth mechanism: simple checksum

[2025-06-18 00:12:42 CEST] [136.975] [-11.2/-31.9 dBFS] [20.7 dB] [3.1 ppm]
4CA737 (Aircraft, Airborne) -> 10F69B (Ground station): Command
AVLC type: I sseq: 4 rseq: 7 poll: 0
 X.25 Data: grp: 11 chan: 255 sseq: 2 rseq: 5 more: 0
  X.25 reasm status: skipped
  X.233 CLNP Data (compressed header):
   LRef: 0x40 Prio: 14 Flags: 0xc0
   Lifetime: 50.0 sec
   PDU Id: 0x1b52
   IDRP Update: seq: 2 ack: 3 credit_offered: 3 credit_avail: 2
    Route:
     ID: 2
     Local preference: 0
    RD path:
     RD_SEQ:
      47 00 27 41 52 59 52 00 4c a7 37	"G.'ARYR.L.7"
    RD hop count: 1
    Security:
     Reg ID: 06 04 2b 1b 00 00
     Info:
      Supported ATSC classes: all
    Capacity: 13
    Reachability info:
     Protocol: CLNP
     Prefix length: 88
     Dest. address prefix: 47 00 27 41 52 59 52 00 4c a7 37	"G.'ARYR.L.7"

[2025-06-18 00:12:45 CEST] [136.725] [-11.3/-31.7 dBFS] [20.4 dB] [3.1 ppm]
4CA6AA (Aircraft, Airborne) -> 11985A (Ground station): Command
AVLC type: I sseq: 1 rseq: 0 poll: 0
 X.25 Data: grp: 11 chan: 254 sseq: 6 rseq: 5 more: 0
  X.25 reasm status: skipped
  X.233 CLNP Data (compressed header):
   LRef: 0x0 Prio: 11 Flags: 0xc0
   Lifetime: 50.0 sec
   PDU Id: 0x35d
   X.224 COTP Data:
    dst_ref: 0x2ed6
    sseq: 3 req_of_ack: 0 EoT: 1
    COTP reasm status: skipped
    Checksum: d2 13
    CPDLC Downlink Message:
     Header:
      Msg ID: 3
      Msg Ref: 3
      Timestamp: 2025-06-17 22:12:44
      Logical ACK: required
     Message data:
      WILCO

[2025-06-18 00:12:46 CEST] [136.725] [-10.0/-31.4 dBFS] [21.4 dB] [3.1 ppm]
4CA6AA (Aircraft, Airborne) -> 11985A (Ground station): Command
AVLC type: I sseq: 2 rseq: 2 poll: 0
 X.25 Data: grp: 11 chan: 254 sseq: 7 rseq: 7 more: 0
  X.25 reasm status: skipped
  X.233 CLNP Data (compressed header):
   LRef: 0x0 Prio: 11 Flags: 0xc0
   Lifetime: 50.0 sec
   PDU Id: 0x35e
   X.224 COTP Data Ack:
    dst_ref: 0x2ed6
    rseq: 4 credit: 3
    Checksum: 61 64

[2025-06-18 00:12:56 CEST] [136.775] [-12.7/-30.9 dBFS] [18.1 dB] [-1.1 ppm]
45D970 (Aircraft, Airborne) -> 233925 (Ground station): Command
AVLC type: I sseq: 7 rseq: 4 poll: 0
 X.25 Data: grp: 11 chan: 255 sseq: 3 rseq: 6 more: 0
  X.25 reasm status: skipped
  X.233 CLNP Data (compressed header):
   LRef: 0x42 Prio: 11 Flags: 0xf6
   Lifetime: 20.0 sec
   PDU Id: 0x53
   X.224 COTP Data Ack:
    dst_ref: 0x2ec6
    rseq: 5 credit: 3
    Flow control:
     Acked TPDU nr: 5
     Acked subsequence: 0
     Acked credit: 15
    ATN checksum: b8 f7 54 e9

[2025-06-18 00:13:16 CEST] [136.775] [-6.9/-30.9 dBFS] [24.0 dB] [2.0 ppm]
4D2422 (Aircraft, Airborne) -> 233925 (Ground station): Command
AVLC type: I sseq: 0 rseq: 3 poll: 0
 X.25 Data: grp: 11 chan: 255 sseq: 4 rseq: 5 more: 0
  X.25 reasm status: skipped
  X.233 CLNP Data (compressed header):
   LRef: 0x43 Prio: 11 Flags: 0xf6
   Lifetime: 20.0 sec
   PDU Id: 0x472
   X.224 COTP Data Ack:
    dst_ref: 0x2ed0
    rseq: 5 credit: 3
    ATN checksum: ac c6 f9 03
   X.224 COTP Data:
    dst_ref: 0x2ed0
    sseq: 4 req_of_ack: 0 EoT: 1
    COTP reasm status: skipped
    ATN checksum: a9 69 60 78
    CPDLC Downlink Message:
     Header:
      Msg ID: 4
      Msg Ref: 5
      Timestamp: 2025-06-17 22:13:15
      Logical ACK: notRequired
     Message data:
      LOGICAL ACKNOWLEDGMENT

[2025-06-18 00:13:16 CEST] [136.725] [-10.0/-31.0 dBFS] [20.9 dB] [3.0 ppm]
4D220A (Aircraft, Airborne) -> 11985A (Ground station): Command
AVLC type: I sseq: 2 rseq: 3 poll: 0
 X.25 Data: grp: 11 chan: 255 sseq: 0 rseq: 1 more: 0
  X.25 reasm status: skipped
  X.233 CLNP Data (compressed header):
   LRef: 0x41 Prio: 11 Flags: 0xc0
   Lifetime: 50.0 sec
   PDU Id: 0x176f
   X.224 COTP Data Ack:
    dst_ref: 0x2ee4
    rseq: 4 credit: 3
    Checksum: 16 ef
    Flow control:
     Acked TPDU nr: 4
     Acked subsequence: 0
     Acked credit: 15

[2025-06-18 00:13:24 CEST] [136.675] [-9.2/-31.6 dBFS] [22.4 dB] [2.4 ppm]
4D2368 (Aircraft, Airborne) -> 11907A (Ground station): Command
AVLC type: I sseq: 6 rseq: 7 poll: 0
 X.25 Data: grp: 11 chan: 254 sseq: 3 rseq: 4 more: 0
  X.25 reasm status: skipped
  X.233 CLNP Data (compressed header):
   LRef: 0x1 Prio: 11 Flags: 0xc0
   Lifetime: 50.0 sec
   PDU Id: 0xf0d
   X.224 COTP Data Ack:
    dst_ref: 0x2ebd
    rseq: 4 credit: 3
    Checksum: d9 53
    Flow control:
     Acked TPDU nr: 4
     Acked subsequence: 0
     Acked credit: 15

[2025-06-18 00:13:32 CEST] [136.775] [-9.1/-30.8 dBFS] [21.7 dB] [-1.1 ppm]
45D970 (Aircraft, Airborne) -> 233925 (Ground station): Command
AVLC type: I sseq: 0 rseq: 5 poll: 0
 X.25 Data: grp: 11 chan: 255 sseq: 4 rseq: 7 more: 0
  X.25 reasm status: skipped
  X.233 CLNP Data (compressed header):
   LRef: 0x43 Prio: 11 Flags: 0xf6
   Lifetime: 20.0 sec
   PDU Id: 0x54
   X.224 COTP Data Ack:
    dst_ref: 0x227a
    rseq: 0 credit: 1
    Flow control:
     Acked TPDU nr: 0
     Acked subsequence: 0
     Acked credit: 10
    ATN checksum: 44 c8 d2 c9

[2025-06-18 00:14:10 CEST] [136.775] [-11.7/-30.5 dBFS] [18.8 dB] [-1.0 ppm]
45D970 (Aircraft, Airborne) -> 233925 (Ground station): Command
AVLC type: I sseq: 1 rseq: 6 poll: 0
 X.25 Data: grp: 11 chan: 255 sseq: 5 rseq: 0 more: 0
  X.25 reasm status: skipped
  X.233 CLNP Data (compressed header):
   LRef: 0x42 Prio: 11 Flags: 0xf6
   Lifetime: 20.0 sec
   PDU Id: 0x55
   X.224 COTP Data Ack:
    dst_ref: 0x2ec6
    rseq: 6 credit: 3
    ATN checksum: 90 97 81 f6
   X.224 COTP Data:
    dst_ref: 0x2ec6
    sseq: 5 req_of_ack: 0 EoT: 1
    COTP reasm status: skipped
    ATN checksum: 92 2c 0c f4
    CPDLC Downlink Message:
     Header:
      Msg ID: 5
      Msg Ref: 7
      Timestamp: 2025-06-17 22:14:09
      Logical ACK: notRequired
     Message data:
      LOGICAL ACKNOWLEDGMENT

[2025-06-18 00:14:15 CEST] [136.725] [-7.2/-31.3 dBFS] [24.1 dB] [2.9 ppm]
4D220A (Aircraft, Airborne) -> 11985A (Ground station): Command
AVLC type: I sseq: 3 rseq: 3 poll: 0
 ACARS:
  Reassembly: skipped
  Reg: .9H-QDG Flight: FR17SA
  Mode: 2 Label: 16 Blk id: 9 More: 0 Ack: ! Msg num: M25A
  Message:
   221414,,2321, 155,N   .    MMMM.MMM

[2025-06-18 00:14:17 CEST] [136.775] [-12.4/-31.3 dBFS] [18.9 dB] [-1.1 ppm]
45D970 (Aircraft, Airborne) -> 233925 (Ground station): Command
AVLC type: I sseq: 3 rseq: 7 poll: 0
 X.25 Data: grp: 11 chan: 255 sseq: 7 rseq: 1 more: 0
  X.25 reasm status: skipped
  X.233 CLNP Data (compressed header):
   LRef: 0x43 Prio: 11 Flags: 0xf6
   Lifetime: 20.0 sec
   PDU Id: 0x57
   X.224 COTP Data:
    dst_ref: 0x227a
    sseq: 0 req_of_ack: 0 EoT: 1
    COTP reasm status: skipped
    ATN checksum: e6 38 c6 34
    CPDLC Downlink Message:
     Header:
      Msg ID: 0
      Timestamp: 2025-06-17 22:14:15
      Logical ACK: required
     Message data:
      CURRENT DATA AUTHORITY

[2025-06-18 00:14:17 CEST] [136.775] [-12.4/-31.1 dBFS] [18.7 dB] [-0.9 ppm]
45D970 (Aircraft, Airborne) -> 233925 (Ground station): Command
AVLC type: I sseq: 5 rseq: 1 poll: 0
 X.25 Data: grp: 11 chan: 255 sseq: 0 rseq: 3 more: 0
  X.25 reasm status: skipped
  X.233 CLNP Data (compressed header):
   LRef: 0x42 Prio: 11 Flags: 0xf6
   Lifetime: 20.0 sec
   PDU Id: 0x58
   X.224 COTP Disconnect Confirm:
    src_ref: 0x0034 dst_ref: 0x2ec6
    ATN checksum: 77 56 e5 60

[2025-06-18 00:14:17 CEST] [136.775] [-12.4/-31.0 dBFS] [18.6 dB] [-1.1 ppm]
45D970 (Aircraft, Airborne) -> 233925 (Ground station): Command
AVLC type: I sseq: 7 rseq: 3 poll: 0
 X.25 Data: grp: 11 chan: 255 sseq: 1 rseq: 5 more: 0
  X.25 reasm status: skipped
  X.233 CLNP Data (compressed header):
   LRef: 0x43 Prio: 11 Flags: 0xf6
   Lifetime: 20.0 sec
   PDU Id: 0x59
   X.224 COTP Data Ack:
    dst_ref: 0x227a
    rseq: 1 credit: 2
    ATN checksum: 53 18 eb f8

[2025-06-18 00:14:18 CEST] [136.725] [-1.0/-31.3 dBFS] [30.4 dB] [2.8 ppm]
4CA6AA (Aircraft, Airborne) -> 11985A (Ground station): Command
AVLC type: I sseq: 3 rseq: 4 poll: 0
 X.25 Data: grp: 11 chan: 254 sseq: 0 rseq: 1 more: 0
  X.25 reasm status: skipped
  X.233 CLNP Data (compressed header):
   LRef: 0x0 Prio: 11 Flags: 0xc0
   Lifetime: 50.0 sec
   PDU Id: 0x35f
   X.224 COTP Data Ack:
    dst_ref: 0x2ed6
    rseq: 4 credit: 3
    Checksum: 5c b7
    Flow control:
     Acked TPDU nr: 4
     Acked subsequence: 0
     Acked credit: 15

[2025-06-18 00:14:36 CEST] [136.775] [-13.5/-31.1 dBFS] [17.6 dB] [-1.0 ppm]
45D970 (Aircraft, Airborne) -> 233925 (Ground station): Command
AVLC type: I sseq: 2 rseq: 6 poll: 0
 X.25 Data: grp: 11 chan: 255 sseq: 3 rseq: 0 more: 0
  X.25 reasm status: skipped
  X.233 CLNP Data (compressed header):
   LRef: 0x43 Prio: 11 Flags: 0xf6
   Lifetime: 20.0 sec
   PDU Id: 0x5b
   X.224 COTP Data Ack:
    dst_ref: 0x227a
    rseq: 3 credit: 2
    ATN checksum: fd b1 50 4e
   X.224 COTP Data:
    dst_ref: 0x227a
    sseq: 2 req_of_ack: 0 EoT: 1
    COTP reasm status: skipped
    ATN checksum: 71 ba f4 2f
    CPDLC Downlink Message:
     Header:
      Msg ID: 2
      Msg Ref: 3
      Timestamp: 2025-06-17 22:14:35
      Logical ACK: notRequired
     Message data:
      LOGICAL ACKNOWLEDGMENT

[2025-06-18 00:14:48 CEST] [136.725] [-4.3/-31.5 dBFS] [27.2 dB] [3.1 ppm]
4D220A (Aircraft, Airborne) -> 11985A (Ground station): Command
AVLC type: I sseq: 4 rseq: 5 poll: 0
 X.25 Data: grp: 11 chan: 255 sseq: 1 rseq: 2 more: 0
  X.25 reasm status: skipped
  X.233 CLNP Data (compressed header):
   LRef: 0x41 Prio: 11 Flags: 0xc0
   Lifetime: 50.0 sec
   PDU Id: 0x1770
   X.224 COTP Data Ack:
    dst_ref: 0x2ee4
    rseq: 4 credit: 3
    Checksum: 16 ef
    Flow control:
     Acked TPDU nr: 4
     Acked subsequence: 0
     Acked credit: 15

[2025-06-18 00:14:49 CEST] [136.775] [-5.8/-31.2 dBFS] [25.4 dB] [2.2 ppm]
4D2422 (Aircraft, Airborne) -> 233925 (Ground station): Command
AVLC type: I sseq: 2 rseq: 7 poll: 0
 X.25 Data: grp: 11 chan: 255 sseq: 5 rseq: 0 more: 0
  X.25 reasm status: skipped
  X.233 CLNP Data (compressed header):
   LRef: 0x43 Prio: 11 Flags: 0xf6
   Lifetime: 20.0 sec
   PDU Id: 0x473
   X.224 COTP Data Ack:
    dst_ref: 0x2ed0
    rseq: 5 credit: 3
    Flow control:
     Acked TPDU nr: 5
     Acked subsequence: 0
     Acked credit: 15
    ATN checksum: 89 49 d1 19

[2025-06-18 00:14:52 CEST] [136.975] [-8.8/-31.5 dBFS] [22.7 dB] [2.7 ppm]
346183 (Aircraft, Airborne) -> 10FA5A (Ground station): Command
AVLC type: I sseq: 7 rseq: 1 poll: 0
 X.25 Data: grp: 11 chan: 255 sseq: 5 rseq: 7 more: 0
  X.25 reasm status: skipped
  X.233 CLNP Data (compressed header):
   LRef: 0x42 Prio: 11 Flags: 0xf6
   Lifetime: 20.0 sec
   PDU Id: 0xa2
   X.224 COTP Data Ack:
    dst_ref: 0x2ee9
    rseq: 4 credit: 3
    Flow control:
     Acked TPDU nr: 4
     Acked subsequence: 0
     Acked credit: 15
    ATN checksum: 54 f3 e6 14

[2025-06-18 00:15:23 CEST] [136.975] [-11.8/-31.2 dBFS] [19.4 dB] [1.3 ppm]
020177 (Aircraft, Airborne) -> 26CA77 (Ground station): Command
AVLC type: I sseq: 5 rseq: 5 poll: 0
 X.25 Data: grp: 11 chan: 255 sseq: 2 rseq: 3 more: 0
  X.25 reasm status: skipped
  X.233 CLNP Data (compressed header):
   LRef: 0x42 Prio: 11 Flags: 0xf6
   Lifetime: 20.0 sec
   PDU Id: 0x2d6
   X.224 COTP Data Ack:
    dst_ref: 0x0c07
    rseq: 11 credit: 4
    ATN checksum: df a5 3d cc

[2025-06-18 00:15:50 CEST] [136.725] [-10.8/-31.3 dBFS] [20.5 dB] [2.5 ppm]
4CA6AA (Aircraft, Airborne) -> 11985A (Ground station): Command
AVLC type: I sseq: 4 rseq: 5 poll: 0
 X.25 Data: grp: 11 chan: 254 sseq: 1 rseq: 2 more: 0
  X.25 reasm status: skipped
  X.233 CLNP Data (compressed header):
   LRef: 0x0 Prio: 11 Flags: 0xc0
   Lifetime: 50.0 sec
   PDU Id: 0x360
   X.224 COTP Data Ack:
    dst_ref: 0x2ed6
    rseq: 4 credit: 3
    Checksum: 5c b7
    Flow control:
     Acked TPDU nr: 4
     Acked subsequence: 0
     Acked credit: 15

[2025-06-18 00:15:57 CEST] [136.775] [-6.2/-30.7 dBFS] [24.5 dB] [2.1 ppm]
4D2422 (Aircraft, Airborne) -> 233925 (Ground station): Command
AVLC type: I sseq: 3 rseq: 1 poll: 0
 X.25 Data: grp: 11 chan: 255 sseq: 6 rseq: 1 more: 0
  X.25 reasm status: skipped
  X.233 CLNP Data (compressed header):
   LRef: 0x43 Prio: 11 Flags: 0xf6
   Lifetime: 20.0 sec
   PDU Id: 0x474
   X.224 COTP Data Ack:
    dst_ref: 0x2ed0
    rseq: 6 credit: 3
    ATN checksum: 02 93 2c ad
   X.224 COTP Data:
    dst_ref: 0x2ed0
    sseq: 5 req_of_ack: 0 EoT: 1
    COTP reasm status: skipped
    ATN checksum: b9 9e 5d a9
    CPDLC Downlink Message:
     Header:
      Msg ID: 5
      Msg Ref: 7
      Timestamp: 2025-06-17 22:15:56
      Logical ACK: notRequired
     Message data:
      LOGICAL ACKNOWLEDGMENT

[2025-06-18 00:16:08 CEST] [136.775] [-6.6/-30.7 dBFS] [24.0 dB] [2.0 ppm]
4D2422 (Aircraft, Airborne) -> 233925 (Ground station): Command
AVLC type: I sseq: 4 rseq: 2 poll: 0
 X.25 Data: grp: 11 chan: 255 sseq: 7 rseq: 2 more: 0
  X.25 reasm status: skipped
  X.233 CLNP Data (compressed header):
   LRef: 0x43 Prio: 11 Flags: 0xf6
   Lifetime: 20.0 sec
   PDU Id: 0x475
   X.224 COTP Data:
    dst_ref: 0x2ed0
    sseq: 6 req_of_ack: 0 EoT: 1
    COTP reasm status: skipped
    ATN checksum: da 65 e7 29
    X.227 ACSE Release Response:
     Reason: normal
     CPDLC Downlink Message:
      Header:
       Msg ID: 6
       Msg Ref: 7
       Timestamp: 2025-06-17 22:16:06
       Logical ACK: notRequired
      Message data:
       WILCO

[2025-06-18 00:16:08 CEST] [136.775] [-7.1/-30.3 dBFS] [23.3 dB] [2.1 ppm]
4D2422 (Aircraft, Airborne) -> 233925 (Ground station): Command
AVLC type: I sseq: 6 rseq: 4 poll: 0
 X.25 Data: grp: 11 chan: 255 sseq: 0 rseq: 4 more: 0
  X.25 reasm status: skipped
  X.233 CLNP Data (compressed header):
   LRef: 0x43 Prio: 11 Flags: 0xf6
   Lifetime: 20.0 sec
   PDU Id: 0x476
   X.224 COTP Disconnect Confirm:
    src_ref: 0x0059 dst_ref: 0x2ed0
    ATN checksum: 34 f5 d1 c1

[2025-06-18 00:16:13 CEST] [136.975] [-5.2/-31.5 dBFS] [26.3 dB] [1.1 ppm]
020177 (Aircraft, Airborne) -> 26CA77 (Ground station): Command
AVLC type: I sseq: 7 rseq: 7 poll: 0
 X.25 Data: grp: 11 chan: 255 sseq: 4 rseq: 4 more: 0
  X.25 reasm status: skipped
  X.233 CLNP Data (compressed header):
   LRef: 0x42 Prio: 11 Flags: 0xf6
   Lifetime: 20.0 sec
   PDU Id: 0x2d8
   X.224 COTP Data Ack:
    dst_ref: 0x0c07
    rseq: 11 credit: 4
    Flow control:
     Acked TPDU nr: 10
     Acked subsequence: 0
     Acked credit: 10
    ATN checksum: a8 cd e2 83

[2025-06-18 00:16:20 CEST] [136.725] [-2.3/-31.5 dBFS] [29.2 dB] [2.9 ppm]
4D220A (Aircraft, Airborne) -> 11985A (Ground station): Command
AVLC type: I sseq: 5 rseq: 6 poll: 0
 X.25 Data: grp: 11 chan: 255 sseq: 2 rseq: 3 more: 0
  X.25 reasm status: skipped
  X.233 CLNP Data (compressed header):
   LRef: 0x41 Prio: 11 Flags: 0xc0
   Lifetime: 50.0 sec
   PDU Id: 0x1771
   X.224 COTP Data Ack:
    dst_ref: 0x2ee4
    rseq: 4 credit: 3
    Checksum: 16 ef
    Flow control:
     Acked TPDU nr: 4
     Acked subsequence: 0
     Acked credit: 15

[2025-06-18 00:16:24 CEST] [136.975] [-4.7/-31.3 dBFS] [26.6 dB] [2.6 ppm]
346183 (Aircraft, Airborne) -> 10FA5A (Ground station): Command
AVLC type: I sseq: 0 rseq: 2 poll: 0
 X.25 Data: grp: 11 chan: 255 sseq: 6 rseq: 0 more: 0
  X.25 reasm status: skipped
  X.233 CLNP Data (compressed header):
   LRef: 0x42 Prio: 11 Flags: 0xf6
   Lifetime: 20.0 sec
   PDU Id: 0xa3
   X.224 COTP Data Ack:
    dst_ref: 0x2ee9
    rseq: 4 credit: 3
    Flow control:
     Acked TPDU nr: 4
     Acked subsequence: 0
     Acked credit: 15
    ATN checksum: 54 f3 e6 14

[2025-06-18 00:16:34 CEST] [136.975] [-4.0/-31.4 dBFS] [27.4 dB] [2.5 ppm]
346183 (Aircraft, Airborne) -> 10FA5A (Ground station): Command
AVLC type: I sseq: 1 rseq: 3 poll: 0
 X.25 Data: grp: 11 chan: 255 sseq: 7 rseq: 1 more: 0
  X.25 reasm status: skipped
  X.233 CLNP Data (compressed header):
   LRef: 0x42 Prio: 11 Flags: 0xf6
   Lifetime: 20.0 sec
   PDU Id: 0xa4
   X.224 COTP Data Ack:
    dst_ref: 0x2ee9
    rseq: 5 credit: 3
    ATN checksum: 04 b6 63 d5
   X.224 COTP Data:
    dst_ref: 0x2ee9
    sseq: 4 req_of_ack: 0 EoT: 1
    COTP reasm status: skipped
    ATN checksum: 17 24 f4 8a
    CPDLC Downlink Message:
     Header:
      Msg ID: 4
      Msg Ref: 5
      Timestamp: 2025-06-17 22:16:33
      Logical ACK: notRequired
     Message data:
      LOGICAL ACKNOWLEDGMENT

[2025-06-18 00:16:35 CEST] [136.975] [-3.5/-31.6 dBFS] [28.1 dB] [1.3 ppm]
020177 (Aircraft, Airborne) -> 26CA77 (Ground station): Command
AVLC type: I sseq: 0 rseq: 0 poll: 0
 X.25 Data: grp: 11 chan: 255 sseq: 5 rseq: 5 more: 0
  X.25 reasm status: skipped
  X.233 CLNP Data (compressed header):
   LRef: 0x43 Prio: 11 Flags: 0xf6
   Lifetime: 20.0 sec
   PDU Id: 0x2d9
   X.224 COTP Data Ack:
    dst_ref: 0x2edc
    rseq: 0 credit: 1
    Flow control:
     Acked TPDU nr: 0
     Acked subsequence: 0
     Acked credit: 15
    ATN checksum: 41 29 d1 d4

[2025-06-18 00:16:36 CEST] [136.725] [-0.7/-32.0 dBFS] [31.2 dB] [2.9 ppm]
4D220A (Aircraft, Airborne) -> 11985A (Ground station): Command
AVLC type: I sseq: 6 rseq: 7 poll: 0
 X.25 Data: grp: 11 chan: 255 sseq: 3 rseq: 4 more: 0
  X.25 reasm status: skipped
  X.233 CLNP Data (compressed header):
   LRef: 0x41 Prio: 11 Flags: 0xc0
   Lifetime: 50.0 sec
   PDU Id: 0x1772
   X.224 COTP Data Ack:
    dst_ref: 0x2ee4
    rseq: 5 credit: 3
    Checksum: 17 9f

[2025-06-18 00:16:36 CEST] [136.725] [-0.7/-31.8 dBFS] [31.0 dB] [2.9 ppm]
4D220A (Aircraft, Airborne) -> 11985A (Ground station): Command
AVLC type: I sseq: 7 rseq: 7 poll: 0
 X.25 Data: grp: 11 chan: 255 sseq: 4 rseq: 4 more: 0
  X.25 reasm status: skipped
  X.233 CLNP Data (compressed header):
   LRef: 0x41 Prio: 11 Flags: 0xc0
   Lifetime: 50.0 sec
   PDU Id: 0x1773
   X.224 COTP Data:
    dst_ref: 0x2ee4
    sseq: 4 req_of_ack: 0 EoT: 1
    COTP reasm status: skipped
    Checksum: 34 db
    CPDLC Downlink Message:
     Header:
      Msg ID: 4
      Msg Ref: 5
      Timestamp: 2025-06-17 22:16:35
      Logical ACK: notRequired
     Message data:
      LOGICAL ACKNOWLEDGMENT

[2025-06-18 00:16:39 CEST] [136.975] [-4.5/-31.3 dBFS] [26.8 dB] [2.7 ppm]
346183 (Aircraft, Airborne) -> 10FA5A (Ground station): Command
AVLC type: I sseq: 2 rseq: 4 poll: 0
 X.25 Data: grp: 11 chan: 255 sseq: 0 rseq: 2 more: 0
  X.25 reasm status: skipped
  X.233 CLNP Data (compressed header):
   LRef: 0x42 Prio: 11 Flags: 0xf6
   Lifetime: 20.0 sec
   PDU Id: 0xa5
   X.224 COTP Data:
    dst_ref: 0x2ee9
    sseq: 5 req_of_ack: 0 EoT: 1
    COTP reasm status: skipped
    ATN checksum: ef e0 bc 2c
    CPDLC Downlink Message:
     Header:
      Msg ID: 5
      Msg Ref: 5
      Timestamp: 2025-06-17 22:16:38
      Logical ACK: required
     Message data:
      WILCO

[2025-06-18 00:16:40 CEST] [136.975] [-5.9/-31.0 dBFS] [25.2 dB] [2.6 ppm]
346183 (Aircraft, Airborne) -> 10FA5A (Ground station): Command
AVLC type: I sseq: 3 rseq: 6 poll: 0
 X.25 Data: grp: 11 chan: 255 sseq: 1 rseq: 4 more: 0
  X.25 reasm status: skipped
  X.233 CLNP Data (compressed header):
   LRef: 0x42 Prio: 11 Flags: 0xf6
   Lifetime: 20.0 sec
   PDU Id: 0xa6
   X.224 COTP Data Ack:
    dst_ref: 0x2ee9
    rseq: 6 credit: 3
    ATN checksum: 59 83 95 80

[2025-06-18 00:16:45 CEST] [136.725] [-1.7/-30.8 dBFS] [29.1 dB] [3.1 ppm]
4D220A (Aircraft, Airborne) -> 11985A (Ground station): Command
AVLC type: I sseq: 0 rseq: 0 poll: 0
 X.25 Data: grp: 11 chan: 255 sseq: 5 rseq: 5 more: 0
  X.25 reasm status: skipped
  X.233 CLNP Data (compressed header):
   LRef: 0x41 Prio: 11 Flags: 0xc0
   Lifetime: 50.0 sec
   PDU Id: 0x1774
   X.224 COTP Data:
    dst_ref: 0x2ee4
    sseq: 5 req_of_ack: 0 EoT: 1
    COTP reasm status: skipped
    Checksum: 36 f2
    CPDLC Downlink Message:
     Header:
      Msg ID: 5
      Msg Ref: 5
      Timestamp: 2025-06-17 22:16:44
      Logical ACK: required
     Message data:
      WILCO

[2025-06-18 00:16:46 CEST] [136.725] [-1.7/-30.9 dBFS] [29.1 dB] [3.1 ppm]
4D220A (Aircraft, Airborne) -> 11985A (Ground station): Command
AVLC type: I sseq: 1 rseq: 2 poll: 0
 X.25 Data: grp: 11 chan: 255 sseq: 6 rseq: 7 more: 0
  X.25 reasm status: skipped
  X.233 CLNP Data (compressed header):
   LRef: 0x41 Prio: 11 Flags: 0xc0
   Lifetime: 50.0 sec
   PDU Id: 0x1775
   X.224 COTP Data Ack:
    dst_ref: 0x2ee4
    rseq: 6 credit: 3
    Checksum: 13 a2

[2025-06-18 00:16:53 CEST] [136.775] [-11.2/-31.5 dBFS] [20.3 dB] [-1.2 ppm]
45D970 (Aircraft, Airborne) -> 233925 (Ground station): Command
AVLC type: I sseq: 3 rseq: 7 poll: 0
 ACARS:
  Reassembly: skipped
  Reg: .OY-VKP Flight: DK4121
  Mode: 2 Label: H1 Blk id: 8 More: 0 Ack: ! Msg num: F60A
  Sublabel: M1
  Message:
   RESREQ/AK,1158AF6

[2025-06-18 00:16:56 CEST] [136.775] [-10.9/-31.3 dBFS] [20.4 dB] [-1.1 ppm]
45D970 (Aircraft, Airborne) -> 233925 (Ground station): Command
AVLC type: I sseq: 4 rseq: 0 poll: 0
 ACARS:
  Reassembly: skipped
  Reg: .OY-VKP Flight: DK4121
  Mode: 2 Label: H1 Blk id: 9 More: 0 Ack: ! Msg num: F61A
  Sublabel: M1
  Message:
   POSN44525E006230,N44473E006234,221648,400,N45192E006213,222032,N45267E006208,M56,01417,286/TS221648,170625D41F

