[2024-11-14 00:00:01 CET] [136.725] [-7.5/-30.4 dBFS] [22.9 dB] [3.0 ppm]
4D2238 (Aircraft, Airborne) -> 11985A (Ground station): Command
AVLC type: I sseq: 6 rseq: 2 poll: 0
 X.25 Data: grp: 11 chan: 255 sseq: 6 rseq: 2 more: 0
  X.25 reasm status: skipped
  X.233 CLNP Data (compressed header):
   LRef: 0x42 Prio: 11 Flags: 0xc0
   Lifetime: 50.0 sec
   PDU Id: 0xd30
   X.224 COTP Data Ack:
    dst_ref: 0x4b25
    rseq: 11 credit: 4
    Checksum: 08 4a

[2024-11-14 00:00:43 CET] [136.775] [-13.0/-30.5 dBFS] [17.5 dB] [0.3 ppm]
345597 (Aircraft, Airborne) -> 2654E5 (Ground station): Command
AVLC type: I sseq: 4 rseq: 1 poll: 0
 X.25 Data: grp: 11 chan: 255 sseq: 2 rseq: 4 more: 0
  X.25 reasm status: skipped
  X.233 CLNP Data (compressed header):
   LRef: 0x42 Prio: 11 Flags: 0xf6
   Lifetime: 20.0 sec
   PDU Id: 0x69
   X.224 COTP Data Ack:
    dst_ref: 0xf9d4
    rseq: 3 credit: 2
    ATN checksum: 0d 61 7b 79

[2024-11-14 00:00:55 CET] [136.975] [0.5/-30.9 dBFS] [31.3 dB] [1.4 ppm]
39C466 (Aircraft, Airborne) -> 26C197 (Ground station): Command
AVLC type: U (XID) P/F: 1
 XID: Link Establishment
  Public params:
   Parameter set ID: 8885:1993
   Procedure classes: 00 01
   HDLC options: 20 a4 88
  VDL params:
   Parameter set ID: V
   Connection management: 00
   XID sequencing: seq: 1 retry: 0
   AVLC specific options: 26
   Modulation support: VDL-M2, D8PSK, 31500 bps
   Destination airport: LFBO
   Aircraft location: 43.3N 5.5E 28000 ft

[2024-11-14 00:00:56 CET] [136.975] [0.8/-30.6 dBFS] [31.3 dB] [1.4 ppm]
39C466 (Aircraft, Airborne) -> 26C197 (Ground station): Command
AVLC type: I sseq: 2 rseq: 2 poll: 0
 X.25 Data: grp: 4 chan: 5 sseq: 0 rseq: 1 more: 0
  X.25 reasm status: skipped
  X.233 CLNP Data:
   Src NSAP: 47 00 27 c1 83 46 52 00 39 c4 66 00 00 00 00 00 00 01 00 00	"G.'..FR.9.f........."
   Dst NSAP: 47 00 27 01 53 49 54 00 59 55 4c 00 01 08 00 20 ff ba 45 00	"G.'.SIT.YUL.... ..E."
   Lifetime: 127.5 sec
   Flags: SP E/R
   Segmentation:
    PDU Id: 0xd
    Segment offset: 0
    PDU total length: 140
    CLNP reasm status: skipped
   Options:
    LRef: 0x00
    Priority: 0x0e
    Security:
     Reg ID: 06 04 2b 1b 00 00
     Info:
      Traffic type:
       Type: ATN operational
       Category: ATSC
       Route policy: 0x01
    QoS maintenance: 0xc0
   IDRP Open: seq: 1 ack: 8 credit_offered: 10 credit_avail: 4
    Hold Time: 900 seconds
    Max. PDU size: 4096 octets
    Source RDI: 47 00 27 c1 83 46 52 00 39 c4 66	"G.'..FR.9.f"
    RIB Attribute Set:
     RibAtt #0:
      Security:
       Reg ID: 06 04 2b 1b 00 00
    Auth mechanism: simple checksum

[2024-11-14 00:00:56 CET] [136.975] [0.8/-30.7 dBFS] [31.5 dB] [1.3 ppm]
39C466 (Aircraft, Airborne) -> 26C197 (Ground station): Command
AVLC type: I sseq: 3 rseq: 4 poll: 0
 X.25 Data: grp: 4 chan: 5 sseq: 1 rseq: 2 more: 0
  X.25 reasm status: skipped
  X.233 CLNP Data (compressed header):
   LRef: 0x0 Prio: 14 Flags: 0xe0
   Lifetime: 127.5 sec
   PDU Id: 0xe
   IDRP Update: seq: 2 ack: 8 credit_offered: 10 credit_avail: 3
    Route:
     ID: 1
     Local preference: 0
    Security:
     Reg ID: 06 04 2b 1b 00 00
    RD path:
     RD_SEQ:
      47 00 27 c1 83 46 52 00 39 c4 66	"G.'..FR.9.f"
    RD hop count: 255
    Capacity: 11
    Reachability info:
     Protocol: CLNP
     Prefix length: 88
     Dest. address prefix: 47 00 27 c1 83 46 52 00 39 c4 66	"G.'..FR.9.f"

[2024-11-14 00:00:57 CET] [136.775] [-11.8/-30.9 dBFS] [19.1 dB] [0.2 ppm]
345597 (Aircraft, Airborne) -> 2654E5 (Ground station): Command
AVLC type: I sseq: 6 rseq: 3 poll: 0
 X.25 Data: grp: 11 chan: 255 sseq: 4 rseq: 5 more: 0
  X.25 reasm status: skipped
  X.233 CLNP Data (compressed header):
   LRef: 0x42 Prio: 11 Flags: 0xf6
   Lifetime: 20.0 sec
   PDU Id: 0x6b
   X.224 COTP Data:
    dst_ref: 0xf9d4
    sseq: 3 req_of_ack: 0 EoT: 1
    COTP reasm status: skipped
    ATN checksum: 81 72 b6 91
    CPDLC Downlink Message:
     Header:
      Msg ID: 3
      Msg Ref: 3
      Timestamp: 2024-11-13 23:00:55
      Logical ACK: required
     Message data:
      WILCO

[2024-11-14 00:01:01 CET] [136.775] [-11.3/-30.1 dBFS] [18.8 dB] [0.1 ppm]
345597 (Aircraft, Airborne) -> 2654E5 (Ground station): Command
AVLC type: I sseq: 0 rseq: 5 poll: 0
 X.25 Data: grp: 11 chan: 255 sseq: 5 rseq: 7 more: 0
  X.25 reasm status: skipped
  X.233 CLNP Data (compressed header):
   LRef: 0x42 Prio: 11 Flags: 0xf6
   Lifetime: 20.0 sec
   PDU Id: 0x6c
   X.224 COTP Data Ack:
    dst_ref: 0xf9d4
    rseq: 4 credit: 3
    ATN checksum: 80 01 76 69

[2024-11-14 00:01:17 CET] [136.725] [-5.4/-30.4 dBFS] [25.0 dB] [2.9 ppm]
4D2238 (Aircraft, Airborne) -> 11985A (Ground station): Command
AVLC type: I sseq: 0 rseq: 5 poll: 0
 X.25 Data: grp: 11 chan: 255 sseq: 0 rseq: 5 more: 0
  X.25 reasm status: skipped
  X.233 CLNP Data (compressed header):
   LRef: 0x41 Prio: 11 Flags: 0xc0
   Lifetime: 50.0 sec
   PDU Id: 0xd32
   X.224 COTP Data Ack:
    dst_ref: 0xf9d5
    rseq: 0 credit: 1
    Checksum: a0 b2
    Flow control:
     Acked TPDU nr: 0
     Acked subsequence: 0
     Acked credit: 15

[2024-11-14 00:01:37 CET] [136.725] [-5.8/-30.4 dBFS] [24.6 dB] [3.0 ppm]
4D2238 (Aircraft, Airborne) -> 11985A (Ground station): Command
AVLC type: I sseq: 1 rseq: 5 poll: 0
 ACARS:
  Reassembly: skipped
  Reg: .9H-QCN Flight: FR04JK
  Mode: 2 Label: 16 Blk id: 3 More: 0 Ack: ! Msg num: M97A
  Message:
   230136,109808,2353,  93,MMMM.MMM MMMM.MMM

[2024-11-14 00:02:30 CET] [136.775] [-9.2/-30.2 dBFS] [21.0 dB] [0.4 ppm]
345597 (Aircraft, Airborne) -> 2654E5 (Ground station): Command
AVLC type: I sseq: 2 rseq: 7 poll: 0
 X.25 Data: grp: 11 chan: 255 sseq: 7 rseq: 0 more: 0
  X.25 reasm status: skipped
  X.233 CLNP Data (compressed header):
   LRef: 0x42 Prio: 11 Flags: 0xf6
   Lifetime: 20.0 sec
   PDU Id: 0x6e
   X.224 COTP Data Ack:
    dst_ref: 0xf9d4
    rseq: 4 credit: 3
    Flow control:
     Acked TPDU nr: 4
     Acked subsequence: 0
     Acked credit: 15
    ATN checksum: 62 fb 72 de

[2024-11-14 00:03:09 CET] [136.775] [-10.1/-30.2 dBFS] [20.1 dB] [0.2 ppm]
345597 (Aircraft, Airborne) -> 233925 (Ground station): Response
AVLC type: U (XID) P/F: 1
 XID: Handoff Response
  Public params:
   Parameter set ID: 8885:1993
   Procedure classes: 00 01
   HDLC options: 20 a4 88
  VDL params:
   Parameter set ID: V
   Connection management: 05
   XID sequencing: seq: 1 retry: 0
   AVLC specific options: 25
   Destination airport: LEBL

[2024-11-14 00:04:02 CET] [136.775] [-9.1/-30.2 dBFS] [21.1 dB] [0.2 ppm]
345597 (Aircraft, Airborne) -> 233925 (Ground station): Command
AVLC type: I sseq: 2 rseq: 3 poll: 0
 X.25 Data: grp: 11 chan: 255 sseq: 0 rseq: 1 more: 0
  X.25 reasm status: skipped
  X.233 CLNP Data (compressed header):
   LRef: 0x42 Prio: 11 Flags: 0xf6
   Lifetime: 20.0 sec
   PDU Id: 0x6f
   X.224 COTP Data Ack:
    dst_ref: 0xf9d4
    rseq: 4 credit: 3
    Flow control:
     Acked TPDU nr: 4
     Acked subsequence: 0
     Acked credit: 15
    ATN checksum: 62 fb 72 de

