[2025-01-01 00:00:53 CET] [136.725] [-6.0/-30.2 dBFS] [24.2 dB] [3.2 ppm]
4D227A (Aircraft, Airborne) -> 11985A (Ground station): Command
AVLC type: I sseq: 0 rseq: 1 poll: 0
 X.25 Data: grp: 11 chan: 255 sseq: 5 rseq: 6 more: 0
  X.25 reasm status: skipped
  X.233 CLNP Data (compressed header):
   LRef: 0x0 Prio: 11 Flags: 0xc0
   Lifetime: 50.0 sec
   PDU Id: 0x171
   X.224 COTP Data Ack:
    dst_ref: 0x24e4
    rseq: 4 credit: 3
    Checksum: 52 bd
    Flow control:
     Acked TPDU nr: 4
     Acked subsequence: 0
     Acked credit: 15

[2025-01-01 00:03:09 CET] [136.775] [-10.6/-30.3 dBFS] [19.6 dB] [3.1 ppm]
471DB0 (Aircraft, Airborne) -> 233925 (Ground station): Command
AVLC type: I sseq: 0 rseq: 4 poll: 0
 X.25 Data: grp: 11 chan: 255 sseq: 4 rseq: 0 more: 0
  X.25 reasm status: skipped
  X.233 CLNP Data (compressed header):
   LRef: 0x44 Prio: 11 Flags: 0xfe
   Lifetime: 20.0 sec
   PDU Id: 0x41f
   X.224 COTP Data Ack:
    dst_ref: 0x24e2
    rseq: 5 credit: 3
    Flow control:
     Acked TPDU nr: 5
     Acked subsequence: 0
     Acked credit: 15
    ATN checksum: b9 74 7a 8b

[2025-01-01 00:03:46 CET] [136.775] [-8.8/-30.2 dBFS] [21.4 dB] [3.0 ppm]
471DB0 (Aircraft, Airborne) -> 233925 (Ground station): Command
AVLC type: I sseq: 4 rseq: 0 poll: 0
 ACARS:
  Reassembly: skipped
  Reg: .HA-LGI Flight: W63047
  Mode: 2 Label: 17 Blk id: 3 More: 0 Ack: ! Msg num: M97A
  Message:
   230342,36018,0037, 17800,N 43.455,E  7.175,31DEC24, 6199,  20,- 60

[2025-01-01 00:03:57 CET] [136.725] [-10.8/-30.9 dBFS] [20.1 dB] [2.7 ppm]
4D227A (Aircraft, Airborne) -> 11985A (Ground station): Command
AVLC type: I sseq: 3 rseq: 4 poll: 0
 X.25 Data: grp: 11 chan: 255 sseq: 0 rseq: 1 more: 0
  X.25 reasm status: skipped
  X.233 CLNP Data (compressed header):
   LRef: 0x0 Prio: 11 Flags: 0xc0
   Lifetime: 50.0 sec
   PDU Id: 0x174
   X.224 COTP Data Ack:
    dst_ref: 0x24e4
    rseq: 4 credit: 3
    Checksum: 52 bd
    Flow control:
     Acked TPDU nr: 4
     Acked subsequence: 0
     Acked credit: 15

[2025-01-01 00:05:23 CET] [136.725] [-13.7/-30.5 dBFS] [16.8 dB] [2.9 ppm]
4D227A (Aircraft, Airborne) -> 11985A (Ground station): Command
AVLC type: I sseq: 4 rseq: 5 poll: 0
 X.25 Data: grp: 11 chan: 255 sseq: 1 rseq: 2 more: 0
  X.25 reasm status: skipped
  X.233 CLNP Data (compressed header):
   LRef: 0x0 Prio: 11 Flags: 0xc0
   Lifetime: 50.0 sec
   PDU Id: 0x175
   X.224 COTP Data Ack:
    dst_ref: 0x24e4
    rseq: 5 credit: 3
    Checksum: 53 6d

[2025-01-01 00:05:24 CET] [136.725] [-12.0/-30.3 dBFS] [18.3 dB] [2.7 ppm]
4D227A (Aircraft, Airborne) -> 11985A (Ground station): Command
AVLC type: I sseq: 5 rseq: 5 poll: 0
 X.25 Data: grp: 11 chan: 255 sseq: 2 rseq: 2 more: 0
  X.25 reasm status: skipped
  X.233 CLNP Data (compressed header):
   LRef: 0x0 Prio: 11 Flags: 0xc0
   Lifetime: 50.0 sec
   PDU Id: 0x176
   X.224 COTP Data:
    dst_ref: 0x24e4
    sseq: 4 req_of_ack: 0 EoT: 1
    COTP reasm status: skipped
    Checksum: de 36
    CPDLC Downlink Message:
     Header:
      Msg ID: 4
      Msg Ref: 5
      Timestamp: 2024-12-31 23:05:22
      Logical ACK: notRequired
     Message data:
      LOGICAL ACKNOWLEDGMENT

