[2025-01-15 00:01:08 CET] [136.975] [-12.0/-30.4 dBFS] [18.3 dB] [-2.8 ppm]
3474CE (Aircraft, Airborne) -> 109C2A (Ground station): Command
AVLC type: U (XID) P/F: 1
 XID: Handoff Initiation
  Public params:
   Parameter set ID: 8885:1993
   Procedure classes: 00 01
   HDLC options: 20 a4 80
  VDL params:
   Parameter set ID: V
   Connection management: 05
   XID sequencing: seq: 1 retry: 0
   AVLC specific options: 04
   Destination airport: LIMC

[2025-01-15 00:02:11 CET] [136.725] [-8.0/-30.0 dBFS] [22.1 dB] [0.9 ppm]
ACF559 (Aircraft, Airborne) -> 11985A (Ground station): Command
AVLC type: I sseq: 3 rseq: 4 poll: 0
 X.25 Data: grp: 11 chan: 255 sseq: 7 rseq: 0 more: 0
  X.25 reasm status: skipped
  X.233 CLNP Data (compressed header):
   LRef: 0x41 Prio: 11 Flags: 0xf6
   Lifetime: 20.0 sec
   PDU Id: 0xdc
   X.224 COTP Data Ack:
    dst_ref: 0xa331
    rseq: 2 credit: 2
    Flow control:
     Acked TPDU nr: 2
     Acked subsequence: 0
     Acked credit: 15
    ATN checksum: ec 69 10 a5

[2025-01-15 00:04:11 CET] [136.725] [-12.3/-29.9 dBFS] [17.6 dB] [0.6 ppm]
ACF559 (Aircraft, Airborne) -> 11985A (Ground station): Command
AVLC type: I sseq: 4 rseq: 4 poll: 0
 X.25 Data: grp: 11 chan: 255 sseq: 0 rseq: 0 more: 0
  X.25 reasm status: skipped
  X.233 CLNP Data (compressed header):
   LRef: 0x41 Prio: 11 Flags: 0xf6
   Lifetime: 20.0 sec
   PDU Id: 0xdd
   X.224 COTP Data Ack:
    dst_ref: 0xa331
    rseq: 2 credit: 2
    ATN checksum: 2e 55 8a ad

[2025-01-15 00:04:31 CET] [136.725] [-11.6/-30.0 dBFS] [18.5 dB] [0.5 ppm]
ACF559 (Aircraft, Airborne) -> 11985A (Ground station): Command
AVLC type: I sseq: 4 rseq: 4 poll: 0
 X.25 Data: grp: 11 chan: 255 sseq: 0 rseq: 0 more: 0
  X.25 reasm status: skipped
  X.233 CLNP Data (compressed header):
   LRef: 0x41 Prio: 11 Flags: 0xf6
   Lifetime: 20.0 sec
   PDU Id: 0xdd
   X.224 COTP Data Ack:
    dst_ref: 0xa331
    rseq: 2 credit: 2
    ATN checksum: 2e 55 8a ad

[2025-01-15 00:04:37 CET] [136.725] [-10.4/-29.7 dBFS] [19.3 dB] [2.4 ppm]
4CAE6D (Aircraft, Airborne) -> 11984A (Ground station): Command
AVLC type: I sseq: 2 rseq: 2 poll: 0
 X.25 Data: grp: 11 chan: 254 sseq: 0 rseq: 0 more: 0
  X.25 reasm status: skipped
  X.233 CLNP Data (compressed header):
   LRef: 0x43 Prio: 11 Flags: 0xc0
   Lifetime: 50.0 sec
   PDU Id: 0xb1
   X.224 COTP Data:
    dst_ref: 0xa333
    sseq: 6 req_of_ack: 0 EoT: 1
    COTP reasm status: skipped
    Checksum: f5 61
    X.227 ACSE Release Response:
     Reason: normal
     CPDLC Downlink Message:
      Header:
       Msg ID: 6
       Msg Ref: 7
       Timestamp: 2025-01-14 23:04:36
       Logical ACK: notRequired
      Message data:
       WILCO

[2025-01-15 00:04:38 CET] [136.725] [-10.2/-29.9 dBFS] [19.7 dB] [2.4 ppm]
4CAE6D (Aircraft, Airborne) -> 11984A (Ground station): Command
AVLC type: I sseq: 3 rseq: 2 poll: 0
 X.25 Data: grp: 11 chan: 254 sseq: 1 rseq: 0 more: 0
  X.25 reasm status: skipped
  X.233 CLNP Data (compressed header):
   LRef: 0x44 Prio: 11 Flags: 0xc0
   Lifetime: 50.0 sec
   PDU Id: 0xb2
   X.224 COTP Data:
    dst_ref: 0x73b5
    sseq: 0 req_of_ack: 0 EoT: 1
    COTP reasm status: skipped
    Checksum: bc 1e
    CPDLC Downlink Message:
     Header:
      Msg ID: 0
      Timestamp: 2025-01-14 23:04:36
      Logical ACK: required
     Message data:
      CURRENT DATA AUTHORITY

[2025-01-15 00:04:40 CET] [136.725] [-10.8/-29.9 dBFS] [19.1 dB] [2.5 ppm]
4CAE6D (Aircraft, Airborne) -> 11984A (Ground station): Command
AVLC type: I sseq: 6 rseq: 6 poll: 0
 X.25 Data: grp: 11 chan: 254 sseq: 3 rseq: 4 more: 0
  X.25 reasm status: skipped
  X.233 CLNP Data (compressed header):
   LRef: 0x44 Prio: 11 Flags: 0xc0
   Lifetime: 50.0 sec
   PDU Id: 0xb4
   X.224 COTP Data Ack:
    dst_ref: 0x73b5
    rseq: 1 credit: 2
    Checksum: 7a 2b

[2025-01-15 00:04:41 CET] [136.725] [-9.1/-30.1 dBFS] [20.9 dB] [2.3 ppm]
4CAE6D (Aircraft, Airborne) -> 11984A (Ground station): Command
AVLC type: I sseq: 7 rseq: 0 poll: 0
 X.25 Data: grp: 11 chan: 254 sseq: 4 rseq: 6 more: 0
  X.25 reasm status: skipped
  X.233 CLNP Data (compressed header):
   LRef: 0x44 Prio: 11 Flags: 0xc0
   Lifetime: 50.0 sec
   PDU Id: 0xb5
   X.224 COTP Data Ack:
    dst_ref: 0x73b5
    rseq: 2 credit: 2
    Checksum: 76 2e

[2025-01-15 00:04:42 CET] [136.725] [-9.5/-30.0 dBFS] [20.6 dB] [2.4 ppm]
4CAE6D (Aircraft, Airborne) -> 11984A (Ground station): Command
AVLC type: I sseq: 0 rseq: 0 poll: 0
 X.25 Data: grp: 11 chan: 254 sseq: 5 rseq: 6 more: 0
  X.25 reasm status: skipped
  X.233 CLNP Data (compressed header):
   LRef: 0x44 Prio: 11 Flags: 0xc0
   Lifetime: 50.0 sec
   PDU Id: 0xb6
   X.224 COTP Data Ack:
    dst_ref: 0x73b5
    rseq: 3 credit: 2
    Checksum: 72 31

[2025-01-15 00:04:42 CET] [136.725] [-9.5/-29.8 dBFS] [20.3 dB] [2.4 ppm]
4CAE6D (Aircraft, Airborne) -> 11984A (Ground station): Command
AVLC type: I sseq: 1 rseq: 0 poll: 0
 X.25 Data: grp: 11 chan: 254 sseq: 6 rseq: 6 more: 0
  X.25 reasm status: skipped
  X.233 CLNP Data (compressed header):
   LRef: 0x44 Prio: 11 Flags: 0xc0
   Lifetime: 50.0 sec
   PDU Id: 0xb7
   X.224 COTP Data:
    dst_ref: 0x73b5
    sseq: 1 req_of_ack: 0 EoT: 1
    COTP reasm status: skipped
    Checksum: 23 c6
    CPDLC Downlink Message:
     Header:
      Msg ID: 1
      Msg Ref: 1
      Timestamp: 2025-01-14 23:04:40
      Logical ACK: notRequired
     Message data:
      LOGICAL ACKNOWLEDGMENT

[2025-01-15 00:04:43 CET] [136.725] [-10.7/-30.3 dBFS] [19.6 dB] [2.1 ppm]
4CAE6D (Aircraft, Airborne) -> 11984A (Ground station): Command
AVLC type: I sseq: 2 rseq: 0 poll: 1
 X.25 Data: grp: 11 chan: 254 sseq: 7 rseq: 6 more: 0
  X.25 reasm status: skipped
  X.233 CLNP Data (compressed header):
   LRef: 0x44 Prio: 11 Flags: 0xc0
   Lifetime: 50.0 sec
   PDU Id: 0xb8
   X.224 COTP Data:
    dst_ref: 0x73b5
    sseq: 2 req_of_ack: 0 EoT: 1
    COTP reasm status: skipped
    Checksum: 86 24
    CPDLC Downlink Message:
     Header:
      Msg ID: 2
      Msg Ref: 2
      Timestamp: 2025-01-14 23:04:41
      Logical ACK: notRequired
     Message data:
      LOGICAL ACKNOWLEDGMENT

[2025-01-15 00:04:43 CET] [136.725] [-12.2/-30.0 dBFS] [17.8 dB] [2.4 ppm]
4CAE6D (Aircraft, Airborne) -> 11984A (Ground station): Command
AVLC type: I sseq: 0 rseq: 0 poll: 0
 X.25 Data: grp: 11 chan: 254 sseq: 5 rseq: 6 more: 0
  X.25 reasm status: skipped
  X.233 CLNP Data (compressed header):
   LRef: 0x44 Prio: 11 Flags: 0xc0
   Lifetime: 50.0 sec
   PDU Id: 0xb6
   X.224 COTP Data Ack:
    dst_ref: 0x73b5
    rseq: 3 credit: 2
    Checksum: 72 31

[2025-01-15 00:04:46 CET] [136.725] [-11.0/-30.1 dBFS] [19.1 dB] [2.4 ppm]
4CAE6D (Aircraft, Airborne) -> 11984A (Ground station): Command
AVLC type: I sseq: 4 rseq: 5 poll: 0
 X.25 Data: grp: 11 chan: 254 sseq: 0 rseq: 2 more: 0
  X.25 reasm status: skipped
  X.233 CLNP Data (compressed header):
   LRef: 0x45 Prio: 11 Flags: 0xc0
   Lifetime: 50.0 sec
   PDU Id: 0xb9
   X.224 COTP Connect Confirm:
    src_ref: 0x0010 dst_ref: 0xef94
    Initial Credit: 1
    Protocol class: 4
    Options: 00 (use normal PDU formats)
    Calling transport selector: 65 6d
    Called/responding transport selector: 02 02
    TPDU size (bytes): 1024
    Checksum: b8 98
    Additional options: 0x00
    Ack time (ms): 1000
    Priority: 3
    Inactivity timer (ms): 360000
    X.225 Session SPDU: Short Accept
     X.227 ACSE Associate Response:
      Application context name: { 1.3.27.3.1 }
      Associate result: accept
      ATCDownlinkMessage: <empty PDU>

