[2024-11-30 00:00:20 CET] [136.725] [-13.6/-30.5 dBFS] [16.9 dB] [2.7 ppm]
4D223F (Aircraft, Airborne) -> 11985A (Ground station): Command
AVLC type: I sseq: 0 rseq: 1 poll: 0
 X.25 Data: grp: 11 chan: 255 sseq: 2 rseq: 3 more: 0
  X.25 reasm status: skipped
  X.233 CLNP Data (compressed header):
   LRef: 0x42 Prio: 11 Flags: 0xc0
   Lifetime: 50.0 sec
   PDU Id: 0x390
   X.224 COTP Data Ack:
    dst_ref: 0x1952
    rseq: 4 credit: 3
    Checksum: 71 3c
    Flow control:
     Acked TPDU nr: 4
     Acked subsequence: 0
     Acked credit: 15

[2024-11-30 00:00:32 CET] [136.975] [-3.9/-29.9 dBFS] [26.0 dB] [3.3 ppm]
4D2449 (Aircraft, Airborne) -> 10F69B (Ground station): Command
AVLC type: I sseq: 7 rseq: 2 poll: 0
 X.25 Data: grp: 11 chan: 254 sseq: 7 rseq: 1 more: 0
  X.25 reasm status: skipped
  X.233 CLNP Data (compressed header):
   LRef: 0x42 Prio: 11 Flags: 0xc0
   Lifetime: 50.0 sec
   PDU Id: 0x65b
   X.224 COTP Data Ack:
    dst_ref: 0x1958
    rseq: 2 credit: 2
    Checksum: 56 56
    Flow control:
     Acked TPDU nr: 2
     Acked subsequence: 0
     Acked credit: 15

[2024-11-30 00:01:13 CET] [136.975] [-2.2/-30.4 dBFS] [28.1 dB] [3.1 ppm]
4D2449 (Aircraft, Airborne) -> 10F69B (Ground station): Command
AVLC type: I sseq: 1 rseq: 4 poll: 0
 X.25 Data: grp: 11 chan: 254 sseq: 1 rseq: 3 more: 0
  X.25 reasm status: skipped
  X.233 CLNP Data (compressed header):
   LRef: 0x42 Prio: 11 Flags: 0xc0
   Lifetime: 50.0 sec
   PDU Id: 0x65d
   X.224 COTP Data Ack:
    dst_ref: 0x1958
    rseq: 3 credit: 2
    Checksum: 63 f7

[2024-11-30 00:01:13 CET] [136.975] [-2.0/-30.3 dBFS] [28.3 dB] [3.2 ppm]
4D2449 (Aircraft, Airborne) -> 10F69B (Ground station): Command
AVLC type: I sseq: 2 rseq: 4 poll: 0
 X.25 Data: grp: 11 chan: 254 sseq: 2 rseq: 3 more: 0
  X.25 reasm status: skipped
  X.233 CLNP Data (compressed header):
   LRef: 0x42 Prio: 11 Flags: 0xc0
   Lifetime: 50.0 sec
   PDU Id: 0x65e
   X.224 COTP Data:
    dst_ref: 0x1958
    sseq: 2 req_of_ack: 0 EoT: 1
    COTP reasm status: skipped
    Checksum: 94 07
    CPDLC Downlink Message:
     Header:
      Msg ID: 2
      Msg Ref: 3
      Timestamp: 2024-11-29 23:01:12
      Logical ACK: notRequired
     Message data:
      LOGICAL ACKNOWLEDGMENT

[2024-11-30 00:01:16 CET] [136.975] [-1.3/-30.2 dBFS] [28.9 dB] [3.1 ppm]
4D2449 (Aircraft, Airborne) -> 10F69B (Ground station): Command
AVLC type: I sseq: 3 rseq: 4 poll: 0
 ACARS:
  Reassembly: skipped
  Reg: .9H-VVE Flight: FR01EQ
  Mode: 2 Label: 16 Blk id: 5 More: 0 Ack: ! Msg num: M58A
  Message:
   230115,37005,2355, 108,N 43.873 E  6.469

[2024-11-30 00:01:17 CET] [136.975] [-1.2/-30.1 dBFS] [28.9 dB] [3.1 ppm]
4D2449 (Aircraft, Airborne) -> 10F69B (Ground station): Command
AVLC type: I sseq: 1 rseq: 4 poll: 0
 X.25 Data: grp: 11 chan: 254 sseq: 1 rseq: 3 more: 0
  X.25 reasm status: skipped
  X.233 CLNP Data (compressed header):
   LRef: 0x42 Prio: 11 Flags: 0xc0
   Lifetime: 50.0 sec
   PDU Id: 0x65d
   X.224 COTP Data Ack:
    dst_ref: 0x1958
    rseq: 3 credit: 2
    Checksum: 63 f7

[2024-11-30 00:01:17 CET] [136.975] [-1.1/-30.0 dBFS] [28.9 dB] [3.0 ppm]
4D2449 (Aircraft, Airborne) -> 10F69B (Ground station): Command
AVLC type: I sseq: 2 rseq: 4 poll: 0
 X.25 Data: grp: 11 chan: 254 sseq: 2 rseq: 3 more: 0
  X.25 reasm status: skipped
  X.233 CLNP Data (compressed header):
   LRef: 0x42 Prio: 11 Flags: 0xc0
   Lifetime: 50.0 sec
   PDU Id: 0x65e
   X.224 COTP Data:
    dst_ref: 0x1958
    sseq: 2 req_of_ack: 0 EoT: 1
    COTP reasm status: skipped
    Checksum: 94 07
    CPDLC Downlink Message:
     Header:
      Msg ID: 2
      Msg Ref: 3
      Timestamp: 2024-11-29 23:01:12
      Logical ACK: notRequired
     Message data:
      LOGICAL ACKNOWLEDGMENT

[2024-11-30 00:01:17 CET] [136.975] [-1.3/-30.2 dBFS] [28.9 dB] [3.1 ppm]
4D2449 (Aircraft, Airborne) -> 10F69B (Ground station): Command
AVLC type: I sseq: 2 rseq: 4 poll: 0
 X.25 Data: grp: 11 chan: 254 sseq: 2 rseq: 3 more: 0
  X.25 reasm status: skipped
  X.233 CLNP Data (compressed header):
   LRef: 0x42 Prio: 11 Flags: 0xc0
   Lifetime: 50.0 sec
   PDU Id: 0x65e
   X.224 COTP Data:
    dst_ref: 0x1958
    sseq: 2 req_of_ack: 0 EoT: 1
    COTP reasm status: skipped
    Checksum: 94 07
    CPDLC Downlink Message:
     Header:
      Msg ID: 2
      Msg Ref: 3
      Timestamp: 2024-11-29 23:01:12
      Logical ACK: notRequired
     Message data:
      LOGICAL ACKNOWLEDGMENT

[2024-11-30 00:01:19 CET] [136.975] [-1.4/-29.9 dBFS] [28.6 dB] [3.2 ppm]
4D2449 (Aircraft, Airborne) -> 10F69B (Ground station): Command
AVLC type: I sseq: 2 rseq: 5 poll: 0
 X.25 Data: grp: 11 chan: 254 sseq: 2 rseq: 3 more: 0
  X.25 reasm status: skipped
  X.233 CLNP Data (compressed header):
   LRef: 0x42 Prio: 11 Flags: 0xc0
   Lifetime: 50.0 sec
   PDU Id: 0x65e
   X.224 COTP Data:
    dst_ref: 0x1958
    sseq: 2 req_of_ack: 0 EoT: 1
    COTP reasm status: skipped
    Checksum: 94 07
    CPDLC Downlink Message:
     Header:
      Msg ID: 2
      Msg Ref: 3
      Timestamp: 2024-11-29 23:01:12
      Logical ACK: notRequired
     Message data:
      LOGICAL ACKNOWLEDGMENT

[2024-11-30 00:01:32 CET] [136.975] [-1.1/-30.5 dBFS] [29.4 dB] [3.1 ppm]
4D2449 (Aircraft, Airborne) -> 10F69B (Ground station): Command
AVLC type: I sseq: 4 rseq: 6 poll: 0
 X.25 Data: grp: 11 chan: 254 sseq: 3 rseq: 4 more: 0
  X.25 reasm status: skipped
  X.233 CLNP Data (compressed header):
   LRef: 0x42 Prio: 11 Flags: 0xc0
   Lifetime: 50.0 sec
   PDU Id: 0x65f
   X.224 COTP Data:
    dst_ref: 0x1958
    sseq: 3 req_of_ack: 0 EoT: 1
    COTP reasm status: skipped
    Checksum: 37 ac
    CPDLC Downlink Message:
     Header:
      Msg ID: 3
      Msg Ref: 3
      Timestamp: 2024-11-29 23:01:31
      Logical ACK: required
     Message data:
      WILCO

[2024-11-30 00:01:33 CET] [136.975] [-0.7/-30.8 dBFS] [30.1 dB] [3.2 ppm]
4D2449 (Aircraft, Airborne) -> 10F69B (Ground station): Command
AVLC type: I sseq: 5 rseq: 0 poll: 0
 X.25 Data: grp: 11 chan: 254 sseq: 4 rseq: 6 more: 0
  X.25 reasm status: skipped
  X.233 CLNP Data (compressed header):
   LRef: 0x42 Prio: 11 Flags: 0xc0
   Lifetime: 50.0 sec
   PDU Id: 0x660
   X.224 COTP Data Ack:
    dst_ref: 0x1958
    rseq: 4 credit: 3
    Checksum: 58 01

[2024-11-30 00:01:52 CET] [136.725] [-6.9/-30.2 dBFS] [23.2 dB] [2.5 ppm]
4D223F (Aircraft, Airborne) -> 11985A (Ground station): Command
AVLC type: I sseq: 1 rseq: 2 poll: 0
 X.25 Data: grp: 11 chan: 255 sseq: 3 rseq: 4 more: 0
  X.25 reasm status: skipped
  X.233 CLNP Data (compressed header):
   LRef: 0x42 Prio: 11 Flags: 0xc0
   Lifetime: 50.0 sec
   PDU Id: 0x391
   X.224 COTP Data Ack:
    dst_ref: 0x1952
    rseq: 4 credit: 3
    Checksum: 71 3c
    Flow control:
     Acked TPDU nr: 4
     Acked subsequence: 0
     Acked credit: 15

[2024-11-30 00:03:09 CET] [136.975] [-1.1/-30.2 dBFS] [29.2 dB] [3.0 ppm]
4D2449 (Aircraft, Airborne) -> 10F69B (Ground station): Command
AVLC type: I sseq: 6 rseq: 1 poll: 0
 X.25 Data: grp: 11 chan: 254 sseq: 5 rseq: 7 more: 0
  X.25 reasm status: skipped
  X.233 CLNP Data (compressed header):
   LRef: 0x42 Prio: 11 Flags: 0xc0
   Lifetime: 50.0 sec
   PDU Id: 0x661
   X.224 COTP Data Ack:
    dst_ref: 0x1958
    rseq: 4 credit: 3
    Checksum: 53 54
    Flow control:
     Acked TPDU nr: 4
     Acked subsequence: 0
     Acked credit: 15

[2024-11-30 00:03:24 CET] [136.725] [-11.7/-30.4 dBFS] [18.7 dB] [2.6 ppm]
4D223F (Aircraft, Airborne) -> 11985A (Ground station): Command
AVLC type: I sseq: 2 rseq: 3 poll: 0
 X.25 Data: grp: 11 chan: 255 sseq: 4 rseq: 5 more: 0
  X.25 reasm status: skipped
  X.233 CLNP Data (compressed header):
   LRef: 0x42 Prio: 11 Flags: 0xc0
   Lifetime: 50.0 sec
   PDU Id: 0x392
   X.224 COTP Data Ack:
    dst_ref: 0x1952
    rseq: 4 credit: 3
    Checksum: 71 3c
    Flow control:
     Acked TPDU nr: 4
     Acked subsequence: 0
     Acked credit: 15

[2024-11-30 00:04:04 CET] [136.725] [-11.8/-30.5 dBFS] [18.7 dB] [2.8 ppm]
4D223F (Aircraft, Airborne) -> 11985A (Ground station): Command
AVLC type: I sseq: 4 rseq: 4 poll: 0
 X.25 Data: grp: 11 chan: 255 sseq: 6 rseq: 6 more: 0
  X.25 reasm status: skipped
  X.233 CLNP Data (compressed header):
   LRef: 0x42 Prio: 11 Flags: 0xc0
   Lifetime: 50.0 sec
   PDU Id: 0x394
   X.224 COTP Data Ack:
    dst_ref: 0x1952
    rseq: 5 credit: 3
    Checksum: 72 eb

[2024-11-30 00:04:04 CET] [136.725] [-11.6/-30.5 dBFS] [18.9 dB] [2.4 ppm]
4D223F (Aircraft, Airborne) -> 11985A (Ground station): Command
AVLC type: I sseq: 5 rseq: 4 poll: 0
 X.25 Data: grp: 11 chan: 255 sseq: 7 rseq: 6 more: 0
  X.25 reasm status: skipped
  X.233 CLNP Data (compressed header):
   LRef: 0x42 Prio: 11 Flags: 0xc0
   Lifetime: 50.0 sec
   PDU Id: 0x395
   X.224 COTP Data:
    dst_ref: 0x1952
    sseq: 4 req_of_ack: 0 EoT: 1
    COTP reasm status: skipped
    Checksum: 66 b3
    CPDLC Downlink Message:
     Header:
      Msg ID: 4
      Msg Ref: 5
      Timestamp: 2024-11-29 23:04:03
      Logical ACK: notRequired
     Message data:
      LOGICAL ACKNOWLEDGMENT

[2024-11-30 00:04:07 CET] [136.725] [-11.8/-30.5 dBFS] [18.7 dB] [2.6 ppm]
4D223F (Aircraft, Airborne) -> 11985A (Ground station): Command
AVLC type: I sseq: 7 rseq: 0 poll: 0
 X.25 Data: grp: 11 chan: 255 sseq: 0 rseq: 2 more: 0
  X.25 reasm status: skipped
  X.233 CLNP Data (compressed header):
   LRef: 0x43 Prio: 11 Flags: 0xc0
   Lifetime: 50.0 sec
   PDU Id: 0x396
   X.224 COTP Connect Confirm:
    src_ref: 0x001c dst_ref: 0x86ce
    Initial Credit: 1
    Protocol class: 4
    Options: 00 (use normal PDU formats)
    Calling transport selector: 70 6d
    Called/responding transport selector: 02 02
    TPDU size (bytes): 1024
    Checksum: 57 7f
    Additional options: 0x00
    Ack time (ms): 1000
    Priority: 3
    Inactivity timer (ms): 360000
    X.225 Session SPDU: Short Accept
     X.227 ACSE Associate Response:
      Application context name: { 1.3.27.3.1 }
      Associate result: accept
      ATCDownlinkMessage: <empty PDU>

[2024-11-30 00:04:12 CET] [136.725] [-8.2/-30.4 dBFS] [22.2 dB] [3.4 ppm]
4CA738 (Aircraft, Airborne) -> 11985A (Ground station): Command
AVLC type: I sseq: 6 rseq: 7 poll: 0
 X.25 Data: grp: 11 chan: 255 sseq: 4 rseq: 5 more: 0
  X.25 reasm status: skipped
  X.233 CLNP Data (compressed header):
   LRef: 0x41 Prio: 11 Flags: 0xc0
   Lifetime: 50.0 sec
   PDU Id: 0x4d6
   X.224 COTP Data Ack:
    dst_ref: 0x1957
    rseq: 2 credit: 2
    Checksum: 5b 52
    Flow control:
     Acked TPDU nr: 2
     Acked subsequence: 0
     Acked credit: 15

[2024-11-30 00:04:37 CET] [136.975] [0.3/-31.0 dBFS] [31.3 dB] [3.2 ppm]
4D2449 (Aircraft, Airborne) -> 10F69B (Ground station): Command
AVLC type: I sseq: 7 rseq: 2 poll: 0
 X.25 Data: grp: 11 chan: 254 sseq: 6 rseq: 0 more: 0
  X.25 reasm status: skipped
  X.233 CLNP Data (compressed header):
   LRef: 0x42 Prio: 11 Flags: 0xc0
   Lifetime: 50.0 sec
   PDU Id: 0x662
   X.224 COTP Data Ack:
    dst_ref: 0x1958
    rseq: 4 credit: 3
    Checksum: 53 54
    Flow control:
     Acked TPDU nr: 4
     Acked subsequence: 0
     Acked credit: 15

[2024-11-30 00:05:38 CET] [136.725] [-8.6/-30.6 dBFS] [22.0 dB] [2.7 ppm]
4D223F (Aircraft, Airborne) -> 11985A (Ground station): Command
AVLC type: I sseq: 0 rseq: 2 poll: 0
 X.25 Data: grp: 11 chan: 255 sseq: 1 rseq: 4 more: 0
  X.25 reasm status: skipped
  X.233 CLNP Data (compressed header):
   LRef: 0x42 Prio: 11 Flags: 0xc0
   Lifetime: 50.0 sec
   PDU Id: 0x397
   X.224 COTP Data Ack:
    dst_ref: 0x1952
    rseq: 5 credit: 3
    Checksum: 73 38
    Flow control:
     Acked TPDU nr: 5
     Acked subsequence: 0
     Acked credit: 15

