[2025-07-03 00:00:47 CEST] [136.975] [-7.8/-31.8 dBFS] [24.0 dB] [3.7 ppm]
4CA815 (Aircraft, Airborne) -> 10F68A (Ground station): Command
AVLC type: I sseq: 3 rseq: 6 poll: 0
 X.25 Data: grp: 11 chan: 254 sseq: 1 rseq: 4 more: 0
  X.25 reasm status: skipped
  X.233 CLNP Data (compressed header):
   LRef: 0x42 Prio: 11 Flags: 0xc0
   Lifetime: 50.0 sec
   PDU Id: 0x347
   X.224 COTP Data Ack:
    dst_ref: 0x7217
    rseq: 2 credit: 2
    Checksum: 84 10
    Flow control:
     Acked TPDU nr: 2
     Acked subsequence: 0
     Acked credit: 15

[2025-07-03 00:00:52 CEST] [136.975] [-7.1/-31.6 dBFS] [24.5 dB] [3.5 ppm]
4CA815 (Aircraft, Airborne) -> 10F68A (Ground station): Command
AVLC type: I sseq: 3 rseq: 6 poll: 0
 X.25 Data: grp: 11 chan: 254 sseq: 1 rseq: 4 more: 0
  X.25 reasm status: skipped
  X.233 CLNP Data (compressed header):
   LRef: 0x42 Prio: 11 Flags: 0xc0
   Lifetime: 50.0 sec
   PDU Id: 0x347
   X.224 COTP Data Ack:
    dst_ref: 0x7217
    rseq: 2 credit: 2
    Checksum: 84 10
    Flow control:
     Acked TPDU nr: 2
     Acked subsequence: 0
     Acked credit: 15

[2025-07-03 00:01:26 CEST] [136.975] [-10.0/-31.6 dBFS] [21.6 dB] [3.7 ppm]
4CA815 (Aircraft, Airborne) -> 10F68A (Ground station): Command
AVLC type: I sseq: 4 rseq: 0 poll: 0
 X.25 Data: grp: 11 chan: 254 sseq: 2 rseq: 6 more: 0
  X.25 reasm status: skipped
  X.233 CLNP Data (compressed header):
   LRef: 0x42 Prio: 11 Flags: 0xc0
   Lifetime: 50.0 sec
   PDU Id: 0x348
   X.224 COTP Data Ack:
    dst_ref: 0x7217
    rseq: 3 credit: 2
    Checksum: 91 b1

[2025-07-03 00:01:27 CEST] [136.975] [-10.5/-31.6 dBFS] [21.0 dB] [3.6 ppm]
4CA815 (Aircraft, Airborne) -> 10F68A (Ground station): Command
AVLC type: I sseq: 5 rseq: 0 poll: 0
 X.25 Data: grp: 11 chan: 254 sseq: 3 rseq: 6 more: 0
  X.25 reasm status: skipped
  X.233 CLNP Data (compressed header):
   LRef: 0x42 Prio: 11 Flags: 0xc0
   Lifetime: 50.0 sec
   PDU Id: 0x349
   X.224 COTP Data:
    dst_ref: 0x7217
    sseq: 2 req_of_ack: 0 EoT: 1
    COTP reasm status: skipped
    Checksum: da 1d
    CPDLC Downlink Message:
     Header:
      Msg ID: 2
      Msg Ref: 3
      Timestamp: 2025-07-02 22:01:25
      Logical ACK: notRequired
     Message data:
      LOGICAL ACKNOWLEDGMENT

[2025-07-03 00:01:30 CEST] [136.975] [-9.2/-31.8 dBFS] [22.6 dB] [3.7 ppm]
4CA815 (Aircraft, Airborne) -> 10F68A (Ground station): Command
AVLC type: I sseq: 4 rseq: 0 poll: 0
 X.25 Data: grp: 11 chan: 254 sseq: 2 rseq: 6 more: 0
  X.25 reasm status: skipped
  X.233 CLNP Data (compressed header):
   LRef: 0x42 Prio: 11 Flags: 0xc0
   Lifetime: 50.0 sec
   PDU Id: 0x348
   X.224 COTP Data Ack:
    dst_ref: 0x7217
    rseq: 3 credit: 2
    Checksum: 91 b1

[2025-07-03 00:01:31 CEST] [136.975] [-9.3/-31.8 dBFS] [22.5 dB] [3.6 ppm]
4CA815 (Aircraft, Airborne) -> 10F68A (Ground station): Command
AVLC type: I sseq: 5 rseq: 0 poll: 0
 X.25 Data: grp: 11 chan: 254 sseq: 3 rseq: 6 more: 0
  X.25 reasm status: skipped
  X.233 CLNP Data (compressed header):
   LRef: 0x42 Prio: 11 Flags: 0xc0
   Lifetime: 50.0 sec
   PDU Id: 0x349
   X.224 COTP Data:
    dst_ref: 0x7217
    sseq: 2 req_of_ack: 0 EoT: 1
    COTP reasm status: skipped
    Checksum: da 1d
    CPDLC Downlink Message:
     Header:
      Msg ID: 2
      Msg Ref: 3
      Timestamp: 2025-07-02 22:01:25
      Logical ACK: notRequired
     Message data:
      LOGICAL ACKNOWLEDGMENT

[2025-07-03 00:01:35 CEST] [136.975] [-6.8/-31.8 dBFS] [25.0 dB] [3.7 ppm]
4CA815 (Aircraft, Airborne) -> 10F68A (Ground station): Command
AVLC type: I sseq: 4 rseq: 0 poll: 0
 X.25 Data: grp: 11 chan: 254 sseq: 2 rseq: 6 more: 0
  X.25 reasm status: skipped
  X.233 CLNP Data (compressed header):
   LRef: 0x42 Prio: 11 Flags: 0xc0
   Lifetime: 50.0 sec
   PDU Id: 0x348
   X.224 COTP Data Ack:
    dst_ref: 0x7217
    rseq: 3 credit: 2
    Checksum: 91 b1

[2025-07-03 00:01:35 CEST] [136.975] [-7.1/-32.0 dBFS] [24.9 dB] [3.4 ppm]
4CA815 (Aircraft, Airborne) -> 10F68A (Ground station): Command
AVLC type: I sseq: 5 rseq: 0 poll: 0
 X.25 Data: grp: 11 chan: 254 sseq: 3 rseq: 6 more: 0
  X.25 reasm status: skipped
  X.233 CLNP Data (compressed header):
   LRef: 0x42 Prio: 11 Flags: 0xc0
   Lifetime: 50.0 sec
   PDU Id: 0x349
   X.224 COTP Data:
    dst_ref: 0x7217
    sseq: 2 req_of_ack: 0 EoT: 1
    COTP reasm status: skipped
    Checksum: da 1d
    CPDLC Downlink Message:
     Header:
      Msg ID: 2
      Msg Ref: 3
      Timestamp: 2025-07-02 22:01:25
      Logical ACK: notRequired
     Message data:
      LOGICAL ACKNOWLEDGMENT

[2025-07-03 00:01:36 CEST] [136.975] [-6.5/-31.6 dBFS] [25.1 dB] [3.7 ppm]
4CA815 (Aircraft, Airborne) -> 10F68A (Ground station): Command
AVLC type: I sseq: 6 rseq: 0 poll: 0
 X.25 Data: grp: 11 chan: 254 sseq: 4 rseq: 6 more: 0
  X.25 reasm status: skipped
  X.233 CLNP Data (compressed header):
   LRef: 0x42 Prio: 11 Flags: 0xc0
   Lifetime: 50.0 sec
   PDU Id: 0x34a
   X.224 COTP Data:
    dst_ref: 0x7217
    sseq: 3 req_of_ack: 0 EoT: 1
    COTP reasm status: skipped
    Checksum: 00 0f
    CPDLC Downlink Message:
     Header:
      Msg ID: 3
      Msg Ref: 3
      Timestamp: 2025-07-02 22:01:35
      Logical ACK: required
     Message data:
      WILCO

[2025-07-03 00:01:39 CEST] [136.975] [-5.9/-32.0 dBFS] [26.1 dB] [3.7 ppm]
4CA815 (Aircraft, Airborne) -> 10F68A (Ground station): Command
AVLC type: I sseq: 7 rseq: 0 poll: 1
 X.25 Data: grp: 11 chan: 254 sseq: 5 rseq: 6 more: 0
  X.25 reasm status: skipped
  X.233 CLNP Data (compressed header):
   LRef: 0x42 Prio: 11 Flags: 0xc0
   Lifetime: 50.0 sec
   PDU Id: 0x34b
   X.224 COTP Data:
    dst_ref: 0x7217
    sseq: 2 req_of_ack: 0 EoT: 1
    COTP reasm status: skipped
    Checksum: da 1d
    CPDLC Downlink Message:
     Header:
      Msg ID: 2
      Msg Ref: 3
      Timestamp: 2025-07-02 22:01:25
      Logical ACK: notRequired
     Message data:
      LOGICAL ACKNOWLEDGMENT

[2025-07-03 00:01:39 CEST] [136.975] [-6.5/-32.2 dBFS] [25.8 dB] [3.5 ppm]
4CA815 (Aircraft, Airborne) -> 10F68A (Ground station): Command
AVLC type: I sseq: 4 rseq: 0 poll: 0
 X.25 Data: grp: 11 chan: 254 sseq: 2 rseq: 6 more: 0
  X.25 reasm status: skipped
  X.233 CLNP Data (compressed header):
   LRef: 0x42 Prio: 11 Flags: 0xc0
   Lifetime: 50.0 sec
   PDU Id: 0x348
   X.224 COTP Data Ack:
    dst_ref: 0x7217
    rseq: 3 credit: 2
    Checksum: 91 b1

[2025-07-03 00:01:40 CEST] [136.975] [-6.4/-31.8 dBFS] [25.4 dB] [3.6 ppm]
4CA815 (Aircraft, Airborne) -> 10F68A (Ground station): Command
AVLC type: I sseq: 5 rseq: 0 poll: 0
 X.25 Data: grp: 11 chan: 254 sseq: 3 rseq: 6 more: 0
  X.25 reasm status: skipped
  X.233 CLNP Data (compressed header):
   LRef: 0x42 Prio: 11 Flags: 0xc0
   Lifetime: 50.0 sec
   PDU Id: 0x349
   X.224 COTP Data:
    dst_ref: 0x7217
    sseq: 2 req_of_ack: 0 EoT: 1
    COTP reasm status: skipped
    Checksum: da 1d
    CPDLC Downlink Message:
     Header:
      Msg ID: 2
      Msg Ref: 3
      Timestamp: 2025-07-02 22:01:25
      Logical ACK: notRequired
     Message data:
      LOGICAL ACKNOWLEDGMENT

[2025-07-03 00:01:40 CEST] [136.975] [-6.7/-31.8 dBFS] [25.1 dB] [3.7 ppm]
4CA815 (Aircraft, Airborne) -> 10F68A (Ground station): Command
AVLC type: I sseq: 6 rseq: 0 poll: 0
 X.25 Data: grp: 11 chan: 254 sseq: 4 rseq: 6 more: 0
  X.25 reasm status: skipped
  X.233 CLNP Data (compressed header):
   LRef: 0x42 Prio: 11 Flags: 0xc0
   Lifetime: 50.0 sec
   PDU Id: 0x34a
   X.224 COTP Data:
    dst_ref: 0x7217
    sseq: 3 req_of_ack: 0 EoT: 1
    COTP reasm status: skipped
    Checksum: 00 0f
    CPDLC Downlink Message:
     Header:
      Msg ID: 3
      Msg Ref: 3
      Timestamp: 2025-07-02 22:01:35
      Logical ACK: required
     Message data:
      WILCO

[2025-07-03 00:01:44 CEST] [136.975] [-6.1/-31.8 dBFS] [25.7 dB] [3.7 ppm]
4CA815 (Aircraft, Airborne) -> 10F68A (Ground station): Command
AVLC type: I sseq: 7 rseq: 0 poll: 1
 X.25 Data: grp: 11 chan: 254 sseq: 5 rseq: 6 more: 0
  X.25 reasm status: skipped
  X.233 CLNP Data (compressed header):
   LRef: 0x42 Prio: 11 Flags: 0xc0
   Lifetime: 50.0 sec
   PDU Id: 0x34b
   X.224 COTP Data:
    dst_ref: 0x7217
    sseq: 2 req_of_ack: 0 EoT: 1
    COTP reasm status: skipped
    Checksum: da 1d
    CPDLC Downlink Message:
     Header:
      Msg ID: 2
      Msg Ref: 3
      Timestamp: 2025-07-02 22:01:25
      Logical ACK: notRequired
     Message data:
      LOGICAL ACKNOWLEDGMENT

[2025-07-03 00:01:45 CEST] [136.975] [-6.3/-31.8 dBFS] [25.5 dB] [3.6 ppm]
4CA815 (Aircraft, Airborne) -> 10F68A (Ground station): Command
AVLC type: I sseq: 4 rseq: 0 poll: 0
 X.25 Data: grp: 11 chan: 254 sseq: 2 rseq: 6 more: 0
  X.25 reasm status: skipped
  X.233 CLNP Data (compressed header):
   LRef: 0x42 Prio: 11 Flags: 0xc0
   Lifetime: 50.0 sec
   PDU Id: 0x348
   X.224 COTP Data Ack:
    dst_ref: 0x7217
    rseq: 3 credit: 2
    Checksum: 91 b1

[2025-07-03 00:01:45 CEST] [136.975] [-6.0/-31.7 dBFS] [25.7 dB] [3.8 ppm]
4CA815 (Aircraft, Airborne) -> 10F68A (Ground station): Command
AVLC type: I sseq: 5 rseq: 0 poll: 0
 X.25 Data: grp: 11 chan: 254 sseq: 3 rseq: 6 more: 0
  X.25 reasm status: skipped
  X.233 CLNP Data (compressed header):
   LRef: 0x42 Prio: 11 Flags: 0xc0
   Lifetime: 50.0 sec
   PDU Id: 0x349
   X.224 COTP Data:
    dst_ref: 0x7217
    sseq: 2 req_of_ack: 0 EoT: 1
    COTP reasm status: skipped
    Checksum: da 1d
    CPDLC Downlink Message:
     Header:
      Msg ID: 2
      Msg Ref: 3
      Timestamp: 2025-07-02 22:01:25
      Logical ACK: notRequired
     Message data:
      LOGICAL ACKNOWLEDGMENT

[2025-07-03 00:01:45 CEST] [136.975] [-6.4/-31.5 dBFS] [25.1 dB] [3.5 ppm]
4CA815 (Aircraft, Airborne) -> 10F68A (Ground station): Command
AVLC type: I sseq: 6 rseq: 0 poll: 0
 X.25 Data: grp: 11 chan: 254 sseq: 4 rseq: 6 more: 0
  X.25 reasm status: skipped
  X.233 CLNP Data (compressed header):
   LRef: 0x42 Prio: 11 Flags: 0xc0
   Lifetime: 50.0 sec
   PDU Id: 0x34a
   X.224 COTP Data:
    dst_ref: 0x7217
    sseq: 3 req_of_ack: 0 EoT: 1
    COTP reasm status: skipped
    Checksum: 00 0f
    CPDLC Downlink Message:
     Header:
      Msg ID: 3
      Msg Ref: 3
      Timestamp: 2025-07-02 22:01:35
      Logical ACK: required
     Message data:
      WILCO

[2025-07-03 00:01:50 CEST] [136.975] [-6.5/-31.6 dBFS] [25.1 dB] [3.7 ppm]
4CA815 (Aircraft, Airborne) -> 10F68A (Ground station): Command
AVLC type: I sseq: 7 rseq: 0 poll: 1
 X.25 Data: grp: 11 chan: 254 sseq: 5 rseq: 6 more: 0
  X.25 reasm status: skipped
  X.233 CLNP Data (compressed header):
   LRef: 0x42 Prio: 11 Flags: 0xc0
   Lifetime: 50.0 sec
   PDU Id: 0x34b
   X.224 COTP Data:
    dst_ref: 0x7217
    sseq: 2 req_of_ack: 0 EoT: 1
    COTP reasm status: skipped
    Checksum: da 1d
    CPDLC Downlink Message:
     Header:
      Msg ID: 2
      Msg Ref: 3
      Timestamp: 2025-07-02 22:01:25
      Logical ACK: notRequired
     Message data:
      LOGICAL ACKNOWLEDGMENT

[2025-07-03 00:01:50 CEST] [136.975] [-7.1/-32.3 dBFS] [25.2 dB] [3.7 ppm]
4CA815 (Aircraft, Airborne) -> 10F68A (Ground station): Command
AVLC type: I sseq: 4 rseq: 0 poll: 0
 X.25 Data: grp: 11 chan: 254 sseq: 2 rseq: 6 more: 0
  X.25 reasm status: skipped
  X.233 CLNP Data (compressed header):
   LRef: 0x42 Prio: 11 Flags: 0xc0
   Lifetime: 50.0 sec
   PDU Id: 0x348
   X.224 COTP Data Ack:
    dst_ref: 0x7217
    rseq: 3 credit: 2
    Checksum: 91 b1

[2025-07-03 00:01:51 CEST] [136.975] [-6.9/-32.2 dBFS] [25.3 dB] [3.7 ppm]
4CA815 (Aircraft, Airborne) -> 10F68A (Ground station): Command
AVLC type: I sseq: 5 rseq: 0 poll: 0
 X.25 Data: grp: 11 chan: 254 sseq: 3 rseq: 6 more: 0
  X.25 reasm status: skipped
  X.233 CLNP Data (compressed header):
   LRef: 0x42 Prio: 11 Flags: 0xc0
   Lifetime: 50.0 sec
   PDU Id: 0x349
   X.224 COTP Data:
    dst_ref: 0x7217
    sseq: 2 req_of_ack: 0 EoT: 1
    COTP reasm status: skipped
    Checksum: da 1d
    CPDLC Downlink Message:
     Header:
      Msg ID: 2
      Msg Ref: 3
      Timestamp: 2025-07-02 22:01:25
      Logical ACK: notRequired
     Message data:
      LOGICAL ACKNOWLEDGMENT

[2025-07-03 00:01:51 CEST] [136.975] [-7.1/-32.3 dBFS] [25.2 dB] [3.5 ppm]
4CA815 (Aircraft, Airborne) -> 10F68A (Ground station): Command
AVLC type: I sseq: 6 rseq: 0 poll: 0
 X.25 Data: grp: 11 chan: 254 sseq: 4 rseq: 6 more: 0
  X.25 reasm status: skipped
  X.233 CLNP Data (compressed header):
   LRef: 0x42 Prio: 11 Flags: 0xc0
   Lifetime: 50.0 sec
   PDU Id: 0x34a
   X.224 COTP Data:
    dst_ref: 0x7217
    sseq: 3 req_of_ack: 0 EoT: 1
    COTP reasm status: skipped
    Checksum: 00 0f
    CPDLC Downlink Message:
     Header:
      Msg ID: 3
      Msg Ref: 3
      Timestamp: 2025-07-02 22:01:35
      Logical ACK: required
     Message data:
      WILCO

[2025-07-03 00:02:05 CEST] [136.975] [-6.9/-31.9 dBFS] [24.9 dB] [3.6 ppm]
4CA815 (Aircraft, Airborne) -> 10F68A (Ground station): Command
AVLC type: I sseq: 7 rseq: 1 poll: 1
 X.25 Data: grp: 11 chan: 254 sseq: 5 rseq: 6 more: 0
  X.25 reasm status: skipped
  X.233 CLNP Data (compressed header):
   LRef: 0x42 Prio: 11 Flags: 0xc0
   Lifetime: 50.0 sec
   PDU Id: 0x34b
   X.224 COTP Data:
    dst_ref: 0x7217
    sseq: 2 req_of_ack: 0 EoT: 1
    COTP reasm status: skipped
    Checksum: da 1d
    CPDLC Downlink Message:
     Header:
      Msg ID: 2
      Msg Ref: 3
      Timestamp: 2025-07-02 22:01:25
      Logical ACK: notRequired
     Message data:
      LOGICAL ACKNOWLEDGMENT

[2025-07-03 00:02:05 CEST] [136.975] [-6.7/-31.5 dBFS] [24.8 dB] [3.7 ppm]
4CA815 (Aircraft, Airborne) -> 10F63A (Ground station): Command
AVLC type: U (XID) P/F: 1
 XID: Handoff Initiation
  Public params:
   Parameter set ID: 8885:1993
   Procedure classes: 00 01
   HDLC options: 20 84 80
  VDL params:
   Parameter set ID: V
   XID sequencing: seq: 5 retry: 0
   Destination airport: LEBL
   Aircraft location: 0.0N 0.0E 0 ft
   Alternate ground stations: 10F69B 10985A 10952A 10907A 10984A 10FA5A 10FA7B 10F66A
   AVLC specific options: 24
   Connection management: 01

[2025-07-03 00:02:19 CEST] [136.975] [-7.6/-31.7 dBFS] [24.1 dB] [3.4 ppm]
4CA815 (Aircraft, Airborne) -> 10F63A (Ground station): Command
AVLC type: I sseq: 2 rseq: 3 poll: 0
 X.25 Data: grp: 11 chan: 255 sseq: 0 rseq: 1 more: 0
  X.25 reasm status: skipped
  X.233 CLNP Data (compressed header):
   LRef: 0x42 Prio: 11 Flags: 0xc0
   Lifetime: 50.0 sec
   PDU Id: 0x350
   X.224 COTP Data Ack:
    dst_ref: 0x7217
    rseq: 3 credit: 3
    Checksum: 79 19
    Flow control:
     Acked TPDU nr: 2
     Acked subsequence: 0
     Acked credit: 15

[2025-07-03 00:02:51 CEST] [136.975] [-5.1/-31.6 dBFS] [26.5 dB] [3.7 ppm]
4CA815 (Aircraft, Airborne) -> 10F63A (Ground station): Command
AVLC type: I sseq: 3 rseq: 3 poll: 0
 X.25 Data: grp: 11 chan: 255 sseq: 1 rseq: 1 more: 0
  X.25 reasm status: skipped
  X.233 CLNP Data (compressed header):
   LRef: 0x42 Prio: 11 Flags: 0xc0
   Lifetime: 50.0 sec
   PDU Id: 0x351
   X.224 COTP Data:
    dst_ref: 0x7217
    sseq: 2 req_of_ack: 0 EoT: 1
    COTP reasm status: skipped
    Checksum: da 1d
    CPDLC Downlink Message:
     Header:
      Msg ID: 2
      Msg Ref: 3
      Timestamp: 2025-07-02 22:01:25
      Logical ACK: notRequired
     Message data:
      LOGICAL ACKNOWLEDGMENT

[2025-07-03 00:02:51 CEST] [136.975] [-5.9/-32.2 dBFS] [26.3 dB] [3.5 ppm]
4CA815 (Aircraft, Airborne) -> 10F63A (Ground station): Command
AVLC type: I sseq: 4 rseq: 3 poll: 0
 X.25 Data: grp: 11 chan: 255 sseq: 2 rseq: 1 more: 0
  X.25 reasm status: skipped
  X.233 CLNP Data (compressed header):
   LRef: 0x42 Prio: 11 Flags: 0xc0
   Lifetime: 50.0 sec
   PDU Id: 0x352
   X.224 COTP Data:
    dst_ref: 0x7217
    sseq: 3 req_of_ack: 0 EoT: 1
    COTP reasm status: skipped
    Checksum: 00 0f
    CPDLC Downlink Message:
     Header:
      Msg ID: 3
      Msg Ref: 3
      Timestamp: 2025-07-02 22:01:35
      Logical ACK: required
     Message data:
      WILCO

[2025-07-03 00:02:54 CEST] [136.975] [-5.1/-32.5 dBFS] [27.4 dB] [3.6 ppm]
4CA815 (Aircraft, Airborne) -> 10F63A (Ground station): Command
AVLC type: I sseq: 5 rseq: 6 poll: 0
 X.25 Data: grp: 11 chan: 255 sseq: 3 rseq: 4 more: 0
  X.25 reasm status: skipped
  X.233 CLNP Data (compressed header):
   LRef: 0x42 Prio: 11 Flags: 0xc0
   Lifetime: 50.0 sec
   PDU Id: 0x353
   X.224 COTP Data Ack:
    dst_ref: 0x7217
    rseq: 4 credit: 3
    Checksum: 86 ba

[2025-07-03 00:04:25 CEST] [136.975] [-5.0/-31.8 dBFS] [26.8 dB] [3.3 ppm]
4CA815 (Aircraft, Airborne) -> 10F63A (Ground station): Command
AVLC type: I sseq: 6 rseq: 7 poll: 0
 X.25 Data: grp: 11 chan: 255 sseq: 4 rseq: 5 more: 0
  X.25 reasm status: skipped
  X.233 CLNP Data (compressed header):
   LRef: 0x42 Prio: 11 Flags: 0xc0
   Lifetime: 50.0 sec
   PDU Id: 0x354
   X.224 COTP Data Ack:
    dst_ref: 0x7217
    rseq: 4 credit: 3
    Checksum: 81 0e
    Flow control:
     Acked TPDU nr: 4
     Acked subsequence: 0
     Acked credit: 15

[2025-07-03 00:05:05 CEST] [136.675] [-9.9/-32.6 dBFS] [22.7 dB] [2.0 ppm]
4D2006 (Aircraft, Airborne) -> 11907A (Ground station): Command
AVLC type: I sseq: 5 rseq: 7 poll: 0
 X.25 Data: grp: 11 chan: 255 sseq: 7 rseq: 1 more: 0
  X.25 reasm status: skipped
  X.233 CLNP Data (compressed header):
   LRef: 0x41 Prio: 11 Flags: 0xf6
   Lifetime: 20.0 sec
   PDU Id: 0x33e
   X.224 COTP Data Ack:
    dst_ref: 0x720e
    rseq: 4 credit: 3
    Flow control:
     Acked TPDU nr: 4
     Acked subsequence: 0
     Acked credit: 15
    ATN checksum: 71 3b 01 d8

[2025-07-03 00:05:42 CEST] [136.875] [-13.1/-31.4 dBFS] [18.3 dB] [1.2 ppm]
392AF2 (Aircraft, Airborne) -> 266661 (Ground station): Command
AVLC type: I sseq: 3 rseq: 5 poll: 0
 X.25 Data: grp: 11 chan: 255 sseq: 1 rseq: 2 more: 0
  X.25 reasm status: skipped
  X.233 CLNP Data (compressed header):
   LRef: 0x43 Prio: 11 Flags: 0xf6
   Lifetime: 20.0 sec
   PDU Id: 0xa7
   X.224 COTP Data Ack:
    dst_ref: 0x7218
    rseq: 2 credit: 2
    Flow control:
     Acked TPDU nr: 2
     Acked subsequence: 0
     Acked credit: 15
    ATN checksum: 78 1f 36 da

[2025-07-03 00:05:56 CEST] [136.975] [0.6/-31.7 dBFS] [32.2 dB] [3.5 ppm]
4CA815 (Aircraft, Airborne) -> 10F63A (Ground station): Command
AVLC type: I sseq: 0 rseq: 1 poll: 0
 X.25 Data: grp: 11 chan: 255 sseq: 6 rseq: 7 more: 0
  X.25 reasm status: skipped
  X.233 CLNP Data (compressed header):
   LRef: 0x42 Prio: 11 Flags: 0xc0
   Lifetime: 50.0 sec
   PDU Id: 0x356
   X.224 COTP Data Ack:
    dst_ref: 0x7217
    rseq: 4 credit: 3
    Checksum: 81 0e
    Flow control:
     Acked TPDU nr: 4
     Acked subsequence: 0
     Acked credit: 15

[2025-07-03 00:06:00 CEST] [136.975] [0.7/-31.9 dBFS] [32.6 dB] [3.3 ppm]
4CA815 (Aircraft, Airborne) -> 10F63A (Ground station): Command
AVLC type: I sseq: 0 rseq: 1 poll: 0
 X.25 Data: grp: 11 chan: 255 sseq: 6 rseq: 7 more: 0
  X.25 reasm status: skipped
  X.233 CLNP Data (compressed header):
   LRef: 0x42 Prio: 11 Flags: 0xc0
   Lifetime: 50.0 sec
   PDU Id: 0x356
   X.224 COTP Data Ack:
    dst_ref: 0x7217
    rseq: 4 credit: 3
    Checksum: 81 0e
    Flow control:
     Acked TPDU nr: 4
     Acked subsequence: 0
     Acked credit: 15

[2025-07-03 00:06:34 CEST] [136.975] [1.1/-31.8 dBFS] [32.9 dB] [2.3 ppm]
F7C06B (Aircraft, On ground) -> 270CB7 (Ground station): Command
AVLC type: I sseq: 2 rseq: 2 poll: 0
 ACARS:
  Reassembly: skipped
  Reg: ..FGPNJ Flight: GS0000
  Mode: 2 Label: B9 Blk id: 3 More: 0 Ack: ! Msg num: M40A
  Message:
   /LFPB.TI2/024LFPBA0635

[2025-07-03 00:06:38 CEST] [136.675] [-9.4/-32.3 dBFS] [22.9 dB] [1.9 ppm]
4D2006 (Aircraft, Airborne) -> 11907A (Ground station): Command
AVLC type: I sseq: 6 rseq: 0 poll: 0
 X.25 Data: grp: 11 chan: 255 sseq: 0 rseq: 2 more: 0
  X.25 reasm status: skipped
  X.233 CLNP Data (compressed header):
   LRef: 0x41 Prio: 11 Flags: 0xf6
   Lifetime: 20.0 sec
   PDU Id: 0x33f
   X.224 COTP Data Ack:
    dst_ref: 0x720e
    rseq: 4 credit: 3
    Flow control:
     Acked TPDU nr: 4
     Acked subsequence: 0
     Acked credit: 15
    ATN checksum: 71 3b 01 d8

[2025-07-03 00:07:28 CEST] [136.975] [1.0/-32.1 dBFS] [33.1 dB] [3.2 ppm]
4CA815 (Aircraft, Airborne) -> 10F63A (Ground station): Command
AVLC type: I sseq: 1 rseq: 2 poll: 0
 X.25 Data: grp: 11 chan: 255 sseq: 7 rseq: 0 more: 0
  X.25 reasm status: skipped
  X.233 CLNP Data (compressed header):
   LRef: 0x42 Prio: 11 Flags: 0xc0
   Lifetime: 50.0 sec
   PDU Id: 0x357
   X.224 COTP Data Ack:
    dst_ref: 0x7217
    rseq: 4 credit: 3
    Checksum: 81 0e
    Flow control:
     Acked TPDU nr: 4
     Acked subsequence: 0
     Acked credit: 15

[2025-07-03 00:07:32 CEST] [136.975] [1.0/-32.2 dBFS] [33.3 dB] [3.4 ppm]
4CA815 (Aircraft, Airborne) -> 10F63A (Ground station): Command
AVLC type: I sseq: 1 rseq: 2 poll: 0
 X.25 Data: grp: 11 chan: 255 sseq: 7 rseq: 0 more: 0
  X.25 reasm status: skipped
  X.233 CLNP Data (compressed header):
   LRef: 0x42 Prio: 11 Flags: 0xc0
   Lifetime: 50.0 sec
   PDU Id: 0x357
   X.224 COTP Data Ack:
    dst_ref: 0x7217
    rseq: 4 credit: 3
    Checksum: 81 0e
    Flow control:
     Acked TPDU nr: 4
     Acked subsequence: 0
     Acked credit: 15

[2025-07-03 00:08:09 CEST] [136.675] [0.1/-32.4 dBFS] [32.4 dB] [1.3 ppm]
4D2006 (Aircraft, Airborne) -> 11907A (Ground station): Command
AVLC type: I sseq: 0 rseq: 2 poll: 0
 X.25 Data: grp: 11 chan: 255 sseq: 1 rseq: 3 more: 0
  X.25 reasm status: skipped
  X.233 CLNP Data (compressed header):
   LRef: 0x41 Prio: 11 Flags: 0xf6
   Lifetime: 20.0 sec
   PDU Id: 0x340
   X.224 COTP Data Ack:
    dst_ref: 0x720e
    rseq: 4 credit: 3
    Flow control:
     Acked TPDU nr: 4
     Acked subsequence: 0
     Acked credit: 15
    ATN checksum: 71 3b 01 d8

[2025-07-03 00:08:14 CEST] [136.675] [0.7/-31.8 dBFS] [32.5 dB] [1.4 ppm]
4D2006 (Aircraft, Airborne) -> 11907A (Ground station): Command
AVLC type: I sseq: 1 rseq: 2 poll: 0
 ACARS:
  Reassembly: skipped
  Reg: .9H-EUP Flight: LH6822
  Mode: 2 Label: 1L Blk id: 6 More: 0 Ack: ! Msg num: M21A
  Message:
   001691AD186,?

[2025-07-03 00:08:45 CEST] [136.975] [1.0/-32.5 dBFS] [33.5 dB] [3.1 ppm]
4CA815 (Aircraft, Airborne) -> 10F63A (Ground station): Command
AVLC type: I sseq: 2 rseq: 2 poll: 0
 ACARS:
  Reassembly: skipped
  Reg: .EI-EKW Flight: FR16XA
  Mode: 2 Label: 16 Blk id: 0 More: 0 Ack: ! Msg num: M76A
  Message:
   220843,,2253, 108,N   .    MMMM.MMM

[2025-07-03 00:08:48 CEST] [136.975] [1.1/-31.9 dBFS] [32.9 dB] [2.9 ppm]
4CA815 (Aircraft, Airborne) -> 10F63A (Ground station): Command
AVLC type: I sseq: 2 rseq: 2 poll: 0
 ACARS:
  Reassembly: skipped
  Reg: .EI-EKW Flight: FR16XA
  Mode: 2 Label: 16 Blk id: 0 More: 0 Ack: ! Msg num: M76A
  Message:
   220843,,2253, 108,N   .    MMMM.MMM

[2025-07-03 00:08:52 CEST] [136.975] [1.0/-31.9 dBFS] [32.9 dB] [3.0 ppm]
4CA815 (Aircraft, Airborne) -> 10F63A (Ground station): Command
AVLC type: I sseq: 2 rseq: 2 poll: 0
 ACARS:
  Reassembly: skipped
  Reg: .EI-EKW Flight: FR16XA
  Mode: 2 Label: 16 Blk id: 0 More: 0 Ack: ! Msg num: M76A
  Message:
   220843,,2253, 108,N   .    MMMM.MMM

[2025-07-03 00:08:56 CEST] [136.975] [1.1/-31.9 dBFS] [33.0 dB] [3.1 ppm]
4CA815 (Aircraft, Airborne) -> 10F63A (Ground station): Command
AVLC type: I sseq: 2 rseq: 2 poll: 0
 ACARS:
  Reassembly: skipped
  Reg: .EI-EKW Flight: FR16XA
  Mode: 2 Label: 16 Blk id: 0 More: 0 Ack: ! Msg num: M76A
  Message:
   220843,,2253, 108,N   .    MMMM.MMM

[2025-07-03 00:08:58 CEST] [136.725] [-13.7/-31.6 dBFS] [17.9 dB] [2.2 ppm]
4402AC (Aircraft, Airborne) -> 11984A (Ground station): Command
AVLC type: I sseq: 4 rseq: 7 poll: 0
 X.25 Data: grp: 11 chan: 255 sseq: 2 rseq: 5 more: 0
  X.25 reasm status: skipped
  X.233 CLNP Data (compressed header):
   LRef: 0x44 Prio: 11 Flags: 0xf6
   Lifetime: 20.0 sec
   PDU Id: 0x1b7
   X.224 COTP Disconnect Confirm:
    src_ref: 0x0042 dst_ref: 0x7216
    ATN checksum: 9d 14 ec 74

[2025-07-03 00:09:03 CEST] [136.975] [1.1/-31.9 dBFS] [33.0 dB] [2.9 ppm]
4CA815 (Aircraft, Airborne) -> 10F63A (Ground station): Command
AVLC type: I sseq: 2 rseq: 2 poll: 0
 ACARS:
  Reassembly: skipped
  Reg: .EI-EKW Flight: FR16XA
  Mode: 2 Label: 16 Blk id: 0 More: 0 Ack: ! Msg num: M76A
  Message:
   220843,,2253, 108,N   .    MMMM.MMM

[2025-07-03 00:09:05 CEST] [136.975] [1.0/-31.9 dBFS] [33.0 dB] [3.1 ppm]
4CA815 (Aircraft, Airborne) -> 10F63A (Ground station): Command
AVLC type: I sseq: 3 rseq: 3 poll: 0
 X.25 Data: grp: 11 chan: 255 sseq: 0 rseq: 1 more: 0
  X.25 reasm status: skipped
  X.233 CLNP Data (compressed header):
   LRef: 0x42 Prio: 11 Flags: 0xc0
   Lifetime: 50.0 sec
   PDU Id: 0x358
   X.224 COTP Data Ack:
    dst_ref: 0x7217
    rseq: 4 credit: 3
    Checksum: 81 0e
    Flow control:
     Acked TPDU nr: 4
     Acked subsequence: 0
     Acked credit: 15

[2025-07-03 00:09:11 CEST] [136.975] [0.9/-32.1 dBFS] [33.1 dB] [3.0 ppm]
4CA815 (Aircraft, Airborne) -> 10F63A (Ground station): Command
AVLC type: I sseq: 2 rseq: 3 poll: 0
 ACARS:
  Reassembly: skipped
  Reg: .EI-EKW Flight: FR16XA
  Mode: 2 Label: 16 Blk id: 0 More: 0 Ack: ! Msg num: M76A
  Message:
   220843,,2253, 108,N   .    MMMM.MMM

[2025-07-03 00:09:11 CEST] [136.975] [0.8/-32.0 dBFS] [32.8 dB] [2.9 ppm]
4CA815 (Aircraft, Airborne) -> 10F63A (Ground station): Command
AVLC type: I sseq: 3 rseq: 3 poll: 0
 X.25 Data: grp: 11 chan: 255 sseq: 0 rseq: 1 more: 0
  X.25 reasm status: skipped
  X.233 CLNP Data (compressed header):
   LRef: 0x42 Prio: 11 Flags: 0xc0
   Lifetime: 50.0 sec
   PDU Id: 0x358
   X.224 COTP Data Ack:
    dst_ref: 0x7217
    rseq: 4 credit: 3
    Checksum: 81 0e
    Flow control:
     Acked TPDU nr: 4
     Acked subsequence: 0
     Acked credit: 15

[2025-07-03 00:09:22 CEST] [136.975] [0.9/-31.7 dBFS] [32.7 dB] [2.8 ppm]
4CA815 (Aircraft, Airborne) -> 10F68A (Ground station): Command
AVLC type: U (XID) P/F: 1
 XID: Handoff Initiation
  Public params:
   Parameter set ID: 8885:1993
   Procedure classes: 00 01
   HDLC options: 20 84 80
  VDL params:
   Parameter set ID: V
   XID sequencing: seq: 6 retry: 0
   Destination airport: LEBL
   Aircraft location: 0.0N 0.0E 0 ft
   Alternate ground stations: 10F69B 10907A 10985A 10952A 10984A 109C2A 1099BA 10FA5A
   AVLC specific options: 24
   Connection management: 01

[2025-07-03 00:09:31 CEST] [136.975] [0.5/-32.0 dBFS] [32.5 dB] [3.0 ppm]
4CA815 (Aircraft, Airborne) -> 10F68A (Ground station): Command
AVLC type: U (XID) P/F: 1
 XID: Handoff Initiation
  Public params:
   Parameter set ID: 8885:1993
   Procedure classes: 00 01
   HDLC options: 20 84 80
  VDL params:
   Parameter set ID: V
   XID sequencing: seq: 6 retry: 1
   Destination airport: LEBL
   Aircraft location: 0.0N 0.0E 0 ft
   Alternate ground stations: 10F69B 10907A 10985A 10952A 10984A 109C2A 1099BA 10FA5A
   AVLC specific options: 24
   Connection management: 01

[2025-07-03 00:09:41 CEST] [136.725] [-12.4/-32.0 dBFS] [19.6 dB] [2.4 ppm]
440C36 (Aircraft, Airborne) -> 11985A (Ground station): Command
AVLC type: I sseq: 6 rseq: 7 poll: 0
 X.25 Data: grp: 11 chan: 255 sseq: 4 rseq: 5 more: 0
  X.25 reasm status: skipped
  X.233 CLNP Data (compressed header):
   LRef: 0x41 Prio: 11 Flags: 0xf6
   Lifetime: 20.0 sec
   PDU Id: 0xdc
   X.224 COTP Data Ack:
    dst_ref: 0x720f
    rseq: 4 credit: 3
    Flow control:
     Acked TPDU nr: 4
     Acked subsequence: 0
     Acked credit: 15
    ATN checksum: c0 23 2e 5f

[2025-07-03 00:09:41 CEST] [136.975] [0.9/-32.4 dBFS] [33.3 dB] [2.6 ppm]
4CA815 (Aircraft, Airborne) -> 10F68A (Ground station): Command
AVLC type: U (XID) P/F: 1
 XID: Handoff Initiation
  Public params:
   Parameter set ID: 8885:1993
   Procedure classes: 00 01
   HDLC options: 20 84 80
  VDL params:
   Parameter set ID: V
   XID sequencing: seq: 6 retry: 2
   Destination airport: LEBL
   Aircraft location: 0.0N 0.0E 0 ft
   Alternate ground stations: 10F69B 10907A 10985A 10952A 10984A 109C2A 1099BA 10FA5A
   AVLC specific options: 24
   Connection management: 01

[2025-07-03 00:09:42 CEST] [136.675] [0.2/-32.7 dBFS] [32.8 dB] [0.8 ppm]
4D2006 (Aircraft, Airborne) -> 11907A (Ground station): Command
AVLC type: I sseq: 3 rseq: 5 poll: 0
 X.25 Data: grp: 11 chan: 255 sseq: 3 rseq: 5 more: 0
  X.25 reasm status: skipped
  X.233 CLNP Data (compressed header):
   LRef: 0x41 Prio: 11 Flags: 0xf6
   Lifetime: 20.0 sec
   PDU Id: 0x342
   X.224 COTP Data Ack:
    dst_ref: 0x720e
    rseq: 4 credit: 3
    Flow control:
     Acked TPDU nr: 4
     Acked subsequence: 0
     Acked credit: 15
    ATN checksum: 71 3b 01 d8

[2025-07-03 00:09:42 CEST] [136.875] [-10.6/-31.5 dBFS] [20.9 dB] [1.0 ppm]
392AF2 (Aircraft, Airborne) -> 23D821 (Ground station): Command
AVLC type: I sseq: 5 rseq: 0 poll: 0
 X.25 Data: grp: 11 chan: 255 sseq: 3 rseq: 4 more: 0
  X.25 reasm status: skipped
  X.233 CLNP Data (compressed header):
   LRef: 0x43 Prio: 11 Flags: 0xf6
   Lifetime: 20.0 sec
   PDU Id: 0xab
   X.224 COTP Data Ack:
    dst_ref: 0x7218
    rseq: 3 credit: 2
    ATN checksum: b9 0f 8d 01
   X.224 COTP Data:
    dst_ref: 0x7218
    sseq: 2 req_of_ack: 0 EoT: 1
    COTP reasm status: skipped
    ATN checksum: 1f ab 64 18
    CPDLC Downlink Message:
     Header:
      Msg ID: 2
      Msg Ref: 3
      Timestamp: 2025-07-02 22:09:41
      Logical ACK: notRequired
     Message data:
      LOGICAL ACKNOWLEDGMENT

[2025-07-03 00:09:44 CEST] [136.975] [-3.4/-32.0 dBFS] [28.6 dB] [1.1 ppm]
F7C06B (Aircraft, On ground) -> 270CB7 (Ground station): Command
AVLC type: I sseq: 6 rseq: 6 poll: 0
 ACARS:
  Reassembly: skipped
  Reg: ..FGPNJ Flight: GS0000
  Mode: 2 Label: 44 Blk id: 7 More: 0 Ack: ! Msg num: M44A
  Message:
   04D=@'mVNHmHXX(''F':XVmmHVqzDZVqzp7V'a'!V!!'+V!m'XVYYYYY

[2025-07-03 00:09:46 CEST] [136.875] [-10.6/-31.7 dBFS] [21.0 dB] [1.0 ppm]
392AF2 (Aircraft, Airborne) -> 23D821 (Ground station): Command
AVLC type: I sseq: 6 rseq: 1 poll: 0
 X.25 Data: grp: 11 chan: 255 sseq: 4 rseq: 5 more: 0
  X.25 reasm status: skipped
  X.233 CLNP Data (compressed header):
   LRef: 0x43 Prio: 11 Flags: 0xf6
   Lifetime: 20.0 sec
   PDU Id: 0xac
   X.224 COTP Data:
    dst_ref: 0x7218
    sseq: 3 req_of_ack: 0 EoT: 1
    COTP reasm status: skipped
    ATN checksum: 17 d0 96 bd
    CPDLC Downlink Message:
     Header:
      Msg ID: 3
      Msg Ref: 3
      Timestamp: 2025-07-02 22:09:45
      Logical ACK: required
     Message data:
      WILCO

[2025-07-03 00:09:47 CEST] [136.975] [-3.4/-32.3 dBFS] [28.8 dB] [1.3 ppm]
F7C06B (Aircraft, On ground) -> 270CB7 (Ground station): Command
AVLC type: I sseq: 6 rseq: 6 poll: 0
 ACARS:
  Reassembly: skipped
  Reg: ..FGPNJ Flight: GS0000
  Mode: 2 Label: 44 Blk id: 7 More: 0 Ack: ! Msg num: M44A
  Message:
   04D=@'mVNHmHXX(''F':XVmmHVqzDZVqzp7V'a'!V!!'+V!m'XVYYYYY

[2025-07-03 00:09:48 CEST] [136.725] [-13.6/-31.9 dBFS] [18.3 dB] [1.9 ppm]
4402AC (Aircraft, Airborne) -> 11984A (Ground station): Command
AVLC type: I sseq: 5 rseq: 0 poll: 0
 X.25 Data: grp: 11 chan: 255 sseq: 3 rseq: 6 more: 0
  X.25 reasm status: skipped
  X.233 CLNP Data (compressed header):
   LRef: 0x42 Prio: 11 Flags: 0xf6
   Lifetime: 20.0 sec
   PDU Id: 0x1b8
   X.224 COTP Connect Confirm:
    src_ref: 0x0043 dst_ref: 0x361f
    Initial Credit: 1
    Protocol class: 4
    Options: 00 (use normal PDU formats)
    TPDU size (bytes): 512
    Called/responding transport selector: 16
    Calling transport selector: 70 6d
    Priority: 3
    Ack time (ms): 1000
    Inactivity timer (ms): 360000
    Additional options: 0x00
    ATN checksum: 79 fe e6 9d
    X.225 Session SPDU: Short Accept
     X.227 ACSE Associate Response:
      Application context name: { 1.3.27.3.1 }
      Associate result: accept
      ATCDownlinkMessage: <empty PDU>

[2025-07-03 00:09:48 CEST] [136.875] [-10.3/-31.4 dBFS] [21.1 dB] [1.2 ppm]
392AF2 (Aircraft, Airborne) -> 23D821 (Ground station): Command
AVLC type: I sseq: 0 rseq: 3 poll: 0
 X.25 Data: grp: 11 chan: 255 sseq: 5 rseq: 7 more: 0
  X.25 reasm status: skipped
  X.233 CLNP Data (compressed header):
   LRef: 0x43 Prio: 11 Flags: 0xf6
   Lifetime: 20.0 sec
   PDU Id: 0xad
   X.224 COTP Data Ack:
    dst_ref: 0x7218
    rseq: 4 credit: 3
    ATN checksum: 2d ae 88 f0

[2025-07-03 00:09:48 CEST] [136.725] [-13.5/-31.7 dBFS] [18.2 dB] [1.8 ppm]
4402AC (Aircraft, Airborne) -> 11984A (Ground station): Command
AVLC type: I sseq: 6 rseq: 1 poll: 0
 X.25 Data: grp: 11 chan: 255 sseq: 4 rseq: 7 more: 0
  X.25 reasm status: skipped
  X.233 CLNP Data (compressed header):
   LRef: 0x42 Prio: 11 Flags: 0xf6
   Lifetime: 20.0 sec
   PDU Id: 0x1b9
   X.224 COTP Data:
    dst_ref: 0x361f
    sseq: 0 req_of_ack: 0 EoT: 1
    COTP reasm status: skipped
    ATN checksum: b2 ad c8 86
    CPDLC Downlink Message:
     Header:
      Msg ID: 0
      Timestamp: 2025-07-02 22:09:46
      Logical ACK: required
     Message data:
      CURRENT DATA AUTHORITY

[2025-07-03 00:09:49 CEST] [136.725] [-14.2/-31.9 dBFS] [17.8 dB] [1.9 ppm]
4402AC (Aircraft, Airborne) -> 11984A (Ground station): Command
AVLC type: I sseq: 7 rseq: 3 poll: 0
 X.25 Data: grp: 11 chan: 255 sseq: 5 rseq: 1 more: 0
  X.25 reasm status: skipped
  X.233 CLNP Data (compressed header):
   LRef: 0x42 Prio: 11 Flags: 0xf6
   Lifetime: 20.0 sec
   PDU Id: 0x1ba
   X.224 COTP Data Ack:
    dst_ref: 0x361f
    rseq: 1 credit: 2
    ATN checksum: b6 3f a0 54

[2025-07-03 00:09:49 CEST] [136.975] [1.0/-32.0 dBFS] [33.1 dB] [2.6 ppm]
4CA815 (Aircraft, Airborne) -> 10F68A (Ground station): Command
AVLC type: U (XID) P/F: 1
 XID: Handoff Initiation
  Public params:
   Parameter set ID: 8885:1993
   Procedure classes: 00 01
   HDLC options: 20 84 80
  VDL params:
   Parameter set ID: V
   XID sequencing: seq: 6 retry: 3
   Destination airport: LEBL
   Aircraft location: 0.0N 0.0E 0 ft
   Alternate ground stations: 10F69B 10907A 10985A 10952A 10984A 109C2A 1099BA 10FA5A
   AVLC specific options: 24
   Connection management: 01

[2025-07-03 00:10:02 CEST] [136.975] [1.0/-33.2 dBFS] [34.3 dB] [2.8 ppm]
4CA815 (Aircraft, Airborne) -> 10F68A (Ground station): Command
AVLC type: U (XID) P/F: 1
 XID: Handoff Initiation
  Public params:
   Parameter set ID: 8885:1993
   Procedure classes: 00 01
   HDLC options: 20 84 80
  VDL params:
   Parameter set ID: V
   XID sequencing: seq: 6 retry: 4
   Destination airport: LEBL
   Aircraft location: 0.0N 0.0E 0 ft
   Alternate ground stations: 10F69B 10907A 10985A 10952A 10984A 109C2A 1099BA 10FA5A
   AVLC specific options: 24
   Connection management: 01

[2025-07-03 00:10:12 CEST] [136.725] [-14.7/-33.6 dBFS] [18.9 dB] [1.7 ppm]
4402AC (Aircraft, Airborne) -> 11984A (Ground station): Command
AVLC type: I sseq: 6 rseq: 1 poll: 0
 ACARS:
  Reassembly: skipped
  Reg: .OE-IJY Flight: EC109E
  Mode: 2 Label: 5U Blk id: 5 More: 0 Ack: ! Msg num: M68A
  Message:
   LFRS LFBD LFPG-SA

[2025-07-03 00:10:13 CEST] [136.975] [1.1/-33.1 dBFS] [34.2 dB] [2.7 ppm]
4CA815 (Aircraft, Airborne) -> 10F68A (Ground station): Command
AVLC type: U (XID) P/F: 1
 XID: Handoff Initiation
  Public params:
   Parameter set ID: 8885:1993
   Procedure classes: 00 01
   HDLC options: 20 84 80
  VDL params:
   Parameter set ID: V
   XID sequencing: seq: 6 retry: 5
   Destination airport: LEBL
   Aircraft location: 0.0N 0.0E 0 ft
   Alternate ground stations: 10F69B 10907A 10985A 10952A 10984A 109C2A 1099BA 10FA5A
   AVLC specific options: 24
   Connection management: 01

[2025-07-03 00:10:25 CEST] [136.975] [1.1/-32.9 dBFS] [34.0 dB] [2.5 ppm]
4CA815 (Aircraft, Airborne) -> 10F63A (Ground station): Command
AVLC type: U (XID) P/F: 1
 XID: Handoff Initiation
  Public params:
   Parameter set ID: 8885:1993
   Procedure classes: 00 01
   HDLC options: 20 84 80
  VDL params:
   Parameter set ID: V
   XID sequencing: seq: 7 retry: 0
   Destination airport: LEBL
   Aircraft location: 0.0N 0.0E 0 ft
   Alternate ground stations: 10F69B 10907A 10985A 10952A 10984A 109C2A 10FA5A 1099BA
   AVLC specific options: 24
   Connection management: 01

[2025-07-03 00:10:34 CEST] [136.975] [1.0/-31.9 dBFS] [32.9 dB] [2.5 ppm]
4CA815 (Aircraft, Airborne) -> 10F63A (Ground station): Command
AVLC type: U (XID) P/F: 1
 XID: Handoff Initiation
  Public params:
   Parameter set ID: 8885:1993
   Procedure classes: 00 01
   HDLC options: 20 84 80
  VDL params:
   Parameter set ID: V
   XID sequencing: seq: 7 retry: 1
   Destination airport: LEBL
   Aircraft location: 0.0N 0.0E 0 ft
   Alternate ground stations: 10F69B 10907A 10985A 10952A 10984A 109C2A 10FA5A 1099BA
   AVLC specific options: 24
   Connection management: 01

[2025-07-03 00:10:43 CEST] [136.975] [1.0/-31.9 dBFS] [32.9 dB] [2.4 ppm]
4CA815 (Aircraft, Airborne) -> 10F63A (Ground station): Command
AVLC type: U (XID) P/F: 1
 XID: Handoff Initiation
  Public params:
   Parameter set ID: 8885:1993
   Procedure classes: 00 01
   HDLC options: 20 84 80
  VDL params:
   Parameter set ID: V
   XID sequencing: seq: 7 retry: 2
   Destination airport: LEBL
   Aircraft location: 0.0N 0.0E 0 ft
   Alternate ground stations: 10F69B 10907A 10985A 10952A 10984A 109C2A 10FA5A 1099BA
   AVLC specific options: 24
   Connection management: 01

[2025-07-03 00:10:52 CEST] [136.975] [0.9/-31.7 dBFS] [32.6 dB] [2.5 ppm]
4CA815 (Aircraft, Airborne) -> 10F63A (Ground station): Command
AVLC type: U (XID) P/F: 1
 XID: Handoff Initiation
  Public params:
   Parameter set ID: 8885:1993
   Procedure classes: 00 01
   HDLC options: 20 84 80
  VDL params:
   Parameter set ID: V
   XID sequencing: seq: 7 retry: 3
   Destination airport: LEBL
   Aircraft location: 0.0N 0.0E 0 ft
   Alternate ground stations: 10F69B 10907A 10985A 10952A 10984A 109C2A 10FA5A 1099BA
   AVLC specific options: 24
   Connection management: 01

[2025-07-03 00:10:55 CEST] [136.775] [-12.7/-31.3 dBFS] [18.7 dB] [3.7 ppm]
4D00F2 (Aircraft, Airborne) -> 210DC5 (Ground station): Command
AVLC type: I sseq: 3 rseq: 4 poll: 0
 X.25 Data: grp: 11 chan: 255 sseq: 1 rseq: 2 more: 0
  X.25 reasm status: skipped
  X.233 CLNP Data (compressed header):
   LRef: 0x41 Prio: 11 Flags: 0xc0
   Lifetime: 50.0 sec
   PDU Id: 0x925
   X.224 COTP Data Ack:
    dst_ref: 0x721d
    rseq: 4 credit: 3
    Checksum: 63 26
    Flow control:
     Acked TPDU nr: 4
     Acked subsequence: 0
     Acked credit: 15

[2025-07-03 00:11:04 CEST] [136.975] [1.1/-31.8 dBFS] [32.9 dB] [2.5 ppm]
4CA815 (Aircraft, Airborne) -> 10F63A (Ground station): Command
AVLC type: U (XID) P/F: 1
 XID: Handoff Initiation
  Public params:
   Parameter set ID: 8885:1993
   Procedure classes: 00 01
   HDLC options: 20 84 80
  VDL params:
   Parameter set ID: V
   XID sequencing: seq: 7 retry: 4
   Destination airport: LEBL
   Aircraft location: 0.0N 0.0E 0 ft
   Alternate ground stations: 10F69B 10907A 10985A 10952A 10984A 109C2A 10FA5A 1099BA
   AVLC specific options: 24
   Connection management: 01

[2025-07-03 00:11:10 CEST] [136.725] [-14.5/-32.2 dBFS] [17.6 dB] [0.1 ppm]
345107 (Aircraft, Airborne) -> 11905A (Ground station): Command
AVLC type: I sseq: 7 rseq: 1 poll: 0
 X.25 Data: grp: 11 chan: 255 sseq: 1 rseq: 4 more: 0
  X.25 reasm status: skipped
  X.233 CLNP Data (compressed header):
   LRef: 0x43 Prio: 11 Flags: 0xf6
   Lifetime: 20.0 sec
   PDU Id: 0x1c1
   X.224 COTP Data Ack:
    dst_ref: 0x721e
    rseq: 2 credit: 2
    Flow control:
     Acked TPDU nr: 2
     Acked subsequence: 0
     Acked credit: 15
    ATN checksum: 3f 0c 6d a3

[2025-07-03 00:11:13 CEST] [136.725] [-12.6/-31.8 dBFS] [19.2 dB] [2.4 ppm]
440C36 (Aircraft, Airborne) -> 11985A (Ground station): Command
AVLC type: I sseq: 7 rseq: 0 poll: 0
 X.25 Data: grp: 11 chan: 255 sseq: 5 rseq: 6 more: 0
  X.25 reasm status: skipped
  X.233 CLNP Data (compressed header):
   LRef: 0x41 Prio: 11 Flags: 0xf6
   Lifetime: 20.0 sec
   PDU Id: 0xdd
   X.224 COTP Data Ack:
    dst_ref: 0x720f
    rseq: 4 credit: 3
    Flow control:
     Acked TPDU nr: 4
     Acked subsequence: 0
     Acked credit: 15
    ATN checksum: c0 23 2e 5f

[2025-07-03 00:11:13 CEST] [136.675] [-4.0/-32.7 dBFS] [28.7 dB] [0.6 ppm]
4D2006 (Aircraft, Airborne) -> 11907A (Ground station): Command
AVLC type: I sseq: 4 rseq: 6 poll: 0
 X.25 Data: grp: 11 chan: 255 sseq: 4 rseq: 6 more: 0
  X.25 reasm status: skipped
  X.233 CLNP Data (compressed header):
   LRef: 0x41 Prio: 11 Flags: 0xf6
   Lifetime: 20.0 sec
   PDU Id: 0x343
   X.224 COTP Data Ack:
    dst_ref: 0x720e
    rseq: 4 credit: 3
    Flow control:
     Acked TPDU nr: 4
     Acked subsequence: 0
     Acked credit: 15
    ATN checksum: 71 3b 01 d8

[2025-07-03 00:11:16 CEST] [136.975] [1.0/-31.9 dBFS] [33.0 dB] [2.5 ppm]
4CA815 (Aircraft, Airborne) -> 10F63A (Ground station): Command
AVLC type: U (XID) P/F: 1
 XID: Handoff Initiation
  Public params:
   Parameter set ID: 8885:1993
   Procedure classes: 00 01
   HDLC options: 20 84 80
  VDL params:
   Parameter set ID: V
   XID sequencing: seq: 7 retry: 5
   Destination airport: LEBL
   Aircraft location: 0.0N 0.0E 0 ft
   Alternate ground stations: 10F69B 10907A 10985A 10952A 10984A 109C2A 10FA5A 1099BA
   AVLC specific options: 24
   Connection management: 01

[2025-07-03 00:11:19 CEST] [136.875] [-9.7/-32.0 dBFS] [22.3 dB] [1.1 ppm]
392AF2 (Aircraft, Airborne) -> 23D821 (Ground station): Command
AVLC type: I sseq: 2 rseq: 6 poll: 0
 X.25 Data: grp: 11 chan: 255 sseq: 6 rseq: 1 more: 0
  X.25 reasm status: skipped
  X.233 CLNP Data (compressed header):
   LRef: 0x43 Prio: 11 Flags: 0xf6
   Lifetime: 20.0 sec
   PDU Id: 0xae
   X.224 COTP Data Ack:
    dst_ref: 0x7218
    rseq: 4 credit: 3
    Flow control:
     Acked TPDU nr: 4
     Acked subsequence: 0
     Acked credit: 15
    ATN checksum: 23 0e 2a 48

[2025-07-03 00:11:25 CEST] [136.975] [1.0/-32.0 dBFS] [33.0 dB] [2.4 ppm]
4CA815 (Aircraft, Airborne) -> 10907A (Ground station): Response
AVLC type: U (DM) P/F: 0

[2025-07-03 00:11:28 CEST] [136.975] [1.0/-32.1 dBFS] [33.2 dB] [2.2 ppm]
4CA815 (Aircraft, Airborne) -> 10F69B (Ground station): Command
AVLC type: U (XID) P/F: 1
 XID: Handoff Initiation
  Public params:
   Parameter set ID: 8885:1993
   Procedure classes: 00 01
   HDLC options: 20 84 80
  VDL params:
   Parameter set ID: V
   XID sequencing: seq: 0 retry: 0
   Destination airport: LEBL
   Aircraft location: 0.0N 0.0E 0 ft
   Alternate ground stations: 10907A 10985A 10952A 1099BA 10984A 109C2A 10FA5A 10905A
   AVLC specific options: 24
   Connection management: 01

[2025-07-03 00:11:37 CEST] [136.975] [0.9/-31.6 dBFS] [32.5 dB] [2.2 ppm]
4CA815 (Aircraft, Airborne) -> 10F69B (Ground station): Command
AVLC type: U (XID) P/F: 1
 XID: Handoff Initiation
  Public params:
   Parameter set ID: 8885:1993
   Procedure classes: 00 01
   HDLC options: 20 84 80
  VDL params:
   Parameter set ID: V
   XID sequencing: seq: 0 retry: 1
   Destination airport: LEBL
   Aircraft location: 0.0N 0.0E 0 ft
   Alternate ground stations: 10907A 10985A 10952A 1099BA 10984A 109C2A 10FA5A 10905A
   AVLC specific options: 24
   Connection management: 01

[2025-07-03 00:11:46 CEST] [136.975] [0.9/-31.7 dBFS] [32.5 dB] [2.1 ppm]
4CA815 (Aircraft, Airborne) -> 10F69B (Ground station): Command
AVLC type: U (XID) P/F: 1
 XID: Handoff Initiation
  Public params:
   Parameter set ID: 8885:1993
   Procedure classes: 00 01
   HDLC options: 20 84 80
  VDL params:
   Parameter set ID: V
   XID sequencing: seq: 0 retry: 2
   Destination airport: LEBL
   Aircraft location: 0.0N 0.0E 0 ft
   Alternate ground stations: 10907A 10985A 10952A 1099BA 10984A 109C2A 10FA5A 10905A
   AVLC specific options: 24
   Connection management: 01

[2025-07-03 00:11:56 CEST] [136.975] [0.3/-31.9 dBFS] [32.2 dB] [2.1 ppm]
4CA815 (Aircraft, Airborne) -> 10F69B (Ground station): Command
AVLC type: U (XID) P/F: 1
 XID: Handoff Initiation
  Public params:
   Parameter set ID: 8885:1993
   Procedure classes: 00 01
   HDLC options: 20 84 80
  VDL params:
   Parameter set ID: V
   XID sequencing: seq: 0 retry: 3
   Destination airport: LEBL
   Aircraft location: 0.0N 0.0E 0 ft
   Alternate ground stations: 10907A 10985A 10952A 1099BA 10984A 109C2A 10FA5A 10905A
   AVLC specific options: 24
   Connection management: 01

[2025-07-03 00:12:02 CEST] [136.875] [-11.5/-32.0 dBFS] [20.6 dB] [1.2 ppm]
392AF2 (Aircraft, Airborne) -> 23D821 (Ground station): Command
AVLC type: I sseq: 3 rseq: 6 poll: 0
 ACARS:
  Reassembly: skipped
  Reg: .F-GKXS Flight: AF46DD
  Mode: 2 Label: 2Z Blk id: 3 More: 0 Ack: ! Msg num: M36A
  Message:
   LFMN

[2025-07-03 00:12:05 CEST] [136.975] [-1.5/-32.0 dBFS] [30.5 dB] [2.3 ppm]
4CA815 (Aircraft, Airborne) -> 10F69B (Ground station): Command
AVLC type: U (XID) P/F: 1
 XID: Handoff Initiation
  Public params:
   Parameter set ID: 8885:1993
   Procedure classes: 00 01
   HDLC options: 20 84 80
  VDL params:
   Parameter set ID: V
   XID sequencing: seq: 0 retry: 4
   Destination airport: LEBL
   Aircraft location: 0.0N 0.0E 0 ft
   Alternate ground stations: 10907A 10985A 10952A 1099BA 10984A 109C2A 10FA5A 10905A
   AVLC specific options: 24
   Connection management: 01

[2025-07-03 00:12:07 CEST] [136.725] [-11.2/-31.9 dBFS] [20.7 dB] [0.1 ppm]
345107 (Aircraft, Airborne) -> 1199BA (Ground station): Command
AVLC type: U (XID) P/F: 1
 XID: Handoff Initiation
  Public params:
   Parameter set ID: 8885:1993
   Procedure classes: 00 01
   HDLC options: 20 a4 80
  VDL params:
   Parameter set ID: V
   Connection management: 01
   XID sequencing: seq: 5 retry: 0
   AVLC specific options: 25
   Destination airport: LIRF
   Aircraft location: 43.4N 4.2E 37000 ft

[2025-07-03 00:12:16 CEST] [136.675] [-8.8/-32.1 dBFS] [23.3 dB] [0.7 ppm]
4D2006 (Aircraft, Airborne) -> 11907A (Ground station): Command
AVLC type: I sseq: 5 rseq: 6 poll: 0
 ACARS:
  Reassembly: skipped
  Reg: .9H-EUP Flight: LH6822
  Mode: 2 Label: 1L Blk id: 7 More: 0 Ack: ! Msg num: M22A
  Message:
   00170209292KIT7-:4:J4+43,22)Q)I0KAOO86WLKOKSDR,,Q*B*9)

[2025-07-03 00:12:30 CEST] [136.775] [-8.0/-31.6 dBFS] [23.7 dB] [3.7 ppm]
4D00F2 (Aircraft, Airborne) -> 210DC5 (Ground station): Command
AVLC type: I sseq: 4 rseq: 6 poll: 0
 X.25 Data: grp: 11 chan: 255 sseq: 2 rseq: 3 more: 0
  X.25 reasm status: skipped
  X.233 CLNP Data (compressed header):
   LRef: 0x41 Prio: 11 Flags: 0xc0
   Lifetime: 50.0 sec
   PDU Id: 0x926
   X.224 COTP Data Ack:
    dst_ref: 0x721d
    rseq: 4 credit: 3
    Checksum: 63 26
    Flow control:
     Acked TPDU nr: 4
     Acked subsequence: 0
     Acked credit: 15

[2025-07-03 00:12:40 CEST] [136.675] [-7.2/-32.1 dBFS] [24.9 dB] [0.8 ppm]
4D2006 (Aircraft, Airborne) -> 11907A (Ground station): Command
AVLC type: I sseq: 6 rseq: 0 poll: 0
 X.25 Data: grp: 11 chan: 255 sseq: 5 rseq: 7 more: 0
  X.25 reasm status: skipped
  X.233 CLNP Data (compressed header):
   LRef: 0x41 Prio: 11 Flags: 0xf6
   Lifetime: 20.0 sec
   PDU Id: 0x344
   X.224 COTP Data Ack:
    dst_ref: 0x720e
    rseq: 5 credit: 3
    ATN checksum: 30 fd 64 a4
   X.224 COTP Data:
    dst_ref: 0x720e
    sseq: 4 req_of_ack: 0 EoT: 1
    COTP reasm status: skipped
    ATN checksum: c6 3a e0 91
    CPDLC Downlink Message:
     Header:
      Msg ID: 4
      Msg Ref: 5
      Timestamp: 2025-07-02 22:12:39
      Logical ACK: notRequired
     Message data:
      LOGICAL ACKNOWLEDGMENT

[2025-07-03 00:12:42 CEST] [136.725] [-13.8/-31.9 dBFS] [18.1 dB] [-0.1 ppm]
345107 (Aircraft, Airborne) -> 1199BA (Ground station): Command
AVLC type: I sseq: 2 rseq: 3 poll: 0
 X.25 Data: grp: 11 chan: 255 sseq: 0 rseq: 1 more: 0
  X.25 reasm status: skipped
  X.233 CLNP Data (compressed header):
   LRef: 0x43 Prio: 11 Flags: 0xf6
   Lifetime: 20.0 sec
   PDU Id: 0x1c2
   X.224 COTP Data Ack:
    dst_ref: 0x721e
    rseq: 2 credit: 2
    Flow control:
     Acked TPDU nr: 2
     Acked subsequence: 0
     Acked credit: 15
    ATN checksum: 3f 0c 6d a3

[2025-07-03 00:12:43 CEST] [136.675] [-7.7/-32.0 dBFS] [24.3 dB] [0.8 ppm]
4D2006 (Aircraft, Airborne) -> 11907A (Ground station): Command
AVLC type: I sseq: 7 rseq: 3 poll: 0
 X.25 Data: grp: 11 chan: 255 sseq: 6 rseq: 2 more: 0
  X.25 reasm status: skipped
  X.233 CLNP Data (compressed header):
   LRef: 0x42 Prio: 11 Flags: 0xf6
   Lifetime: 20.0 sec
   PDU Id: 0x345
   X.224 COTP Connect Confirm:
    src_ref: 0x004a dst_ref: 0x8a86
    Initial Credit: 1
    Protocol class: 4
    Options: 00 (use normal PDU formats)
    TPDU size (bytes): 1024
    Called/responding transport selector: 16
    Calling transport selector: 65 6d
    Priority: 3
    Ack time (ms): 1000
    Inactivity timer (ms): 360000
    Additional options: 0x00
    ATN checksum: 09 96 fb 5f
    X.225 Session SPDU: Short Accept
     X.227 ACSE Associate Response:
      Application context name: { 1.3.27.3.1 }
      Associate result: accept
      ATCDownlinkMessage: <empty PDU>

[2025-07-03 00:12:51 CEST] [136.725] [-12.7/-32.0 dBFS] [19.3 dB] [-0.0 ppm]
345107 (Aircraft, Airborne) -> 1199BA (Ground station): Command
AVLC type: I sseq: 2 rseq: 3 poll: 0
 X.25 Data: grp: 11 chan: 255 sseq: 0 rseq: 1 more: 0
  X.25 reasm status: skipped
  X.233 CLNP Data (compressed header):
   LRef: 0x43 Prio: 11 Flags: 0xf6
   Lifetime: 20.0 sec
   PDU Id: 0x1c2
   X.224 COTP Data Ack:
    dst_ref: 0x721e
    rseq: 2 credit: 2
    Flow control:
     Acked TPDU nr: 2
     Acked subsequence: 0
     Acked credit: 15
    ATN checksum: 3f 0c 6d a3

[2025-07-03 00:12:55 CEST] [136.875] [-10.5/-31.6 dBFS] [21.1 dB] [1.1 ppm]
392AF2 (Aircraft, Airborne) -> 23D821 (Ground station): Command
AVLC type: I sseq: 6 rseq: 2 poll: 0
 X.25 Data: grp: 11 chan: 255 sseq: 1 rseq: 3 more: 0
  X.25 reasm status: skipped
  X.233 CLNP Data (compressed header):
   LRef: 0x43 Prio: 11 Flags: 0xf6
   Lifetime: 20.0 sec
   PDU Id: 0xb1
   X.224 COTP Data Ack:
    dst_ref: 0x7218
    rseq: 5 credit: 3
    ATN checksum: 82 7b ba 9b
   X.224 COTP Data:
    dst_ref: 0x7218
    sseq: 4 req_of_ack: 0 EoT: 1
    COTP reasm status: skipped
    ATN checksum: 4b f6 51 1b
    CPDLC Downlink Message:
     Header:
      Msg ID: 4
      Msg Ref: 5
      Timestamp: 2025-07-02 22:12:54
      Logical ACK: notRequired
     Message data:
      LOGICAL ACKNOWLEDGMENT

[2025-07-03 00:12:55 CEST] [136.725] [-12.1/-31.8 dBFS] [19.6 dB] [0.1 ppm]
345107 (Aircraft, Airborne) -> 1199BA (Ground station): Command
AVLC type: I sseq: 2 rseq: 3 poll: 0
 X.25 Data: grp: 11 chan: 255 sseq: 0 rseq: 1 more: 0
  X.25 reasm status: skipped
  X.233 CLNP Data (compressed header):
   LRef: 0x43 Prio: 11 Flags: 0xf6
   Lifetime: 20.0 sec
   PDU Id: 0x1c2
   X.224 COTP Data Ack:
    dst_ref: 0x721e
    rseq: 2 credit: 2
    Flow control:
     Acked TPDU nr: 2
     Acked subsequence: 0
     Acked credit: 15
    ATN checksum: 3f 0c 6d a3

[2025-07-03 00:13:00 CEST] [136.875] [-9.2/-31.4 dBFS] [22.2 dB] [0.8 ppm]
392AF2 (Aircraft, Airborne) -> 23D821 (Ground station): Command
AVLC type: I sseq: 7 rseq: 3 poll: 0
 X.25 Data: grp: 11 chan: 255 sseq: 2 rseq: 4 more: 0
  X.25 reasm status: skipped
  X.233 CLNP Data (compressed header):
   LRef: 0x43 Prio: 11 Flags: 0xf6
   Lifetime: 20.0 sec
   PDU Id: 0xb2
   X.224 COTP Data:
    dst_ref: 0x7218
    sseq: 5 req_of_ack: 0 EoT: 1
    COTP reasm status: skipped
    ATN checksum: 7f 8e f4 37
    CPDLC Downlink Message:
     Header:
      Msg ID: 5
      Msg Ref: 5
      Timestamp: 2025-07-02 22:12:58
      Logical ACK: required
     Message data:
      WILCO

[2025-07-03 00:13:01 CEST] [136.875] [-10.0/-31.6 dBFS] [21.6 dB] [1.1 ppm]
392AF2 (Aircraft, Airborne) -> 23D821 (Ground station): Command
AVLC type: I sseq: 1 rseq: 5 poll: 0
 X.25 Data: grp: 11 chan: 255 sseq: 3 rseq: 6 more: 0
  X.25 reasm status: skipped
  X.233 CLNP Data (compressed header):
   LRef: 0x43 Prio: 11 Flags: 0xf6
   Lifetime: 20.0 sec
   PDU Id: 0xb3
   X.224 COTP Data Ack:
    dst_ref: 0x7218
    rseq: 6 credit: 3
    ATN checksum: d7 48 ec 46

[2025-07-03 00:13:03 CEST] [136.725] [-10.3/-31.9 dBFS] [21.7 dB] [-0.0 ppm]
345107 (Aircraft, Airborne) -> 1199BA (Ground station): Command
AVLC type: I sseq: 2 rseq: 3 poll: 0
 X.25 Data: grp: 11 chan: 255 sseq: 0 rseq: 1 more: 0
  X.25 reasm status: skipped
  X.233 CLNP Data (compressed header):
   LRef: 0x43 Prio: 11 Flags: 0xf6
   Lifetime: 20.0 sec
   PDU Id: 0x1c2
   X.224 COTP Data Ack:
    dst_ref: 0x721e
    rseq: 2 credit: 2
    Flow control:
     Acked TPDU nr: 2
     Acked subsequence: 0
     Acked credit: 15
    ATN checksum: 3f 0c 6d a3

[2025-07-03 00:13:27 CEST] [136.775] [0.4/-31.7 dBFS] [32.1 dB] [3.5 ppm]
4D00F2 (Aircraft, Airborne) -> 23D825 (Ground station): Command
AVLC type: U (XID) P/F: 1
 XID: Handoff Initiation
  Public params:
   Parameter set ID: 8885:1993
   Procedure classes: 00 01
   HDLC options: 20 a4 88
  VDL params:
   Parameter set ID: V
   XID sequencing: seq: 5 retry: 0
   Destination airport: ELLX
   Aircraft location: 43.1N 5.7E 0 ft
   Alternate ground stations: 2654E5 233925 2625C6 26E206 281CC5
   AVLC specific options: 24
   Connection management: 01

[2025-07-03 00:13:41 CEST] [136.725] [-12.9/-31.9 dBFS] [19.0 dB] [2.2 ppm]
4CA815 (Aircraft, Airborne) -> 11985A (Ground station): Command
AVLC type: I sseq: 6 rseq: 0 poll: 0
 X.25 Data: grp: 11 chan: 254 sseq: 4 rseq: 6 more: 0
  X.25 reasm status: skipped
  X.233 CLNP Data (compressed header):
   LRef: 0x41 Prio: 11 Flags: 0xc0
   Lifetime: 50.0 sec
   PDU Id: 0x362
   X.224 COTP Data Ack:
    dst_ref: 0x7227
    rseq: 2 credit: 2
    Checksum: 45 ee

[2025-07-03 00:13:42 CEST] [136.725] [-12.0/-31.9 dBFS] [19.9 dB] [2.3 ppm]
4CA815 (Aircraft, Airborne) -> 11985A (Ground station): Command
AVLC type: I sseq: 7 rseq: 0 poll: 0
 X.25 Data: grp: 11 chan: 254 sseq: 5 rseq: 6 more: 0
  X.25 reasm status: skipped
  X.233 CLNP Data (compressed header):
   LRef: 0x41 Prio: 11 Flags: 0xc0
   Lifetime: 50.0 sec
   PDU Id: 0x363
   X.224 COTP Data:
    dst_ref: 0x7227
    sseq: 1 req_of_ack: 0 EoT: 1
    COTP reasm status: skipped
    Checksum: 7d 38
    CPDLC Downlink Message:
     Header:
      Msg ID: 1
      Msg Ref: 7
      Timestamp: 2025-07-02 22:13:40
      Logical ACK: notRequired
     Message data:
      LOGICAL ACKNOWLEDGMENT

[2025-07-03 00:13:46 CEST] [136.675] [-7.4/-32.2 dBFS] [24.8 dB] [0.6 ppm]
4D2006 (Aircraft, Airborne) -> 11907A (Ground station): Command
AVLC type: I sseq: 1 rseq: 6 poll: 0
 X.25 Data: grp: 11 chan: 255 sseq: 0 rseq: 5 more: 0
  X.25 reasm status: skipped
  X.233 CLNP Data (compressed header):
   LRef: 0x42 Prio: 11 Flags: 0xf6
   Lifetime: 20.0 sec
   PDU Id: 0x347
   X.224 COTP Data Ack:
    dst_ref: 0x8a86
    rseq: 0 credit: 1
    Flow control:
     Acked TPDU nr: 0
     Acked subsequence: 0
     Acked credit: 10
    ATN checksum: 07 bb 16 7d

[2025-07-03 00:13:47 CEST] [136.675] [-7.2/-32.4 dBFS] [25.1 dB] [0.4 ppm]
4D2006 (Aircraft, Airborne) -> 11907A (Ground station): Command
AVLC type: I sseq: 2 rseq: 7 poll: 0
 X.25 Data: grp: 11 chan: 255 sseq: 1 rseq: 6 more: 0
  X.25 reasm status: skipped
  X.233 CLNP Data (compressed header):
   LRef: 0x41 Prio: 11 Flags: 0xf6
   Lifetime: 20.0 sec
   PDU Id: 0x348
   X.224 COTP Data Ack:
    dst_ref: 0x720e
    rseq: 6 credit: 3
    ATN checksum: 85 ca 96 4f
   X.224 COTP Data:
    dst_ref: 0x720e
    sseq: 5 req_of_ack: 0 EoT: 1
    COTP reasm status: skipped
    ATN checksum: 09 9b a7 26
    CPDLC Downlink Message:
     Header:
      Msg ID: 5
      Msg Ref: 7
      Timestamp: 2025-07-02 22:13:47
      Logical ACK: notRequired
     Message data:
      LOGICAL ACKNOWLEDGMENT

[2025-07-03 00:13:54 CEST] [136.675] [-7.1/-32.3 dBFS] [25.2 dB] [0.7 ppm]
4D2006 (Aircraft, Airborne) -> 11907A (Ground station): Command
AVLC type: I sseq: 3 rseq: 0 poll: 0
 X.25 Data: grp: 11 chan: 255 sseq: 2 rseq: 7 more: 0
  X.25 reasm status: skipped
  X.233 CLNP Data (compressed header):
   LRef: 0x41 Prio: 11 Flags: 0xf6
   Lifetime: 20.0 sec
   PDU Id: 0x349
   X.224 COTP Data:
    dst_ref: 0x720e
    sseq: 6 req_of_ack: 0 EoT: 1
    COTP reasm status: skipped
    ATN checksum: 26 ae ad 7a
    X.227 ACSE Release Response:
     Reason: normal
     CPDLC Downlink Message:
      Header:
       Msg ID: 6
       Msg Ref: 7
       Timestamp: 2025-07-02 22:13:53
       Logical ACK: notRequired
      Message data:
       WILCO

[2025-07-03 00:13:54 CEST] [136.675] [-7.2/-32.2 dBFS] [25.0 dB] [0.6 ppm]
4D2006 (Aircraft, Airborne) -> 11907A (Ground station): Command
AVLC type: I sseq: 4 rseq: 0 poll: 0
 X.25 Data: grp: 11 chan: 255 sseq: 3 rseq: 7 more: 0
  X.25 reasm status: skipped
  X.233 CLNP Data (compressed header):
   LRef: 0x42 Prio: 11 Flags: 0xf6
   Lifetime: 20.0 sec
   PDU Id: 0x34a
   X.224 COTP Data:
    dst_ref: 0x8a86
    sseq: 0 req_of_ack: 0 EoT: 1
    COTP reasm status: skipped
    ATN checksum: 22 c3 a6 91
    CPDLC Downlink Message:
     Header:
      Msg ID: 0
      Timestamp: 2025-07-02 22:13:53
      Logical ACK: required
     Message data:
      CURRENT DATA AUTHORITY

[2025-07-03 00:13:54 CEST] [136.675] [-7.5/-32.1 dBFS] [24.6 dB] [0.4 ppm]
4D2006 (Aircraft, Airborne) -> 11907A (Ground station): Command
AVLC type: I sseq: 5 rseq: 2 poll: 0
 X.25 Data: grp: 11 chan: 255 sseq: 4 rseq: 1 more: 0
  X.25 reasm status: skipped
  X.233 CLNP Data (compressed header):
   LRef: 0x41 Prio: 11 Flags: 0xf6
   Lifetime: 20.0 sec
   PDU Id: 0x34b
   X.224 COTP Disconnect Confirm:
    src_ref: 0x0049 dst_ref: 0x720e
    ATN checksum: 25 04 08 63

[2025-07-03 00:13:55 CEST] [136.675] [-7.4/-32.2 dBFS] [24.8 dB] [0.6 ppm]
4D2006 (Aircraft, Airborne) -> 11907A (Ground station): Command
AVLC type: I sseq: 6 rseq: 4 poll: 0
 X.25 Data: grp: 11 chan: 255 sseq: 5 rseq: 3 more: 0
  X.25 reasm status: skipped
  X.233 CLNP Data (compressed header):
   LRef: 0x42 Prio: 11 Flags: 0xf6
   Lifetime: 20.0 sec
   PDU Id: 0x34c
   X.224 COTP Data Ack:
    dst_ref: 0x8a86
    rseq: 1 credit: 2
    ATN checksum: ac ec 34 2f

[2025-07-03 00:13:59 CEST] [136.775] [0.2/-31.0 dBFS] [31.2 dB] [3.7 ppm]
4D00F2 (Aircraft, Airborne) -> 23D825 (Ground station): Command
AVLC type: I sseq: 2 rseq: 3 poll: 0
 X.25 Data: grp: 11 chan: 254 sseq: 0 rseq: 1 more: 0
  X.25 reasm status: skipped
  X.233 CLNP Data (compressed header):
   LRef: 0x41 Prio: 11 Flags: 0xc0
   Lifetime: 50.0 sec
   PDU Id: 0x927
   X.224 COTP Data Ack:
    dst_ref: 0x721d
    rseq: 4 credit: 3
    Checksum: 63 26
    Flow control:
     Acked TPDU nr: 4
     Acked subsequence: 0
     Acked credit: 15

[2025-07-03 00:14:14 CEST] [136.725] [-4.5/-32.4 dBFS] [27.9 dB] [0.1 ppm]
345107 (Aircraft, Airborne) -> 1199BA (Ground station): Command
AVLC type: I sseq: 4 rseq: 5 poll: 0
 X.25 Data: grp: 11 chan: 255 sseq: 2 rseq: 3 more: 0
  X.25 reasm status: skipped
  X.233 CLNP Data (compressed header):
   LRef: 0x43 Prio: 11 Flags: 0xf6
   Lifetime: 20.0 sec
   PDU Id: 0x1c4
   X.224 COTP Data Ack:
    dst_ref: 0x721e
    rseq: 2 credit: 2
    Flow control:
     Acked TPDU nr: 2
     Acked subsequence: 0
     Acked credit: 15
    ATN checksum: 3f 0c 6d a3

[2025-07-03 00:14:16 CEST] [136.725] [-5.7/-31.9 dBFS] [26.3 dB] [-0.0 ppm]
345107 (Aircraft, Airborne) -> 11905A (Ground station): Response
AVLC type: U (XID) P/F: 1
 XID: Handoff Response
  Public params:
   Parameter set ID: 8885:1993
   Procedure classes: 00 01
   HDLC options: 20 a4 80
  VDL params:
   Parameter set ID: V
   Connection management: 01
   XID sequencing: seq: 3 retry: 0
   AVLC specific options: 25
   Destination airport: LIRF
   Aircraft location: 43.3N 4.6E 36000 ft

[2025-07-03 00:14:17 CEST] [136.675] [-6.1/-32.5 dBFS] [26.4 dB] [0.5 ppm]
4D2006 (Aircraft, Airborne) -> 11907A (Ground station): Command
AVLC type: I sseq: 7 rseq: 5 poll: 0
 X.25 Data: grp: 11 chan: 255 sseq: 6 rseq: 4 more: 0
  X.25 reasm status: skipped
  X.233 CLNP Data (compressed header):
   LRef: 0x42 Prio: 11 Flags: 0xf6
   Lifetime: 20.0 sec
   PDU Id: 0x34d
   X.224 COTP Data Ack:
    dst_ref: 0x8a86
    rseq: 2 credit: 2
    ATN checksum: 02 b9 66 d9
   X.224 COTP Data:
    dst_ref: 0x8a86
    sseq: 1 req_of_ack: 0 EoT: 1
    COTP reasm status: skipped
    ATN checksum: 2e 92 ee 55
    CPDLC Downlink Message:
     Header:
      Msg ID: 1
      Msg Ref: 2
      Timestamp: 2025-07-02 22:14:16
      Logical ACK: notRequired
     Message data:
      LOGICAL ACKNOWLEDGMENT

[2025-07-03 00:14:17 CEST] [136.675] [-6.0/-32.5 dBFS] [26.5 dB] [0.6 ppm]
4D2006 (Aircraft, Airborne) -> 11907A (Ground station): Command
AVLC type: I sseq: 0 rseq: 6 poll: 0
 X.25 Data: grp: 11 chan: 255 sseq: 7 rseq: 5 more: 0
  X.25 reasm status: skipped
  X.233 CLNP Data (compressed header):
   LRef: 0x42 Prio: 11 Flags: 0xf6
   Lifetime: 20.0 sec
   PDU Id: 0x34e
   X.224 COTP Data Ack:
    dst_ref: 0x8a86
    rseq: 3 credit: 2
    ATN checksum: 57 86 98 84
   X.224 COTP Data:
    dst_ref: 0x8a86
    sseq: 2 req_of_ack: 0 EoT: 1
    COTP reasm status: skipped
    ATN checksum: 81 1c 5b 0b
    CPDLC Downlink Message:
     Header:
      Msg ID: 2
      Msg Ref: 3
      Timestamp: 2025-07-02 22:14:16
      Logical ACK: notRequired
     Message data:
      LOGICAL ACKNOWLEDGMENT

[2025-07-03 00:14:17 CEST] [136.725] [-6.5/-31.8 dBFS] [25.4 dB] [-0.1 ppm]
345107 (Aircraft, Airborne) -> 1199BA (Ground station): Command
AVLC type: I sseq: 4 rseq: 5 poll: 0
 X.25 Data: grp: 11 chan: 255 sseq: 2 rseq: 3 more: 0
  X.25 reasm status: skipped
  X.233 CLNP Data (compressed header):
   LRef: 0x43 Prio: 11 Flags: 0xf6
   Lifetime: 20.0 sec
   PDU Id: 0x1c4
   X.224 COTP Data Ack:
    dst_ref: 0x721e
    rseq: 2 credit: 2
    Flow control:
     Acked TPDU nr: 2
     Acked subsequence: 0
     Acked credit: 15
    ATN checksum: 3f 0c 6d a3

[2025-07-03 00:14:20 CEST] [136.725] [-4.1/-32.0 dBFS] [27.9 dB] [-0.0 ppm]
345107 (Aircraft, Airborne) -> 1199BA (Ground station): Command
AVLC type: I sseq: 4 rseq: 5 poll: 0
 X.25 Data: grp: 11 chan: 255 sseq: 2 rseq: 3 more: 0
  X.25 reasm status: skipped
  X.233 CLNP Data (compressed header):
   LRef: 0x43 Prio: 11 Flags: 0xf6
   Lifetime: 20.0 sec
   PDU Id: 0x1c4
   X.224 COTP Data Ack:
    dst_ref: 0x721e
    rseq: 2 credit: 2
    Flow control:
     Acked TPDU nr: 2
     Acked subsequence: 0
     Acked credit: 15
    ATN checksum: 3f 0c 6d a3

[2025-07-03 00:14:24 CEST] [136.725] [-5.2/-32.2 dBFS] [27.0 dB] [-0.1 ppm]
345107 (Aircraft, Airborne) -> 1199BA (Ground station): Command
AVLC type: I sseq: 4 rseq: 5 poll: 0
 X.25 Data: grp: 11 chan: 255 sseq: 2 rseq: 3 more: 0
  X.25 reasm status: skipped
  X.233 CLNP Data (compressed header):
   LRef: 0x43 Prio: 11 Flags: 0xf6
   Lifetime: 20.0 sec
   PDU Id: 0x1c4
   X.224 COTP Data Ack:
    dst_ref: 0x721e
    rseq: 2 credit: 2
    Flow control:
     Acked TPDU nr: 2
     Acked subsequence: 0
     Acked credit: 15
    ATN checksum: 3f 0c 6d a3

[2025-07-03 00:14:27 CEST] [136.725] [-5.9/-31.7 dBFS] [25.8 dB] [0.0 ppm]
345107 (Aircraft, Airborne) -> 1199BA (Ground station): Command
AVLC type: I sseq: 4 rseq: 5 poll: 0
 X.25 Data: grp: 11 chan: 255 sseq: 2 rseq: 3 more: 0
  X.25 reasm status: skipped
  X.233 CLNP Data (compressed header):
   LRef: 0x43 Prio: 11 Flags: 0xf6
   Lifetime: 20.0 sec
   PDU Id: 0x1c4
   X.224 COTP Data Ack:
    dst_ref: 0x721e
    rseq: 2 credit: 2
    Flow control:
     Acked TPDU nr: 2
     Acked subsequence: 0
     Acked credit: 15
    ATN checksum: 3f 0c 6d a3

[2025-07-03 00:14:32 CEST] [136.725] [-3.6/-32.3 dBFS] [28.7 dB] [0.2 ppm]
345107 (Aircraft, Airborne) -> 1199BA (Ground station): Command
AVLC type: I sseq: 4 rseq: 5 poll: 0
 X.25 Data: grp: 11 chan: 255 sseq: 2 rseq: 3 more: 0
  X.25 reasm status: skipped
  X.233 CLNP Data (compressed header):
   LRef: 0x43 Prio: 11 Flags: 0xf6
   Lifetime: 20.0 sec
   PDU Id: 0x1c4
   X.224 COTP Data Ack:
    dst_ref: 0x721e
    rseq: 2 credit: 2
    Flow control:
     Acked TPDU nr: 2
     Acked subsequence: 0
     Acked credit: 15
    ATN checksum: 3f 0c 6d a3

[2025-07-03 00:14:32 CEST] [136.875] [-7.8/-31.6 dBFS] [23.9 dB] [0.9 ppm]
392AF2 (Aircraft, Airborne) -> 23D821 (Ground station): Command
AVLC type: I sseq: 3 rseq: 0 poll: 0
 X.25 Data: grp: 11 chan: 255 sseq: 4 rseq: 7 more: 0
  X.25 reasm status: skipped
  X.233 CLNP Data (compressed header):
   LRef: 0x43 Prio: 11 Flags: 0xf6
   Lifetime: 20.0 sec
   PDU Id: 0xb4
   X.224 COTP Data Ack:
    dst_ref: 0x7218
    rseq: 6 credit: 3
    Flow control:
     Acked TPDU nr: 6
     Acked subsequence: 0
     Acked credit: 15
    ATN checksum: 19 43 f0 52

[2025-07-03 00:15:01 CEST] [136.775] [1.0/-31.7 dBFS] [32.7 dB] [3.4 ppm]
4D00F2 (Aircraft, Airborne) -> 23D825 (Ground station): Command
AVLC type: I sseq: 3 rseq: 4 poll: 0
 ACARS:
  Reassembly: skipped
  Reg: .LX-LBT Flight: LG0620
  Mode: 2 Label: 16 Blk id: 2 More: 0 Ack: ! Msg num: M47A
  Message:
   221500,,2314, 161,N 43.332 E  5.881

[2025-07-03 00:15:02 CEST] [136.725] [-4.4/-32.3 dBFS] [27.9 dB] [-0.0 ppm]
345107 (Aircraft, Airborne) -> 11905A (Ground station): Command
AVLC type: I sseq: 2 rseq: 2 poll: 0
 ACARS:
  Reassembly: skipped
  Reg: .EC-MJC Flight: VY50TK
  Mode: 2 Label: H1 Blk id: 3 More: 0 Ack: ! Msg num: F70A
  Sublabel: M1
  Message:
   PRG/DTLIRF,16L,101,231727,116/FNVLG50TK/TS221500,0207250F54

[2025-07-03 00:15:12 CEST] [136.875] [-5.1/-31.3 dBFS] [26.3 dB] [1.0 ppm]
392AF2 (Aircraft, Airborne) -> 23D821 (Ground station): Command
AVLC type: I sseq: 4 rseq: 0 poll: 0
 ACARS:
  Reassembly: skipped
  Reg: .F-GKXS Flight: AF46DD
  Mode: 2 Label: 2F Blk id: 5 More: 0 Ack: ! Msg num: M37A
  Message:
   2215+4422+546/3046

[2025-07-03 00:15:14 CEST] [136.675] [-8.6/-32.4 dBFS] [23.8 dB] [1.5 ppm]
4063DE (Aircraft, Airborne) -> 11907A (Ground station): Command
AVLC type: I sseq: 5 rseq: 5 poll: 0
 ACARS:
  Reassembly: skipped
  Reg: .G-EUYJ Flight: BA0371
  Mode: 2 Label: H1 Blk id: 9 More: 0 Ack: ! Msg num: F55A
  Sublabel: M1
  Message:
   PRG/DTEGLL,27L,73,233238,/PR1263,251,380,137,,0,50,,M45,50,,,P30,M35,36090,,1127,2579104

[2025-07-03 00:15:18 CEST] [136.725] [-7.2/-32.2 dBFS] [24.9 dB] [0.2 ppm]
345107 (Aircraft, Airborne) -> 1199BA (Ground station): Command
AVLC type: U (XID) P/F: 1
 XID: Handoff Initiation
  Public params:
   Parameter set ID: 8885:1993
   Procedure classes: 00 01
   HDLC options: 20 a4 80
  VDL params:
   Parameter set ID: V
   Connection management: 01
   XID sequencing: seq: 6 retry: 0
   AVLC specific options: 25
   Destination airport: LIRF
   Aircraft location: 43.3N 4.7E 36000 ft

[2025-07-03 00:15:20 CEST] [136.675] [-12.3/-32.7 dBFS] [20.4 dB] [0.6 ppm]
4D2006 (Aircraft, Airborne) -> 11907A (Ground station): Command
AVLC type: I sseq: 1 rseq: 1 poll: 0
 X.25 Data: grp: 11 chan: 255 sseq: 0 rseq: 0 more: 0
  X.25 reasm status: skipped
  X.233 CLNP Data (compressed header):
   LRef: 0x42 Prio: 11 Flags: 0xf6
   Lifetime: 20.0 sec
   PDU Id: 0x34f
   X.224 COTP Data Ack:
    dst_ref: 0x8a86
    rseq: 3 credit: 2
    Flow control:
     Acked TPDU nr: 3
     Acked subsequence: 0
     Acked credit: 10
    ATN checksum: ac 45 6d ef

[2025-07-03 00:15:26 CEST] [136.725] [-7.5/-31.9 dBFS] [24.4 dB] [0.1 ppm]
345107 (Aircraft, Airborne) -> 1199BA (Ground station): Command
AVLC type: U (XID) P/F: 1
 XID: Handoff Initiation
  Public params:
   Parameter set ID: 8885:1993
   Procedure classes: 00 01
   HDLC options: 20 a4 80
  VDL params:
   Parameter set ID: V
   Connection management: 01
   XID sequencing: seq: 6 retry: 1
   AVLC specific options: 25
   Destination airport: LIRF
   Aircraft location: 43.3N 4.7E 36000 ft

[2025-07-03 00:15:32 CEST] [136.775] [0.8/-31.9 dBFS] [32.7 dB] [3.2 ppm]
4D00F2 (Aircraft, Airborne) -> 23D825 (Ground station): Command
AVLC type: I sseq: 5 rseq: 7 poll: 0
 X.25 Data: grp: 11 chan: 254 sseq: 2 rseq: 3 more: 0
  X.25 reasm status: skipped
  X.233 CLNP Data (compressed header):
   LRef: 0x41 Prio: 11 Flags: 0xc0
   Lifetime: 50.0 sec
   PDU Id: 0x929
   X.224 COTP Data Ack:
    dst_ref: 0x721d
    rseq: 4 credit: 3
    Checksum: 63 26
    Flow control:
     Acked TPDU nr: 4
     Acked subsequence: 0
     Acked credit: 15

[2025-07-03 00:15:35 CEST] [136.725] [-6.1/-31.6 dBFS] [25.5 dB] [-0.3 ppm]
345107 (Aircraft, Airborne) -> 1199BA (Ground station): Command
AVLC type: U (XID) P/F: 1
 XID: Handoff Initiation
  Public params:
   Parameter set ID: 8885:1993
   Procedure classes: 00 01
   HDLC options: 20 a4 80
  VDL params:
   Parameter set ID: V
   Connection management: 01
   XID sequencing: seq: 6 retry: 2
   AVLC specific options: 25
   Destination airport: LIRF
   Aircraft location: 43.3N 4.7E 36000 ft

[2025-07-03 00:15:36 CEST] [136.975] [-10.9/-32.0 dBFS] [21.1 dB] [1.0 ppm]
F7C06B (Aircraft, On ground) -> 270CB7 (Ground station): Command
AVLC type: I sseq: 7 rseq: 7 poll: 0
 ACARS:
  Reassembly: skipped
  Reg: ..FGPNJ Flight: GS0000
  Mode: 2 Label: B9 Blk id: 8 More: 0 Ack: ! Msg num: M45A
  Message:
   /LFPB.TI2/024LFPBT44A1

[2025-07-03 00:15:40 CEST] [136.975] [-11.5/-31.7 dBFS] [20.2 dB] [1.0 ppm]
F7C06B (Aircraft, On ground) -> 270CB7 (Ground station): Command
AVLC type: I sseq: 7 rseq: 7 poll: 0
 ACARS:
  Reassembly: skipped
  Reg: ..FGPNJ Flight: GS0000
  Mode: 2 Label: B9 Blk id: 8 More: 0 Ack: ! Msg num: M45A
  Message:
   /LFPB.TI2/024LFPBT44A1

[2025-07-03 00:15:44 CEST] [136.975] [-12.5/-31.8 dBFS] [19.3 dB] [1.2 ppm]
F7C06B (Aircraft, On ground) -> 270CB7 (Ground station): Command
AVLC type: I sseq: 7 rseq: 7 poll: 0
 ACARS:
  Reassembly: skipped
  Reg: ..FGPNJ Flight: GS0000
  Mode: 2 Label: B9 Blk id: 8 More: 0 Ack: ! Msg num: M45A
  Message:
   /LFPB.TI2/024LFPBT44A1

[2025-07-03 00:15:44 CEST] [136.725] [-5.2/-31.7 dBFS] [26.5 dB] [-0.2 ppm]
345107 (Aircraft, Airborne) -> 1199BA (Ground station): Command
AVLC type: U (XID) P/F: 1
 XID: Handoff Initiation
  Public params:
   Parameter set ID: 8885:1993
   Procedure classes: 00 01
   HDLC options: 20 a4 80
  VDL params:
   Parameter set ID: V
   Connection management: 01
   XID sequencing: seq: 6 retry: 3
   AVLC specific options: 25
   Destination airport: LIRF
   Aircraft location: 43.3N 4.7E 36000 ft

[2025-07-03 00:15:46 CEST] [136.725] [-4.6/-31.9 dBFS] [27.3 dB] [0.1 ppm]
345107 (Aircraft, Airborne) -> 11905A (Ground station): Command
AVLC type: I sseq: 3 rseq: 4 poll: 0
 X.25 Data: grp: 11 chan: 255 sseq: 0 rseq: 1 more: 0
  X.25 reasm status: skipped
  X.233 CLNP Data (compressed header):
   LRef: 0x43 Prio: 11 Flags: 0xf6
   Lifetime: 20.0 sec
   PDU Id: 0x1c5
   X.224 COTP Data Ack:
    dst_ref: 0x721e
    rseq: 2 credit: 2
    Flow control:
     Acked TPDU nr: 2
     Acked subsequence: 0
     Acked credit: 15
    ATN checksum: 3f 0c 6d a3

[2025-07-03 00:15:57 CEST] [136.725] [-6.8/-31.8 dBFS] [25.0 dB] [-0.2 ppm]
345107 (Aircraft, Airborne) -> 1199BA (Ground station): Command
AVLC type: U (XID) P/F: 1
 XID: Handoff Initiation
  Public params:
   Parameter set ID: 8885:1993
   Procedure classes: 00 01
   HDLC options: 20 a4 80
  VDL params:
   Parameter set ID: V
   Connection management: 01
   XID sequencing: seq: 6 retry: 4
   AVLC specific options: 25
   Destination airport: LIRF
   Aircraft location: 43.3N 4.7E 36000 ft

[2025-07-03 00:16:01 CEST] [136.975] [-10.2/-32.1 dBFS] [21.8 dB] [1.0 ppm]
F7C06B (Aircraft, On ground) -> 270CB7 (Ground station): Command
AVLC type: I sseq: 7 rseq: 7 poll: 0
 ACARS:
  Reassembly: skipped
  Reg: ..FGPNJ Flight: GS0000
  Mode: 2 Label: B9 Blk id: 8 More: 0 Ack: ! Msg num: M45A
  Message:
   /LFPB.TI2/024LFPBT44A1

[2025-07-03 00:16:04 CEST] [136.875] [-3.7/-31.8 dBFS] [28.1 dB] [0.6 ppm]
392AF2 (Aircraft, Airborne) -> 23D821 (Ground station): Command
AVLC type: I sseq: 6 rseq: 3 poll: 0
 X.25 Data: grp: 11 chan: 255 sseq: 5 rseq: 1 more: 0
  X.25 reasm status: skipped
  X.233 CLNP Data (compressed header):
   LRef: 0x43 Prio: 11 Flags: 0xf6
   Lifetime: 20.0 sec
   PDU Id: 0xb5
   X.224 COTP Data Ack:
    dst_ref: 0x7218
    rseq: 6 credit: 3
    Flow control:
     Acked TPDU nr: 6
     Acked subsequence: 0
     Acked credit: 15
    ATN checksum: 19 43 f0 52

[2025-07-03 00:16:06 CEST] [136.975] [-10.8/-32.1 dBFS] [21.3 dB] [1.2 ppm]
F7C06B (Aircraft, On ground) -> 26CA77 (Ground station): Command
AVLC type: U (XID) P/F: 1
 XID: Handoff Initiation
  Public params:
   Parameter set ID: 8885:1993
   Procedure classes: 00 01
   HDLC options: 20 a4 88
  VDL params:
   Parameter set ID: V
   XID sequencing: seq: 4 retry: 0
   Destination airport: LFPB
   Aircraft location: 44.6N 4.7E 65000 ft
   Alternate ground stations: 26C197 266677 2625D7 2198B7 26E217 2A3277 23D837
   AVLC specific options: 24
   Connection management: 01

[2025-07-03 00:16:08 CEST] [136.975] [-5.1/-32.0 dBFS] [26.9 dB] [0.7 ppm]
392AF2 (Aircraft, Airborne) -> 26CA77 (Ground station): Command
AVLC type: U (XID) P/F: 1
 XID: Handoff Initiation
  Public params:
   Parameter set ID: 8885:1993
   Procedure classes: 00 01
   HDLC options: 20 a4 80
  VDL params:
   Parameter set ID: V
   Connection management: 01
   XID sequencing: seq: 0 retry: 0
   AVLC specific options: 25
   Destination airport: LFMN
   Aircraft location: 44.1N 5.5E 27000 ft

[2025-07-03 00:16:09 CEST] [136.975] [-11.1/-32.0 dBFS] [20.9 dB] [1.1 ppm]
F7C06B (Aircraft, On ground) -> 26CA77 (Ground station): Command
AVLC type: I sseq: 1 rseq: 1 poll: 0
 ACARS:
  Reassembly: skipped
  Reg: ..FGPNJ Flight: GS0000
  Mode: 2 Label: B9 Blk id: 0 More: 0 Ack: ! Msg num: M45A
  Message:
   /LFPB.TI2/024LFPBT44A1

[2025-07-03 00:16:16 CEST] [136.975] [-5.3/-32.0 dBFS] [26.7 dB] [0.8 ppm]
392AF2 (Aircraft, Airborne) -> 26CA77 (Ground station): Command
AVLC type: U (XID) P/F: 1
 XID: Handoff Initiation
  Public params:
   Parameter set ID: 8885:1993
   Procedure classes: 00 01
   HDLC options: 20 a4 80
  VDL params:
   Parameter set ID: V
   Connection management: 01
   XID sequencing: seq: 0 retry: 1
   AVLC specific options: 25
   Destination airport: LFMN
   Aircraft location: 44.1N 5.5E 27000 ft

[2025-07-03 00:16:20 CEST] [136.725] [-7.8/-31.9 dBFS] [24.1 dB] [0.0 ppm]
345107 (Aircraft, Airborne) -> 1199BA (Ground station): Command
AVLC type: U (XID) P/F: 1
 XID: Handoff Initiation
  Public params:
   Parameter set ID: 8885:1993
   Procedure classes: 00 01
   HDLC options: 20 a4 80
  VDL params:
   Parameter set ID: V
   Connection management: 01
   XID sequencing: seq: 6 retry: 5
   AVLC specific options: 25
   Destination airport: LIRF
   Aircraft location: 43.3N 4.7E 36000 ft

[2025-07-03 00:16:22 CEST] [136.675] [-13.4/-31.9 dBFS] [18.5 dB] [0.5 ppm]
4D2006 (Aircraft, Airborne) -> 11907A (Ground station): Command
AVLC type: I sseq: 2 rseq: 2 poll: 0
 X.25 Data: grp: 11 chan: 255 sseq: 1 rseq: 1 more: 0
  X.25 reasm status: skipped
  X.233 CLNP Data (compressed header):
   LRef: 0x42 Prio: 11 Flags: 0xf6
   Lifetime: 20.0 sec
   PDU Id: 0x350
   X.224 COTP Data Ack:
    dst_ref: 0x8a86
    rseq: 3 credit: 2
    Flow control:
     Acked TPDU nr: 3
     Acked subsequence: 0
     Acked credit: 10
    ATN checksum: ac 45 6d ef

[2025-07-03 00:16:35 CEST] [136.725] [-0.6/-31.9 dBFS] [31.3 dB] [-0.2 ppm]
345107 (Aircraft, Airborne) -> 11905A (Ground station): Command
AVLC type: I sseq: 4 rseq: 4 poll: 0
 ACARS:
  Reassembly: skipped
  Reg: .EC-MJC Flight: VY50TK
  Mode: 2 Label: 16 Blk id: 4 More: 0 Ack: ! Msg num: M07A
  Message:
   221630,36982,2317, 137,N 43.306 E  4.989, 771

[2025-07-03 00:16:43 CEST] [136.725] [-0.7/-31.7 dBFS] [31.0 dB] [-0.3 ppm]
345107 (Aircraft, Airborne) -> 11984A (Ground station): Command
AVLC type: U (XID) P/F: 1
 XID: Handoff Initiation
  Public params:
   Parameter set ID: 8885:1993
   Procedure classes: 00 01
   HDLC options: 20 a4 80
  VDL params:
   Parameter set ID: V
   Connection management: 01
   XID sequencing: seq: 7 retry: 0
   AVLC specific options: 25
   Destination airport: LIRF
   Aircraft location: 43.2N 5.0E 36000 ft

[2025-07-03 00:17:03 CEST] [136.775] [0.0/-31.0 dBFS] [31.1 dB] [2.7 ppm]
4D00F2 (Aircraft, Airborne) -> 23D825 (Ground station): Command
AVLC type: I sseq: 6 rseq: 1 poll: 0
 X.25 Data: grp: 11 chan: 254 sseq: 3 rseq: 4 more: 0
  X.25 reasm status: skipped
  X.233 CLNP Data (compressed header):
   LRef: 0x41 Prio: 11 Flags: 0xc0
   Lifetime: 50.0 sec
   PDU Id: 0x92a
   X.224 COTP Data Ack:
    dst_ref: 0x721d
    rseq: 4 credit: 3
    Checksum: 63 26
    Flow control:
     Acked TPDU nr: 4
     Acked subsequence: 0
     Acked credit: 15

[2025-07-03 00:17:08 CEST] [136.775] [-0.3/-31.4 dBFS] [31.2 dB] [2.7 ppm]
4D00F2 (Aircraft, Airborne) -> 23D825 (Ground station): Command
AVLC type: I sseq: 6 rseq: 1 poll: 0
 X.25 Data: grp: 11 chan: 254 sseq: 3 rseq: 4 more: 0
  X.25 reasm status: skipped
  X.233 CLNP Data (compressed header):
   LRef: 0x41 Prio: 11 Flags: 0xc0
   Lifetime: 50.0 sec
   PDU Id: 0x92a
   X.224 COTP Data Ack:
    dst_ref: 0x721d
    rseq: 4 credit: 3
    Checksum: 63 26
    Flow control:
     Acked TPDU nr: 4
     Acked subsequence: 0
     Acked credit: 15

[2025-07-03 00:17:12 CEST] [136.775] [-0.7/-32.0 dBFS] [31.3 dB] [2.8 ppm]
4D00F2 (Aircraft, Airborne) -> 23D825 (Ground station): Command
AVLC type: I sseq: 6 rseq: 1 poll: 0
 X.25 Data: grp: 11 chan: 254 sseq: 3 rseq: 4 more: 0
  X.25 reasm status: skipped
  X.233 CLNP Data (compressed header):
   LRef: 0x41 Prio: 11 Flags: 0xc0
   Lifetime: 50.0 sec
   PDU Id: 0x92a
   X.224 COTP Data Ack:
    dst_ref: 0x721d
    rseq: 4 credit: 3
    Checksum: 63 26
    Flow control:
     Acked TPDU nr: 4
     Acked subsequence: 0
     Acked credit: 15

[2025-07-03 00:17:18 CEST] [136.725] [0.4/-31.7 dBFS] [32.2 dB] [-0.4 ppm]
345107 (Aircraft, Airborne) -> 11984A (Ground station): Command
AVLC type: I sseq: 2 rseq: 3 poll: 0
 X.25 Data: grp: 11 chan: 255 sseq: 0 rseq: 1 more: 0
  X.25 reasm status: skipped
  X.233 CLNP Data (compressed header):
   LRef: 0x43 Prio: 11 Flags: 0xf6
   Lifetime: 20.0 sec
   PDU Id: 0x1c6
   X.224 COTP Data Ack:
    dst_ref: 0x721e
    rseq: 2 credit: 2
    Flow control:
     Acked TPDU nr: 2
     Acked subsequence: 0
     Acked credit: 15
    ATN checksum: 3f 0c 6d a3

[2025-07-03 00:17:24 CEST] [136.675] [-12.6/-32.2 dBFS] [19.5 dB] [0.4 ppm]
4D2006 (Aircraft, Airborne) -> 11907A (Ground station): Command
AVLC type: I sseq: 3 rseq: 3 poll: 0
 X.25 Data: grp: 11 chan: 255 sseq: 2 rseq: 2 more: 0
  X.25 reasm status: skipped
  X.233 CLNP Data (compressed header):
   LRef: 0x42 Prio: 11 Flags: 0xf6
   Lifetime: 20.0 sec
   PDU Id: 0x351
   X.224 COTP Data Ack:
    dst_ref: 0x8a86
    rseq: 3 credit: 2
    Flow control:
     Acked TPDU nr: 3
     Acked subsequence: 0
     Acked credit: 10
    ATN checksum: ac 45 6d ef

[2025-07-03 00:17:36 CEST] [136.975] [-10.8/-31.8 dBFS] [20.9 dB] [0.5 ppm]
392AF2 (Aircraft, Airborne) -> 26CA77 (Ground station): Command
AVLC type: I sseq: 3 rseq: 3 poll: 0
 X.25 Data: grp: 11 chan: 255 sseq: 1 rseq: 1 more: 0
  X.25 reasm status: skipped
  X.233 CLNP Data (compressed header):
   LRef: 0x43 Prio: 11 Flags: 0xf6
   Lifetime: 20.0 sec
   PDU Id: 0xb7
   X.224 COTP Data Ack:
    dst_ref: 0x7218
    rseq: 6 credit: 3
    Flow control:
     Acked TPDU nr: 6
     Acked subsequence: 0
     Acked credit: 15
    ATN checksum: 19 43 f0 52

[2025-07-03 00:18:03 CEST] [136.725] [1.1/-31.7 dBFS] [32.8 dB] [-0.4 ppm]
345107 (Aircraft, Airborne) -> 11984A (Ground station): Command
AVLC type: I sseq: 3 rseq: 4 poll: 0
 X.25 Data: grp: 11 chan: 255 sseq: 1 rseq: 2 more: 0
  X.25 reasm status: skipped
  X.233 CLNP Data (compressed header):
   LRef: 0x43 Prio: 11 Flags: 0xf6
   Lifetime: 20.0 sec
   PDU Id: 0x1c7
   X.224 COTP Data Ack:
    dst_ref: 0x721e
    rseq: 3 credit: 2
    ATN checksum: ad fb 79 e7
   X.224 COTP Data:
    dst_ref: 0x721e
    sseq: 2 req_of_ack: 0 EoT: 1
    COTP reasm status: skipped
    ATN checksum: ac 69 ef e1
    CPDLC Downlink Message:
     Header:
      Msg ID: 2
      Msg Ref: 3
      Timestamp: 2025-07-02 22:18:02
      Logical ACK: notRequired
     Message data:
      LOGICAL ACKNOWLEDGMENT

[2025-07-03 00:18:20 CEST] [136.725] [-1.9/-32.2 dBFS] [30.3 dB] [-0.7 ppm]
345107 (Aircraft, Airborne) -> 11984A (Ground station): Command
AVLC type: I sseq: 5 rseq: 5 poll: 0
 X.25 Data: grp: 11 chan: 255 sseq: 3 rseq: 3 more: 0
  X.25 reasm status: skipped
  X.233 CLNP Data (compressed header):
   LRef: 0x43 Prio: 11 Flags: 0xf6
   Lifetime: 20.0 sec
   PDU Id: 0x1c9
   X.224 COTP Data:
    dst_ref: 0x721e
    sseq: 3 req_of_ack: 0 EoT: 1
    COTP reasm status: skipped
    ATN checksum: 3c 7c de 4f
    CPDLC Downlink Message:
     Header:
      Msg ID: 3
      Msg Ref: 3
      Timestamp: 2025-07-02 22:18:19
      Logical ACK: required
     Message data:
      WILCO

[2025-07-03 00:18:22 CEST] [136.725] [-1.3/-32.2 dBFS] [30.9 dB] [-0.5 ppm]
345107 (Aircraft, Airborne) -> 11984A (Ground station): Command
AVLC type: I sseq: 6 rseq: 0 poll: 0
 X.25 Data: grp: 11 chan: 255 sseq: 4 rseq: 6 more: 0
  X.25 reasm status: skipped
  X.233 CLNP Data (compressed header):
   LRef: 0x43 Prio: 11 Flags: 0xf6
   Lifetime: 20.0 sec
   PDU Id: 0x1ca
   X.224 COTP Data Ack:
    dst_ref: 0x721e
    rseq: 4 credit: 3
    ATN checksum: 21 9b 74 d7

[2025-07-03 00:18:24 CEST] [136.675] [-9.3/-32.5 dBFS] [23.2 dB] [0.4 ppm]
4D2006 (Aircraft, Airborne) -> 11907A (Ground station): Command
AVLC type: I sseq: 5 rseq: 4 poll: 0
 ACARS:
  Reassembly: skipped
  Reg: .9H-EUP Flight: LH6822
  Mode: 2 Label: 1L Blk id: 9 More: 0 Ack: ! Msg num: M23A
  Message:
   001711AD196,?

[2025-07-03 00:18:25 CEST] [136.675] [-9.3/-32.4 dBFS] [23.1 dB] [0.4 ppm]
4D2006 (Aircraft, Airborne) -> 11907A (Ground station): Command
AVLC type: I sseq: 6 rseq: 6 poll: 0
 X.25 Data: grp: 11 chan: 255 sseq: 3 rseq: 3 more: 0
  X.25 reasm status: skipped
  X.233 CLNP Data (compressed header):
   LRef: 0x42 Prio: 11 Flags: 0xf6
   Lifetime: 20.0 sec
   PDU Id: 0x352
   X.224 COTP Data Ack:
    dst_ref: 0x8a86
    rseq: 3 credit: 2
    Flow control:
     Acked TPDU nr: 3
     Acked subsequence: 0
     Acked credit: 10
    ATN checksum: ac 45 6d ef

[2025-07-03 00:18:30 CEST] [136.725] [-10.8/-31.8 dBFS] [21.0 dB] [2.1 ppm]
440C36 (Aircraft, Airborne) -> 11985A (Ground station): Command
AVLC type: I sseq: 7 rseq: 3 poll: 0
 X.25 Data: grp: 11 chan: 255 sseq: 5 rseq: 1 more: 0
  X.25 reasm status: skipped
  X.233 CLNP Data (compressed header):
   LRef: 0x41 Prio: 11 Flags: 0xf6
   Lifetime: 20.0 sec
   PDU Id: 0xe5
   X.224 COTP Data Ack:
    dst_ref: 0x720f
    rseq: 5 credit: 3
    Flow control:
     Acked TPDU nr: 5
     Acked subsequence: 0
     Acked credit: 15
    ATN checksum: bb bd 91 64

[2025-07-03 00:18:35 CEST] [136.775] [-1.4/-31.5 dBFS] [30.1 dB] [2.5 ppm]
4D00F2 (Aircraft, Airborne) -> 23D825 (Ground station): Command
AVLC type: I sseq: 7 rseq: 3 poll: 0
 X.25 Data: grp: 11 chan: 254 sseq: 4 rseq: 5 more: 0
  X.25 reasm status: skipped
  X.233 CLNP Data (compressed header):
   LRef: 0x41 Prio: 11 Flags: 0xc0
   Lifetime: 50.0 sec
   PDU Id: 0x92b
   X.224 COTP Data Ack:
    dst_ref: 0x721d
    rseq: 4 credit: 3
    Checksum: 63 26
    Flow control:
     Acked TPDU nr: 4
     Acked subsequence: 0
     Acked credit: 15

[2025-07-03 00:18:59 CEST] [136.725] [-12.9/-31.9 dBFS] [19.0 dB] [2.1 ppm]
440C36 (Aircraft, Airborne) -> 11985A (Ground station): Command
AVLC type: I sseq: 0 rseq: 4 poll: 0
 X.25 Data: grp: 11 chan: 255 sseq: 6 rseq: 2 more: 0
  X.25 reasm status: skipped
  X.233 CLNP Data (compressed header):
   LRef: 0x43 Prio: 11 Flags: 0xf6
   Lifetime: 20.0 sec
   PDU Id: 0xe6
   X.224 COTP Data Ack:
    dst_ref: 0x856a
    rseq: 0 credit: 1
    ATN checksum: 0a 3d ab d1

[2025-07-03 00:18:59 CEST] [136.725] [-12.8/-31.9 dBFS] [19.0 dB] [2.1 ppm]
440C36 (Aircraft, Airborne) -> 11985A (Ground station): Command
AVLC type: I sseq: 1 rseq: 4 poll: 0
 X.25 Data: grp: 11 chan: 255 sseq: 7 rseq: 2 more: 0
  X.25 reasm status: skipped
  X.233 CLNP Data (compressed header):
   LRef: 0x43 Prio: 11 Flags: 0xf6
   Lifetime: 20.0 sec
   PDU Id: 0xe7
   X.224 COTP Data Ack:
    dst_ref: 0x856a
    rseq: 0 credit: 1
    Flow control:
     Acked TPDU nr: 0
     Acked subsequence: 0
     Acked credit: 1
    ATN checksum: 96 d7 15 a1

[2025-07-03 00:19:02 CEST] [136.975] [-11.1/-31.6 dBFS] [20.5 dB] [0.4 ppm]
392AF2 (Aircraft, Airborne) -> 26CA77 (Ground station): Command
AVLC type: I sseq: 0 rseq: 7 poll: 0
 ACARS:
  Reassembly: skipped
  Reg: .F-GKXS Flight: AF46DD
  Mode: 2 Label: 26 Blk id: 7 More: 0 Ack: ! Msg num: M38A
  Message:
   2219LFPOAF6226/022234LFMN04L

[2025-07-03 00:19:05 CEST] [136.975] [-9.1/-31.6 dBFS] [22.5 dB] [0.5 ppm]
392AF2 (Aircraft, Airborne) -> 26CA77 (Ground station): Command
AVLC type: I sseq: 0 rseq: 7 poll: 0
 ACARS:
  Reassembly: skipped
  Reg: .F-GKXS Flight: AF46DD
  Mode: 2 Label: 26 Blk id: 7 More: 0 Ack: ! Msg num: M38A
  Message:
   2219LFPOAF6226/022234LFMN04L

[2025-07-03 00:19:07 CEST] [136.675] [-11.6/-32.1 dBFS] [20.5 dB] [0.5 ppm]
4D2006 (Aircraft, Airborne) -> 12957A (Ground station): Command
AVLC type: U (XID) P/F: 1
 XID: Handoff Initiation
  Public params:
   Parameter set ID: 8885:1993
   Procedure classes: 00 01
   HDLC options: 20 a4 80
  VDL params:
   Parameter set ID: V
   Connection management: 01
   XID sequencing: seq: 7 retry: 0
   AVLC specific options: 25
   Destination airport: EDDG
   Aircraft location: 44.8N 6.7E 35000 ft

[2025-07-03 00:19:27 CEST] [136.675] [-13.9/-31.9 dBFS] [18.0 dB] [0.3 ppm]
4D2006 (Aircraft, Airborne) -> 12957A (Ground station): Command
AVLC type: I sseq: 2 rseq: 3 poll: 0
 X.25 Data: grp: 11 chan: 255 sseq: 0 rseq: 1 more: 0
  X.25 reasm status: skipped
  X.233 CLNP Data (compressed header):
   LRef: 0x42 Prio: 11 Flags: 0xf6
   Lifetime: 20.0 sec
   PDU Id: 0x354
   X.224 COTP Data Ack:
    dst_ref: 0x8a86
    rseq: 3 credit: 2
    Flow control:
     Acked TPDU nr: 3
     Acked subsequence: 0
     Acked credit: 10
    ATN checksum: ac 45 6d ef

[2025-07-03 00:19:40 CEST] [136.975] [-8.9/-31.7 dBFS] [22.9 dB] [1.7 ppm]
440C36 (Aircraft, Airborne) -> 10985A (Ground station): Command
AVLC type: U (XID) P/F: 1
 XID: Handoff Initiation
  Public params:
   Parameter set ID: 8885:1993
   Procedure classes: 00 01
   HDLC options: 20 a4 80
  VDL params:
   Parameter set ID: V
   Connection management: 01
   XID sequencing: seq: 4 retry: 0
   AVLC specific options: 25
   Destination airport: LIMC
   Aircraft location: 43.5N 7.2E 29000 ft

[2025-07-03 00:19:42 CEST] [136.975] [-8.5/-31.8 dBFS] [23.3 dB] [1.9 ppm]
440C36 (Aircraft, Airborne) -> 10985A (Ground station): Command
AVLC type: I sseq: 2 rseq: 2 poll: 0
 ACARS:
  Reassembly: skipped
  Reg: .OE-LKX Flight: EC81WL
  Mode: 2 Label: SA Blk id: 1 More: 0 Ack: ! Msg num: S87A
  Message:
   0EV221940V
  Media Advisory, version 0:
   Link VHF ACARS established at 22:19:40 UTC
   Available links: VHF ACARS

[2025-07-03 00:19:52 CEST] [136.725] [0.9/-32.0 dBFS] [32.9 dB] [-1.0 ppm]
345107 (Aircraft, Airborne) -> 11984A (Ground station): Command
AVLC type: I sseq: 7 rseq: 1 poll: 0
 X.25 Data: grp: 11 chan: 255 sseq: 5 rseq: 7 more: 0
  X.25 reasm status: skipped
  X.233 CLNP Data (compressed header):
   LRef: 0x43 Prio: 11 Flags: 0xf6
   Lifetime: 20.0 sec
   PDU Id: 0x1cb
   X.224 COTP Data Ack:
    dst_ref: 0x721e
    rseq: 4 credit: 3
    Flow control:
     Acked TPDU nr: 4
     Acked subsequence: 0
     Acked credit: 15
    ATN checksum: e9 fa 61 11

