[2025-02-08 00:00:00 CET] [136.975] [-7.9/-30.1 dBFS] [22.2 dB] [3.7 ppm]
4CA741 (Aircraft, Airborne) -> 10F69B (Ground station): Command
AVLC type: I sseq: 6 rseq: 1 poll: 0
 X.25 Data: grp: 11 chan: 255 sseq: 0 rseq: 4 more: 0
  X.25 reasm status: skipped
  X.233 CLNP Data (compressed header):
   LRef: 0x42 Prio: 11 Flags: 0xc0
   Lifetime: 50.0 sec
   PDU Id: 0x11e6
   X.224 COTP Data Ack:
    dst_ref: 0x0688
    rseq: 2 credit: 2
    Checksum: d7 b7
    Flow control:
     Acked TPDU nr: 2
     Acked subsequence: 0
     Acked credit: 15

[2025-02-08 00:00:30 CET] [136.725] [0.3/-31.2 dBFS] [31.5 dB] [4.1 ppm]
4D227A (Aircraft, Airborne) -> 11985A (Ground station): Command
AVLC type: I sseq: 7 rseq: 7 poll: 0
 ACARS:
  Reassembly: skipped
  Reg: .9H-QCE Flight: FR87YJ
  Mode: 2 Label: B9 Blk id: 8 More: 0 Ack: ! Msg num: M91A
  Message:
   /LEPA.TI2/024LEPAAC8BA

[2025-02-08 00:01:19 CET] [136.725] [-10.6/-31.0 dBFS] [20.4 dB] [2.6 ppm]
4D226B (Aircraft, Airborne) -> 11985A (Ground station): Command
AVLC type: I sseq: 3 rseq: 4 poll: 0
 X.25 Data: grp: 11 chan: 255 sseq: 6 rseq: 7 more: 0
  X.25 reasm status: skipped
  X.233 CLNP Data (compressed header):
   LRef: 0x42 Prio: 11 Flags: 0xc0
   Lifetime: 50.0 sec
   PDU Id: 0x752
   X.224 COTP Data Ack:
    dst_ref: 0x0685
    rseq: 5 credit: 3
    Checksum: e4 59

[2025-02-08 00:01:20 CET] [136.725] [-11.3/-30.5 dBFS] [19.2 dB] [2.7 ppm]
4D226B (Aircraft, Airborne) -> 11985A (Ground station): Command
AVLC type: I sseq: 4 rseq: 4 poll: 0
 X.25 Data: grp: 11 chan: 255 sseq: 7 rseq: 7 more: 0
  X.25 reasm status: skipped
  X.233 CLNP Data (compressed header):
   LRef: 0x42 Prio: 11 Flags: 0xc0
   Lifetime: 50.0 sec
   PDU Id: 0x753
   X.224 COTP Data:
    dst_ref: 0x0685
    sseq: 4 req_of_ack: 0 EoT: 1
    COTP reasm status: skipped
    Checksum: 87 f7
    CPDLC Downlink Message:
     Header:
      Msg ID: 4
      Msg Ref: 5
      Timestamp: 2025-02-07 23:01:18
      Logical ACK: notRequired
     Message data:
      LOGICAL ACKNOWLEDGMENT

[2025-02-08 00:01:23 CET] [136.725] [-9.5/-30.7 dBFS] [21.2 dB] [2.6 ppm]
4D226B (Aircraft, Airborne) -> 11985A (Ground station): Command
AVLC type: I sseq: 5 rseq: 7 poll: 0
 X.25 Data: grp: 11 chan: 255 sseq: 0 rseq: 2 more: 0
  X.25 reasm status: skipped
  X.233 CLNP Data (compressed header):
   LRef: 0x43 Prio: 11 Flags: 0xc0
   Lifetime: 50.0 sec
   PDU Id: 0x754
   X.224 COTP Connect Confirm:
    src_ref: 0x001e dst_ref: 0x878e
    Initial Credit: 1
    Protocol class: 4
    Options: 00 (use normal PDU formats)
    Calling transport selector: 70 6d
    Called/responding transport selector: 02 02
    TPDU size (bytes): 1024
    Checksum: b2 e6
    Additional options: 0x00
    Ack time (ms): 1000
    Priority: 3
    Inactivity timer (ms): 360000
    X.225 Session SPDU: Short Accept
     X.227 ACSE Associate Response:
      Application context name: { 1.3.27.3.1 }
      Associate result: accept
      ATCDownlinkMessage: <empty PDU>

[2025-02-08 00:01:27 CET] [136.725] [0.9/-30.1 dBFS] [31.0 dB] [3.8 ppm]
4D227A (Aircraft, Airborne) -> 11985A (Ground station): Command
AVLC type: I sseq: 2 rseq: 3 poll: 0
 X.25 Data: grp: 11 chan: 255 sseq: 4 rseq: 5 more: 0
  X.25 reasm status: skipped
  X.233 CLNP Data (compressed header):
   LRef: 0x41 Prio: 11 Flags: 0xc0
   Lifetime: 50.0 sec
   PDU Id: 0x1d3f
   X.224 COTP Data Ack:
    dst_ref: 0x0686
    rseq: 4 credit: 3
    Checksum: de ad
    Flow control:
     Acked TPDU nr: 4
     Acked subsequence: 0
     Acked credit: 15

[2025-02-08 00:01:32 CET] [136.975] [-11.4/-31.2 dBFS] [19.7 dB] [4.0 ppm]
4CA741 (Aircraft, Airborne) -> 10F69B (Ground station): Command
AVLC type: I sseq: 7 rseq: 2 poll: 0
 X.25 Data: grp: 11 chan: 255 sseq: 1 rseq: 5 more: 0
  X.25 reasm status: skipped
  X.233 CLNP Data (compressed header):
   LRef: 0x42 Prio: 11 Flags: 0xc0
   Lifetime: 50.0 sec
   PDU Id: 0x11e7
   X.224 COTP Data Ack:
    dst_ref: 0x0688
    rseq: 2 credit: 2
    Checksum: d7 b7
    Flow control:
     Acked TPDU nr: 2
     Acked subsequence: 0
     Acked credit: 15

[2025-02-08 00:02:53 CET] [136.725] [-8.4/-30.4 dBFS] [22.0 dB] [2.7 ppm]
4D226B (Aircraft, Airborne) -> 11985A (Ground station): Command
AVLC type: I sseq: 6 rseq: 1 poll: 0
 X.25 Data: grp: 11 chan: 255 sseq: 1 rseq: 4 more: 0
  X.25 reasm status: skipped
  X.233 CLNP Data (compressed header):
   LRef: 0x42 Prio: 11 Flags: 0xc0
   Lifetime: 50.0 sec
   PDU Id: 0x755
   X.224 COTP Data Ack:
    dst_ref: 0x0685
    rseq: 5 credit: 3
    Checksum: e5 a5
    Flow control:
     Acked TPDU nr: 5
     Acked subsequence: 0
     Acked credit: 15

[2025-02-08 00:02:59 CET] [136.725] [1.0/-30.5 dBFS] [31.4 dB] [3.8 ppm]
4D227A (Aircraft, Airborne) -> 11985A (Ground station): Command
AVLC type: I sseq: 4 rseq: 5 poll: 0
 X.25 Data: grp: 11 chan: 255 sseq: 6 rseq: 7 more: 0
  X.25 reasm status: skipped
  X.233 CLNP Data (compressed header):
   LRef: 0x41 Prio: 11 Flags: 0xc0
   Lifetime: 50.0 sec
   PDU Id: 0x1d41
   X.224 COTP Data Ack:
    dst_ref: 0x0686
    rseq: 4 credit: 3
    Checksum: de ad
    Flow control:
     Acked TPDU nr: 4
     Acked subsequence: 0
     Acked credit: 15

[2025-02-08 00:03:04 CET] [136.975] [-12.1/-30.6 dBFS] [18.4 dB] [3.9 ppm]
4CA741 (Aircraft, Airborne) -> 10F69B (Ground station): Command
AVLC type: I sseq: 0 rseq: 3 poll: 0
 X.25 Data: grp: 11 chan: 255 sseq: 2 rseq: 6 more: 0
  X.25 reasm status: skipped
  X.233 CLNP Data (compressed header):
   LRef: 0x42 Prio: 11 Flags: 0xc0
   Lifetime: 50.0 sec
   PDU Id: 0x11e8
   X.224 COTP Data Ack:
    dst_ref: 0x0688
    rseq: 2 credit: 2
    Checksum: d7 b7
    Flow control:
     Acked TPDU nr: 2
     Acked subsequence: 0
     Acked credit: 15

[2025-02-08 00:04:25 CET] [136.725] [-9.9/-30.4 dBFS] [20.5 dB] [2.4 ppm]
4D226B (Aircraft, Airborne) -> 11985A (Ground station): Command
AVLC type: I sseq: 0 rseq: 4 poll: 0
 X.25 Data: grp: 11 chan: 255 sseq: 3 rseq: 7 more: 0
  X.25 reasm status: skipped
  X.233 CLNP Data (compressed header):
   LRef: 0x42 Prio: 11 Flags: 0xc0
   Lifetime: 50.0 sec
   PDU Id: 0x757
   X.224 COTP Data Ack:
    dst_ref: 0x0685
    rseq: 5 credit: 3
    Checksum: e5 a5
    Flow control:
     Acked TPDU nr: 5
     Acked subsequence: 0
     Acked credit: 15

[2025-02-08 00:04:30 CET] [136.725] [0.9/-30.4 dBFS] [31.3 dB] [3.4 ppm]
4D227A (Aircraft, Airborne) -> 11985A (Ground station): Command
AVLC type: I sseq: 5 rseq: 6 poll: 0
 X.25 Data: grp: 11 chan: 255 sseq: 7 rseq: 0 more: 0
  X.25 reasm status: skipped
  X.233 CLNP Data (compressed header):
   LRef: 0x41 Prio: 11 Flags: 0xc0
   Lifetime: 50.0 sec
   PDU Id: 0x1d42
   X.224 COTP Data Ack:
    dst_ref: 0x0686
    rseq: 4 credit: 3
    Checksum: de ad
    Flow control:
     Acked TPDU nr: 4
     Acked subsequence: 0
     Acked credit: 15

[2025-02-08 00:04:36 CET] [136.975] [-4.9/-30.5 dBFS] [25.6 dB] [3.6 ppm]
4CA741 (Aircraft, Airborne) -> 10F69B (Ground station): Command
AVLC type: I sseq: 2 rseq: 5 poll: 0
 X.25 Data: grp: 11 chan: 255 sseq: 4 rseq: 0 more: 0
  X.25 reasm status: skipped
  X.233 CLNP Data (compressed header):
   LRef: 0x42 Prio: 11 Flags: 0xc0
   Lifetime: 50.0 sec
   PDU Id: 0x11ea
   X.224 COTP Data Ack:
    dst_ref: 0x0688
    rseq: 2 credit: 2
    Checksum: d7 b7
    Flow control:
     Acked TPDU nr: 2
     Acked subsequence: 0
     Acked credit: 15

[2025-02-08 00:04:44 CET] [136.725] [-9.9/-30.4 dBFS] [20.5 dB] [2.6 ppm]
4D226B (Aircraft, Airborne) -> 11985A (Ground station): Command
AVLC type: I sseq: 1 rseq: 5 poll: 0
 X.25 Data: grp: 11 chan: 255 sseq: 4 rseq: 0 more: 0
  X.25 reasm status: skipped
  X.233 CLNP Data (compressed header):
   LRef: 0x42 Prio: 11 Flags: 0xc0
   Lifetime: 50.0 sec
   PDU Id: 0x758
   X.224 COTP Data Ack:
    dst_ref: 0x0685
    rseq: 6 credit: 3
    Checksum: e0 5c

[2025-02-08 00:04:45 CET] [136.725] [-10.6/-30.2 dBFS] [19.6 dB] [2.6 ppm]
4D226B (Aircraft, Airborne) -> 11985A (Ground station): Command
AVLC type: I sseq: 2 rseq: 5 poll: 0
 X.25 Data: grp: 11 chan: 255 sseq: 5 rseq: 0 more: 0
  X.25 reasm status: skipped
  X.233 CLNP Data (compressed header):
   LRef: 0x42 Prio: 11 Flags: 0xc0
   Lifetime: 50.0 sec
   PDU Id: 0x759
   X.224 COTP Data:
    dst_ref: 0x0685
    sseq: 5 req_of_ack: 0 EoT: 1
    COTP reasm status: skipped
    Checksum: 4d 31
    CPDLC Downlink Message:
     Header:
      Msg ID: 5
      Msg Ref: 7
      Timestamp: 2025-02-07 23:04:43
      Logical ACK: notRequired
     Message data:
      LOGICAL ACKNOWLEDGMENT

[2025-02-08 00:04:52 CET] [136.725] [-8.1/-30.6 dBFS] [22.6 dB] [2.5 ppm]
4D226B (Aircraft, Airborne) -> 11985A (Ground station): Command
AVLC type: I sseq: 3 rseq: 6 poll: 0
 X.25 Data: grp: 11 chan: 255 sseq: 6 rseq: 1 more: 0
  X.25 reasm status: skipped
  X.233 CLNP Data (compressed header):
   LRef: 0x42 Prio: 11 Flags: 0xc0
   Lifetime: 50.0 sec
   PDU Id: 0x75a
   X.224 COTP Data:
    dst_ref: 0x0685
    sseq: 6 req_of_ack: 0 EoT: 1
    COTP reasm status: skipped
    Checksum: 3e 76
    X.227 ACSE Release Response:
     Reason: normal
     CPDLC Downlink Message:
      Header:
       Msg ID: 6
       Msg Ref: 7
       Timestamp: 2025-02-07 23:04:51
       Logical ACK: notRequired
      Message data:
       WILCO

[2025-02-08 00:04:53 CET] [136.725] [-7.4/-30.9 dBFS] [23.5 dB] [2.4 ppm]
4D226B (Aircraft, Airborne) -> 11985A (Ground station): Command
AVLC type: I sseq: 4 rseq: 6 poll: 0
 X.25 Data: grp: 11 chan: 255 sseq: 7 rseq: 1 more: 0
  X.25 reasm status: skipped
  X.233 CLNP Data (compressed header):
   LRef: 0x43 Prio: 11 Flags: 0xc0
   Lifetime: 50.0 sec
   PDU Id: 0x75b
   X.224 COTP Data:
    dst_ref: 0x878e
    sseq: 0 req_of_ack: 0 EoT: 1
    COTP reasm status: skipped
    Checksum: 06 72
    CPDLC Downlink Message:
     Header:
      Msg ID: 0
      Timestamp: 2025-02-07 23:04:51
      Logical ACK: required
     Message data:
      CURRENT DATA AUTHORITY

[2025-02-08 00:04:54 CET] [136.725] [-7.3/-31.0 dBFS] [23.7 dB] [2.5 ppm]
4D226B (Aircraft, Airborne) -> 11985A (Ground station): Command
AVLC type: I sseq: 5 rseq: 1 poll: 0
 X.25 Data: grp: 11 chan: 255 sseq: 0 rseq: 3 more: 0
  X.25 reasm status: skipped
  X.233 CLNP Data (compressed header):
   LRef: 0x42 Prio: 11 Flags: 0xc0
   Lifetime: 50.0 sec
   PDU Id: 0x75c
   X.224 COTP Disconnect Confirm:
    src_ref: 0x001d dst_ref: 0x0685
    Checksum: 99 2e

[2025-02-08 00:04:55 CET] [136.725] [-7.7/-30.7 dBFS] [23.0 dB] [2.5 ppm]
4D226B (Aircraft, Airborne) -> 11985A (Ground station): Command
AVLC type: I sseq: 6 rseq: 2 poll: 0
 X.25 Data: grp: 11 chan: 255 sseq: 1 rseq: 5 more: 0
  X.25 reasm status: skipped
  X.233 CLNP Data (compressed header):
   LRef: 0x43 Prio: 11 Flags: 0xc0
   Lifetime: 50.0 sec
   PDU Id: 0x75d
   X.224 COTP Data Ack:
    dst_ref: 0x878e
    rseq: 1 credit: 2
    Checksum: c5 f2

[2025-02-08 00:04:56 CET] [136.725] [-8.2/-30.3 dBFS] [22.1 dB] [2.5 ppm]
4D226B (Aircraft, Airborne) -> 11985A (Ground station): Command
AVLC type: I sseq: 7 rseq: 3 poll: 0
 X.25 Data: grp: 11 chan: 255 sseq: 2 rseq: 6 more: 0
  X.25 reasm status: skipped
  X.233 CLNP Data (compressed header):
   LRef: 0x43 Prio: 11 Flags: 0xc0
   Lifetime: 50.0 sec
   PDU Id: 0x75e
   X.224 COTP Data Ack:
    dst_ref: 0x878e
    rseq: 2 credit: 2
    Checksum: c1 f5

[2025-02-08 00:04:57 CET] [136.725] [-8.7/-30.2 dBFS] [21.5 dB] [2.4 ppm]
4D226B (Aircraft, Airborne) -> 11985A (Ground station): Command
AVLC type: I sseq: 0 rseq: 3 poll: 0
 X.25 Data: grp: 11 chan: 255 sseq: 3 rseq: 6 more: 0
  X.25 reasm status: skipped
  X.233 CLNP Data (compressed header):
   LRef: 0x43 Prio: 11 Flags: 0xc0
   Lifetime: 50.0 sec
   PDU Id: 0x75f
   X.224 COTP Data:
    dst_ref: 0x878e
    sseq: 1 req_of_ack: 0 EoT: 1
    COTP reasm status: skipped
    Checksum: c1 66
    CPDLC Downlink Message:
     Header:
      Msg ID: 1
      Msg Ref: 1
      Timestamp: 2025-02-07 23:04:55
      Logical ACK: notRequired
     Message data:
      LOGICAL ACKNOWLEDGMENT

[2025-02-08 00:05:57 CET] [136.975] [-0.7/-30.3 dBFS] [29.6 dB] [3.8 ppm]
4CA741 (Aircraft, Airborne) -> 10F69B (Ground station): Command
AVLC type: I sseq: 3 rseq: 6 poll: 0
 X.25 Data: grp: 11 chan: 255 sseq: 5 rseq: 1 more: 0
  X.25 reasm status: skipped
  X.233 CLNP Data (compressed header):
   LRef: 0x42 Prio: 11 Flags: 0xc0
   Lifetime: 50.0 sec
   PDU Id: 0x11eb
   X.224 COTP Data Ack:
    dst_ref: 0x0688
    rseq: 3 credit: 2
    Checksum: e4 59

[2025-02-08 00:05:57 CET] [136.975] [-0.6/-30.4 dBFS] [29.8 dB] [3.9 ppm]
4CA741 (Aircraft, Airborne) -> 10F69B (Ground station): Command
AVLC type: I sseq: 4 rseq: 6 poll: 0
 X.25 Data: grp: 11 chan: 255 sseq: 6 rseq: 1 more: 0
  X.25 reasm status: skipped
  X.233 CLNP Data (compressed header):
   LRef: 0x42 Prio: 11 Flags: 0xc0
   Lifetime: 50.0 sec
   PDU Id: 0x11ec
   X.224 COTP Data:
    dst_ref: 0x0688
    sseq: 2 req_of_ack: 0 EoT: 1
    COTP reasm status: skipped
    Checksum: 81 4c
    CPDLC Downlink Message:
     Header:
      Msg ID: 2
      Msg Ref: 3
      Timestamp: 2025-02-07 23:05:56
      Logical ACK: notRequired
     Message data:
      LOGICAL ACKNOWLEDGMENT

[2025-02-08 00:06:03 CET] [136.725] [-0.3/-30.6 dBFS] [30.3 dB] [3.3 ppm]
4D227A (Aircraft, Airborne) -> 11985A (Ground station): Command
AVLC type: I sseq: 6 rseq: 7 poll: 0
 X.25 Data: grp: 11 chan: 255 sseq: 0 rseq: 1 more: 0
  X.25 reasm status: skipped
  X.233 CLNP Data (compressed header):
   LRef: 0x41 Prio: 11 Flags: 0xc0
   Lifetime: 50.0 sec
   PDU Id: 0x1d43
   X.224 COTP Data Ack:
    dst_ref: 0x0686
    rseq: 4 credit: 3
    Checksum: de ad
    Flow control:
     Acked TPDU nr: 4
     Acked subsequence: 0
     Acked credit: 15

[2025-02-08 00:06:07 CET] [136.975] [-0.1/-30.8 dBFS] [30.7 dB] [3.9 ppm]
4CA741 (Aircraft, Airborne) -> 10F69B (Ground station): Command
AVLC type: I sseq: 5 rseq: 7 poll: 0
 X.25 Data: grp: 11 chan: 255 sseq: 7 rseq: 2 more: 0
  X.25 reasm status: skipped
  X.233 CLNP Data (compressed header):
   LRef: 0x42 Prio: 11 Flags: 0xc0
   Lifetime: 50.0 sec
   PDU Id: 0x11ed
   X.224 COTP Data:
    dst_ref: 0x0688
    sseq: 3 req_of_ack: 0 EoT: 1
    COTP reasm status: skipped
    Checksum: 14 ea
    CPDLC Downlink Message:
     Header:
      Msg ID: 3
      Msg Ref: 3
      Timestamp: 2025-02-07 23:06:06
      Logical ACK: required
     Message data:
      WILCO

[2025-02-08 00:06:08 CET] [136.975] [-0.7/-30.5 dBFS] [29.9 dB] [3.7 ppm]
4CA741 (Aircraft, Airborne) -> 10F69B (Ground station): Command
AVLC type: I sseq: 6 rseq: 1 poll: 0
 X.25 Data: grp: 11 chan: 255 sseq: 0 rseq: 4 more: 0
  X.25 reasm status: skipped
  X.233 CLNP Data (compressed header):
   LRef: 0x42 Prio: 11 Flags: 0xc0
   Lifetime: 50.0 sec
   PDU Id: 0x11ee
   X.224 COTP Data Ack:
    dst_ref: 0x0688
    rseq: 4 credit: 3
    Checksum: d9 62

[2025-02-08 00:07:35 CET] [136.725] [-3.0/-30.8 dBFS] [27.9 dB] [3.0 ppm]
4D227A (Aircraft, Airborne) -> 11985A (Ground station): Command
AVLC type: I sseq: 7 rseq: 0 poll: 0
 X.25 Data: grp: 11 chan: 255 sseq: 1 rseq: 2 more: 0
  X.25 reasm status: skipped
  X.233 CLNP Data (compressed header):
   LRef: 0x41 Prio: 11 Flags: 0xc0
   Lifetime: 50.0 sec
   PDU Id: 0x1d44
   X.224 COTP Data Ack:
    dst_ref: 0x0686
    rseq: 4 credit: 3
    Checksum: de ad
    Flow control:
     Acked TPDU nr: 4
     Acked subsequence: 0
     Acked credit: 15

[2025-02-08 00:07:40 CET] [136.975] [0.9/-30.8 dBFS] [31.7 dB] [3.7 ppm]
4CA741 (Aircraft, Airborne) -> 10F69B (Ground station): Command
AVLC type: I sseq: 7 rseq: 2 poll: 0
 X.25 Data: grp: 11 chan: 255 sseq: 1 rseq: 5 more: 0
  X.25 reasm status: skipped
  X.233 CLNP Data (compressed header):
   LRef: 0x42 Prio: 11 Flags: 0xc0
   Lifetime: 50.0 sec
   PDU Id: 0x11ef
   X.224 COTP Data Ack:
    dst_ref: 0x0688
    rseq: 4 credit: 3
    Checksum: d4 b5
    Flow control:
     Acked TPDU nr: 4
     Acked subsequence: 0
     Acked credit: 15

