[2025-04-17 00:00:06 CEST] [136.725] [-1.2/-31.2 dBFS] [30.0 dB] [2.4 ppm]
4D251C (Aircraft, Airborne) -> 11985A (Ground station): Command
AVLC type: U (XID) P/F: 1
 XID: Handoff Initiation
  Public params:
   Parameter set ID: 8885:1993
   Procedure classes: 00 01
   HDLC options: 20 84 80
  VDL params:
   Parameter set ID: V
   XID sequencing: seq: 6 retry: 1
   Destination airport: GMFF
   Aircraft location: 43.1N 5.3E 0 ft
   Alternate ground stations: 11984A
   AVLC specific options: 24
   Connection management: 01

[2025-04-17 00:00:08 CEST] [136.725] [-9.5/-31.1 dBFS] [21.6 dB] [5.4 ppm]
440018 (Aircraft, Airborne) -> 11985A (Ground station): Command
AVLC type: I sseq: 6 rseq: 6 poll: 0
 ACARS:
  Reassembly: skipped
  Reg: .OE-LKP Flight: EC45UA
  Mode: 2 Label: 5U Blk id: 8 More: 0 Ack: ! Msg num: M11A
  Message:
   LFMT LEBL LEMH LEIB-SA

[2025-04-17 00:00:30 CEST] [136.675] [-10.7/-31.3 dBFS] [20.7 dB] [2.6 ppm]
4074B8 (Aircraft, Airborne) -> 11907A (Ground station): Command
AVLC type: I sseq: 0 rseq: 2 poll: 0
 X.25 Data: grp: 11 chan: 255 sseq: 6 rseq: 0 more: 0
  X.25 reasm status: skipped
  X.233 CLNP Data (compressed header):
   LRef: 0x41 Prio: 11 Flags: 0xf6
   Lifetime: 20.0 sec
   PDU Id: 0x1b7
   X.224 COTP Data Ack:
    dst_ref: 0x2f80
    rseq: 6 credit: 3
    Flow control:
     Acked TPDU nr: 6
     Acked subsequence: 0
     Acked credit: 15
    ATN checksum: 50 d3 97 88

[2025-04-17 00:00:49 CEST] [136.775] [-10.3/-31.0 dBFS] [20.7 dB] [3.5 ppm]
4D2128 (Aircraft, Airborne) -> 233925 (Ground station): Response
AVLC type: U (XID) P/F: 1
 XID: Handoff Response
  Public params:
   Parameter set ID: 8885:1993
   Procedure classes: 00 01
   HDLC options: 20 a4 88
  VDL params:
   Parameter set ID: V
   XID sequencing: seq: 3 retry: 0
   Destination airport: LOWW
   Aircraft location: 43.1N 6.6E 192000 ft
   AVLC specific options: 24
   Connection management: 01

[2025-04-17 00:00:56 CEST] [136.975] [-11.6/-31.5 dBFS] [19.9 dB] [-0.4 ppm]
020175 (Aircraft, Airborne) -> 26CA77 (Ground station): Command
AVLC type: I sseq: 7 rseq: 2 poll: 0
 X.25 Data: grp: 11 chan: 255 sseq: 4 rseq: 5 more: 0
  X.25 reasm status: skipped
  X.233 CLNP Data (compressed header):
   LRef: 0x43 Prio: 11 Flags: 0xf6
   Lifetime: 20.0 sec
   PDU Id: 0x2cb
   X.224 COTP Data Ack:
    dst_ref: 0x2faf
    rseq: 4 credit: 3
    Flow control:
     Acked TPDU nr: 4
     Acked subsequence: 0
     Acked credit: 15
    ATN checksum: 44 58 06 92

[2025-04-17 00:01:03 CEST] [136.725] [-6.4/-31.2 dBFS] [24.8 dB] [5.4 ppm]
440018 (Aircraft, Airborne) -> 11985A (Ground station): Command
AVLC type: I sseq: 1 rseq: 0 poll: 0
 ACARS:
  Reassembly: skipped
  Reg: .OE-LKP Flight: EC45UA
  Mode: 2 Label: 8S Blk id: 1 More: 0 Ack: ! Msg num: M12A
  Message:
   LEPA,2251,Y,N,Y,--,1,--
   
   
   
   

[2025-04-17 00:01:05 CEST] [136.775] [-6.2/-31.1 dBFS] [24.9 dB] [3.2 ppm]
471FA2 (Aircraft, Airborne) -> 233925 (Ground station): Command
AVLC type: I sseq: 2 rseq: 3 poll: 0
 X.25 Data: grp: 11 chan: 255 sseq: 0 rseq: 1 more: 0
  X.25 reasm status: skipped
  X.233 CLNP Data (compressed header):
   LRef: 0x41 Prio: 11 Flags: 0xf6
   Lifetime: 20.0 sec
   PDU Id: 0x476
   X.224 COTP Data Ack:
    dst_ref: 0x2f9e
    rseq: 2 credit: 2
    Flow control:
     Acked TPDU nr: 2
     Acked subsequence: 0
     Acked credit: 15
    ATN checksum: 41 ca 80 f3

[2025-04-17 00:01:08 CEST] [136.725] [-6.0/-31.2 dBFS] [25.2 dB] [5.1 ppm]
440018 (Aircraft, Airborne) -> 11985A (Ground station): Command
AVLC type: I sseq: 4 rseq: 3 poll: 0
 ACARS:
  Reassembly: skipped
  Reg: .OE-LKP Flight: EC45UA
  Mode: 2 Label: H1 Blk id: 4 More: 0 Ack: ! Msg num: F04A
  Sublabel: M1
  Message:
   POSN43414E006291,VAMTU,220106,370,PIVUS,222210,BODEQ,M50,15631,98070B

[2025-04-17 00:01:08 CEST] [136.725] [-6.4/-31.3 dBFS] [24.9 dB] [5.1 ppm]
440018 (Aircraft, Airborne) -> 11985A (Ground station): Command
AVLC type: I sseq: 5 rseq: 4 poll: 0
 ACARS:
  Reassembly: skipped
  Reg: .OE-LKP Flight: EC45UA
  Mode: 2 Label: H1 Blk id: 5 More: 0 Ack: ! Msg num: F05A
  Sublabel: M1
  Message:
   PRG/DTLEPA,24L,71,225107/PR1293,319,370,98,,0,5,,,60,,,P30,M7,33450,,1195,322/RP:DA:LIMC:AA:LEPA..PIVUS..BODEQ..VERSO:A:LUNI2P:AP:ILSZ24L.CDP(24L)6C44

[2025-04-17 00:01:19 CEST] [136.975] [-5.0/-31.8 dBFS] [26.9 dB] [2.0 ppm]
4CA4EE (Aircraft, Airborne) -> 10985A (Ground station): Command
AVLC type: U (XID) P/F: 1
 XID: Handoff Initiation
  Public params:
   Parameter set ID: 8885:1993
   Procedure classes: 00 01
   HDLC options: 20 84 80
  VDL params:
   Parameter set ID: V
   XID sequencing: seq: 3 retry: 0
   Destination airport: LIRF
   Aircraft location: 0.0N 0.0E 0 ft
   Alternate ground stations: 10952A
   AVLC specific options: 24
   Connection management: 01

[2025-04-17 00:03:26 CEST] [136.975] [-13.0/-31.6 dBFS] [18.6 dB] [-0.9 ppm]
020175 (Aircraft, Airborne) -> 26CA77 (Ground station): Command
AVLC type: I sseq: 2 rseq: 5 poll: 0
 X.25 Data: grp: 11 chan: 255 sseq: 7 rseq: 7 more: 0
  X.25 reasm status: skipped
  X.233 CLNP Data (compressed header):
   LRef: 0x43 Prio: 11 Flags: 0xf6
   Lifetime: 20.0 sec
   PDU Id: 0x2ce
   X.224 COTP Data Ack:
    dst_ref: 0x2faf
    rseq: 5 credit: 3
    ATN checksum: 08 61 7d fe
   X.224 COTP Data:
    dst_ref: 0x2faf
    sseq: 4 req_of_ack: 0 EoT: 1
    COTP reasm status: skipped
    ATN checksum: 9a eb 2b 93
    CPDLC Downlink Message:
     Header:
      Msg ID: 4
      Msg Ref: 5
      Timestamp: 2025-04-16 22:03:25
      Logical ACK: notRequired
     Message data:
      LOGICAL ACKNOWLEDGMENT

[2025-04-17 00:03:36 CEST] [136.975] [-11.2/-31.9 dBFS] [20.7 dB] [-0.9 ppm]
020175 (Aircraft, Airborne) -> 26CA77 (Ground station): Command
AVLC type: I sseq: 4 rseq: 0 poll: 0
 X.25 Data: grp: 11 chan: 255 sseq: 0 rseq: 2 more: 0
  X.25 reasm status: skipped
  X.233 CLNP Data (compressed header):
   LRef: 0x44 Prio: 11 Flags: 0xf6
   Lifetime: 20.0 sec
   PDU Id: 0x2cf
   X.224 COTP Connect Confirm:
    src_ref: 0x0044 dst_ref: 0x8142
    Initial Credit: 1
    Protocol class: 4
    Options: 00 (use normal PDU formats)
    TPDU size (bytes): 1024
    Called/responding transport selector: 16
    Calling transport selector: 70 6d
    Priority: 3
    Ack time (ms): 1000
    Inactivity timer (ms): 360000
    Additional options: 0x00
    ATN checksum: 85 f4 5e 3b
    X.225 Session SPDU: Short Accept
     X.227 ACSE Associate Response:
      Application context name: { 1.3.27.3.1 }
      Associate result: accept
      ATCDownlinkMessage: <empty PDU>

[2025-04-17 00:04:05 CEST] [136.725] [-11.6/-31.7 dBFS] [20.1 dB] [2.6 ppm]
4D21F0 (Aircraft, Airborne) -> 11984A (Ground station): Command
AVLC type: I sseq: 5 rseq: 6 poll: 0
 X.25 Data: grp: 11 chan: 255 sseq: 3 rseq: 4 more: 0
  X.25 reasm status: skipped
  X.233 CLNP Data (compressed header):
   LRef: 0x41 Prio: 11 Flags: 0xc0
   Lifetime: 50.0 sec
   PDU Id: 0x1642
   X.224 COTP Data Ack:
    dst_ref: 0x2fb9
    rseq: 2 credit: 2
    Checksum: ea 4a
    Flow control:
     Acked TPDU nr: 2
     Acked subsequence: 0
     Acked credit: 15

[2025-04-17 00:04:09 CEST] [136.725] [-11.3/-31.2 dBFS] [20.0 dB] [2.8 ppm]
4D21F0 (Aircraft, Airborne) -> 11984A (Ground station): Command
AVLC type: I sseq: 5 rseq: 6 poll: 0
 X.25 Data: grp: 11 chan: 255 sseq: 3 rseq: 4 more: 0
  X.25 reasm status: skipped
  X.233 CLNP Data (compressed header):
   LRef: 0x41 Prio: 11 Flags: 0xc0
   Lifetime: 50.0 sec
   PDU Id: 0x1642
   X.224 COTP Data Ack:
    dst_ref: 0x2fb9
    rseq: 2 credit: 2
    Checksum: ea 4a
    Flow control:
     Acked TPDU nr: 2
     Acked subsequence: 0
     Acked credit: 15

[2025-04-17 00:04:19 CEST] [136.725] [-10.3/-31.3 dBFS] [21.0 dB] [3.0 ppm]
4D21F0 (Aircraft, Airborne) -> 11984A (Ground station): Command
AVLC type: I sseq: 0 rseq: 0 poll: 0
 X.25 Data: grp: 11 chan: 255 sseq: 6 rseq: 6 more: 0
  X.25 reasm status: skipped
  X.233 CLNP Data (compressed header):
   LRef: 0x41 Prio: 11 Flags: 0xc0
   Lifetime: 50.0 sec
   PDU Id: 0x1645
   X.224 COTP Data:
    dst_ref: 0x2fb9
    sseq: 3 req_of_ack: 0 EoT: 1
    COTP reasm status: skipped
    Checksum: c0 2e
    CPDLC Downlink Message:
     Header:
      Msg ID: 3
      Msg Ref: 3
      Timestamp: 2025-04-16 22:04:18
      Logical ACK: required
     Message data:
      WILCO

[2025-04-17 00:04:21 CEST] [136.725] [-9.7/-31.4 dBFS] [21.7 dB] [2.8 ppm]
4D21F0 (Aircraft, Airborne) -> 11984A (Ground station): Command
AVLC type: I sseq: 1 rseq: 2 poll: 0
 X.25 Data: grp: 11 chan: 255 sseq: 7 rseq: 0 more: 0
  X.25 reasm status: skipped
  X.233 CLNP Data (compressed header):
   LRef: 0x41 Prio: 11 Flags: 0xc0
   Lifetime: 50.0 sec
   PDU Id: 0x1646
   X.224 COTP Data Ack:
    dst_ref: 0x2fb9
    rseq: 4 credit: 3
    Checksum: ec f4

[2025-04-17 00:04:50 CEST] [136.725] [-2.9/-31.5 dBFS] [28.6 dB] [5.1 ppm]
440018 (Aircraft, Airborne) -> 11985A (Ground station): Command
AVLC type: I sseq: 0 rseq: 7 poll: 0
 ACARS:
  Reassembly: skipped
  Reg: .OE-LKP Flight: EC45UA
  Mode: 2 Label: 8D Blk id: 7 More: 0 Ack: ! Msg num: M13A
  Message:
   0104,93,0010,02,0008,81,0122,2251,LIMC,LEPA
   
   
   
   

[2025-04-17 00:04:59 CEST] [136.975] [-7.5/-31.6 dBFS] [24.1 dB] [-0.9 ppm]
020175 (Aircraft, Airborne) -> 26CA77 (Ground station): Command
AVLC type: I sseq: 6 rseq: 3 poll: 0
 X.25 Data: grp: 11 chan: 255 sseq: 1 rseq: 4 more: 0
  X.25 reasm status: skipped
  X.233 CLNP Data (compressed header):
   LRef: 0x43 Prio: 11 Flags: 0xf6
   Lifetime: 20.0 sec
   PDU Id: 0x2d0
   X.224 COTP Data Ack:
    dst_ref: 0x2faf
    rseq: 5 credit: 3
    Flow control:
     Acked TPDU nr: 5
     Acked subsequence: 0
     Acked credit: 15
    ATN checksum: 3f f2 69 97

[2025-04-17 00:05:25 CEST] [136.675] [-10.4/-31.5 dBFS] [21.1 dB] [2.5 ppm]
4D240E (Aircraft, Airborne) -> 11907A (Ground station): Command
AVLC type: I sseq: 2 rseq: 4 poll: 0
 X.25 Data: grp: 11 chan: 255 sseq: 6 rseq: 1 more: 0
  X.25 reasm status: skipped
  X.233 CLNP Data (compressed header):
   LRef: 0x42 Prio: 11 Flags: 0xf6
   Lifetime: 20.0 sec
   PDU Id: 0x43
   X.224 COTP Data Ack:
    dst_ref: 0x2fa4
    rseq: 4 credit: 3
    Flow control:
     Acked TPDU nr: 4
     Acked subsequence: 0
     Acked credit: 15
    ATN checksum: 07 ce e4 67

[2025-04-17 00:05:28 CEST] [136.725] [-5.3/-31.3 dBFS] [26.0 dB] [4.6 ppm]
34714E (Aircraft, Airborne) -> 11985A (Ground station): Command
AVLC type: I sseq: 1 rseq: 3 poll: 0
 X.25 Data: grp: 11 chan: 255 sseq: 6 rseq: 0 more: 0
  X.25 reasm status: skipped
  X.233 CLNP Data (compressed header):
   LRef: 0x42 Prio: 11 Flags: 0xf6
   Lifetime: 20.0 sec
   PDU Id: 0x2bc
   X.224 COTP Data Ack:
    dst_ref: 0x2fac
    rseq: 4 credit: 3
    Flow control:
     Acked TPDU nr: 4
     Acked subsequence: 0
     Acked credit: 15
    ATN checksum: c5 ac b1 7f

[2025-04-17 00:05:36 CEST] [136.975] [-9.9/-31.5 dBFS] [21.6 dB] [-1.1 ppm]
020175 (Aircraft, Airborne) -> 26CA77 (Ground station): Command
AVLC type: I sseq: 7 rseq: 4 poll: 0
 X.25 Data: grp: 11 chan: 255 sseq: 2 rseq: 5 more: 0
  X.25 reasm status: skipped
  X.233 CLNP Data (compressed header):
   LRef: 0x44 Prio: 11 Flags: 0xf6
   Lifetime: 20.0 sec
   PDU Id: 0x2d1
   X.224 COTP Data Ack:
    dst_ref: 0x8142
    rseq: 0 credit: 1
    Flow control:
     Acked TPDU nr: 0
     Acked subsequence: 0
     Acked credit: 1
    ATN checksum: 86 79 68 0a

[2025-04-17 00:05:52 CEST] [136.725] [-11.3/-31.8 dBFS] [20.5 dB] [3.1 ppm]
4D21F0 (Aircraft, Airborne) -> 11984A (Ground station): Command
AVLC type: I sseq: 3 rseq: 4 poll: 0
 X.25 Data: grp: 11 chan: 255 sseq: 1 rseq: 2 more: 0
  X.25 reasm status: skipped
  X.233 CLNP Data (compressed header):
   LRef: 0x41 Prio: 11 Flags: 0xc0
   Lifetime: 50.0 sec
   PDU Id: 0x1648
   X.224 COTP Data Ack:
    dst_ref: 0x2fb9
    rseq: 4 credit: 3
    Checksum: e7 48
    Flow control:
     Acked TPDU nr: 4
     Acked subsequence: 0
     Acked credit: 15

[2025-04-17 00:06:31 CEST] [136.975] [-8.6/-31.5 dBFS] [22.9 dB] [-0.9 ppm]
020175 (Aircraft, Airborne) -> 26CA77 (Ground station): Command
AVLC type: I sseq: 1 rseq: 6 poll: 0
 X.25 Data: grp: 11 chan: 255 sseq: 4 rseq: 6 more: 0
  X.25 reasm status: skipped
  X.233 CLNP Data (compressed header):
   LRef: 0x43 Prio: 11 Flags: 0xf6
   Lifetime: 20.0 sec
   PDU Id: 0x2d3
   X.224 COTP Data Ack:
    dst_ref: 0x2faf
    rseq: 5 credit: 3
    Flow control:
     Acked TPDU nr: 5
     Acked subsequence: 0
     Acked credit: 15
    ATN checksum: 3f f2 69 97

[2025-04-17 00:06:34 CEST] [136.975] [-10.3/-31.3 dBFS] [21.1 dB] [-1.2 ppm]
020175 (Aircraft, Airborne) -> 26CA77 (Ground station): Command
AVLC type: I sseq: 1 rseq: 6 poll: 0
 X.25 Data: grp: 11 chan: 255 sseq: 4 rseq: 6 more: 0
  X.25 reasm status: skipped
  X.233 CLNP Data (compressed header):
   LRef: 0x43 Prio: 11 Flags: 0xf6
   Lifetime: 20.0 sec
   PDU Id: 0x2d3
   X.224 COTP Data Ack:
    dst_ref: 0x2faf
    rseq: 5 credit: 3
    Flow control:
     Acked TPDU nr: 5
     Acked subsequence: 0
     Acked credit: 15
    ATN checksum: 3f f2 69 97

[2025-04-17 00:06:37 CEST] [136.975] [-10.7/-31.2 dBFS] [20.5 dB] [2.9 ppm]
4D21F0 (Aircraft, Airborne) -> 109C2A (Ground station): Command
AVLC type: U (XID) P/F: 1
 XID: Handoff Initiation
  Public params:
   Parameter set ID: 8885:1993
   Procedure classes: 00 01
   HDLC options: 20 84 80
  VDL params:
   Parameter set ID: V
   XID sequencing: seq: 1 retry: 0
   Destination airport: LIPE
   Aircraft location: 44.9N 5.4E 0 ft
   AVLC specific options: 24
   Connection management: 01

[2025-04-17 00:06:43 CEST] [136.975] [-13.1/-31.7 dBFS] [18.7 dB] [2.6 ppm]
4D21F0 (Aircraft, Airborne) -> 109C2A (Ground station): Command
AVLC type: I sseq: 2 rseq: 3 poll: 0
 X.25 Data: grp: 11 chan: 254 sseq: 0 rseq: 1 more: 0
  X.25 reasm status: skipped
  X.233 CLNP Data (compressed header):
   LRef: 0x41 Prio: 11 Flags: 0xc0
   Lifetime: 50.0 sec
   PDU Id: 0x1649
   X.224 COTP Data Ack:
    dst_ref: 0x2fb9
    rseq: 5 credit: 3
    Checksum: e8 f7

[2025-04-17 00:06:44 CEST] [136.975] [-11.2/-32.1 dBFS] [20.9 dB] [2.6 ppm]
4D21F0 (Aircraft, Airborne) -> 109C2A (Ground station): Command
AVLC type: I sseq: 3 rseq: 3 poll: 0
 X.25 Data: grp: 11 chan: 254 sseq: 1 rseq: 1 more: 0
  X.25 reasm status: skipped
  X.233 CLNP Data (compressed header):
   LRef: 0x41 Prio: 11 Flags: 0xc0
   Lifetime: 50.0 sec
   PDU Id: 0x164a
   X.224 COTP Data:
    dst_ref: 0x2fb9
    sseq: 4 req_of_ack: 0 EoT: 1
    COTP reasm status: skipped
    Checksum: ae bf
    CPDLC Downlink Message:
     Header:
      Msg ID: 4
      Msg Ref: 5
      Timestamp: 2025-04-16 22:06:42
      Logical ACK: notRequired
     Message data:
      LOGICAL ACKNOWLEDGMENT

[2025-04-17 00:06:47 CEST] [136.975] [-10.1/-31.6 dBFS] [21.4 dB] [2.6 ppm]
4D21F0 (Aircraft, Airborne) -> 109C2A (Ground station): Command
AVLC type: I sseq: 4 rseq: 6 poll: 0
 X.25 Data: grp: 11 chan: 254 sseq: 2 rseq: 4 more: 0
  X.25 reasm status: skipped
  X.233 CLNP Data (compressed header):
   LRef: 0x45 Prio: 11 Flags: 0xc0
   Lifetime: 50.0 sec
   PDU Id: 0x164b
   X.224 COTP Connect Confirm:
    src_ref: 0x000c dst_ref: 0x2d85
    Initial Credit: 1
    Protocol class: 4
    Options: 00 (use normal PDU formats)
    Calling transport selector: 65 6d
    Called/responding transport selector: 02 02
    TPDU size (bytes): 1024
    Checksum: 04 85
    Additional options: 0x00
    Ack time (ms): 1000
    Priority: 3
    Inactivity timer (ms): 360000
    X.225 Session SPDU: Short Accept
     X.227 ACSE Associate Response:
      Application context name: { 1.3.27.3.1 }
      Associate result: accept
      ATCDownlinkMessage: <empty PDU>

[2025-04-17 00:07:36 CEST] [136.975] [-7.3/-31.7 dBFS] [24.4 dB] [-1.2 ppm]
020175 (Aircraft, Airborne) -> 26CA77 (Ground station): Command
AVLC type: I sseq: 2 rseq: 7 poll: 0
 X.25 Data: grp: 11 chan: 255 sseq: 5 rseq: 6 more: 0
  X.25 reasm status: skipped
  X.233 CLNP Data (compressed header):
   LRef: 0x44 Prio: 11 Flags: 0xf6
   Lifetime: 20.0 sec
   PDU Id: 0x2d4
   X.224 COTP Data Ack:
    dst_ref: 0x8142
    rseq: 0 credit: 1
    ATN checksum: fe 70 13 8f

[2025-04-17 00:07:36 CEST] [136.975] [-7.3/-31.6 dBFS] [24.2 dB] [-1.1 ppm]
020175 (Aircraft, Airborne) -> 26CA77 (Ground station): Command
AVLC type: I sseq: 3 rseq: 0 poll: 0
 X.25 Data: grp: 11 chan: 255 sseq: 6 rseq: 7 more: 0
  X.25 reasm status: skipped
  X.233 CLNP Data (compressed header):
   LRef: 0x44 Prio: 11 Flags: 0xf6
   Lifetime: 20.0 sec
   PDU Id: 0x2d5
   X.224 COTP Data Ack:
    dst_ref: 0x8142
    rseq: 0 credit: 1
    Flow control:
     Acked TPDU nr: 0
     Acked subsequence: 0
     Acked credit: 1
    ATN checksum: 86 79 68 0a

[2025-04-17 00:07:46 CEST] [136.975] [-13.2/-32.0 dBFS] [18.9 dB] [2.5 ppm]
4D21F0 (Aircraft, Airborne) -> 109C2A (Ground station): Command
AVLC type: I sseq: 7 rseq: 1 poll: 0
 X.25 Data: grp: 11 chan: 254 sseq: 5 rseq: 7 more: 0
  X.25 reasm status: skipped
  X.233 CLNP Data (compressed header):
   LRef: 0x41 Prio: 11 Flags: 0xc0
   Lifetime: 50.0 sec
   PDU Id: 0x164e
   X.224 COTP Data:
    dst_ref: 0x2fb9
    sseq: 6 req_of_ack: 0 EoT: 1
    COTP reasm status: skipped
    Checksum: 02 e9
    CPDLC Downlink Message:
     Header:
      Msg ID: 6
      Msg Ref: 6
      Timestamp: 2025-04-16 22:07:45
      Logical ACK: required
     Message data:
      WILCO

[2025-04-17 00:07:47 CEST] [136.975] [-14.4/-31.4 dBFS] [17.0 dB] [2.8 ppm]
4D21F0 (Aircraft, Airborne) -> 109C2A (Ground station): Command
AVLC type: I sseq: 0 rseq: 3 poll: 0
 X.25 Data: grp: 11 chan: 254 sseq: 6 rseq: 1 more: 0
  X.25 reasm status: skipped
  X.233 CLNP Data (compressed header):
   LRef: 0x41 Prio: 11 Flags: 0xc0
   Lifetime: 50.0 sec
   PDU Id: 0x164f
   X.224 COTP Data Ack:
    dst_ref: 0x2fb9
    rseq: 7 credit: 3
    Checksum: e0 fd

[2025-04-17 00:08:03 CEST] [136.975] [-11.5/-31.8 dBFS] [20.3 dB] [-1.1 ppm]
020175 (Aircraft, Airborne) -> 26CA77 (Ground station): Command
AVLC type: I sseq: 5 rseq: 3 poll: 0
 X.25 Data: grp: 11 chan: 255 sseq: 7 rseq: 1 more: 0
  X.25 reasm status: skipped
  X.233 CLNP Data (compressed header):
   LRef: 0x43 Prio: 11 Flags: 0xf6
   Lifetime: 20.0 sec
   PDU Id: 0x2d6
   X.224 COTP Data Ack:
    dst_ref: 0x2faf
    rseq: 5 credit: 3
    Flow control:
     Acked TPDU nr: 5
     Acked subsequence: 0
     Acked credit: 15
    ATN checksum: 3f f2 69 97

[2025-04-17 00:08:32 CEST] [136.725] [-11.3/-31.5 dBFS] [20.1 dB] [4.3 ppm]
34714E (Aircraft, Airborne) -> 11985A (Ground station): Command
AVLC type: I sseq: 3 rseq: 5 poll: 0
 X.25 Data: grp: 11 chan: 255 sseq: 0 rseq: 2 more: 0
  X.25 reasm status: skipped
  X.233 CLNP Data (compressed header):
   LRef: 0x42 Prio: 11 Flags: 0xf6
   Lifetime: 20.0 sec
   PDU Id: 0x2be
   X.224 COTP Data Ack:
    dst_ref: 0x2fac
    rseq: 4 credit: 3
    Flow control:
     Acked TPDU nr: 4
     Acked subsequence: 0
     Acked credit: 15
    ATN checksum: c5 ac b1 7f

[2025-04-17 00:08:53 CEST] [136.975] [-11.4/-31.4 dBFS] [20.0 dB] [2.7 ppm]
4D21F0 (Aircraft, Airborne) -> 109C2A (Ground station): Command
AVLC type: I sseq: 1 rseq: 5 poll: 0
 X.25 Data: grp: 11 chan: 254 sseq: 7 rseq: 3 more: 0
  X.25 reasm status: skipped
  X.233 CLNP Data (compressed header):
   LRef: 0x45 Prio: 11 Flags: 0xc0
   Lifetime: 50.0 sec
   PDU Id: 0x1650
   X.224 COTP Data Ack:
    dst_ref: 0x2d85
    rseq: 0 credit: 1
    Checksum: cc a8
    Flow control:
     Acked TPDU nr: 0
     Acked subsequence: 0
     Acked credit: 10

[2025-04-17 00:09:19 CEST] [136.975] [-9.7/-31.1 dBFS] [21.4 dB] [2.7 ppm]
4D21F0 (Aircraft, Airborne) -> 109C2A (Ground station): Command
AVLC type: I sseq: 2 rseq: 6 poll: 0
 X.25 Data: grp: 11 chan: 254 sseq: 0 rseq: 4 more: 0
  X.25 reasm status: skipped
  X.233 CLNP Data (compressed header):
   LRef: 0x41 Prio: 11 Flags: 0xc0
   Lifetime: 50.0 sec
   PDU Id: 0x1651
   X.224 COTP Data Ack:
    dst_ref: 0x2fb9
    rseq: 7 credit: 3
    Checksum: ed 3c
    Flow control:
     Acked TPDU nr: 7
     Acked subsequence: 0
     Acked credit: 15

[2025-04-17 00:09:58 CEST] [136.975] [-12.5/-31.7 dBFS] [19.3 dB] [2.5 ppm]
4D21F0 (Aircraft, Airborne) -> 109C2A (Ground station): Command
AVLC type: I sseq: 3 rseq: 7 poll: 0
 X.25 Data: grp: 11 chan: 254 sseq: 1 rseq: 5 more: 0
  X.25 reasm status: skipped
  X.233 CLNP Data (compressed header):
   LRef: 0x45 Prio: 11 Flags: 0xc0
   Lifetime: 50.0 sec
   PDU Id: 0x1652
   X.224 COTP Data Ack:
    dst_ref: 0x2d85
    rseq: 0 credit: 1
    Checksum: cc a8
    Flow control:
     Acked TPDU nr: 0
     Acked subsequence: 0
     Acked credit: 10

[2025-04-17 00:10:04 CEST] [136.725] [-12.3/-33.7 dBFS] [21.4 dB] [4.3 ppm]
34714E (Aircraft, Airborne) -> 11985A (Ground station): Command
AVLC type: I sseq: 4 rseq: 6 poll: 0
 X.25 Data: grp: 11 chan: 255 sseq: 1 rseq: 3 more: 0
  X.25 reasm status: skipped
  X.233 CLNP Data (compressed header):
   LRef: 0x42 Prio: 11 Flags: 0xf6
   Lifetime: 20.0 sec
   PDU Id: 0x2bf
   X.224 COTP Data Ack:
    dst_ref: 0x2fac
    rseq: 4 credit: 3
    Flow control:
     Acked TPDU nr: 4
     Acked subsequence: 0
     Acked credit: 15
    ATN checksum: c5 ac b1 7f

[2025-04-17 00:10:55 CEST] [136.775] [-12.3/-31.0 dBFS] [18.7 dB] [2.7 ppm]
4CAE54 (Aircraft, Airborne) -> 11FA7A (Ground station): Command
AVLC type: I sseq: 4 rseq: 4 poll: 0
 X.25 Data: grp: 11 chan: 255 sseq: 5 rseq: 5 more: 0
  X.25 reasm status: skipped
  X.233 CLNP Data (compressed header):
   LRef: 0x43 Prio: 11 Flags: 0xc0
   Lifetime: 50.0 sec
   PDU Id: 0x176d
   X.224 COTP Data:
    dst_ref: 0x2fa8
    sseq: 5 req_of_ack: 0 EoT: 1
    COTP reasm status: skipped
    Checksum: 6c 1c
    CPDLC Downlink Message:
     Header:
      Msg ID: 5
      Msg Ref: 5
      Timestamp: 2025-04-16 22:10:53
      Logical ACK: required
     Message data:
      WILCO

[2025-04-17 00:10:56 CEST] [136.775] [-13.7/-30.9 dBFS] [17.1 dB] [2.6 ppm]
4CAE54 (Aircraft, Airborne) -> 11FA7A (Ground station): Command
AVLC type: I sseq: 5 rseq: 6 poll: 0
 X.25 Data: grp: 11 chan: 255 sseq: 6 rseq: 7 more: 0
  X.25 reasm status: skipped
  X.233 CLNP Data (compressed header):
   LRef: 0x43 Prio: 11 Flags: 0xc0
   Lifetime: 50.0 sec
   PDU Id: 0x176e
   X.224 COTP Data Ack:
    dst_ref: 0x2fa8
    rseq: 6 credit: 3
    Checksum: 3a b6

[2025-04-17 00:11:01 CEST] [136.725] [-10.1/-31.9 dBFS] [21.8 dB] [3.9 ppm]
34714E (Aircraft, Airborne) -> 11985A (Ground station): Command
AVLC type: I sseq: 6 rseq: 0 poll: 0
 X.25 Data: grp: 11 chan: 255 sseq: 3 rseq: 5 more: 0
  X.25 reasm status: skipped
  X.233 CLNP Data (compressed header):
   LRef: 0x42 Prio: 11 Flags: 0xf6
   Lifetime: 20.0 sec
   PDU Id: 0x2c1
   X.224 COTP Data Ack:
    dst_ref: 0x2fac
    rseq: 5 credit: 3
    ATN checksum: f2 b5 ce dc
   X.224 COTP Data:
    dst_ref: 0x2fac
    sseq: 4 req_of_ack: 0 EoT: 1
    COTP reasm status: skipped
    ATN checksum: ef 49 89 18
    CPDLC Downlink Message:
     Header:
      Msg ID: 4
      Msg Ref: 5
      Timestamp: 2025-04-16 22:11:00
      Logical ACK: notRequired
     Message data:
      LOGICAL ACKNOWLEDGMENT

[2025-04-17 00:11:05 CEST] [136.675] [-13.5/-32.0 dBFS] [18.4 dB] [1.8 ppm]
4D240E (Aircraft, Airborne) -> 11907A (Ground station): Command
AVLC type: I sseq: 1 rseq: 6 poll: 0
 X.25 Data: grp: 11 chan: 255 sseq: 4 rseq: 2 more: 0
  X.25 reasm status: skipped
  X.233 CLNP Data (compressed header):
   LRef: 0x42 Prio: 11 Flags: 0xf6
   Lifetime: 20.0 sec
   PDU Id: 0x49
   X.224 COTP Data Ack:
    dst_ref: 0x2fa4
    rseq: 5 credit: 3
    Flow control:
     Acked TPDU nr: 5
     Acked subsequence: 0
     Acked credit: 15
    ATN checksum: 02 69 48 6c

[2025-04-17 00:11:15 CEST] [136.775] [-14.0/-31.1 dBFS] [17.1 dB] [2.3 ppm]
471FA2 (Aircraft, Airborne) -> 233925 (Ground station): Command
AVLC type: I sseq: 1 rseq: 4 poll: 0
 X.25 Data: grp: 11 chan: 255 sseq: 2 rseq: 7 more: 0
  X.25 reasm status: skipped
  X.233 CLNP Data (compressed header):
   LRef: 0x41 Prio: 11 Flags: 0xf6
   Lifetime: 20.0 sec
   PDU Id: 0x485
   X.224 COTP Data Ack:
    dst_ref: 0x2f9e
    rseq: 5 credit: 3
    Flow control:
     Acked TPDU nr: 5
     Acked subsequence: 0
     Acked credit: 15
    ATN checksum: e6 54 d7 66

[2025-04-17 00:11:35 CEST] [136.675] [-11.4/-31.9 dBFS] [20.4 dB] [1.9 ppm]
4D240E (Aircraft, Airborne) -> 11907A (Ground station): Command
AVLC type: I sseq: 2 rseq: 7 poll: 0
 X.25 Data: grp: 11 chan: 255 sseq: 5 rseq: 3 more: 0
  X.25 reasm status: skipped
  X.233 CLNP Data (compressed header):
   LRef: 0x43 Prio: 11 Flags: 0xf6
   Lifetime: 20.0 sec
   PDU Id: 0x4a
   X.224 COTP Data Ack:
    dst_ref: 0x8144
    rseq: 0 credit: 1
    Flow control:
     Acked TPDU nr: 0
     Acked subsequence: 0
     Acked credit: 1
    ATN checksum: cd d1 bf f2

[2025-04-17 00:11:50 CEST] [136.975] [-13.2/-31.8 dBFS] [18.6 dB] [2.8 ppm]
4CADC3 (Aircraft, Airborne) -> 10F69B (Ground station): Command
AVLC type: I sseq: 3 rseq: 1 poll: 0
 X.25 Data: grp: 11 chan: 254 sseq: 0 rseq: 6 more: 0
  X.25 reasm status: skipped
  X.233 CLNP Data (compressed header):
   LRef: 0x41 Prio: 11 Flags: 0xc0
   Lifetime: 50.0 sec
   PDU Id: 0x15d6
   X.224 COTP Data Ack:
    dst_ref: 0x2fa6
    rseq: 7 credit: 3
    Checksum: 4d ef
    Flow control:
     Acked TPDU nr: 7
     Acked subsequence: 0
     Acked credit: 15

[2025-04-17 00:11:53 CEST] [136.975] [-13.1/-31.8 dBFS] [18.7 dB] [2.7 ppm]
4CADC3 (Aircraft, Airborne) -> 10F69B (Ground station): Command
AVLC type: I sseq: 3 rseq: 1 poll: 0
 X.25 Data: grp: 11 chan: 254 sseq: 0 rseq: 6 more: 0
  X.25 reasm status: skipped
  X.233 CLNP Data (compressed header):
   LRef: 0x41 Prio: 11 Flags: 0xc0
   Lifetime: 50.0 sec
   PDU Id: 0x15d6
   X.224 COTP Data Ack:
    dst_ref: 0x2fa6
    rseq: 7 credit: 3
    Checksum: 4d ef
    Flow control:
     Acked TPDU nr: 7
     Acked subsequence: 0
     Acked credit: 15

[2025-04-17 00:11:56 CEST] [136.975] [-13.3/-32.1 dBFS] [18.8 dB] [2.9 ppm]
4CADC3 (Aircraft, Airborne) -> 10F69B (Ground station): Command
AVLC type: I sseq: 4 rseq: 2 poll: 0
 X.25 Data: grp: 11 chan: 254 sseq: 1 rseq: 7 more: 0
  X.25 reasm status: skipped
  X.233 CLNP Data (compressed header):
   LRef: 0x42 Prio: 11 Flags: 0xc0
   Lifetime: 50.0 sec
   PDU Id: 0x15d7
   X.224 COTP Data Ack:
    dst_ref: 0x2d86
    rseq: 0 credit: 1
    Checksum: c7 ac
    Flow control:
     Acked TPDU nr: 0
     Acked subsequence: 0
     Acked credit: 10

[2025-04-17 00:12:34 CEST] [136.725] [-10.8/-31.3 dBFS] [20.5 dB] [3.6 ppm]
34714E (Aircraft, Airborne) -> 11985A (Ground station): Command
AVLC type: I sseq: 0 rseq: 5 poll: 0
 X.25 Data: grp: 11 chan: 255 sseq: 5 rseq: 2 more: 0
  X.25 reasm status: skipped
  X.233 CLNP Data (compressed header):
   LRef: 0x42 Prio: 11 Flags: 0xf6
   Lifetime: 20.0 sec
   PDU Id: 0x2c3
   X.224 COTP Data Ack:
    dst_ref: 0x2fac
    rseq: 5 credit: 3
    Flow control:
     Acked TPDU nr: 5
     Acked subsequence: 0
     Acked credit: 15
    ATN checksum: c0 47 15 84

[2025-04-17 00:12:37 CEST] [136.675] [-9.5/-32.4 dBFS] [22.9 dB] [2.0 ppm]
4D240E (Aircraft, Airborne) -> 11907A (Ground station): Command
AVLC type: I sseq: 3 rseq: 0 poll: 0
 X.25 Data: grp: 11 chan: 255 sseq: 6 rseq: 4 more: 0
  X.25 reasm status: skipped
  X.233 CLNP Data (compressed header):
   LRef: 0x42 Prio: 11 Flags: 0xf6
   Lifetime: 20.0 sec
   PDU Id: 0x4b
   X.224 COTP Data Ack:
    dst_ref: 0x2fa4
    rseq: 5 credit: 3
    Flow control:
     Acked TPDU nr: 5
     Acked subsequence: 0
     Acked credit: 15
    ATN checksum: 02 69 48 6c

[2025-04-17 00:13:04 CEST] [136.725] [-6.7/-31.9 dBFS] [25.2 dB] [4.0 ppm]
34714E (Aircraft, Airborne) -> 11985A (Ground station): Command
AVLC type: I sseq: 1 rseq: 6 poll: 0
 X.25 Data: grp: 11 chan: 255 sseq: 6 rseq: 3 more: 0
  X.25 reasm status: skipped
  X.233 CLNP Data (compressed header):
   LRef: 0x43 Prio: 11 Flags: 0xf6
   Lifetime: 20.0 sec
   PDU Id: 0x2c4
   X.224 COTP Data Ack:
    dst_ref: 0x8147
    rseq: 0 credit: 1
    Flow control:
     Acked TPDU nr: 0
     Acked subsequence: 0
     Acked credit: 1
    ATN checksum: 32 0a 23 79

[2025-04-17 00:13:07 CEST] [136.725] [-7.7/-31.0 dBFS] [23.4 dB] [4.0 ppm]
34714E (Aircraft, Airborne) -> 11985A (Ground station): Command
AVLC type: I sseq: 1 rseq: 6 poll: 0
 X.25 Data: grp: 11 chan: 255 sseq: 6 rseq: 3 more: 0
  X.25 reasm status: skipped
  X.233 CLNP Data (compressed header):
   LRef: 0x43 Prio: 11 Flags: 0xf6
   Lifetime: 20.0 sec
   PDU Id: 0x2c4
   X.224 COTP Data Ack:
    dst_ref: 0x8147
    rseq: 0 credit: 1
    Flow control:
     Acked TPDU nr: 0
     Acked subsequence: 0
     Acked credit: 1
    ATN checksum: 32 0a 23 79

[2025-04-17 00:13:12 CEST] [136.725] [-6.8/-32.1 dBFS] [25.3 dB] [4.0 ppm]
34714E (Aircraft, Airborne) -> 11985A (Ground station): Command
AVLC type: I sseq: 4 rseq: 0 poll: 0
 ACARS:
  Reassembly: in progress
  Reg: .EC-NQN Flight: V702SA
  Mode: 2 Label: H1 Blk id: 3 More: 1 Ack: ! Msg num: F45A
  Sublabel: M1
  Message:
   POSN43310E007104,RAPED139-0024,221309,360,PIGOS140-0011,221439,EKSID140-0003,M52,15938,90/DTLIPX,04O,71,225115,/PR1313,298,360,90,,0,8,,M56,60,,,P51,P9,36090,,1224,298/RP:DA:LEBL:AA:LIPX:R:06R(04O):D:AGEN4R

[2025-04-17 00:13:15 CEST] [136.725] [-6.8/-31.6 dBFS] [24.8 dB] [4.1 ppm]
34714E (Aircraft, Airborne) -> 11985A (Ground station): Command
AVLC type: I sseq: 4 rseq: 0 poll: 0
 ACARS:
  Reassembly: duplicate
  Reg: .EC-NQN Flight: V702SA
  Mode: 2 Label: H1 Blk id: 3 More: 1 Ack: ! Msg num: F45A
  Sublabel: M1
  Message:
   POSN43310E007104,RAPED139-0024,221309,360,PIGOS140-0011,221439,EKSID140-0003,M52,15938,90/DTLIPX,04O,71,225115,/PR1313,298,360,90,,0,8,,M56,60,,,P51,P9,36090,,1224,298/RP:DA:LEBL:AA:LIPX:R:06R(04O):D:AGEN4R

[2025-04-17 00:13:18 CEST] [136.725] [-7.6/-31.2 dBFS] [23.6 dB] [3.7 ppm]
34714E (Aircraft, Airborne) -> 11985A (Ground station): Command
AVLC type: I sseq: 4 rseq: 0 poll: 0
 ACARS:
  Reassembly: duplicate
  Reg: .EC-NQN Flight: V702SA
  Mode: 2 Label: H1 Blk id: 3 More: 1 Ack: ! Msg num: F45A
  Sublabel: M1
  Message:
   POSN43310E007104,RAPED139-0024,221309,360,PIGOS140-0011,221439,EKSID140-0003,M52,15938,90/DTLIPX,04O,71,225115,/PR1313,298,360,90,,0,8,,M56,60,,,P51,P9,36090,,1224,298/RP:DA:LEBL:AA:LIPX:R:06R(04O):D:AGEN4R

[2025-04-17 00:13:22 CEST] [136.725] [-6.9/-31.5 dBFS] [24.6 dB] [4.1 ppm]
34714E (Aircraft, Airborne) -> 11985A (Ground station): Command
AVLC type: I sseq: 4 rseq: 0 poll: 0
 ACARS:
  Reassembly: duplicate
  Reg: .EC-NQN Flight: V702SA
  Mode: 2 Label: H1 Blk id: 3 More: 1 Ack: ! Msg num: F45A
  Sublabel: M1
  Message:
   POSN43310E007104,RAPED139-0024,221309,360,PIGOS140-0011,221439,EKSID140-0003,M52,15938,90/DTLIPX,04O,71,225115,/PR1313,298,360,90,,0,8,,M56,60,,,P51,P9,36090,,1224,298/RP:DA:LEBL:AA:LIPX:R:06R(04O):D:AGEN4R

[2025-04-17 00:13:25 CEST] [136.725] [-7.1/-30.9 dBFS] [23.9 dB] [3.9 ppm]
34714E (Aircraft, Airborne) -> 11985A (Ground station): Command
AVLC type: I sseq: 5 rseq: 1 poll: 0
 X.25 Data: grp: 11 chan: 255 sseq: 7 rseq: 4 more: 0
  X.25 reasm status: skipped
  X.233 CLNP Data (compressed header):
   LRef: 0x42 Prio: 11 Flags: 0xf6
   Lifetime: 20.0 sec
   PDU Id: 0x2c5
   X.224 COTP Data Ack:
    dst_ref: 0x2fac
    rseq: 6 credit: 3
    ATN checksum: 48 82 01 87
   X.224 COTP Data:
    dst_ref: 0x2fac
    sseq: 5 req_of_ack: 0 EoT: 1
    COTP reasm status: skipped
    ATN checksum: db a9 91 fb
    CPDLC Downlink Message:
     Header:
      Msg ID: 5
      Msg Ref: 6
      Timestamp: 2025-04-16 22:13:24
      Logical ACK: notRequired
     Message data:
      LOGICAL ACKNOWLEDGMENT

[2025-04-17 00:13:26 CEST] [136.725] [-8.0/-31.5 dBFS] [23.5 dB] [4.0 ppm]
34714E (Aircraft, Airborne) -> 11985A (Ground station): Command
AVLC type: I sseq: 4 rseq: 1 poll: 0
 ACARS:
  Reassembly: duplicate
  Reg: .EC-NQN Flight: V702SA
  Mode: 2 Label: H1 Blk id: 3 More: 1 Ack: ! Msg num: F45A
  Sublabel: M1
  Message:
   POSN43310E007104,RAPED139-0024,221309,360,PIGOS140-0011,221439,EKSID140-0003,M52,15938,90/DTLIPX,04O,71,225115,/PR1313,298,360,90,,0,8,,M56,60,,,P51,P9,36090,,1224,298/RP:DA:LEBL:AA:LIPX:R:06R(04O):D:AGEN4R

[2025-04-17 00:13:27 CEST] [136.725] [-9.8/-31.7 dBFS] [21.9 dB] [3.9 ppm]
34714E (Aircraft, Airborne) -> 11985A (Ground station): Command
AVLC type: I sseq: 6 rseq: 3 poll: 0
 ACARS:
  Reassembly: complete
  Reg: .EC-NQN Flight: V702SA
  Mode: 2 Label: H1 Blk id: 4 More: 0 Ack: ! Msg num: F45B
  Sublabel: M1
  Message:
   POSN43310E007104,RAPED139-0024,221309,360,PIGOS140-0011,221439,EKSID140-0003,M52,15938,90/DTLIPX,04O,71,225115,/PR1313,298,360,90,,0,8,,M56,60,,,P51,P9,36090,,1224,298/RP:DA:LEBL:AA:LIPX:R:06R(04O):D:AGEN4R:A:OSBU3J:AP:ILS04.ABLID..NOSTA,N43492E007453..NOPMU,N43571E007538..GEN,N44255E009049..ELBUK,N44373E009508..RIPDU,N44373E010285.L995.OSBUL/RA:DA:LIPX:AA:LIPE0697

[2025-04-17 00:13:28 CEST] [136.725] [-11.8/-31.8 dBFS] [20.0 dB] [4.0 ppm]
34714E (Aircraft, Airborne) -> 11985A (Ground station): Command
AVLC type: I sseq: 7 rseq: 4 poll: 0
 ACARS:
  Reassembly: skipped
  Reg: .EC-NQN Flight: V702SA
  Mode: 2 Label: 5U Blk id: 5 More: 0 Ack: ! Msg num: M32A
  Message:
   LIPX LIPE LIMJ LIML-SA

[2025-04-17 00:13:30 CEST] [136.725] [-10.8/-31.3 dBFS] [20.5 dB] [3.8 ppm]
34714E (Aircraft, Airborne) -> 11985A (Ground station): Command
AVLC type: I sseq: 0 rseq: 4 poll: 0
 X.25 Data: grp: 11 chan: 255 sseq: 0 rseq: 5 more: 0
  X.25 reasm status: skipped
  X.233 CLNP Data (compressed header):
   LRef: 0x42 Prio: 11 Flags: 0xf6
   Lifetime: 20.0 sec
   PDU Id: 0x2c6
   X.224 COTP Data:
    dst_ref: 0x2fac
    sseq: 6 req_of_ack: 0 EoT: 1
    COTP reasm status: skipped
    ATN checksum: dd 46 2f 46
    CPDLC Downlink Message:
     Header:
      Msg ID: 6
      Msg Ref: 6
      Timestamp: 2025-04-16 22:13:29
      Logical ACK: required
     Message data:
      WILCO

[2025-04-17 00:13:31 CEST] [136.725] [-9.9/-31.5 dBFS] [21.6 dB] [4.1 ppm]
34714E (Aircraft, Airborne) -> 11985A (Ground station): Command
AVLC type: I sseq: 7 rseq: 4 poll: 0
 ACARS:
  Reassembly: skipped
  Reg: .EC-NQN Flight: V702SA
  Mode: 2 Label: 5U Blk id: 5 More: 0 Ack: ! Msg num: M32A
  Message:
   LIPX LIPE LIMJ LIML-SA

[2025-04-17 00:13:34 CEST] [136.725] [-6.5/-31.5 dBFS] [25.0 dB] [3.8 ppm]
34714E (Aircraft, Airborne) -> 11985A (Ground station): Command
AVLC type: I sseq: 7 rseq: 4 poll: 0
 ACARS:
  Reassembly: skipped
  Reg: .EC-NQN Flight: V702SA
  Mode: 2 Label: 5U Blk id: 5 More: 0 Ack: ! Msg num: M32A
  Message:
   LIPX LIPE LIMJ LIML-SA

[2025-04-17 00:13:34 CEST] [136.725] [-6.5/-31.6 dBFS] [25.1 dB] [3.7 ppm]
34714E (Aircraft, Airborne) -> 11985A (Ground station): Command
AVLC type: I sseq: 0 rseq: 4 poll: 0
 X.25 Data: grp: 11 chan: 255 sseq: 0 rseq: 5 more: 0
  X.25 reasm status: skipped
  X.233 CLNP Data (compressed header):
   LRef: 0x42 Prio: 11 Flags: 0xf6
   Lifetime: 20.0 sec
   PDU Id: 0x2c6
   X.224 COTP Data:
    dst_ref: 0x2fac
    sseq: 6 req_of_ack: 0 EoT: 1
    COTP reasm status: skipped
    ATN checksum: dd 46 2f 46
    CPDLC Downlink Message:
     Header:
      Msg ID: 6
      Msg Ref: 6
      Timestamp: 2025-04-16 22:13:29
      Logical ACK: required
     Message data:
      WILCO

