[2025-04-10 00:00:26 CEST] [136.675] [0.1/-30.8 dBFS] [30.9 dB] [0.4 ppm]
4D2411 (Aircraft, Airborne) -> 11907A (Ground station): Command
AVLC type: I sseq: 2 rseq: 4 poll: 0
 X.25 Data: grp: 11 chan: 255 sseq: 6 rseq: 0 more: 0
  X.25 reasm status: skipped
  X.233 CLNP Data (compressed header):
   LRef: 0x42 Prio: 11 Flags: 0xf6
   Lifetime: 20.0 sec
   PDU Id: 0x40
   X.224 COTP Data Ack:
    dst_ref: 0xd7f3
    rseq: 4 credit: 3
    Flow control:
     Acked TPDU nr: 4
     Acked subsequence: 0
     Acked credit: 15
    ATN checksum: d0 4a ba 51

[2025-04-10 00:00:29 CEST] [136.725] [-0.9/-30.9 dBFS] [30.0 dB] [2.3 ppm]
407F1E (Aircraft, Airborne) -> 11985A (Ground station): Command
AVLC type: I sseq: 3 rseq: 4 poll: 0
 X.25 Data: grp: 11 chan: 255 sseq: 1 rseq: 2 more: 0
  X.25 reasm status: skipped
  X.233 CLNP Data (compressed header):
   LRef: 0x1 Prio: 11 Flags: 0xc0
   Lifetime: 50.0 sec
   PDU Id: 0xa37
   X.224 COTP Data Ack:
    dst_ref: 0xd7fe
    rseq: 6 credit: 3
    Checksum: 9d a0
    Flow control:
     Acked TPDU nr: 6
     Acked subsequence: 0
     Acked credit: 15

[2025-04-10 00:00:43 CEST] [136.725] [0.8/-30.4 dBFS] [31.3 dB] [3.1 ppm]
4D2350 (Aircraft, Airborne) -> 11985A (Ground station): Command
AVLC type: I sseq: 5 rseq: 7 poll: 0
 X.25 Data: grp: 11 chan: 254 sseq: 3 rseq: 5 more: 0
  X.25 reasm status: skipped
  X.233 CLNP Data (compressed header):
   LRef: 0x0 Prio: 11 Flags: 0xc0
   Lifetime: 50.0 sec
   PDU Id: 0x1653
   X.224 COTP Data Ack:
    dst_ref: 0xd7fb
    rseq: 4 credit: 3
    Checksum: a8 9c
    Flow control:
     Acked TPDU nr: 4
     Acked subsequence: 0
     Acked credit: 15

[2025-04-10 00:01:09 CEST] [136.725] [-13.7/-30.9 dBFS] [17.2 dB] [2.6 ppm]
4CA8E8 (Aircraft, Airborne) -> 11985A (Ground station): Command
AVLC type: I sseq: 7 rseq: 0 poll: 0
 X.25 Data: grp: 11 chan: 254 sseq: 4 rseq: 5 more: 0
  X.25 reasm status: skipped
  X.233 CLNP Data (compressed header):
   LRef: 0x41 Prio: 11 Flags: 0xc0
   Lifetime: 50.0 sec
   PDU Id: 0x12f1
   X.224 COTP Data Ack:
    dst_ref: 0xd7f7
    rseq: 4 credit: 3
    Checksum: bc 8c
    Flow control:
     Acked TPDU nr: 4
     Acked subsequence: 0
     Acked credit: 15

[2025-04-10 00:01:15 CEST] [136.725] [-0.4/-30.8 dBFS] [30.3 dB] [3.8 ppm]
4CA64E (Aircraft, Airborne) -> 11984A (Ground station): Command
AVLC type: I sseq: 7 rseq: 0 poll: 0
 X.25 Data: grp: 11 chan: 254 sseq: 4 rseq: 5 more: 0
  X.25 reasm status: skipped
  X.233 CLNP Data (compressed header):
   LRef: 0x45 Prio: 11 Flags: 0xc0
   Lifetime: 50.0 sec
   PDU Id: 0x1cf2
   X.224 COTP Data Ack:
    dst_ref: 0xd7f4
    rseq: 4 credit: 3
    Checksum: cb 80
    Flow control:
     Acked TPDU nr: 4
     Acked subsequence: 0
     Acked credit: 15

[2025-04-10 00:01:52 CEST] [136.725] [0.9/-30.5 dBFS] [31.5 dB] [3.2 ppm]
4D2350 (Aircraft, Airborne) -> 11985A (Ground station): Command
AVLC type: I sseq: 6 rseq: 7 poll: 0
 ACARS:
  Reassembly: skipped
  Reg: .9H-VUQ Flight: FR8017
  Mode: 2 Label: B9 Blk id: 8 More: 0 Ack: ! Msg num: M46A
  Message:
   /LEMD.TI2/024LEMDA367D

[2025-04-10 00:01:58 CEST] [136.675] [-0.0/-30.9 dBFS] [30.9 dB] [0.3 ppm]
4D2411 (Aircraft, Airborne) -> 11907A (Ground station): Command
AVLC type: I sseq: 3 rseq: 5 poll: 0
 X.25 Data: grp: 11 chan: 255 sseq: 7 rseq: 1 more: 0
  X.25 reasm status: skipped
  X.233 CLNP Data (compressed header):
   LRef: 0x42 Prio: 11 Flags: 0xf6
   Lifetime: 20.0 sec
   PDU Id: 0x41
   X.224 COTP Data Ack:
    dst_ref: 0xd7f3
    rseq: 4 credit: 3
    Flow control:
     Acked TPDU nr: 4
     Acked subsequence: 0
     Acked credit: 15
    ATN checksum: d0 4a ba 51

[2025-04-10 00:02:15 CEST] [136.725] [1.0/-30.8 dBFS] [31.8 dB] [3.0 ppm]
4D2350 (Aircraft, Airborne) -> 11985A (Ground station): Command
AVLC type: I sseq: 1 rseq: 3 poll: 0
 X.25 Data: grp: 11 chan: 254 sseq: 4 rseq: 6 more: 0
  X.25 reasm status: skipped
  X.233 CLNP Data (compressed header):
   LRef: 0x0 Prio: 11 Flags: 0xc0
   Lifetime: 50.0 sec
   PDU Id: 0x1654
   X.224 COTP Data Ack:
    dst_ref: 0xd7fb
    rseq: 4 credit: 3
    Checksum: a8 9c
    Flow control:
     Acked TPDU nr: 4
     Acked subsequence: 0
     Acked credit: 15

[2025-04-10 00:02:46 CEST] [136.725] [0.2/-30.9 dBFS] [31.1 dB] [3.6 ppm]
4CA64E (Aircraft, Airborne) -> 11984A (Ground station): Command
AVLC type: I sseq: 0 rseq: 1 poll: 0
 X.25 Data: grp: 11 chan: 254 sseq: 5 rseq: 6 more: 0
  X.25 reasm status: skipped
  X.233 CLNP Data (compressed header):
   LRef: 0x45 Prio: 11 Flags: 0xc0
   Lifetime: 50.0 sec
   PDU Id: 0x1cf3
   X.224 COTP Data Ack:
    dst_ref: 0xd7f4
    rseq: 4 credit: 3
    Checksum: cb 80
    Flow control:
     Acked TPDU nr: 4
     Acked subsequence: 0
     Acked credit: 15

[2025-04-10 00:03:18 CEST] [136.675] [-4.8/-30.9 dBFS] [26.1 dB] [0.1 ppm]
4D2411 (Aircraft, Airborne) -> 11907A (Ground station): Command
AVLC type: I sseq: 4 rseq: 5 poll: 0
 ACARS:
  Reassembly: skipped
  Reg: .9H-EXT Flight: LH006K
  Mode: 2 Label: 1L Blk id: 1 More: 0 Ack: ! Msg num: M20A
  Message:
   00014209246M4SJ44E00F)((OII:TD*TPURR313JD()63L441I0PPD

[2025-04-10 00:03:29 CEST] [136.975] [-12.0/-30.2 dBFS] [18.2 dB] [2.7 ppm]
440611 (Aircraft, Airborne) -> 10985A (Ground station): Command
AVLC type: U (XID) P/F: 1
 XID: Handoff Initiation
  Public params:
   Parameter set ID: 8885:1993
   Procedure classes: 00 01
   HDLC options: 20 a4 80
  VDL params:
   Parameter set ID: V
   Connection management: 01
   XID sequencing: seq: 7 retry: 0
   AVLC specific options: 25
   Destination airport: LIMC
   Aircraft location: 43.3N 7.0E 35000 ft

[2025-04-10 00:03:30 CEST] [136.675] [-8.1/-31.4 dBFS] [23.3 dB] [0.4 ppm]
4D2411 (Aircraft, Airborne) -> 11907A (Ground station): Command
AVLC type: I sseq: 5 rseq: 7 poll: 0
 X.25 Data: grp: 11 chan: 255 sseq: 0 rseq: 2 more: 0
  X.25 reasm status: skipped
  X.233 CLNP Data (compressed header):
   LRef: 0x42 Prio: 11 Flags: 0xf6
   Lifetime: 20.0 sec
   PDU Id: 0x42
   X.224 COTP Data Ack:
    dst_ref: 0xd7f3
    rseq: 4 credit: 3
    Flow control:
     Acked TPDU nr: 4
     Acked subsequence: 0
     Acked credit: 15
    ATN checksum: d0 4a ba 51

[2025-04-10 00:03:30 CEST] [136.725] [-11.7/-30.9 dBFS] [19.2 dB] [1.9 ppm]
4D2415 (Aircraft, Airborne) -> 11985A (Ground station): Command
AVLC type: I sseq: 7 rseq: 1 poll: 0
 X.25 Data: grp: 11 chan: 255 sseq: 4 rseq: 6 more: 0
  X.25 reasm status: skipped
  X.233 CLNP Data (compressed header):
   LRef: 0x42 Prio: 11 Flags: 0xf6
   Lifetime: 20.0 sec
   PDU Id: 0x3b
   X.224 COTP Data Ack:
    dst_ref: 0xd7fa
    rseq: 4 credit: 3
    Flow control:
     Acked TPDU nr: 4
     Acked subsequence: 0
     Acked credit: 15
    ATN checksum: 8e e5 b0 fb

[2025-04-10 00:03:33 CEST] [136.725] [-7.3/-30.3 dBFS] [23.0 dB] [1.8 ppm]
4D2415 (Aircraft, Airborne) -> 11985A (Ground station): Command
AVLC type: I sseq: 7 rseq: 1 poll: 0
 X.25 Data: grp: 11 chan: 255 sseq: 4 rseq: 6 more: 0
  X.25 reasm status: skipped
  X.233 CLNP Data (compressed header):
   LRef: 0x42 Prio: 11 Flags: 0xf6
   Lifetime: 20.0 sec
   PDU Id: 0x3b
   X.224 COTP Data Ack:
    dst_ref: 0xd7fa
    rseq: 4 credit: 3
    Flow control:
     Acked TPDU nr: 4
     Acked subsequence: 0
     Acked credit: 15
    ATN checksum: 8e e5 b0 fb

[2025-04-10 00:03:47 CEST] [136.725] [0.9/-30.8 dBFS] [31.8 dB] [3.3 ppm]
4D2350 (Aircraft, Airborne) -> 11985A (Ground station): Command
AVLC type: I sseq: 4 rseq: 6 poll: 0
 X.25 Data: grp: 11 chan: 254 sseq: 6 rseq: 0 more: 0
  X.25 reasm status: skipped
  X.233 CLNP Data (compressed header):
   LRef: 0x0 Prio: 11 Flags: 0xc0
   Lifetime: 50.0 sec
   PDU Id: 0x1656
   X.224 COTP Data Ack:
    dst_ref: 0xd7fb
    rseq: 4 credit: 3
    Checksum: a8 9c
    Flow control:
     Acked TPDU nr: 4
     Acked subsequence: 0
     Acked credit: 15

[2025-04-10 00:04:07 CEST] [136.725] [-10.3/-30.3 dBFS] [19.9 dB] [2.5 ppm]
4CA8E8 (Aircraft, Airborne) -> 11985A (Ground station): Command
AVLC type: I sseq: 1 rseq: 2 poll: 0
 X.25 Data: grp: 11 chan: 254 sseq: 6 rseq: 7 more: 0
  X.25 reasm status: skipped
  X.233 CLNP Data (compressed header):
   LRef: 0x41 Prio: 11 Flags: 0xc0
   Lifetime: 50.0 sec
   PDU Id: 0x12f3
   X.224 COTP Data Ack:
    dst_ref: 0xd7f7
    rseq: 5 credit: 3
    Checksum: bd 3c

[2025-04-10 00:04:08 CEST] [136.975] [-12.0/-31.0 dBFS] [19.1 dB] [2.6 ppm]
440611 (Aircraft, Airborne) -> 10985A (Ground station): Command
AVLC type: I sseq: 3 rseq: 3 poll: 0
 X.25 Data: grp: 11 chan: 255 sseq: 1 rseq: 1 more: 0
  X.25 reasm status: skipped
  X.233 CLNP Data (compressed header):
   LRef: 0x44 Prio: 11 Flags: 0xfe
   Lifetime: 20.0 sec
   PDU Id: 0x55a
   X.224 COTP Data Ack:
    dst_ref: 0x8648
    rseq: 0 credit: 1
    ATN checksum: 4c 0b 5b 5e

[2025-04-10 00:04:08 CEST] [136.725] [-9.4/-30.1 dBFS] [20.8 dB] [2.4 ppm]
4CA8E8 (Aircraft, Airborne) -> 11985A (Ground station): Command
AVLC type: I sseq: 2 rseq: 2 poll: 0
 X.25 Data: grp: 11 chan: 254 sseq: 7 rseq: 7 more: 0
  X.25 reasm status: skipped
  X.233 CLNP Data (compressed header):
   LRef: 0x41 Prio: 11 Flags: 0xc0
   Lifetime: 50.0 sec
   PDU Id: 0x12f4
   X.224 COTP Data:
    dst_ref: 0xd7f7
    sseq: 4 req_of_ack: 0 EoT: 1
    COTP reasm status: skipped
    Checksum: de a5
    CPDLC Downlink Message:
     Header:
      Msg ID: 4
      Msg Ref: 5
      Timestamp: 2025-04-09 22:04:06
      Logical ACK: notRequired
     Message data:
      LOGICAL ACKNOWLEDGMENT

[2025-04-10 00:04:11 CEST] [136.725] [-10.3/-30.7 dBFS] [20.4 dB] [2.5 ppm]
4CA8E8 (Aircraft, Airborne) -> 11985A (Ground station): Command
AVLC type: I sseq: 3 rseq: 5 poll: 0
 X.25 Data: grp: 11 chan: 254 sseq: 0 rseq: 2 more: 0
  X.25 reasm status: skipped
  X.233 CLNP Data (compressed header):
   LRef: 0x42 Prio: 11 Flags: 0xc0
   Lifetime: 50.0 sec
   PDU Id: 0x12f5
   X.224 COTP Connect Confirm:
    src_ref: 0x001a dst_ref: 0x864a
    Initial Credit: 1
    Protocol class: 4
    Options: 00 (use normal PDU formats)
    Calling transport selector: 70 6d
    Called/responding transport selector: 02 02
    TPDU size (bytes): 1024
    Checksum: f1 7b
    Additional options: 0x00
    Ack time (ms): 1000
    Priority: 3
    Inactivity timer (ms): 360000
    X.225 Session SPDU: Short Accept
     X.227 ACSE Associate Response:
      Application context name: { 1.3.27.3.1 }
      Associate result: accept
      ATCDownlinkMessage: <empty PDU>

[2025-04-10 00:04:12 CEST] [136.975] [-10.4/-31.0 dBFS] [20.6 dB] [2.8 ppm]
440611 (Aircraft, Airborne) -> 10985A (Ground station): Command
AVLC type: I sseq: 4 rseq: 5 poll: 0
 X.25 Data: grp: 11 chan: 255 sseq: 2 rseq: 3 more: 0
  X.25 reasm status: skipped
  X.233 CLNP Data (compressed header):
   LRef: 0x44 Prio: 11 Flags: 0xfe
   Lifetime: 20.0 sec
   PDU Id: 0x55b
   X.224 COTP Data Ack:
    dst_ref: 0x8648
    rseq: 0 credit: 1
    Flow control:
     Acked TPDU nr: 0
     Acked subsequence: 0
     Acked credit: 1
    ATN checksum: 10 5f f6 0b

[2025-04-10 00:04:18 CEST] [136.725] [0.5/-30.7 dBFS] [31.3 dB] [3.3 ppm]
4CA64E (Aircraft, Airborne) -> 11984A (Ground station): Command
AVLC type: I sseq: 2 rseq: 3 poll: 0
 X.25 Data: grp: 11 chan: 254 sseq: 7 rseq: 0 more: 0
  X.25 reasm status: skipped
  X.233 CLNP Data (compressed header):
   LRef: 0x45 Prio: 11 Flags: 0xc0
   Lifetime: 50.0 sec
   PDU Id: 0x1cf5
   X.224 COTP Data Ack:
    dst_ref: 0xd7f4
    rseq: 4 credit: 3
    Checksum: cb 80
    Flow control:
     Acked TPDU nr: 4
     Acked subsequence: 0
     Acked credit: 15

[2025-04-10 00:04:41 CEST] [136.675] [-3.9/-30.9 dBFS] [27.0 dB] [0.1 ppm]
4D2411 (Aircraft, Airborne) -> 11907A (Ground station): Command
AVLC type: I sseq: 6 rseq: 0 poll: 0
 X.25 Data: grp: 11 chan: 255 sseq: 1 rseq: 3 more: 0
  X.25 reasm status: skipped
  X.233 CLNP Data (compressed header):
   LRef: 0x42 Prio: 11 Flags: 0xf6
   Lifetime: 20.0 sec
   PDU Id: 0x43
   X.224 COTP Data Ack:
    dst_ref: 0xd7f3
    rseq: 5 credit: 3
    ATN checksum: 03 c6 41 cc
   X.224 COTP Data:
    dst_ref: 0xd7f3
    sseq: 4 req_of_ack: 0 EoT: 1
    COTP reasm status: skipped
    ATN checksum: 7e ea 36 56
    CPDLC Downlink Message:
     Header:
      Msg ID: 4
      Msg Ref: 5
      Timestamp: 2025-04-09 22:04:40
      Logical ACK: notRequired
     Message data:
      LOGICAL ACKNOWLEDGMENT

[2025-04-10 00:04:45 CEST] [136.675] [-3.2/-31.1 dBFS] [27.8 dB] [0.2 ppm]
4D2411 (Aircraft, Airborne) -> 11907A (Ground station): Command
AVLC type: I sseq: 0 rseq: 3 poll: 0
 X.25 Data: grp: 11 chan: 255 sseq: 3 rseq: 6 more: 0
  X.25 reasm status: skipped
  X.233 CLNP Data (compressed header):
   LRef: 0x43 Prio: 11 Flags: 0xf6
   Lifetime: 20.0 sec
   PDU Id: 0x45
   X.224 COTP Connect Confirm:
    src_ref: 0x0037 dst_ref: 0x0083
    Initial Credit: 1
    Protocol class: 4
    Options: 00 (use normal PDU formats)
    TPDU size (bytes): 1024
    Called/responding transport selector: 16
    Calling transport selector: 65 6d
    Priority: 3
    Ack time (ms): 1000
    Inactivity timer (ms): 360000
    Additional options: 0x00
    ATN checksum: 5d 7a 43 f9
    X.225 Session SPDU: Short Accept
     X.227 ACSE Associate Response:
      Application context name: { 1.3.27.3.1 }
      Associate result: accept
      ATCDownlinkMessage: <empty PDU>

[2025-04-10 00:04:48 CEST] [136.725] [1.1/-30.8 dBFS] [31.9 dB] [3.0 ppm]
4D2350 (Aircraft, Airborne) -> 11985A (Ground station): Command
AVLC type: I sseq: 5 rseq: 6 poll: 0
 ACARS:
  Reassembly: skipped
  Reg: .9H-VUQ Flight: FR8017
  Mode: 2 Label: 16 Blk id: 2 More: 0 Ack: ! Msg num: M47A
  Message:
   220446,37006,2319, 118,N 43.461 E  5.674

[2025-04-10 00:05:03 CEST] [136.725] [-0.1/-30.3 dBFS] [30.2 dB] [1.5 ppm]
4D2415 (Aircraft, Airborne) -> 11985A (Ground station): Command
AVLC type: I sseq: 1 rseq: 3 poll: 0
 X.25 Data: grp: 11 chan: 255 sseq: 6 rseq: 0 more: 0
  X.25 reasm status: skipped
  X.233 CLNP Data (compressed header):
   LRef: 0x42 Prio: 11 Flags: 0xf6
   Lifetime: 20.0 sec
   PDU Id: 0x3d
   X.224 COTP Data Ack:
    dst_ref: 0xd7fa
    rseq: 4 credit: 3
    Flow control:
     Acked TPDU nr: 4
     Acked subsequence: 0
     Acked credit: 15
    ATN checksum: 8e e5 b0 fb

[2025-04-10 00:05:10 CEST] [136.975] [-9.5/-30.7 dBFS] [21.2 dB] [2.5 ppm]
440611 (Aircraft, Airborne) -> 10907A (Ground station): Command
AVLC type: I sseq: 3 rseq: 4 poll: 0
 X.25 Data: grp: 11 chan: 255 sseq: 0 rseq: 1 more: 0
  X.25 reasm status: skipped
  X.233 CLNP Data (compressed header):
   LRef: 0x43 Prio: 11 Flags: 0xfe
   Lifetime: 20.0 sec
   PDU Id: 0x55c
   X.224 COTP Data Ack:
    dst_ref: 0xd7f6
    rseq: 7 credit: 3
    Flow control:
     Acked TPDU nr: 7
     Acked subsequence: 0
     Acked credit: 15
    ATN checksum: 0d a7 a8 eb

[2025-04-10 00:05:21 CEST] [136.725] [1.1/-30.4 dBFS] [31.5 dB] [2.7 ppm]
4D2350 (Aircraft, Airborne) -> 11985A (Ground station): Command
AVLC type: I sseq: 6 rseq: 0 poll: 0
 X.25 Data: grp: 11 chan: 254 sseq: 7 rseq: 1 more: 0
  X.25 reasm status: skipped
  X.233 CLNP Data (compressed header):
   LRef: 0x0 Prio: 11 Flags: 0xc0
   Lifetime: 50.0 sec
   PDU Id: 0x1657
   X.224 COTP Data Ack:
    dst_ref: 0xd7fb
    rseq: 4 credit: 3
    Checksum: a8 9c
    Flow control:
     Acked TPDU nr: 4
     Acked subsequence: 0
     Acked credit: 15

[2025-04-10 00:05:40 CEST] [136.725] [-11.5/-30.8 dBFS] [19.3 dB] [2.4 ppm]
4CA8E8 (Aircraft, Airborne) -> 11985A (Ground station): Command
AVLC type: I sseq: 4 rseq: 6 poll: 0
 ACARS:
  Reassembly: skipped
  Reg: .EI-ENW Flight: FR10FK
  Mode: 2 Label: 16 Blk id: 9 More: 0 Ack: ! Msg num: M98A
  Message:
   220538,,2248,  92,N   .    MMMM.MMM

[2025-04-10 00:05:41 CEST] [136.725] [-13.2/-30.8 dBFS] [17.6 dB] [2.6 ppm]
4CA8E8 (Aircraft, Airborne) -> 11985A (Ground station): Command
AVLC type: I sseq: 5 rseq: 7 poll: 0
 X.25 Data: grp: 11 chan: 254 sseq: 1 rseq: 4 more: 0
  X.25 reasm status: skipped
  X.233 CLNP Data (compressed header):
   LRef: 0x41 Prio: 11 Flags: 0xc0
   Lifetime: 50.0 sec
   PDU Id: 0x12f6
   X.224 COTP Data Ack:
    dst_ref: 0xd7f7
    rseq: 5 credit: 3
    Checksum: be 88
    Flow control:
     Acked TPDU nr: 5
     Acked subsequence: 0
     Acked credit: 15

[2025-04-10 00:05:47 CEST] [136.675] [-4.6/-31.2 dBFS] [26.6 dB] [0.0 ppm]
4D2411 (Aircraft, Airborne) -> 11907A (Ground station): Command
AVLC type: I sseq: 1 rseq: 6 poll: 0
 X.25 Data: grp: 11 chan: 255 sseq: 4 rseq: 1 more: 0
  X.25 reasm status: skipped
  X.233 CLNP Data (compressed header):
   LRef: 0x43 Prio: 11 Flags: 0xf6
   Lifetime: 20.0 sec
   PDU Id: 0x46
   X.224 COTP Data Ack:
    dst_ref: 0x0083
    rseq: 0 credit: 1
    Flow control:
     Acked TPDU nr: 0
     Acked subsequence: 0
     Acked credit: 10
    ATN checksum: 69 1c 71 d8

[2025-04-10 00:05:50 CEST] [136.725] [-0.4/-30.7 dBFS] [30.3 dB] [3.3 ppm]
4CA64E (Aircraft, Airborne) -> 11984A (Ground station): Command
AVLC type: I sseq: 3 rseq: 4 poll: 0
 X.25 Data: grp: 11 chan: 254 sseq: 0 rseq: 1 more: 0
  X.25 reasm status: skipped
  X.233 CLNP Data (compressed header):
   LRef: 0x45 Prio: 11 Flags: 0xc0
   Lifetime: 50.0 sec
   PDU Id: 0x1cf6
   X.224 COTP Data Ack:
    dst_ref: 0xd7f4
    rseq: 4 credit: 3
    Checksum: cb 80
    Flow control:
     Acked TPDU nr: 4
     Acked subsequence: 0
     Acked credit: 15

[2025-04-10 00:06:13 CEST] [136.675] [-4.4/-31.2 dBFS] [26.8 dB] [0.0 ppm]
4D2411 (Aircraft, Airborne) -> 11907A (Ground station): Command
AVLC type: I sseq: 2 rseq: 7 poll: 0
 X.25 Data: grp: 11 chan: 255 sseq: 5 rseq: 2 more: 0
  X.25 reasm status: skipped
  X.233 CLNP Data (compressed header):
   LRef: 0x42 Prio: 11 Flags: 0xf6
   Lifetime: 20.0 sec
   PDU Id: 0x47
   X.224 COTP Data Ack:
    dst_ref: 0xd7f3
    rseq: 5 credit: 3
    Flow control:
     Acked TPDU nr: 5
     Acked subsequence: 0
     Acked credit: 15
    ATN checksum: cb e4 1e 56

[2025-04-10 00:06:34 CEST] [136.725] [-3.1/-30.8 dBFS] [27.6 dB] [1.3 ppm]
4D2415 (Aircraft, Airborne) -> 11985A (Ground station): Command
AVLC type: I sseq: 2 rseq: 4 poll: 0
 X.25 Data: grp: 11 chan: 255 sseq: 7 rseq: 1 more: 0
  X.25 reasm status: skipped
  X.233 CLNP Data (compressed header):
   LRef: 0x42 Prio: 11 Flags: 0xf6
   Lifetime: 20.0 sec
   PDU Id: 0x3e
   X.224 COTP Data Ack:
    dst_ref: 0xd7fa
    rseq: 4 credit: 3
    Flow control:
     Acked TPDU nr: 4
     Acked subsequence: 0
     Acked credit: 15
    ATN checksum: 8e e5 b0 fb

[2025-04-10 00:06:46 CEST] [136.975] [-10.1/-30.9 dBFS] [20.8 dB] [2.1 ppm]
4CA8E8 (Aircraft, Airborne) -> 10985A (Ground station): Command
AVLC type: U (XID) P/F: 1
 XID: Handoff Initiation
  Public params:
   Parameter set ID: 8885:1993
   Procedure classes: 00 01
   HDLC options: 20 84 80
  VDL params:
   Parameter set ID: V
   XID sequencing: seq: 5 retry: 0
   Destination airport: LIME
   Aircraft location: 0.0N 0.0E 0 ft
   Alternate ground stations: 10952A
   AVLC specific options: 24
   Connection management: 01

[2025-04-10 00:06:49 CEST] [136.675] [-6.7/-30.4 dBFS] [23.8 dB] [0.1 ppm]
4D2411 (Aircraft, Airborne) -> 11907A (Ground station): Command
AVLC type: I sseq: 3 rseq: 0 poll: 0
 X.25 Data: grp: 11 chan: 255 sseq: 6 rseq: 3 more: 0
  X.25 reasm status: skipped
  X.233 CLNP Data (compressed header):
   LRef: 0x43 Prio: 11 Flags: 0xf6
   Lifetime: 20.0 sec
   PDU Id: 0x48
   X.224 COTP Data Ack:
    dst_ref: 0x0083
    rseq: 0 credit: 1
    Flow control:
     Acked TPDU nr: 0
     Acked subsequence: 0
     Acked credit: 10
    ATN checksum: 69 1c 71 d8

[2025-04-10 00:06:51 CEST] [136.725] [-5.7/-30.2 dBFS] [24.5 dB] [2.1 ppm]
4D2350 (Aircraft, Airborne) -> 11985A (Ground station): Command
AVLC type: I sseq: 7 rseq: 1 poll: 0
 X.25 Data: grp: 11 chan: 254 sseq: 0 rseq: 2 more: 0
  X.25 reasm status: skipped
  X.233 CLNP Data (compressed header):
   LRef: 0x0 Prio: 11 Flags: 0xc0
   Lifetime: 50.0 sec
   PDU Id: 0x1658
   X.224 COTP Data Ack:
    dst_ref: 0xd7fb
    rseq: 4 credit: 3
    Checksum: a8 9c
    Flow control:
     Acked TPDU nr: 4
     Acked subsequence: 0
     Acked credit: 15

[2025-04-10 00:06:57 CEST] [136.975] [-9.8/-30.5 dBFS] [20.8 dB] [2.0 ppm]
4CA8E8 (Aircraft, Airborne) -> 10985A (Ground station): Command
AVLC type: I sseq: 2 rseq: 2 poll: 0
 X.25 Data: grp: 11 chan: 255 sseq: 0 rseq: 0 more: 0
  X.25 reasm status: skipped
  X.233 CLNP Data (compressed header):
   LRef: 0x42 Prio: 11 Flags: 0xc0
   Lifetime: 50.0 sec
   PDU Id: 0x12f8
   X.224 COTP Data Ack:
    dst_ref: 0x864a
    rseq: 0 credit: 1
    Checksum: 2c d3

[2025-04-10 00:07:13 CEST] [136.975] [-10.3/-30.7 dBFS] [20.4 dB] [2.0 ppm]
4CA8E8 (Aircraft, Airborne) -> 10985A (Ground station): Command
AVLC type: I sseq: 3 rseq: 4 poll: 0
 X.25 Data: grp: 11 chan: 255 sseq: 1 rseq: 2 more: 0
  X.25 reasm status: skipped
  X.233 CLNP Data (compressed header):
   LRef: 0x41 Prio: 11 Flags: 0xc0
   Lifetime: 50.0 sec
   PDU Id: 0x12f9
   X.224 COTP Data Ack:
    dst_ref: 0xd7f7
    rseq: 5 credit: 3
    Checksum: be 88
    Flow control:
     Acked TPDU nr: 5
     Acked subsequence: 0
     Acked credit: 15

[2025-04-10 00:07:22 CEST] [136.725] [-1.0/-30.7 dBFS] [29.7 dB] [2.8 ppm]
4CA64E (Aircraft, Airborne) -> 11984A (Ground station): Command
AVLC type: I sseq: 4 rseq: 5 poll: 0
 X.25 Data: grp: 11 chan: 254 sseq: 1 rseq: 2 more: 0
  X.25 reasm status: skipped
  X.233 CLNP Data (compressed header):
   LRef: 0x45 Prio: 11 Flags: 0xc0
   Lifetime: 50.0 sec
   PDU Id: 0x1cf7
   X.224 COTP Data Ack:
    dst_ref: 0xd7f4
    rseq: 4 credit: 3
    Checksum: cb 80
    Flow control:
     Acked TPDU nr: 4
     Acked subsequence: 0
     Acked credit: 15

[2025-04-10 00:07:46 CEST] [136.675] [-11.6/-30.8 dBFS] [19.2 dB] [0.1 ppm]
4D2411 (Aircraft, Airborne) -> 11907A (Ground station): Command
AVLC type: I sseq: 4 rseq: 1 poll: 0
 X.25 Data: grp: 11 chan: 255 sseq: 7 rseq: 4 more: 0
  X.25 reasm status: skipped
  X.233 CLNP Data (compressed header):
   LRef: 0x42 Prio: 11 Flags: 0xf6
   Lifetime: 20.0 sec
   PDU Id: 0x49
   X.224 COTP Data Ack:
    dst_ref: 0xd7f3
    rseq: 5 credit: 3
    Flow control:
     Acked TPDU nr: 5
     Acked subsequence: 0
     Acked credit: 15
    ATN checksum: cb e4 1e 56

[2025-04-10 00:07:51 CEST] [136.675] [-10.1/-30.6 dBFS] [20.5 dB] [0.1 ppm]
4D2411 (Aircraft, Airborne) -> 11907A (Ground station): Command
AVLC type: I sseq: 5 rseq: 2 poll: 0
 X.25 Data: grp: 11 chan: 255 sseq: 0 rseq: 5 more: 0
  X.25 reasm status: skipped
  X.233 CLNP Data (compressed header):
   LRef: 0x43 Prio: 11 Flags: 0xf6
   Lifetime: 20.0 sec
   PDU Id: 0x4a
   X.224 COTP Data Ack:
    dst_ref: 0x0083
    rseq: 0 credit: 1
    Flow control:
     Acked TPDU nr: 0
     Acked subsequence: 0
     Acked credit: 10
    ATN checksum: 69 1c 71 d8

[2025-04-10 00:07:52 CEST] [136.975] [-9.6/-30.6 dBFS] [20.9 dB] [2.0 ppm]
4CA8E8 (Aircraft, Airborne) -> 10F69B (Ground station): Command
AVLC type: U (XID) P/F: 1
 XID: Handoff Initiation
  Public params:
   Parameter set ID: 8885:1993
   Procedure classes: 00 01
   HDLC options: 20 84 80
  VDL params:
   Parameter set ID: V
   XID sequencing: seq: 6 retry: 0
   Destination airport: LIME
   Aircraft location: 0.0N 0.0E 0 ft
   Alternate ground stations: 10952A 10FA5A 10F60B
   AVLC specific options: 24
   Connection management: 01

[2025-04-10 00:07:54 CEST] [136.975] [-10.0/-30.9 dBFS] [20.9 dB] [2.2 ppm]
4CA8E8 (Aircraft, Airborne) -> 10F69B (Ground station): Command
AVLC type: I sseq: 2 rseq: 4 poll: 0
 X.25 Data: grp: 11 chan: 254 sseq: 0 rseq: 2 more: 0
  X.25 reasm status: skipped
  X.233 CLNP Data (compressed header):
   LRef: 0x40 Prio: 14 Flags: 0xc0
   Lifetime: 50.0 sec
   PDU Id: 0x12fa
   IDRP Open: seq: 1 ack: 1 credit_offered: 5 credit_avail: 2
    Hold Time: 900 seconds
    Max. PDU size: 3000 octets
    Source RDI: 47 00 27 41 52 59 52 00 4c a8 e8	"G.'ARYR.L.."
    RIB Attribute Set:
     RibAtt #0:
      Security:
       Reg ID: 06 04 2b 1b 00 00
    Auth mechanism: simple checksum

[2025-04-10 00:07:56 CEST] [136.975] [-11.1/-30.6 dBFS] [19.5 dB] [2.1 ppm]
4CA8E8 (Aircraft, Airborne) -> 10F69B (Ground station): Command
AVLC type: I sseq: 4 rseq: 5 poll: 0
 X.25 Data: grp: 11 chan: 254 sseq: 2 rseq: 3 more: 0
  X.25 reasm status: skipped
  X.233 CLNP Data (compressed header):
   LRef: 0x40 Prio: 14 Flags: 0xc0
   Lifetime: 50.0 sec
   PDU Id: 0x12fb
   IDRP Update: seq: 2 ack: 1 credit_offered: 5 credit_avail: 2
    Route:
     ID: 2
     Local preference: 0
    RD path:
     RD_SEQ:
      47 00 27 41 52 59 52 00 4c a8 e8	"G.'ARYR.L.."
    RD hop count: 1
    Security:
     Reg ID: 06 04 2b 1b 00 00
     Info:
      Supported ATSC classes: all
    Capacity: 13
    Reachability info:
     Protocol: CLNP
     Prefix length: 88
     Dest. address prefix: 47 00 27 41 52 59 52 00 4c a8 e8	"G.'ARYR.L.."

[2025-04-10 00:08:20 CEST] [136.975] [-13.5/-30.5 dBFS] [17.0 dB] [2.3 ppm]
407F1E (Aircraft, Airborne) -> 10985A (Ground station): Command
AVLC type: I sseq: 3 rseq: 4 poll: 0
 X.25 Data: grp: 11 chan: 254 sseq: 1 rseq: 2 more: 0
  X.25 reasm status: skipped
  X.233 CLNP Data (compressed header):
   LRef: 0x41 Prio: 11 Flags: 0xc0
   Lifetime: 50.0 sec
   PDU Id: 0xa46
   X.224 COTP Data Ack:
    dst_ref: 0x0085
    rseq: 0 credit: 1
    Checksum: db c6
    Flow control:
     Acked TPDU nr: 0
     Acked subsequence: 0
     Acked credit: 10

[2025-04-10 00:08:23 CEST] [136.725] [0.9/-30.4 dBFS] [31.3 dB] [1.9 ppm]
4D2350 (Aircraft, Airborne) -> 11985A (Ground station): Command
AVLC type: I sseq: 1 rseq: 3 poll: 0
 X.25 Data: grp: 11 chan: 254 sseq: 2 rseq: 4 more: 0
  X.25 reasm status: skipped
  X.233 CLNP Data (compressed header):
   LRef: 0x0 Prio: 11 Flags: 0xc0
   Lifetime: 50.0 sec
   PDU Id: 0x165a
   X.224 COTP Data Ack:
    dst_ref: 0xd7fb
    rseq: 4 credit: 3
    Checksum: a8 9c
    Flow control:
     Acked TPDU nr: 4
     Acked subsequence: 0
     Acked credit: 15

[2025-04-10 00:08:30 CEST] [136.675] [-12.2/-31.1 dBFS] [19.0 dB] [0.1 ppm]
4D2411 (Aircraft, Airborne) -> 11907A (Ground station): Command
AVLC type: I sseq: 6 rseq: 3 poll: 0
 X.25 Data: grp: 11 chan: 255 sseq: 1 rseq: 6 more: 0
  X.25 reasm status: skipped
  X.233 CLNP Data (compressed header):
   LRef: 0x42 Prio: 11 Flags: 0xf6
   Lifetime: 20.0 sec
   PDU Id: 0x4b
   X.224 COTP Data Ack:
    dst_ref: 0xd7f3
    rseq: 6 credit: 3
    ATN checksum: 58 93 73 77
   X.224 COTP Data:
    dst_ref: 0xd7f3
    sseq: 5 req_of_ack: 0 EoT: 1
    COTP reasm status: skipped
    ATN checksum: a1 29 cc 0f
    CPDLC Downlink Message:
     Header:
      Msg ID: 5
      Msg Ref: 7
      Timestamp: 2025-04-09 22:08:30
      Logical ACK: notRequired
     Message data:
      LOGICAL ACKNOWLEDGMENT

[2025-04-10 00:08:45 CEST] [136.975] [-12.3/-31.0 dBFS] [18.7 dB] [1.9 ppm]
4CA8E8 (Aircraft, Airborne) -> 10F69B (Ground station): Command
AVLC type: I sseq: 6 rseq: 1 poll: 0
 X.25 Data: grp: 11 chan: 254 sseq: 4 rseq: 7 more: 0
  X.25 reasm status: skipped
  X.233 CLNP Data (compressed header):
   LRef: 0x41 Prio: 11 Flags: 0xc0
   Lifetime: 50.0 sec
   PDU Id: 0x12fd
   X.224 COTP Data Ack:
    dst_ref: 0xd7f7
    rseq: 5 credit: 3
    Checksum: be 88
    Flow control:
     Acked TPDU nr: 5
     Acked subsequence: 0
     Acked credit: 15

[2025-04-10 00:08:53 CEST] [136.675] [-9.4/-30.5 dBFS] [21.1 dB] [0.1 ppm]
4D2411 (Aircraft, Airborne) -> 11907A (Ground station): Command
AVLC type: I sseq: 7 rseq: 5 poll: 0
 X.25 Data: grp: 11 chan: 255 sseq: 2 rseq: 0 more: 0
  X.25 reasm status: skipped
  X.233 CLNP Data (compressed header):
   LRef: 0x43 Prio: 11 Flags: 0xf6
   Lifetime: 20.0 sec
   PDU Id: 0x4c
   X.224 COTP Data Ack:
    dst_ref: 0x0083
    rseq: 0 credit: 1
    Flow control:
     Acked TPDU nr: 0
     Acked subsequence: 0
     Acked credit: 10
    ATN checksum: 69 1c 71 d8

[2025-04-10 00:08:54 CEST] [136.725] [-0.2/-30.7 dBFS] [30.5 dB] [2.8 ppm]
4CA64E (Aircraft, Airborne) -> 11984A (Ground station): Command
AVLC type: I sseq: 5 rseq: 6 poll: 0
 X.25 Data: grp: 11 chan: 254 sseq: 2 rseq: 3 more: 0
  X.25 reasm status: skipped
  X.233 CLNP Data (compressed header):
   LRef: 0x45 Prio: 11 Flags: 0xc0
   Lifetime: 50.0 sec
   PDU Id: 0x1cf8
   X.224 COTP Data Ack:
    dst_ref: 0xd7f4
    rseq: 4 credit: 3
    Checksum: cb 80
    Flow control:
     Acked TPDU nr: 4
     Acked subsequence: 0
     Acked credit: 15

[2025-04-10 00:08:59 CEST] [136.725] [0.4/-30.2 dBFS] [30.6 dB] [2.6 ppm]
4CA64E (Aircraft, Airborne) -> 11984A (Ground station): Command
AVLC type: I sseq: 5 rseq: 6 poll: 0
 X.25 Data: grp: 11 chan: 254 sseq: 2 rseq: 3 more: 0
  X.25 reasm status: skipped
  X.233 CLNP Data (compressed header):
   LRef: 0x45 Prio: 11 Flags: 0xc0
   Lifetime: 50.0 sec
   PDU Id: 0x1cf8
   X.224 COTP Data Ack:
    dst_ref: 0xd7f4
    rseq: 4 credit: 3
    Checksum: cb 80
    Flow control:
     Acked TPDU nr: 4
     Acked subsequence: 0
     Acked credit: 15

[2025-04-10 00:08:59 CEST] [136.975] [-13.8/-31.4 dBFS] [17.6 dB] [2.1 ppm]
4CA8E8 (Aircraft, Airborne) -> 10F69B (Ground station): Command
AVLC type: I sseq: 1 rseq: 3 poll: 0
 X.25 Data: grp: 11 chan: 254 sseq: 7 rseq: 1 more: 0
  X.25 reasm status: skipped
  X.233 CLNP Data (compressed header):
   LRef: 0x41 Prio: 11 Flags: 0xc0
   Lifetime: 50.0 sec
   PDU Id: 0x1300
   X.224 COTP Data:
    dst_ref: 0xd7f7
    sseq: 5 req_of_ack: 0 EoT: 1
    COTP reasm status: skipped
    Checksum: 95 c9
    CPDLC Downlink Message:
     Header:
      Msg ID: 5
      Msg Ref: 7
      Timestamp: 2025-04-09 22:08:56
      Logical ACK: notRequired
     Message data:
      LOGICAL ACKNOWLEDGMENT

[2025-04-10 00:09:04 CEST] [136.675] [-9.6/-30.8 dBFS] [21.1 dB] [0.2 ppm]
4D2411 (Aircraft, Airborne) -> 11907A (Ground station): Command
AVLC type: I sseq: 0 rseq: 5 poll: 0
 X.25 Data: grp: 11 chan: 255 sseq: 3 rseq: 0 more: 0
  X.25 reasm status: skipped
  X.233 CLNP Data (compressed header):
   LRef: 0x42 Prio: 11 Flags: 0xf6
   Lifetime: 20.0 sec
   PDU Id: 0x4d
   X.224 COTP Data:
    dst_ref: 0xd7f3
    sseq: 6 req_of_ack: 0 EoT: 1
    COTP reasm status: skipped
    ATN checksum: 67 97 d1 21
    X.227 ACSE Release Response:
     Reason: normal
     CPDLC Downlink Message:
      Header:
       Msg ID: 6
       Msg Ref: 7
       Timestamp: 2025-04-09 22:09:03
       Logical ACK: notRequired
      Message data:
       WILCO

[2025-04-10 00:09:04 CEST] [136.675] [-9.6/-30.8 dBFS] [21.1 dB] [0.2 ppm]
4D2411 (Aircraft, Airborne) -> 11907A (Ground station): Command
AVLC type: I sseq: 1 rseq: 5 poll: 0
 X.25 Data: grp: 11 chan: 255 sseq: 4 rseq: 0 more: 0
  X.25 reasm status: skipped
  X.233 CLNP Data (compressed header):
   LRef: 0x43 Prio: 11 Flags: 0xf6
   Lifetime: 20.0 sec
   PDU Id: 0x4e
   X.224 COTP Data:
    dst_ref: 0x0083
    sseq: 0 req_of_ack: 0 EoT: 1
    COTP reasm status: skipped
    ATN checksum: bf 22 5c e0
    CPDLC Downlink Message:
     Header:
      Msg ID: 0
      Timestamp: 2025-04-09 22:09:03
      Logical ACK: required
     Message data:
      CURRENT DATA AUTHORITY

[2025-04-10 00:09:04 CEST] [136.675] [-9.3/-30.7 dBFS] [21.4 dB] [-0.0 ppm]
4D2411 (Aircraft, Airborne) -> 11907A (Ground station): Command
AVLC type: I sseq: 2 rseq: 1 poll: 0
 X.25 Data: grp: 11 chan: 255 sseq: 5 rseq: 3 more: 0
  X.25 reasm status: skipped
  X.233 CLNP Data (compressed header):
   LRef: 0x42 Prio: 11 Flags: 0xf6
   Lifetime: 20.0 sec
   PDU Id: 0x4f
   X.224 COTP Disconnect Confirm:
    src_ref: 0x0036 dst_ref: 0xd7f3
    ATN checksum: 59 79 fb 79

[2025-04-10 00:09:04 CEST] [136.675] [-9.1/-30.6 dBFS] [21.6 dB] [0.2 ppm]
4D2411 (Aircraft, Airborne) -> 11907A (Ground station): Command
AVLC type: I sseq: 3 rseq: 1 poll: 0
 X.25 Data: grp: 11 chan: 255 sseq: 6 rseq: 4 more: 0
  X.25 reasm status: skipped
  X.233 CLNP Data (compressed header):
   LRef: 0x43 Prio: 11 Flags: 0xf6
   Lifetime: 20.0 sec
   PDU Id: 0x50
   X.224 COTP Data Ack:
    dst_ref: 0x0083
    rseq: 1 credit: 2
    ATN checksum: 3c 6b 44 8a

[2025-04-10 00:09:14 CEST] [136.675] [-8.7/-30.5 dBFS] [21.8 dB] [0.3 ppm]
4D2411 (Aircraft, Airborne) -> 12957A (Ground station): Command
AVLC type: U (XID) P/F: 1
 XID: Handoff Initiation
  Public params:
   Parameter set ID: 8885:1993
   Procedure classes: 00 01
   HDLC options: 20 a4 80
  VDL params:
   Parameter set ID: V
   Connection management: 01
   XID sequencing: seq: 7 retry: 0
   AVLC specific options: 25
   Destination airport: EDDN
   Aircraft location: 44.5N 6.6E 37000 ft

[2025-04-10 00:09:15 CEST] [136.675] [-8.5/-31.0 dBFS] [22.5 dB] [0.3 ppm]
4D2411 (Aircraft, Airborne) -> 11907A (Ground station): Command
AVLC type: I sseq: 4 rseq: 2 poll: 0
 X.25 Data: grp: 11 chan: 255 sseq: 7 rseq: 5 more: 0
  X.25 reasm status: skipped
  X.233 CLNP Data (compressed header):
   LRef: 0x43 Prio: 11 Flags: 0xf6
   Lifetime: 20.0 sec
   PDU Id: 0x51
   X.224 COTP Data Ack:
    dst_ref: 0x0083
    rseq: 2 credit: 2
    ATN checksum: 91 38 76 35
   X.224 COTP Data:
    dst_ref: 0x0083
    sseq: 1 req_of_ack: 0 EoT: 1
    COTP reasm status: skipped
    ATN checksum: 3d d6 cf 46
    CPDLC Downlink Message:
     Header:
      Msg ID: 1
      Msg Ref: 2
      Timestamp: 2025-04-09 22:09:14
      Logical ACK: notRequired
     Message data:
      LOGICAL ACKNOWLEDGMENT

[2025-04-10 00:09:15 CEST] [136.675] [-8.8/-31.1 dBFS] [22.3 dB] [0.1 ppm]
4D2411 (Aircraft, Airborne) -> 11907A (Ground station): Command
AVLC type: I sseq: 5 rseq: 4 poll: 0
 X.25 Data: grp: 11 chan: 255 sseq: 0 rseq: 7 more: 0
  X.25 reasm status: skipped
  X.233 CLNP Data (compressed header):
   LRef: 0x43 Prio: 11 Flags: 0xf6
   Lifetime: 20.0 sec
   PDU Id: 0x52
   X.224 COTP Data Ack:
    dst_ref: 0x0083
    rseq: 3 credit: 2
    ATN checksum: e6 05 a8 df
   X.224 COTP Data:
    dst_ref: 0x0083
    sseq: 2 req_of_ack: 0 EoT: 1
    COTP reasm status: skipped
    ATN checksum: b5 4d b7 1d
    CPDLC Downlink Message:
     Header:
      Msg ID: 2
      Msg Ref: 3
      Timestamp: 2025-04-09 22:09:15
      Logical ACK: notRequired
     Message data:
      LOGICAL ACKNOWLEDGMENT

[2025-04-10 00:09:20 CEST] [136.675] [-7.8/-30.9 dBFS] [23.1 dB] [0.3 ppm]
4D2411 (Aircraft, Airborne) -> 11907A (Ground station): Command
AVLC type: I sseq: 6 rseq: 6 poll: 0
 X.25 Data: grp: 11 chan: 255 sseq: 1 rseq: 1 more: 0
  X.25 reasm status: skipped
  X.233 CLNP Data (compressed header):
   LRef: 0x43 Prio: 11 Flags: 0xf6
   Lifetime: 20.0 sec
   PDU Id: 0x53
   X.224 COTP Data Ack:
    dst_ref: 0x0083
    rseq: 4 credit: 3
    ATN checksum: 5a a4 a3 cf
   X.224 COTP Data:
    dst_ref: 0x0083
    sseq: 3 req_of_ack: 0 EoT: 1
    COTP reasm status: skipped
    ATN checksum: 1a ef cb 8e
    CPDLC Downlink Message:
     Header:
      Msg ID: 3
      Msg Ref: 4
      Timestamp: 2025-04-09 22:09:19
      Logical ACK: notRequired
     Message data:
      LOGICAL ACKNOWLEDGMENT

[2025-04-10 00:09:22 CEST] [136.675] [-8.2/-31.1 dBFS] [22.8 dB] [0.2 ppm]
4D2411 (Aircraft, Airborne) -> 12957A (Ground station): Command
AVLC type: U (XID) P/F: 1
 XID: Handoff Initiation
  Public params:
   Parameter set ID: 8885:1993
   Procedure classes: 00 01
   HDLC options: 20 a4 80
  VDL params:
   Parameter set ID: V
   Connection management: 01
   XID sequencing: seq: 7 retry: 1
   AVLC specific options: 25
   Destination airport: EDDN
   Aircraft location: 44.5N 6.6E 37000 ft

[2025-04-10 00:09:25 CEST] [136.675] [-10.5/-30.7 dBFS] [20.3 dB] [0.3 ppm]
4D2411 (Aircraft, Airborne) -> 12957A (Ground station): Command
AVLC type: I sseq: 2 rseq: 2 poll: 0
 X.25 Data: grp: 11 chan: 255 sseq: 0 rseq: 0 more: 0
  X.25 reasm status: skipped
  X.233 CLNP Data (compressed header):
   LRef: 0x43 Prio: 11 Flags: 0xf6
   Lifetime: 20.0 sec
   PDU Id: 0x54
   X.224 COTP Data:
    dst_ref: 0x0083
    sseq: 4 req_of_ack: 0 EoT: 1
    COTP reasm status: skipped
    ATN checksum: a2 ab 9f c0
    CPDLC Downlink Message:
     Header:
      Msg ID: 4
      Msg Ref: 4
      Timestamp: 2025-04-09 22:09:24
      Logical ACK: required
     Message data:
      WILCO

[2025-04-10 00:09:27 CEST] [136.675] [-9.3/-30.8 dBFS] [21.5 dB] [0.2 ppm]
4D2411 (Aircraft, Airborne) -> 12957A (Ground station): Command
AVLC type: I sseq: 3 rseq: 4 poll: 0
 X.25 Data: grp: 11 chan: 255 sseq: 1 rseq: 2 more: 0
  X.25 reasm status: skipped
  X.233 CLNP Data (compressed header):
   LRef: 0x43 Prio: 11 Flags: 0xf6
   Lifetime: 20.0 sec
   PDU Id: 0x55
   X.224 COTP Data Ack:
    dst_ref: 0x0083
    rseq: 5 credit: 3
    ATN checksum: af 71 d5 7a

[2025-04-10 00:09:38 CEST] [136.725] [0.6/-30.4 dBFS] [31.0 dB] [0.6 ppm]
4D2415 (Aircraft, Airborne) -> 11985A (Ground station): Command
AVLC type: I sseq: 4 rseq: 6 poll: 0
 X.25 Data: grp: 11 chan: 255 sseq: 1 rseq: 3 more: 0
  X.25 reasm status: skipped
  X.233 CLNP Data (compressed header):
   LRef: 0x42 Prio: 11 Flags: 0xf6
   Lifetime: 20.0 sec
   PDU Id: 0x40
   X.224 COTP Data Ack:
    dst_ref: 0xd7fa
    rseq: 4 credit: 3
    Flow control:
     Acked TPDU nr: 4
     Acked subsequence: 0
     Acked credit: 15
    ATN checksum: 8e e5 b0 fb

[2025-04-10 00:09:55 CEST] [136.725] [-4.0/-30.4 dBFS] [26.4 dB] [1.9 ppm]
4D2350 (Aircraft, Airborne) -> 11985A (Ground station): Command
AVLC type: I sseq: 2 rseq: 4 poll: 0
 X.25 Data: grp: 11 chan: 254 sseq: 3 rseq: 5 more: 0
  X.25 reasm status: skipped
  X.233 CLNP Data (compressed header):
   LRef: 0x0 Prio: 11 Flags: 0xc0
   Lifetime: 50.0 sec
   PDU Id: 0x165b
   X.224 COTP Data Ack:
    dst_ref: 0xd7fb
    rseq: 4 credit: 3
    Checksum: a8 9c
    Flow control:
     Acked TPDU nr: 4
     Acked subsequence: 0
     Acked credit: 15

[2025-04-10 00:10:19 CEST] [136.975] [-11.2/-32.1 dBFS] [20.9 dB] [7.0 ppm]
4CA8E6 (Aircraft, Airborne) -> 10F69B (Ground station): Command
AVLC type: I sseq: 1 rseq: 4 poll: 0
 X.25 Data: grp: 11 chan: 255 sseq: 2 rseq: 5 more: 0
  X.25 reasm status: skipped
  X.233 CLNP Data (compressed header):
   LRef: 0x42 Prio: 11 Flags: 0xc0
   Lifetime: 50.0 sec
   PDU Id: 0x1a29
   X.224 COTP Data Ack:
    dst_ref: 0xd809
    rseq: 2 credit: 2
    Checksum: 64 d7
    Flow control:
     Acked TPDU nr: 2
     Acked subsequence: 0
     Acked credit: 15

[2025-04-10 00:10:26 CEST] [136.725] [-9.2/-31.2 dBFS] [22.0 dB] [2.5 ppm]
4CA64E (Aircraft, Airborne) -> 11984A (Ground station): Command
AVLC type: I sseq: 7 rseq: 0 poll: 0
 X.25 Data: grp: 11 chan: 254 sseq: 4 rseq: 5 more: 0
  X.25 reasm status: skipped
  X.233 CLNP Data (compressed header):
   LRef: 0x45 Prio: 11 Flags: 0xc0
   Lifetime: 50.0 sec
   PDU Id: 0x1cfa
   X.224 COTP Data Ack:
    dst_ref: 0xd7f4
    rseq: 4 credit: 3
    Checksum: cb 80
    Flow control:
     Acked TPDU nr: 4
     Acked subsequence: 0
     Acked credit: 15

[2025-04-10 00:10:28 CEST] [136.675] [-12.4/-31.4 dBFS] [18.9 dB] [0.2 ppm]
4D2411 (Aircraft, Airborne) -> 12957A (Ground station): Command
AVLC type: I sseq: 5 rseq: 6 poll: 0
 X.25 Data: grp: 11 chan: 255 sseq: 3 rseq: 4 more: 0
  X.25 reasm status: skipped
  X.233 CLNP Data (compressed header):
   LRef: 0x43 Prio: 11 Flags: 0xf6
   Lifetime: 20.0 sec
   PDU Id: 0x57
   X.224 COTP Data Ack:
    dst_ref: 0x0083
    rseq: 5 credit: 3
    Flow control:
     Acked TPDU nr: 5
     Acked subsequence: 0
     Acked credit: 10
    ATN checksum: b9 94 bc b8

[2025-04-10 00:11:10 CEST] [136.725] [-2.5/-30.9 dBFS] [28.4 dB] [0.8 ppm]
4D2415 (Aircraft, Airborne) -> 11985A (Ground station): Command
AVLC type: I sseq: 6 rseq: 0 poll: 0
 X.25 Data: grp: 11 chan: 255 sseq: 3 rseq: 5 more: 0
  X.25 reasm status: skipped
  X.233 CLNP Data (compressed header):
   LRef: 0x42 Prio: 11 Flags: 0xf6
   Lifetime: 20.0 sec
   PDU Id: 0x42
   X.224 COTP Data Ack:
    dst_ref: 0xd7fa
    rseq: 4 credit: 3
    Flow control:
     Acked TPDU nr: 4
     Acked subsequence: 0
     Acked credit: 15
    ATN checksum: 8e e5 b0 fb

[2025-04-10 00:11:55 CEST] [136.975] [-7.9/-30.8 dBFS] [22.9 dB] [7.4 ppm]
4CA8E6 (Aircraft, Airborne) -> 10F69B (Ground station): Command
AVLC type: I sseq: 2 rseq: 5 poll: 0
 X.25 Data: grp: 11 chan: 255 sseq: 3 rseq: 6 more: 0
  X.25 reasm status: skipped
  X.233 CLNP Data (compressed header):
   LRef: 0x42 Prio: 11 Flags: 0xc0
   Lifetime: 50.0 sec
   PDU Id: 0x1a2a
   X.224 COTP Data Ack:
    dst_ref: 0xd809
    rseq: 2 credit: 2
    Checksum: 64 d7
    Flow control:
     Acked TPDU nr: 2
     Acked subsequence: 0
     Acked credit: 15

