[2025-05-01 00:00:01 CEST] [136.675] [-9.9/-31.6 dBFS] [21.7 dB] [2.2 ppm]
4D2014 (Aircraft, Airborne) -> 11907A (Ground station): Command
AVLC type: I sseq: 3 rseq: 7 poll: 0
 X.25 Data: grp: 11 chan: 255 sseq: 2 rseq: 6 more: 0
  X.25 reasm status: skipped
  X.233 CLNP Data (compressed header):
   LRef: 0x42 Prio: 11 Flags: 0xf6
   Lifetime: 20.0 sec
   PDU Id: 0x40
   X.224 COTP Data Ack:
    dst_ref: 0x1e0d
    rseq: 4 credit: 3
    Flow control:
     Acked TPDU nr: 4
     Acked subsequence: 0
     Acked credit: 15
    ATN checksum: 15 c8 98 57

[2025-05-01 00:00:05 CEST] [136.975] [-12.0/-30.8 dBFS] [18.8 dB] [3.1 ppm]
4D2217 (Aircraft, Airborne) -> 10F63A (Ground station): Command
AVLC type: I sseq: 2 rseq: 3 poll: 0
 X.25 Data: grp: 11 chan: 254 sseq: 0 rseq: 1 more: 0
  X.25 reasm status: skipped
  X.233 CLNP Data (compressed header):
   LRef: 0x1 Prio: 11 Flags: 0xc0
   Lifetime: 50.0 sec
   PDU Id: 0x216
   X.224 COTP Data Ack:
    dst_ref: 0x1e21
    rseq: 2 credit: 2
    Checksum: 4c 92
    Flow control:
     Acked TPDU nr: 2
     Acked subsequence: 0
     Acked credit: 15

[2025-05-01 00:00:28 CEST] [136.725] [-8.8/-31.0 dBFS] [22.2 dB] [-2.0 ppm]
347258 (Aircraft, Airborne) -> 11985A (Ground station): Command
AVLC type: I sseq: 0 rseq: 4 poll: 0
 X.25 Data: grp: 11 chan: 255 sseq: 4 rseq: 0 more: 0
  X.25 reasm status: skipped
  X.233 CLNP Data (compressed header):
   LRef: 0x42 Prio: 11 Flags: 0xf6
   Lifetime: 20.0 sec
   PDU Id: 0xa7
   X.224 COTP Data Ack:
    dst_ref: 0x8659
    rseq: 0 credit: 1
    ATN checksum: 62 61 ba d7

[2025-05-01 00:00:28 CEST] [136.725] [-8.9/-30.9 dBFS] [22.0 dB] [-2.1 ppm]
347258 (Aircraft, Airborne) -> 11985A (Ground station): Command
AVLC type: I sseq: 1 rseq: 5 poll: 0
 X.25 Data: grp: 11 chan: 255 sseq: 5 rseq: 1 more: 0
  X.25 reasm status: skipped
  X.233 CLNP Data (compressed header):
   LRef: 0x42 Prio: 11 Flags: 0xf6
   Lifetime: 20.0 sec
   PDU Id: 0xa8
   X.224 COTP Data Ack:
    dst_ref: 0x8659
    rseq: 0 credit: 1
    Flow control:
     Acked TPDU nr: 0
     Acked subsequence: 0
     Acked credit: 1
    ATN checksum: 7b 60 56 84

[2025-05-01 00:00:30 CEST] [136.725] [-9.6/-31.3 dBFS] [21.7 dB] [4.1 ppm]
4D2268 (Aircraft, Airborne) -> 11984A (Ground station): Command
AVLC type: I sseq: 7 rseq: 0 poll: 0
 X.25 Data: grp: 11 chan: 255 sseq: 5 rseq: 6 more: 0
  X.25 reasm status: skipped
  X.233 CLNP Data (compressed header):
   LRef: 0x44 Prio: 11 Flags: 0xc0
   Lifetime: 50.0 sec
   PDU Id: 0x17ae
   X.224 COTP Data Ack:
    dst_ref: 0x1e12
    rseq: 4 credit: 3
    Checksum: 94 54
    Flow control:
     Acked TPDU nr: 4
     Acked subsequence: 0
     Acked credit: 15

[2025-05-01 00:00:34 CEST] [136.725] [-0.2/-31.1 dBFS] [30.9 dB] [2.3 ppm]
4CA301 (Aircraft, Airborne) -> 11985A (Ground station): Command
AVLC type: I sseq: 0 rseq: 0 poll: 0
 X.25 Data: grp: 11 chan: 255 sseq: 0 rseq: 1 more: 0
  X.25 reasm status: skipped
  X.233 CLNP Data (compressed header):
   LRef: 0x41 Prio: 11 Flags: 0xc0
   Lifetime: 50.0 sec
   PDU Id: 0x2303
   X.224 COTP Data Ack:
    dst_ref: 0x1e0b
    rseq: 4 credit: 3
    Checksum: b7 38
    Flow control:
     Acked TPDU nr: 4
     Acked subsequence: 0
     Acked credit: 15

[2025-05-01 00:00:34 CEST] [136.725] [1.1/-31.0 dBFS] [32.1 dB] [2.4 ppm]
4CAC23 (Aircraft, Airborne) -> 11985A (Ground station): Command
AVLC type: I sseq: 1 rseq: 2 poll: 0
 X.25 Data: grp: 11 chan: 254 sseq: 6 rseq: 7 more: 0
  X.25 reasm status: skipped
  X.233 CLNP Data (compressed header):
   LRef: 0x41 Prio: 11 Flags: 0xc0
   Lifetime: 50.0 sec
   PDU Id: 0xf38
   X.224 COTP Data Ack:
    dst_ref: 0x1e1f
    rseq: 4 credit: 3
    Checksum: 53 88
    Flow control:
     Acked TPDU nr: 4
     Acked subsequence: 0
     Acked credit: 15

[2025-05-01 00:00:46 CEST] [136.975] [-10.3/-31.0 dBFS] [20.7 dB] [2.0 ppm]
4D21ED (Aircraft, Airborne) -> 109C2A (Ground station): Command
AVLC type: I sseq: 3 rseq: 4 poll: 0
 X.25 Data: grp: 11 chan: 255 sseq: 1 rseq: 2 more: 0
  X.25 reasm status: skipped
  X.233 CLNP Data (compressed header):
   LRef: 0x42 Prio: 11 Flags: 0xc0
   Lifetime: 50.0 sec
   PDU Id: 0x15cb
   X.224 COTP Connect Confirm:
    src_ref: 0x000d dst_ref: 0x865a
    Initial Credit: 1
    Protocol class: 4
    Options: 00 (use normal PDU formats)
    Calling transport selector: 70 6d
    Called/responding transport selector: 02 02
    TPDU size (bytes): 1024
    Checksum: 3a 80
    Additional options: 0x00
    Ack time (ms): 1000
    Priority: 3
    Inactivity timer (ms): 360000
    X.225 Session SPDU: Short Refuse Continue

[2025-05-01 00:00:47 CEST] [136.975] [-11.0/-31.1 dBFS] [20.1 dB] [2.1 ppm]
4D21ED (Aircraft, Airborne) -> 109C2A (Ground station): Command
AVLC type: I sseq: 4 rseq: 5 poll: 0
 X.25 Data: grp: 11 chan: 255 sseq: 2 rseq: 3 more: 0
  X.25 reasm status: skipped
  X.233 CLNP Data (compressed header):
   LRef: 0x42 Prio: 11 Flags: 0xc0
   Lifetime: 50.0 sec
   PDU Id: 0x15cc
   X.224 COTP Data:
    dst_ref: 0x865a
    sseq: 0 req_of_ack: 0 EoT: 1
    COTP reasm status: skipped
    Checksum: a5 bb
    X.225 Session SPDU: Short Refuse
     Refusal: persistent
     Transport connection: release
     X.227 ACSE Associate Response:
      Application context name: { 1.3.27.3.1 }
      Associate result: reject (permanent)
      CPDLC Downlink Message:
       Header:
        Msg ID: 1
        Timestamp: 2025-04-30 22:00:45
        Logical ACK: notRequired
       Message data:
        ERROR
         Error information: insufficientResources
        FREE TEXT
         AIRCREW HAS INHIBITED CPDLC

[2025-05-01 00:00:49 CEST] [136.975] [-10.6/-31.4 dBFS] [20.8 dB] [2.0 ppm]
4D21ED (Aircraft, Airborne) -> 109C2A (Ground station): Command
AVLC type: I sseq: 5 rseq: 7 poll: 0
 X.25 Data: grp: 11 chan: 255 sseq: 3 rseq: 5 more: 0
  X.25 reasm status: skipped
  X.233 CLNP Data (compressed header):
   LRef: 0x42 Prio: 11 Flags: 0xc0
   Lifetime: 50.0 sec
   PDU Id: 0x15cd
   X.224 COTP Disconnect Confirm:
    src_ref: 0x000d dst_ref: 0x865a
    Checksum: 59 29

[2025-05-01 00:01:08 CEST] [136.725] [-9.5/-31.3 dBFS] [21.8 dB] [3.9 ppm]
4D2268 (Aircraft, Airborne) -> 11984A (Ground station): Command
AVLC type: I sseq: 0 rseq: 0 poll: 0
 ACARS:
  Reassembly: skipped
  Reg: .9H-QDX Flight: FR13ND
  Mode: 2 Label: 16 Blk id: 5 More: 0 Ack: ! Msg num: M31A
  Message:
   220107,M114144,2257, 133,N 44.777 E  5.330

[2025-05-01 00:01:10 CEST] [136.725] [-10.4/-31.3 dBFS] [20.9 dB] [-1.9 ppm]
347258 (Aircraft, Airborne) -> 11985A (Ground station): Command
AVLC type: I sseq: 2 rseq: 7 poll: 0
 X.25 Data: grp: 11 chan: 255 sseq: 6 rseq: 3 more: 0
  X.25 reasm status: skipped
  X.233 CLNP Data (compressed header):
   LRef: 0x41 Prio: 11 Flags: 0xf6
   Lifetime: 20.0 sec
   PDU Id: 0xa9
   X.224 COTP Data Ack:
    dst_ref: 0x1e0f
    rseq: 8 credit: 3
    Flow control:
     Acked TPDU nr: 8
     Acked subsequence: 0
     Acked credit: 15
    ATN checksum: 2b 16 52 ab

[2025-05-01 00:01:13 CEST] [136.725] [-12.2/-31.8 dBFS] [19.6 dB] [-1.9 ppm]
347258 (Aircraft, Airborne) -> 11985A (Ground station): Command
AVLC type: I sseq: 3 rseq: 7 poll: 0
 ACARS:
  Reassembly: skipped
  Reg: .EC-NTU Flight: V702SA
  Mode: 2 Label: H1 Blk id: 1 More: 0 Ack: ! Msg num: C02A
  Sublabel: CF
  Message:
   WRN/WN25043022010021610006AIR PACK 2 REGUL FAULT  

[2025-05-01 00:01:20 CEST] [136.725] [-7.9/-31.4 dBFS] [23.5 dB] [2.0 ppm]
440141 (Aircraft, Airborne) -> 11985A (Ground station): Command
AVLC type: I sseq: 4 rseq: 4 poll: 0
 X.25 Data: grp: 11 chan: 255 sseq: 7 rseq: 0 more: 0
  X.25 reasm status: skipped
  X.233 CLNP Data (compressed header):
   LRef: 0x44 Prio: 11 Flags: 0xf6
   Lifetime: 20.0 sec
   PDU Id: 0x322
   X.224 COTP Data Ack:
    dst_ref: 0x1e29
    rseq: 4 credit: 3
    Flow control:
     Acked TPDU nr: 4
     Acked subsequence: 0
     Acked credit: 15
    ATN checksum: c3 a0 dd 69

[2025-05-01 00:01:29 CEST] [136.975] [-11.3/-31.8 dBFS] [20.5 dB] [1.9 ppm]
4D21ED (Aircraft, Airborne) -> 109C2A (Ground station): Command
AVLC type: I sseq: 6 rseq: 1 poll: 0
 X.25 Data: grp: 11 chan: 255 sseq: 4 rseq: 7 more: 0
  X.25 reasm status: skipped
  X.233 CLNP Data (compressed header):
   LRef: 0x45 Prio: 11 Flags: 0xc0
   Lifetime: 50.0 sec
   PDU Id: 0x15ce
   X.224 COTP Connect Confirm:
    src_ref: 0x000e dst_ref: 0x3278
    Initial Credit: 1
    Protocol class: 4
    Options: 00 (use normal PDU formats)
    Calling transport selector: 65 6d
    Called/responding transport selector: 02 02
    TPDU size (bytes): 1024
    Checksum: d2 28
    Additional options: 0x00
    Ack time (ms): 1000
    Priority: 3
    Inactivity timer (ms): 360000
    X.225 Session SPDU: Short Refuse Continue

[2025-05-01 00:01:30 CEST] [136.975] [-11.9/-31.2 dBFS] [19.3 dB] [1.7 ppm]
4D21ED (Aircraft, Airborne) -> 109C2A (Ground station): Command
AVLC type: I sseq: 7 rseq: 2 poll: 0
 X.25 Data: grp: 11 chan: 255 sseq: 5 rseq: 0 more: 0
  X.25 reasm status: skipped
  X.233 CLNP Data (compressed header):
   LRef: 0x45 Prio: 11 Flags: 0xc0
   Lifetime: 50.0 sec
   PDU Id: 0x15cf
   X.224 COTP Data:
    dst_ref: 0x3278
    sseq: 0 req_of_ack: 0 EoT: 1
    COTP reasm status: skipped
    Checksum: 59 9d
    X.225 Session SPDU: Short Refuse
     Refusal: persistent
     Transport connection: release
     X.227 ACSE Associate Response:
      Application context name: { 1.3.27.3.1 }
      Associate result: reject (permanent)
      CPDLC Downlink Message:
       Header:
        Msg ID: 1
        Timestamp: 2025-04-30 22:01:28
        Logical ACK: notRequired
       Message data:
        ERROR
         Error information: insufficientResources
        FREE TEXT
         AIRCREW HAS INHIBITED CPDLC

[2025-05-01 00:01:32 CEST] [136.975] [-11.4/-31.0 dBFS] [19.6 dB] [2.0 ppm]
4D21ED (Aircraft, Airborne) -> 109C2A (Ground station): Command
AVLC type: I sseq: 0 rseq: 4 poll: 0
 X.25 Data: grp: 11 chan: 255 sseq: 6 rseq: 2 more: 0
  X.25 reasm status: skipped
  X.233 CLNP Data (compressed header):
   LRef: 0x45 Prio: 11 Flags: 0xc0
   Lifetime: 50.0 sec
   PDU Id: 0x15d0
   X.224 COTP Disconnect Confirm:
    src_ref: 0x000e dst_ref: 0x3278
    Checksum: ee c8

[2025-05-01 00:01:34 CEST] [136.975] [-8.4/-31.0 dBFS] [22.7 dB] [3.0 ppm]
4D2217 (Aircraft, Airborne) -> 10F63A (Ground station): Command
AVLC type: I sseq: 3 rseq: 3 poll: 0
 ACARS:
  Reassembly: skipped
  Reg: .9H-QBL Flight: FR853B
  Mode: 2 Label: 16 Blk id: 3 More: 0 Ack: ! Msg num: M69A
  Message:
   220133,M122164,2259, 117,N 43.942 E  7.184

[2025-05-01 00:01:37 CEST] [136.975] [-8.8/-31.0 dBFS] [22.3 dB] [3.1 ppm]
4D2217 (Aircraft, Airborne) -> 10F63A (Ground station): Command
AVLC type: I sseq: 4 rseq: 4 poll: 0
 X.25 Data: grp: 11 chan: 254 sseq: 1 rseq: 2 more: 0
  X.25 reasm status: skipped
  X.233 CLNP Data (compressed header):
   LRef: 0x1 Prio: 11 Flags: 0xc0
   Lifetime: 50.0 sec
   PDU Id: 0x217
   X.224 COTP Data Ack:
    dst_ref: 0x1e21
    rseq: 2 credit: 2
    Checksum: 4c 92
    Flow control:
     Acked TPDU nr: 2
     Acked subsequence: 0
     Acked credit: 15

[2025-05-01 00:01:38 CEST] [136.975] [-9.0/-30.8 dBFS] [21.8 dB] [3.0 ppm]
4D2217 (Aircraft, Airborne) -> 10F63A (Ground station): Command
AVLC type: I sseq: 3 rseq: 4 poll: 0
 ACARS:
  Reassembly: skipped
  Reg: .9H-QBL Flight: FR853B
  Mode: 2 Label: 16 Blk id: 3 More: 0 Ack: ! Msg num: M69A
  Message:
   220133,M122164,2259, 117,N 43.942 E  7.184

[2025-05-01 00:01:38 CEST] [136.725] [-9.0/-30.9 dBFS] [21.9 dB] [2.1 ppm]
440141 (Aircraft, Airborne) -> 11985A (Ground station): Command
AVLC type: I sseq: 5 rseq: 5 poll: 0
 X.25 Data: grp: 11 chan: 255 sseq: 0 rseq: 1 more: 0
  X.25 reasm status: skipped
  X.233 CLNP Data (compressed header):
   LRef: 0x44 Prio: 11 Flags: 0xf6
   Lifetime: 20.0 sec
   PDU Id: 0x323
   X.224 COTP Data Ack:
    dst_ref: 0x1e29
    rseq: 5 credit: 3
    ATN checksum: eb 54 e6 35
   X.224 COTP Data:
    dst_ref: 0x1e29
    sseq: 4 req_of_ack: 0 EoT: 1
    COTP reasm status: skipped
    ATN checksum: cb 78 5b 0f
    X.227 ACSE Release Response:
     Reason: normal
     ATCDownlinkMessage: <empty PDU>

[2025-05-01 00:01:39 CEST] [136.725] [-12.7/-31.0 dBFS] [18.3 dB] [2.0 ppm]
440141 (Aircraft, Airborne) -> 11985A (Ground station): Command
AVLC type: I sseq: 6 rseq: 7 poll: 0
 X.25 Data: grp: 11 chan: 255 sseq: 1 rseq: 3 more: 0
  X.25 reasm status: skipped
  X.233 CLNP Data (compressed header):
   LRef: 0x44 Prio: 11 Flags: 0xf6
   Lifetime: 20.0 sec
   PDU Id: 0x324
   X.224 COTP Disconnect Confirm:
    src_ref: 0x0052 dst_ref: 0x1e29
    ATN checksum: 5c 48 9f 6c

[2025-05-01 00:01:41 CEST] [136.975] [-9.8/-30.9 dBFS] [21.0 dB] [3.2 ppm]
4D2217 (Aircraft, Airborne) -> 10F63A (Ground station): Command
AVLC type: I sseq: 4 rseq: 4 poll: 0
 X.25 Data: grp: 11 chan: 254 sseq: 1 rseq: 2 more: 0
  X.25 reasm status: skipped
  X.233 CLNP Data (compressed header):
   LRef: 0x1 Prio: 11 Flags: 0xc0
   Lifetime: 50.0 sec
   PDU Id: 0x217
   X.224 COTP Data Ack:
    dst_ref: 0x1e21
    rseq: 2 credit: 2
    Checksum: 4c 92
    Flow control:
     Acked TPDU nr: 2
     Acked subsequence: 0
     Acked credit: 15

[2025-05-01 00:01:42 CEST] [136.975] [-10.1/-30.8 dBFS] [20.7 dB] [3.0 ppm]
4D2217 (Aircraft, Airborne) -> 10F63A (Ground station): Command
AVLC type: I sseq: 3 rseq: 4 poll: 0
 ACARS:
  Reassembly: skipped
  Reg: .9H-QBL Flight: FR853B
  Mode: 2 Label: 16 Blk id: 3 More: 0 Ack: ! Msg num: M69A
  Message:
   220133,M122164,2259, 117,N 43.942 E  7.184

[2025-05-01 00:01:42 CEST] [136.975] [-10.2/-30.9 dBFS] [20.7 dB] [3.0 ppm]
4D2217 (Aircraft, Airborne) -> 10F63A (Ground station): Command
AVLC type: I sseq: 3 rseq: 4 poll: 0
 ACARS:
  Reassembly: skipped
  Reg: .9H-QBL Flight: FR853B
  Mode: 2 Label: 16 Blk id: 3 More: 0 Ack: ! Msg num: M69A
  Message:
   220133,M122164,2259, 117,N 43.942 E  7.184

[2025-05-01 00:01:55 CEST] [136.675] [-14.2/-31.3 dBFS] [17.1 dB] [1.5 ppm]
4CA4EE (Aircraft, Airborne) -> 11907A (Ground station): Command
AVLC type: I sseq: 3 rseq: 3 poll: 0
 X.25 Data: grp: 11 chan: 255 sseq: 0 rseq: 0 more: 0
  X.25 reasm status: skipped
  X.233 CLNP Data (compressed header):
   LRef: 0x41 Prio: 11 Flags: 0xc0
   Lifetime: 50.0 sec
   PDU Id: 0xa1e
   X.224 COTP Data Ack:
    dst_ref: 0x1e2d
    rseq: 2 credit: 2
    Checksum: 21 61

[2025-05-01 00:02:01 CEST] [136.725] [-8.8/-30.8 dBFS] [22.0 dB] [3.9 ppm]
4D2268 (Aircraft, Airborne) -> 11984A (Ground station): Command
AVLC type: I sseq: 1 rseq: 2 poll: 0
 X.25 Data: grp: 11 chan: 255 sseq: 6 rseq: 7 more: 0
  X.25 reasm status: skipped
  X.233 CLNP Data (compressed header):
   LRef: 0x44 Prio: 11 Flags: 0xc0
   Lifetime: 50.0 sec
   PDU Id: 0x17af
   X.224 COTP Data Ack:
    dst_ref: 0x1e12
    rseq: 4 credit: 3
    Checksum: 94 54
    Flow control:
     Acked TPDU nr: 4
     Acked subsequence: 0
     Acked credit: 15

[2025-05-01 00:02:03 CEST] [136.725] [1.0/-31.0 dBFS] [32.0 dB] [2.0 ppm]
4CAC23 (Aircraft, Airborne) -> 11985A (Ground station): Command
AVLC type: I sseq: 2 rseq: 3 poll: 0
 X.25 Data: grp: 11 chan: 254 sseq: 7 rseq: 0 more: 0
  X.25 reasm status: skipped
  X.233 CLNP Data (compressed header):
   LRef: 0x41 Prio: 11 Flags: 0xc0
   Lifetime: 50.0 sec
   PDU Id: 0xf39
   X.224 COTP Data Ack:
    dst_ref: 0x1e1f
    rseq: 4 credit: 3
    Checksum: 53 88
    Flow control:
     Acked TPDU nr: 4
     Acked subsequence: 0
     Acked credit: 15

[2025-05-01 00:02:56 CEST] [136.975] [-9.6/-31.2 dBFS] [21.6 dB] [-0.4 ppm]
34535A (Aircraft, Airborne) -> 10F63A (Ground station): Command
AVLC type: I sseq: 3 rseq: 4 poll: 0
 X.25 Data: grp: 11 chan: 255 sseq: 0 rseq: 3 more: 0
  X.25 reasm status: skipped
  X.233 CLNP Data (compressed header):
   LRef: 0x44 Prio: 11 Flags: 0xf6
   Lifetime: 20.0 sec
   PDU Id: 0x250
   X.224 COTP Data Ack:
    dst_ref: 0x1e22
    rseq: 4 credit: 3
    Flow control:
     Acked TPDU nr: 4
     Acked subsequence: 0
     Acked credit: 15
    ATN checksum: a9 17 aa e6

[2025-05-01 00:03:00 CEST] [136.725] [-9.9/-31.1 dBFS] [21.2 dB] [3.8 ppm]
4D2268 (Aircraft, Airborne) -> 11984A (Ground station): Command
AVLC type: I sseq: 3 rseq: 4 poll: 0
 X.25 Data: grp: 11 chan: 255 sseq: 0 rseq: 1 more: 0
  X.25 reasm status: skipped
  X.233 CLNP Data (compressed header):
   LRef: 0x44 Prio: 11 Flags: 0xc0
   Lifetime: 50.0 sec
   PDU Id: 0x17b1
   X.224 COTP Data Ack:
    dst_ref: 0x1e12
    rseq: 5 credit: 3
    Checksum: 95 04

[2025-05-01 00:03:01 CEST] [136.725] [-8.7/-30.8 dBFS] [22.1 dB] [3.8 ppm]
4D2268 (Aircraft, Airborne) -> 11984A (Ground station): Command
AVLC type: I sseq: 4 rseq: 4 poll: 0
 X.25 Data: grp: 11 chan: 255 sseq: 1 rseq: 1 more: 0
  X.25 reasm status: skipped
  X.233 CLNP Data (compressed header):
   LRef: 0x44 Prio: 11 Flags: 0xc0
   Lifetime: 50.0 sec
   PDU Id: 0x17b2
   X.224 COTP Data:
    dst_ref: 0x1e12
    sseq: 4 req_of_ack: 0 EoT: 1
    COTP reasm status: skipped
    Checksum: 22 5f
    CPDLC Downlink Message:
     Header:
      Msg ID: 4
      Msg Ref: 5
      Timestamp: 2025-04-30 22:02:59
      Logical ACK: notRequired
     Message data:
      LOGICAL ACKNOWLEDGMENT

[2025-05-01 00:03:09 CEST] [136.725] [-9.9/-31.1 dBFS] [21.2 dB] [3.8 ppm]
4D2268 (Aircraft, Airborne) -> 11984A (Ground station): Command
AVLC type: I sseq: 5 rseq: 5 poll: 0
 X.25 Data: grp: 11 chan: 255 sseq: 2 rseq: 2 more: 0
  X.25 reasm status: skipped
  X.233 CLNP Data (compressed header):
   LRef: 0x44 Prio: 11 Flags: 0xc0
   Lifetime: 50.0 sec
   PDU Id: 0x17b3
   X.224 COTP Data:
    dst_ref: 0x1e12
    sseq: 5 req_of_ack: 0 EoT: 1
    COTP reasm status: skipped
    Checksum: 96 31
    CPDLC Downlink Message:
     Header:
      Msg ID: 5
      Msg Ref: 5
      Timestamp: 2025-04-30 22:03:08
      Logical ACK: required
     Message data:
      WILCO

[2025-05-01 00:03:09 CEST] [136.975] [-6.9/-31.2 dBFS] [24.3 dB] [3.1 ppm]
4D2217 (Aircraft, Airborne) -> 10F63A (Ground station): Command
AVLC type: I sseq: 6 rseq: 7 poll: 0
 X.25 Data: grp: 11 chan: 254 sseq: 3 rseq: 4 more: 0
  X.25 reasm status: skipped
  X.233 CLNP Data (compressed header):
   LRef: 0x1 Prio: 11 Flags: 0xc0
   Lifetime: 50.0 sec
   PDU Id: 0x219
   X.224 COTP Data Ack:
    dst_ref: 0x1e21
    rseq: 2 credit: 2
    Checksum: 4c 92
    Flow control:
     Acked TPDU nr: 2
     Acked subsequence: 0
     Acked credit: 15

[2025-05-01 00:03:10 CEST] [136.725] [-10.5/-30.8 dBFS] [20.3 dB] [3.7 ppm]
4D2268 (Aircraft, Airborne) -> 11984A (Ground station): Command
AVLC type: I sseq: 6 rseq: 7 poll: 0
 X.25 Data: grp: 11 chan: 255 sseq: 3 rseq: 4 more: 0
  X.25 reasm status: skipped
  X.233 CLNP Data (compressed header):
   LRef: 0x44 Prio: 11 Flags: 0xc0
   Lifetime: 50.0 sec
   PDU Id: 0x17b4
   X.224 COTP Data Ack:
    dst_ref: 0x1e12
    rseq: 6 credit: 3
    Checksum: 91 07

[2025-05-01 00:03:21 CEST] [136.675] [-12.7/-31.5 dBFS] [18.8 dB] [2.7 ppm]
4CAD4F (Aircraft, Airborne) -> 11907A (Ground station): Command
AVLC type: I sseq: 5 rseq: 5 poll: 0
 X.25 Data: grp: 11 chan: 254 sseq: 2 rseq: 2 more: 0
  X.25 reasm status: skipped
  X.233 CLNP Data (compressed header):
   LRef: 0x41 Prio: 11 Flags: 0xc0
   Lifetime: 50.0 sec
   PDU Id: 0x15fa
   X.224 COTP Data Ack:
    dst_ref: 0x1dfc
    rseq: 4 credit: 3
    Checksum: 09 a7

[2025-05-01 00:04:28 CEST] [136.975] [-8.2/-30.8 dBFS] [22.5 dB] [-0.5 ppm]
34535A (Aircraft, Airborne) -> 10F63A (Ground station): Command
AVLC type: I sseq: 4 rseq: 5 poll: 0
 X.25 Data: grp: 11 chan: 255 sseq: 1 rseq: 4 more: 0
  X.25 reasm status: skipped
  X.233 CLNP Data (compressed header):
   LRef: 0x44 Prio: 11 Flags: 0xf6
   Lifetime: 20.0 sec
   PDU Id: 0x251
   X.224 COTP Data Ack:
    dst_ref: 0x1e22
    rseq: 4 credit: 3
    Flow control:
     Acked TPDU nr: 4
     Acked subsequence: 0
     Acked credit: 15
    ATN checksum: a9 17 aa e6

[2025-05-01 00:04:31 CEST] [136.975] [-7.4/-31.0 dBFS] [23.6 dB] [-0.6 ppm]
34535A (Aircraft, Airborne) -> 10F63A (Ground station): Command
AVLC type: I sseq: 4 rseq: 5 poll: 0
 X.25 Data: grp: 11 chan: 255 sseq: 1 rseq: 4 more: 0
  X.25 reasm status: skipped
  X.233 CLNP Data (compressed header):
   LRef: 0x44 Prio: 11 Flags: 0xf6
   Lifetime: 20.0 sec
   PDU Id: 0x251
   X.224 COTP Data Ack:
    dst_ref: 0x1e22
    rseq: 4 credit: 3
    Flow control:
     Acked TPDU nr: 4
     Acked subsequence: 0
     Acked credit: 15
    ATN checksum: a9 17 aa e6

[2025-05-01 00:04:41 CEST] [136.975] [-5.6/-31.1 dBFS] [25.4 dB] [3.3 ppm]
4D2217 (Aircraft, Airborne) -> 10F63A (Ground station): Command
AVLC type: I sseq: 7 rseq: 0 poll: 0
 X.25 Data: grp: 11 chan: 254 sseq: 4 rseq: 5 more: 0
  X.25 reasm status: skipped
  X.233 CLNP Data (compressed header):
   LRef: 0x1 Prio: 11 Flags: 0xc0
   Lifetime: 50.0 sec
   PDU Id: 0x21a
   X.224 COTP Data Ack:
    dst_ref: 0x1e21
    rseq: 2 credit: 2
    Checksum: 4c 92
    Flow control:
     Acked TPDU nr: 2
     Acked subsequence: 0
     Acked credit: 15

[2025-05-01 00:04:42 CEST] [136.725] [-6.7/-31.5 dBFS] [24.8 dB] [4.0 ppm]
4D2268 (Aircraft, Airborne) -> 11984A (Ground station): Command
AVLC type: I sseq: 7 rseq: 0 poll: 0
 X.25 Data: grp: 11 chan: 255 sseq: 4 rseq: 5 more: 0
  X.25 reasm status: skipped
  X.233 CLNP Data (compressed header):
   LRef: 0x44 Prio: 11 Flags: 0xc0
   Lifetime: 50.0 sec
   PDU Id: 0x17b5
   X.224 COTP Data Ack:
    dst_ref: 0x1e12
    rseq: 6 credit: 3
    Checksum: 98 4c
    Flow control:
     Acked TPDU nr: 6
     Acked subsequence: 0
     Acked credit: 15

[2025-05-01 00:04:47 CEST] [136.975] [-11.1/-31.4 dBFS] [20.2 dB] [-0.6 ppm]
34535A (Aircraft, Airborne) -> 10F63A (Ground station): Command
AVLC type: I sseq: 5 rseq: 5 poll: 0
 ACARS:
  Reassembly: skipped
  Reg: .EC-MQB Flight: VY52YE
  Mode: 2 Label: 16 Blk id: 1 More: 0 Ack: ! Msg num: M21A
  Message:
   220442,34991,2257, 116,N 43.638 E  6.408,----

[2025-05-01 00:04:55 CEST] [136.675] [-12.1/-31.6 dBFS] [19.5 dB] [2.5 ppm]
4CAD4F (Aircraft, Airborne) -> 11907A (Ground station): Command
AVLC type: I sseq: 6 rseq: 7 poll: 0
 X.25 Data: grp: 11 chan: 254 sseq: 3 rseq: 4 more: 0
  X.25 reasm status: skipped
  X.233 CLNP Data (compressed header):
   LRef: 0x41 Prio: 11 Flags: 0xc0
   Lifetime: 50.0 sec
   PDU Id: 0x15fb
   X.224 COTP Data Ack:
    dst_ref: 0x1dfc
    rseq: 4 credit: 3
    Checksum: 04 fa
    Flow control:
     Acked TPDU nr: 4
     Acked subsequence: 0
     Acked credit: 15

[2025-05-01 00:04:55 CEST] [136.975] [-4.7/-31.4 dBFS] [26.6 dB] [3.3 ppm]
4D2217 (Aircraft, Airborne) -> 10F63A (Ground station): Command
AVLC type: I sseq: 0 rseq: 1 poll: 0
 X.25 Data: grp: 11 chan: 254 sseq: 5 rseq: 6 more: 0
  X.25 reasm status: skipped
  X.233 CLNP Data (compressed header):
   LRef: 0x1 Prio: 11 Flags: 0xc0
   Lifetime: 50.0 sec
   PDU Id: 0x21b
   X.224 COTP Data Ack:
    dst_ref: 0x1e21
    rseq: 3 credit: 2
    Checksum: 59 34

[2025-05-01 00:04:56 CEST] [136.975] [-4.9/-31.4 dBFS] [26.4 dB] [3.2 ppm]
4D2217 (Aircraft, Airborne) -> 10F63A (Ground station): Command
AVLC type: I sseq: 1 rseq: 1 poll: 0
 X.25 Data: grp: 11 chan: 254 sseq: 6 rseq: 6 more: 0
  X.25 reasm status: skipped
  X.233 CLNP Data (compressed header):
   LRef: 0x1 Prio: 11 Flags: 0xc0
   Lifetime: 50.0 sec
   PDU Id: 0x21c
   X.224 COTP Data:
    dst_ref: 0x1e21
    sseq: 2 req_of_ack: 0 EoT: 1
    COTP reasm status: skipped
    Checksum: e8 e6
    CPDLC Downlink Message:
     Header:
      Msg ID: 2
      Msg Ref: 3
      Timestamp: 2025-04-30 22:04:54
      Logical ACK: notRequired
     Message data:
      LOGICAL ACKNOWLEDGMENT

[2025-05-01 00:05:08 CEST] [136.975] [-6.1/-31.5 dBFS] [25.4 dB] [3.4 ppm]
4D2217 (Aircraft, Airborne) -> 10F63A (Ground station): Command
AVLC type: I sseq: 2 rseq: 2 poll: 0
 X.25 Data: grp: 11 chan: 254 sseq: 7 rseq: 7 more: 0
  X.25 reasm status: skipped
  X.233 CLNP Data (compressed header):
   LRef: 0x1 Prio: 11 Flags: 0xc0
   Lifetime: 50.0 sec
   PDU Id: 0x21d
   X.224 COTP Data:
    dst_ref: 0x1e21
    sseq: 3 req_of_ack: 0 EoT: 1
    COTP reasm status: skipped
    Checksum: c1 09
    CPDLC Downlink Message:
     Header:
      Msg ID: 3
      Msg Ref: 3
      Timestamp: 2025-04-30 22:05:07
      Logical ACK: required
     Message data:
      WILCO

[2025-05-01 00:05:09 CEST] [136.975] [-6.3/-31.5 dBFS] [25.2 dB] [3.2 ppm]
4D2217 (Aircraft, Airborne) -> 10F63A (Ground station): Command
AVLC type: I sseq: 3 rseq: 4 poll: 0
 X.25 Data: grp: 11 chan: 254 sseq: 0 rseq: 1 more: 0
  X.25 reasm status: skipped
  X.233 CLNP Data (compressed header):
   LRef: 0x1 Prio: 11 Flags: 0xc0
   Lifetime: 50.0 sec
   PDU Id: 0x21e
   X.224 COTP Data Ack:
    dst_ref: 0x1e21
    rseq: 4 credit: 3
    Checksum: 4e 3d

[2025-05-01 00:05:18 CEST] [136.675] [-12.5/-31.7 dBFS] [19.2 dB] [1.7 ppm]
4D2014 (Aircraft, Airborne) -> 11907A (Ground station): Command
AVLC type: I sseq: 1 rseq: 7 poll: 0
 X.25 Data: grp: 11 chan: 255 sseq: 0 rseq: 6 more: 0
  X.25 reasm status: skipped
  X.233 CLNP Data (compressed header):
   LRef: 0x43 Prio: 11 Flags: 0xf6
   Lifetime: 20.0 sec
   PDU Id: 0x46
   X.224 COTP Connect Confirm:
    src_ref: 0x0035 dst_ref: 0x865d
    Initial Credit: 1
    Protocol class: 4
    Options: 00 (use normal PDU formats)
    TPDU size (bytes): 1024
    Called/responding transport selector: 16
    Calling transport selector: 70 6d
    Priority: 3
    Ack time (ms): 1000
    Inactivity timer (ms): 360000
    Additional options: 0x00
    ATN checksum: 06 7d 18 ef
    X.225 Session SPDU: Short Accept
     X.227 ACSE Associate Response:
      Application context name: { 1.3.27.3.1 }
      Associate result: accept
      ATCDownlinkMessage: <empty PDU>

[2025-05-01 00:05:28 CEST] [136.675] [-13.8/-31.4 dBFS] [17.6 dB] [2.3 ppm]
4CAD4F (Aircraft, Airborne) -> 11907A (Ground station): Command
AVLC type: I sseq: 7 rseq: 7 poll: 0
 ACARS:
  Reassembly: skipped
  Reg: .EI-HGE Flight: FR168Z
  Mode: 2 Label: 16 Blk id: 8 More: 0 Ack: ! Msg num: M11A
  Message:
   220527,37999,2358, 124,N 45.167 E  5.982

[2025-05-01 00:06:00 CEST] [136.975] [-6.7/-31.4 dBFS] [24.7 dB] [-0.3 ppm]
34535A (Aircraft, Airborne) -> 10F63A (Ground station): Command
AVLC type: I sseq: 6 rseq: 7 poll: 0
 X.25 Data: grp: 11 chan: 255 sseq: 2 rseq: 5 more: 0
  X.25 reasm status: skipped
  X.233 CLNP Data (compressed header):
   LRef: 0x44 Prio: 11 Flags: 0xf6
   Lifetime: 20.0 sec
   PDU Id: 0x252
   X.224 COTP Data Ack:
    dst_ref: 0x1e22
    rseq: 4 credit: 3
    Flow control:
     Acked TPDU nr: 4
     Acked subsequence: 0
     Acked credit: 15
    ATN checksum: a9 17 aa e6

[2025-05-01 00:06:03 CEST] [136.975] [-7.2/-31.2 dBFS] [24.0 dB] [-0.5 ppm]
34535A (Aircraft, Airborne) -> 10F63A (Ground station): Command
AVLC type: I sseq: 6 rseq: 7 poll: 0
 X.25 Data: grp: 11 chan: 255 sseq: 2 rseq: 5 more: 0
  X.25 reasm status: skipped
  X.233 CLNP Data (compressed header):
   LRef: 0x44 Prio: 11 Flags: 0xf6
   Lifetime: 20.0 sec
   PDU Id: 0x252
   X.224 COTP Data Ack:
    dst_ref: 0x1e22
    rseq: 4 credit: 3
    Flow control:
     Acked TPDU nr: 4
     Acked subsequence: 0
     Acked credit: 15
    ATN checksum: a9 17 aa e6

[2025-05-01 00:06:06 CEST] [136.975] [-6.4/-30.9 dBFS] [24.5 dB] [-0.4 ppm]
34535A (Aircraft, Airborne) -> 10F63A (Ground station): Command
AVLC type: I sseq: 6 rseq: 7 poll: 0
 X.25 Data: grp: 11 chan: 255 sseq: 2 rseq: 5 more: 0
  X.25 reasm status: skipped
  X.233 CLNP Data (compressed header):
   LRef: 0x44 Prio: 11 Flags: 0xf6
   Lifetime: 20.0 sec
   PDU Id: 0x252
   X.224 COTP Data Ack:
    dst_ref: 0x1e22
    rseq: 4 credit: 3
    Flow control:
     Acked TPDU nr: 4
     Acked subsequence: 0
     Acked credit: 15
    ATN checksum: a9 17 aa e6

[2025-05-01 00:06:10 CEST] [136.975] [-7.0/-31.0 dBFS] [24.0 dB] [-0.4 ppm]
34535A (Aircraft, Airborne) -> 10F63A (Ground station): Command
AVLC type: I sseq: 6 rseq: 0 poll: 0
 X.25 Data: grp: 11 chan: 255 sseq: 2 rseq: 5 more: 0
  X.25 reasm status: skipped
  X.233 CLNP Data (compressed header):
   LRef: 0x44 Prio: 11 Flags: 0xf6
   Lifetime: 20.0 sec
   PDU Id: 0x252
   X.224 COTP Data Ack:
    dst_ref: 0x1e22
    rseq: 4 credit: 3
    Flow control:
     Acked TPDU nr: 4
     Acked subsequence: 0
     Acked credit: 15
    ATN checksum: a9 17 aa e6

[2025-05-01 00:06:13 CEST] [136.975] [-5.1/-31.5 dBFS] [26.4 dB] [-0.3 ppm]
34535A (Aircraft, Airborne) -> 10F63A (Ground station): Command
AVLC type: I sseq: 6 rseq: 0 poll: 0
 X.25 Data: grp: 11 chan: 255 sseq: 2 rseq: 5 more: 0
  X.25 reasm status: skipped
  X.233 CLNP Data (compressed header):
   LRef: 0x44 Prio: 11 Flags: 0xf6
   Lifetime: 20.0 sec
   PDU Id: 0x252
   X.224 COTP Data Ack:
    dst_ref: 0x1e22
    rseq: 4 credit: 3
    Flow control:
     Acked TPDU nr: 4
     Acked subsequence: 0
     Acked credit: 15
    ATN checksum: a9 17 aa e6

[2025-05-01 00:06:14 CEST] [136.725] [-7.9/-31.3 dBFS] [23.4 dB] [3.6 ppm]
4D2268 (Aircraft, Airborne) -> 11984A (Ground station): Command
AVLC type: I sseq: 0 rseq: 1 poll: 0
 X.25 Data: grp: 11 chan: 255 sseq: 5 rseq: 6 more: 0
  X.25 reasm status: skipped
  X.233 CLNP Data (compressed header):
   LRef: 0x44 Prio: 11 Flags: 0xc0
   Lifetime: 50.0 sec
   PDU Id: 0x17b6
   X.224 COTP Data Ack:
    dst_ref: 0x1e12
    rseq: 6 credit: 3
    Checksum: 98 4c
    Flow control:
     Acked TPDU nr: 6
     Acked subsequence: 0
     Acked credit: 15

[2025-05-01 00:06:18 CEST] [136.975] [-7.1/-31.2 dBFS] [24.1 dB] [-0.4 ppm]
34535A (Aircraft, Airborne) -> 10F63A (Ground station): Command
AVLC type: I sseq: 6 rseq: 0 poll: 0
 X.25 Data: grp: 11 chan: 255 sseq: 2 rseq: 5 more: 0
  X.25 reasm status: skipped
  X.233 CLNP Data (compressed header):
   LRef: 0x44 Prio: 11 Flags: 0xf6
   Lifetime: 20.0 sec
   PDU Id: 0x252
   X.224 COTP Data Ack:
    dst_ref: 0x1e22
    rseq: 4 credit: 3
    Flow control:
     Acked TPDU nr: 4
     Acked subsequence: 0
     Acked credit: 15
    ATN checksum: a9 17 aa e6

[2025-05-01 00:06:25 CEST] [136.975] [-7.7/-31.2 dBFS] [23.4 dB] [-0.5 ppm]
34535A (Aircraft, Airborne) -> 10F68A (Ground station): Command
AVLC type: U (XID) P/F: 1
 XID: Handoff Initiation
  Public params:
   Parameter set ID: 8885:1993
   Procedure classes: 00 01
   HDLC options: 20 a4 80
  VDL params:
   Parameter set ID: V
   Connection management: 01
   XID sequencing: seq: 5 retry: 0
   AVLC specific options: 25
   Destination airport: LEBL
   Aircraft location: 43.5N 6.1E 35000 ft

[2025-05-01 00:06:41 CEST] [136.975] [-1.8/-31.0 dBFS] [29.2 dB] [3.3 ppm]
4D2217 (Aircraft, Airborne) -> 10F63A (Ground station): Command
AVLC type: I sseq: 4 rseq: 5 poll: 0
 X.25 Data: grp: 11 chan: 254 sseq: 1 rseq: 2 more: 0
  X.25 reasm status: skipped
  X.233 CLNP Data (compressed header):
   LRef: 0x1 Prio: 11 Flags: 0xc0
   Lifetime: 50.0 sec
   PDU Id: 0x21f
   X.224 COTP Data Ack:
    dst_ref: 0x1e21
    rseq: 4 credit: 3
    Checksum: 49 90
    Flow control:
     Acked TPDU nr: 4
     Acked subsequence: 0
     Acked credit: 15

[2025-05-01 00:06:49 CEST] [136.675] [-8.4/-31.1 dBFS] [22.7 dB] [1.8 ppm]
4D2014 (Aircraft, Airborne) -> 11907A (Ground station): Command
AVLC type: I sseq: 3 rseq: 2 poll: 0
 X.25 Data: grp: 11 chan: 255 sseq: 2 rseq: 1 more: 0
  X.25 reasm status: skipped
  X.233 CLNP Data (compressed header):
   LRef: 0x42 Prio: 11 Flags: 0xf6
   Lifetime: 20.0 sec
   PDU Id: 0x48
   X.224 COTP Data Ack:
    dst_ref: 0x1e0d
    rseq: 5 credit: 3
    Flow control:
     Acked TPDU nr: 5
     Acked subsequence: 0
     Acked credit: 15
    ATN checksum: 10 63 fb 5c

[2025-05-01 00:07:01 CEST] [136.975] [-1.3/-31.2 dBFS] [29.9 dB] [-0.5 ppm]
34535A (Aircraft, Airborne) -> 10F68A (Ground station): Command
AVLC type: I sseq: 3 rseq: 3 poll: 0
 ACARS:
  Reassembly: skipped
  Reg: .EC-MQB Flight: VY52YE
  Mode: 2 Label: H1 Blk id: 4 More: 0 Ack: ! Msg num: F91A
  Sublabel: M1
  Message:
   RESPWI/AK,071/TS220700,3004258C08

[2025-05-01 00:07:19 CEST] [136.675] [-7.9/-31.3 dBFS] [23.4 dB] [1.8 ppm]
4D2014 (Aircraft, Airborne) -> 11907A (Ground station): Command
AVLC type: I sseq: 4 rseq: 3 poll: 0
 X.25 Data: grp: 11 chan: 255 sseq: 3 rseq: 1 more: 0
  X.25 reasm status: skipped
  X.233 CLNP Data (compressed header):
   LRef: 0x43 Prio: 11 Flags: 0xf6
   Lifetime: 20.0 sec
   PDU Id: 0x49
   X.224 COTP Data Ack:
    dst_ref: 0x865d
    rseq: 0 credit: 1
    ATN checksum: 4b 56 52 e2

[2025-05-01 00:07:19 CEST] [136.675] [-7.7/-31.2 dBFS] [23.5 dB] [1.7 ppm]
4D2014 (Aircraft, Airborne) -> 11907A (Ground station): Command
AVLC type: I sseq: 5 rseq: 3 poll: 0
 X.25 Data: grp: 11 chan: 255 sseq: 4 rseq: 2 more: 0
  X.25 reasm status: skipped
  X.233 CLNP Data (compressed header):
   LRef: 0x43 Prio: 11 Flags: 0xf6
   Lifetime: 20.0 sec
   PDU Id: 0x4a
   X.224 COTP Data Ack:
    dst_ref: 0x865d
    rseq: 0 credit: 1
    Flow control:
     Acked TPDU nr: 0
     Acked subsequence: 0
     Acked credit: 1
    ATN checksum: f0 aa 75 26

[2025-05-01 00:07:32 CEST] [136.975] [-5.1/-31.1 dBFS] [26.0 dB] [-0.7 ppm]
34535A (Aircraft, Airborne) -> 10F68A (Ground station): Command
AVLC type: I sseq: 4 rseq: 5 poll: 0
 X.25 Data: grp: 11 chan: 255 sseq: 0 rseq: 1 more: 0
  X.25 reasm status: skipped
  X.233 CLNP Data (compressed header):
   LRef: 0x44 Prio: 11 Flags: 0xf6
   Lifetime: 20.0 sec
   PDU Id: 0x254
   X.224 COTP Data Ack:
    dst_ref: 0x1e22
    rseq: 4 credit: 3
    Flow control:
     Acked TPDU nr: 4
     Acked subsequence: 0
     Acked credit: 15
    ATN checksum: a9 17 aa e6

[2025-05-01 00:07:34 CEST] [136.975] [-10.1/-31.0 dBFS] [20.9 dB] [-0.8 ppm]
717C98 (Aircraft, Airborne) -> 26CA77 (Ground station): Command
AVLC type: I sseq: 1 rseq: 6 poll: 0
 ACARS:
  Reassembly: out of sequence
  Reg: HZ-NS66 Flight: XY0660
  Mode: 2 Label: H1 Blk id: 4 More: 0 Ack: ! Msg num: D16B
  Sublabel: DF
  Message:
   00,00,00,00,01,00/G204,01573,0170,N0002,23,00008,N015/H207753,07827,10316,08726,08109,07823/I202723,08124,08179,08226,08191,08216/J207959,08206,08339,00615,0349,00,014/K21517,41820,017,5757,0019,0075,0012/L20019,0191,0635,1457,00122,0894,0165/M21518,N0000,00085,280,N0001,0563,9999/N20003,0801,00168,0014,0433,1225,0840/P2N007,0200,00238,150,228,00,046/Q202000,01020,040A4,00000,10000,00810/R204208,00000,20000,01308,00000,00000/S22119F,00000,00008,00000,00800,00000/T200000,00000,10009,00000,00000,00000/U200000,00000,00000,00000,00000,00000/V200000,00000,00000,00000,00000,00000/W200000,00000,00000,00000,00000,00000/X200000/:

[2025-05-01 00:07:46 CEST] [136.725] [-7.0/-31.6 dBFS] [24.5 dB] [3.7 ppm]
4D2268 (Aircraft, Airborne) -> 11984A (Ground station): Command
AVLC type: I sseq: 2 rseq: 3 poll: 0
 X.25 Data: grp: 11 chan: 255 sseq: 7 rseq: 0 more: 0
  X.25 reasm status: skipped
  X.233 CLNP Data (compressed header):
   LRef: 0x44 Prio: 11 Flags: 0xc0
   Lifetime: 50.0 sec
   PDU Id: 0x17b8
   X.224 COTP Data Ack:
    dst_ref: 0x1e12
    rseq: 6 credit: 3
    Checksum: 98 4c
    Flow control:
     Acked TPDU nr: 6
     Acked subsequence: 0
     Acked credit: 15

[2025-05-01 00:08:11 CEST] [136.675] [-7.0/-31.5 dBFS] [24.5 dB] [1.9 ppm]
4D2014 (Aircraft, Airborne) -> 11907A (Ground station): Command
AVLC type: I sseq: 6 rseq: 4 poll: 0
 ACARS:
  Reassembly: skipped
  Reg: .9H-EUM Flight: LH006K
  Mode: 2 Label: 1L Blk id: 4 More: 0 Ack: ! Msg num: M11A
  Message:
   00011209203H8PPA69KKXKXX7--KFK+PFK77PPKB6X6687111-P6*6

[2025-05-01 00:08:14 CEST] [136.975] [0.4/-31.3 dBFS] [31.7 dB] [3.2 ppm]
4D2217 (Aircraft, Airborne) -> 10F68A (Ground station): Command
AVLC type: U (XID) P/F: 1
 XID: Handoff Initiation
  Public params:
   Parameter set ID: 8885:1993
   Procedure classes: 00 01
   HDLC options: 20 84 80
  VDL params:
   Parameter set ID: V
   XID sequencing: seq: 2 retry: 0
   Destination airport: LEBL
   Aircraft location: 43.5N 6.2E 0 ft
   Alternate ground stations: 10F69B 10985A 10952A 10907A 10984A 10FA5A 109C2A 10F66A
   AVLC specific options: 24
   Connection management: 01

[2025-05-01 00:08:16 CEST] [136.975] [-0.4/-31.6 dBFS] [31.2 dB] [3.0 ppm]
4D2217 (Aircraft, Airborne) -> 10F68A (Ground station): Command
AVLC type: I sseq: 2 rseq: 3 poll: 0
 X.25 Data: grp: 11 chan: 255 sseq: 0 rseq: 2 more: 0
  X.25 reasm status: skipped
  X.233 CLNP Data (compressed header):
   LRef: 0x40 Prio: 14 Flags: 0xc0
   Lifetime: 50.0 sec
   PDU Id: 0x221
   IDRP Error: seq: 3 ack: 3 credit_offered: 4 credit_avail: 3
    Code: 4 (FSM error)
    Erroneous BISPDU type: Open
    FSM state: ESTABLISHED

[2025-05-01 00:08:20 CEST] [136.975] [0.6/-31.5 dBFS] [32.1 dB] [3.1 ppm]
4D2217 (Aircraft, Airborne) -> 10F68A (Ground station): Command
AVLC type: I sseq: 5 rseq: 1 poll: 0
 X.25 Data: grp: 11 chan: 254 sseq: 0 rseq: 2 more: 0
  X.25 reasm status: skipped
  X.233 CLNP Data (compressed header):
   LRef: 0x40 Prio: 14 Flags: 0xc0
   Lifetime: 50.0 sec
   PDU Id: 0x222
   IDRP Open: seq: 4 ack: 2 credit_offered: 5 credit_avail: 2
    Hold Time: 900 seconds
    Max. PDU size: 3000 octets
    Source RDI: 47 00 27 41 52 59 52 00 4d 22 17	"G.'ARYR.M"."
    RIB Attribute Set:
     RibAtt #0:
      Security:
       Reg ID: 06 04 2b 1b 00 00
    Auth mechanism: simple checksum

[2025-05-01 00:08:21 CEST] [136.675] [-8.7/-31.5 dBFS] [22.8 dB] [1.5 ppm]
4D2014 (Aircraft, Airborne) -> 11907A (Ground station): Command
AVLC type: I sseq: 7 rseq: 6 poll: 0
 X.25 Data: grp: 11 chan: 255 sseq: 5 rseq: 4 more: 0
  X.25 reasm status: skipped
  X.233 CLNP Data (compressed header):
   LRef: 0x42 Prio: 11 Flags: 0xf6
   Lifetime: 20.0 sec
   PDU Id: 0x4b
   X.224 COTP Data Ack:
    dst_ref: 0x1e0d
    rseq: 5 credit: 3
    Flow control:
     Acked TPDU nr: 5
     Acked subsequence: 0
     Acked credit: 15
    ATN checksum: 10 63 fb 5c

[2025-05-01 00:08:22 CEST] [136.975] [0.4/-31.0 dBFS] [31.4 dB] [3.2 ppm]
4D2217 (Aircraft, Airborne) -> 10F68A (Ground station): Command
AVLC type: I sseq: 7 rseq: 4 poll: 0
 X.25 Data: grp: 11 chan: 254 sseq: 2 rseq: 5 more: 0
  X.25 reasm status: skipped
  X.233 CLNP Data (compressed header):
   LRef: 0x40 Prio: 14 Flags: 0xc0
   Lifetime: 50.0 sec
   PDU Id: 0x223
   IDRP Update: seq: 5 ack: 4 credit_offered: 3 credit_avail: 2
    Route:
     ID: 2
     Local preference: 0
    RD path:
     RD_SEQ:
      47 00 27 41 52 59 52 00 4d 22 17	"G.'ARYR.M"."
    RD hop count: 1
    Security:
     Reg ID: 06 04 2b 1b 00 00
     Info:
      Supported ATSC classes: all
    Capacity: 13
    Reachability info:
     Protocol: CLNP
     Prefix length: 88
     Dest. address prefix: 47 00 27 41 52 59 52 00 4d 22 17	"G.'ARYR.M"."

[2025-05-01 00:08:24 CEST] [136.975] [-1.6/-31.1 dBFS] [29.4 dB] [-0.6 ppm]
34535A (Aircraft, Airborne) -> 10F69B (Ground station): Command
AVLC type: U (XID) P/F: 1
 XID: Handoff Initiation
  Public params:
   Parameter set ID: 8885:1993
   Procedure classes: 00 01
   HDLC options: 20 a4 80
  VDL params:
   Parameter set ID: V
   Connection management: 01
   XID sequencing: seq: 6 retry: 0
   AVLC specific options: 25
   Destination airport: LEBL
   Aircraft location: 43.3N 5.9E 34000 ft

[2025-05-01 00:08:41 CEST] [136.775] [-3.1/-30.9 dBFS] [27.8 dB] [3.4 ppm]
424241 (Aircraft, Airborne) -> 2654E5 (Ground station): Command
AVLC type: U (XID) P/F: 1
 XID: Handoff Initiation
  Public params:
   Parameter set ID: 8885:1993
   Procedure classes: 00 01
   HDLC options: 20 a4 88
  VDL params:
   Parameter set ID: V
   XID sequencing: seq: 3 retry: 0
   Destination airport: EGGW
   Aircraft location: 43.0N 5.4E 0 ft
   AVLC specific options: 24
   Connection management: 01

[2025-05-01 00:08:57 CEST] [136.975] [-1.5/-30.7 dBFS] [29.1 dB] [4.8 ppm]
02A194 (Aircraft, Airborne) -> 26CA77 (Ground station): Command
AVLC type: U (XID) P/F: 1
 XID: Handoff Initiation
  Public params:
   Parameter set ID: 8885:1993
   Procedure classes: 00 01
   HDLC options: 20 a4 80
  VDL params:
   Parameter set ID: V
   Connection management: 01
   XID sequencing: seq: 5 retry: 0
   AVLC specific options: 25
   Destination airport: DTTA
   Aircraft location: 43.7N 5.6E 32000 ft

[2025-05-01 00:09:04 CEST] [136.975] [-1.7/-31.7 dBFS] [30.1 dB] [-1.0 ppm]
34535A (Aircraft, Airborne) -> 10F69B (Ground station): Command
AVLC type: I sseq: 2 rseq: 3 poll: 0
 X.25 Data: grp: 11 chan: 255 sseq: 0 rseq: 1 more: 0
  X.25 reasm status: skipped
  X.233 CLNP Data (compressed header):
   LRef: 0x44 Prio: 11 Flags: 0xf6
   Lifetime: 20.0 sec
   PDU Id: 0x255
   X.224 COTP Data Ack:
    dst_ref: 0x1e22
    rseq: 4 credit: 3
    Flow control:
     Acked TPDU nr: 4
     Acked subsequence: 0
     Acked credit: 15
    ATN checksum: a9 17 aa e6

[2025-05-01 00:09:05 CEST] [136.975] [-1.9/-31.2 dBFS] [29.4 dB] [-0.6 ppm]
34535A (Aircraft, Airborne) -> 10985A (Ground station): Command
AVLC type: U (XID) P/F: 1
 XID: Handoff Initiation
  Public params:
   Parameter set ID: 8885:1993
   Procedure classes: 00 01
   HDLC options: 20 a4 80
  VDL params:
   Parameter set ID: V
   Connection management: 01
   XID sequencing: seq: 7 retry: 0
   AVLC specific options: 25
   Destination airport: LEBL
   Aircraft location: 43.3N 5.8E 34000 ft

[2025-05-01 00:09:06 CEST] [136.975] [-2.8/-31.2 dBFS] [28.4 dB] [-0.8 ppm]
34535A (Aircraft, Airborne) -> 10985A (Ground station): Command
AVLC type: I sseq: 2 rseq: 3 poll: 0
 X.25 Data: grp: 11 chan: 255 sseq: 0 rseq: 2 more: 0
  X.25 reasm status: skipped
  X.233 CLNP Data (compressed header):
   LRef: 0x40 Prio: 14 Flags: 0xf6
   Lifetime: 20.0 sec
   PDU Id: 0x256
   IDRP Open: seq: 1 ack: 1 credit_offered: 3 credit_avail: 4
    Hold Time: 900 seconds
    Max. PDU size: 3000 octets
    Source RDI: 47 00 27 41 56 4c 47 00 34 53 5a	"G.'AVLG.4SZ"
    RIB Attribute Set:
     RibAtt #0:
      Security:
       Reg ID: 06 04 2b 1b 00 00
    Auth mechanism: simple checksum

[2025-05-01 00:09:06 CEST] [136.975] [-2.7/-31.3 dBFS] [28.6 dB] [-0.9 ppm]
34535A (Aircraft, Airborne) -> 10985A (Ground station): Command
AVLC type: I sseq: 3 rseq: 6 poll: 0
 X.25 Data: grp: 11 chan: 255 sseq: 1 rseq: 3 more: 0
  X.25 reasm status: skipped
  X.233 CLNP Data (compressed header):
   LRef: 0x40 Prio: 14 Flags: 0xf6
   Lifetime: 20.0 sec
   PDU Id: 0x257
   IDRP Update: seq: 2 ack: 1 credit_offered: 3 credit_avail: 3
    Route:
     ID: 7
     Local preference: 0
    RD path:
     RD_SEQ:
      47 00 27 41 56 4c 47 00 34 53 5a	"G.'AVLG.4SZ"
    RD hop count: 1
    Capacity: 13
    Reachability info:
     Protocol: CLNP
     Prefix length: 88
     Dest. address prefix: 47 00 27 41 56 4c 47 00 34 53 5a	"G.'AVLG.4SZ"

[2025-05-01 00:09:06 CEST] [136.975] [-2.7/-31.3 dBFS] [28.6 dB] [-0.9 ppm]
34535A (Aircraft, Airborne) -> 10985A (Ground station): Command
AVLC type: I sseq: 4 rseq: 6 poll: 0
 X.25 Data: grp: 11 chan: 255 sseq: 2 rseq: 3 more: 0
  X.25 reasm status: skipped
  X.233 CLNP Data (compressed header):
   LRef: 0x40 Prio: 14 Flags: 0xf6
   Lifetime: 20.0 sec
   PDU Id: 0x258
   IDRP Update: seq: 3 ack: 1 credit_offered: 3 credit_avail: 2
    Route:
     ID: 8
     Local preference: 0
    Security:
     Reg ID: 06 04 2b 1b 00 00
     Info:
      Supported ATSC classes: all
      Subnetwork type:
       Subnet: VDL
       Permitted traffic: all
    RD path:
     RD_SEQ:
      47 00 27 41 56 4c 47 00 34 53 5a	"G.'AVLG.4SZ"
    RD hop count: 1
    Capacity: 13
    Reachability info:
     Protocol: CLNP
     Prefix length: 88
     Dest. address prefix: 47 00 27 41 56 4c 47 00 34 53 5a	"G.'AVLG.4SZ"

[2025-05-01 00:09:18 CEST] [136.725] [-3.5/-30.7 dBFS] [27.2 dB] [3.4 ppm]
4D2268 (Aircraft, Airborne) -> 11984A (Ground station): Command
AVLC type: I sseq: 3 rseq: 4 poll: 0
 X.25 Data: grp: 11 chan: 255 sseq: 0 rseq: 1 more: 0
  X.25 reasm status: skipped
  X.233 CLNP Data (compressed header):
   LRef: 0x44 Prio: 11 Flags: 0xc0
   Lifetime: 50.0 sec
   PDU Id: 0x17b9
   X.224 COTP Data Ack:
    dst_ref: 0x1e12
    rseq: 6 credit: 3
    Checksum: 98 4c
    Flow control:
     Acked TPDU nr: 6
     Acked subsequence: 0
     Acked credit: 15

[2025-05-01 00:09:23 CEST] [136.875] [-13.7/-30.7 dBFS] [17.0 dB] [1.2 ppm]
51118A (Aircraft, Airborne) -> 23D821 (Ground station): Command
AVLC type: I sseq: 0 rseq: 6 poll: 0
 X.25 Data: grp: 11 chan: 255 sseq: 4 rseq: 6 more: 0
  X.25 reasm status: skipped
  X.233 CLNP Data (compressed header):
   LRef: 0x44 Prio: 11 Flags: 0xf6
   Lifetime: 20.0 sec
   PDU Id: 0x96
   X.224 COTP Data Ack:
    dst_ref: 0x1e23
    rseq: 4 credit: 3
    Flow control:
     Acked TPDU nr: 4
     Acked subsequence: 0
     Acked credit: 15
    ATN checksum: 6e 9f f5 47

[2025-05-01 00:09:26 CEST] [136.975] [0.9/-31.2 dBFS] [32.1 dB] [2.9 ppm]
4D2217 (Aircraft, Airborne) -> 10F68A (Ground station): Command
AVLC type: I sseq: 0 rseq: 5 poll: 0
 X.25 Data: grp: 11 chan: 254 sseq: 3 rseq: 6 more: 0
  X.25 reasm status: skipped
  X.233 CLNP Data:
   Src NSAP: 47 00 27 41 52 59 52 00 4d 22 17 00 00 00 00 00 00 00 01 01	"G.'ARYR.M".........."
   Dst NSAP: 47 00 27 81 83 46 52 00 01 43 43 01 43 45 53 2d 41 49 58 01	"G.'..FR..CC.CES-AIX."
   Lifetime: 50.0 sec
   Flags: SP
   Segmentation:
    PDU Id: 0x224
    Segment offset: 0
    PDU total length: 87
    CLNP reasm status: skipped
   Options:
    LRef: 0x00
    Priority: 0x0b
    Security:
     Reg ID: 06 04 2b 1b 00 00
     Info:
      Traffic type:
       Type: ATN operational
       Category: ATSC
       Route policy: 0x01
    QoS maintenance: 0xc0
   X.224 COTP Data Ack:
    dst_ref: 0x1e21
    rseq: 4 credit: 3
    Checksum: 4e 3d

[2025-05-01 00:09:33 CEST] [136.725] [-2.5/-30.8 dBFS] [28.3 dB] [-0.8 ppm]
34535A (Aircraft, Airborne) -> 11985A (Ground station): Command
AVLC type: U (XID) P/F: 1
 XID: Handoff Initiation
  Public params:
   Parameter set ID: 8885:1993
   Procedure classes: 00 01
   HDLC options: 20 a4 80
  VDL params:
   Parameter set ID: V
   Connection management: 01
   XID sequencing: seq: 0 retry: 0
   AVLC specific options: 25
   Destination airport: LEBL
   Aircraft location: 43.2N 5.7E 34000 ft

[2025-05-01 00:09:34 CEST] [136.725] [-3.0/-31.0 dBFS] [28.0 dB] [-0.9 ppm]
34535A (Aircraft, Airborne) -> 11985A (Ground station): Command
AVLC type: I sseq: 2 rseq: 2 poll: 0
 ACARS:
  Reassembly: skipped
  Reg: .EC-MQB Flight: VY52YE
  Mode: 2 Label: SA Blk id: 8 More: 0 Ack: ! Msg num: S03A
  Message:
   0EV220933V
  Media Advisory, version 0:
   Link VHF ACARS established at 22:09:33 UTC
   Available links: VHF ACARS

[2025-05-01 00:09:53 CEST] [136.675] [-14.2/-31.4 dBFS] [17.2 dB] [1.4 ppm]
4D2014 (Aircraft, Airborne) -> 11907A (Ground station): Command
AVLC type: I sseq: 2 rseq: 1 poll: 0
 X.25 Data: grp: 11 chan: 255 sseq: 0 rseq: 7 more: 0
  X.25 reasm status: skipped
  X.233 CLNP Data (compressed header):
   LRef: 0x42 Prio: 11 Flags: 0xf6
   Lifetime: 20.0 sec
   PDU Id: 0x4e
   X.224 COTP Data Ack:
    dst_ref: 0x1e0d
    rseq: 5 credit: 3
    Flow control:
     Acked TPDU nr: 5
     Acked subsequence: 0
     Acked credit: 15
    ATN checksum: 10 63 fb 5c

[2025-05-01 00:10:06 CEST] [136.975] [-11.9/-32.8 dBFS] [20.9 dB] [3.2 ppm]
405638 (Aircraft, Airborne) -> 10952A (Ground station): Command
AVLC type: I sseq: 4 rseq: 5 poll: 0
 X.25 Data: grp: 11 chan: 255 sseq: 2 rseq: 3 more: 0
  X.25 reasm status: skipped
  X.233 CLNP Data (compressed header):
   LRef: 0x41 Prio: 11 Flags: 0xf6
   Lifetime: 20.0 sec
   PDU Id: 0x1a2
   X.224 COTP Data Ack:
    dst_ref: 0x1e0c
    rseq: 2 credit: 2
    Flow control:
     Acked TPDU nr: 2
     Acked subsequence: 0
     Acked credit: 15
    ATN checksum: 48 94 62 32

[2025-05-01 00:10:06 CEST] [136.675] [-15.7/-32.9 dBFS] [17.2 dB] [1.3 ppm]
4D2088 (Aircraft, Airborne) -> 11907A (Ground station): Command
AVLC type: I sseq: 5 rseq: 0 poll: 0
 X.25 Data: grp: 11 chan: 255 sseq: 4 rseq: 7 more: 0
  X.25 reasm status: skipped
  X.233 CLNP Data (compressed header):
   LRef: 0x42 Prio: 11 Flags: 0xf6
   Lifetime: 20.0 sec
   PDU Id: 0x40
   X.224 COTP Data Ack:
    dst_ref: 0x1e24
    rseq: 2 credit: 2
    Flow control:
     Acked TPDU nr: 2
     Acked subsequence: 0
     Acked credit: 15
    ATN checksum: 89 d9 ae 35

[2025-05-01 00:10:36 CEST] [136.725] [0.9/-32.2 dBFS] [33.1 dB] [-0.9 ppm]
34535A (Aircraft, Airborne) -> 11985A (Ground station): Command
AVLC type: I sseq: 3 rseq: 4 poll: 0
 X.25 Data: grp: 11 chan: 255 sseq: 0 rseq: 1 more: 0
  X.25 reasm status: skipped
  X.233 CLNP Data (compressed header):
   LRef: 0x41 Prio: 11 Flags: 0xf6
   Lifetime: 20.0 sec
   PDU Id: 0x25a
   X.224 COTP Data Ack:
    dst_ref: 0x1e22
    rseq: 4 credit: 3
    Flow control:
     Acked TPDU nr: 4
     Acked subsequence: 0
     Acked credit: 15
    ATN checksum: a9 17 aa e6

[2025-05-01 00:10:45 CEST] [136.975] [-12.9/-32.2 dBFS] [19.4 dB] [3.1 ppm]
405638 (Aircraft, Airborne) -> 10952A (Ground station): Command
AVLC type: I sseq: 6 rseq: 7 poll: 0
 X.25 Data: grp: 11 chan: 255 sseq: 4 rseq: 5 more: 0
  X.25 reasm status: skipped
  X.233 CLNP Data (compressed header):
   LRef: 0x41 Prio: 11 Flags: 0xf6
   Lifetime: 20.0 sec
   PDU Id: 0x1a4
   X.224 COTP Data:
    dst_ref: 0x1e0c
    sseq: 3 req_of_ack: 0 EoT: 1
    COTP reasm status: skipped
    ATN checksum: 8a cb b3 e3
    CPDLC Downlink Message:
     Header:
      Msg ID: 3
      Msg Ref: 3
      Timestamp: 2025-04-30 22:10:44
      Logical ACK: required
     Message data:
      WILCO

[2025-05-01 00:10:50 CEST] [136.725] [0.4/-31.8 dBFS] [32.2 dB] [3.3 ppm]
4D2268 (Aircraft, Airborne) -> 11984A (Ground station): Command
AVLC type: I sseq: 4 rseq: 5 poll: 0
 X.25 Data: grp: 11 chan: 255 sseq: 1 rseq: 2 more: 0
  X.25 reasm status: skipped
  X.233 CLNP Data (compressed header):
   LRef: 0x44 Prio: 11 Flags: 0xc0
   Lifetime: 50.0 sec
   PDU Id: 0x17ba
   X.224 COTP Data Ack:
    dst_ref: 0x1e12
    rseq: 6 credit: 3
    Checksum: 98 4c
    Flow control:
     Acked TPDU nr: 6
     Acked subsequence: 0
     Acked credit: 15

[2025-05-01 00:10:57 CEST] [136.675] [-11.8/-31.0 dBFS] [19.2 dB] [1.3 ppm]
4D2088 (Aircraft, Airborne) -> 11907A (Ground station): Command
AVLC type: I sseq: 6 rseq: 1 poll: 0
 X.25 Data: grp: 11 chan: 255 sseq: 5 rseq: 0 more: 0
  X.25 reasm status: skipped
  X.233 CLNP Data (compressed header):
   LRef: 0x42 Prio: 11 Flags: 0xf6
   Lifetime: 20.0 sec
   PDU Id: 0x41
   X.224 COTP Data Ack:
    dst_ref: 0x1e24
    rseq: 3 credit: 2
    ATN checksum: 43 ba e7 10
   X.224 COTP Data:
    dst_ref: 0x1e24
    sseq: 2 req_of_ack: 0 EoT: 1
    COTP reasm status: skipped
    ATN checksum: 8f f2 4e f0
    CPDLC Downlink Message:
     Header:
      Msg ID: 2
      Msg Ref: 3
      Timestamp: 2025-04-30 22:10:56
      Logical ACK: notRequired
     Message data:
      LOGICAL ACKNOWLEDGMENT

[2025-05-01 00:11:02 CEST] [136.675] [-12.5/-31.6 dBFS] [19.1 dB] [1.1 ppm]
4D2088 (Aircraft, Airborne) -> 11907A (Ground station): Command
AVLC type: I sseq: 7 rseq: 2 poll: 0
 X.25 Data: grp: 11 chan: 255 sseq: 6 rseq: 1 more: 0
  X.25 reasm status: skipped
  X.233 CLNP Data (compressed header):
   LRef: 0x42 Prio: 11 Flags: 0xf6
   Lifetime: 20.0 sec
   PDU Id: 0x42
   X.224 COTP Data:
    dst_ref: 0x1e24
    sseq: 3 req_of_ack: 0 EoT: 1
    COTP reasm status: skipped
    ATN checksum: 8d 51 63 7e
    CPDLC Downlink Message:
     Header:
      Msg ID: 3
      Msg Ref: 3
      Timestamp: 2025-04-30 22:11:01
      Logical ACK: required
     Message data:
      WILCO

[2025-05-01 00:11:03 CEST] [136.675] [-10.9/-31.2 dBFS] [20.3 dB] [1.2 ppm]
4D2088 (Aircraft, Airborne) -> 11907A (Ground station): Command
AVLC type: I sseq: 0 rseq: 4 poll: 0
 X.25 Data: grp: 11 chan: 255 sseq: 7 rseq: 3 more: 0
  X.25 reasm status: skipped
  X.233 CLNP Data (compressed header):
   LRef: 0x42 Prio: 11 Flags: 0xf6
   Lifetime: 20.0 sec
   PDU Id: 0x43
   X.224 COTP Data Ack:
    dst_ref: 0x1e24
    rseq: 4 credit: 3
    ATN checksum: b6 5a e2 00

[2025-05-01 00:11:15 CEST] [136.975] [0.1/-31.3 dBFS] [31.4 dB] [2.6 ppm]
4D2217 (Aircraft, Airborne) -> 10F68A (Ground station): Command
AVLC type: I sseq: 1 rseq: 7 poll: 0
 X.25 Data: grp: 11 chan: 254 sseq: 4 rseq: 0 more: 0
  X.25 reasm status: skipped
  X.233 CLNP Data (compressed header):
   LRef: 0x0 Prio: 11 Flags: 0xc0
   Lifetime: 50.0 sec
   PDU Id: 0x225
   X.224 COTP Data Ack:
    dst_ref: 0x1e21
    rseq: 4 credit: 3
    Checksum: 49 90
    Flow control:
     Acked TPDU nr: 4
     Acked subsequence: 0
     Acked credit: 15

[2025-05-01 00:11:18 CEST] [136.975] [0.0/-31.3 dBFS] [31.3 dB] [2.6 ppm]
4D2217 (Aircraft, Airborne) -> 10F68A (Ground station): Command
AVLC type: I sseq: 1 rseq: 7 poll: 0
 X.25 Data: grp: 11 chan: 254 sseq: 4 rseq: 0 more: 0
  X.25 reasm status: skipped
  X.233 CLNP Data (compressed header):
   LRef: 0x0 Prio: 11 Flags: 0xc0
   Lifetime: 50.0 sec
   PDU Id: 0x225
   X.224 COTP Data Ack:
    dst_ref: 0x1e21
    rseq: 4 credit: 3
    Checksum: 49 90
    Flow control:
     Acked TPDU nr: 4
     Acked subsequence: 0
     Acked credit: 15

[2025-05-01 00:11:23 CEST] [136.975] [0.8/-31.6 dBFS] [32.4 dB] [2.6 ppm]
4D2217 (Aircraft, Airborne) -> 10F68A (Ground station): Command
AVLC type: I sseq: 1 rseq: 7 poll: 0
 X.25 Data: grp: 11 chan: 254 sseq: 4 rseq: 0 more: 0
  X.25 reasm status: skipped
  X.233 CLNP Data (compressed header):
   LRef: 0x0 Prio: 11 Flags: 0xc0
   Lifetime: 50.0 sec
   PDU Id: 0x225
   X.224 COTP Data Ack:
    dst_ref: 0x1e21
    rseq: 4 credit: 3
    Checksum: 49 90
    Flow control:
     Acked TPDU nr: 4
     Acked subsequence: 0
     Acked credit: 15

[2025-05-01 00:11:28 CEST] [136.975] [0.8/-31.3 dBFS] [32.2 dB] [2.5 ppm]
4D2217 (Aircraft, Airborne) -> 10F68A (Ground station): Command
AVLC type: I sseq: 1 rseq: 7 poll: 0
 X.25 Data: grp: 11 chan: 254 sseq: 4 rseq: 0 more: 0
  X.25 reasm status: skipped
  X.233 CLNP Data (compressed header):
   LRef: 0x0 Prio: 11 Flags: 0xc0
   Lifetime: 50.0 sec
   PDU Id: 0x225
   X.224 COTP Data Ack:
    dst_ref: 0x1e21
    rseq: 4 credit: 3
    Checksum: 49 90
    Flow control:
     Acked TPDU nr: 4
     Acked subsequence: 0
     Acked credit: 15

[2025-05-01 00:11:31 CEST] [136.975] [0.4/-31.4 dBFS] [31.8 dB] [2.9 ppm]
4D2217 (Aircraft, Airborne) -> 10F68A (Ground station): Command
AVLC type: I sseq: 1 rseq: 7 poll: 0
 X.25 Data: grp: 11 chan: 254 sseq: 4 rseq: 0 more: 0
  X.25 reasm status: skipped
  X.233 CLNP Data (compressed header):
   LRef: 0x0 Prio: 11 Flags: 0xc0
   Lifetime: 50.0 sec
   PDU Id: 0x225
   X.224 COTP Data Ack:
    dst_ref: 0x1e21
    rseq: 4 credit: 3
    Checksum: 49 90
    Flow control:
     Acked TPDU nr: 4
     Acked subsequence: 0
     Acked credit: 15

[2025-05-01 00:11:35 CEST] [136.775] [1.1/-31.2 dBFS] [32.3 dB] [3.0 ppm]
424241 (Aircraft, Airborne) -> 2654E5 (Ground station): Command
AVLC type: I sseq: 1 rseq: 1 poll: 0
 ACARS:
  Reassembly: skipped
  Reg: .VP-BZE Flight: ZD0000
  Mode: 2 Label: 17 Blk id: 5 More: 0 Ack: ! Msg num: M97A
  Message:
   09|\j48n04444C6464hh88%( (GeeoC+N6gh45,CG44Bg8B5ZChZhCghBCN64CugBZCjdH\!|C84

[2025-05-01 00:11:39 CEST] [136.975] [0.0/-31.5 dBFS] [31.5 dB] [2.5 ppm]
4D2217 (Aircraft, Airborne) -> 10F68A (Ground station): Command
AVLC type: I sseq: 1 rseq: 7 poll: 0
 X.25 Data: grp: 11 chan: 254 sseq: 4 rseq: 0 more: 0
  X.25 reasm status: skipped
  X.233 CLNP Data (compressed header):
   LRef: 0x0 Prio: 11 Flags: 0xc0
   Lifetime: 50.0 sec
   PDU Id: 0x225
   X.224 COTP Data Ack:
    dst_ref: 0x1e21
    rseq: 4 credit: 3
    Checksum: 49 90
    Flow control:
     Acked TPDU nr: 4
     Acked subsequence: 0
     Acked credit: 15

[2025-05-01 00:11:41 CEST] [136.975] [0.2/-31.0 dBFS] [31.2 dB] [2.5 ppm]
4D2217 (Aircraft, Airborne) -> 10F63A (Ground station): Command
AVLC type: U (XID) P/F: 1
 XID: Handoff Initiation
  Public params:
   Parameter set ID: 8885:1993
   Procedure classes: 00 01
   HDLC options: 20 84 80
  VDL params:
   Parameter set ID: V
   XID sequencing: seq: 3 retry: 0
   Destination airport: LEBL
   Aircraft location: 43.2N 5.7E 0 ft
   Alternate ground stations: 10907A 10985A 10952A 10984A 109C2A 10905A 10F69B 10F60B
   AVLC specific options: 24
   Connection management: 01

[2025-05-01 00:11:42 CEST] [136.775] [1.2/-31.2 dBFS] [32.5 dB] [3.1 ppm]
424241 (Aircraft, Airborne) -> 210DC5 (Ground station): Command
AVLC type: U (XID) P/F: 1
 XID: Handoff Initiation
  Public params:
   Parameter set ID: 8885:1993
   Procedure classes: 00 01
   HDLC options: 20 a4 88
  VDL params:
   Parameter set ID: V
   XID sequencing: seq: 4 retry: 0
   Destination airport: EGGW
   Aircraft location: 43.4N 5.3E 0 ft
   Alternate ground stations: 233925 23D825
   AVLC specific options: 24
   Connection management: 01

[2025-05-01 00:11:51 CEST] [136.975] [0.7/-30.8 dBFS] [31.5 dB] [2.7 ppm]
4D2217 (Aircraft, Airborne) -> 10F63A (Ground station): Command
AVLC type: U (XID) P/F: 1
 XID: Handoff Initiation
  Public params:
   Parameter set ID: 8885:1993
   Procedure classes: 00 01
   HDLC options: 20 84 80
  VDL params:
   Parameter set ID: V
   XID sequencing: seq: 3 retry: 1
   Destination airport: LEBL
   Aircraft location: 43.2N 5.7E 0 ft
   Alternate ground stations: 10907A 10985A 10952A 10984A 109C2A 10905A 10F69B 10F60B
   AVLC specific options: 24
   Connection management: 01

[2025-05-01 00:12:00 CEST] [136.975] [-0.6/-30.8 dBFS] [30.3 dB] [2.4 ppm]
4D2217 (Aircraft, Airborne) -> 10F63A (Ground station): Command
AVLC type: U (XID) P/F: 1
 XID: Handoff Initiation
  Public params:
   Parameter set ID: 8885:1993
   Procedure classes: 00 01
   HDLC options: 20 84 80
  VDL params:
   Parameter set ID: V
   XID sequencing: seq: 3 retry: 2
   Destination airport: LEBL
   Aircraft location: 43.2N 5.7E 0 ft
   Alternate ground stations: 10907A 10985A 10952A 10984A 109C2A 10905A 10F69B 10F60B
   AVLC specific options: 24
   Connection management: 01

[2025-05-01 00:12:08 CEST] [136.725] [0.2/-31.1 dBFS] [31.3 dB] [-1.3 ppm]
34535A (Aircraft, Airborne) -> 11985A (Ground station): Command
AVLC type: I sseq: 4 rseq: 5 poll: 0
 X.25 Data: grp: 11 chan: 255 sseq: 1 rseq: 2 more: 0
  X.25 reasm status: skipped
  X.233 CLNP Data (compressed header):
   LRef: 0x41 Prio: 11 Flags: 0xf6
   Lifetime: 20.0 sec
   PDU Id: 0x25b
   X.224 COTP Data Ack:
    dst_ref: 0x1e22
    rseq: 4 credit: 3
    Flow control:
     Acked TPDU nr: 4
     Acked subsequence: 0
     Acked credit: 15
    ATN checksum: a9 17 aa e6

[2025-05-01 00:12:10 CEST] [136.975] [0.3/-31.4 dBFS] [31.8 dB] [2.5 ppm]
4D2217 (Aircraft, Airborne) -> 10F63A (Ground station): Command
AVLC type: U (XID) P/F: 1
 XID: Handoff Initiation
  Public params:
   Parameter set ID: 8885:1993
   Procedure classes: 00 01
   HDLC options: 20 84 80
  VDL params:
   Parameter set ID: V
   XID sequencing: seq: 3 retry: 3
   Destination airport: LEBL
   Aircraft location: 43.2N 5.7E 0 ft
   Alternate ground stations: 10907A 10985A 10952A 10984A 109C2A 10905A 10F69B 10F60B
   AVLC specific options: 24
   Connection management: 01

[2025-05-01 00:12:18 CEST] [136.675] [-6.2/-31.2 dBFS] [25.0 dB] [1.0 ppm]
4D2088 (Aircraft, Airborne) -> 11907A (Ground station): Command
AVLC type: I sseq: 1 rseq: 4 poll: 0
 ACARS:
  Reassembly: skipped
  Reg: .9H-EWI Flight: LH6862
  Mode: 2 Label: 1L Blk id: 3 More: 0 Ack: ! Msg num: M19A
  Message:
   00014209292KIT:EO4:JS(L+TRR121Q5,YSS0IMG0WK814**,7SS)V

[2025-05-01 00:12:21 CEST] [136.975] [1.0/-31.2 dBFS] [32.2 dB] [2.6 ppm]
4D2217 (Aircraft, Airborne) -> 10F63A (Ground station): Command
AVLC type: U (XID) P/F: 1
 XID: Handoff Initiation
  Public params:
   Parameter set ID: 8885:1993
   Procedure classes: 00 01
   HDLC options: 20 84 80
  VDL params:
   Parameter set ID: V
   XID sequencing: seq: 3 retry: 4
   Destination airport: LEBL
   Aircraft location: 43.2N 5.7E 0 ft
   Alternate ground stations: 10907A 10985A 10952A 10984A 109C2A 10905A 10F69B 10F60B
   AVLC specific options: 24
   Connection management: 01

[2025-05-01 00:12:22 CEST] [136.725] [-2.6/-31.1 dBFS] [28.5 dB] [2.7 ppm]
4D2268 (Aircraft, Airborne) -> 11984A (Ground station): Command
AVLC type: I sseq: 6 rseq: 7 poll: 0
 X.25 Data: grp: 11 chan: 255 sseq: 3 rseq: 4 more: 0
  X.25 reasm status: skipped
  X.233 CLNP Data (compressed header):
   LRef: 0x44 Prio: 11 Flags: 0xc0
   Lifetime: 50.0 sec
   PDU Id: 0x17bc
   X.224 COTP Data Ack:
    dst_ref: 0x1e12
    rseq: 6 credit: 3
    Checksum: 98 4c
    Flow control:
     Acked TPDU nr: 6
     Acked subsequence: 0
     Acked credit: 15

[2025-05-01 00:12:34 CEST] [136.675] [-4.9/-31.1 dBFS] [26.2 dB] [1.1 ppm]
4D2088 (Aircraft, Airborne) -> 11907A (Ground station): Command
AVLC type: I sseq: 2 rseq: 6 poll: 0
 X.25 Data: grp: 11 chan: 255 sseq: 0 rseq: 4 more: 0
  X.25 reasm status: skipped
  X.233 CLNP Data (compressed header):
   LRef: 0x42 Prio: 11 Flags: 0xf6
   Lifetime: 20.0 sec
   PDU Id: 0x44
   X.224 COTP Data Ack:
    dst_ref: 0x1e24
    rseq: 4 credit: 3
    Flow control:
     Acked TPDU nr: 4
     Acked subsequence: 0
     Acked credit: 15
    ATN checksum: 34 c8 a2 a2

[2025-05-01 00:12:36 CEST] [136.975] [0.9/-30.9 dBFS] [31.8 dB] [2.4 ppm]
4D2217 (Aircraft, Airborne) -> 10F63A (Ground station): Command
AVLC type: U (XID) P/F: 1
 XID: Handoff Initiation
  Public params:
   Parameter set ID: 8885:1993
   Procedure classes: 00 01
   HDLC options: 20 84 80
  VDL params:
   Parameter set ID: V
   XID sequencing: seq: 3 retry: 5
   Destination airport: LEBL
   Aircraft location: 43.2N 5.7E 0 ft
   Alternate ground stations: 10907A 10985A 10952A 10984A 109C2A 10905A 10F69B 10F60B
   AVLC specific options: 24
   Connection management: 01

[2025-05-01 00:12:48 CEST] [136.975] [0.9/-31.4 dBFS] [32.3 dB] [2.3 ppm]
4D2217 (Aircraft, Airborne) -> 10F69B (Ground station): Command
AVLC type: U (XID) P/F: 1
 XID: Handoff Initiation
  Public params:
   Parameter set ID: 8885:1993
   Procedure classes: 00 01
   HDLC options: 20 84 80
  VDL params:
   Parameter set ID: V
   XID sequencing: seq: 4 retry: 0
   Destination airport: LEBL
   Aircraft location: 43.2N 5.5E 0 ft
   Alternate ground stations: 10907A 10985A 10952A 10984A 109C2A 10905A 1099BA 10F60B
   AVLC specific options: 24
   Connection management: 01

[2025-05-01 00:13:09 CEST] [136.675] [-8.6/-31.2 dBFS] [22.6 dB] [3.0 ppm]
405638 (Aircraft, Airborne) -> 11907A (Ground station): Command
AVLC type: I sseq: 7 rseq: 1 poll: 0
 X.25 Data: grp: 11 chan: 255 sseq: 4 rseq: 6 more: 0
  X.25 reasm status: skipped
  X.233 CLNP Data (compressed header):
   LRef: 0x41 Prio: 11 Flags: 0xf6
   Lifetime: 20.0 sec
   PDU Id: 0x1aa
   X.224 COTP Data Ack:
    dst_ref: 0x1e0c
    rseq: 6 credit: 3
    Flow control:
     Acked TPDU nr: 6
     Acked subsequence: 0
     Acked credit: 15
    ATN checksum: e8 b8 1d a9

[2025-05-01 00:13:16 CEST] [136.975] [-11.2/-31.6 dBFS] [20.3 dB] [0.4 ppm]
AA9800 (Aircraft, Airborne) -> 10FA5A (Ground station): Command
AVLC type: I sseq: 4 rseq: 4 poll: 0
 ACARS:
  Reassembly: skipped
  Reg: .N782AM Flight: AM0071
  Mode: 2 Label: H1 Blk id: 7 More: 0 Ack: ! Msg num: D10A
  Sublabel: DF
  Message:
   EB0032AA_ N782AM LIRFMMMX125
    44059 0066352212 35994-553335023098YY,021028

[2025-05-01 00:13:17 CEST] [136.975] [0.5/-30.9 dBFS] [31.4 dB] [2.3 ppm]
4D2217 (Aircraft, Airborne) -> 10F69B (Ground station): Command
AVLC type: I sseq: 2 rseq: 2 poll: 0
 ACARS:
  Reassembly: skipped
  Reg: .9H-QBL Flight: FR853B
  Mode: 2 Label: B9 Blk id: 6 More: 0 Ack: ! Msg num: M70A
  Message:
   /LEBL.TI2/024LEBLA93E5

[2025-05-01 00:13:40 CEST] [136.725] [-14.2/-31.3 dBFS] [17.1 dB] [-1.6 ppm]
34535A (Aircraft, Airborne) -> 11985A (Ground station): Command
AVLC type: I sseq: 5 rseq: 6 poll: 0
 X.25 Data: grp: 11 chan: 255 sseq: 2 rseq: 3 more: 0
  X.25 reasm status: skipped
  X.233 CLNP Data (compressed header):
   LRef: 0x41 Prio: 11 Flags: 0xf6
   Lifetime: 20.0 sec
   PDU Id: 0x25c
   X.224 COTP Data Ack:
    dst_ref: 0x1e22
    rseq: 4 credit: 3
    Flow control:
     Acked TPDU nr: 4
     Acked subsequence: 0
     Acked credit: 15
    ATN checksum: a9 17 aa e6

[2025-05-01 00:13:42 CEST] [136.975] [0.7/-31.4 dBFS] [32.1 dB] [2.1 ppm]
4D2217 (Aircraft, Airborne) -> 10907A (Ground station): Command
AVLC type: U (XID) P/F: 1
 XID: Handoff Initiation
  Public params:
   Parameter set ID: 8885:1993
   Procedure classes: 00 01
   HDLC options: 20 84 80
  VDL params:
   Parameter set ID: V
   XID sequencing: seq: 5 retry: 0
   Destination airport: LEBL
   Aircraft location: 43.1N 5.4E 0 ft
   Alternate ground stations: 10985A 10952A 10984A 109C2A 10905A 1099BA 10F63A 10F60B
   AVLC specific options: 24
   Connection management: 01

[2025-05-01 00:13:43 CEST] [136.775] [-12.0/-30.8 dBFS] [18.8 dB] [3.2 ppm]
4D24D4 (Aircraft, Airborne) -> 210DC5 (Ground station): Command
AVLC type: I sseq: 6 rseq: 3 poll: 0
 X.25 Data: grp: 11 chan: 255 sseq: 2 rseq: 4 more: 0
  X.25 reasm status: skipped
  X.233 CLNP Data (compressed header):
   LRef: 0x45 Prio: 11 Flags: 0xf6
   Lifetime: 20.0 sec
   PDU Id: 0x281
   X.224 COTP Data Ack:
    dst_ref: 0x1e28
    rseq: 4 credit: 3
    Flow control:
     Acked TPDU nr: 4
     Acked subsequence: 0
     Acked credit: 15
    ATN checksum: ab 12 c2 45

[2025-05-01 00:13:43 CEST] [136.725] [-10.8/-31.5 dBFS] [20.7 dB] [-1.5 ppm]
34535A (Aircraft, Airborne) -> 11985A (Ground station): Command
AVLC type: I sseq: 5 rseq: 6 poll: 0
 X.25 Data: grp: 11 chan: 255 sseq: 2 rseq: 3 more: 0
  X.25 reasm status: skipped
  X.233 CLNP Data (compressed header):
   LRef: 0x41 Prio: 11 Flags: 0xf6
   Lifetime: 20.0 sec
   PDU Id: 0x25c
   X.224 COTP Data Ack:
    dst_ref: 0x1e22
    rseq: 4 credit: 3
    Flow control:
     Acked TPDU nr: 4
     Acked subsequence: 0
     Acked credit: 15
    ATN checksum: a9 17 aa e6

[2025-05-01 00:13:45 CEST] [136.975] [0.6/-31.1 dBFS] [31.7 dB] [2.2 ppm]
4D2217 (Aircraft, Airborne) -> 10907A (Ground station): Command
AVLC type: I sseq: 2 rseq: 4 poll: 0
 X.25 Data: grp: 11 chan: 254 sseq: 0 rseq: 2 more: 0
  X.25 reasm status: skipped
  X.233 CLNP Data (compressed header):
   LRef: 0x40 Prio: 14 Flags: 0xc0
   Lifetime: 50.0 sec
   PDU Id: 0x227
   IDRP Open: seq: 1 ack: 1 credit_offered: 5 credit_avail: 3
    Hold Time: 900 seconds
    Max. PDU size: 3000 octets
    Source RDI: 47 00 27 41 52 59 52 00 4d 22 17	"G.'ARYR.M"."
    RIB Attribute Set:
     RibAtt #0:
      Security:
       Reg ID: 06 04 2b 1b 00 00
    Auth mechanism: simple checksum

[2025-05-01 00:13:49 CEST] [136.975] [0.4/-30.8 dBFS] [31.2 dB] [2.1 ppm]
4D2217 (Aircraft, Airborne) -> 10907A (Ground station): Command
AVLC type: I sseq: 5 rseq: 6 poll: 0
 X.25 Data: grp: 11 chan: 254 sseq: 3 rseq: 4 more: 0
  X.25 reasm status: skipped
  X.233 CLNP Data (compressed header):
   LRef: 0x40 Prio: 14 Flags: 0xc0
   Lifetime: 50.0 sec
   PDU Id: 0x229
   IDRP Update: seq: 2 ack: 2 credit_offered: 4 credit_avail: 3
    Route:
     ID: 2
     Local preference: 0
    RD path:
     RD_SEQ:
      47 00 27 41 52 59 52 00 4d 22 17	"G.'ARYR.M"."
    RD hop count: 1
    Security:
     Reg ID: 06 04 2b 1b 00 00
     Info:
      Supported ATSC classes: all
    Capacity: 13
    Reachability info:
     Protocol: CLNP
     Prefix length: 88
     Dest. address prefix: 47 00 27 41 52 59 52 00 4d 22 17	"G.'ARYR.M"."

[2025-05-01 00:13:54 CEST] [136.725] [-8.5/-31.6 dBFS] [23.1 dB] [2.7 ppm]
4D2268 (Aircraft, Airborne) -> 11984A (Ground station): Command
AVLC type: I sseq: 7 rseq: 0 poll: 0
 X.25 Data: grp: 11 chan: 255 sseq: 4 rseq: 5 more: 0
  X.25 reasm status: skipped
  X.233 CLNP Data (compressed header):
   LRef: 0x44 Prio: 11 Flags: 0xc0
   Lifetime: 50.0 sec
   PDU Id: 0x17bd
   X.224 COTP Data Ack:
    dst_ref: 0x1e12
    rseq: 6 credit: 3
    Checksum: 98 4c
    Flow control:
     Acked TPDU nr: 6
     Acked subsequence: 0
     Acked credit: 15

[2025-05-01 00:13:55 CEST] [136.875] [-9.9/-30.5 dBFS] [20.6 dB] [1.0 ppm]
51118A (Aircraft, Airborne) -> 23D821 (Ground station): Command
AVLC type: I sseq: 5 rseq: 4 poll: 0
 X.25 Data: grp: 11 chan: 255 sseq: 0 rseq: 2 more: 0
  X.25 reasm status: skipped
  X.233 CLNP Data (compressed header):
   LRef: 0x44 Prio: 11 Flags: 0xf6
   Lifetime: 20.0 sec
   PDU Id: 0x9a
   X.224 COTP Data Ack:
    dst_ref: 0x1e23
    rseq: 4 credit: 3
    Flow control:
     Acked TPDU nr: 4
     Acked subsequence: 0
     Acked credit: 15
    ATN checksum: 6e 9f f5 47

[2025-05-01 00:13:58 CEST] [136.725] [-8.3/-30.9 dBFS] [22.6 dB] [2.5 ppm]
4D2268 (Aircraft, Airborne) -> 11984A (Ground station): Command
AVLC type: I sseq: 7 rseq: 0 poll: 0
 X.25 Data: grp: 11 chan: 255 sseq: 4 rseq: 5 more: 0
  X.25 reasm status: skipped
  X.233 CLNP Data (compressed header):
   LRef: 0x44 Prio: 11 Flags: 0xc0
   Lifetime: 50.0 sec
   PDU Id: 0x17bd
   X.224 COTP Data Ack:
    dst_ref: 0x1e12
    rseq: 6 credit: 3
    Checksum: 98 4c
    Flow control:
     Acked TPDU nr: 6
     Acked subsequence: 0
     Acked credit: 15

[2025-05-01 00:14:00 CEST] [136.975] [0.6/-31.3 dBFS] [31.9 dB] [2.2 ppm]
4D2217 (Aircraft, Airborne) -> 10907A (Ground station): Command
AVLC type: I sseq: 6 rseq: 0 poll: 0
 X.25 Data: grp: 11 chan: 254 sseq: 4 rseq: 6 more: 0
  X.25 reasm status: skipped
  X.233 CLNP Data:
   Src NSAP: 47 00 27 41 52 59 52 00 4d 22 17 00 00 00 00 00 00 00 01 01	"G.'ARYR.M".........."
   Dst NSAP: 47 00 27 81 83 46 52 00 01 43 43 01 43 45 53 2d 41 49 58 01	"G.'..FR..CC.CES-AIX."
   Lifetime: 50.0 sec
   Flags: SP
   Segmentation:
    PDU Id: 0x22a
    Segment offset: 0
    PDU total length: 87
    CLNP reasm status: skipped
   Options:
    LRef: 0x00
    Priority: 0x0b
    Security:
     Reg ID: 06 04 2b 1b 00 00
     Info:
      Traffic type:
       Type: ATN operational
       Category: ATSC
       Route policy: 0x01
    QoS maintenance: 0xc0
   X.224 COTP Data Ack:
    dst_ref: 0x1e21
    rseq: 4 credit: 3
    Checksum: 4e 3d

[2025-05-01 00:14:06 CEST] [136.675] [-6.7/-31.9 dBFS] [25.2 dB] [0.8 ppm]
4D2088 (Aircraft, Airborne) -> 11907A (Ground station): Command
AVLC type: I sseq: 3 rseq: 7 poll: 0
 X.25 Data: grp: 11 chan: 255 sseq: 1 rseq: 5 more: 0
  X.25 reasm status: skipped
  X.233 CLNP Data (compressed header):
   LRef: 0x42 Prio: 11 Flags: 0xf6
   Lifetime: 20.0 sec
   PDU Id: 0x45
   X.224 COTP Data Ack:
    dst_ref: 0x1e24
    rseq: 4 credit: 3
    Flow control:
     Acked TPDU nr: 4
     Acked subsequence: 0
     Acked credit: 15
    ATN checksum: 34 c8 a2 a2

[2025-05-01 00:14:09 CEST] [136.725] [0.9/-31.1 dBFS] [31.9 dB] [2.3 ppm]
4D2217 (Aircraft, Airborne) -> 11985A (Ground station): Command
AVLC type: U (XID) P/F: 1
 XID: Handoff Initiation
  Public params:
   Parameter set ID: 8885:1993
   Procedure classes: 00 01
   HDLC options: 20 84 80
  VDL params:
   Parameter set ID: V
   XID sequencing: seq: 6 retry: 0
   Destination airport: LEBL
   Aircraft location: 43.1N 5.4E 0 ft
   Alternate ground stations: 11984A
   AVLC specific options: 24
   Connection management: 01

