[2025-04-25 00:00:38 CEST] [136.775] [-3.0/-30.2 dBFS] [27.2 dB] [1.4 ppm]
02A1B4 (Aircraft, Airborne) -> 233925 (Ground station): Command
AVLC type: I sseq: 7 rseq: 5 poll: 0
 X.25 Data: grp: 11 chan: 255 sseq: 7 rseq: 3 more: 0
  X.25 reasm status: skipped
  X.233 CLNP Data (compressed header):
   LRef: 0x41 Prio: 11 Flags: 0xf6
   Lifetime: 20.0 sec
   PDU Id: 0x2d2
   X.224 COTP Data Ack:
    dst_ref: 0xd237
    rseq: 3 credit: 2
    ATN checksum: 5b 04 2a 43
   X.224 COTP Data:
    dst_ref: 0xd237
    sseq: 2 req_of_ack: 0 EoT: 1
    COTP reasm status: skipped
    ATN checksum: c0 d8 40 cd
    CPDLC Downlink Message:
     Header:
      Msg ID: 2
      Msg Ref: 3
      Timestamp: 2025-04-24 22:00:37
      Logical ACK: notRequired
     Message data:
      LOGICAL ACKNOWLEDGMENT

[2025-04-25 00:00:42 CEST] [136.775] [-2.5/-30.5 dBFS] [28.1 dB] [1.4 ppm]
02A1B4 (Aircraft, Airborne) -> 233925 (Ground station): Command
AVLC type: I sseq: 0 rseq: 6 poll: 0
 X.25 Data: grp: 11 chan: 255 sseq: 0 rseq: 4 more: 0
  X.25 reasm status: skipped
  X.233 CLNP Data (compressed header):
   LRef: 0x41 Prio: 11 Flags: 0xf6
   Lifetime: 20.0 sec
   PDU Id: 0x2d3
   X.224 COTP Data:
    dst_ref: 0xd237
    sseq: 3 req_of_ack: 0 EoT: 1
    COTP reasm status: skipped
    ATN checksum: 82 fd 9a 53
    CPDLC Downlink Message:
     Header:
      Msg ID: 3
      Msg Ref: 3
      Timestamp: 2025-04-24 22:00:41
      Logical ACK: required
     Message data:
      WILCO

[2025-04-25 00:00:48 CEST] [136.775] [-7.3/-30.5 dBFS] [23.2 dB] [1.3 ppm]
02A1B4 (Aircraft, Airborne) -> 233925 (Ground station): Command
AVLC type: I sseq: 2 rseq: 0 poll: 0
 X.25 Data: grp: 11 chan: 255 sseq: 1 rseq: 6 more: 0
  X.25 reasm status: skipped
  X.233 CLNP Data (compressed header):
   LRef: 0x41 Prio: 11 Flags: 0xf6
   Lifetime: 20.0 sec
   PDU Id: 0x2d4
   X.224 COTP Data Ack:
    dst_ref: 0xd237
    rseq: 4 credit: 3
    ATN checksum: ce a3 25 33

[2025-04-25 00:00:58 CEST] [136.975] [-1.9/-31.2 dBFS] [29.2 dB] [3.1 ppm]
4D2209 (Aircraft, Airborne) -> 10985A (Ground station): Command
AVLC type: I sseq: 2 rseq: 3 poll: 0
 X.25 Data: grp: 11 chan: 254 sseq: 0 rseq: 1 more: 0
  X.25 reasm status: skipped
  X.233 CLNP Data (compressed header):
   LRef: 0x41 Prio: 11 Flags: 0xc0
   Lifetime: 50.0 sec
   PDU Id: 0x1a85
   X.224 COTP Data Ack:
    dst_ref: 0xd238
    rseq: 4 credit: 3
    Checksum: 99 74
    Flow control:
     Acked TPDU nr: 4
     Acked subsequence: 0
     Acked credit: 15

[2025-04-25 00:01:07 CEST] [136.975] [-11.8/-31.0 dBFS] [19.1 dB] [0.4 ppm]
49D38C (Aircraft, Airborne) -> 10985A (Ground station): Command
AVLC type: U (XID) P/F: 1
 XID: Handoff Initiation
  Public params:
   Parameter set ID: 8885:1993
   Procedure classes: 00 01
   HDLC options: 20 a4 88
  VDL params:
   Parameter set ID: V
   Connection management: 05
   XID sequencing: seq: 1 retry: 0
   AVLC specific options: 25
   Destination airport: LKPR

[2025-04-25 00:01:13 CEST] [136.775] [-12.6/-30.1 dBFS] [17.6 dB] [2.0 ppm]
A41941 (Aircraft, Airborne) -> 233925 (Ground station): Command
AVLC type: I sseq: 4 rseq: 4 poll: 0
 ACARS:
  Reassembly: skipped
  Reg: .N363UP Flight: UP0243
  Mode: 2 Label: B9 Blk id: 6 More: 0 Ack: ! Msg num: L14A
  Message:
   TI2/024CGN A2052

[2025-04-25 00:01:24 CEST] [136.975] [0.9/-30.6 dBFS] [31.5 dB] [2.8 ppm]
4D2239 (Aircraft, Airborne) -> 10FA5A (Ground station): Command
AVLC type: I sseq: 4 rseq: 5 poll: 0
 X.25 Data: grp: 11 chan: 254 sseq: 1 rseq: 2 more: 0
  X.25 reasm status: skipped
  X.233 CLNP Data (compressed header):
   LRef: 0x43 Prio: 11 Flags: 0xc0
   Lifetime: 50.0 sec
   PDU Id: 0x16b1
   X.224 COTP Data Ack:
    dst_ref: 0xd232
    rseq: 4 credit: 3
    Checksum: b7 5c
    Flow control:
     Acked TPDU nr: 4
     Acked subsequence: 0
     Acked credit: 15

[2025-04-25 00:01:28 CEST] [136.975] [0.8/-30.9 dBFS] [31.7 dB] [2.8 ppm]
4D2239 (Aircraft, Airborne) -> 10985A (Ground station): Command
AVLC type: U (XID) P/F: 1
 XID: Handoff Initiation
  Public params:
   Parameter set ID: 8885:1993
   Procedure classes: 00 01
   HDLC options: 20 84 80
  VDL params:
   Parameter set ID: V
   XID sequencing: seq: 7 retry: 0
   Destination airport: LEBL
   Aircraft location: 43.4N 6.0E 0 ft
   Alternate ground stations: 10907A 10952A 10F68A 10F69B 10F63A 10984A 109C2A 10F66A
   AVLC specific options: 24
   Connection management: 01

[2025-04-25 00:01:30 CEST] [136.975] [0.8/-30.7 dBFS] [31.5 dB] [2.7 ppm]
4D2239 (Aircraft, Airborne) -> 10985A (Ground station): Command
AVLC type: I sseq: 2 rseq: 3 poll: 0
 X.25 Data: grp: 11 chan: 255 sseq: 0 rseq: 2 more: 0
  X.25 reasm status: skipped
  X.233 CLNP Data (compressed header):
   LRef: 0x40 Prio: 14 Flags: 0xc0
   Lifetime: 50.0 sec
   PDU Id: 0x16b2
   IDRP Open: seq: 1 ack: 1 credit_offered: 5 credit_avail: 3
    Hold Time: 900 seconds
    Max. PDU size: 3000 octets
    Source RDI: 47 00 27 41 52 59 52 00 4d 22 39	"G.'ARYR.M"9"
    RIB Attribute Set:
     RibAtt #0:
      Security:
       Reg ID: 06 04 2b 1b 00 00
    Auth mechanism: simple checksum

[2025-04-25 00:01:33 CEST] [136.975] [0.9/-31.1 dBFS] [31.9 dB] [2.7 ppm]
4D2239 (Aircraft, Airborne) -> 10985A (Ground station): Command
AVLC type: I sseq: 4 rseq: 6 poll: 0
 X.25 Data: grp: 11 chan: 255 sseq: 2 rseq: 4 more: 0
  X.25 reasm status: skipped
  X.233 CLNP Data (compressed header):
   LRef: 0x40 Prio: 14 Flags: 0xc0
   Lifetime: 50.0 sec
   PDU Id: 0x16b3
   IDRP Update: seq: 2 ack: 1 credit_offered: 5 credit_avail: 3
    Route:
     ID: 2
     Local preference: 0
    RD path:
     RD_SEQ:
      47 00 27 41 52 59 52 00 4d 22 39	"G.'ARYR.M"9"
    RD hop count: 1
    Security:
     Reg ID: 06 04 2b 1b 00 00
     Info:
      Supported ATSC classes: all
    Capacity: 13
    Reachability info:
     Protocol: CLNP
     Prefix length: 88
     Dest. address prefix: 47 00 27 41 52 59 52 00 4d 22 39	"G.'ARYR.M"9"

[2025-04-25 00:01:45 CEST] [136.725] [-8.9/-30.8 dBFS] [21.9 dB] [4.3 ppm]
4D2035 (Aircraft, Airborne) -> 11984A (Ground station): Command
AVLC type: I sseq: 2 rseq: 2 poll: 0
 X.25 Data: grp: 11 chan: 255 sseq: 6 rseq: 6 more: 0
  X.25 reasm status: skipped
  X.233 CLNP Data (compressed header):
   LRef: 0x41 Prio: 11 Flags: 0xf6
   Lifetime: 20.0 sec
   PDU Id: 0x449
   X.224 COTP Data Ack:
    dst_ref: 0xd241
    rseq: 2 credit: 2
    Flow control:
     Acked TPDU nr: 2
     Acked subsequence: 0
     Acked credit: 15
    ATN checksum: ca 16 32 b3

[2025-04-25 00:01:56 CEST] [136.725] [0.8/-30.8 dBFS] [31.6 dB] [3.1 ppm]
4D2239 (Aircraft, Airborne) -> 11985A (Ground station): Command
AVLC type: U (XID) P/F: 1
 XID: Handoff Initiation
  Public params:
   Parameter set ID: 8885:1993
   Procedure classes: 00 01
   HDLC options: 20 84 80
  VDL params:
   Parameter set ID: V
   XID sequencing: seq: 0 retry: 0
   Destination airport: LEBL
   Aircraft location: 43.3N 5.9E 0 ft
   Alternate ground stations: 11984A
   AVLC specific options: 24
   Connection management: 01

[2025-04-25 00:02:15 CEST] [136.775] [-5.3/-30.3 dBFS] [25.0 dB] [1.1 ppm]
02A1B4 (Aircraft, Airborne) -> 233925 (Ground station): Command
AVLC type: I sseq: 3 rseq: 2 poll: 0
 X.25 Data: grp: 11 chan: 255 sseq: 2 rseq: 7 more: 0
  X.25 reasm status: skipped
  X.233 CLNP Data (compressed header):
   LRef: 0x41 Prio: 11 Flags: 0xf6
   Lifetime: 20.0 sec
   PDU Id: 0x2d5
   X.224 COTP Data Ack:
    dst_ref: 0xd237
    rseq: 4 credit: 3
    Flow control:
     Acked TPDU nr: 4
     Acked subsequence: 0
     Acked credit: 15
    ATN checksum: ba fd f3 6c

[2025-04-25 00:02:30 CEST] [136.975] [0.8/-30.7 dBFS] [31.5 dB] [3.1 ppm]
4D2209 (Aircraft, Airborne) -> 10985A (Ground station): Command
AVLC type: I sseq: 3 rseq: 4 poll: 0
 X.25 Data: grp: 11 chan: 254 sseq: 1 rseq: 2 more: 0
  X.25 reasm status: skipped
  X.233 CLNP Data (compressed header):
   LRef: 0x41 Prio: 11 Flags: 0xc0
   Lifetime: 50.0 sec
   PDU Id: 0x1a86
   X.224 COTP Data Ack:
    dst_ref: 0xd238
    rseq: 4 credit: 3
    Checksum: 99 74
    Flow control:
     Acked TPDU nr: 4
     Acked subsequence: 0
     Acked credit: 15

[2025-04-25 00:02:40 CEST] [136.725] [-0.3/-31.2 dBFS] [30.9 dB] [2.5 ppm]
495214 (Aircraft, Airborne) -> 11985A (Ground station): Command
AVLC type: I sseq: 4 rseq: 4 poll: 0
 ACARS:
  Reassembly: skipped
  Reg: .CS-TPT Flight: TP484H
  Mode: 2 Label: H1 Blk id: 4 More: 0 Ack: ! Msg num: C14A
  Sublabel: CF
  Message:
   FDE2202410424ABQ
   22004016650   0   0
   22004406650   0   0

[2025-04-25 00:02:56 CEST] [136.725] [-4.5/-30.9 dBFS] [26.4 dB] [2.8 ppm]
4D2239 (Aircraft, Airborne) -> 11985A (Ground station): Command
AVLC type: I sseq: 2 rseq: 3 poll: 0
 X.25 Data: grp: 11 chan: 254 sseq: 0 rseq: 1 more: 0
  X.25 reasm status: skipped
  X.233 CLNP Data (compressed header):
   LRef: 0x41 Prio: 11 Flags: 0xc0
   Lifetime: 50.0 sec
   PDU Id: 0x16b5
   X.224 COTP Data Ack:
    dst_ref: 0xd232
    rseq: 4 credit: 3
    Checksum: b7 5c
    Flow control:
     Acked TPDU nr: 4
     Acked subsequence: 0
     Acked credit: 15

[2025-04-25 00:03:20 CEST] [136.725] [-12.1/-31.1 dBFS] [19.0 dB] [4.0 ppm]
4D2035 (Aircraft, Airborne) -> 11984A (Ground station): Command
AVLC type: I sseq: 4 rseq: 4 poll: 0
 X.25 Data: grp: 11 chan: 255 sseq: 0 rseq: 0 more: 0
  X.25 reasm status: skipped
  X.233 CLNP Data (compressed header):
   LRef: 0x41 Prio: 11 Flags: 0xf6
   Lifetime: 20.0 sec
   PDU Id: 0x44b
   X.224 COTP Data Ack:
    dst_ref: 0xd241
    rseq: 2 credit: 2
    Flow control:
     Acked TPDU nr: 2
     Acked subsequence: 0
     Acked credit: 15
    ATN checksum: ca 16 32 b3

[2025-04-25 00:04:02 CEST] [136.975] [0.7/-31.3 dBFS] [32.1 dB] [2.9 ppm]
4D2209 (Aircraft, Airborne) -> 10985A (Ground station): Command
AVLC type: I sseq: 5 rseq: 6 poll: 0
 X.25 Data: grp: 11 chan: 254 sseq: 3 rseq: 4 more: 0
  X.25 reasm status: skipped
  X.233 CLNP Data (compressed header):
   LRef: 0x41 Prio: 11 Flags: 0xc0
   Lifetime: 50.0 sec
   PDU Id: 0x1a88
   X.224 COTP Data Ack:
    dst_ref: 0xd238
    rseq: 4 credit: 3
    Checksum: 99 74
    Flow control:
     Acked TPDU nr: 4
     Acked subsequence: 0
     Acked credit: 15

[2025-04-25 00:04:11 CEST] [136.725] [0.9/-31.2 dBFS] [32.0 dB] [3.0 ppm]
4D2209 (Aircraft, Airborne) -> 11985A (Ground station): Command
AVLC type: U (XID) P/F: 1
 XID: Handoff Initiation
  Public params:
   Parameter set ID: 8885:1993
   Procedure classes: 00 01
   HDLC options: 20 84 80
  VDL params:
   Parameter set ID: V
   XID sequencing: seq: 3 retry: 0
   Destination airport: LEVC
   Aircraft location: 43.3N 5.8E 0 ft
   Alternate ground stations: 11984A
   AVLC specific options: 24
   Connection management: 01

[2025-04-25 00:04:20 CEST] [136.725] [0.8/-30.8 dBFS] [31.6 dB] [3.0 ppm]
4D2209 (Aircraft, Airborne) -> 11985A (Ground station): Command
AVLC type: U (XID) P/F: 1
 XID: Handoff Initiation
  Public params:
   Parameter set ID: 8885:1993
   Procedure classes: 00 01
   HDLC options: 20 84 80
  VDL params:
   Parameter set ID: V
   XID sequencing: seq: 3 retry: 1
   Destination airport: LEVC
   Aircraft location: 43.3N 5.8E 0 ft
   Alternate ground stations: 11984A
   AVLC specific options: 24
   Connection management: 01

[2025-04-25 00:04:28 CEST] [136.725] [0.8/-30.7 dBFS] [31.5 dB] [2.6 ppm]
4D2239 (Aircraft, Airborne) -> 11985A (Ground station): Command
AVLC type: I sseq: 3 rseq: 4 poll: 0
 X.25 Data: grp: 11 chan: 254 sseq: 1 rseq: 2 more: 0
  X.25 reasm status: skipped
  X.233 CLNP Data (compressed header):
   LRef: 0x41 Prio: 11 Flags: 0xc0
   Lifetime: 50.0 sec
   PDU Id: 0x16b6
   X.224 COTP Data Ack:
    dst_ref: 0xd232
    rseq: 4 credit: 3
    Checksum: b7 5c
    Flow control:
     Acked TPDU nr: 4
     Acked subsequence: 0
     Acked credit: 15

[2025-04-25 00:05:18 CEST] [136.975] [-13.5/-31.2 dBFS] [17.7 dB] [3.5 ppm]
4D2035 (Aircraft, Airborne) -> 109C2A (Ground station): Command
AVLC type: I sseq: 6 rseq: 6 poll: 0
 X.25 Data: grp: 11 chan: 255 sseq: 3 rseq: 3 more: 0
  X.25 reasm status: skipped
  X.233 CLNP Data (compressed header):
   LRef: 0x1 Prio: 8 Flags: 0xf6
   Lifetime: 20.0 sec
   PDU Id: 0x455
   X.224 COTP Data Ack:
    dst_ref: 0xd249
    rseq: 1 credit: 2
    ATN checksum: 1d ad 25 7f

[2025-04-25 00:05:18 CEST] [136.975] [-13.5/-31.2 dBFS] [17.7 dB] [3.5 ppm]
4D2035 (Aircraft, Airborne) -> 109C2A (Ground station): Command
AVLC type: I sseq: 7 rseq: 6 poll: 0
 X.25 Data: grp: 11 chan: 255 sseq: 4 rseq: 3 more: 0
  X.25 reasm status: skipped
  X.233 CLNP Data (compressed header):
   LRef: 0x1 Prio: 8 Flags: 0xf6
   Lifetime: 20.0 sec
   PDU Id: 0x456
   X.224 COTP Disconnect Request:
    src_ref: 0x0062 dst_ref: 0xd249
    Reason: 128 (Normal disconnect)
    ATN checksum: dd 1a c5 ae
    X.225 disconnect reason: 1 (OK, transport connection not reused)

[2025-04-25 00:05:31 CEST] [136.725] [0.3/-30.7 dBFS] [30.9 dB] [1.5 ppm]
495214 (Aircraft, Airborne) -> 11985A (Ground station): Command
AVLC type: I sseq: 5 rseq: 5 poll: 0
 ACARS:
  Reassembly: skipped
  Reg: .CS-TPT Flight: TP484H
  Mode: 2 Label: 16 Blk id: 5 More: 0 Ack: ! Msg num: M83A
  Message:
   220530,21851,2220,384.5, 3330,N4322.09 E00547.05

[2025-04-25 00:05:34 CEST] [136.725] [0.9/-31.1 dBFS] [32.0 dB] [2.7 ppm]
4D2209 (Aircraft, Airborne) -> 11985A (Ground station): Command
AVLC type: I sseq: 2 rseq: 3 poll: 0
 X.25 Data: grp: 11 chan: 255 sseq: 0 rseq: 1 more: 0
  X.25 reasm status: skipped
  X.233 CLNP Data (compressed header):
   LRef: 0x41 Prio: 11 Flags: 0xc0
   Lifetime: 50.0 sec
   PDU Id: 0x1a89
   X.224 COTP Data Ack:
    dst_ref: 0xd238
    rseq: 4 credit: 3
    Checksum: 99 74
    Flow control:
     Acked TPDU nr: 4
     Acked subsequence: 0
     Acked credit: 15

[2025-04-25 00:05:47 CEST] [136.725] [0.4/-30.3 dBFS] [30.7 dB] [1.5 ppm]
495214 (Aircraft, Airborne) -> 11985A (Ground station): Command
AVLC type: I sseq: 6 rseq: 6 poll: 0
 ACARS:
  Reassembly: skipped
  Reg: .CS-TPT Flight: TP484H
  Mode: 2 Label: H1 Blk id: 6 More: 0 Ack: ! Msg num: C15A
  Sublabel: CF
  Message:
   FDE2205480424ABQ
   22034716650   0   0
   22035106650   0   0

[2025-04-25 00:06:00 CEST] [136.725] [0.5/-30.6 dBFS] [31.1 dB] [2.0 ppm]
4D2239 (Aircraft, Airborne) -> 11985A (Ground station): Command
AVLC type: I sseq: 4 rseq: 5 poll: 0
 X.25 Data: grp: 11 chan: 254 sseq: 2 rseq: 3 more: 0
  X.25 reasm status: skipped
  X.233 CLNP Data (compressed header):
   LRef: 0x41 Prio: 11 Flags: 0xc0
   Lifetime: 50.0 sec
   PDU Id: 0x16b7
   X.224 COTP Data Ack:
    dst_ref: 0xd232
    rseq: 4 credit: 3
    Checksum: b7 5c
    Flow control:
     Acked TPDU nr: 4
     Acked subsequence: 0
     Acked credit: 15

[2025-04-25 00:06:21 CEST] [136.975] [-11.2/-31.1 dBFS] [19.9 dB] [3.2 ppm]
4D2035 (Aircraft, Airborne) -> 109C2A (Ground station): Command
AVLC type: I sseq: 0 rseq: 0 poll: 0
 X.25 Data: grp: 11 chan: 255 sseq: 5 rseq: 5 more: 0
  X.25 reasm status: skipped
  X.233 CLNP Data (compressed header):
   LRef: 0x41 Prio: 11 Flags: 0xf6
   Lifetime: 20.0 sec
   PDU Id: 0x457
   X.224 COTP Data Ack:
    dst_ref: 0xd241
    rseq: 2 credit: 2
    Flow control:
     Acked TPDU nr: 2
     Acked subsequence: 0
     Acked credit: 15
    ATN checksum: ca 16 32 b3

[2025-04-25 00:06:29 CEST] [136.775] [-10.9/-30.6 dBFS] [19.7 dB] [3.1 ppm]
4D248F (Aircraft, Airborne) -> 233925 (Ground station): Command
AVLC type: I sseq: 3 rseq: 4 poll: 0
 X.25 Data: grp: 11 chan: 255 sseq: 0 rseq: 1 more: 0
  X.25 reasm status: skipped
  X.233 CLNP Data (compressed header):
   LRef: 0x0 Prio: 11 Flags: 0xf6
   Lifetime: 20.0 sec
   PDU Id: 0x370
   X.224 COTP Data Ack:
    dst_ref: 0xd239
    rseq: 4 credit: 3
    Flow control:
     Acked TPDU nr: 4
     Acked subsequence: 0
     Acked credit: 15
    ATN checksum: c6 99 86 5e

[2025-04-25 00:06:49 CEST] [136.725] [-4.0/-30.7 dBFS] [26.7 dB] [1.4 ppm]
495214 (Aircraft, Airborne) -> 11985A (Ground station): Command
AVLC type: I sseq: 7 rseq: 7 poll: 0
 ACARS:
  Reassembly: skipped
  Reg: .CS-TPT Flight: TP484H
  Mode: 2 Label: 30 Blk id: 7 More: 0 Ack: ! Msg num: M84A
  Message:
   2218

[2025-04-25 00:07:06 CEST] [136.725] [-0.9/-30.9 dBFS] [30.0 dB] [2.3 ppm]
4D2209 (Aircraft, Airborne) -> 11985A (Ground station): Command
AVLC type: I sseq: 3 rseq: 4 poll: 0
 X.25 Data: grp: 11 chan: 255 sseq: 1 rseq: 2 more: 0
  X.25 reasm status: skipped
  X.233 CLNP Data (compressed header):
   LRef: 0x41 Prio: 11 Flags: 0xc0
   Lifetime: 50.0 sec
   PDU Id: 0x1a8a
   X.224 COTP Data Ack:
    dst_ref: 0xd238
    rseq: 4 credit: 3
    Checksum: 99 74
    Flow control:
     Acked TPDU nr: 4
     Acked subsequence: 0
     Acked credit: 15

[2025-04-25 00:07:53 CEST] [136.975] [-13.8/-30.7 dBFS] [16.9 dB] [2.7 ppm]
4D2035 (Aircraft, Airborne) -> 109C2A (Ground station): Command
AVLC type: I sseq: 2 rseq: 2 poll: 0
 X.25 Data: grp: 11 chan: 255 sseq: 7 rseq: 7 more: 0
  X.25 reasm status: skipped
  X.233 CLNP Data (compressed header):
   LRef: 0x41 Prio: 11 Flags: 0xf6
   Lifetime: 20.0 sec
   PDU Id: 0x459
   X.224 COTP Data Ack:
    dst_ref: 0xd241
    rseq: 2 credit: 2
    Flow control:
     Acked TPDU nr: 2
     Acked subsequence: 0
     Acked credit: 15
    ATN checksum: ca 16 32 b3

[2025-04-25 00:08:23 CEST] [136.675] [-5.9/-31.0 dBFS] [25.2 dB] [-1.0 ppm]
345042 (Aircraft, Airborne) -> 11907A (Ground station): Command
AVLC type: I sseq: 6 rseq: 7 poll: 0
 ACARS:
  Reassembly: in progress
  Reg: .EC-MHB Flight: VY09MZ
  Mode: 2 Label: H1 Blk id: 3 More: 1 Ack: ! Msg num: D15A
  Sublabel: DF
  Message:
   A321,037291,1,1,TB000000/REP004,00,00,1/CCEC-MHB,APR24,220753,LFML,LEBL,0009/C0TIA05VLG060101/C105,25604,4000,06,0000,0,0000,09,X/CE0150,01821,170,266,6693,221,I62G06/EC017810,02088,01354,D3/EE016726,02088,

[2025-04-25 00:08:38 CEST] [136.725] [-10.7/-31.1 dBFS] [20.4 dB] [2.1 ppm]
4D2209 (Aircraft, Airborne) -> 11985A (Ground station): Command
AVLC type: I sseq: 4 rseq: 5 poll: 0
 X.25 Data: grp: 11 chan: 255 sseq: 2 rseq: 3 more: 0
  X.25 reasm status: skipped
  X.233 CLNP Data (compressed header):
   LRef: 0x41 Prio: 11 Flags: 0xc0
   Lifetime: 50.0 sec
   PDU Id: 0x1a8b
   X.224 COTP Data Ack:
    dst_ref: 0xd238
    rseq: 4 credit: 3
    Checksum: 99 74
    Flow control:
     Acked TPDU nr: 4
     Acked subsequence: 0
     Acked credit: 15

[2025-04-25 00:09:25 CEST] [136.975] [-2.9/-31.5 dBFS] [28.6 dB] [2.4 ppm]
4D2035 (Aircraft, Airborne) -> 109C2A (Ground station): Command
AVLC type: I sseq: 3 rseq: 3 poll: 0
 X.25 Data: grp: 11 chan: 255 sseq: 0 rseq: 0 more: 0
  X.25 reasm status: skipped
  X.233 CLNP Data (compressed header):
   LRef: 0x41 Prio: 11 Flags: 0xf6
   Lifetime: 20.0 sec
   PDU Id: 0x45a
   X.224 COTP Data Ack:
    dst_ref: 0xd241
    rseq: 2 credit: 2
    Flow control:
     Acked TPDU nr: 2
     Acked subsequence: 0
     Acked credit: 15
    ATN checksum: ca 16 32 b3

[2025-04-25 00:10:57 CEST] [136.975] [-1.1/-31.7 dBFS] [30.5 dB] [2.4 ppm]
4D2035 (Aircraft, Airborne) -> 109C2A (Ground station): Command
AVLC type: I sseq: 4 rseq: 4 poll: 0
 X.25 Data: grp: 11 chan: 255 sseq: 1 rseq: 1 more: 0
  X.25 reasm status: skipped
  X.233 CLNP Data (compressed header):
   LRef: 0x41 Prio: 11 Flags: 0xf6
   Lifetime: 20.0 sec
   PDU Id: 0x45b
   X.224 COTP Data Ack:
    dst_ref: 0xd241
    rseq: 2 credit: 2
    Flow control:
     Acked TPDU nr: 2
     Acked subsequence: 0
     Acked credit: 15
    ATN checksum: ca 16 32 b3

[2025-04-25 00:11:47 CEST] [136.775] [-9.9/-30.4 dBFS] [20.5 dB] [2.8 ppm]
4D22FF (Aircraft, Airborne) -> 11FA4A (Ground station): Command
AVLC type: U (XID) P/F: 1
 XID: Handoff Initiation
  Public params:
   Parameter set ID: 8885:1993
   Procedure classes: 00 01
   HDLC options: 20 84 80
  VDL params:
   Parameter set ID: V
   XID sequencing: seq: 3 retry: 0
   Destination airport: EGPH
   Aircraft location: 43.4N 7.4E 38000 ft
   Alternate ground stations: 11FA7A
   AVLC specific options: 24
   Connection management: 01

[2025-04-25 00:11:56 CEST] [136.775] [-8.5/-30.3 dBFS] [21.8 dB] [2.6 ppm]
4D22FF (Aircraft, Airborne) -> 11FA4A (Ground station): Command
AVLC type: U (XID) P/F: 1
 XID: Handoff Initiation
  Public params:
   Parameter set ID: 8885:1993
   Procedure classes: 00 01
   HDLC options: 20 84 80
  VDL params:
   Parameter set ID: V
   XID sequencing: seq: 3 retry: 1
   Destination airport: EGPH
   Aircraft location: 43.4N 7.4E 38000 ft
   Alternate ground stations: 11FA7A
   AVLC specific options: 24
   Connection management: 01

[2025-04-25 00:12:04 CEST] [136.775] [-7.3/-30.3 dBFS] [23.0 dB] [2.9 ppm]
4D22FF (Aircraft, Airborne) -> 11FA4A (Ground station): Command
AVLC type: U (XID) P/F: 1
 XID: Handoff Initiation
  Public params:
   Parameter set ID: 8885:1993
   Procedure classes: 00 01
   HDLC options: 20 84 80
  VDL params:
   Parameter set ID: V
   XID sequencing: seq: 3 retry: 2
   Destination airport: EGPH
   Aircraft location: 43.4N 7.4E 38000 ft
   Alternate ground stations: 11FA7A
   AVLC specific options: 24
   Connection management: 01

[2025-04-25 00:12:14 CEST] [136.775] [-10.9/-30.6 dBFS] [19.7 dB] [2.8 ppm]
4D22FF (Aircraft, Airborne) -> 11FA4A (Ground station): Command
AVLC type: U (XID) P/F: 1
 XID: Handoff Initiation
  Public params:
   Parameter set ID: 8885:1993
   Procedure classes: 00 01
   HDLC options: 20 84 80
  VDL params:
   Parameter set ID: V
   XID sequencing: seq: 3 retry: 3
   Destination airport: EGPH
   Aircraft location: 43.4N 7.4E 38000 ft
   Alternate ground stations: 11FA7A
   AVLC specific options: 24
   Connection management: 01

[2025-04-25 00:12:25 CEST] [136.775] [-8.8/-29.9 dBFS] [21.0 dB] [2.6 ppm]
4D22FF (Aircraft, Airborne) -> 11FA4A (Ground station): Command
AVLC type: U (XID) P/F: 1
 XID: Handoff Initiation
  Public params:
   Parameter set ID: 8885:1993
   Procedure classes: 00 01
   HDLC options: 20 84 80
  VDL params:
   Parameter set ID: V
   XID sequencing: seq: 3 retry: 4
   Destination airport: EGPH
   Aircraft location: 43.4N 7.4E 38000 ft
   Alternate ground stations: 11FA7A
   AVLC specific options: 24
   Connection management: 01

[2025-04-25 00:12:31 CEST] [136.975] [-3.0/-30.7 dBFS] [27.6 dB] [2.2 ppm]
4D2035 (Aircraft, Airborne) -> 109C2A (Ground station): Command
AVLC type: I sseq: 6 rseq: 6 poll: 0
 X.25 Data: grp: 11 chan: 255 sseq: 3 rseq: 3 more: 0
  X.25 reasm status: skipped
  X.233 CLNP Data (compressed header):
   LRef: 0x41 Prio: 11 Flags: 0xf6
   Lifetime: 20.0 sec
   PDU Id: 0x45d
   X.224 COTP Data Ack:
    dst_ref: 0xd241
    rseq: 2 credit: 2
    Flow control:
     Acked TPDU nr: 2
     Acked subsequence: 0
     Acked credit: 15
    ATN checksum: ca 16 32 b3

[2025-04-25 00:12:34 CEST] [136.975] [-4.4/-31.2 dBFS] [26.8 dB] [2.2 ppm]
4D2035 (Aircraft, Airborne) -> 109C2A (Ground station): Command
AVLC type: I sseq: 6 rseq: 6 poll: 0
 X.25 Data: grp: 11 chan: 255 sseq: 3 rseq: 3 more: 0
  X.25 reasm status: skipped
  X.233 CLNP Data (compressed header):
   LRef: 0x41 Prio: 11 Flags: 0xf6
   Lifetime: 20.0 sec
   PDU Id: 0x45d
   X.224 COTP Data Ack:
    dst_ref: 0xd241
    rseq: 2 credit: 2
    Flow control:
     Acked TPDU nr: 2
     Acked subsequence: 0
     Acked credit: 15
    ATN checksum: ca 16 32 b3

[2025-04-25 00:12:36 CEST] [136.975] [-3.1/-30.9 dBFS] [27.8 dB] [2.2 ppm]
4D2035 (Aircraft, Airborne) -> 10907A (Ground station): Command
AVLC type: I sseq: 2 rseq: 3 poll: 0
 X.25 Data: grp: 11 chan: 255 sseq: 0 rseq: 1 more: 0
  X.25 reasm status: skipped
  X.233 CLNP Data (compressed header):
   LRef: 0x41 Prio: 11 Flags: 0xf6
   Lifetime: 20.0 sec
   PDU Id: 0x45e
   X.224 COTP Data Ack:
    dst_ref: 0xd241
    rseq: 3 credit: 2
    ATN checksum: b6 b5 89 7f
   X.224 COTP Data:
    dst_ref: 0xd241
    sseq: 2 req_of_ack: 0 EoT: 1
    COTP reasm status: skipped
    ATN checksum: 91 c6 9d 33
    CPDLC Downlink Message:
     Header:
      Msg ID: 2
      Msg Ref: 3
      Timestamp: 2025-04-24 22:12:35
      Logical ACK: notRequired
     Message data:
      LOGICAL ACKNOWLEDGMENT

[2025-04-25 00:12:37 CEST] [136.775] [-9.7/-30.4 dBFS] [20.6 dB] [2.7 ppm]
4D22FF (Aircraft, Airborne) -> 11FA4A (Ground station): Command
AVLC type: U (XID) P/F: 1
 XID: Handoff Initiation
  Public params:
   Parameter set ID: 8885:1993
   Procedure classes: 00 01
   HDLC options: 20 84 80
  VDL params:
   Parameter set ID: V
   XID sequencing: seq: 3 retry: 5
   Destination airport: EGPH
   Aircraft location: 43.4N 7.4E 38000 ft
   Alternate ground stations: 11FA7A
   AVLC specific options: 24
   Connection management: 01

[2025-04-25 00:12:38 CEST] [136.975] [-6.3/-30.8 dBFS] [24.5 dB] [2.1 ppm]
4D2035 (Aircraft, Airborne) -> 109C2A (Ground station): Command
AVLC type: I sseq: 6 rseq: 6 poll: 0
 X.25 Data: grp: 11 chan: 255 sseq: 3 rseq: 3 more: 0
  X.25 reasm status: skipped
  X.233 CLNP Data (compressed header):
   LRef: 0x41 Prio: 11 Flags: 0xf6
   Lifetime: 20.0 sec
   PDU Id: 0x45d
   X.224 COTP Data Ack:
    dst_ref: 0xd241
    rseq: 2 credit: 2
    Flow control:
     Acked TPDU nr: 2
     Acked subsequence: 0
     Acked credit: 15
    ATN checksum: ca 16 32 b3

[2025-04-25 00:12:41 CEST] [136.975] [-2.7/-31.0 dBFS] [28.3 dB] [2.2 ppm]
4D2035 (Aircraft, Airborne) -> 10907A (Ground station): Command
AVLC type: I sseq: 3 rseq: 4 poll: 0
 X.25 Data: grp: 11 chan: 255 sseq: 1 rseq: 2 more: 0
  X.25 reasm status: skipped
  X.233 CLNP Data (compressed header):
   LRef: 0x41 Prio: 11 Flags: 0xf6
   Lifetime: 20.0 sec
   PDU Id: 0x45f
   X.224 COTP Data:
    dst_ref: 0xd241
    sseq: 3 req_of_ack: 0 EoT: 1
    COTP reasm status: skipped
    ATN checksum: c1 b2 1a 61
    CPDLC Downlink Message:
     Header:
      Msg ID: 3
      Msg Ref: 3
      Timestamp: 2025-04-24 22:12:39
      Logical ACK: required
     Message data:
      WILCO

[2025-04-25 00:12:42 CEST] [136.975] [-3.2/-30.9 dBFS] [27.7 dB] [2.1 ppm]
4D2035 (Aircraft, Airborne) -> 10907A (Ground station): Command
AVLC type: I sseq: 4 rseq: 6 poll: 0
 X.25 Data: grp: 11 chan: 255 sseq: 2 rseq: 4 more: 0
  X.25 reasm status: skipped
  X.233 CLNP Data (compressed header):
   LRef: 0x41 Prio: 11 Flags: 0xf6
   Lifetime: 20.0 sec
   PDU Id: 0x460
   X.224 COTP Data Ack:
    dst_ref: 0xd241
    rseq: 4 credit: 3
    ATN checksum: 2a 55 84 6f

[2025-04-25 00:12:45 CEST] [136.975] [-4.2/-30.7 dBFS] [26.5 dB] [2.1 ppm]
4D2035 (Aircraft, Airborne) -> 109C2A (Ground station): Command
AVLC type: I sseq: 6 rseq: 6 poll: 0
 X.25 Data: grp: 11 chan: 255 sseq: 3 rseq: 3 more: 0
  X.25 reasm status: skipped
  X.233 CLNP Data (compressed header):
   LRef: 0x41 Prio: 11 Flags: 0xf6
   Lifetime: 20.0 sec
   PDU Id: 0x45d
   X.224 COTP Data Ack:
    dst_ref: 0xd241
    rseq: 2 credit: 2
    Flow control:
     Acked TPDU nr: 2
     Acked subsequence: 0
     Acked credit: 15
    ATN checksum: ca 16 32 b3

[2025-04-25 00:12:50 CEST] [136.775] [-9.8/-30.4 dBFS] [20.7 dB] [2.7 ppm]
4D22FF (Aircraft, Airborne) -> 11FA7A (Ground station): Command
AVLC type: U (XID) P/F: 1
 XID: Handoff Initiation
  Public params:
   Parameter set ID: 8885:1993
   Procedure classes: 00 01
   HDLC options: 20 84 80
  VDL params:
   Parameter set ID: V
   XID sequencing: seq: 4 retry: 0
   Destination airport: EGPH
   Aircraft location: 43.5N 7.3E 38000 ft
   AVLC specific options: 24
   Connection management: 01

[2025-04-25 00:12:50 CEST] [136.775] [-9.8/-30.3 dBFS] [20.5 dB] [2.9 ppm]
4D22FF (Aircraft, Airborne) -> 11FA7A (Ground station): Command
AVLC type: I sseq: 0 rseq: 0 poll: 0
 ACARS:
  Reassembly: skipped
  Reg: .9H-VUA Flight: FR307W
  Mode: 2 Label: 16 Blk id: 0 More: 0 Ack: ! Msg num: M77A
  Message:
   221152,38012,0033, 162,N 43.506 E  7.399

[2025-04-25 00:12:51 CEST] [136.775] [-9.7/-30.2 dBFS] [20.6 dB] [2.6 ppm]
4D22FF (Aircraft, Airborne) -> 11FA7A (Ground station): Command
AVLC type: I sseq: 2 rseq: 0 poll: 0
 ACARS:
  Reassembly: skipped
  Reg: .9H-VUA Flight: FR307W
  Mode: 2 Label: 16 Blk id: 0 More: 0 Ack: ! Msg num: M77A
  Message:
   221152,38012,0033, 162,N 43.506 E  7.399

[2025-04-25 00:12:53 CEST] [136.775] [-9.1/-30.1 dBFS] [21.0 dB] [2.8 ppm]
4D22FF (Aircraft, Airborne) -> 11FA7A (Ground station): Command
AVLC type: I sseq: 3 rseq: 4 poll: 0
 X.25 Data: grp: 11 chan: 255 sseq: 0 rseq: 2 more: 0
  X.25 reasm status: skipped
  X.233 CLNP Data (compressed header):
   LRef: 0x40 Prio: 14 Flags: 0xc0
   Lifetime: 50.0 sec
   PDU Id: 0x76
   IDRP Open: seq: 1 ack: 1 credit_offered: 5 credit_avail: 2
    Hold Time: 900 seconds
    Max. PDU size: 3000 octets
    Source RDI: 47 00 27 41 52 59 52 00 4d 22 ff	"G.'ARYR.M"."
    RIB Attribute Set:
     RibAtt #0:
      Security:
       Reg ID: 06 04 2b 1b 00 00
    Auth mechanism: simple checksum

[2025-04-25 00:12:53 CEST] [136.775] [-9.5/-30.5 dBFS] [21.0 dB] [2.5 ppm]
4D22FF (Aircraft, Airborne) -> 11FA7A (Ground station): Command
AVLC type: I sseq: 2 rseq: 4 poll: 0
 ACARS:
  Reassembly: skipped
  Reg: .9H-VUA Flight: FR307W
  Mode: 2 Label: 16 Blk id: 0 More: 0 Ack: ! Msg num: M77A
  Message:
   221152,38012,0033, 162,N 43.506 E  7.399

[2025-04-25 00:12:54 CEST] [136.975] [-2.6/-31.1 dBFS] [28.5 dB] [2.0 ppm]
4D2035 (Aircraft, Airborne) -> 10907A (Ground station): Command
AVLC type: I sseq: 5 rseq: 6 poll: 0
 X.25 Data: grp: 11 chan: 255 sseq: 3 rseq: 4 more: 0
  X.25 reasm status: skipped
  X.233 CLNP Data (compressed header):
   LRef: 0x41 Prio: 11 Flags: 0xf6
   Lifetime: 20.0 sec
   PDU Id: 0x461
   X.224 COTP Data:
    dst_ref: 0xd241
    sseq: 4 req_of_ack: 0 EoT: 1
    COTP reasm status: skipped
    ATN checksum: 2d 73 9b fa
    CPDLC Downlink Message:
     Header:
      Msg ID: 4
      Timestamp: 2025-04-24 22:12:52
      Logical ACK: required
     Message data:
      MONITORING [unitname] [frequency]
       Unit name: LFMM, MARSEILLE, control
       VHF: 134.705 MHz

[2025-04-25 00:12:55 CEST] [136.775] [-9.1/-30.7 dBFS] [21.5 dB] [2.5 ppm]
4D22FF (Aircraft, Airborne) -> 11FA7A (Ground station): Command
AVLC type: I sseq: 5 rseq: 7 poll: 0
 X.25 Data: grp: 11 chan: 255 sseq: 2 rseq: 5 more: 0
  X.25 reasm status: skipped
  X.233 CLNP Data (compressed header):
   LRef: 0x40 Prio: 14 Flags: 0xc0
   Lifetime: 50.0 sec
   PDU Id: 0x77
   IDRP Update: seq: 2 ack: 3 credit_offered: 3 credit_avail: 2
    Route:
     ID: 2
     Local preference: 0
    RD path:
     RD_SEQ:
      47 00 27 41 52 59 52 00 4d 22 ff	"G.'ARYR.M"."
    RD hop count: 1
    Security:
     Reg ID: 06 04 2b 1b 00 00
     Info:
      Supported ATSC classes: all
    Capacity: 13
    Reachability info:
     Protocol: CLNP
     Prefix length: 88
     Dest. address prefix: 47 00 27 41 52 59 52 00 4d 22 ff	"G.'ARYR.M"."

[2025-04-25 00:12:56 CEST] [136.975] [-2.3/-31.0 dBFS] [28.8 dB] [2.2 ppm]
4D2035 (Aircraft, Airborne) -> 10907A (Ground station): Command
AVLC type: I sseq: 6 rseq: 0 poll: 0
 X.25 Data: grp: 11 chan: 255 sseq: 4 rseq: 6 more: 0
  X.25 reasm status: skipped
  X.233 CLNP Data (compressed header):
   LRef: 0x41 Prio: 11 Flags: 0xf6
   Lifetime: 20.0 sec
   PDU Id: 0x462
   X.224 COTP Data Ack:
    dst_ref: 0xd241
    rseq: 5 credit: 3
    ATN checksum: 7f 22 b6 1a

[2025-04-25 00:14:27 CEST] [136.975] [-8.6/-31.4 dBFS] [22.8 dB] [2.0 ppm]
4D2035 (Aircraft, Airborne) -> 10907A (Ground station): Command
AVLC type: I sseq: 7 rseq: 1 poll: 0
 X.25 Data: grp: 11 chan: 255 sseq: 5 rseq: 7 more: 0
  X.25 reasm status: skipped
  X.233 CLNP Data (compressed header):
   LRef: 0x41 Prio: 11 Flags: 0xf6
   Lifetime: 20.0 sec
   PDU Id: 0x463
   X.224 COTP Data Ack:
    dst_ref: 0xd241
    rseq: 5 credit: 3
    Flow control:
     Acked TPDU nr: 5
     Acked subsequence: 0
     Acked credit: 15
    ATN checksum: 70 9f 89 26

