[2025-01-05 00:01:01 CET] [136.725] [-7.8/-30.6 dBFS] [22.8 dB] [2.3 ppm]
440C31 (Aircraft, Airborne) -> 11985A (Ground station): Command
AVLC type: I sseq: 7 rseq: 0 poll: 0
 X.25 Data: grp: 11 chan: 255 sseq: 6 rseq: 1 more: 0
  X.25 reasm status: skipped
  X.233 CLNP Data (compressed header):
   LRef: 0x41 Prio: 11 Flags: 0xf6
   Lifetime: 20.0 sec
   PDU Id: 0x150
   X.224 COTP Data Ack:
    dst_ref: 0x8d9e
    rseq: 0 credit: 1
    ATN checksum: 6a bd 4a 1b

[2025-01-05 00:01:01 CET] [136.725] [-7.6/-30.6 dBFS] [22.9 dB] [2.4 ppm]
440C31 (Aircraft, Airborne) -> 11985A (Ground station): Command
AVLC type: I sseq: 0 rseq: 0 poll: 0
 X.25 Data: grp: 11 chan: 255 sseq: 7 rseq: 2 more: 0
  X.25 reasm status: skipped
  X.233 CLNP Data (compressed header):
   LRef: 0x41 Prio: 11 Flags: 0xf6
   Lifetime: 20.0 sec
   PDU Id: 0x151
   X.224 COTP Data Ack:
    dst_ref: 0x8d9e
    rseq: 0 credit: 1
    Flow control:
     Acked TPDU nr: 0
     Acked subsequence: 0
     Acked credit: 1
    ATN checksum: 29 26 27 77

[2025-01-05 00:01:14 CET] [136.775] [-8.3/-30.6 dBFS] [22.3 dB] [-0.1 ppm]
392AEC (Aircraft, Airborne) -> 222545 (Ground station): Command
AVLC type: I sseq: 0 rseq: 3 poll: 0
 X.25 Data: grp: 11 chan: 255 sseq: 3 rseq: 3 more: 0
  X.25 reasm status: skipped
  X.233 CLNP Data (compressed header):
   LRef: 0x43 Prio: 11 Flags: 0xf6
   Lifetime: 20.0 sec
   PDU Id: 0x82
   X.224 COTP Data Ack:
    dst_ref: 0x4d90
    rseq: 4 credit: 3
    Flow control:
     Acked TPDU nr: 4
     Acked subsequence: 0
     Acked credit: 15
    ATN checksum: b3 a7 37 c3

[2025-01-05 00:01:27 CET] [136.725] [-13.6/-30.5 dBFS] [16.8 dB] [3.1 ppm]
406668 (Aircraft, Airborne) -> 11985A (Ground station): Command
AVLC type: I sseq: 4 rseq: 5 poll: 0
 X.25 Data: grp: 11 chan: 255 sseq: 1 rseq: 2 more: 0
  X.25 reasm status: skipped
  X.233 CLNP Data (compressed header):
   LRef: 0x41 Prio: 11 Flags: 0xf6
   Lifetime: 20.0 sec
   PDU Id: 0x29d
   X.224 COTP Data Ack:
    dst_ref: 0x4d81
    rseq: 2 credit: 2
    Flow control:
     Acked TPDU nr: 2
     Acked subsequence: 0
     Acked credit: 15
    ATN checksum: 05 51 ab 8a

[2025-01-05 00:02:04 CET] [136.725] [-9.4/-30.3 dBFS] [21.0 dB] [2.4 ppm]
440C31 (Aircraft, Airborne) -> 11985A (Ground station): Command
AVLC type: I sseq: 1 rseq: 2 poll: 0
 X.25 Data: grp: 11 chan: 255 sseq: 0 rseq: 4 more: 0
  X.25 reasm status: skipped
  X.233 CLNP Data (compressed header):
   LRef: 0x0 Prio: 11 Flags: 0xf6
   Lifetime: 20.0 sec
   PDU Id: 0x152
   X.224 COTP Data Ack:
    dst_ref: 0x4d8c
    rseq: 5 credit: 3
    Flow control:
     Acked TPDU nr: 5
     Acked subsequence: 0
     Acked credit: 15
    ATN checksum: 87 0c 3a 4e

[2025-01-05 00:02:46 CET] [136.775] [-3.7/-30.4 dBFS] [26.7 dB] [-0.2 ppm]
392AEC (Aircraft, Airborne) -> 222545 (Ground station): Command
AVLC type: I sseq: 1 rseq: 5 poll: 0
 X.25 Data: grp: 11 chan: 255 sseq: 4 rseq: 4 more: 0
  X.25 reasm status: skipped
  X.233 CLNP Data (compressed header):
   LRef: 0x43 Prio: 11 Flags: 0xf6
   Lifetime: 20.0 sec
   PDU Id: 0x83
   X.224 COTP Data Ack:
    dst_ref: 0x4d90
    rseq: 4 credit: 3
    Flow control:
     Acked TPDU nr: 4
     Acked subsequence: 0
     Acked credit: 15
    ATN checksum: b3 a7 37 c3

[2025-01-05 00:02:59 CET] [136.725] [-11.0/-30.5 dBFS] [19.5 dB] [2.7 ppm]
406668 (Aircraft, Airborne) -> 11985A (Ground station): Command
AVLC type: I sseq: 5 rseq: 6 poll: 0
 X.25 Data: grp: 11 chan: 255 sseq: 2 rseq: 3 more: 0
  X.25 reasm status: skipped
  X.233 CLNP Data (compressed header):
   LRef: 0x41 Prio: 11 Flags: 0xf6
   Lifetime: 20.0 sec
   PDU Id: 0x29e
   X.224 COTP Data Ack:
    dst_ref: 0x4d81
    rseq: 2 credit: 2
    Flow control:
     Acked TPDU nr: 2
     Acked subsequence: 0
     Acked credit: 15
    ATN checksum: 05 51 ab 8a

[2025-01-05 00:03:02 CET] [136.725] [-12.0/-30.5 dBFS] [18.5 dB] [2.2 ppm]
440C31 (Aircraft, Airborne) -> 11985A (Ground station): Command
AVLC type: I sseq: 3 rseq: 3 poll: 0
 X.25 Data: grp: 11 chan: 255 sseq: 2 rseq: 5 more: 0
  X.25 reasm status: skipped
  X.233 CLNP Data (compressed header):
   LRef: 0x41 Prio: 11 Flags: 0xf6
   Lifetime: 20.0 sec
   PDU Id: 0x154
   X.224 COTP Data Ack:
    dst_ref: 0x8d9e
    rseq: 0 credit: 1
    Flow control:
     Acked TPDU nr: 0
     Acked subsequence: 0
     Acked credit: 1
    ATN checksum: 29 26 27 77

[2025-01-05 00:03:13 CET] [136.725] [-2.3/-30.4 dBFS] [28.1 dB] [2.5 ppm]
4008B1 (Aircraft, Airborne) -> 11985A (Ground station): Command
AVLC type: I sseq: 3 rseq: 2 poll: 0
 ACARS:
  Reassembly: skipped
  Reg: .G-EUPP Flight: BA0338
  Mode: 2 Label: 15 Blk id: 0 More: 0 Ack: ! Msg num: M09A
  Message:
   FST01EGLLLFMNN43709E0060527158  39  31     31277      369  23192303

[2025-01-05 00:03:17 CET] [136.725] [-2.2/-30.7 dBFS] [28.5 dB] [2.3 ppm]
4008B1 (Aircraft, Airborne) -> 11985A (Ground station): Command
AVLC type: I sseq: 3 rseq: 2 poll: 0
 ACARS:
  Reassembly: skipped
  Reg: .G-EUPP Flight: BA0338
  Mode: 2 Label: 15 Blk id: 0 More: 0 Ack: ! Msg num: M09A
  Message:
   FST01EGLLLFMNN43709E0060527158  39  31     31277      369  23192303

[2025-01-05 00:04:06 CET] [136.725] [-12.0/-30.5 dBFS] [18.5 dB] [2.9 ppm]
4CA8E7 (Aircraft, Airborne) -> 11985A (Ground station): Command
AVLC type: I sseq: 1 rseq: 2 poll: 0
 X.25 Data: grp: 11 chan: 255 sseq: 7 rseq: 0 more: 0
  X.25 reasm status: skipped
  X.233 CLNP Data (compressed header):
   LRef: 0x0 Prio: 11 Flags: 0xc0
   Lifetime: 50.0 sec
   PDU Id: 0xeb3
   X.224 COTP Data Ack:
    dst_ref: 0x4d94
    rseq: 3 credit: 2
    Checksum: fc ed

[2025-01-05 00:04:16 CET] [136.725] [-10.3/-30.4 dBFS] [20.1 dB] [2.9 ppm]
4CA8E7 (Aircraft, Airborne) -> 11985A (Ground station): Command
AVLC type: I sseq: 3 rseq: 3 poll: 0
 X.25 Data: grp: 11 chan: 255 sseq: 1 rseq: 1 more: 0
  X.25 reasm status: skipped
  X.233 CLNP Data (compressed header):
   LRef: 0x0 Prio: 11 Flags: 0xc0
   Lifetime: 50.0 sec
   PDU Id: 0xeb5
   X.224 COTP Data:
    dst_ref: 0x4d94
    sseq: 3 req_of_ack: 0 EoT: 1
    COTP reasm status: skipped
    Checksum: ba 5e
    CPDLC Downlink Message:
     Header:
      Msg ID: 3
      Msg Ref: 3
      Timestamp: 2025-01-04 23:04:15
      Logical ACK: required
     Message data:
      WILCO

[2025-01-05 00:04:17 CET] [136.725] [-10.9/-30.8 dBFS] [19.9 dB] [2.9 ppm]
4CA8E7 (Aircraft, Airborne) -> 11985A (Ground station): Command
AVLC type: I sseq: 4 rseq: 5 poll: 0
 X.25 Data: grp: 11 chan: 255 sseq: 2 rseq: 3 more: 0
  X.25 reasm status: skipped
  X.233 CLNP Data (compressed header):
   LRef: 0x0 Prio: 11 Flags: 0xc0
   Lifetime: 50.0 sec
   PDU Id: 0xeb6
   X.224 COTP Data Ack:
    dst_ref: 0x4d94
    rseq: 4 credit: 3
    Checksum: f1 f6

[2025-01-05 00:04:18 CET] [136.775] [-2.5/-30.4 dBFS] [27.9 dB] [-0.1 ppm]
392AEC (Aircraft, Airborne) -> 222545 (Ground station): Command
AVLC type: I sseq: 2 rseq: 7 poll: 0
 X.25 Data: grp: 11 chan: 255 sseq: 5 rseq: 5 more: 0
  X.25 reasm status: skipped
  X.233 CLNP Data (compressed header):
   LRef: 0x43 Prio: 11 Flags: 0xf6
   Lifetime: 20.0 sec
   PDU Id: 0x84
   X.224 COTP Data Ack:
    dst_ref: 0x4d90
    rseq: 4 credit: 3
    Flow control:
     Acked TPDU nr: 4
     Acked subsequence: 0
     Acked credit: 15
    ATN checksum: b3 a7 37 c3

[2025-01-05 00:04:22 CET] [136.975] [-13.2/-31.0 dBFS] [17.8 dB] [3.2 ppm]
4D2215 (Aircraft, Airborne) -> 109C2A (Ground station): Command
AVLC type: I sseq: 2 rseq: 3 poll: 0
 X.25 Data: grp: 11 chan: 255 sseq: 0 rseq: 1 more: 0
  X.25 reasm status: skipped
  X.233 CLNP Data (compressed header):
   LRef: 0x41 Prio: 11 Flags: 0xc0
   Lifetime: 50.0 sec
   PDU Id: 0x1c6c
   X.224 COTP Data Ack:
    dst_ref: 0x4d93
    rseq: 5 credit: 3
    Checksum: f2 f5

[2025-01-05 00:04:30 CET] [136.975] [-14.2/-30.3 dBFS] [16.2 dB] [3.1 ppm]
4D2215 (Aircraft, Airborne) -> 109C2A (Ground station): Command
AVLC type: I sseq: 5 rseq: 6 poll: 0
 X.25 Data: grp: 11 chan: 255 sseq: 3 rseq: 4 more: 0
  X.25 reasm status: skipped
  X.233 CLNP Data (compressed header):
   LRef: 0x41 Prio: 11 Flags: 0xc0
   Lifetime: 50.0 sec
   PDU Id: 0x1c6f
   X.224 COTP Data Ack:
    dst_ref: 0x4d93
    rseq: 6 credit: 3
    Checksum: ee f8

[2025-01-05 00:04:40 CET] [136.775] [-2.7/-30.7 dBFS] [28.0 dB] [-0.0 ppm]
392AEC (Aircraft, Airborne) -> 233925 (Ground station): Command
AVLC type: U (XID) P/F: 1
 XID: Handoff Initiation
  Public params:
   Parameter set ID: 8885:1993
   Procedure classes: 00 01
   HDLC options: 20 a4 80
  VDL params:
   Parameter set ID: V
   Connection management: 01
   XID sequencing: seq: 5 retry: 0
   AVLC specific options: 25
   Destination airport: DTTA
   Aircraft location: 44.0N 5.5E 37000 ft

[2025-01-05 00:05:05 CET] [136.725] [-5.2/-30.5 dBFS] [25.3 dB] [2.7 ppm]
4CA8E7 (Aircraft, Airborne) -> 11985A (Ground station): Command
AVLC type: I sseq: 5 rseq: 5 poll: 0
 ACARS:
  Reassembly: skipped
  Reg: .EI-ENV Flight: FR6353
  Mode: 2 Label: 16 Blk id: 1 More: 0 Ack: ! Msg num: M87A
  Message:
   230504,,2356, 112,N   .    MMMM.MMM

[2025-01-05 00:05:06 CET] [136.975] [-11.5/-30.4 dBFS] [18.9 dB] [3.2 ppm]
4D2215 (Aircraft, Airborne) -> 109C2A (Ground station): Command
AVLC type: I sseq: 6 rseq: 7 poll: 0
 X.25 Data: grp: 11 chan: 255 sseq: 4 rseq: 5 more: 0
  X.25 reasm status: skipped
  X.233 CLNP Data (compressed header):
   LRef: 0x41 Prio: 11 Flags: 0xc0
   Lifetime: 50.0 sec
   PDU Id: 0x1c70
   X.224 COTP Data Ack:
    dst_ref: 0x4d93
    rseq: 7 credit: 3
    Checksum: ea fb

[2025-01-05 00:05:06 CET] [136.975] [-11.8/-30.4 dBFS] [18.6 dB] [3.3 ppm]
4D2215 (Aircraft, Airborne) -> 109C2A (Ground station): Command
AVLC type: I sseq: 7 rseq: 7 poll: 0
 X.25 Data: grp: 11 chan: 255 sseq: 5 rseq: 5 more: 0
  X.25 reasm status: skipped
  X.233 CLNP Data (compressed header):
   LRef: 0x41 Prio: 11 Flags: 0xc0
   Lifetime: 50.0 sec
   PDU Id: 0x1c71
   X.224 COTP Data:
    dst_ref: 0x4d93
    sseq: 6 req_of_ack: 0 EoT: 1
    COTP reasm status: skipped
    Checksum: 83 d9
    CPDLC Downlink Message:
     Header:
      Msg ID: 6
      Msg Ref: 7
      Timestamp: 2025-01-04 23:05:05
      Logical ACK: notRequired
     Message data:
      LOGICAL ACKNOWLEDGMENT

[2025-01-05 00:05:12 CET] [136.975] [-10.7/-31.0 dBFS] [20.3 dB] [3.1 ppm]
4D2215 (Aircraft, Airborne) -> 109C2A (Ground station): Command
AVLC type: I sseq: 0 rseq: 0 poll: 0
 X.25 Data: grp: 11 chan: 255 sseq: 6 rseq: 6 more: 0
  X.25 reasm status: skipped
  X.233 CLNP Data (compressed header):
   LRef: 0x41 Prio: 11 Flags: 0xc0
   Lifetime: 50.0 sec
   PDU Id: 0x1c72
   X.224 COTP Data:
    dst_ref: 0x4d93
    sseq: 7 req_of_ack: 0 EoT: 1
    COTP reasm status: skipped
    Checksum: 96 1b
    CPDLC Downlink Message:
     Header:
      Msg ID: 7
      Msg Ref: 7
      Timestamp: 2025-01-04 23:05:12
      Logical ACK: required
     Message data:
      WILCO

[2025-01-05 00:05:14 CET] [136.975] [-11.8/-30.6 dBFS] [18.9 dB] [3.1 ppm]
4D2215 (Aircraft, Airborne) -> 109C2A (Ground station): Command
AVLC type: I sseq: 1 rseq: 2 poll: 0
 X.25 Data: grp: 11 chan: 255 sseq: 7 rseq: 0 more: 0
  X.25 reasm status: skipped
  X.233 CLNP Data (compressed header):
   LRef: 0x41 Prio: 11 Flags: 0xc0
   Lifetime: 50.0 sec
   PDU Id: 0x1c73
   X.224 COTP Data Ack:
    dst_ref: 0x4d93
    rseq: 8 credit: 3
    Checksum: e6 fe

[2025-01-05 00:05:49 CET] [136.725] [-7.2/-30.9 dBFS] [23.7 dB] [2.5 ppm]
4CA8E7 (Aircraft, Airborne) -> 11985A (Ground station): Command
AVLC type: I sseq: 6 rseq: 7 poll: 0
 X.25 Data: grp: 11 chan: 255 sseq: 3 rseq: 4 more: 0
  X.25 reasm status: skipped
  X.233 CLNP Data (compressed header):
   LRef: 0x0 Prio: 11 Flags: 0xc0
   Lifetime: 50.0 sec
   PDU Id: 0xeb7
   X.224 COTP Data Ack:
    dst_ref: 0x4d94
    rseq: 4 credit: 3
    Checksum: ec 4a
    Flow control:
     Acked TPDU nr: 4
     Acked subsequence: 0
     Acked credit: 15

[2025-01-05 00:05:50 CET] [136.775] [-2.4/-30.2 dBFS] [27.8 dB] [-0.4 ppm]
392AEC (Aircraft, Airborne) -> 233925 (Ground station): Command
AVLC type: I sseq: 4 rseq: 4 poll: 0
 X.25 Data: grp: 11 chan: 255 sseq: 1 rseq: 2 more: 0
  X.25 reasm status: skipped
  X.233 CLNP Data (compressed header):
   LRef: 0x43 Prio: 11 Flags: 0xf6
   Lifetime: 20.0 sec
   PDU Id: 0x86
   X.224 COTP Data Ack:
    dst_ref: 0x4d90
    rseq: 4 credit: 3
    Flow control:
     Acked TPDU nr: 4
     Acked subsequence: 0
     Acked credit: 15
    ATN checksum: b3 a7 37 c3

[2025-01-05 00:06:03 CET] [136.725] [-10.5/-30.0 dBFS] [19.5 dB] [2.7 ppm]
406668 (Aircraft, Airborne) -> 11985A (Ground station): Command
AVLC type: I sseq: 0 rseq: 1 poll: 0
 X.25 Data: grp: 11 chan: 255 sseq: 5 rseq: 6 more: 0
  X.25 reasm status: skipped
  X.233 CLNP Data (compressed header):
   LRef: 0x41 Prio: 11 Flags: 0xf6
   Lifetime: 20.0 sec
   PDU Id: 0x2a1
   X.224 COTP Data Ack:
    dst_ref: 0x4d81
    rseq: 2 credit: 2
    Flow control:
     Acked TPDU nr: 2
     Acked subsequence: 0
     Acked credit: 15
    ATN checksum: 05 51 ab 8a

