[2025-04-03 00:00:16 CEST] [136.725] [1.1/-30.1 dBFS] [31.2 dB] [3.3 ppm]
4CA761 (Aircraft, Airborne) -> 11985A (Ground station): Command
AVLC type: I sseq: 5 rseq: 6 poll: 0
 X.25 Data: grp: 11 chan: 254 sseq: 3 rseq: 4 more: 0
  X.25 reasm status: skipped
  X.233 CLNP Data (compressed header):
   LRef: 0x44 Prio: 11 Flags: 0xc0
   Lifetime: 50.0 sec
   PDU Id: 0x209
   X.224 COTP Data Ack:
    dst_ref: 0x83a1
    rseq: 4 credit: 3
    Checksum: 66 8d
    Flow control:
     Acked TPDU nr: 4
     Acked subsequence: 0
     Acked credit: 15

[2025-04-03 00:00:23 CEST] [136.775] [-9.9/-29.9 dBFS] [20.0 dB] [-0.8 ppm]
3452C7 (Aircraft, Airborne) -> 210DC5 (Ground station): Command
AVLC type: I sseq: 6 rseq: 1 poll: 0
 X.25 Data: grp: 11 chan: 255 sseq: 1 rseq: 2 more: 0
  X.25 reasm status: skipped
  X.233 CLNP Data (compressed header):
   LRef: 0x1 Prio: 8 Flags: 0xf6
   Lifetime: 20.0 sec
   PDU Id: 0x82
   X.224 COTP Disconnect Request:
    src_ref: 0xeb01 dst_ref: 0x0000
    Reason: 128 (Normal disconnect)
    Checksum: 3a 07
    X.225 disconnect reason: 1 (OK, transport connection not reused)

[2025-04-03 00:01:01 CEST] [136.775] [-8.5/-30.1 dBFS] [21.5 dB] [3.2 ppm]
4D241E (Aircraft, Airborne) -> 233925 (Ground station): Command
AVLC type: I sseq: 7 rseq: 1 poll: 0
 X.25 Data: grp: 11 chan: 255 sseq: 2 rseq: 3 more: 0
  X.25 reasm status: skipped
  X.233 CLNP Data (compressed header):
   LRef: 0x42 Prio: 11 Flags: 0xf6
   Lifetime: 20.0 sec
   PDU Id: 0x352
   X.224 COTP Data Ack:
    dst_ref: 0x631f
    rseq: 7 credit: 4
    ATN checksum: e6 53 5d 3d

[2025-04-03 00:01:08 CEST] [136.725] [1.1/-30.4 dBFS] [31.5 dB] [2.7 ppm]
4D236A (Aircraft, Airborne) -> 11985A (Ground station): Command
AVLC type: I sseq: 5 rseq: 6 poll: 0
 X.25 Data: grp: 11 chan: 254 sseq: 3 rseq: 4 more: 0
  X.25 reasm status: skipped
  X.233 CLNP Data (compressed header):
   LRef: 0x41 Prio: 11 Flags: 0xc0
   Lifetime: 50.0 sec
   PDU Id: 0x190a
   X.224 COTP Data Ack:
    dst_ref: 0x83a9
    rseq: 2 credit: 2
    Checksum: 41 af
    Flow control:
     Acked TPDU nr: 2
     Acked subsequence: 0
     Acked credit: 15

[2025-04-03 00:01:29 CEST] [136.775] [-11.0/-29.8 dBFS] [18.8 dB] [3.3 ppm]
4D241E (Aircraft, Airborne) -> 233925 (Ground station): Command
AVLC type: I sseq: 1 rseq: 3 poll: 0
 X.25 Data: grp: 11 chan: 255 sseq: 3 rseq: 5 more: 0
  X.25 reasm status: skipped
  X.233 CLNP Data (compressed header):
   LRef: 0x42 Prio: 11 Flags: 0xf6
   Lifetime: 20.0 sec
   PDU Id: 0x353
   X.224 COTP Disconnect Request:
    src_ref: 0x004e dst_ref: 0x631f
    Reason: 128 (Normal disconnect)
    ATN checksum: bf 0e c9 56
    X.225 disconnect reason: 1 (OK, transport connection not reused)

[2025-04-03 00:01:30 CEST] [136.775] [-11.5/-29.8 dBFS] [18.3 dB] [3.4 ppm]
4D241E (Aircraft, Airborne) -> 233925 (Ground station): Command
AVLC type: I sseq: 2 rseq: 3 poll: 0
 X.25 Data: grp: 11 chan: 255 sseq: 4 rseq: 5 more: 0
  X.25 reasm status: skipped
  X.233 CLNP Data (compressed header):
   LRef: 0x41 Prio: 11 Flags: 0xf6
   Lifetime: 20.0 sec
   PDU Id: 0x354
   X.224 COTP Data:
    dst_ref: 0x8397
    sseq: 0 req_of_ack: 0 EoT: 1
    COTP reasm status: skipped
    ATN checksum: 64 47 57 79
    X.227 ACSE Abort:
     Source: user
     Cause: no-reason-given
     CPDLC User Abort Reason: current-data-authority-abort

[2025-04-03 00:01:30 CEST] [136.775] [-12.3/-29.7 dBFS] [17.4 dB] [3.1 ppm]
4D241E (Aircraft, Airborne) -> 233925 (Ground station): Command
AVLC type: I sseq: 4 rseq: 6 poll: 0
 X.25 Data: grp: 11 chan: 255 sseq: 5 rseq: 0 more: 0
  X.25 reasm status: skipped
  X.233 CLNP Data (compressed header):
   LRef: 0x41 Prio: 11 Flags: 0xf6
   Lifetime: 20.0 sec
   PDU Id: 0x355
   X.224 COTP Disconnect Confirm:
    src_ref: 0x004f dst_ref: 0x8397
    ATN checksum: c7 53 57 3d

[2025-04-03 00:01:36 CEST] [136.725] [1.1/-29.9 dBFS] [31.0 dB] [3.0 ppm]
4CA761 (Aircraft, Airborne) -> 11985A (Ground station): Command
AVLC type: I sseq: 6 rseq: 7 poll: 0
 X.25 Data: grp: 11 chan: 254 sseq: 4 rseq: 5 more: 0
  X.25 reasm status: skipped
  X.233 CLNP Data (compressed header):
   LRef: 0x44 Prio: 11 Flags: 0xc0
   Lifetime: 50.0 sec
   PDU Id: 0x20a
   X.224 COTP Data Ack:
    dst_ref: 0x83a1
    rseq: 5 credit: 3
    Checksum: 67 3d

[2025-04-03 00:01:36 CEST] [136.725] [1.2/-30.2 dBFS] [31.4 dB] [3.1 ppm]
4CA761 (Aircraft, Airborne) -> 11985A (Ground station): Command
AVLC type: I sseq: 7 rseq: 7 poll: 0
 X.25 Data: grp: 11 chan: 254 sseq: 5 rseq: 5 more: 0
  X.25 reasm status: skipped
  X.233 CLNP Data (compressed header):
   LRef: 0x44 Prio: 11 Flags: 0xc0
   Lifetime: 50.0 sec
   PDU Id: 0x20b
   X.224 COTP Data:
    dst_ref: 0x83a1
    sseq: 4 req_of_ack: 0 EoT: 1
    COTP reasm status: skipped
    Checksum: 63 de
    CPDLC Downlink Message:
     Header:
      Msg ID: 4
      Msg Ref: 5
      Timestamp: 2025-04-02 22:01:35
      Logical ACK: notRequired
     Message data:
      LOGICAL ACKNOWLEDGMENT

[2025-04-03 00:01:37 CEST] [136.675] [-10.3/-30.8 dBFS] [20.5 dB] [2.5 ppm]
4D240B (Aircraft, Airborne) -> 11907A (Ground station): Command
AVLC type: I sseq: 2 rseq: 3 poll: 0
 X.25 Data: grp: 11 chan: 255 sseq: 5 rseq: 6 more: 0
  X.25 reasm status: skipped
  X.233 CLNP Data (compressed header):
   LRef: 0x42 Prio: 11 Flags: 0xf6
   Lifetime: 20.0 sec
   PDU Id: 0x3c
   X.224 COTP Data Ack:
    dst_ref: 0x839f
    rseq: 2 credit: 2
    Flow control:
     Acked TPDU nr: 2
     Acked subsequence: 0
     Acked credit: 15
    ATN checksum: c2 ca 36 17

[2025-04-03 00:01:47 CEST] [136.725] [1.2/-30.3 dBFS] [31.4 dB] [3.0 ppm]
4CA761 (Aircraft, Airborne) -> 11985A (Ground station): Command
AVLC type: I sseq: 0 rseq: 0 poll: 0
 X.25 Data: grp: 11 chan: 254 sseq: 6 rseq: 6 more: 0
  X.25 reasm status: skipped
  X.233 CLNP Data (compressed header):
   LRef: 0x44 Prio: 11 Flags: 0xc0
   Lifetime: 50.0 sec
   PDU Id: 0x20c
   X.224 COTP Data:
    dst_ref: 0x83a1
    sseq: 5 req_of_ack: 0 EoT: 1
    COTP reasm status: skipped
    Checksum: 75 23
    CPDLC Downlink Message:
     Header:
      Msg ID: 5
      Msg Ref: 5
      Timestamp: 2025-04-02 22:01:45
      Logical ACK: required
     Message data:
      WILCO

[2025-04-03 00:01:48 CEST] [136.725] [1.1/-29.9 dBFS] [31.0 dB] [3.0 ppm]
4CA761 (Aircraft, Airborne) -> 11985A (Ground station): Command
AVLC type: I sseq: 1 rseq: 2 poll: 0
 X.25 Data: grp: 11 chan: 254 sseq: 7 rseq: 0 more: 0
  X.25 reasm status: skipped
  X.233 CLNP Data (compressed header):
   LRef: 0x44 Prio: 11 Flags: 0xc0
   Lifetime: 50.0 sec
   PDU Id: 0x20d
   X.224 COTP Data Ack:
    dst_ref: 0x83a1
    rseq: 6 credit: 3
    Checksum: 63 40

[2025-04-03 00:02:17 CEST] [136.975] [-8.6/-30.4 dBFS] [21.8 dB] [-2.0 ppm]
02A260 (Aircraft, Airborne) -> 270CB7 (Ground station): Command
AVLC type: U (XID) P/F: 1
 XID: Handoff Initiation
  Public params:
   Parameter set ID: 8885:1993
   Procedure classes: 00 01
   HDLC options: 20 a4 80
  VDL params:
   Parameter set ID: V
   Connection management: 01
   XID sequencing: seq: 1 retry: 0
   AVLC specific options: 25
   Destination airport: DTTA
   Aircraft location: 43.9N 6.2E 35000 ft

[2025-04-03 00:02:36 CEST] [136.725] [1.1/-30.7 dBFS] [31.8 dB] [2.3 ppm]
4D236A (Aircraft, Airborne) -> 11985A (Ground station): Command
AVLC type: I sseq: 6 rseq: 7 poll: 0
 X.25 Data: grp: 11 chan: 254 sseq: 4 rseq: 5 more: 0
  X.25 reasm status: skipped
  X.233 CLNP Data (compressed header):
   LRef: 0x41 Prio: 11 Flags: 0xc0
   Lifetime: 50.0 sec
   PDU Id: 0x190b
   X.224 COTP Data Ack:
    dst_ref: 0x83a9
    rseq: 2 credit: 2
    Checksum: 41 af
    Flow control:
     Acked TPDU nr: 2
     Acked subsequence: 0
     Acked credit: 15

[2025-04-03 00:03:04 CEST] [136.675] [-6.6/-30.5 dBFS] [23.9 dB] [2.4 ppm]
4D240B (Aircraft, Airborne) -> 11907A (Ground station): Command
AVLC type: I sseq: 4 rseq: 5 poll: 0
 X.25 Data: grp: 11 chan: 255 sseq: 7 rseq: 0 more: 0
  X.25 reasm status: skipped
  X.233 CLNP Data (compressed header):
   LRef: 0x42 Prio: 11 Flags: 0xf6
   Lifetime: 20.0 sec
   PDU Id: 0x3e
   X.224 COTP Data Ack:
    dst_ref: 0x839f
    rseq: 3 credit: 2
    ATN checksum: 7c ba 1a 38
   X.224 COTP Data:
    dst_ref: 0x839f
    sseq: 2 req_of_ack: 0 EoT: 1
    COTP reasm status: skipped
    ATN checksum: d1 a1 9d 15
    CPDLC Downlink Message:
     Header:
      Msg ID: 2
      Msg Ref: 3
      Timestamp: 2025-04-02 22:03:03
      Logical ACK: notRequired
     Message data:
      LOGICAL ACKNOWLEDGMENT

[2025-04-03 00:03:09 CEST] [136.675] [-4.1/-30.4 dBFS] [26.3 dB] [2.3 ppm]
4D240B (Aircraft, Airborne) -> 11907A (Ground station): Command
AVLC type: I sseq: 5 rseq: 6 poll: 0
 X.25 Data: grp: 11 chan: 255 sseq: 0 rseq: 1 more: 0
  X.25 reasm status: skipped
  X.233 CLNP Data (compressed header):
   LRef: 0x42 Prio: 11 Flags: 0xf6
   Lifetime: 20.0 sec
   PDU Id: 0x3f
   X.224 COTP Data:
    dst_ref: 0x839f
    sseq: 3 req_of_ack: 0 EoT: 1
    COTP reasm status: skipped
    ATN checksum: 28 7e 22 5c
    CPDLC Downlink Message:
     Header:
      Msg ID: 3
      Msg Ref: 3
      Timestamp: 2025-04-02 22:03:07
      Logical ACK: required
     Message data:
      WILCO

[2025-04-03 00:03:11 CEST] [136.675] [-6.2/-31.0 dBFS] [24.8 dB] [2.2 ppm]
4D240B (Aircraft, Airborne) -> 11907A (Ground station): Command
AVLC type: I sseq: 6 rseq: 0 poll: 0
 X.25 Data: grp: 11 chan: 255 sseq: 1 rseq: 3 more: 0
  X.25 reasm status: skipped
  X.233 CLNP Data (compressed header):
   LRef: 0x42 Prio: 11 Flags: 0xf6
   Lifetime: 20.0 sec
   PDU Id: 0x40
   X.224 COTP Data Ack:
    dst_ref: 0x839f
    rseq: 4 credit: 3
    ATN checksum: ef 5a 15 28

[2025-04-03 00:03:20 CEST] [136.725] [1.2/-30.0 dBFS] [31.2 dB] [2.6 ppm]
4CA761 (Aircraft, Airborne) -> 11985A (Ground station): Command
AVLC type: I sseq: 3 rseq: 4 poll: 0
 X.25 Data: grp: 11 chan: 254 sseq: 1 rseq: 2 more: 0
  X.25 reasm status: skipped
  X.233 CLNP Data (compressed header):
   LRef: 0x44 Prio: 11 Flags: 0xc0
   Lifetime: 50.0 sec
   PDU Id: 0x20f
   X.224 COTP Data Ack:
    dst_ref: 0x83a1
    rseq: 6 credit: 3
    Checksum: 6a 85
    Flow control:
     Acked TPDU nr: 6
     Acked subsequence: 0
     Acked credit: 15

[2025-04-03 00:04:09 CEST] [136.725] [-13.8/-30.7 dBFS] [16.9 dB] [2.5 ppm]
4D236A (Aircraft, Airborne) -> 11985A (Ground station): Command
AVLC type: I sseq: 7 rseq: 0 poll: 0
 X.25 Data: grp: 11 chan: 254 sseq: 5 rseq: 6 more: 0
  X.25 reasm status: skipped
  X.233 CLNP Data (compressed header):
   LRef: 0x41 Prio: 11 Flags: 0xc0
   Lifetime: 50.0 sec
   PDU Id: 0x190c
   X.224 COTP Data Ack:
    dst_ref: 0x83a9
    rseq: 2 credit: 2
    Checksum: 41 af
    Flow control:
     Acked TPDU nr: 2
     Acked subsequence: 0
     Acked credit: 15

[2025-04-03 00:04:41 CEST] [136.675] [-0.7/-30.9 dBFS] [30.2 dB] [2.1 ppm]
4D240B (Aircraft, Airborne) -> 11907A (Ground station): Command
AVLC type: I sseq: 7 rseq: 1 poll: 0
 X.25 Data: grp: 11 chan: 255 sseq: 2 rseq: 4 more: 0
  X.25 reasm status: skipped
  X.233 CLNP Data (compressed header):
   LRef: 0x42 Prio: 11 Flags: 0xf6
   Lifetime: 20.0 sec
   PDU Id: 0x41
   X.224 COTP Data Ack:
    dst_ref: 0x839f
    rseq: 4 credit: 3
    Flow control:
     Acked TPDU nr: 4
     Acked subsequence: 0
     Acked credit: 15
    ATN checksum: 6d b9 2a 84

[2025-04-03 00:04:52 CEST] [136.725] [0.5/-30.1 dBFS] [30.6 dB] [2.4 ppm]
4CA761 (Aircraft, Airborne) -> 11985A (Ground station): Command
AVLC type: I sseq: 4 rseq: 5 poll: 0
 X.25 Data: grp: 11 chan: 254 sseq: 2 rseq: 3 more: 0
  X.25 reasm status: skipped
  X.233 CLNP Data (compressed header):
   LRef: 0x44 Prio: 11 Flags: 0xc0
   Lifetime: 50.0 sec
   PDU Id: 0x210
   X.224 COTP Data Ack:
    dst_ref: 0x83a1
    rseq: 6 credit: 3
    Checksum: 6a 85
    Flow control:
     Acked TPDU nr: 6
     Acked subsequence: 0
     Acked credit: 15

[2025-04-03 00:05:48 CEST] [136.775] [-10.3/-30.0 dBFS] [19.8 dB] [-1.4 ppm]
3452C7 (Aircraft, Airborne) -> 233925 (Ground station): Command
AVLC type: I sseq: 4 rseq: 7 poll: 0
 X.25 Data: grp: 11 chan: 255 sseq: 7 rseq: 2 more: 0
  X.25 reasm status: skipped
  X.233 CLNP Data (compressed header):
   LRef: 0x41 Prio: 11 Flags: 0xf6
   Lifetime: 20.0 sec
   PDU Id: 0x8b
   X.224 COTP Data Ack:
    dst_ref: 0x83a0
    rseq: 5 credit: 3
    Flow control:
     Acked TPDU nr: 5
     Acked subsequence: 0
     Acked credit: 15
    ATN checksum: 8d 90 7f 8d

[2025-04-03 00:06:13 CEST] [136.675] [0.5/-31.2 dBFS] [31.7 dB] [1.6 ppm]
4D240B (Aircraft, Airborne) -> 11907A (Ground station): Command
AVLC type: I sseq: 0 rseq: 2 poll: 0
 X.25 Data: grp: 11 chan: 255 sseq: 3 rseq: 5 more: 0
  X.25 reasm status: skipped
  X.233 CLNP Data (compressed header):
   LRef: 0x42 Prio: 11 Flags: 0xf6
   Lifetime: 20.0 sec
   PDU Id: 0x42
   X.224 COTP Data Ack:
    dst_ref: 0x839f
    rseq: 4 credit: 3
    Flow control:
     Acked TPDU nr: 4
     Acked subsequence: 0
     Acked credit: 15
    ATN checksum: 6d b9 2a 84

[2025-04-03 00:06:20 CEST] [136.775] [-8.8/-29.8 dBFS] [21.0 dB] [-1.6 ppm]
3452C7 (Aircraft, Airborne) -> 233925 (Ground station): Command
AVLC type: I sseq: 5 rseq: 0 poll: 0
 X.25 Data: grp: 11 chan: 255 sseq: 0 rseq: 3 more: 0
  X.25 reasm status: skipped
  X.233 CLNP Data (compressed header):
   LRef: 0x42 Prio: 11 Flags: 0xf6
   Lifetime: 20.0 sec
   PDU Id: 0x8c
   X.224 COTP Data Ack:
    dst_ref: 0x8780
    rseq: 0 credit: 1
    Flow control:
     Acked TPDU nr: 0
     Acked subsequence: 0
     Acked credit: 1
    ATN checksum: f2 aa 8a 43

[2025-04-03 00:06:24 CEST] [136.725] [-1.2/-29.8 dBFS] [28.7 dB] [2.2 ppm]
4CA761 (Aircraft, Airborne) -> 11985A (Ground station): Command
AVLC type: I sseq: 5 rseq: 6 poll: 0
 X.25 Data: grp: 11 chan: 254 sseq: 3 rseq: 4 more: 0
  X.25 reasm status: skipped
  X.233 CLNP Data (compressed header):
   LRef: 0x44 Prio: 11 Flags: 0xc0
   Lifetime: 50.0 sec
   PDU Id: 0x211
   X.224 COTP Data Ack:
    dst_ref: 0x83a1
    rseq: 6 credit: 3
    Checksum: 6a 85
    Flow control:
     Acked TPDU nr: 6
     Acked subsequence: 0
     Acked credit: 15

[2025-04-03 00:06:56 CEST] [136.775] [-12.3/-30.2 dBFS] [17.8 dB] [2.1 ppm]
4CAD11 (Aircraft, Airborne) -> 11FA7B (Ground station): Command
AVLC type: I sseq: 1 rseq: 3 poll: 0
 ACARS:
  Reassembly: skipped
  Reg: .EI-HGY Flight: FR257E
  Mode: 2 Label: 16 Blk id: 8 More: 0 Ack: ! Msg num: M15A
  Message:
   220654,39999,2347, 110,N 43.594 E  7.532

[2025-04-03 00:06:59 CEST] [136.975] [-12.7/-30.7 dBFS] [18.0 dB] [0.2 ppm]
4951D6 (Aircraft, Airborne) -> 109C2A (Ground station): Command
AVLC type: I sseq: 4 rseq: 6 poll: 0
 X.25 Data: grp: 11 chan: 255 sseq: 3 rseq: 5 more: 0
  X.25 reasm status: skipped
  X.233 CLNP Data (compressed header):
   LRef: 0x44 Prio: 11 Flags: 0xf6
   Lifetime: 20.0 sec
   PDU Id: 0x2e5
   X.224 COTP Data Ack:
    dst_ref: 0x83a7
    rseq: 4 credit: 3
    ATN checksum: f5 8d 88 81

[2025-04-03 00:07:45 CEST] [136.675] [0.8/-30.3 dBFS] [31.1 dB] [1.4 ppm]
4D240B (Aircraft, Airborne) -> 11907A (Ground station): Command
AVLC type: I sseq: 2 rseq: 4 poll: 0
 X.25 Data: grp: 11 chan: 255 sseq: 5 rseq: 7 more: 0
  X.25 reasm status: skipped
  X.233 CLNP Data (compressed header):
   LRef: 0x42 Prio: 11 Flags: 0xf6
   Lifetime: 20.0 sec
   PDU Id: 0x44
   X.224 COTP Data Ack:
    dst_ref: 0x839f
    rseq: 4 credit: 3
    Flow control:
     Acked TPDU nr: 4
     Acked subsequence: 0
     Acked credit: 15
    ATN checksum: 6d b9 2a 84

[2025-04-03 00:07:56 CEST] [136.725] [-3.3/-30.3 dBFS] [27.0 dB] [1.9 ppm]
4CA761 (Aircraft, Airborne) -> 11985A (Ground station): Command
AVLC type: I sseq: 7 rseq: 0 poll: 0
 X.25 Data: grp: 11 chan: 254 sseq: 5 rseq: 6 more: 0
  X.25 reasm status: skipped
  X.233 CLNP Data (compressed header):
   LRef: 0x44 Prio: 11 Flags: 0xc0
   Lifetime: 50.0 sec
   PDU Id: 0x213
   X.224 COTP Data Ack:
    dst_ref: 0x83a1
    rseq: 6 credit: 3
    Checksum: 6a 85
    Flow control:
     Acked TPDU nr: 6
     Acked subsequence: 0
     Acked credit: 15

[2025-04-03 00:08:33 CEST] [136.725] [-6.2/-30.2 dBFS] [24.0 dB] [2.0 ppm]
4CA761 (Aircraft, Airborne) -> 11985A (Ground station): Command
AVLC type: I sseq: 0 rseq: 1 poll: 0
 X.25 Data: grp: 11 chan: 254 sseq: 6 rseq: 7 more: 0
  X.25 reasm status: skipped
  X.233 CLNP Data (compressed header):
   LRef: 0x44 Prio: 11 Flags: 0xc0
   Lifetime: 50.0 sec
   PDU Id: 0x214
   X.224 COTP Data Ack:
    dst_ref: 0x83a1
    rseq: 7 credit: 3
    Checksum: 5f 43

[2025-04-03 00:08:34 CEST] [136.725] [-6.1/-30.2 dBFS] [24.1 dB] [2.0 ppm]
4CA761 (Aircraft, Airborne) -> 11985A (Ground station): Command
AVLC type: I sseq: 1 rseq: 1 poll: 0
 X.25 Data: grp: 11 chan: 254 sseq: 7 rseq: 7 more: 0
  X.25 reasm status: skipped
  X.233 CLNP Data (compressed header):
   LRef: 0x44 Prio: 11 Flags: 0xc0
   Lifetime: 50.0 sec
   PDU Id: 0x215
   X.224 COTP Data:
    dst_ref: 0x83a1
    sseq: 6 req_of_ack: 0 EoT: 1
    COTP reasm status: skipped
    Checksum: 70 cf
    CPDLC Downlink Message:
     Header:
      Msg ID: 6
      Msg Ref: 7
      Timestamp: 2025-04-02 22:08:32
      Logical ACK: notRequired
     Message data:
      LOGICAL ACKNOWLEDGMENT

[2025-04-03 00:08:38 CEST] [136.725] [-6.5/-30.3 dBFS] [23.7 dB] [1.8 ppm]
4CA761 (Aircraft, Airborne) -> 11985A (Ground station): Command
AVLC type: I sseq: 2 rseq: 4 poll: 0
 X.25 Data: grp: 11 chan: 254 sseq: 0 rseq: 2 more: 0
  X.25 reasm status: skipped
  X.233 CLNP Data (compressed header):
   LRef: 0x45 Prio: 11 Flags: 0xc0
   Lifetime: 50.0 sec
   PDU Id: 0x216
   X.224 COTP Connect Confirm:
    src_ref: 0x0017 dst_ref: 0xd513
    Initial Credit: 1
    Protocol class: 4
    Options: 00 (use normal PDU formats)
    Calling transport selector: 65 6d
    Called/responding transport selector: 02 02
    TPDU size (bytes): 1024
    Checksum: 91 41
    Additional options: 0x00
    Ack time (ms): 1000
    Priority: 3
    Inactivity timer (ms): 360000
    X.225 Session SPDU: Short Accept
     X.227 ACSE Associate Response:
      Application context name: { 1.3.27.3.1 }
      Associate result: accept
      ATCDownlinkMessage: <empty PDU>

[2025-04-03 00:09:04 CEST] [136.825] [-10.6/-30.1 dBFS] [19.5 dB] [2.1 ppm]
4CA761 (Aircraft, Airborne) -> 119C2A (Ground station): Command
AVLC type: U (XID) P/F: 1
 XID: Handoff Initiation
  Public params:
   Parameter set ID: 8885:1993
   Procedure classes: 00 01
   HDLC options: 20 84 80
  VDL params:
   Parameter set ID: V
   XID sequencing: seq: 1 retry: 0
   Destination airport: EDFH
   Aircraft location: 0.0N 0.0E 0 ft
   Alternate ground stations: 12984A
   AVLC specific options: 24
   Connection management: 01

[2025-04-03 00:09:17 CEST] [136.675] [-2.5/-30.5 dBFS] [27.9 dB] [1.0 ppm]
4D240B (Aircraft, Airborne) -> 11907A (Ground station): Command
AVLC type: I sseq: 3 rseq: 5 poll: 0
 X.25 Data: grp: 11 chan: 255 sseq: 6 rseq: 0 more: 0
  X.25 reasm status: skipped
  X.233 CLNP Data (compressed header):
   LRef: 0x42 Prio: 11 Flags: 0xf6
   Lifetime: 20.0 sec
   PDU Id: 0x45
   X.224 COTP Data Ack:
    dst_ref: 0x839f
    rseq: 4 credit: 3
    Flow control:
     Acked TPDU nr: 4
     Acked subsequence: 0
     Acked credit: 15
    ATN checksum: 6d b9 2a 84

[2025-04-03 00:09:28 CEST] [136.825] [-11.7/-29.6 dBFS] [17.9 dB] [1.9 ppm]
4CA761 (Aircraft, Airborne) -> 119C2A (Ground station): Command
AVLC type: I sseq: 2 rseq: 2 poll: 0
 ACARS:
  Reassembly: skipped
  Reg: .EI-EFF Flight: FR08XN
  Mode: 2 Label: 16 Blk id: 4 More: 0 Ack: ! Msg num: M80A
  Message:
   220926,,2321,  98,N   .    MMMM.MMM

[2025-04-03 00:09:57 CEST] [136.675] [-4.3/-30.4 dBFS] [26.1 dB] [1.4 ppm]
4D240B (Aircraft, Airborne) -> 11907A (Ground station): Command
AVLC type: I sseq: 4 rseq: 5 poll: 0
 ACARS:
  Reassembly: skipped
  Reg: .9H-EUT Flight: LH6862
  Mode: 2 Label: B9 Blk id: 2 More: 0 Ack: ! Msg num: M20A
  Message:
   /EDDE.TI2/040EDDEAE291

[2025-04-03 00:10:07 CEST] [136.825] [-11.9/-31.1 dBFS] [19.2 dB] [1.8 ppm]
4CA761 (Aircraft, Airborne) -> 119C2A (Ground station): Command
AVLC type: I sseq: 3 rseq: 5 poll: 0
 X.25 Data: grp: 11 chan: 255 sseq: 0 rseq: 2 more: 0
  X.25 reasm status: skipped
  X.233 CLNP Data (compressed header):
   LRef: 0x44 Prio: 11 Flags: 0xc0
   Lifetime: 50.0 sec
   PDU Id: 0x217
   X.224 COTP Data Ack:
    dst_ref: 0x83a1
    rseq: 7 credit: 3
    Checksum: 6c 81
    Flow control:
     Acked TPDU nr: 7
     Acked subsequence: 0
     Acked credit: 15

[2025-04-03 00:10:10 CEST] [136.775] [-8.1/-31.6 dBFS] [23.4 dB] [2.2 ppm]
4CAD11 (Aircraft, Airborne) -> 11FA7B (Ground station): Command
AVLC type: I sseq: 5 rseq: 0 poll: 0
 X.25 Data: grp: 11 chan: 254 sseq: 2 rseq: 5 more: 0
  X.25 reasm status: skipped
  X.233 CLNP Data (compressed header):
   LRef: 0x41 Prio: 11 Flags: 0xc0
   Lifetime: 50.0 sec
   PDU Id: 0x16ca
   X.224 COTP Data Ack:
    dst_ref: 0x8396
    rseq: 2 credit: 2
    Checksum: a0 63
    Flow control:
     Acked TPDU nr: 2
     Acked subsequence: 0
     Acked credit: 15

[2025-04-03 00:10:49 CEST] [136.675] [-4.4/-30.2 dBFS] [25.8 dB] [1.4 ppm]
4D240B (Aircraft, Airborne) -> 11907A (Ground station): Command
AVLC type: I sseq: 7 rseq: 1 poll: 0
 X.25 Data: grp: 11 chan: 255 sseq: 7 rseq: 1 more: 0
  X.25 reasm status: skipped
  X.233 CLNP Data (compressed header):
   LRef: 0x42 Prio: 11 Flags: 0xf6
   Lifetime: 20.0 sec
   PDU Id: 0x46
   X.224 COTP Data Ack:
    dst_ref: 0x839f
    rseq: 4 credit: 3
    Flow control:
     Acked TPDU nr: 4
     Acked subsequence: 0
     Acked credit: 15
    ATN checksum: 6d b9 2a 84

[2025-04-03 00:11:02 CEST] [136.675] [-2.4/-30.8 dBFS] [28.4 dB] [1.1 ppm]
4D240B (Aircraft, Airborne) -> 11907A (Ground station): Command
AVLC type: I sseq: 0 rseq: 2 poll: 0
 X.25 Data: grp: 11 chan: 255 sseq: 0 rseq: 2 more: 0
  X.25 reasm status: skipped
  X.233 CLNP Data (compressed header):
   LRef: 0x42 Prio: 11 Flags: 0xf6
   Lifetime: 20.0 sec
   PDU Id: 0x47
   X.224 COTP Data Ack:
    dst_ref: 0x839f
    rseq: 5 credit: 3
    ATN checksum: 45 27 47 d2
   X.224 COTP Data:
    dst_ref: 0x839f
    sseq: 4 req_of_ack: 0 EoT: 1
    COTP reasm status: skipped
    ATN checksum: 78 90 bd 5d
    CPDLC Downlink Message:
     Header:
      Msg ID: 4
      Msg Ref: 5
      Timestamp: 2025-04-02 22:11:01
      Logical ACK: notRequired
     Message data:
      LOGICAL ACKNOWLEDGMENT

[2025-04-03 00:11:06 CEST] [136.675] [-1.9/-30.7 dBFS] [28.8 dB] [1.2 ppm]
4D240B (Aircraft, Airborne) -> 11907A (Ground station): Command
AVLC type: I sseq: 1 rseq: 5 poll: 0
 X.25 Data: grp: 11 chan: 255 sseq: 1 rseq: 5 more: 0
  X.25 reasm status: skipped
  X.233 CLNP Data (compressed header):
   LRef: 0x43 Prio: 11 Flags: 0xf6
   Lifetime: 20.0 sec
   PDU Id: 0x48
   X.224 COTP Connect Confirm:
    src_ref: 0x0035 dst_ref: 0xd515
    Initial Credit: 1
    Protocol class: 4
    Options: 00 (use normal PDU formats)
    TPDU size (bytes): 1024
    Called/responding transport selector: 16
    Calling transport selector: 65 6d
    Priority: 3
    Ack time (ms): 1000
    Inactivity timer (ms): 360000
    Additional options: 0x00
    ATN checksum: 73 fb 7b 00
    X.225 Session SPDU: Short Accept
     X.227 ACSE Associate Response:
      Application context name: { 1.3.27.3.1 }
      Associate result: accept
      ATCDownlinkMessage: <empty PDU>

[2025-04-03 00:11:21 CEST] [136.675] [-3.5/-30.6 dBFS] [27.1 dB] [1.2 ppm]
4D240B (Aircraft, Airborne) -> 11907A (Ground station): Command
AVLC type: I sseq: 2 rseq: 6 poll: 0
 ACARS:
  Reassembly: skipped
  Reg: .9H-EUT Flight: LH6862
  Mode: 2 Label: 1L Blk id: 5 More: 0 Ack: ! Msg num: M21A
  Message:
   00014209276M44K8F9K0616848M))+3(3AOO*)BDBDD)QSHH,7S7*6

[2025-04-03 00:11:58 CEST] [136.825] [-11.7/-29.7 dBFS] [18.0 dB] [1.8 ppm]
4CA761 (Aircraft, Airborne) -> 119C2A (Ground station): Command
AVLC type: I sseq: 1 rseq: 1 poll: 0
 X.25 Data: grp: 11 chan: 255 sseq: 6 rseq: 6 more: 0
  X.25 reasm status: skipped
  X.233 CLNP Data (compressed header):
   LRef: 0x45 Prio: 11 Flags: 0xc0
   Lifetime: 50.0 sec
   PDU Id: 0x21d
   X.224 COTP Data:
    dst_ref: 0xd513
    sseq: 0 req_of_ack: 0 EoT: 1
    COTP reasm status: skipped
    Checksum: a3 34
    CPDLC Downlink Message:
     Header:
      Msg ID: 0
      Timestamp: 2025-04-02 22:11:57
      Logical ACK: required
     Message data:
      CURRENT DATA AUTHORITY

[2025-04-03 00:12:03 CEST] [136.825] [-12.4/-30.0 dBFS] [17.6 dB] [2.1 ppm]
4CA761 (Aircraft, Airborne) -> 119C2A (Ground station): Command
AVLC type: I sseq: 5 rseq: 5 poll: 0
 X.25 Data: grp: 11 chan: 255 sseq: 1 rseq: 2 more: 0
  X.25 reasm status: skipped
  X.233 CLNP Data (compressed header):
   LRef: 0x45 Prio: 11 Flags: 0xc0
   Lifetime: 50.0 sec
   PDU Id: 0x220
   X.224 COTP Data Ack:
    dst_ref: 0xd513
    rseq: 1 credit: 2
    Checksum: 59 8c

[2025-04-03 00:12:09 CEST] [136.675] [-4.4/-30.6 dBFS] [26.2 dB] [1.1 ppm]
4D240B (Aircraft, Airborne) -> 11907A (Ground station): Command
AVLC type: I sseq: 4 rseq: 1 poll: 0
 X.25 Data: grp: 11 chan: 255 sseq: 3 rseq: 0 more: 0
  X.25 reasm status: skipped
  X.233 CLNP Data (compressed header):
   LRef: 0x43 Prio: 11 Flags: 0xf6
   Lifetime: 20.0 sec
   PDU Id: 0x4a
   X.224 COTP Data Ack:
    dst_ref: 0xd515
    rseq: 0 credit: 1
    Flow control:
     Acked TPDU nr: 0
     Acked subsequence: 0
     Acked credit: 10
    ATN checksum: ae a6 92 86

[2025-04-03 00:12:34 CEST] [136.675] [-7.1/-31.0 dBFS] [23.9 dB] [1.1 ppm]
4D240B (Aircraft, Airborne) -> 11907A (Ground station): Command
AVLC type: I sseq: 5 rseq: 2 poll: 0
 X.25 Data: grp: 11 chan: 255 sseq: 4 rseq: 1 more: 0
  X.25 reasm status: skipped
  X.233 CLNP Data (compressed header):
   LRef: 0x42 Prio: 11 Flags: 0xf6
   Lifetime: 20.0 sec
   PDU Id: 0x4b
   X.224 COTP Data Ack:
    dst_ref: 0x839f
    rseq: 5 credit: 3
    Flow control:
     Acked TPDU nr: 5
     Acked subsequence: 0
     Acked credit: 15
    ATN checksum: 68 54 8d 89

