[2024-12-14 00:00:14 CET] [136.725] [-10.4/-31.0 dBFS] [20.7 dB] [2.2 ppm]
4D2212 (Aircraft, Airborne) -> 11985A (Ground station): Command
AVLC type: I sseq: 1 rseq: 4 poll: 0
 X.25 Data: grp: 11 chan: 254 sseq: 6 rseq: 1 more: 0
  X.25 reasm status: skipped
  X.233 CLNP Data (compressed header):
   LRef: 0x43 Prio: 11 Flags: 0xc0
   Lifetime: 50.0 sec
   PDU Id: 0x1424
   X.224 COTP Data Ack:
    dst_ref: 0x86df
    rseq: 0 credit: 1
    Checksum: 40 2a

[2024-12-14 00:00:46 CET] [136.725] [-13.4/-31.3 dBFS] [18.0 dB] [2.3 ppm]
4D2212 (Aircraft, Airborne) -> 11985A (Ground station): Command
AVLC type: I sseq: 6 rseq: 2 poll: 0
 X.25 Data: grp: 11 chan: 254 sseq: 3 rseq: 6 more: 0
  X.25 reasm status: skipped
  X.233 CLNP Data (compressed header):
   LRef: 0x41 Prio: 11 Flags: 0xc0
   Lifetime: 50.0 sec
   PDU Id: 0x1429
   X.224 COTP Disconnect Confirm:
    src_ref: 0x0006 dst_ref: 0xbee5
    Checksum: a6 1f

[2024-12-14 00:00:47 CET] [136.725] [-12.7/-31.0 dBFS] [18.2 dB] [2.2 ppm]
4D2212 (Aircraft, Airborne) -> 11985A (Ground station): Command
AVLC type: I sseq: 7 rseq: 3 poll: 0
 X.25 Data: grp: 11 chan: 254 sseq: 4 rseq: 0 more: 0
  X.25 reasm status: skipped
  X.233 CLNP Data (compressed header):
   LRef: 0x43 Prio: 11 Flags: 0xc0
   Lifetime: 50.0 sec
   PDU Id: 0x142a
   X.224 COTP Data Ack:
    dst_ref: 0x86df
    rseq: 1 credit: 2
    Checksum: 35 33

[2024-12-14 00:00:48 CET] [136.725] [-12.1/-31.7 dBFS] [19.5 dB] [2.3 ppm]
4D2212 (Aircraft, Airborne) -> 11985A (Ground station): Command
AVLC type: I sseq: 0 rseq: 4 poll: 0
 X.25 Data: grp: 11 chan: 254 sseq: 5 rseq: 1 more: 0
  X.25 reasm status: skipped
  X.233 CLNP Data (compressed header):
   LRef: 0x43 Prio: 11 Flags: 0xc0
   Lifetime: 50.0 sec
   PDU Id: 0x142b
   X.224 COTP Data Ack:
    dst_ref: 0x86df
    rseq: 2 credit: 2
    Checksum: 31 36

[2024-12-14 00:00:48 CET] [136.725] [-11.7/-31.2 dBFS] [19.5 dB] [2.4 ppm]
4D2212 (Aircraft, Airborne) -> 11985A (Ground station): Command
AVLC type: I sseq: 1 rseq: 4 poll: 0
 X.25 Data: grp: 11 chan: 254 sseq: 6 rseq: 1 more: 0
  X.25 reasm status: skipped
  X.233 CLNP Data (compressed header):
   LRef: 0x43 Prio: 11 Flags: 0xc0
   Lifetime: 50.0 sec
   PDU Id: 0x142c
   X.224 COTP Data:
    dst_ref: 0x86df
    sseq: 1 req_of_ack: 0 EoT: 1
    COTP reasm status: skipped
    Checksum: 9b 17
    CPDLC Downlink Message:
     Header:
      Msg ID: 1
      Msg Ref: 1
      Timestamp: 2024-12-13 23:00:47
      Logical ACK: notRequired
     Message data:
      LOGICAL ACKNOWLEDGMENT

[2024-12-14 00:01:11 CET] [136.775] [1.0/-30.9 dBFS] [32.0 dB] [2.6 ppm]
4CA961 (Aircraft, Airborne) -> 233925 (Ground station): Command
AVLC type: I sseq: 1 rseq: 7 poll: 0
 X.25 Data: grp: 11 chan: 255 sseq: 6 rseq: 2 more: 0
  X.25 reasm status: skipped
  X.233 CLNP Data (compressed header):
   LRef: 0x41 Prio: 11 Flags: 0xc0
   Lifetime: 50.0 sec
   PDU Id: 0x1bc
   X.224 COTP Data Ack:
    dst_ref: 0xbef5
    rseq: 2 credit: 2
    Checksum: 60 09
    Flow control:
     Acked TPDU nr: 2
     Acked subsequence: 0
     Acked credit: 15

[2024-12-14 00:01:49 CET] [136.725] [-13.9/-31.0 dBFS] [17.1 dB] [2.2 ppm]
4D2212 (Aircraft, Airborne) -> 11985A (Ground station): Command
AVLC type: I sseq: 2 rseq: 6 poll: 0
 X.25 Data: grp: 11 chan: 254 sseq: 7 rseq: 3 more: 0
  X.25 reasm status: skipped
  X.233 CLNP Data (compressed header):
   LRef: 0x43 Prio: 11 Flags: 0xc0
   Lifetime: 50.0 sec
   PDU Id: 0x142d
   X.224 COTP Data Ack:
    dst_ref: 0x86df
    rseq: 3 credit: 2
    Checksum: 2d 39

[2024-12-14 00:01:50 CET] [136.775] [-7.9/-30.8 dBFS] [22.9 dB] [-1.0 ppm]
452138 (Aircraft, Airborne) -> 210DC5 (Ground station): Command
AVLC type: I sseq: 4 rseq: 6 poll: 0
 X.25 Data: grp: 11 chan: 255 sseq: 1 rseq: 3 more: 0
  X.25 reasm status: skipped
  X.233 CLNP Data (compressed header):
   LRef: 0x42 Prio: 11 Flags: 0xf6
   Lifetime: 20.0 sec
   PDU Id: 0x63
   X.224 COTP Data Ack:
    dst_ref: 0xbeec
    rseq: 4 credit: 3
    Flow control:
     Acked TPDU nr: 4
     Acked subsequence: 0
     Acked credit: 15
    ATN checksum: 3e 1d 02 b9

[2024-12-14 00:01:50 CET] [136.725] [-14.1/-30.8 dBFS] [16.8 dB] [2.4 ppm]
4D2212 (Aircraft, Airborne) -> 11985A (Ground station): Command
AVLC type: I sseq: 3 rseq: 6 poll: 0
 X.25 Data: grp: 11 chan: 254 sseq: 0 rseq: 3 more: 0
  X.25 reasm status: skipped
  X.233 CLNP Data (compressed header):
   LRef: 0x43 Prio: 11 Flags: 0xc0
   Lifetime: 50.0 sec
   PDU Id: 0x142e
   X.224 COTP Data:
    dst_ref: 0x86df
    sseq: 2 req_of_ack: 0 EoT: 1
    COTP reasm status: skipped
    Checksum: bd f3
    CPDLC Downlink Message:
     Header:
      Msg ID: 2
      Msg Ref: 2
      Timestamp: 2024-12-13 23:01:48
      Logical ACK: notRequired
     Message data:
      LOGICAL ACKNOWLEDGMENT

[2024-12-14 00:01:52 CET] [136.775] [-7.3/-30.8 dBFS] [23.6 dB] [-0.9 ppm]
452138 (Aircraft, Airborne) -> 210DC5 (Ground station): Command
AVLC type: I sseq: 4 rseq: 6 poll: 0
 X.25 Data: grp: 11 chan: 255 sseq: 1 rseq: 3 more: 0
  X.25 reasm status: skipped
  X.233 CLNP Data (compressed header):
   LRef: 0x42 Prio: 11 Flags: 0xf6
   Lifetime: 20.0 sec
   PDU Id: 0x63
   X.224 COTP Data Ack:
    dst_ref: 0xbeec
    rseq: 4 credit: 3
    Flow control:
     Acked TPDU nr: 4
     Acked subsequence: 0
     Acked credit: 15
    ATN checksum: 3e 1d 02 b9

[2024-12-14 00:01:56 CET] [136.775] [-9.1/-30.7 dBFS] [21.6 dB] [-1.1 ppm]
452138 (Aircraft, Airborne) -> 210DC5 (Ground station): Command
AVLC type: I sseq: 4 rseq: 6 poll: 0
 X.25 Data: grp: 11 chan: 255 sseq: 1 rseq: 3 more: 0
  X.25 reasm status: skipped
  X.233 CLNP Data (compressed header):
   LRef: 0x42 Prio: 11 Flags: 0xf6
   Lifetime: 20.0 sec
   PDU Id: 0x63
   X.224 COTP Data Ack:
    dst_ref: 0xbeec
    rseq: 4 credit: 3
    Flow control:
     Acked TPDU nr: 4
     Acked subsequence: 0
     Acked credit: 15
    ATN checksum: 3e 1d 02 b9

[2024-12-14 00:01:59 CET] [136.775] [-10.3/-30.3 dBFS] [20.0 dB] [-1.4 ppm]
452138 (Aircraft, Airborne) -> 210DC5 (Ground station): Command
AVLC type: I sseq: 4 rseq: 6 poll: 0
 X.25 Data: grp: 11 chan: 255 sseq: 1 rseq: 3 more: 0
  X.25 reasm status: skipped
  X.233 CLNP Data (compressed header):
   LRef: 0x42 Prio: 11 Flags: 0xf6
   Lifetime: 20.0 sec
   PDU Id: 0x63
   X.224 COTP Data Ack:
    dst_ref: 0xbeec
    rseq: 4 credit: 3
    Flow control:
     Acked TPDU nr: 4
     Acked subsequence: 0
     Acked credit: 15
    ATN checksum: 3e 1d 02 b9

[2024-12-14 00:02:03 CET] [136.775] [-11.1/-30.8 dBFS] [19.7 dB] [-1.3 ppm]
452138 (Aircraft, Airborne) -> 210DC5 (Ground station): Command
AVLC type: I sseq: 4 rseq: 6 poll: 0
 X.25 Data: grp: 11 chan: 255 sseq: 1 rseq: 3 more: 0
  X.25 reasm status: skipped
  X.233 CLNP Data (compressed header):
   LRef: 0x42 Prio: 11 Flags: 0xf6
   Lifetime: 20.0 sec
   PDU Id: 0x63
   X.224 COTP Data Ack:
    dst_ref: 0xbeec
    rseq: 4 credit: 3
    Flow control:
     Acked TPDU nr: 4
     Acked subsequence: 0
     Acked credit: 15
    ATN checksum: 3e 1d 02 b9

[2024-12-14 00:02:08 CET] [136.775] [-13.5/-31.0 dBFS] [17.5 dB] [-1.3 ppm]
452138 (Aircraft, Airborne) -> 233925 (Ground station): Command
AVLC type: U (XID) P/F: 1
 XID: Handoff Initiation
  Public params:
   Parameter set ID: 8885:1993
   Procedure classes: 00 01
   HDLC options: 20 a4 80
  VDL params:
   Parameter set ID: V
   Connection management: 01
   XID sequencing: seq: 4 retry: 0
   AVLC specific options: 25
   Destination airport: LIME
   Aircraft location: 43.2N 6.6E 35000 ft

[2024-12-14 00:02:18 CET] [136.775] [-10.7/-30.5 dBFS] [19.8 dB] [-1.0 ppm]
452138 (Aircraft, Airborne) -> 233925 (Ground station): Command
AVLC type: I sseq: 2 rseq: 2 poll: 0
 X.25 Data: grp: 11 chan: 255 sseq: 0 rseq: 0 more: 0
  X.25 reasm status: skipped
  X.233 CLNP Data (compressed header):
   LRef: 0x42 Prio: 11 Flags: 0xf6
   Lifetime: 20.0 sec
   PDU Id: 0x65
   X.224 COTP Data:
    dst_ref: 0xbeec
    sseq: 4 req_of_ack: 0 EoT: 1
    COTP reasm status: skipped
    ATN checksum: c9 60 31 4a
    CPDLC Downlink Message:
     Header:
      Msg ID: 4
      Msg Ref: 5
      Timestamp: 2024-12-13 23:02:06
      Logical ACK: notRequired
     Message data:
      LOGICAL ACKNOWLEDGMENT

[2024-12-14 00:02:23 CET] [136.775] [-11.4/-30.5 dBFS] [19.1 dB] [-1.1 ppm]
452138 (Aircraft, Airborne) -> 233925 (Ground station): Command
AVLC type: I sseq: 4 rseq: 4 poll: 0
 X.25 Data: grp: 11 chan: 255 sseq: 1 rseq: 2 more: 0
  X.25 reasm status: skipped
  X.233 CLNP Data (compressed header):
   LRef: 0x43 Prio: 11 Flags: 0xf6
   Lifetime: 20.0 sec
   PDU Id: 0x66
   X.224 COTP Connect Confirm:
    src_ref: 0x0037 dst_ref: 0x86e4
    Initial Credit: 1
    Protocol class: 4
    Options: 00 (use normal PDU formats)
    TPDU size (bytes): 1024
    Called/responding transport selector: 16
    Calling transport selector: 70 6d
    Priority: 3
    Ack time (ms): 1000
    Inactivity timer (ms): 360000
    Additional options: 0x00
    ATN checksum: 59 2e 28 fd
    X.225 Session SPDU: Short Accept
     X.227 ACSE Associate Response:
      Application context name: { 1.3.27.3.1 }
      Associate result: accept
      ATCDownlinkMessage: <empty PDU>

[2024-12-14 00:02:26 CET] [136.775] [-12.8/-30.5 dBFS] [17.7 dB] [-1.0 ppm]
452138 (Aircraft, Airborne) -> 233925 (Ground station): Command
AVLC type: I sseq: 6 rseq: 6 poll: 0
 X.25 Data: grp: 11 chan: 255 sseq: 2 rseq: 4 more: 0
  X.25 reasm status: skipped
  X.233 CLNP Data (compressed header):
   LRef: 0x42 Prio: 11 Flags: 0xf6
   Lifetime: 20.0 sec
   PDU Id: 0x67
   X.224 COTP Data Ack:
    dst_ref: 0xbeec
    rseq: 5 credit: 3
    ATN checksum: 75 67 9c 4e

[2024-12-14 00:02:43 CET] [136.775] [-9.8/-30.9 dBFS] [21.0 dB] [2.4 ppm]
4CA961 (Aircraft, Airborne) -> 233925 (Ground station): Command
AVLC type: I sseq: 3 rseq: 1 poll: 0
 X.25 Data: grp: 11 chan: 255 sseq: 0 rseq: 3 more: 0
  X.25 reasm status: skipped
  X.233 CLNP Data (compressed header):
   LRef: 0x41 Prio: 11 Flags: 0xc0
   Lifetime: 50.0 sec
   PDU Id: 0x1be
   X.224 COTP Data Ack:
    dst_ref: 0xbef5
    rseq: 2 credit: 2
    Checksum: 60 09
    Flow control:
     Acked TPDU nr: 2
     Acked subsequence: 0
     Acked credit: 15

[2024-12-14 00:03:55 CET] [136.775] [-9.6/-30.7 dBFS] [21.1 dB] [-1.4 ppm]
452138 (Aircraft, Airborne) -> 233925 (Ground station): Command
AVLC type: I sseq: 0 rseq: 0 poll: 0
 X.25 Data: grp: 11 chan: 255 sseq: 4 rseq: 5 more: 0
  X.25 reasm status: skipped
  X.233 CLNP Data (compressed header):
   LRef: 0x42 Prio: 11 Flags: 0xf6
   Lifetime: 20.0 sec
   PDU Id: 0x69
   X.224 COTP Data Ack:
    dst_ref: 0xbeec
    rseq: 5 credit: 3
    Flow control:
     Acked TPDU nr: 5
     Acked subsequence: 0
     Acked credit: 15
    ATN checksum: 39 b7 65 be

[2024-12-14 00:04:24 CET] [136.775] [-8.3/-31.0 dBFS] [22.7 dB] [-1.2 ppm]
452138 (Aircraft, Airborne) -> 233925 (Ground station): Command
AVLC type: I sseq: 1 rseq: 1 poll: 0
 X.25 Data: grp: 11 chan: 255 sseq: 5 rseq: 6 more: 0
  X.25 reasm status: skipped
  X.233 CLNP Data (compressed header):
   LRef: 0x43 Prio: 11 Flags: 0xf6
   Lifetime: 20.0 sec
   PDU Id: 0x6a
   X.224 COTP Data Ack:
    dst_ref: 0x86e4
    rseq: 0 credit: 1
    Flow control:
     Acked TPDU nr: 0
     Acked subsequence: 0
     Acked credit: 1
    ATN checksum: 68 fe d9 38

[2024-12-14 00:05:23 CET] [136.775] [-9.4/-30.3 dBFS] [21.0 dB] [-1.4 ppm]
452138 (Aircraft, Airborne) -> 233925 (Ground station): Command
AVLC type: I sseq: 3 rseq: 3 poll: 0
 X.25 Data: grp: 11 chan: 255 sseq: 6 rseq: 0 more: 0
  X.25 reasm status: skipped
  X.233 CLNP Data (compressed header):
   LRef: 0x42 Prio: 11 Flags: 0xf6
   Lifetime: 20.0 sec
   PDU Id: 0x6b
   X.224 COTP Data Ack:
    dst_ref: 0xbeec
    rseq: 5 credit: 3
    Flow control:
     Acked TPDU nr: 5
     Acked subsequence: 0
     Acked credit: 15
    ATN checksum: 39 b7 65 be

[2024-12-14 00:05:47 CET] [136.725] [-8.2/-30.8 dBFS] [22.6 dB] [1.3 ppm]
495038 (Aircraft, Airborne) -> 11985A (Ground station): Command
AVLC type: I sseq: 4 rseq: 5 poll: 0
 ACARS:
  Reassembly: skipped
  Reg: .CS-TAX Flight: TP484H
  Mode: 2 Label: 16 Blk id: 7 More: 0 Ack: ! Msg num: M86A
  Message:
   230546,20565,2317,362.1, 4250,N4321.42 E00553.04

