[2025-05-20 00:00:06 CEST] [136.675] [-9.9/-31.8 dBFS] [21.9 dB] [2.6 ppm]
4D2234 (Aircraft, Airborne) -> 11907A (Ground station): Command
AVLC type: I sseq: 2 rseq: 3 poll: 0
 X.25 Data: grp: 11 chan: 254 sseq: 0 rseq: 1 more: 0
  X.25 reasm status: skipped
  X.233 CLNP Data (compressed header):
   LRef: 0x41 Prio: 11 Flags: 0xc0
   Lifetime: 50.0 sec
   PDU Id: 0xbd1
   X.224 COTP Data Ack:
    dst_ref: 0x800b
    rseq: 1 credit: 2
    Checksum: d7 cb
    Flow control:
     Acked TPDU nr: 0
     Acked subsequence: 0
     Acked credit: 1

[2025-05-20 00:00:21 CEST] [136.725] [0.0/-31.9 dBFS] [31.9 dB] [3.3 ppm]
4D234B (Aircraft, Airborne) -> 11984A (Ground station): Command
AVLC type: I sseq: 7 rseq: 0 poll: 0
 X.25 Data: grp: 11 chan: 255 sseq: 5 rseq: 6 more: 0
  X.25 reasm status: skipped
  X.233 CLNP Data (compressed header):
   LRef: 0x41 Prio: 11 Flags: 0xc0
   Lifetime: 50.0 sec
   PDU Id: 0x1aba
   X.224 COTP Data Ack:
    dst_ref: 0x43df
    rseq: 2 credit: 2
    Checksum: b3 47
    Flow control:
     Acked TPDU nr: 2
     Acked subsequence: 0
     Acked credit: 15

[2025-05-20 00:00:44 CEST] [136.725] [-11.5/-31.7 dBFS] [20.2 dB] [4.4 ppm]
440219 (Aircraft, Airborne) -> 11985A (Ground station): Response
AVLC type: U (XID) P/F: 1
 XID: Handoff Response
  Public params:
   Parameter set ID: 8885:1993
   Procedure classes: 00 01
   HDLC options: 20 a4 80
  VDL params:
   Parameter set ID: V
   Connection management: 01
   XID sequencing: seq: 0 retry: 0
   AVLC specific options: 25
   Destination airport: LFMN
   Aircraft location: 43.3N 4.2E 33000 ft

[2025-05-20 00:00:47 CEST] [136.725] [-10.8/-31.8 dBFS] [21.0 dB] [0.5 ppm]
344099 (Aircraft, Airborne) -> 11984A (Ground station): Command
AVLC type: I sseq: 0 rseq: 7 poll: 0
 X.25 Data: grp: 11 chan: 255 sseq: 3 rseq: 0 more: 0
  X.25 reasm status: skipped
  X.233 CLNP Data (compressed header):
   LRef: 0x41 Prio: 11 Flags: 0xf6
   Lifetime: 20.0 sec
   PDU Id: 0x49
   X.224 COTP Data Ack:
    dst_ref: 0x43ea
    rseq: 4 credit: 3
    Flow control:
     Acked TPDU nr: 4
     Acked subsequence: 0
     Acked credit: 15
    ATN checksum: e0 ab fd ad

[2025-05-20 00:00:50 CEST] [136.725] [-9.9/-31.7 dBFS] [21.8 dB] [0.2 ppm]
344099 (Aircraft, Airborne) -> 11984A (Ground station): Command
AVLC type: I sseq: 0 rseq: 7 poll: 0
 X.25 Data: grp: 11 chan: 255 sseq: 3 rseq: 0 more: 0
  X.25 reasm status: skipped
  X.233 CLNP Data (compressed header):
   LRef: 0x41 Prio: 11 Flags: 0xf6
   Lifetime: 20.0 sec
   PDU Id: 0x49
   X.224 COTP Data Ack:
    dst_ref: 0x43ea
    rseq: 4 credit: 3
    Flow control:
     Acked TPDU nr: 4
     Acked subsequence: 0
     Acked credit: 15
    ATN checksum: e0 ab fd ad

[2025-05-20 00:00:59 CEST] [136.725] [-11.0/-31.3 dBFS] [20.3 dB] [4.1 ppm]
440219 (Aircraft, Airborne) -> 11985A (Ground station): Command
AVLC type: I sseq: 2 rseq: 3 poll: 0
 X.25 Data: grp: 11 chan: 255 sseq: 0 rseq: 1 more: 0
  X.25 reasm status: skipped
  X.233 CLNP Data (compressed header):
   LRef: 0x42 Prio: 11 Flags: 0xf6
   Lifetime: 20.0 sec
   PDU Id: 0x246
   X.224 COTP Data Ack:
    dst_ref: 0x43f6
    rseq: 2 credit: 2
    Flow control:
     Acked TPDU nr: 2
     Acked subsequence: 0
     Acked credit: 15
    ATN checksum: a3 5f fb e5

[2025-05-20 00:01:11 CEST] [136.675] [-11.7/-31.8 dBFS] [20.1 dB] [2.0 ppm]
407022 (Aircraft, Airborne) -> 11907A (Ground station): Command
AVLC type: I sseq: 7 rseq: 3 poll: 0
 X.25 Data: grp: 11 chan: 255 sseq: 7 rseq: 3 more: 0
  X.25 reasm status: skipped
  X.233 CLNP Data (compressed header):
   LRef: 0x41 Prio: 11 Flags: 0xf6
   Lifetime: 20.0 sec
   PDU Id: 0x1cc
   X.224 COTP Data Ack:
    dst_ref: 0x43e4
    rseq: 4 credit: 3
    Flow control:
     Acked TPDU nr: 4
     Acked subsequence: 0
     Acked credit: 15
    ATN checksum: 53 17 38 e5

[2025-05-20 00:01:53 CEST] [136.725] [0.6/-31.6 dBFS] [32.2 dB] [3.4 ppm]
4D234B (Aircraft, Airborne) -> 11984A (Ground station): Command
AVLC type: I sseq: 0 rseq: 1 poll: 0
 X.25 Data: grp: 11 chan: 255 sseq: 6 rseq: 7 more: 0
  X.25 reasm status: skipped
  X.233 CLNP Data (compressed header):
   LRef: 0x41 Prio: 11 Flags: 0xc0
   Lifetime: 50.0 sec
   PDU Id: 0x1abb
   X.224 COTP Data Ack:
    dst_ref: 0x43df
    rseq: 2 credit: 2
    Checksum: b3 47
    Flow control:
     Acked TPDU nr: 2
     Acked subsequence: 0
     Acked credit: 15

[2025-05-20 00:01:55 CEST] [136.675] [-12.3/-32.0 dBFS] [19.7 dB] [1.9 ppm]
407022 (Aircraft, Airborne) -> 11907A (Ground station): Command
AVLC type: I sseq: 1 rseq: 4 poll: 0
 ACARS:
  Reassembly: skipped
  Reg: .G-GATU Flight: BA2817
  Mode: 2 Label: 15 Blk id: 7 More: 0 Ack: ! Msg num: M02A
  Message:
   FST01DAAGEGKKN44759E0046183380  54  33     11240      457  23162201

[2025-05-20 00:01:56 CEST] [136.975] [-13.9/-31.9 dBFS] [17.9 dB] [3.7 ppm]
4D2215 (Aircraft, Airborne) -> 10FA7B (Ground station): Command
AVLC type: I sseq: 5 rseq: 0 poll: 0
 X.25 Data: grp: 11 chan: 254 sseq: 4 rseq: 0 more: 0
  X.25 reasm status: skipped
  X.233 CLNP Data (compressed header):
   LRef: 0x43 Prio: 11 Flags: 0xc0
   Lifetime: 50.0 sec
   PDU Id: 0xaf1
   X.224 COTP Data Ack:
    dst_ref: 0x43f4
    rseq: 2 credit: 2
    Checksum: 4a 9b
    Flow control:
     Acked TPDU nr: 2
     Acked subsequence: 0
     Acked credit: 15

[2025-05-20 00:02:06 CEST] [136.675] [-13.4/-31.8 dBFS] [18.3 dB] [2.6 ppm]
4D2234 (Aircraft, Airborne) -> 11907A (Ground station): Command
AVLC type: I sseq: 3 rseq: 4 poll: 0
 X.25 Data: grp: 11 chan: 254 sseq: 1 rseq: 2 more: 0
  X.25 reasm status: skipped
  X.233 CLNP Data (compressed header):
   LRef: 0x41 Prio: 11 Flags: 0xc0
   Lifetime: 50.0 sec
   PDU Id: 0xbd2
   X.224 COTP Data Ack:
    dst_ref: 0x800b
    rseq: 1 credit: 2
    Checksum: d7 cb
    Flow control:
     Acked TPDU nr: 0
     Acked subsequence: 0
     Acked credit: 1

[2025-05-20 00:02:31 CEST] [136.725] [-7.4/-31.7 dBFS] [24.4 dB] [4.4 ppm]
440219 (Aircraft, Airborne) -> 11985A (Ground station): Command
AVLC type: I sseq: 3 rseq: 4 poll: 0
 X.25 Data: grp: 11 chan: 255 sseq: 1 rseq: 2 more: 0
  X.25 reasm status: skipped
  X.233 CLNP Data (compressed header):
   LRef: 0x42 Prio: 11 Flags: 0xf6
   Lifetime: 20.0 sec
   PDU Id: 0x247
   X.224 COTP Data Ack:
    dst_ref: 0x43f6
    rseq: 2 credit: 2
    Flow control:
     Acked TPDU nr: 2
     Acked subsequence: 0
     Acked credit: 15
    ATN checksum: a3 5f fb e5

[2025-05-20 00:02:43 CEST] [136.675] [-12.9/-32.1 dBFS] [19.2 dB] [2.1 ppm]
407022 (Aircraft, Airborne) -> 11907A (Ground station): Command
AVLC type: I sseq: 2 rseq: 6 poll: 0
 X.25 Data: grp: 11 chan: 255 sseq: 1 rseq: 5 more: 0
  X.25 reasm status: skipped
  X.233 CLNP Data (compressed header):
   LRef: 0x41 Prio: 11 Flags: 0xf6
   Lifetime: 20.0 sec
   PDU Id: 0x1ce
   X.224 COTP Data Ack:
    dst_ref: 0x43e4
    rseq: 4 credit: 3
    Flow control:
     Acked TPDU nr: 4
     Acked subsequence: 0
     Acked credit: 15
    ATN checksum: 53 17 38 e5

[2025-05-20 00:02:52 CEST] [136.725] [0.8/-31.8 dBFS] [32.6 dB] [3.1 ppm]
4D234B (Aircraft, Airborne) -> 11984A (Ground station): Command
AVLC type: I sseq: 1 rseq: 1 poll: 0
 ACARS:
  Reassembly: skipped
  Reg: .9H-VUL Flight: FR44YY
  Mode: 2 Label: 16 Blk id: 7 More: 0 Ack: ! Msg num: M35A
  Message:
   220251,37008,2254, 117,N 43.941 E  5.376

[2025-05-20 00:03:15 CEST] [136.675] [-9.6/-31.7 dBFS] [22.1 dB] [2.6 ppm]
4D2234 (Aircraft, Airborne) -> 11907A (Ground station): Command
AVLC type: I sseq: 4 rseq: 4 poll: 0
 ACARS:
  Reassembly: skipped
  Reg: .9H-QCF Flight: FR90BD
  Mode: 2 Label: 16 Blk id: 6 More: 0 Ack: ! Msg num: M04A
  Message:
   220313,M110160,2356, 149,N 43.911 E  7.115

[2025-05-20 00:03:19 CEST] [136.725] [-3.7/-31.6 dBFS] [28.0 dB] [4.1 ppm]
440219 (Aircraft, Airborne) -> 11985A (Ground station): Command
AVLC type: I sseq: 4 rseq: 5 poll: 0
 X.25 Data: grp: 11 chan: 255 sseq: 2 rseq: 3 more: 0
  X.25 reasm status: skipped
  X.233 CLNP Data (compressed header):
   LRef: 0x42 Prio: 11 Flags: 0xf6
   Lifetime: 20.0 sec
   PDU Id: 0x248
   X.224 COTP Data Ack:
    dst_ref: 0x43f6
    rseq: 3 credit: 2
    ATN checksum: e4 13 a8 f2
   X.224 COTP Data:
    dst_ref: 0x43f6
    sseq: 2 req_of_ack: 0 EoT: 1
    COTP reasm status: skipped
    ATN checksum: 52 de 96 e9
    CPDLC Downlink Message:
     Header:
      Msg ID: 2
      Msg Ref: 3
      Timestamp: 2025-05-19 22:03:18
      Logical ACK: notRequired
     Message data:
      LOGICAL ACKNOWLEDGMENT

[2025-05-20 00:03:23 CEST] [136.725] [-14.0/-31.6 dBFS] [17.7 dB] [1.7 ppm]
4D2014 (Aircraft, Airborne) -> 11985A (Ground station): Command
AVLC type: I sseq: 7 rseq: 1 poll: 0
 X.25 Data: grp: 11 chan: 255 sseq: 0 rseq: 2 more: 0
  X.25 reasm status: skipped
  X.233 CLNP Data (compressed header):
   LRef: 0x41 Prio: 11 Flags: 0xf6
   Lifetime: 20.0 sec
   PDU Id: 0x11d
   X.224 COTP Data Ack:
    dst_ref: 0x43e5
    rseq: 5 credit: 3
    ATN checksum: de 92 bc 52
   X.224 COTP Data:
    dst_ref: 0x43e5
    sseq: 4 req_of_ack: 0 EoT: 1
    COTP reasm status: skipped
    ATN checksum: 25 f0 77 39
    CPDLC Downlink Message:
     Header:
      Msg ID: 4
      Msg Ref: 5
      Timestamp: 2025-05-19 22:03:22
      Logical ACK: notRequired
     Message data:
      LOGICAL ACKNOWLEDGMENT

[2025-05-20 00:03:25 CEST] [136.725] [0.9/-31.8 dBFS] [32.7 dB] [2.9 ppm]
4D234B (Aircraft, Airborne) -> 11984A (Ground station): Command
AVLC type: I sseq: 3 rseq: 3 poll: 0
 X.25 Data: grp: 11 chan: 255 sseq: 0 rseq: 0 more: 0
  X.25 reasm status: skipped
  X.233 CLNP Data (compressed header):
   LRef: 0x41 Prio: 11 Flags: 0xc0
   Lifetime: 50.0 sec
   PDU Id: 0x1abd
   X.224 COTP Data Ack:
    dst_ref: 0x43df
    rseq: 2 credit: 2
    Checksum: b3 47
    Flow control:
     Acked TPDU nr: 2
     Acked subsequence: 0
     Acked credit: 15

[2025-05-20 00:03:28 CEST] [136.975] [-9.3/-31.6 dBFS] [22.2 dB] [3.7 ppm]
4D2215 (Aircraft, Airborne) -> 10FA7B (Ground station): Command
AVLC type: I sseq: 6 rseq: 1 poll: 0
 X.25 Data: grp: 11 chan: 254 sseq: 5 rseq: 1 more: 0
  X.25 reasm status: skipped
  X.233 CLNP Data (compressed header):
   LRef: 0x43 Prio: 11 Flags: 0xc0
   Lifetime: 50.0 sec
   PDU Id: 0xaf2
   X.224 COTP Data Ack:
    dst_ref: 0x43f4
    rseq: 2 credit: 2
    Checksum: 4a 9b
    Flow control:
     Acked TPDU nr: 2
     Acked subsequence: 0
     Acked credit: 15

[2025-05-20 00:03:29 CEST] [136.725] [-2.4/-32.0 dBFS] [29.6 dB] [4.2 ppm]
440219 (Aircraft, Airborne) -> 11985A (Ground station): Command
AVLC type: I sseq: 5 rseq: 6 poll: 0
 X.25 Data: grp: 11 chan: 255 sseq: 3 rseq: 4 more: 0
  X.25 reasm status: skipped
  X.233 CLNP Data (compressed header):
   LRef: 0x42 Prio: 11 Flags: 0xf6
   Lifetime: 20.0 sec
   PDU Id: 0x249
   X.224 COTP Data:
    dst_ref: 0x43f6
    sseq: 3 req_of_ack: 0 EoT: 1
    COTP reasm status: skipped
    ATN checksum: 3e ce 3e 65
    CPDLC Downlink Message:
     Header:
      Msg ID: 3
      Msg Ref: 3
      Timestamp: 2025-05-19 22:03:28
      Logical ACK: required
     Message data:
      WILCO

[2025-05-20 00:03:31 CEST] [136.725] [-2.4/-31.8 dBFS] [29.4 dB] [4.4 ppm]
440219 (Aircraft, Airborne) -> 11985A (Ground station): Command
AVLC type: I sseq: 6 rseq: 0 poll: 0
 X.25 Data: grp: 11 chan: 255 sseq: 4 rseq: 6 more: 0
  X.25 reasm status: skipped
  X.233 CLNP Data (compressed header):
   LRef: 0x42 Prio: 11 Flags: 0xf6
   Lifetime: 20.0 sec
   PDU Id: 0x24a
   X.224 COTP Data Ack:
    dst_ref: 0x43f6
    rseq: 4 credit: 3
    ATN checksum: 58 b2 a3 e2

[2025-05-20 00:03:52 CEST] [136.725] [-13.0/-31.8 dBFS] [18.8 dB] [2.2 ppm]
4D2250 (Aircraft, Airborne) -> 11985A (Ground station): Command
AVLC type: I sseq: 4 rseq: 5 poll: 0
 X.25 Data: grp: 11 chan: 255 sseq: 0 rseq: 1 more: 0
  X.25 reasm status: skipped
  X.233 CLNP Data (compressed header):
   LRef: 0x0 Prio: 11 Flags: 0xc0
   Lifetime: 50.0 sec
   PDU Id: 0x15a1
   X.224 COTP Data Ack:
    dst_ref: 0x43e6
    rseq: 7 credit: 3
    Checksum: 86 17

[2025-05-20 00:03:56 CEST] [136.725] [-13.2/-31.8 dBFS] [18.6 dB] [2.1 ppm]
4D2250 (Aircraft, Airborne) -> 11985A (Ground station): Command
AVLC type: I sseq: 6 rseq: 0 poll: 0
 X.25 Data: grp: 11 chan: 255 sseq: 2 rseq: 4 more: 0
  X.25 reasm status: skipped
  X.233 CLNP Data (compressed header):
   LRef: 0x43 Prio: 11 Flags: 0xc0
   Lifetime: 50.0 sec
   PDU Id: 0x15a3
   X.224 COTP Connect Confirm:
    src_ref: 0x0004 dst_ref: 0x8a0a
    Initial Credit: 1
    Protocol class: 4
    Options: 00 (use normal PDU formats)
    Calling transport selector: 70 6d
    Called/responding transport selector: 02 02
    TPDU size (bytes): 1024
    Checksum: 48 f0
    Additional options: 0x00
    Ack time (ms): 1000
    Priority: 3
    Inactivity timer (ms): 360000
    X.225 Session SPDU: Short Accept
     X.227 ACSE Associate Response:
      Application context name: { 1.3.27.3.1 }
      Associate result: accept
      ATCDownlinkMessage: <empty PDU>

[2025-05-20 00:04:06 CEST] [136.675] [-10.3/-31.7 dBFS] [21.4 dB] [2.3 ppm]
4D2234 (Aircraft, Airborne) -> 11907A (Ground station): Command
AVLC type: I sseq: 5 rseq: 6 poll: 0
 X.25 Data: grp: 11 chan: 254 sseq: 2 rseq: 3 more: 0
  X.25 reasm status: skipped
  X.233 CLNP Data (compressed header):
   LRef: 0x41 Prio: 11 Flags: 0xc0
   Lifetime: 50.0 sec
   PDU Id: 0xbd3
   X.224 COTP Data Ack:
    dst_ref: 0x800b
    rseq: 1 credit: 2
    Checksum: d7 cb
    Flow control:
     Acked TPDU nr: 0
     Acked subsequence: 0
     Acked credit: 1

[2025-05-20 00:04:46 CEST] [136.675] [-12.6/-31.8 dBFS] [19.2 dB] [1.8 ppm]
407022 (Aircraft, Airborne) -> 11907A (Ground station): Command
AVLC type: I sseq: 4 rseq: 7 poll: 0
 ACARS:
  Reassembly: skipped
  Reg: .G-GATU Flight: BA2817
  Mode: 2 Label: SA Blk id: 8 More: 0 Ack: ! Msg num: S52A
  Message:
   0LH220445V
  Media Advisory, version 0:
   Link HF lost at 22:04:45 UTC
   Available links: VHF ACARS

[2025-05-20 00:04:57 CEST] [136.725] [1.0/-31.3 dBFS] [32.3 dB] [2.8 ppm]
4D234B (Aircraft, Airborne) -> 11984A (Ground station): Command
AVLC type: I sseq: 4 rseq: 5 poll: 0
 X.25 Data: grp: 11 chan: 255 sseq: 1 rseq: 2 more: 0
  X.25 reasm status: skipped
  X.233 CLNP Data (compressed header):
   LRef: 0x41 Prio: 11 Flags: 0xc0
   Lifetime: 50.0 sec
   PDU Id: 0x1abe
   X.224 COTP Data Ack:
    dst_ref: 0x43df
    rseq: 2 credit: 2
    Checksum: b3 47
    Flow control:
     Acked TPDU nr: 2
     Acked subsequence: 0
     Acked credit: 15

[2025-05-20 00:04:58 CEST] [136.675] [-10.7/-31.7 dBFS] [21.0 dB] [4.7 ppm]
345699 (Aircraft, Airborne) -> 11907A (Ground station): Command
AVLC type: I sseq: 3 rseq: 4 poll: 0
 ACARS:
  Reassembly: in progress
  Reg: .EC-MUX Flight: V72631
  Mode: 2 Label: H2 Blk id: 7 More: 1 Ack: ! Msg num: M25A
  Message:
   02D19DAAELFMLN43073E00501621551330M070194049G    QN43129E00459421561166M040195042G    QN43183E00457121571002P002192034G    QN43235E0045502158 843P027187023G    QN43283E0045302159 669P070186021G    QN43330E00451

[2025-05-20 00:05:00 CEST] [136.975] [-8.0/-32.1 dBFS] [24.1 dB] [3.8 ppm]
4D2215 (Aircraft, Airborne) -> 10FA7B (Ground station): Command
AVLC type: I sseq: 7 rseq: 2 poll: 0
 X.25 Data: grp: 11 chan: 254 sseq: 6 rseq: 2 more: 0
  X.25 reasm status: skipped
  X.233 CLNP Data (compressed header):
   LRef: 0x43 Prio: 11 Flags: 0xc0
   Lifetime: 50.0 sec
   PDU Id: 0xaf3
   X.224 COTP Data Ack:
    dst_ref: 0x43f4
    rseq: 2 credit: 2
    Checksum: 4a 9b
    Flow control:
     Acked TPDU nr: 2
     Acked subsequence: 0
     Acked credit: 15

[2025-05-20 00:05:02 CEST] [136.675] [-11.8/-31.8 dBFS] [20.0 dB] [2.1 ppm]
407022 (Aircraft, Airborne) -> 12957A (Ground station): Command
AVLC type: U (XID) P/F: 1
 XID: Handoff Initiation
  Public params:
   Parameter set ID: 8885:1993
   Procedure classes: 00 01
   HDLC options: 20 a4 80
  VDL params:
   Parameter set ID: V
   Connection management: 01
   XID sequencing: seq: 0 retry: 0
   AVLC specific options: 25
   Destination airport: EGKK
   Aircraft location: 45.1N 4.6E 37000 ft

[2025-05-20 00:05:02 CEST] [136.725] [0.9/-31.8 dBFS] [32.7 dB] [4.4 ppm]
440219 (Aircraft, Airborne) -> 11985A (Ground station): Command
AVLC type: I sseq: 7 rseq: 1 poll: 0
 X.25 Data: grp: 11 chan: 255 sseq: 5 rseq: 7 more: 0
  X.25 reasm status: skipped
  X.233 CLNP Data (compressed header):
   LRef: 0x42 Prio: 11 Flags: 0xf6
   Lifetime: 20.0 sec
   PDU Id: 0x24b
   X.224 COTP Data Ack:
    dst_ref: 0x43f6
    rseq: 4 credit: 3
    Flow control:
     Acked TPDU nr: 4
     Acked subsequence: 0
     Acked credit: 15
    ATN checksum: 4e 4e ef 53

[2025-05-20 00:05:04 CEST] [136.975] [-7.6/-31.6 dBFS] [23.9 dB] [3.6 ppm]
4D2215 (Aircraft, Airborne) -> 10FA7B (Ground station): Command
AVLC type: I sseq: 7 rseq: 2 poll: 0
 X.25 Data: grp: 11 chan: 254 sseq: 6 rseq: 2 more: 0
  X.25 reasm status: skipped
  X.233 CLNP Data (compressed header):
   LRef: 0x43 Prio: 11 Flags: 0xc0
   Lifetime: 50.0 sec
   PDU Id: 0xaf3
   X.224 COTP Data Ack:
    dst_ref: 0x43f4
    rseq: 2 credit: 2
    Checksum: 4a 9b
    Flow control:
     Acked TPDU nr: 2
     Acked subsequence: 0
     Acked credit: 15

[2025-05-20 00:05:08 CEST] [136.975] [-7.2/-31.3 dBFS] [24.1 dB] [3.6 ppm]
4D2215 (Aircraft, Airborne) -> 10FA7B (Ground station): Command
AVLC type: I sseq: 7 rseq: 3 poll: 0
 X.25 Data: grp: 11 chan: 254 sseq: 6 rseq: 2 more: 0
  X.25 reasm status: skipped
  X.233 CLNP Data (compressed header):
   LRef: 0x43 Prio: 11 Flags: 0xc0
   Lifetime: 50.0 sec
   PDU Id: 0xaf3
   X.224 COTP Data Ack:
    dst_ref: 0x43f4
    rseq: 2 credit: 2
    Checksum: 4a 9b
    Flow control:
     Acked TPDU nr: 2
     Acked subsequence: 0
     Acked credit: 15

[2025-05-20 00:05:11 CEST] [136.975] [-6.8/-31.6 dBFS] [24.9 dB] [3.6 ppm]
4D2215 (Aircraft, Airborne) -> 10FA7B (Ground station): Command
AVLC type: I sseq: 7 rseq: 3 poll: 0
 X.25 Data: grp: 11 chan: 254 sseq: 6 rseq: 2 more: 0
  X.25 reasm status: skipped
  X.233 CLNP Data (compressed header):
   LRef: 0x43 Prio: 11 Flags: 0xc0
   Lifetime: 50.0 sec
   PDU Id: 0xaf3
   X.224 COTP Data Ack:
    dst_ref: 0x43f4
    rseq: 2 credit: 2
    Checksum: 4a 9b
    Flow control:
     Acked TPDU nr: 2
     Acked subsequence: 0
     Acked credit: 15

[2025-05-20 00:05:16 CEST] [136.975] [-7.2/-31.9 dBFS] [24.8 dB] [3.4 ppm]
4D2215 (Aircraft, Airborne) -> 10FA5A (Ground station): Command
AVLC type: U (XID) P/F: 1
 XID: Handoff Initiation
  Public params:
   Parameter set ID: 8885:1993
   Procedure classes: 00 01
   HDLC options: 20 84 80
  VDL params:
   Parameter set ID: V
   XID sequencing: seq: 6 retry: 0
   Destination airport: LEVC
   Aircraft location: 0.0N 0.0E 0 ft
   Alternate ground stations: 10985A 10952A 10F68A 10F69B 10F63A 10907A 10F66A 10984A
   AVLC specific options: 24
   Connection management: 01

[2025-05-20 00:05:17 CEST] [136.975] [-7.1/-31.8 dBFS] [24.8 dB] [3.5 ppm]
4D2215 (Aircraft, Airborne) -> 10FA7B (Ground station): Command
AVLC type: I sseq: 7 rseq: 3 poll: 0
 X.25 Data: grp: 11 chan: 254 sseq: 6 rseq: 2 more: 0
  X.25 reasm status: skipped
  X.233 CLNP Data (compressed header):
   LRef: 0x43 Prio: 11 Flags: 0xc0
   Lifetime: 50.0 sec
   PDU Id: 0xaf3
   X.224 COTP Data Ack:
    dst_ref: 0x43f4
    rseq: 2 credit: 2
    Checksum: 4a 9b
    Flow control:
     Acked TPDU nr: 2
     Acked subsequence: 0
     Acked credit: 15

[2025-05-20 00:05:20 CEST] [136.675] [-13.5/-31.8 dBFS] [18.4 dB] [2.0 ppm]
407022 (Aircraft, Airborne) -> 12957A (Ground station): Command
AVLC type: I sseq: 4 rseq: 6 poll: 0
 X.25 Data: grp: 11 chan: 255 sseq: 2 rseq: 4 more: 0
  X.25 reasm status: skipped
  X.233 CLNP Data (compressed header):
   LRef: 0x41 Prio: 11 Flags: 0xf6
   Lifetime: 20.0 sec
   PDU Id: 0x1d2
   X.224 COTP Data Ack:
    dst_ref: 0x43e4
    rseq: 6 credit: 3
    ATN checksum: 80 15 32 70

[2025-05-20 00:05:22 CEST] [136.975] [-7.3/-31.9 dBFS] [24.6 dB] [3.6 ppm]
4D2215 (Aircraft, Airborne) -> 10FA7B (Ground station): Command
AVLC type: I sseq: 7 rseq: 3 poll: 0
 X.25 Data: grp: 11 chan: 254 sseq: 6 rseq: 2 more: 0
  X.25 reasm status: skipped
  X.233 CLNP Data (compressed header):
   LRef: 0x43 Prio: 11 Flags: 0xc0
   Lifetime: 50.0 sec
   PDU Id: 0xaf3
   X.224 COTP Data Ack:
    dst_ref: 0x43f4
    rseq: 2 credit: 2
    Checksum: 4a 9b
    Flow control:
     Acked TPDU nr: 2
     Acked subsequence: 0
     Acked credit: 15

[2025-05-20 00:05:26 CEST] [136.725] [-13.1/-31.4 dBFS] [18.4 dB] [1.5 ppm]
4D2014 (Aircraft, Airborne) -> 11985A (Ground station): Command
AVLC type: I sseq: 2 rseq: 6 poll: 0
 X.25 Data: grp: 11 chan: 255 sseq: 3 rseq: 7 more: 0
  X.25 reasm status: skipped
  X.233 CLNP Data (compressed header):
   LRef: 0x43 Prio: 11 Flags: 0xf6
   Lifetime: 20.0 sec
   PDU Id: 0x120
   X.224 COTP Data Ack:
    dst_ref: 0x8a08
    rseq: 0 credit: 1
    ATN checksum: e0 78 1f af

[2025-05-20 00:05:36 CEST] [136.725] [-10.4/-31.6 dBFS] [21.3 dB] [1.8 ppm]
4D2014 (Aircraft, Airborne) -> 11985A (Ground station): Command
AVLC type: I sseq: 4 rseq: 0 poll: 0
 ACARS:
  Reassembly: skipped
  Reg: .9H-EUM Flight: LH4207
  Mode: 2 Label: 1L Blk id: 9 More: 0 Ack: ! Msg num: M66A
  Message:
   00049209254GD2M2ROYY(6FFSQQ69265,YSSM22IBR)Q*SHH4M2MF)

[2025-05-20 00:05:57 CEST] [136.775] [-11.1/-31.2 dBFS] [20.1 dB] [2.4 ppm]
4D200E (Aircraft, Airborne) -> 233925 (Ground station): Response
AVLC type: U (XID) P/F: 1
 XID: Handoff Response
  Public params:
   Parameter set ID: 8885:1993
   Procedure classes: 00 01
   HDLC options: 20 a4 80
  VDL params:
   Parameter set ID: V
   Connection management: 01
   XID sequencing: seq: 4 retry: 0
   AVLC specific options: 25
   Destination airport: EPKT
   Aircraft location: 42.8N 6.1E 36000 ft

[2025-05-20 00:06:05 CEST] [136.725] [-13.2/-31.3 dBFS] [18.2 dB] [3.0 ppm]
48C230 (Aircraft, Airborne) -> 11985A (Ground station): Command
AVLC type: I sseq: 2 rseq: 3 poll: 0
 X.25 Data: grp: 11 chan: 254 sseq: 7 rseq: 0 more: 0
  X.25 reasm status: skipped
  X.233 CLNP Data (compressed header):
   LRef: 0x41 Prio: 11 Flags: 0xc0
   Lifetime: 50.0 sec
   PDU Id: 0xf5c
   X.224 COTP Data Ack:
    dst_ref: 0x43ec
    rseq: 4 credit: 3
    Checksum: 6f 79
    Flow control:
     Acked TPDU nr: 4
     Acked subsequence: 0
     Acked credit: 15

[2025-05-20 00:06:06 CEST] [136.675] [-11.5/-32.3 dBFS] [20.8 dB] [2.3 ppm]
4D2234 (Aircraft, Airborne) -> 11907A (Ground station): Command
AVLC type: I sseq: 7 rseq: 0 poll: 0
 X.25 Data: grp: 11 chan: 254 sseq: 4 rseq: 5 more: 0
  X.25 reasm status: skipped
  X.233 CLNP Data (compressed header):
   LRef: 0x41 Prio: 11 Flags: 0xc0
   Lifetime: 50.0 sec
   PDU Id: 0xbd5
   X.224 COTP Data Ack:
    dst_ref: 0x800b
    rseq: 1 credit: 2
    Checksum: d7 cb
    Flow control:
     Acked TPDU nr: 0
     Acked subsequence: 0
     Acked credit: 1

[2025-05-20 00:06:18 CEST] [136.775] [-7.0/-31.0 dBFS] [24.0 dB] [2.3 ppm]
4D200E (Aircraft, Airborne) -> 233925 (Ground station): Command
AVLC type: I sseq: 3 rseq: 3 poll: 0
 X.25 Data: grp: 11 chan: 255 sseq: 1 rseq: 1 more: 0
  X.25 reasm status: skipped
  X.233 CLNP Data (compressed header):
   LRef: 0x43 Prio: 11 Flags: 0xf6
   Lifetime: 20.0 sec
   PDU Id: 0x2d4
   X.224 COTP Data Ack:
    dst_ref: 0x43f0
    rseq: 4 credit: 3
    Flow control:
     Acked TPDU nr: 4
     Acked subsequence: 0
     Acked credit: 15
    ATN checksum: 34 2e 8e b1

[2025-05-20 00:06:29 CEST] [136.725] [1.0/-31.7 dBFS] [32.7 dB] [2.5 ppm]
4D234B (Aircraft, Airborne) -> 11984A (Ground station): Command
AVLC type: I sseq: 5 rseq: 6 poll: 0
 X.25 Data: grp: 11 chan: 255 sseq: 2 rseq: 3 more: 0
  X.25 reasm status: skipped
  X.233 CLNP Data (compressed header):
   LRef: 0x41 Prio: 11 Flags: 0xc0
   Lifetime: 50.0 sec
   PDU Id: 0x1abf
   X.224 COTP Data Ack:
    dst_ref: 0x43df
    rseq: 2 credit: 2
    Checksum: b3 47
    Flow control:
     Acked TPDU nr: 2
     Acked subsequence: 0
     Acked credit: 15

[2025-05-20 00:06:31 CEST] [136.725] [-8.4/-31.7 dBFS] [23.3 dB] [1.5 ppm]
4D2014 (Aircraft, Airborne) -> 11985A (Ground station): Command
AVLC type: I sseq: 6 rseq: 2 poll: 0
 X.25 Data: grp: 11 chan: 255 sseq: 6 rseq: 2 more: 0
  X.25 reasm status: skipped
  X.233 CLNP Data (compressed header):
   LRef: 0x41 Prio: 11 Flags: 0xf6
   Lifetime: 20.0 sec
   PDU Id: 0x123
   X.224 COTP Data Ack:
    dst_ref: 0x43e5
    rseq: 5 credit: 3
    Flow control:
     Acked TPDU nr: 5
     Acked subsequence: 0
     Acked credit: 15
    ATN checksum: 25 51 3a 1d

[2025-05-20 00:06:32 CEST] [136.975] [-7.8/-32.0 dBFS] [24.2 dB] [3.8 ppm]
4D2215 (Aircraft, Airborne) -> 10FA5A (Ground station): Command
AVLC type: I sseq: 2 rseq: 3 poll: 0
 X.25 Data: grp: 11 chan: 255 sseq: 0 rseq: 1 more: 0
  X.25 reasm status: skipped
  X.233 CLNP Data (compressed header):
   LRef: 0x43 Prio: 11 Flags: 0xc0
   Lifetime: 50.0 sec
   PDU Id: 0xaf5
   X.224 COTP Data Ack:
    dst_ref: 0x43f4
    rseq: 2 credit: 2
    Checksum: 4a 9b
    Flow control:
     Acked TPDU nr: 2
     Acked subsequence: 0
     Acked credit: 15

[2025-05-20 00:06:34 CEST] [136.725] [-4.6/-31.5 dBFS] [27.0 dB] [4.2 ppm]
440219 (Aircraft, Airborne) -> 11985A (Ground station): Command
AVLC type: I sseq: 1 rseq: 3 poll: 0
 X.25 Data: grp: 11 chan: 255 sseq: 7 rseq: 1 more: 0
  X.25 reasm status: skipped
  X.233 CLNP Data (compressed header):
   LRef: 0x42 Prio: 11 Flags: 0xf6
   Lifetime: 20.0 sec
   PDU Id: 0x24d
   X.224 COTP Data Ack:
    dst_ref: 0x43f6
    rseq: 4 credit: 3
    Flow control:
     Acked TPDU nr: 4
     Acked subsequence: 0
     Acked credit: 15
    ATN checksum: 4e 4e ef 53

[2025-05-20 00:06:42 CEST] [136.725] [-9.5/-31.5 dBFS] [22.1 dB] [2.1 ppm]
4D2250 (Aircraft, Airborne) -> 11985A (Ground station): Command
AVLC type: I sseq: 1 rseq: 4 poll: 0
 X.25 Data: grp: 11 chan: 255 sseq: 5 rseq: 0 more: 0
  X.25 reasm status: skipped
  X.233 CLNP Data (compressed header):
   LRef: 0x43 Prio: 11 Flags: 0xc0
   Lifetime: 50.0 sec
   PDU Id: 0x15a6
   X.224 COTP Data Ack:
    dst_ref: 0x8a0a
    rseq: 0 credit: 1
    Checksum: 55 e6

[2025-05-20 00:06:43 CEST] [136.725] [-9.3/-31.9 dBFS] [22.6 dB] [1.7 ppm]
4D2014 (Aircraft, Airborne) -> 11985A (Ground station): Command
AVLC type: I sseq: 7 rseq: 3 poll: 0
 ACARS:
  Reassembly: skipped
  Reg: .9H-EUM Flight: LH4207
  Mode: 2 Label: 1L Blk id: 0 More: 0 Ack: ! Msg num: M67A
  Message:
   000502977739 8-KX7.*S19UM,19MMF8X4P,RML AQYL+,(JTR+A2ORHQ8*+O22/M/S/S/R/77,/,44/LH77WDAEVW9HQ8GG2:X*2::B(SSRR77,D,4/4LL/TTO

[2025-05-20 00:06:47 CEST] [136.725] [-1.8/-31.5 dBFS] [29.7 dB] [2.3 ppm]
4D234B (Aircraft, Airborne) -> 11984A (Ground station): Command
AVLC type: I sseq: 6 rseq: 6 poll: 0
 ACARS:
  Reassembly: skipped
  Reg: .9H-VUL Flight: FR44YY
  Mode: 2 Label: B9 Blk id: 8 More: 0 Ack: ! Msg num: M36A
  Message:
   /LEBL.TI2/024LEBLA93E5

[2025-05-20 00:06:50 CEST] [136.975] [-10.6/-31.5 dBFS] [20.9 dB] [1.4 ppm]
4D2014 (Aircraft, Airborne) -> 10985A (Ground station): Command
AVLC type: U (XID) P/F: 1
 XID: Handoff Initiation
  Public params:
   Parameter set ID: 8885:1993
   Procedure classes: 00 01
   HDLC options: 20 a4 80
  VDL params:
   Parameter set ID: V
   Connection management: 01
   XID sequencing: seq: 7 retry: 0
   AVLC specific options: 25
   Destination airport: LKPR
   Aircraft location: 43.4N 7.2E 38000 ft

[2025-05-20 00:06:58 CEST] [136.975] [-10.6/-31.7 dBFS] [21.0 dB] [1.4 ppm]
4D2014 (Aircraft, Airborne) -> 10985A (Ground station): Command
AVLC type: U (XID) P/F: 1
 XID: Handoff Initiation
  Public params:
   Parameter set ID: 8885:1993
   Procedure classes: 00 01
   HDLC options: 20 a4 80
  VDL params:
   Parameter set ID: V
   Connection management: 01
   XID sequencing: seq: 7 retry: 1
   AVLC specific options: 25
   Destination airport: LKPR
   Aircraft location: 43.4N 7.2E 38000 ft

[2025-05-20 00:06:58 CEST] [136.725] [-12.4/-31.4 dBFS] [19.0 dB] [2.3 ppm]
4D2250 (Aircraft, Airborne) -> 11985A (Ground station): Command
AVLC type: I sseq: 2 rseq: 6 poll: 0
 X.25 Data: grp: 11 chan: 255 sseq: 6 rseq: 2 more: 0
  X.25 reasm status: skipped
  X.233 CLNP Data (compressed header):
   LRef: 0x0 Prio: 11 Flags: 0xc0
   Lifetime: 50.0 sec
   PDU Id: 0x15a7
   X.224 COTP Data Ack:
    dst_ref: 0x43e6
    rseq: 7 credit: 3
    Checksum: 93 55
    Flow control:
     Acked TPDU nr: 7
     Acked subsequence: 0
     Acked credit: 15

[2025-05-20 00:07:04 CEST] [136.725] [-11.7/-31.8 dBFS] [20.1 dB] [-1.5 ppm]
4951CA (Aircraft, Airborne) -> 11984A (Ground station): Command
AVLC type: I sseq: 2 rseq: 3 poll: 0
 X.25 Data: grp: 11 chan: 255 sseq: 0 rseq: 1 more: 0
  X.25 reasm status: skipped
  X.233 CLNP Data (compressed header):
   LRef: 0x43 Prio: 11 Flags: 0xf6
   Lifetime: 20.0 sec
   PDU Id: 0x3f6
   X.224 COTP Data Ack:
    dst_ref: 0x43f1
    rseq: 2 credit: 2
    Flow control:
     Acked TPDU nr: 2
     Acked subsequence: 0
     Acked credit: 15
    ATN checksum: 36 90 50 cb

[2025-05-20 00:07:06 CEST] [136.975] [-9.3/-31.8 dBFS] [22.6 dB] [1.7 ppm]
4D2014 (Aircraft, Airborne) -> 10985A (Ground station): Command
AVLC type: U (XID) P/F: 1
 XID: Handoff Initiation
  Public params:
   Parameter set ID: 8885:1993
   Procedure classes: 00 01
   HDLC options: 20 a4 80
  VDL params:
   Parameter set ID: V
   Connection management: 01
   XID sequencing: seq: 7 retry: 2
   AVLC specific options: 25
   Destination airport: LKPR
   Aircraft location: 43.4N 7.2E 38000 ft

[2025-05-20 00:07:07 CEST] [136.725] [-12.2/-31.4 dBFS] [19.2 dB] [-1.6 ppm]
4951CA (Aircraft, Airborne) -> 11984A (Ground station): Command
AVLC type: I sseq: 3 rseq: 4 poll: 0
 X.25 Data: grp: 11 chan: 255 sseq: 1 rseq: 2 more: 0
  X.25 reasm status: skipped
  X.233 CLNP Data (compressed header):
   LRef: 0x43 Prio: 11 Flags: 0xf6
   Lifetime: 20.0 sec
   PDU Id: 0x3f7
   X.224 COTP Data Ack:
    dst_ref: 0x43f1
    rseq: 3 credit: 2
    ATN checksum: 27 ee 66 15
   X.224 COTP Data:
    dst_ref: 0x43f1
    sseq: 2 req_of_ack: 0 EoT: 1
    COTP reasm status: skipped
    ATN checksum: e4 aa f3 9e
    CPDLC Downlink Message:
     Header:
      Msg ID: 2
      Msg Ref: 3
      Timestamp: 2025-05-19 22:07:06
      Logical ACK: notRequired
     Message data:
      LOGICAL ACKNOWLEDGMENT

[2025-05-20 00:07:08 CEST] [136.975] [-9.2/-31.9 dBFS] [22.7 dB] [1.4 ppm]
4D2014 (Aircraft, Airborne) -> 10985A (Ground station): Command
AVLC type: I sseq: 2 rseq: 2 poll: 0
 ACARS:
  Reassembly: skipped
  Reg: .9H-EUM Flight: LH4207
  Mode: 2 Label: SA Blk id: 2 More: 0 Ack: ! Msg num: S03A
  Message:
   0EV220705V
  Media Advisory, version 0:
   Link VHF ACARS established at 22:07:05 UTC
   Available links: VHF ACARS

[2025-05-20 00:07:10 CEST] [136.975] [-13.2/-31.8 dBFS] [18.6 dB] [3.8 ppm]
4CA246 (Aircraft, Airborne) -> 10985A (Ground station): Command
AVLC type: I sseq: 5 rseq: 0 poll: 0
 X.25 Data: grp: 11 chan: 255 sseq: 2 rseq: 5 more: 0
  X.25 reasm status: skipped
  X.233 CLNP Data (compressed header):
   LRef: 0x0 Prio: 11 Flags: 0xc0
   Lifetime: 50.0 sec
   PDU Id: 0xfaa
   X.224 COTP Data Ack:
    dst_ref: 0x43ee
    rseq: 2 credit: 2
    Checksum: 68 83
    Flow control:
     Acked TPDU nr: 2
     Acked subsequence: 0
     Acked credit: 15

[2025-05-20 00:07:13 CEST] [136.975] [-12.9/-31.2 dBFS] [18.3 dB] [3.6 ppm]
4CA246 (Aircraft, Airborne) -> 10985A (Ground station): Command
AVLC type: I sseq: 5 rseq: 0 poll: 0
 X.25 Data: grp: 11 chan: 255 sseq: 2 rseq: 5 more: 0
  X.25 reasm status: skipped
  X.233 CLNP Data (compressed header):
   LRef: 0x0 Prio: 11 Flags: 0xc0
   Lifetime: 50.0 sec
   PDU Id: 0xfaa
   X.224 COTP Data Ack:
    dst_ref: 0x43ee
    rseq: 2 credit: 2
    Checksum: 68 83
    Flow control:
     Acked TPDU nr: 2
     Acked subsequence: 0
     Acked credit: 15

[2025-05-20 00:07:26 CEST] [136.975] [-8.4/-31.4 dBFS] [23.0 dB] [1.5 ppm]
4D2014 (Aircraft, Airborne) -> 10985A (Ground station): Command
AVLC type: I sseq: 3 rseq: 3 poll: 0
 X.25 Data: grp: 11 chan: 255 sseq: 0 rseq: 0 more: 0
  X.25 reasm status: skipped
  X.233 CLNP Data (compressed header):
   LRef: 0x43 Prio: 11 Flags: 0xf6
   Lifetime: 20.0 sec
   PDU Id: 0x124
   X.224 COTP Data Ack:
    dst_ref: 0x8a08
    rseq: 0 credit: 1
    ATN checksum: e0 78 1f af

[2025-05-20 00:07:26 CEST] [136.975] [-8.5/-31.5 dBFS] [23.0 dB] [1.5 ppm]
4D2014 (Aircraft, Airborne) -> 10985A (Ground station): Command
AVLC type: I sseq: 4 rseq: 4 poll: 0
 X.25 Data: grp: 11 chan: 255 sseq: 1 rseq: 1 more: 0
  X.25 reasm status: skipped
  X.233 CLNP Data (compressed header):
   LRef: 0x43 Prio: 11 Flags: 0xf6
   Lifetime: 20.0 sec
   PDU Id: 0x125
   X.224 COTP Data Ack:
    dst_ref: 0x8a08
    rseq: 0 credit: 1
    Flow control:
     Acked TPDU nr: 0
     Acked subsequence: 0
     Acked credit: 1
    ATN checksum: 63 b3 0b 66

[2025-05-20 00:08:01 CEST] [136.725] [-2.2/-31.6 dBFS] [29.4 dB] [2.1 ppm]
4D234B (Aircraft, Airborne) -> 11984A (Ground station): Command
AVLC type: I sseq: 1 rseq: 2 poll: 0
 X.25 Data: grp: 11 chan: 255 sseq: 3 rseq: 4 more: 0
  X.25 reasm status: skipped
  X.233 CLNP Data (compressed header):
   LRef: 0x41 Prio: 11 Flags: 0xc0
   Lifetime: 50.0 sec
   PDU Id: 0x1ac0
   X.224 COTP Data Ack:
    dst_ref: 0x43df
    rseq: 2 credit: 2
    Checksum: b3 47
    Flow control:
     Acked TPDU nr: 2
     Acked subsequence: 0
     Acked credit: 15

[2025-05-20 00:08:04 CEST] [136.975] [-4.8/-31.8 dBFS] [26.9 dB] [3.6 ppm]
4D2215 (Aircraft, Airborne) -> 10FA5A (Ground station): Command
AVLC type: I sseq: 3 rseq: 4 poll: 0
 X.25 Data: grp: 11 chan: 255 sseq: 1 rseq: 2 more: 0
  X.25 reasm status: skipped
  X.233 CLNP Data (compressed header):
   LRef: 0x43 Prio: 11 Flags: 0xc0
   Lifetime: 50.0 sec
   PDU Id: 0xaf6
   X.224 COTP Data Ack:
    dst_ref: 0x43f4
    rseq: 2 credit: 2
    Checksum: 4a 9b
    Flow control:
     Acked TPDU nr: 2
     Acked subsequence: 0
     Acked credit: 15

[2025-05-20 00:08:06 CEST] [136.725] [1.1/-31.6 dBFS] [32.7 dB] [3.4 ppm]
440219 (Aircraft, Airborne) -> 11985A (Ground station): Command
AVLC type: I sseq: 2 rseq: 4 poll: 0
 X.25 Data: grp: 11 chan: 255 sseq: 0 rseq: 2 more: 0
  X.25 reasm status: skipped
  X.233 CLNP Data (compressed header):
   LRef: 0x42 Prio: 11 Flags: 0xf6
   Lifetime: 20.0 sec
   PDU Id: 0x24e
   X.224 COTP Data Ack:
    dst_ref: 0x43f6
    rseq: 4 credit: 3
    Flow control:
     Acked TPDU nr: 4
     Acked subsequence: 0
     Acked credit: 15
    ATN checksum: 4e 4e ef 53

[2025-05-20 00:08:06 CEST] [136.675] [-12.8/-31.9 dBFS] [19.1 dB] [2.2 ppm]
4D2234 (Aircraft, Airborne) -> 11907A (Ground station): Command
AVLC type: I sseq: 0 rseq: 1 poll: 0
 X.25 Data: grp: 11 chan: 254 sseq: 5 rseq: 6 more: 0
  X.25 reasm status: skipped
  X.233 CLNP Data (compressed header):
   LRef: 0x41 Prio: 11 Flags: 0xc0
   Lifetime: 50.0 sec
   PDU Id: 0xbd6
   X.224 COTP Data Ack:
    dst_ref: 0x800b
    rseq: 1 credit: 2
    Checksum: d7 cb
    Flow control:
     Acked TPDU nr: 0
     Acked subsequence: 0
     Acked credit: 1

[2025-05-20 00:08:25 CEST] [136.675] [-13.3/-31.8 dBFS] [18.5 dB] [3.4 ppm]
4CA246 (Aircraft, Airborne) -> 11907A (Ground station): Command
AVLC type: U (XID) P/F: 1
 XID: Handoff Initiation
  Public params:
   Parameter set ID: 8885:1993
   Procedure classes: 00 01
   HDLC options: 20 84 80
  VDL params:
   Parameter set ID: V
   XID sequencing: seq: 2 retry: 0
   Destination airport: EGSS
   Aircraft location: 0.0N 0.0E 0 ft
   Alternate ground stations: 12957A
   AVLC specific options: 24
   Connection management: 01

[2025-05-20 00:08:30 CEST] [136.725] [-9.5/-31.2 dBFS] [21.7 dB] [2.2 ppm]
4D2250 (Aircraft, Airborne) -> 11985A (Ground station): Command
AVLC type: I sseq: 3 rseq: 7 poll: 0
 X.25 Data: grp: 11 chan: 255 sseq: 7 rseq: 3 more: 0
  X.25 reasm status: skipped
  X.233 CLNP Data (compressed header):
   LRef: 0x0 Prio: 11 Flags: 0xc0
   Lifetime: 50.0 sec
   PDU Id: 0x15a8
   X.224 COTP Data Ack:
    dst_ref: 0x43e6
    rseq: 7 credit: 3
    Checksum: 93 55
    Flow control:
     Acked TPDU nr: 7
     Acked subsequence: 0
     Acked credit: 15

[2025-05-20 00:08:34 CEST] [136.975] [-5.0/-31.5 dBFS] [26.5 dB] [3.8 ppm]
4D2215 (Aircraft, Airborne) -> 10FA5A (Ground station): Command
AVLC type: I sseq: 4 rseq: 5 poll: 0
 X.25 Data: grp: 11 chan: 255 sseq: 2 rseq: 3 more: 0
  X.25 reasm status: skipped
  X.233 CLNP Data (compressed header):
   LRef: 0x43 Prio: 11 Flags: 0xc0
   Lifetime: 50.0 sec
   PDU Id: 0xaf7
   X.224 COTP Data Ack:
    dst_ref: 0x43f4
    rseq: 3 credit: 2
    Checksum: 57 3d

[2025-05-20 00:08:34 CEST] [136.975] [-5.1/-31.8 dBFS] [26.7 dB] [3.6 ppm]
4D2215 (Aircraft, Airborne) -> 10FA5A (Ground station): Command
AVLC type: I sseq: 5 rseq: 5 poll: 0
 X.25 Data: grp: 11 chan: 255 sseq: 3 rseq: 3 more: 0
  X.25 reasm status: skipped
  X.233 CLNP Data (compressed header):
   LRef: 0x43 Prio: 11 Flags: 0xc0
   Lifetime: 50.0 sec
   PDU Id: 0xaf8
   X.224 COTP Data:
    dst_ref: 0x43f4
    sseq: 2 req_of_ack: 0 EoT: 1
    COTP reasm status: skipped
    Checksum: 1c e2
    CPDLC Downlink Message:
     Header:
      Msg ID: 2
      Msg Ref: 3
      Timestamp: 2025-05-19 22:08:33
      Logical ACK: notRequired
     Message data:
      LOGICAL ACKNOWLEDGMENT

[2025-05-20 00:08:42 CEST] [136.725] [-8.7/-31.6 dBFS] [22.9 dB] [2.1 ppm]
4D2250 (Aircraft, Airborne) -> 11985A (Ground station): Command
AVLC type: I sseq: 4 rseq: 0 poll: 0
 X.25 Data: grp: 11 chan: 255 sseq: 0 rseq: 4 more: 0
  X.25 reasm status: skipped
  X.233 CLNP Data (compressed header):
   LRef: 0x0 Prio: 11 Flags: 0xc0
   Lifetime: 50.0 sec
   PDU Id: 0x15a9
   X.224 COTP Data Ack:
    dst_ref: 0x43e6
    rseq: 8 credit: 4
    Checksum: 7b 20

[2025-05-20 00:08:43 CEST] [136.725] [-8.6/-31.4 dBFS] [22.8 dB] [2.2 ppm]
4D2250 (Aircraft, Airborne) -> 11985A (Ground station): Command
AVLC type: I sseq: 5 rseq: 1 poll: 0
 X.25 Data: grp: 11 chan: 255 sseq: 1 rseq: 4 more: 0
  X.25 reasm status: skipped
  X.233 CLNP Data (compressed header):
   LRef: 0x0 Prio: 11 Flags: 0xc0
   Lifetime: 50.0 sec
   PDU Id: 0x15aa
   X.224 COTP Data:
    dst_ref: 0x43e6
    sseq: 7 req_of_ack: 0 EoT: 1
    COTP reasm status: skipped
    Checksum: 2a 48
    X.227 ACSE Release Response:
     Reason: normal
     ATCDownlinkMessage: <empty PDU>

[2025-05-20 00:08:43 CEST] [136.975] [-4.8/-31.7 dBFS] [26.9 dB] [3.5 ppm]
4D2215 (Aircraft, Airborne) -> 10FA5A (Ground station): Command
AVLC type: I sseq: 6 rseq: 6 poll: 0
 X.25 Data: grp: 11 chan: 255 sseq: 4 rseq: 4 more: 0
  X.25 reasm status: skipped
  X.233 CLNP Data (compressed header):
   LRef: 0x43 Prio: 11 Flags: 0xc0
   Lifetime: 50.0 sec
   PDU Id: 0xaf9
   X.224 COTP Data:
    dst_ref: 0x43f4
    sseq: 3 req_of_ack: 0 EoT: 1
    COTP reasm status: skipped
    Checksum: c2 9d
    CPDLC Downlink Message:
     Header:
      Msg ID: 3
      Msg Ref: 3
      Timestamp: 2025-05-19 22:08:42
      Logical ACK: required
     Message data:
      WILCO

[2025-05-20 00:08:44 CEST] [136.725] [-8.5/-31.8 dBFS] [23.3 dB] [2.0 ppm]
4D2250 (Aircraft, Airborne) -> 11985A (Ground station): Command
AVLC type: I sseq: 6 rseq: 1 poll: 0
 X.25 Data: grp: 11 chan: 255 sseq: 2 rseq: 5 more: 0
  X.25 reasm status: skipped
  X.233 CLNP Data (compressed header):
   LRef: 0x43 Prio: 11 Flags: 0xc0
   Lifetime: 50.0 sec
   PDU Id: 0x15ab
   X.224 COTP Data Ack:
    dst_ref: 0x8a0a
    rseq: 0 credit: 1
    Checksum: ab f0
    Flow control:
     Acked TPDU nr: 0
     Acked subsequence: 0
     Acked credit: 1

[2025-05-20 00:08:44 CEST] [136.725] [-8.6/-31.7 dBFS] [23.1 dB] [2.0 ppm]
4D2250 (Aircraft, Airborne) -> 11985A (Ground station): Command
AVLC type: I sseq: 7 rseq: 3 poll: 1
 X.25 Data: grp: 11 chan: 255 sseq: 3 rseq: 5 more: 0
  X.25 reasm status: skipped
  X.233 CLNP Data (compressed header):
   LRef: 0x43 Prio: 11 Flags: 0xc0
   Lifetime: 50.0 sec
   PDU Id: 0x15ac
   X.224 COTP Data:
    dst_ref: 0x8a0a
    sseq: 0 req_of_ack: 0 EoT: 1
    COTP reasm status: skipped
    Checksum: 3a e7
    CPDLC Downlink Message:
     Header:
      Msg ID: 0
      Timestamp: 2025-05-19 22:08:42
      Logical ACK: required
     Message data:
      CURRENT DATA AUTHORITY

[2025-05-20 00:08:44 CEST] [136.975] [-5.5/-31.3 dBFS] [25.8 dB] [3.6 ppm]
4D2215 (Aircraft, Airborne) -> 10FA5A (Ground station): Command
AVLC type: I sseq: 7 rseq: 0 poll: 0
 X.25 Data: grp: 11 chan: 255 sseq: 5 rseq: 6 more: 0
  X.25 reasm status: skipped
  X.233 CLNP Data (compressed header):
   LRef: 0x43 Prio: 11 Flags: 0xc0
   Lifetime: 50.0 sec
   PDU Id: 0xafa
   X.224 COTP Data Ack:
    dst_ref: 0x43f4
    rseq: 4 credit: 3
    Checksum: 4c 46

[2025-05-20 00:08:44 CEST] [136.725] [-8.7/-31.4 dBFS] [22.7 dB] [1.8 ppm]
4D2250 (Aircraft, Airborne) -> 11985A (Ground station): Command
AVLC type: I sseq: 0 rseq: 3 poll: 0
 X.25 Data: grp: 11 chan: 255 sseq: 4 rseq: 7 more: 0
  X.25 reasm status: skipped
  X.233 CLNP Data (compressed header):
   LRef: 0x0 Prio: 11 Flags: 0xc0
   Lifetime: 50.0 sec
   PDU Id: 0x15ad
   X.224 COTP Disconnect Confirm:
    src_ref: 0x0003 dst_ref: 0x43e6
    Checksum: 0d 36

[2025-05-20 00:08:47 CEST] [136.725] [-8.6/-31.2 dBFS] [22.6 dB] [1.9 ppm]
4D2250 (Aircraft, Airborne) -> 11985A (Ground station): Command
AVLC type: I sseq: 2 rseq: 6 poll: 0
 X.25 Data: grp: 11 chan: 255 sseq: 6 rseq: 2 more: 0
  X.25 reasm status: skipped
  X.233 CLNP Data (compressed header):
   LRef: 0x43 Prio: 11 Flags: 0xc0
   Lifetime: 50.0 sec
   PDU Id: 0x15af
   X.224 COTP Data Ack:
    dst_ref: 0x8a0a
    rseq: 2 credit: 2
    Checksum: 46 f2

[2025-05-20 00:08:47 CEST] [136.725] [-9.0/-31.6 dBFS] [22.6 dB] [1.9 ppm]
4D2250 (Aircraft, Airborne) -> 11985A (Ground station): Command
AVLC type: I sseq: 3 rseq: 6 poll: 0
 X.25 Data: grp: 11 chan: 255 sseq: 7 rseq: 2 more: 0
  X.25 reasm status: skipped
  X.233 CLNP Data (compressed header):
   LRef: 0x43 Prio: 11 Flags: 0xc0
   Lifetime: 50.0 sec
   PDU Id: 0x15b0
   X.224 COTP Data:
    dst_ref: 0x8a0a
    sseq: 1 req_of_ack: 0 EoT: 1
    COTP reasm status: skipped
    Checksum: 27 6f
    CPDLC Downlink Message:
     Header:
      Msg ID: 1
      Msg Ref: 1
      Timestamp: 2025-05-19 22:08:46
      Logical ACK: notRequired
     Message data:
      LOGICAL ACKNOWLEDGMENT

[2025-05-20 00:09:12 CEST] [136.725] [-12.4/-31.5 dBFS] [19.1 dB] [2.3 ppm]
4D2250 (Aircraft, Airborne) -> 11985A (Ground station): Command
AVLC type: I sseq: 4 rseq: 0 poll: 0
 X.25 Data: grp: 11 chan: 255 sseq: 0 rseq: 4 more: 0
  X.25 reasm status: skipped
  X.233 CLNP Data (compressed header):
   LRef: 0x43 Prio: 11 Flags: 0xc0
   Lifetime: 50.0 sec
   PDU Id: 0x15b1
   X.224 COTP Data Ack:
    dst_ref: 0x8a0a
    rseq: 3 credit: 2
    Checksum: 42 f5

[2025-05-20 00:09:12 CEST] [136.725] [-12.3/-31.8 dBFS] [19.5 dB] [2.2 ppm]
4D2250 (Aircraft, Airborne) -> 11985A (Ground station): Command
AVLC type: I sseq: 5 rseq: 0 poll: 0
 X.25 Data: grp: 11 chan: 255 sseq: 1 rseq: 4 more: 0
  X.25 reasm status: skipped
  X.233 CLNP Data (compressed header):
   LRef: 0x43 Prio: 11 Flags: 0xc0
   Lifetime: 50.0 sec
   PDU Id: 0x15b2
   X.224 COTP Data:
    dst_ref: 0x8a0a
    sseq: 2 req_of_ack: 0 EoT: 1
    COTP reasm status: skipped
    Checksum: ea 7a
    CPDLC Downlink Message:
     Header:
      Msg ID: 2
      Msg Ref: 2
      Timestamp: 2025-05-19 22:09:11
      Logical ACK: notRequired
     Message data:
      LOGICAL ACKNOWLEDGMENT

[2025-05-20 00:09:22 CEST] [136.775] [-13.9/-31.2 dBFS] [17.3 dB] [1.8 ppm]
4D200E (Aircraft, Airborne) -> 233925 (Ground station): Command
AVLC type: I sseq: 6 rseq: 0 poll: 0
 X.25 Data: grp: 11 chan: 255 sseq: 3 rseq: 4 more: 0
  X.25 reasm status: skipped
  X.233 CLNP Data (compressed header):
   LRef: 0x43 Prio: 11 Flags: 0xf6
   Lifetime: 20.0 sec
   PDU Id: 0x2d6
   X.224 COTP Data Ack:
    dst_ref: 0x43f0
    rseq: 4 credit: 3
    Flow control:
     Acked TPDU nr: 4
     Acked subsequence: 0
     Acked credit: 15
    ATN checksum: 34 2e 8e b1

[2025-05-20 00:09:33 CEST] [136.725] [-0.9/-32.2 dBFS] [31.3 dB] [2.0 ppm]
4D234B (Aircraft, Airborne) -> 11984A (Ground station): Command
AVLC type: I sseq: 3 rseq: 4 poll: 0
 X.25 Data: grp: 11 chan: 255 sseq: 5 rseq: 6 more: 0
  X.25 reasm status: skipped
  X.233 CLNP Data (compressed header):
   LRef: 0x41 Prio: 11 Flags: 0xc0
   Lifetime: 50.0 sec
   PDU Id: 0x1ac2
   X.224 COTP Data Ack:
    dst_ref: 0x43df
    rseq: 2 credit: 2
    Checksum: b3 47
    Flow control:
     Acked TPDU nr: 2
     Acked subsequence: 0
     Acked credit: 15

[2025-05-20 00:09:34 CEST] [136.725] [-1.0/-31.6 dBFS] [30.6 dB] [2.2 ppm]
4D234B (Aircraft, Airborne) -> 1199BA (Ground station): Command
AVLC type: U (XID) P/F: 1
 XID: Handoff Initiation
  Public params:
   Parameter set ID: 8885:1993
   Procedure classes: 00 01
   HDLC options: 20 84 80
  VDL params:
   Parameter set ID: V
   XID sequencing: seq: 4 retry: 0
   Destination airport: LEBL
   Aircraft location: 43.3N 4.7E 37000 ft
   Alternate ground stations: 11985A 11905A 1190AA
   AVLC specific options: 24
   Connection management: 01

[2025-05-20 00:09:38 CEST] [136.725] [-0.8/-31.3 dBFS] [30.4 dB] [2.8 ppm]
440219 (Aircraft, Airborne) -> 11985A (Ground station): Command
AVLC type: I sseq: 3 rseq: 5 poll: 0
 X.25 Data: grp: 11 chan: 255 sseq: 1 rseq: 3 more: 0
  X.25 reasm status: skipped
  X.233 CLNP Data (compressed header):
   LRef: 0x42 Prio: 11 Flags: 0xf6
   Lifetime: 20.0 sec
   PDU Id: 0x24f
   X.224 COTP Data Ack:
    dst_ref: 0x43f6
    rseq: 4 credit: 3
    Flow control:
     Acked TPDU nr: 4
     Acked subsequence: 0
     Acked credit: 15
    ATN checksum: 4e 4e ef 53

[2025-05-20 00:10:14 CEST] [136.675] [-8.7/-32.9 dBFS] [24.2 dB] [3.6 ppm]
4CA246 (Aircraft, Airborne) -> 11907A (Ground station): Command
AVLC type: I sseq: 3 rseq: 4 poll: 0
 X.25 Data: grp: 11 chan: 254 sseq: 1 rseq: 2 more: 0
  X.25 reasm status: skipped
  X.233 CLNP Data (compressed header):
   LRef: 0x0 Prio: 11 Flags: 0xc0
   Lifetime: 50.0 sec
   PDU Id: 0xfad
   X.224 COTP Data Ack:
    dst_ref: 0x43ee
    rseq: 2 credit: 2
    Checksum: 68 83
    Flow control:
     Acked TPDU nr: 2
     Acked subsequence: 0
     Acked credit: 15

[2025-05-20 00:10:15 CEST] [136.975] [-14.8/-33.3 dBFS] [18.5 dB] [-1.8 ppm]
4951CA (Aircraft, Airborne) -> 109C2A (Ground station): Command
AVLC type: I sseq: 4 rseq: 5 poll: 0
 X.25 Data: grp: 11 chan: 255 sseq: 0 rseq: 1 more: 0
  X.25 reasm status: skipped
  X.233 CLNP Data (compressed header):
   LRef: 0x43 Prio: 11 Flags: 0xf6
   Lifetime: 20.0 sec
   PDU Id: 0x3fb
   X.224 COTP Data Ack:
    dst_ref: 0x43f1
    rseq: 5 credit: 3
    ATN checksum: ef 5b 93 af
   X.224 COTP Data:
    dst_ref: 0x43f1
    sseq: 4 req_of_ack: 0 EoT: 1
    COTP reasm status: skipped
    ATN checksum: 2e a7 99 3d
    CPDLC Downlink Message:
     Header:
      Msg ID: 4
      Msg Ref: 5
      Timestamp: 2025-05-19 22:10:14
      Logical ACK: notRequired
     Message data:
      LOGICAL ACKNOWLEDGMENT

[2025-05-20 00:10:16 CEST] [136.975] [-0.7/-33.2 dBFS] [32.5 dB] [3.5 ppm]
4D2215 (Aircraft, Airborne) -> 10FA5A (Ground station): Command
AVLC type: I sseq: 1 rseq: 2 poll: 0
 X.25 Data: grp: 11 chan: 255 sseq: 7 rseq: 0 more: 0
  X.25 reasm status: skipped
  X.233 CLNP Data (compressed header):
   LRef: 0x43 Prio: 11 Flags: 0xc0
   Lifetime: 50.0 sec
   PDU Id: 0xafc
   X.224 COTP Data Ack:
    dst_ref: 0x43f4
    rseq: 4 credit: 3
    Checksum: 47 99
    Flow control:
     Acked TPDU nr: 4
     Acked subsequence: 0
     Acked credit: 15

[2025-05-20 00:10:20 CEST] [136.975] [-13.4/-33.4 dBFS] [20.0 dB] [-1.5 ppm]
4951CA (Aircraft, Airborne) -> 109C2A (Ground station): Command
AVLC type: I sseq: 5 rseq: 0 poll: 0
 X.25 Data: grp: 11 chan: 255 sseq: 1 rseq: 4 more: 0
  X.25 reasm status: skipped
  X.233 CLNP Data (compressed header):
   LRef: 0x44 Prio: 11 Flags: 0xf6
   Lifetime: 20.0 sec
   PDU Id: 0x3fc
   X.224 COTP Connect Confirm:
    src_ref: 0x0053 dst_ref: 0x2034
    Initial Credit: 1
    Protocol class: 4
    Options: 00 (use normal PDU formats)
    TPDU size (bytes): 1024
    Called/responding transport selector: 16
    Calling transport selector: 65 6d
    Priority: 3
    Ack time (ms): 1000
    Inactivity timer (ms): 360000
    Additional options: 0x00
    ATN checksum: af 4c 1a 77
    X.225 Session SPDU: Short Accept
     X.227 ACSE Associate Response:
      Application context name: { 1.3.27.3.1 }
      Associate result: accept
      ATCDownlinkMessage: <empty PDU>

[2025-05-20 00:10:26 CEST] [136.975] [-14.1/-32.0 dBFS] [18.0 dB] [2.9 ppm]
440610 (Aircraft, Airborne) -> 109C2A (Ground station): Command
AVLC type: I sseq: 3 rseq: 4 poll: 0
 X.25 Data: grp: 11 chan: 255 sseq: 1 rseq: 2 more: 0
  X.25 reasm status: skipped
  X.233 CLNP Data (compressed header):
   LRef: 0x42 Prio: 11 Flags: 0xf6
   Lifetime: 20.0 sec
   PDU Id: 0x26d
   X.224 COTP Data Ack:
    dst_ref: 0x43f5
    rseq: 4 credit: 3
    Flow control:
     Acked TPDU nr: 4
     Acked subsequence: 0
     Acked credit: 15
    ATN checksum: 6b f2 cb bb

[2025-05-20 00:11:05 CEST] [136.725] [-10.9/-31.5 dBFS] [20.6 dB] [1.9 ppm]
4D234B (Aircraft, Airborne) -> 1199BA (Ground station): Command
AVLC type: I sseq: 2 rseq: 3 poll: 0
 X.25 Data: grp: 11 chan: 254 sseq: 0 rseq: 1 more: 0
  X.25 reasm status: skipped
  X.233 CLNP Data (compressed header):
   LRef: 0x41 Prio: 11 Flags: 0xc0
   Lifetime: 50.0 sec
   PDU Id: 0x1ac3
   X.224 COTP Data Ack:
    dst_ref: 0x43df
    rseq: 2 credit: 2
    Checksum: b3 47
    Flow control:
     Acked TPDU nr: 2
     Acked subsequence: 0
     Acked credit: 15

[2025-05-20 00:11:07 CEST] [136.725] [-11.0/-31.6 dBFS] [20.6 dB] [2.7 ppm]
440219 (Aircraft, Airborne) -> 11985A (Ground station): Command
AVLC type: I sseq: 5 rseq: 7 poll: 0
 X.25 Data: grp: 11 chan: 255 sseq: 3 rseq: 5 more: 0
  X.25 reasm status: skipped
  X.233 CLNP Data (compressed header):
   LRef: 0x42 Prio: 11 Flags: 0xf6
   Lifetime: 20.0 sec
   PDU Id: 0x251
   X.224 COTP Data Ack:
    dst_ref: 0x43f6
    rseq: 5 credit: 3
    ATN checksum: ad 7f d5 8d
   X.224 COTP Data:
    dst_ref: 0x43f6
    sseq: 4 req_of_ack: 0 EoT: 1
    COTP reasm status: skipped
    ATN checksum: a8 65 81 20
    CPDLC Downlink Message:
     Header:
      Msg ID: 4
      Msg Ref: 6
      Timestamp: 2025-05-19 22:11:06
      Logical ACK: notRequired
     Message data:
      LOGICAL ACKNOWLEDGMENT

[2025-05-20 00:11:12 CEST] [136.725] [-9.9/-31.2 dBFS] [21.4 dB] [3.0 ppm]
440219 (Aircraft, Airborne) -> 11985A (Ground station): Command
AVLC type: I sseq: 6 rseq: 0 poll: 0
 X.25 Data: grp: 11 chan: 255 sseq: 4 rseq: 6 more: 0
  X.25 reasm status: skipped
  X.233 CLNP Data (compressed header):
   LRef: 0x42 Prio: 11 Flags: 0xf6
   Lifetime: 20.0 sec
   PDU Id: 0x252
   X.224 COTP Data:
    dst_ref: 0x43f6
    sseq: 5 req_of_ack: 0 EoT: 1
    COTP reasm status: skipped
    ATN checksum: 40 ba a2 16
    X.227 ACSE Release Response:
     Reason: normal
     CPDLC Downlink Message:
      Header:
       Msg ID: 5
       Msg Ref: 6
       Timestamp: 2025-05-19 22:11:11
       Logical ACK: notRequired
      Message data:
       WILCO

[2025-05-20 00:11:13 CEST] [136.725] [-9.4/-31.7 dBFS] [22.3 dB] [3.0 ppm]
440219 (Aircraft, Airborne) -> 11985A (Ground station): Command
AVLC type: I sseq: 7 rseq: 2 poll: 0
 X.25 Data: grp: 11 chan: 255 sseq: 5 rseq: 0 more: 0
  X.25 reasm status: skipped
  X.233 CLNP Data (compressed header):
   LRef: 0x42 Prio: 11 Flags: 0xf6
   Lifetime: 20.0 sec
   PDU Id: 0x253
   X.224 COTP Disconnect Confirm:
    src_ref: 0x0048 dst_ref: 0x43f6
    ATN checksum: 58 53 37 0c

[2025-05-20 00:11:15 CEST] [136.725] [-9.7/-31.8 dBFS] [22.1 dB] [1.9 ppm]
4D234B (Aircraft, Airborne) -> 1199BA (Ground station): Command
AVLC type: I sseq: 3 rseq: 4 poll: 0
 X.25 Data: grp: 11 chan: 254 sseq: 1 rseq: 2 more: 0
  X.25 reasm status: skipped
  X.233 CLNP Data (compressed header):
   LRef: 0x41 Prio: 11 Flags: 0xc0
   Lifetime: 50.0 sec
   PDU Id: 0x1ac4
   X.224 COTP Data Ack:
    dst_ref: 0x43df
    rseq: 3 credit: 2
    Checksum: c0 e8

[2025-05-20 00:11:16 CEST] [136.725] [-10.1/-31.5 dBFS] [21.5 dB] [1.8 ppm]
4D234B (Aircraft, Airborne) -> 1199BA (Ground station): Command
AVLC type: I sseq: 4 rseq: 4 poll: 0
 X.25 Data: grp: 11 chan: 254 sseq: 2 rseq: 2 more: 0
  X.25 reasm status: skipped
  X.233 CLNP Data (compressed header):
   LRef: 0x41 Prio: 11 Flags: 0xc0
   Lifetime: 50.0 sec
   PDU Id: 0x1ac5
   X.224 COTP Data:
    dst_ref: 0x43df
    sseq: 2 req_of_ack: 0 EoT: 1
    COTP reasm status: skipped
    Checksum: cd a7
    CPDLC Downlink Message:
     Header:
      Msg ID: 2
      Msg Ref: 3
      Timestamp: 2025-05-19 22:11:14
      Logical ACK: notRequired
     Message data:
      LOGICAL ACKNOWLEDGMENT

[2025-05-20 00:11:17 CEST] [136.725] [-12.1/-31.5 dBFS] [19.4 dB] [2.9 ppm]
48C230 (Aircraft, Airborne) -> 11985A (Ground station): Command
AVLC type: I sseq: 5 rseq: 0 poll: 0
 X.25 Data: grp: 11 chan: 254 sseq: 1 rseq: 4 more: 0
  X.25 reasm status: skipped
  X.233 CLNP Data (compressed header):
   LRef: 0x41 Prio: 11 Flags: 0xc0
   Lifetime: 50.0 sec
   PDU Id: 0xf66
   X.224 COTP Data:
    dst_ref: 0x43ec
    sseq: 6 req_of_ack: 0 EoT: 1
    COTP reasm status: skipped
    Checksum: fb d9
    X.227 ACSE Release Response:
     Reason: normal
     CPDLC Downlink Message:
      Header:
       Msg ID: 6
       Msg Ref: 7
       Timestamp: 2025-05-19 22:11:15
       Logical ACK: notRequired
      Message data:
       WILCO

[2025-05-20 00:11:17 CEST] [136.725] [-12.1/-31.5 dBFS] [19.5 dB] [3.0 ppm]
48C230 (Aircraft, Airborne) -> 11985A (Ground station): Command
AVLC type: I sseq: 6 rseq: 0 poll: 0
 X.25 Data: grp: 11 chan: 254 sseq: 2 rseq: 4 more: 0
  X.25 reasm status: skipped
  X.233 CLNP Data (compressed header):
   LRef: 0x42 Prio: 11 Flags: 0xc0
   Lifetime: 50.0 sec
   PDU Id: 0xf67
   X.224 COTP Data:
    dst_ref: 0x8a0d
    sseq: 0 req_of_ack: 0 EoT: 1
    COTP reasm status: skipped
    Checksum: 45 e1
    CPDLC Downlink Message:
     Header:
      Msg ID: 0
      Timestamp: 2025-05-19 22:11:15
      Logical ACK: required
     Message data:
      CURRENT DATA AUTHORITY

[2025-05-20 00:11:17 CEST] [136.975] [-1.2/-32.2 dBFS] [30.9 dB] [3.6 ppm]
4D2215 (Aircraft, Airborne) -> 10985A (Ground station): Command
AVLC type: U (XID) P/F: 1
 XID: Handoff Initiation
  Public params:
   Parameter set ID: 8885:1993
   Procedure classes: 00 01
   HDLC options: 20 84 80
  VDL params:
   Parameter set ID: V
   XID sequencing: seq: 7 retry: 0
   Destination airport: LEVC
   Aircraft location: 0.0N 0.0E 0 ft
   Alternate ground stations: 10952A 10907A 10F68A 10F69B 10F63A 10984A 109C2A 10F66A
   AVLC specific options: 24
   Connection management: 01

[2025-05-20 00:11:18 CEST] [136.725] [-12.3/-31.5 dBFS] [19.2 dB] [3.1 ppm]
48C230 (Aircraft, Airborne) -> 11985A (Ground station): Command
AVLC type: I sseq: 7 rseq: 3 poll: 0
 X.25 Data: grp: 11 chan: 254 sseq: 3 rseq: 7 more: 0
  X.25 reasm status: skipped
  X.233 CLNP Data (compressed header):
   LRef: 0x41 Prio: 11 Flags: 0xc0
   Lifetime: 50.0 sec
   PDU Id: 0xf68
   X.224 COTP Disconnect Confirm:
    src_ref: 0x0014 dst_ref: 0x43ec
    Checksum: a4 87

[2025-05-20 00:11:20 CEST] [136.725] [-13.6/-31.5 dBFS] [17.9 dB] [3.3 ppm]
48C230 (Aircraft, Airborne) -> 11985A (Ground station): Command
AVLC type: I sseq: 0 rseq: 4 poll: 0
 X.25 Data: grp: 11 chan: 254 sseq: 4 rseq: 0 more: 0
  X.25 reasm status: skipped
  X.233 CLNP Data (compressed header):
   LRef: 0x42 Prio: 11 Flags: 0xc0
   Lifetime: 50.0 sec
   PDU Id: 0xf69
   X.224 COTP Data Ack:
    dst_ref: 0x8a0d
    rseq: 1 credit: 2
    Checksum: 3b fb

[2025-05-20 00:11:21 CEST] [136.975] [-14.1/-31.5 dBFS] [17.4 dB] [3.1 ppm]
48C230 (Aircraft, Airborne) -> 11985A (Ground station): Command
AVLC type: I sseq: 1 rseq: 5 poll: 0
 X.25 Data: grp: 11 chan: 254 sseq: 5 rseq: 1 more: 0
  X.25 reasm status: skipped
  X.233 CLNP Data (compressed header):
   LRef: 0x42 Prio: 11 Flags: 0xc0
   Lifetime: 50.0 sec
   PDU Id: 0xf6a
   X.224 COTP Data Ack:
    dst_ref: 0x8a0d
    rseq: 2 credit: 2
    Checksum: 37 fe

[2025-05-20 00:11:21 CEST] [136.975] [-14.0/-31.7 dBFS] [17.7 dB] [2.8 ppm]
48C230 (Aircraft, Airborne) -> 10985A (Ground station): Command
AVLC type: U (XID) P/F: 1
 XID: Handoff Initiation
  Public params:
   Parameter set ID: 8885:1993
   Procedure classes: 00 01
   HDLC options: 20 84 80
  VDL params:
   Parameter set ID: V
   XID sequencing: seq: 4 retry: 0
   Destination airport: EPMO
   Aircraft location: 43.5N 7.4E 0 ft
   Alternate ground stations: 10952A
   AVLC specific options: 24
   Connection management: 01

[2025-05-20 00:11:22 CEST] [136.975] [-14.0/-31.9 dBFS] [18.0 dB] [-1.8 ppm]
4951CA (Aircraft, Airborne) -> 109C2A (Ground station): Command
AVLC type: I sseq: 7 rseq: 3 poll: 0
 X.25 Data: grp: 11 chan: 255 sseq: 3 rseq: 7 more: 0
  X.25 reasm status: skipped
  X.233 CLNP Data (compressed header):
   LRef: 0x44 Prio: 11 Flags: 0xf6
   Lifetime: 20.0 sec
   PDU Id: 0x3fe
   X.224 COTP Data Ack:
    dst_ref: 0x2034
    rseq: 0 credit: 1
    Flow control:
     Acked TPDU nr: 0
     Acked subsequence: 0
     Acked credit: 10
    ATN checksum: c1 24 55 e3

[2025-05-20 00:11:23 CEST] [136.975] [-12.2/-31.8 dBFS] [19.6 dB] [3.0 ppm]
48C230 (Aircraft, Airborne) -> 10985A (Ground station): Command
AVLC type: I sseq: 2 rseq: 1 poll: 0
 X.25 Data: grp: 11 chan: 255 sseq: 0 rseq: 0 more: 0
  X.25 reasm status: skipped
  X.233 CLNP Data (compressed header):
   LRef: 0x42 Prio: 11 Flags: 0xc0
   Lifetime: 50.0 sec
   PDU Id: 0xf6b
   X.224 COTP Data:
    dst_ref: 0x8a0d
    sseq: 1 req_of_ack: 0 EoT: 1
    COTP reasm status: skipped
    Checksum: 2d b5
    CPDLC Downlink Message:
     Header:
      Msg ID: 1
      Msg Ref: 1
      Timestamp: 2025-05-19 22:11:19
      Logical ACK: notRequired
     Message data:
      LOGICAL ACKNOWLEDGMENT

[2025-05-20 00:11:24 CEST] [136.725] [-11.5/-31.5 dBFS] [20.0 dB] [2.7 ppm]
407666 (Aircraft, Airborne) -> 11985A (Ground station): Command
AVLC type: I sseq: 7 rseq: 0 poll: 0
 X.25 Data: grp: 11 chan: 255 sseq: 5 rseq: 6 more: 0
  X.25 reasm status: skipped
  X.233 CLNP Data (compressed header):
   LRef: 0x41 Prio: 11 Flags: 0xf6
   Lifetime: 20.0 sec
   PDU Id: 0x2c7
   X.224 COTP Data Ack:
    dst_ref: 0x43de
    rseq: 2 credit: 2
    Flow control:
     Acked TPDU nr: 2
     Acked subsequence: 0
     Acked credit: 15
    ATN checksum: 78 a7 66 a4

[2025-05-20 00:11:25 CEST] [136.725] [-12.6/-31.7 dBFS] [19.2 dB] [1.9 ppm]
4D234B (Aircraft, Airborne) -> 1199BA (Ground station): Command
AVLC type: I sseq: 5 rseq: 5 poll: 0
 X.25 Data: grp: 11 chan: 254 sseq: 3 rseq: 3 more: 0
  X.25 reasm status: skipped
  X.233 CLNP Data (compressed header):
   LRef: 0x41 Prio: 11 Flags: 0xc0
   Lifetime: 50.0 sec
   PDU Id: 0x1ac6
   X.224 COTP Data:
    dst_ref: 0x43df
    sseq: 3 req_of_ack: 0 EoT: 1
    COTP reasm status: skipped
    Checksum: c6 f3
    CPDLC Downlink Message:
     Header:
      Msg ID: 3
      Msg Ref: 3
      Timestamp: 2025-05-19 22:11:24
      Logical ACK: required
     Message data:
      WILCO

[2025-05-20 00:11:26 CEST] [136.975] [0.5/-31.6 dBFS] [32.1 dB] [3.5 ppm]
4D2215 (Aircraft, Airborne) -> 10985A (Ground station): Command
AVLC type: U (XID) P/F: 1
 XID: Handoff Initiation
  Public params:
   Parameter set ID: 8885:1993
   Procedure classes: 00 01
   HDLC options: 20 84 80
  VDL params:
   Parameter set ID: V
   XID sequencing: seq: 7 retry: 1
   Destination airport: LEVC
   Aircraft location: 0.0N 0.0E 0 ft
   Alternate ground stations: 10952A 10907A 10F68A 10F69B 10F63A 10984A 109C2A 10F66A
   AVLC specific options: 24
   Connection management: 01

[2025-05-20 00:11:27 CEST] [136.725] [-11.8/-31.7 dBFS] [20.0 dB] [2.6 ppm]
407666 (Aircraft, Airborne) -> 11985A (Ground station): Command
AVLC type: I sseq: 7 rseq: 0 poll: 0
 X.25 Data: grp: 11 chan: 255 sseq: 5 rseq: 6 more: 0
  X.25 reasm status: skipped
  X.233 CLNP Data (compressed header):
   LRef: 0x41 Prio: 11 Flags: 0xf6
   Lifetime: 20.0 sec
   PDU Id: 0x2c7
   X.224 COTP Data Ack:
    dst_ref: 0x43de
    rseq: 2 credit: 2
    Flow control:
     Acked TPDU nr: 2
     Acked subsequence: 0
     Acked credit: 15
    ATN checksum: 78 a7 66 a4

[2025-05-20 00:11:28 CEST] [136.975] [0.6/-31.3 dBFS] [31.9 dB] [3.4 ppm]
4D2215 (Aircraft, Airborne) -> 10985A (Ground station): Command
AVLC type: I sseq: 2 rseq: 3 poll: 0
 X.25 Data: grp: 11 chan: 254 sseq: 0 rseq: 2 more: 0
  X.25 reasm status: skipped
  X.233 CLNP Data (compressed header):
   LRef: 0x40 Prio: 14 Flags: 0xc0
   Lifetime: 50.0 sec
   PDU Id: 0xafd
   IDRP Open: seq: 1 ack: 1 credit_offered: 5 credit_avail: 3
    Hold Time: 900 seconds
    Max. PDU size: 3000 octets
    Source RDI: 47 00 27 41 52 59 52 00 4d 22 15	"G.'ARYR.M"."
    RIB Attribute Set:
     RibAtt #0:
      Security:
       Reg ID: 06 04 2b 1b 00 00
    Auth mechanism: simple checksum

[2025-05-20 00:11:29 CEST] [136.975] [0.6/-31.7 dBFS] [32.2 dB] [3.7 ppm]
4D2215 (Aircraft, Airborne) -> 10985A (Ground station): Command
AVLC type: I sseq: 3 rseq: 6 poll: 0
 ACARS:
  Reassembly: skipped
  Reg: .9H-QBS Flight: FR336X
  Mode: 2 Label: B9 Blk id: 7 More: 0 Ack: ! Msg num: M22A
  Message:
   /LEVC.TI2/024LEVCA1C78

[2025-05-20 00:11:30 CEST] [136.725] [-12.8/-31.7 dBFS] [18.8 dB] [2.7 ppm]
407666 (Aircraft, Airborne) -> 11985A (Ground station): Command
AVLC type: I sseq: 7 rseq: 0 poll: 0
 X.25 Data: grp: 11 chan: 255 sseq: 5 rseq: 6 more: 0
  X.25 reasm status: skipped
  X.233 CLNP Data (compressed header):
   LRef: 0x41 Prio: 11 Flags: 0xf6
   Lifetime: 20.0 sec
   PDU Id: 0x2c7
   X.224 COTP Data Ack:
    dst_ref: 0x43de
    rseq: 2 credit: 2
    Flow control:
     Acked TPDU nr: 2
     Acked subsequence: 0
     Acked credit: 15
    ATN checksum: 78 a7 66 a4

[2025-05-20 00:11:30 CEST] [136.725] [-9.8/-31.8 dBFS] [22.0 dB] [2.0 ppm]
4D234B (Aircraft, Airborne) -> 1199BA (Ground station): Command
AVLC type: I sseq: 5 rseq: 5 poll: 0
 X.25 Data: grp: 11 chan: 254 sseq: 3 rseq: 3 more: 0
  X.25 reasm status: skipped
  X.233 CLNP Data (compressed header):
   LRef: 0x41 Prio: 11 Flags: 0xc0
   Lifetime: 50.0 sec
   PDU Id: 0x1ac6
   X.224 COTP Data:
    dst_ref: 0x43df
    sseq: 3 req_of_ack: 0 EoT: 1
    COTP reasm status: skipped
    Checksum: c6 f3
    CPDLC Downlink Message:
     Header:
      Msg ID: 3
      Msg Ref: 3
      Timestamp: 2025-05-19 22:11:24
      Logical ACK: required
     Message data:
      WILCO

[2025-05-20 00:11:31 CEST] [136.975] [0.4/-31.5 dBFS] [31.9 dB] [3.5 ppm]
4D2215 (Aircraft, Airborne) -> 10985A (Ground station): Command
AVLC type: I sseq: 5 rseq: 7 poll: 0
 X.25 Data: grp: 11 chan: 254 sseq: 2 rseq: 4 more: 0
  X.25 reasm status: skipped
  X.233 CLNP Data (compressed header):
   LRef: 0x40 Prio: 14 Flags: 0xc0
   Lifetime: 50.0 sec
   PDU Id: 0xafe
   IDRP Update: seq: 2 ack: 2 credit_offered: 4 credit_avail: 3
    Route:
     ID: 2
     Local preference: 0
    RD path:
     RD_SEQ:
      47 00 27 41 52 59 52 00 4d 22 15	"G.'ARYR.M"."
    RD hop count: 1
    Security:
     Reg ID: 06 04 2b 1b 00 00
     Info:
      Supported ATSC classes: all
    Capacity: 13
    Reachability info:
     Protocol: CLNP
     Prefix length: 88
     Dest. address prefix: 47 00 27 41 52 59 52 00 4d 22 15	"G.'ARYR.M"."

[2025-05-20 00:11:33 CEST] [136.975] [-12.4/-31.7 dBFS] [19.4 dB] [2.8 ppm]
48C230 (Aircraft, Airborne) -> 10985A (Ground station): Command
AVLC type: I sseq: 3 rseq: 4 poll: 0
 X.25 Data: grp: 11 chan: 255 sseq: 1 rseq: 2 more: 0
  X.25 reasm status: skipped
  X.233 CLNP Data (compressed header):
   LRef: 0x42 Prio: 11 Flags: 0xc0
   Lifetime: 50.0 sec
   PDU Id: 0xf6c
   X.224 COTP Data Ack:
    dst_ref: 0x8a0d
    rseq: 2 credit: 2
    Checksum: 37 fe

[2025-05-20 00:11:33 CEST] [136.725] [-13.6/-32.1 dBFS] [18.4 dB] [2.2 ppm]
407666 (Aircraft, Airborne) -> 11985A (Ground station): Command
AVLC type: I sseq: 7 rseq: 0 poll: 0
 X.25 Data: grp: 11 chan: 255 sseq: 5 rseq: 6 more: 0
  X.25 reasm status: skipped
  X.233 CLNP Data (compressed header):
   LRef: 0x41 Prio: 11 Flags: 0xf6
   Lifetime: 20.0 sec
   PDU Id: 0x2c7
   X.224 COTP Data Ack:
    dst_ref: 0x43de
    rseq: 2 credit: 2
    Flow control:
     Acked TPDU nr: 2
     Acked subsequence: 0
     Acked credit: 15
    ATN checksum: 78 a7 66 a4

[2025-05-20 00:11:34 CEST] [136.725] [-10.6/-31.4 dBFS] [20.8 dB] [2.1 ppm]
4D234B (Aircraft, Airborne) -> 1199BA (Ground station): Command
AVLC type: I sseq: 6 rseq: 7 poll: 0
 X.25 Data: grp: 11 chan: 254 sseq: 4 rseq: 5 more: 0
  X.25 reasm status: skipped
  X.233 CLNP Data (compressed header):
   LRef: 0x41 Prio: 11 Flags: 0xc0
   Lifetime: 50.0 sec
   PDU Id: 0x1ac7
   X.224 COTP Data Ack:
    dst_ref: 0x43df
    rseq: 4 credit: 3
    Checksum: b5 f1

[2025-05-20 00:11:46 CEST] [136.675] [-13.9/-32.1 dBFS] [18.1 dB] [3.2 ppm]
4CA246 (Aircraft, Airborne) -> 11907A (Ground station): Command
AVLC type: I sseq: 4 rseq: 5 poll: 0
 X.25 Data: grp: 11 chan: 254 sseq: 2 rseq: 3 more: 0
  X.25 reasm status: skipped
  X.233 CLNP Data (compressed header):
   LRef: 0x0 Prio: 11 Flags: 0xc0
   Lifetime: 50.0 sec
   PDU Id: 0xfae
   X.224 COTP Data Ack:
    dst_ref: 0x43ee
    rseq: 2 credit: 2
    Checksum: 68 83
    Flow control:
     Acked TPDU nr: 2
     Acked subsequence: 0
     Acked credit: 15

[2025-05-20 00:11:48 CEST] [136.975] [0.8/-31.6 dBFS] [32.4 dB] [3.8 ppm]
4D2215 (Aircraft, Airborne) -> 10985A (Ground station): Command
AVLC type: I sseq: 0 rseq: 4 poll: 0
 X.25 Data: grp: 11 chan: 254 sseq: 3 rseq: 7 more: 0
  X.25 reasm status: skipped
  X.233 CLNP Data (compressed header):
   LRef: 0x41 Prio: 11 Flags: 0xc0
   Lifetime: 50.0 sec
   PDU Id: 0xaff
   X.224 COTP Data Ack:
    dst_ref: 0x43f4
    rseq: 4 credit: 3
    Checksum: 47 99
    Flow control:
     Acked TPDU nr: 4
     Acked subsequence: 0
     Acked credit: 15

[2025-05-20 00:11:54 CEST] [136.725] [1.0/-31.5 dBFS] [32.5 dB] [3.8 ppm]
4D2215 (Aircraft, Airborne) -> 11985A (Ground station): Command
AVLC type: U (XID) P/F: 1
 XID: Handoff Initiation
  Public params:
   Parameter set ID: 8885:1993
   Procedure classes: 00 01
   HDLC options: 20 84 80
  VDL params:
   Parameter set ID: V
   XID sequencing: seq: 0 retry: 0
   Destination airport: LEVC
   Aircraft location: 0.0N 0.0E 0 ft
   Alternate ground stations: 11984A
   AVLC specific options: 24
   Connection management: 01

[2025-05-20 00:12:03 CEST] [136.725] [1.0/-31.7 dBFS] [32.7 dB] [3.7 ppm]
4D2215 (Aircraft, Airborne) -> 11985A (Ground station): Command
AVLC type: U (XID) P/F: 1
 XID: Handoff Initiation
  Public params:
   Parameter set ID: 8885:1993
   Procedure classes: 00 01
   HDLC options: 20 84 80
  VDL params:
   Parameter set ID: V
   XID sequencing: seq: 0 retry: 1
   Destination airport: LEVC
   Aircraft location: 0.0N 0.0E 0 ft
   Alternate ground stations: 11984A
   AVLC specific options: 24
   Connection management: 01

[2025-05-20 00:12:08 CEST] [136.775] [-12.4/-31.1 dBFS] [18.7 dB] [1.4 ppm]
4D200E (Aircraft, Airborne) -> 233925 (Ground station): Command
AVLC type: I sseq: 4 rseq: 7 poll: 0
 X.25 Data: grp: 11 chan: 255 sseq: 0 rseq: 2 more: 0
  X.25 reasm status: skipped
  X.233 CLNP Data (compressed header):
   LRef: 0x44 Prio: 11 Flags: 0xf6
   Lifetime: 20.0 sec
   PDU Id: 0x2db
   X.224 COTP Data Ack:
    dst_ref: 0x8a0f
    rseq: 0 credit: 1
    Flow control:
     Acked TPDU nr: 0
     Acked subsequence: 0
     Acked credit: 1
    ATN checksum: 58 0d 3b be

[2025-05-20 00:12:14 CEST] [136.975] [-12.5/-31.9 dBFS] [19.5 dB] [2.9 ppm]
48C230 (Aircraft, Airborne) -> 10985A (Ground station): Command
AVLC type: I sseq: 4 rseq: 5 poll: 0
 X.25 Data: grp: 11 chan: 255 sseq: 2 rseq: 3 more: 0
  X.25 reasm status: skipped
  X.233 CLNP Data (compressed header):
   LRef: 0x42 Prio: 11 Flags: 0xc0
   Lifetime: 50.0 sec
   PDU Id: 0xf6d
   X.224 COTP Data Ack:
    dst_ref: 0x8a0d
    rseq: 3 credit: 3
    Checksum: 2c 08

[2025-05-20 00:12:14 CEST] [136.975] [-12.2/-31.6 dBFS] [19.4 dB] [2.9 ppm]
48C230 (Aircraft, Airborne) -> 10985A (Ground station): Command
AVLC type: I sseq: 5 rseq: 5 poll: 0
 X.25 Data: grp: 11 chan: 255 sseq: 3 rseq: 3 more: 0
  X.25 reasm status: skipped
  X.233 CLNP Data (compressed header):
   LRef: 0x42 Prio: 11 Flags: 0xc0
   Lifetime: 50.0 sec
   PDU Id: 0xf6e
   X.224 COTP Data:
    dst_ref: 0x8a0d
    sseq: 2 req_of_ack: 0 EoT: 1
    COTP reasm status: skipped
    Checksum: 38 87
    CPDLC Downlink Message:
     Header:
      Msg ID: 2
      Msg Ref: 2
      Timestamp: 2025-05-19 22:12:12
      Logical ACK: notRequired
     Message data:
      LOGICAL ACKNOWLEDGMENT

[2025-05-20 00:12:37 CEST] [136.875] [-9.8/-30.9 dBFS] [21.2 dB] [3.2 ppm]
451E90 (Aircraft, Airborne) -> 266661 (Ground station): Response
AVLC type: U (XID) P/F: 1
 XID: Handoff Response
  Public params:
   Parameter set ID: 8885:1993
   Procedure classes: 00 01
   HDLC options: 20 a4 80
  VDL params:
   Parameter set ID: V
   Connection management: 01
   XID sequencing: seq: 4 retry: 0
   AVLC specific options: 25
   Destination airport: LEPA
   Aircraft location: 43.9N 4.9E 36000 ft

[2025-05-20 00:12:56 CEST] [136.725] [-13.7/-31.5 dBFS] [17.8 dB] [2.6 ppm]
407666 (Aircraft, Airborne) -> 11985A (Ground station): Command
AVLC type: I sseq: 1 rseq: 2 poll: 0
 X.25 Data: grp: 11 chan: 255 sseq: 7 rseq: 0 more: 0
  X.25 reasm status: skipped
  X.233 CLNP Data (compressed header):
   LRef: 0x41 Prio: 11 Flags: 0xf6
   Lifetime: 20.0 sec
   PDU Id: 0x2c9
   X.224 COTP Data Ack:
    dst_ref: 0x43de
    rseq: 2 credit: 2
    Flow control:
     Acked TPDU nr: 2
     Acked subsequence: 0
     Acked credit: 15
    ATN checksum: 78 a7 66 a4

[2025-05-20 00:12:59 CEST] [136.975] [-9.9/-31.1 dBFS] [21.2 dB] [3.5 ppm]
4D2221 (Aircraft, Airborne) -> 10952A (Ground station): Response
AVLC type: U (XID) P/F: 1
 XID: Handoff Response
  Public params:
   Parameter set ID: 8885:1993
   Procedure classes: 00 01
   HDLC options: 20 84 80
  VDL params:
   Parameter set ID: V
   XID sequencing: seq: 3 retry: 0
   Destination airport: LEMD
   Aircraft location: 44.0N 7.4E 0 ft
   AVLC specific options: 24
   Connection management: 01

[2025-05-20 00:13:02 CEST] [136.975] [-9.5/-31.9 dBFS] [22.4 dB] [3.8 ppm]
4D2221 (Aircraft, Airborne) -> 10952A (Ground station): Command
AVLC type: I sseq: 2 rseq: 4 poll: 0
 X.25 Data: grp: 11 chan: 254 sseq: 0 rseq: 2 more: 0
  X.25 reasm status: skipped
  X.233 CLNP Data (compressed header):
   LRef: 0x40 Prio: 14 Flags: 0xc0
   Lifetime: 50.0 sec
   PDU Id: 0x114d
   IDRP Open: seq: 1 ack: 1 credit_offered: 5 credit_avail: 3
    Hold Time: 900 seconds
    Max. PDU size: 3000 octets
    Source RDI: 47 00 27 41 52 59 52 00 4d 22 21	"G.'ARYR.M"!"
    RIB Attribute Set:
     RibAtt #0:
      Security:
       Reg ID: 06 04 2b 1b 00 00
    Auth mechanism: simple checksum

[2025-05-20 00:13:05 CEST] [136.975] [-9.5/-31.5 dBFS] [22.0 dB] [3.6 ppm]
4D2221 (Aircraft, Airborne) -> 10952A (Ground station): Command
AVLC type: I sseq: 5 rseq: 6 poll: 0
 X.25 Data: grp: 11 chan: 254 sseq: 3 rseq: 4 more: 0
  X.25 reasm status: skipped
  X.233 CLNP Data (compressed header):
   LRef: 0x40 Prio: 14 Flags: 0xc0
   Lifetime: 50.0 sec
   PDU Id: 0x114f
   IDRP Update: seq: 2 ack: 2 credit_offered: 4 credit_avail: 3
    Route:
     ID: 2
     Local preference: 0
    RD path:
     RD_SEQ:
      47 00 27 41 52 59 52 00 4d 22 21	"G.'ARYR.M"!"
    RD hop count: 1
    Security:
     Reg ID: 06 04 2b 1b 00 00
     Info:
      Supported ATSC classes: all
    Capacity: 13
    Reachability info:
     Protocol: CLNP
     Prefix length: 88
     Dest. address prefix: 47 00 27 41 52 59 52 00 4d 22 21	"G.'ARYR.M"!"

[2025-05-20 00:13:10 CEST] [136.775] [-10.1/-31.1 dBFS] [21.0 dB] [1.5 ppm]
4D200E (Aircraft, Airborne) -> 233925 (Ground station): Command
AVLC type: I sseq: 6 rseq: 1 poll: 0
 X.25 Data: grp: 11 chan: 255 sseq: 1 rseq: 4 more: 0
  X.25 reasm status: skipped
  X.233 CLNP Data (compressed header):
   LRef: 0x43 Prio: 11 Flags: 0xf6
   Lifetime: 20.0 sec
   PDU Id: 0x2dc
   X.224 COTP Data Ack:
    dst_ref: 0x43f0
    rseq: 5 credit: 3
    Flow control:
     Acked TPDU nr: 5
     Acked subsequence: 0
     Acked credit: 15
    ATN checksum: 2f c8 f1 b6

[2025-05-20 00:13:18 CEST] [136.675] [-8.3/-31.9 dBFS] [23.6 dB] [3.1 ppm]
4CA246 (Aircraft, Airborne) -> 11907A (Ground station): Command
AVLC type: I sseq: 6 rseq: 7 poll: 0
 X.25 Data: grp: 11 chan: 254 sseq: 4 rseq: 5 more: 0
  X.25 reasm status: skipped
  X.233 CLNP Data (compressed header):
   LRef: 0x0 Prio: 11 Flags: 0xc0
   Lifetime: 50.0 sec
   PDU Id: 0xfb0
   X.224 COTP Data Ack:
    dst_ref: 0x43ee
    rseq: 2 credit: 2
    Checksum: 68 83
    Flow control:
     Acked TPDU nr: 2
     Acked subsequence: 0
     Acked credit: 15

[2025-05-20 00:13:20 CEST] [136.725] [1.1/-31.3 dBFS] [32.4 dB] [3.5 ppm]
4D2215 (Aircraft, Airborne) -> 11985A (Ground station): Command
AVLC type: I sseq: 2 rseq: 3 poll: 0
 X.25 Data: grp: 11 chan: 255 sseq: 0 rseq: 1 more: 0
  X.25 reasm status: skipped
  X.233 CLNP Data (compressed header):
   LRef: 0x41 Prio: 11 Flags: 0xc0
   Lifetime: 50.0 sec
   PDU Id: 0xb00
   X.224 COTP Data Ack:
    dst_ref: 0x43f4
    rseq: 4 credit: 3
    Checksum: 47 99
    Flow control:
     Acked TPDU nr: 4
     Acked subsequence: 0
     Acked credit: 15

[2025-05-20 00:13:46 CEST] [136.725] [1.0/-31.3 dBFS] [32.3 dB] [3.7 ppm]
4D2215 (Aircraft, Airborne) -> 11985A (Ground station): Command
AVLC type: I sseq: 3 rseq: 3 poll: 0
 ACARS:
  Reassembly: skipped
  Reg: .9H-QBS Flight: FR336X
  Mode: 2 Label: 16 Blk id: 1 More: 0 Ack: ! Msg num: M23A
  Message:
   221345,,2313, 119,N   .    MMMM.MMM

[2025-05-20 00:14:08 CEST] [136.775] [-9.4/-31.4 dBFS] [22.0 dB] [1.5 ppm]
4D200E (Aircraft, Airborne) -> 233925 (Ground station): Command
AVLC type: I sseq: 7 rseq: 1 poll: 0
 X.25 Data: grp: 11 chan: 255 sseq: 2 rseq: 4 more: 0
  X.25 reasm status: skipped
  X.233 CLNP Data (compressed header):
   LRef: 0x44 Prio: 11 Flags: 0xf6
   Lifetime: 20.0 sec
   PDU Id: 0x2dd
   X.224 COTP Data Ack:
    dst_ref: 0x8a0f
    rseq: 0 credit: 1
    ATN checksum: df 7c 22 80

[2025-05-20 00:14:08 CEST] [136.775] [-9.4/-31.5 dBFS] [22.1 dB] [1.4 ppm]
4D200E (Aircraft, Airborne) -> 233925 (Ground station): Command
AVLC type: I sseq: 0 rseq: 2 poll: 0
 X.25 Data: grp: 11 chan: 255 sseq: 3 rseq: 5 more: 0
  X.25 reasm status: skipped
  X.233 CLNP Data (compressed header):
   LRef: 0x44 Prio: 11 Flags: 0xf6
   Lifetime: 20.0 sec
   PDU Id: 0x2de
   X.224 COTP Data Ack:
    dst_ref: 0x8a0f
    rseq: 0 credit: 1
    Flow control:
     Acked TPDU nr: 0
     Acked subsequence: 0
     Acked credit: 1
    ATN checksum: 58 0d 3b be

[2025-05-20 00:14:12 CEST] [136.975] [-15.9/-31.2 dBFS] [15.3 dB] [3.1 ppm]
4D2035 (Aircraft, Airborne) -> 109C2A (Ground station): Command
AVLC type: I sseq: 3 rseq: 4 poll: 0
 X.25 Data: grp: 11 chan: 255 sseq: 0 rseq: 1 more: 0
  X.25 reasm status: skipped
  X.233 CLNP Data (compressed header):
   LRef: 0x41 Prio: 11 Flags: 0xf6
   Lifetime: 20.0 sec
   PDU Id: 0x439
   X.224 COTP Data Ack:
    dst_ref: 0x43fb
    rseq: 2 credit: 2
    Flow control:
     Acked TPDU nr: 2
     Acked subsequence: 0
     Acked credit: 15
    ATN checksum: a3 8b ac bf

[2025-05-20 00:14:50 CEST] [136.675] [-10.4/-31.9 dBFS] [21.5 dB] [3.1 ppm]
4CA246 (Aircraft, Airborne) -> 11907A (Ground station): Command
AVLC type: I sseq: 7 rseq: 0 poll: 0
 X.25 Data: grp: 11 chan: 254 sseq: 5 rseq: 6 more: 0
  X.25 reasm status: skipped
  X.233 CLNP Data (compressed header):
   LRef: 0x0 Prio: 11 Flags: 0xc0
   Lifetime: 50.0 sec
   PDU Id: 0xfb1
   X.224 COTP Data Ack:
    dst_ref: 0x43ee
    rseq: 2 credit: 2
    Checksum: 68 83
    Flow control:
     Acked TPDU nr: 2
     Acked subsequence: 0
     Acked credit: 15

[2025-05-20 00:14:54 CEST] [136.725] [1.1/-31.3 dBFS] [32.4 dB] [3.2 ppm]
4D2215 (Aircraft, Airborne) -> 11985A (Ground station): Command
AVLC type: I sseq: 4 rseq: 5 poll: 0
 X.25 Data: grp: 11 chan: 255 sseq: 1 rseq: 2 more: 0
  X.25 reasm status: skipped
  X.233 CLNP Data (compressed header):
   LRef: 0x41 Prio: 11 Flags: 0xc0
   Lifetime: 50.0 sec
   PDU Id: 0xb01
   X.224 COTP Data Ack:
    dst_ref: 0x43f4
    rseq: 4 credit: 3
    Checksum: 47 99
    Flow control:
     Acked TPDU nr: 4
     Acked subsequence: 0
     Acked credit: 15

[2025-05-20 00:15:04 CEST] [136.875] [-4.3/-31.2 dBFS] [27.0 dB] [3.1 ppm]
451E90 (Aircraft, Airborne) -> 270CA1 (Ground station): Command
AVLC type: U (XID) P/F: 1
 XID: Handoff Initiation
  Public params:
   Parameter set ID: 8885:1993
   Procedure classes: 00 01
   HDLC options: 20 a4 80
  VDL params:
   Parameter set ID: V
   Connection management: 01
   XID sequencing: seq: 6 retry: 0
   AVLC specific options: 25
   Destination airport: LEPA
   Aircraft location: 43.7N 4.8E 37000 ft

[2025-05-20 00:16:00 CEST] [136.725] [-11.7/-31.4 dBFS] [19.7 dB] [2.4 ppm]
407666 (Aircraft, Airborne) -> 11985A (Ground station): Command
AVLC type: I sseq: 0 rseq: 1 poll: 0
 X.25 Data: grp: 11 chan: 255 sseq: 1 rseq: 2 more: 0
  X.25 reasm status: skipped
  X.233 CLNP Data (compressed header):
   LRef: 0x41 Prio: 11 Flags: 0xf6
   Lifetime: 20.0 sec
   PDU Id: 0x2cb
   X.224 COTP Data Ack:
    dst_ref: 0x43de
    rseq: 2 credit: 2
    Flow control:
     Acked TPDU nr: 2
     Acked subsequence: 0
     Acked credit: 15
    ATN checksum: 78 a7 66 a4

[2025-05-20 00:16:05 CEST] [136.975] [-7.7/-31.9 dBFS] [24.3 dB] [3.8 ppm]
4D2221 (Aircraft, Airborne) -> 10952A (Ground station): Command
AVLC type: I sseq: 6 rseq: 0 poll: 0
 ACARS:
  Reassembly: skipped
  Reg: .9H-QCH Flight: FR2014
  Mode: 2 Label: 16 Blk id: 5 More: 0 Ack: ! Msg num: M26A
  Message:
   221604,M114144,2345, 154,N 43.872 E  7.029

[2025-05-20 00:16:24 CEST] [136.725] [1.1/-31.5 dBFS] [32.5 dB] [3.0 ppm]
4D2215 (Aircraft, Airborne) -> 11985A (Ground station): Command
AVLC type: I sseq: 5 rseq: 6 poll: 0
 X.25 Data: grp: 11 chan: 255 sseq: 2 rseq: 3 more: 0
  X.25 reasm status: skipped
  X.233 CLNP Data (compressed header):
   LRef: 0x41 Prio: 11 Flags: 0xc0
   Lifetime: 50.0 sec
   PDU Id: 0xb02
   X.224 COTP Data Ack:
    dst_ref: 0x43f4
    rseq: 4 credit: 3
    Checksum: 47 99
    Flow control:
     Acked TPDU nr: 4
     Acked subsequence: 0
     Acked credit: 15

[2025-05-20 00:16:28 CEST] [136.725] [1.1/-31.5 dBFS] [32.5 dB] [2.9 ppm]
4D2215 (Aircraft, Airborne) -> 11985A (Ground station): Command
AVLC type: I sseq: 5 rseq: 6 poll: 0
 X.25 Data: grp: 11 chan: 255 sseq: 2 rseq: 3 more: 0
  X.25 reasm status: skipped
  X.233 CLNP Data (compressed header):
   LRef: 0x41 Prio: 11 Flags: 0xc0
   Lifetime: 50.0 sec
   PDU Id: 0xb02
   X.224 COTP Data Ack:
    dst_ref: 0x43f4
    rseq: 4 credit: 3
    Checksum: 47 99
    Flow control:
     Acked TPDU nr: 4
     Acked subsequence: 0
     Acked credit: 15

[2025-05-20 00:16:33 CEST] [136.725] [-5.9/-32.0 dBFS] [26.1 dB] [3.9 ppm]
4D2221 (Aircraft, Airborne) -> 11985A (Ground station): Command
AVLC type: U (XID) P/F: 1
 XID: Handoff Initiation
  Public params:
   Parameter set ID: 8885:1993
   Procedure classes: 00 01
   HDLC options: 20 84 80
  VDL params:
   Parameter set ID: V
   XID sequencing: seq: 1 retry: 0
   Destination airport: LEMD
   Aircraft location: 43.8N 6.9E 0 ft
   Alternate ground stations: 11984A
   AVLC specific options: 24
   Connection management: 01

