[2025-05-09 00:00:05 CEST] [136.725] [-8.5/-31.5 dBFS] [23.0 dB] [2.4 ppm]
49D41E (Aircraft, Airborne) -> 11985A (Ground station): Command
AVLC type: I sseq: 5 rseq: 5 poll: 0
 ACARS:
  Reassembly: skipped
  Reg: .OK-SWJ Flight: QS02TU
  Mode: 2 Label: B9 Blk id: 6 More: 0 Ack: ! Msg num: M53A
  Message:
   /LKPR.TI2/024LKPRA3CC0

[2025-05-09 00:00:06 CEST] [136.675] [-3.3/-32.1 dBFS] [28.8 dB] [1.7 ppm]
4CADBF (Aircraft, Airborne) -> 11907A (Ground station): Command
AVLC type: I sseq: 7 rseq: 0 poll: 0
 X.25 Data: grp: 11 chan: 254 sseq: 4 rseq: 5 more: 0
  X.25 reasm status: skipped
  X.233 CLNP Data (compressed header):
   LRef: 0x42 Prio: 11 Flags: 0xc0
   Lifetime: 50.0 sec
   PDU Id: 0x10d7
   X.224 COTP Data Ack:
    dst_ref: 0x870b
    rseq: 7 credit: 3
    Checksum: 38 fc

[2025-05-09 00:00:07 CEST] [136.675] [-3.3/-32.3 dBFS] [29.1 dB] [1.8 ppm]
4CADBF (Aircraft, Airborne) -> 11907A (Ground station): Command
AVLC type: I sseq: 0 rseq: 0 poll: 0
 X.25 Data: grp: 11 chan: 254 sseq: 5 rseq: 5 more: 0
  X.25 reasm status: skipped
  X.233 CLNP Data (compressed header):
   LRef: 0x42 Prio: 11 Flags: 0xc0
   Lifetime: 50.0 sec
   PDU Id: 0x10d8
   X.224 COTP Data:
    dst_ref: 0x870b
    sseq: 6 req_of_ack: 0 EoT: 1
    COTP reasm status: skipped
    Checksum: 03 dd
    CPDLC Downlink Message:
     Header:
      Msg ID: 6
      Msg Ref: 7
      Timestamp: 2025-05-08 22:00:05
      Logical ACK: notRequired
     Message data:
      LOGICAL ACKNOWLEDGMENT

[2025-05-09 00:00:17 CEST] [136.725] [-9.0/-32.0 dBFS] [22.9 dB] [2.5 ppm]
49D41E (Aircraft, Airborne) -> 11985A (Ground station): Command
AVLC type: I sseq: 0 rseq: 1 poll: 0
 X.25 Data: grp: 11 chan: 255 sseq: 2 rseq: 3 more: 0
  X.25 reasm status: skipped
  X.233 CLNP Data (compressed header):
   LRef: 0x41 Prio: 11 Flags: 0xc0
   Lifetime: 50.0 sec
   PDU Id: 0xd6a
   X.224 COTP Data Ack:
    dst_ref: 0x870c
    rseq: 4 credit: 3
    Checksum: 3a 4b
    Flow control:
     Acked TPDU nr: 4
     Acked subsequence: 0
     Acked credit: 15

[2025-05-09 00:00:49 CEST] [136.725] [-7.0/-31.8 dBFS] [24.8 dB] [2.7 ppm]
49D41E (Aircraft, Airborne) -> 11985A (Ground station): Command
AVLC type: I sseq: 1 rseq: 2 poll: 0
 X.25 Data: grp: 11 chan: 255 sseq: 3 rseq: 4 more: 0
  X.25 reasm status: skipped
  X.233 CLNP Data (compressed header):
   LRef: 0x41 Prio: 11 Flags: 0xc0
   Lifetime: 50.0 sec
   PDU Id: 0xd6b
   X.224 COTP Data Ack:
    dst_ref: 0x870c
    rseq: 5 credit: 3
    Checksum: 3b fa

[2025-05-09 00:00:49 CEST] [136.975] [-14.2/-32.2 dBFS] [17.9 dB] [3.1 ppm]
4D226B (Aircraft, Airborne) -> 10FA4A (Ground station): Command
AVLC type: I sseq: 7 rseq: 0 poll: 0
 X.25 Data: grp: 11 chan: 254 sseq: 4 rseq: 5 more: 0
  X.25 reasm status: skipped
  X.233 CLNP Data (compressed header):
   LRef: 0x0 Prio: 11 Flags: 0xc0
   Lifetime: 50.0 sec
   PDU Id: 0x17fd
   X.224 COTP Data Ack:
    dst_ref: 0x8715
    rseq: 2 credit: 2
    Checksum: 10 71
    Flow control:
     Acked TPDU nr: 2
     Acked subsequence: 0
     Acked credit: 15

[2025-05-09 00:00:50 CEST] [136.725] [-7.1/-31.5 dBFS] [24.4 dB] [2.6 ppm]
49D41E (Aircraft, Airborne) -> 11985A (Ground station): Command
AVLC type: I sseq: 2 rseq: 2 poll: 0
 X.25 Data: grp: 11 chan: 255 sseq: 4 rseq: 4 more: 0
  X.25 reasm status: skipped
  X.233 CLNP Data (compressed header):
   LRef: 0x41 Prio: 11 Flags: 0xc0
   Lifetime: 50.0 sec
   PDU Id: 0xd6c
   X.224 COTP Data:
    dst_ref: 0x870c
    sseq: 4 req_of_ack: 0 EoT: 1
    COTP reasm status: skipped
    Checksum: 87 29
    CPDLC Downlink Message:
     Header:
      Msg ID: 4
      Msg Ref: 5
      Timestamp: 2025-05-08 22:00:49
      Logical ACK: notRequired
     Message data:
      LOGICAL ACKNOWLEDGMENT

[2025-05-09 00:00:57 CEST] [136.975] [-12.5/-32.3 dBFS] [19.7 dB] [3.2 ppm]
4D226B (Aircraft, Airborne) -> 10FA5A (Ground station): Command
AVLC type: U (XID) P/F: 1
 XID: Handoff Initiation
  Public params:
   Parameter set ID: 8885:1993
   Procedure classes: 00 01
   HDLC options: 20 84 80
  VDL params:
   Parameter set ID: V
   XID sequencing: seq: 5 retry: 0
   Destination airport: EIDW
   Aircraft location: 43.5N 7.6E 0 ft
   Alternate ground stations: 10985A 10952A 10F69B 10F68A 10F63A 10907A 10F60A 10F66A
   AVLC specific options: 24
   Connection management: 01

[2025-05-09 00:01:40 CEST] [136.675] [-6.1/-32.6 dBFS] [26.5 dB] [1.7 ppm]
4CADBF (Aircraft, Airborne) -> 11907A (Ground station): Command
AVLC type: I sseq: 2 rseq: 3 poll: 0
 X.25 Data: grp: 11 chan: 254 sseq: 7 rseq: 0 more: 0
  X.25 reasm status: skipped
  X.233 CLNP Data (compressed header):
   LRef: 0x42 Prio: 11 Flags: 0xc0
   Lifetime: 50.0 sec
   PDU Id: 0x10da
   X.224 COTP Data Ack:
    dst_ref: 0x870b
    rseq: 7 credit: 3
    Checksum: 45 3b
    Flow control:
     Acked TPDU nr: 7
     Acked subsequence: 0
     Acked credit: 15

[2025-05-09 00:01:43 CEST] [136.975] [-13.5/-32.1 dBFS] [18.6 dB] [2.9 ppm]
4D2347 (Aircraft, Airborne) -> 10985A (Ground station): Command
AVLC type: I sseq: 3 rseq: 4 poll: 0
 X.25 Data: grp: 11 chan: 255 sseq: 1 rseq: 2 more: 0
  X.25 reasm status: skipped
  X.233 CLNP Data (compressed header):
   LRef: 0x41 Prio: 11 Flags: 0xc0
   Lifetime: 50.0 sec
   PDU Id: 0xa90
   X.224 COTP Data Ack:
    dst_ref: 0x870a
    rseq: 8 credit: 3
    Checksum: 39 fb

[2025-05-09 00:01:43 CEST] [136.975] [-13.6/-32.0 dBFS] [18.4 dB] [2.9 ppm]
4D2347 (Aircraft, Airborne) -> 10985A (Ground station): Command
AVLC type: I sseq: 4 rseq: 4 poll: 0
 X.25 Data: grp: 11 chan: 255 sseq: 2 rseq: 2 more: 0
  X.25 reasm status: skipped
  X.233 CLNP Data (compressed header):
   LRef: 0x41 Prio: 11 Flags: 0xc0
   Lifetime: 50.0 sec
   PDU Id: 0xa91
   X.224 COTP Data:
    dst_ref: 0x870a
    sseq: 7 req_of_ack: 0 EoT: 1
    COTP reasm status: skipped
    Checksum: f6 84
    CPDLC Downlink Message:
     Header:
      Msg ID: 7
      Msg Ref: 9
      Timestamp: 2025-05-08 22:01:41
      Logical ACK: notRequired
     Message data:
      LOGICAL ACKNOWLEDGMENT

[2025-05-09 00:01:47 CEST] [136.975] [-9.1/-32.3 dBFS] [23.2 dB] [3.0 ppm]
4D226B (Aircraft, Airborne) -> 10FA5A (Ground station): Command
AVLC type: I sseq: 2 rseq: 3 poll: 0
 X.25 Data: grp: 11 chan: 255 sseq: 0 rseq: 1 more: 0
  X.25 reasm status: skipped
  X.233 CLNP Data (compressed header):
   LRef: 0x0 Prio: 11 Flags: 0xc0
   Lifetime: 50.0 sec
   PDU Id: 0x17fe
   X.224 COTP Data Ack:
    dst_ref: 0x8715
    rseq: 3 credit: 2
    Checksum: 1d 13

[2025-05-09 00:01:48 CEST] [136.975] [-9.5/-32.4 dBFS] [22.9 dB] [3.0 ppm]
4D226B (Aircraft, Airborne) -> 10FA5A (Ground station): Command
AVLC type: I sseq: 3 rseq: 3 poll: 0
 X.25 Data: grp: 11 chan: 255 sseq: 1 rseq: 1 more: 0
  X.25 reasm status: skipped
  X.233 CLNP Data (compressed header):
   LRef: 0x0 Prio: 11 Flags: 0xc0
   Lifetime: 50.0 sec
   PDU Id: 0x17ff
   X.224 COTP Data:
    dst_ref: 0x8715
    sseq: 2 req_of_ack: 0 EoT: 1
    COTP reasm status: skipped
    Checksum: 84 27
    CPDLC Downlink Message:
     Header:
      Msg ID: 2
      Msg Ref: 3
      Timestamp: 2025-05-08 22:01:46
      Logical ACK: notRequired
     Message data:
      LOGICAL ACKNOWLEDGMENT

[2025-05-09 00:01:53 CEST] [136.675] [-10.8/-32.3 dBFS] [21.5 dB] [2.9 ppm]
4CAD3E (Aircraft, Airborne) -> 11907A (Ground station): Command
AVLC type: I sseq: 2 rseq: 2 poll: 0
 X.25 Data: grp: 11 chan: 255 sseq: 7 rseq: 7 more: 0
  X.25 reasm status: skipped
  X.233 CLNP Data (compressed header):
   LRef: 0x41 Prio: 11 Flags: 0xc0
   Lifetime: 50.0 sec
   PDU Id: 0x5df
   X.224 COTP Data Ack:
    dst_ref: 0x86f8
    rseq: 4 credit: 3
    Checksum: a4 a6

[2025-05-09 00:01:55 CEST] [136.975] [-12.6/-32.0 dBFS] [19.3 dB] [3.0 ppm]
4D2347 (Aircraft, Airborne) -> 10985A (Ground station): Command
AVLC type: I sseq: 5 rseq: 5 poll: 0
 X.25 Data: grp: 11 chan: 255 sseq: 3 rseq: 3 more: 0
  X.25 reasm status: skipped
  X.233 CLNP Data (compressed header):
   LRef: 0x41 Prio: 11 Flags: 0xc0
   Lifetime: 50.0 sec
   PDU Id: 0xa92
   X.224 COTP Data:
    dst_ref: 0x870a
    sseq: 8 req_of_ack: 0 EoT: 1
    COTP reasm status: skipped
    Checksum: a3 0e
    X.227 ACSE Release Response:
     Reason: normal
     CPDLC Downlink Message:
      Header:
       Msg ID: 8
       Msg Ref: 9
       Timestamp: 2025-05-08 22:01:53
       Logical ACK: notRequired
      Message data:
       WILCO

[2025-05-09 00:01:56 CEST] [136.975] [-9.5/-31.9 dBFS] [22.4 dB] [3.0 ppm]
4D226B (Aircraft, Airborne) -> 10FA5A (Ground station): Command
AVLC type: I sseq: 4 rseq: 4 poll: 0
 X.25 Data: grp: 11 chan: 255 sseq: 2 rseq: 2 more: 0
  X.25 reasm status: skipped
  X.233 CLNP Data (compressed header):
   LRef: 0x0 Prio: 11 Flags: 0xc0
   Lifetime: 50.0 sec
   PDU Id: 0x1800
   X.224 COTP Data:
    dst_ref: 0x8715
    sseq: 3 req_of_ack: 0 EoT: 1
    COTP reasm status: skipped
    Checksum: ab 8b
    CPDLC Downlink Message:
     Header:
      Msg ID: 3
      Msg Ref: 3
      Timestamp: 2025-05-08 22:01:55
      Logical ACK: required
     Message data:
      WILCO

[2025-05-09 00:01:56 CEST] [136.975] [-12.9/-32.3 dBFS] [19.4 dB] [2.7 ppm]
4D2347 (Aircraft, Airborne) -> 10985A (Ground station): Command
AVLC type: I sseq: 6 rseq: 7 poll: 0
 X.25 Data: grp: 11 chan: 255 sseq: 4 rseq: 5 more: 0
  X.25 reasm status: skipped
  X.233 CLNP Data (compressed header):
   LRef: 0x41 Prio: 11 Flags: 0xc0
   Lifetime: 50.0 sec
   PDU Id: 0xa93
   X.224 COTP Disconnect Confirm:
    src_ref: 0x0012 dst_ref: 0x870a
    Checksum: 20 ac

[2025-05-09 00:01:57 CEST] [136.975] [-9.4/-31.9 dBFS] [22.5 dB] [3.1 ppm]
4D226B (Aircraft, Airborne) -> 10FA5A (Ground station): Command
AVLC type: I sseq: 5 rseq: 6 poll: 0
 X.25 Data: grp: 11 chan: 255 sseq: 3 rseq: 4 more: 0
  X.25 reasm status: skipped
  X.233 CLNP Data (compressed header):
   LRef: 0x0 Prio: 11 Flags: 0xc0
   Lifetime: 50.0 sec
   PDU Id: 0x1801
   X.224 COTP Data Ack:
    dst_ref: 0x8715
    rseq: 4 credit: 3
    Checksum: 12 1c

[2025-05-09 00:02:23 CEST] [136.725] [-9.5/-31.5 dBFS] [22.0 dB] [2.5 ppm]
49D41E (Aircraft, Airborne) -> 11985A (Ground station): Command
AVLC type: I sseq: 4 rseq: 5 poll: 0
 X.25 Data: grp: 11 chan: 255 sseq: 6 rseq: 7 more: 0
  X.25 reasm status: skipped
  X.233 CLNP Data (compressed header):
   LRef: 0x41 Prio: 11 Flags: 0xc0
   Lifetime: 50.0 sec
   PDU Id: 0xd6e
   X.224 COTP Data Ack:
    dst_ref: 0x870c
    rseq: 5 credit: 3
    Checksum: 3c 47
    Flow control:
     Acked TPDU nr: 5
     Acked subsequence: 0
     Acked credit: 15

[2025-05-09 00:02:59 CEST] [136.725] [-13.4/-31.9 dBFS] [18.5 dB] [-0.8 ppm]
04C11A (Aircraft, Airborne) -> 11984A (Ground station): Command
AVLC type: I sseq: 0 rseq: 1 poll: 0
 X.25 Data: grp: 11 chan: 254 sseq: 5 rseq: 6 more: 0
  X.25 reasm status: skipped
  X.233 CLNP Data (compressed header):
   LRef: 0x0 Prio: 11 Flags: 0xc0
   Lifetime: 50.0 sec
   PDU Id: 0x293
   X.224 COTP Data Ack:
    dst_ref: 0x8716
    rseq: 2 credit: 2
    Checksum: 0b 75
    Flow control:
     Acked TPDU nr: 2
     Acked subsequence: 0
     Acked credit: 15

[2025-05-09 00:03:01 CEST] [136.675] [-9.9/-31.9 dBFS] [22.0 dB] [1.9 ppm]
4CADBF (Aircraft, Airborne) -> 11907A (Ground station): Command
AVLC type: I sseq: 3 rseq: 4 poll: 0
 X.25 Data: grp: 11 chan: 254 sseq: 0 rseq: 1 more: 0
  X.25 reasm status: skipped
  X.233 CLNP Data (compressed header):
   LRef: 0x42 Prio: 11 Flags: 0xc0
   Lifetime: 50.0 sec
   PDU Id: 0x10db
   X.224 COTP Data Ack:
    dst_ref: 0x870b
    rseq: 8 credit: 3
    Checksum: 34 00

[2025-05-09 00:03:01 CEST] [136.675] [-9.8/-32.2 dBFS] [22.4 dB] [1.7 ppm]
4CADBF (Aircraft, Airborne) -> 11907A (Ground station): Command
AVLC type: I sseq: 4 rseq: 4 poll: 0
 X.25 Data: grp: 11 chan: 254 sseq: 1 rseq: 1 more: 0
  X.25 reasm status: skipped
  X.233 CLNP Data (compressed header):
   LRef: 0x42 Prio: 11 Flags: 0xc0
   Lifetime: 50.0 sec
   PDU Id: 0x10dc
   X.224 COTP Data:
    dst_ref: 0x870b
    sseq: 7 req_of_ack: 0 EoT: 1
    COTP reasm status: skipped
    Checksum: 9e de
    CPDLC Downlink Message:
     Header:
      Msg ID: 7
      Msg Ref: 9
      Timestamp: 2025-05-08 22:02:59
      Logical ACK: notRequired
     Message data:
      LOGICAL ACKNOWLEDGMENT

[2025-05-09 00:03:15 CEST] [136.675] [-12.7/-32.5 dBFS] [19.9 dB] [2.0 ppm]
4CADBF (Aircraft, Airborne) -> 11907A (Ground station): Command
AVLC type: I sseq: 5 rseq: 5 poll: 0
 X.25 Data: grp: 11 chan: 254 sseq: 2 rseq: 2 more: 0
  X.25 reasm status: skipped
  X.233 CLNP Data (compressed header):
   LRef: 0x42 Prio: 11 Flags: 0xc0
   Lifetime: 50.0 sec
   PDU Id: 0x10dd
   X.224 COTP Data:
    dst_ref: 0x870b
    sseq: 8 req_of_ack: 0 EoT: 1
    COTP reasm status: skipped
    Checksum: cd a3
    X.227 ACSE Release Response:
     Reason: normal
     CPDLC Downlink Message:
      Header:
       Msg ID: 8
       Msg Ref: 9
       Timestamp: 2025-05-08 22:03:13
       Logical ACK: notRequired
      Message data:
       WILCO

[2025-05-09 00:03:16 CEST] [136.675] [-12.9/-32.4 dBFS] [19.5 dB] [1.8 ppm]
4CADBF (Aircraft, Airborne) -> 11907A (Ground station): Command
AVLC type: I sseq: 6 rseq: 7 poll: 0
 X.25 Data: grp: 11 chan: 254 sseq: 3 rseq: 4 more: 0
  X.25 reasm status: skipped
  X.233 CLNP Data (compressed header):
   LRef: 0x42 Prio: 11 Flags: 0xc0
   Lifetime: 50.0 sec
   PDU Id: 0x10de
   X.224 COTP Disconnect Confirm:
    src_ref: 0x001b dst_ref: 0x870b
    Checksum: f5 cc

[2025-05-09 00:03:29 CEST] [136.975] [-16.1/-31.7 dBFS] [15.6 dB] [2.6 ppm]
4D226B (Aircraft, Airborne) -> 10FA5A (Ground station): Command
AVLC type: I sseq: 6 rseq: 7 poll: 0
 X.25 Data: grp: 11 chan: 255 sseq: 4 rseq: 5 more: 0
  X.25 reasm status: skipped
  X.233 CLNP Data (compressed header):
   LRef: 0x0 Prio: 11 Flags: 0xc0
   Lifetime: 50.0 sec
   PDU Id: 0x1802
   X.224 COTP Data Ack:
    dst_ref: 0x8715
    rseq: 4 credit: 3
    Checksum: 0d 6f
    Flow control:
     Acked TPDU nr: 4
     Acked subsequence: 0
     Acked credit: 15

[2025-05-09 00:03:55 CEST] [136.725] [-8.7/-32.0 dBFS] [23.3 dB] [2.3 ppm]
49D41E (Aircraft, Airborne) -> 11985A (Ground station): Command
AVLC type: I sseq: 5 rseq: 6 poll: 0
 X.25 Data: grp: 11 chan: 255 sseq: 7 rseq: 0 more: 0
  X.25 reasm status: skipped
  X.233 CLNP Data (compressed header):
   LRef: 0x41 Prio: 11 Flags: 0xc0
   Lifetime: 50.0 sec
   PDU Id: 0xd6f
   X.224 COTP Data Ack:
    dst_ref: 0x870c
    rseq: 5 credit: 3
    Checksum: 3c 47
    Flow control:
     Acked TPDU nr: 5
     Acked subsequence: 0
     Acked credit: 15

[2025-05-09 00:04:02 CEST] [136.675] [-10.9/-32.1 dBFS] [21.1 dB] [1.8 ppm]
4CADBF (Aircraft, Airborne) -> 11907A (Ground station): Command
AVLC type: I sseq: 7 rseq: 7 poll: 0
 ACARS:
  Reassembly: skipped
  Reg: .EI-IGM Flight: FR20FQ
  Mode: 2 Label: 16 Blk id: 2 More: 0 Ack: ! Msg num: M99A
  Message:
   220400,37992,2307, 102,N 44.421 E  6.556

[2025-05-09 00:04:31 CEST] [136.725] [-12.3/-32.6 dBFS] [20.3 dB] [3.1 ppm]
4CA84D (Aircraft, Airborne) -> 11985A (Ground station): Command
AVLC type: I sseq: 0 rseq: 3 poll: 0
 X.25 Data: grp: 11 chan: 255 sseq: 5 rseq: 0 more: 0
  X.25 reasm status: skipped
  X.233 CLNP Data (compressed header):
   LRef: 0x41 Prio: 11 Flags: 0xc0
   Lifetime: 50.0 sec
   PDU Id: 0x125b
   X.224 COTP Data Ack:
    dst_ref: 0x8713
    rseq: 5 credit: 3
    Checksum: 19 63
    Flow control:
     Acked TPDU nr: 5
     Acked subsequence: 0
     Acked credit: 15

[2025-05-09 00:04:38 CEST] [136.975] [-7.6/-31.5 dBFS] [23.9 dB] [2.2 ppm]
49D41E (Aircraft, Airborne) -> 10985A (Ground station): Command
AVLC type: U (XID) P/F: 1
 XID: Handoff Initiation
  Public params:
   Parameter set ID: 8885:1993
   Procedure classes: 00 01
   HDLC options: 20 84 80
  VDL params:
   Parameter set ID: V
   XID sequencing: seq: 6 retry: 0
   Destination airport: LKPR
   Aircraft location: 43.5N 7.2E 0 ft
   Alternate ground stations: 10952A
   AVLC specific options: 24
   Connection management: 01

[2025-05-09 00:04:43 CEST] [136.725] [-3.0/-32.0 dBFS] [29.0 dB] [2.4 ppm]
503CF9 (Aircraft, Airborne) -> 11984A (Ground station): Command
AVLC type: I sseq: 7 rseq: 7 poll: 0
 ACARS:
  Reassembly: skipped
  Reg: .LY-NVF Flight: X90725
  Mode: 2 Label: 80 Blk id: 5 More: 0 Ack: ! Msg num: M39A
  Message:
   3N01 POSRPT 0725/08 LFPO/DTTA .LY-NVF
   /POS N44021E005267/ALT +39002/MCH 785/FOB 0052/ETA 2321

[2025-05-09 00:04:46 CEST] [136.725] [-14.0/-32.0 dBFS] [18.0 dB] [4.5 ppm]
4CA61B (Aircraft, Airborne) -> 11984A (Ground station): Command
AVLC type: I sseq: 5 rseq: 6 poll: 0
 X.25 Data: grp: 11 chan: 254 sseq: 3 rseq: 4 more: 0
  X.25 reasm status: skipped
  X.233 CLNP Data (compressed header):
   LRef: 0x41 Prio: 11 Flags: 0xc0
   Lifetime: 50.0 sec
   PDU Id: 0x998
   X.224 COTP Data Ack:
    dst_ref: 0x871c
    rseq: 2 credit: 2
    Checksum: ec 8d
    Flow control:
     Acked TPDU nr: 2
     Acked subsequence: 0
     Acked credit: 15

[2025-05-09 00:04:53 CEST] [136.975] [-7.2/-32.2 dBFS] [24.9 dB] [2.3 ppm]
49D41E (Aircraft, Airborne) -> 10985A (Ground station): Command
AVLC type: I sseq: 2 rseq: 3 poll: 0
 X.25 Data: grp: 11 chan: 254 sseq: 0 rseq: 1 more: 0
  X.25 reasm status: skipped
  X.233 CLNP Data (compressed header):
   LRef: 0x41 Prio: 11 Flags: 0xc0
   Lifetime: 50.0 sec
   PDU Id: 0xd70
   X.224 COTP Data Ack:
    dst_ref: 0x870c
    rseq: 6 credit: 3
    Checksum: 37 fd

[2025-05-09 00:04:53 CEST] [136.975] [-7.1/-32.1 dBFS] [25.0 dB] [2.4 ppm]
49D41E (Aircraft, Airborne) -> 10985A (Ground station): Command
AVLC type: I sseq: 3 rseq: 3 poll: 0
 X.25 Data: grp: 11 chan: 254 sseq: 1 rseq: 1 more: 0
  X.25 reasm status: skipped
  X.233 CLNP Data (compressed header):
   LRef: 0x41 Prio: 11 Flags: 0xc0
   Lifetime: 50.0 sec
   PDU Id: 0xd71
   X.224 COTP Data:
    dst_ref: 0x870c
    sseq: 5 req_of_ack: 0 EoT: 1
    COTP reasm status: skipped
    Checksum: 3e 71
    CPDLC Downlink Message:
     Header:
      Msg ID: 5
      Msg Ref: 7
      Timestamp: 2025-05-08 22:04:52
      Logical ACK: notRequired
     Message data:
      LOGICAL ACKNOWLEDGMENT

[2025-05-09 00:04:58 CEST] [136.675] [-10.7/-31.7 dBFS] [21.0 dB] [2.7 ppm]
4CAD3E (Aircraft, Airborne) -> 11907A (Ground station): Command
AVLC type: I sseq: 5 rseq: 6 poll: 0
 X.25 Data: grp: 11 chan: 255 sseq: 2 rseq: 3 more: 0
  X.25 reasm status: skipped
  X.233 CLNP Data (compressed header):
   LRef: 0x41 Prio: 11 Flags: 0xc0
   Lifetime: 50.0 sec
   PDU Id: 0x5e2
   X.224 COTP Data Ack:
    dst_ref: 0x86f8
    rseq: 4 credit: 3
    Checksum: 9f f9
    Flow control:
     Acked TPDU nr: 4
     Acked subsequence: 0
     Acked credit: 15

[2025-05-09 00:05:01 CEST] [136.975] [-14.2/-32.0 dBFS] [17.9 dB] [2.5 ppm]
4D226B (Aircraft, Airborne) -> 10FA5A (Ground station): Command
AVLC type: I sseq: 0 rseq: 1 poll: 0
 X.25 Data: grp: 11 chan: 255 sseq: 6 rseq: 7 more: 0
  X.25 reasm status: skipped
  X.233 CLNP Data (compressed header):
   LRef: 0x0 Prio: 11 Flags: 0xc0
   Lifetime: 50.0 sec
   PDU Id: 0x1804
   X.224 COTP Data Ack:
    dst_ref: 0x8715
    rseq: 4 credit: 3
    Checksum: 0d 6f
    Flow control:
     Acked TPDU nr: 4
     Acked subsequence: 0
     Acked credit: 15

[2025-05-09 00:05:02 CEST] [136.975] [-8.0/-32.0 dBFS] [24.0 dB] [2.4 ppm]
49D41E (Aircraft, Airborne) -> 10985A (Ground station): Command
AVLC type: I sseq: 4 rseq: 4 poll: 0
 X.25 Data: grp: 11 chan: 254 sseq: 2 rseq: 2 more: 0
  X.25 reasm status: skipped
  X.233 CLNP Data (compressed header):
   LRef: 0x41 Prio: 11 Flags: 0xc0
   Lifetime: 50.0 sec
   PDU Id: 0xd72
   X.224 COTP Data:
    dst_ref: 0x870c
    sseq: 6 req_of_ack: 0 EoT: 1
    COTP reasm status: skipped
    Checksum: 9a c8
    X.227 ACSE Release Response:
     Reason: normal
     CPDLC Downlink Message:
      Header:
       Msg ID: 6
       Msg Ref: 7
       Timestamp: 2025-05-08 22:05:01
       Logical ACK: notRequired
      Message data:
       WILCO

[2025-05-09 00:05:03 CEST] [136.975] [-7.4/-32.4 dBFS] [25.0 dB] [2.3 ppm]
49D41E (Aircraft, Airborne) -> 10985A (Ground station): Command
AVLC type: I sseq: 5 rseq: 6 poll: 0
 X.25 Data: grp: 11 chan: 254 sseq: 3 rseq: 4 more: 0
  X.25 reasm status: skipped
  X.233 CLNP Data (compressed header):
   LRef: 0x41 Prio: 11 Flags: 0xc0
   Lifetime: 50.0 sec
   PDU Id: 0xd73
   X.224 COTP Disconnect Confirm:
    src_ref: 0x0011 dst_ref: 0x870c
    Checksum: 18 b3

[2025-05-09 00:05:11 CEST] [136.725] [-11.7/-31.9 dBFS] [20.2 dB] [3.3 ppm]
4CA84D (Aircraft, Airborne) -> 11985A (Ground station): Command
AVLC type: I sseq: 1 rseq: 4 poll: 0
 X.25 Data: grp: 11 chan: 255 sseq: 6 rseq: 1 more: 0
  X.25 reasm status: skipped
  X.233 CLNP Data (compressed header):
   LRef: 0x41 Prio: 11 Flags: 0xc0
   Lifetime: 50.0 sec
   PDU Id: 0x125c
   X.224 COTP Data Ack:
    dst_ref: 0x8713
    rseq: 6 credit: 3
    Checksum: 14 1a

[2025-05-09 00:05:11 CEST] [136.725] [-12.1/-32.0 dBFS] [20.0 dB] [3.2 ppm]
4CA84D (Aircraft, Airborne) -> 11985A (Ground station): Command
AVLC type: I sseq: 2 rseq: 4 poll: 0
 X.25 Data: grp: 11 chan: 255 sseq: 7 rseq: 1 more: 0
  X.25 reasm status: skipped
  X.233 CLNP Data (compressed header):
   LRef: 0x41 Prio: 11 Flags: 0xc0
   Lifetime: 50.0 sec
   PDU Id: 0x125d
   X.224 COTP Data:
    dst_ref: 0x8713
    sseq: 5 req_of_ack: 0 EoT: 1
    COTP reasm status: skipped
    Checksum: 94 6c
    CPDLC Downlink Message:
     Header:
      Msg ID: 5
      Msg Ref: 7
      Timestamp: 2025-05-08 22:05:10
      Logical ACK: notRequired
     Message data:
      LOGICAL ACKNOWLEDGMENT

[2025-05-09 00:05:18 CEST] [136.725] [-11.9/-31.8 dBFS] [19.9 dB] [3.2 ppm]
4CA84D (Aircraft, Airborne) -> 11985A (Ground station): Command
AVLC type: I sseq: 3 rseq: 5 poll: 0
 X.25 Data: grp: 11 chan: 255 sseq: 0 rseq: 2 more: 0
  X.25 reasm status: skipped
  X.233 CLNP Data (compressed header):
   LRef: 0x41 Prio: 11 Flags: 0xc0
   Lifetime: 50.0 sec
   PDU Id: 0x125e
   X.224 COTP Data:
    dst_ref: 0x8713
    sseq: 6 req_of_ack: 0 EoT: 1
    COTP reasm status: skipped
    Checksum: 67 84
    X.227 ACSE Release Response:
     Reason: normal
     CPDLC Downlink Message:
      Header:
       Msg ID: 6
       Msg Ref: 7
       Timestamp: 2025-05-08 22:05:17
       Logical ACK: notRequired
      Message data:
       WILCO

[2025-05-09 00:05:19 CEST] [136.725] [-13.0/-32.0 dBFS] [19.0 dB] [3.5 ppm]
4CA84D (Aircraft, Airborne) -> 11985A (Ground station): Command
AVLC type: I sseq: 4 rseq: 7 poll: 0
 X.25 Data: grp: 11 chan: 255 sseq: 1 rseq: 4 more: 0
  X.25 reasm status: skipped
  X.233 CLNP Data (compressed header):
   LRef: 0x41 Prio: 11 Flags: 0xc0
   Lifetime: 50.0 sec
   PDU Id: 0x125f
   X.224 COTP Disconnect Confirm:
    src_ref: 0x0005 dst_ref: 0x8713
    Checksum: 1e b2

[2025-05-09 00:06:04 CEST] [136.725] [0.2/-32.3 dBFS] [32.5 dB] [2.0 ppm]
503CF9 (Aircraft, Airborne) -> 1190AA (Ground station): Command
AVLC type: U (XID) P/F: 1
 XID: Handoff Initiation
  Public params:
   Parameter set ID: 8885:1993
   Procedure classes: 00 01
   HDLC options: 20 a4 80
  VDL params:
   Parameter set ID: V
   Connection management: 01
   XID sequencing: seq: 2 retry: 0
   AVLC specific options: 25
   Destination airport: DTTA
   Aircraft location: 43.8N 5.5E 38000 ft

[2025-05-09 00:06:13 CEST] [136.725] [-11.4/-31.8 dBFS] [20.3 dB] [3.8 ppm]
4D2225 (Aircraft, Airborne) -> 11985A (Ground station): Command
AVLC type: I sseq: 5 rseq: 6 poll: 0
 X.25 Data: grp: 11 chan: 255 sseq: 2 rseq: 3 more: 0
  X.25 reasm status: skipped
  X.233 CLNP Data (compressed header):
   LRef: 0x41 Prio: 11 Flags: 0xc0
   Lifetime: 50.0 sec
   PDU Id: 0x11a7
   X.224 COTP Connect Confirm:
    src_ref: 0x0019 dst_ref: 0x8722
    Initial Credit: 1
    Protocol class: 4
    Options: 00 (use normal PDU formats)
    Calling transport selector: 70 6d
    Called/responding transport selector: 02 02
    TPDU size (bytes): 512
    Checksum: 95 87
    Additional options: 0x00
    Ack time (ms): 1000
    Priority: 3
    Inactivity timer (ms): 360000
    X.225 Session SPDU: Short Accept
     X.227 ACSE Associate Response:
      Application context name: { 1.3.27.3.1 }
      Associate result: accept
      ATCDownlinkMessage: <empty PDU>

[2025-05-09 00:06:14 CEST] [136.725] [-11.7/-31.7 dBFS] [20.0 dB] [3.9 ppm]
4D2225 (Aircraft, Airborne) -> 11985A (Ground station): Command
AVLC type: I sseq: 6 rseq: 7 poll: 0
 X.25 Data: grp: 11 chan: 255 sseq: 3 rseq: 4 more: 0
  X.25 reasm status: skipped
  X.233 CLNP Data (compressed header):
   LRef: 0x41 Prio: 11 Flags: 0xc0
   Lifetime: 50.0 sec
   PDU Id: 0x11a8
   X.224 COTP Data:
    dst_ref: 0x8722
    sseq: 0 req_of_ack: 0 EoT: 1
    COTP reasm status: skipped
    Checksum: 6d 32
    CPDLC Downlink Message:
     Header:
      Msg ID: 0
      Timestamp: 2025-05-08 22:06:12
      Logical ACK: required
     Message data:
      CURRENT DATA AUTHORITY

[2025-05-09 00:06:15 CEST] [136.725] [-11.8/-32.0 dBFS] [20.2 dB] [3.6 ppm]
4D2225 (Aircraft, Airborne) -> 11985A (Ground station): Command
AVLC type: I sseq: 7 rseq: 1 poll: 0
 X.25 Data: grp: 11 chan: 255 sseq: 4 rseq: 6 more: 0
  X.25 reasm status: skipped
  X.233 CLNP Data (compressed header):
   LRef: 0x41 Prio: 11 Flags: 0xc0
   Lifetime: 50.0 sec
   PDU Id: 0x11a9
   X.224 COTP Data Ack:
    dst_ref: 0x8722
    rseq: 1 credit: 2
    Checksum: e3 41

[2025-05-09 00:06:16 CEST] [136.725] [-11.7/-31.5 dBFS] [19.8 dB] [3.5 ppm]
4D2225 (Aircraft, Airborne) -> 11985A (Ground station): Command
AVLC type: I sseq: 0 rseq: 2 poll: 0
 X.25 Data: grp: 11 chan: 255 sseq: 5 rseq: 7 more: 0
  X.25 reasm status: skipped
  X.233 CLNP Data (compressed header):
   LRef: 0x41 Prio: 11 Flags: 0xc0
   Lifetime: 50.0 sec
   PDU Id: 0x11aa
   X.224 COTP Data Ack:
    dst_ref: 0x8722
    rseq: 2 credit: 2
    Checksum: df 44

[2025-05-09 00:06:17 CEST] [136.725] [-11.8/-31.5 dBFS] [19.7 dB] [3.8 ppm]
4D2225 (Aircraft, Airborne) -> 11985A (Ground station): Command
AVLC type: I sseq: 1 rseq: 2 poll: 0
 X.25 Data: grp: 11 chan: 255 sseq: 6 rseq: 7 more: 0
  X.25 reasm status: skipped
  X.233 CLNP Data (compressed header):
   LRef: 0x41 Prio: 11 Flags: 0xc0
   Lifetime: 50.0 sec
   PDU Id: 0x11ab
   X.224 COTP Data:
    dst_ref: 0x8722
    sseq: 1 req_of_ack: 0 EoT: 1
    COTP reasm status: skipped
    Checksum: 3e f6
    CPDLC Downlink Message:
     Header:
      Msg ID: 1
      Msg Ref: 2
      Timestamp: 2025-05-08 22:06:16
      Logical ACK: notRequired
     Message data:
      LOGICAL ACKNOWLEDGMENT

[2025-05-09 00:06:25 CEST] [136.725] [-3.6/-31.6 dBFS] [28.0 dB] [2.3 ppm]
503CF9 (Aircraft, Airborne) -> 11984A (Ground station): Command
AVLC type: U (XID) P/F: 1
 XID: Handoff Initiation
  Public params:
   Parameter set ID: 8885:1993
   Procedure classes: 00 01
   HDLC options: 20 a4 80
  VDL params:
   Parameter set ID: V
   Connection management: 01
   XID sequencing: seq: 3 retry: 0
   AVLC specific options: 25
   Destination airport: DTTA
   Aircraft location: 43.8N 5.6E 38000 ft

[2025-05-09 00:06:33 CEST] [136.975] [-10.5/-32.1 dBFS] [21.7 dB] [2.4 ppm]
4D226B (Aircraft, Airborne) -> 10FA5A (Ground station): Command
AVLC type: I sseq: 1 rseq: 2 poll: 0
 X.25 Data: grp: 11 chan: 255 sseq: 7 rseq: 0 more: 0
  X.25 reasm status: skipped
  X.233 CLNP Data (compressed header):
   LRef: 0x0 Prio: 11 Flags: 0xc0
   Lifetime: 50.0 sec
   PDU Id: 0x1805
   X.224 COTP Data Ack:
    dst_ref: 0x8715
    rseq: 4 credit: 3
    Checksum: 0d 6f
    Flow control:
     Acked TPDU nr: 4
     Acked subsequence: 0
     Acked credit: 15

[2025-05-09 00:06:36 CEST] [136.775] [-10.6/-31.4 dBFS] [20.8 dB] [3.6 ppm]
4D2529 (Aircraft, Airborne) -> 233925 (Ground station): Command
AVLC type: I sseq: 5 rseq: 0 poll: 0
 X.25 Data: grp: 11 chan: 255 sseq: 2 rseq: 5 more: 0
  X.25 reasm status: skipped
  X.233 CLNP Data (compressed header):
   LRef: 0x41 Prio: 11 Flags: 0xf6
   Lifetime: 20.0 sec
   PDU Id: 0x3f0
   X.224 COTP Data Ack:
    dst_ref: 0x870d
    rseq: 5 credit: 3
    Flow control:
     Acked TPDU nr: 5
     Acked subsequence: 0
     Acked credit: 15
    ATN checksum: f0 6c c2 00

[2025-05-09 00:06:47 CEST] [136.975] [-13.0/-31.9 dBFS] [18.9 dB] [4.4 ppm]
4D2218 (Aircraft, Airborne) -> 10FA5A (Ground station): Command
AVLC type: U (XID) P/F: 1
 XID: Handoff Initiation
  Public params:
   Parameter set ID: 8885:1993
   Procedure classes: 00 01
   HDLC options: 20 84 80
  VDL params:
   Parameter set ID: V
   XID sequencing: seq: 6 retry: 1
   Destination airport: LEBL
   Aircraft location: 44.0N 7.3E 0 ft
   Alternate ground stations: 10985A 10952A 10F63A 10F68A 10F69B 10907A 10F66A 10984A
   AVLC specific options: 24
   Connection management: 01

[2025-05-09 00:06:50 CEST] [136.775] [-15.4/-32.2 dBFS] [16.8 dB] [3.6 ppm]
4CADE6 (Aircraft, Airborne) -> 11FA4A (Ground station): Command
AVLC type: U (XID) P/F: 1
 XID: Link Establishment
  Public params:
   Parameter set ID: 8885:1993
   Procedure classes: 00 01
   HDLC options: 20 84 80
  VDL params:
   Parameter set ID: V
   XID sequencing: seq: 0 retry: 0
   Modulation support: VDL-M2, D8PSK, 31500 bps
   Destination airport: EGPH
   Aircraft location: 43.3N 7.6E 38000 ft
   AVLC specific options: 24
   Connection management: 00

[2025-05-09 00:06:57 CEST] [136.725] [-8.4/-31.5 dBFS] [23.1 dB] [4.4 ppm]
4CA61B (Aircraft, Airborne) -> 11984A (Ground station): Command
AVLC type: I sseq: 7 rseq: 0 poll: 0
 X.25 Data: grp: 11 chan: 254 sseq: 5 rseq: 6 more: 0
  X.25 reasm status: skipped
  X.233 CLNP Data (compressed header):
   LRef: 0x41 Prio: 11 Flags: 0xc0
   Lifetime: 50.0 sec
   PDU Id: 0x99a
   X.224 COTP Data Ack:
    dst_ref: 0x871c
    rseq: 3 credit: 2
    Checksum: f9 2f

[2025-05-09 00:06:58 CEST] [136.725] [-8.1/-31.8 dBFS] [23.7 dB] [4.4 ppm]
4CA61B (Aircraft, Airborne) -> 11984A (Ground station): Command
AVLC type: I sseq: 0 rseq: 0 poll: 0
 X.25 Data: grp: 11 chan: 254 sseq: 6 rseq: 6 more: 0
  X.25 reasm status: skipped
  X.233 CLNP Data (compressed header):
   LRef: 0x41 Prio: 11 Flags: 0xc0
   Lifetime: 50.0 sec
   PDU Id: 0x99b
   X.224 COTP Data:
    dst_ref: 0x871c
    sseq: 2 req_of_ack: 0 EoT: 1
    COTP reasm status: skipped
    Checksum: fd ad
    CPDLC Downlink Message:
     Header:
      Msg ID: 2
      Msg Ref: 3
      Timestamp: 2025-05-08 22:06:56
      Logical ACK: notRequired
     Message data:
      LOGICAL ACKNOWLEDGMENT

[2025-05-09 00:07:09 CEST] [136.775] [-11.7/-31.9 dBFS] [20.2 dB] [3.5 ppm]
4CADE6 (Aircraft, Airborne) -> 11FA4A (Ground station): Command
AVLC type: U (XID) P/F: 1
 XID: Link Establishment
  Public params:
   Parameter set ID: 8885:1993
   Procedure classes: 00 01
   HDLC options: 20 84 80
  VDL params:
   Parameter set ID: V
   XID sequencing: seq: 0 retry: 2
   Modulation support: VDL-M2, D8PSK, 31500 bps
   Destination airport: EGPH
   Aircraft location: 43.3N 7.6E 38000 ft
   AVLC specific options: 24
   Connection management: 00

[2025-05-09 00:07:09 CEST] [136.775] [-12.1/-31.7 dBFS] [19.6 dB] [3.6 ppm]
4D2529 (Aircraft, Airborne) -> 233925 (Ground station): Command
AVLC type: I sseq: 7 rseq: 1 poll: 0
 ACARS:
  Reassembly: skipped
  Reg: .9H-WNC Flight: W605WQ
  Mode: 2 Label: 17 Blk id: 2 More: 0 Ack: ! Msg num: M92A
  Message:
   220706,36002,2339, 13840,N 43.598,E  7.247,08MAY25,25644,  39,- 55

[2025-05-09 00:07:10 CEST] [136.725] [-8.6/-32.1 dBFS] [23.5 dB] [4.5 ppm]
4CA61B (Aircraft, Airborne) -> 11984A (Ground station): Command
AVLC type: I sseq: 1 rseq: 1 poll: 0
 X.25 Data: grp: 11 chan: 254 sseq: 7 rseq: 7 more: 0
  X.25 reasm status: skipped
  X.233 CLNP Data (compressed header):
   LRef: 0x41 Prio: 11 Flags: 0xc0
   Lifetime: 50.0 sec
   PDU Id: 0x99c
   X.224 COTP Data:
    dst_ref: 0x871c
    sseq: 3 req_of_ack: 0 EoT: 1
    COTP reasm status: skipped
    Checksum: 85 5b
    CPDLC Downlink Message:
     Header:
      Msg ID: 3
      Msg Ref: 3
      Timestamp: 2025-05-08 22:07:09
      Logical ACK: required
     Message data:
      WILCO

[2025-05-09 00:07:11 CEST] [136.725] [-8.9/-31.9 dBFS] [23.0 dB] [4.5 ppm]
4CA61B (Aircraft, Airborne) -> 11984A (Ground station): Command
AVLC type: I sseq: 2 rseq: 3 poll: 0
 X.25 Data: grp: 11 chan: 254 sseq: 0 rseq: 1 more: 0
  X.25 reasm status: skipped
  X.233 CLNP Data (compressed header):
   LRef: 0x41 Prio: 11 Flags: 0xc0
   Lifetime: 50.0 sec
   PDU Id: 0x99d
   X.224 COTP Data Ack:
    dst_ref: 0x871c
    rseq: 4 credit: 3
    Checksum: ee 38

[2025-05-09 00:07:19 CEST] [136.775] [-11.0/-32.0 dBFS] [21.0 dB] [3.4 ppm]
4CADE6 (Aircraft, Airborne) -> 11FA4A (Ground station): Command
AVLC type: U (XID) P/F: 1
 XID: Link Establishment
  Public params:
   Parameter set ID: 8885:1993
   Procedure classes: 00 01
   HDLC options: 20 84 80
  VDL params:
   Parameter set ID: V
   XID sequencing: seq: 0 retry: 3
   Modulation support: VDL-M2, D8PSK, 31500 bps
   Destination airport: EGPH
   Aircraft location: 43.3N 7.6E 38000 ft
   AVLC specific options: 24
   Connection management: 00

[2025-05-09 00:07:32 CEST] [136.775] [-11.9/-31.7 dBFS] [19.9 dB] [3.6 ppm]
4CADE6 (Aircraft, Airborne) -> 11FA4A (Ground station): Command
AVLC type: U (XID) P/F: 1
 XID: Link Establishment
  Public params:
   Parameter set ID: 8885:1993
   Procedure classes: 00 01
   HDLC options: 20 84 80
  VDL params:
   Parameter set ID: V
   XID sequencing: seq: 0 retry: 4
   Modulation support: VDL-M2, D8PSK, 31500 bps
   Destination airport: EGPH
   Aircraft location: 43.3N 7.6E 38000 ft
   AVLC specific options: 24
   Connection management: 00

[2025-05-09 00:07:45 CEST] [136.775] [-10.6/-31.4 dBFS] [20.8 dB] [3.4 ppm]
4CADE6 (Aircraft, Airborne) -> 11FA4A (Ground station): Command
AVLC type: U (XID) P/F: 1
 XID: Link Establishment
  Public params:
   Parameter set ID: 8885:1993
   Procedure classes: 00 01
   HDLC options: 20 84 80
  VDL params:
   Parameter set ID: V
   XID sequencing: seq: 0 retry: 5
   Modulation support: VDL-M2, D8PSK, 31500 bps
   Destination airport: EGPH
   Aircraft location: 43.3N 7.6E 38000 ft
   AVLC specific options: 24
   Connection management: 00

[2025-05-09 00:07:50 CEST] [136.725] [-7.7/-31.9 dBFS] [24.2 dB] [3.7 ppm]
4D2225 (Aircraft, Airborne) -> 11985A (Ground station): Command
AVLC type: I sseq: 2 rseq: 4 poll: 0
 X.25 Data: grp: 11 chan: 255 sseq: 7 rseq: 1 more: 0
  X.25 reasm status: skipped
  X.233 CLNP Data (compressed header):
   LRef: 0x41 Prio: 11 Flags: 0xc0
   Lifetime: 50.0 sec
   PDU Id: 0x11ac
   X.224 COTP Data Ack:
    dst_ref: 0x8722
    rseq: 2 credit: 2
    Checksum: ce a5
    Flow control:
     Acked TPDU nr: 2
     Acked subsequence: 0
     Acked credit: 15

[2025-05-09 00:07:59 CEST] [136.775] [-10.4/-31.5 dBFS] [21.1 dB] [3.3 ppm]
4CADE6 (Aircraft, Airborne) -> 11FA7A (Ground station): Command
AVLC type: U (XID) P/F: 1
 XID: Link Establishment
  Public params:
   Parameter set ID: 8885:1993
   Procedure classes: 00 01
   HDLC options: 20 84 80
  VDL params:
   Parameter set ID: V
   XID sequencing: seq: 1 retry: 0
   Modulation support: VDL-M2, D8PSK, 31500 bps
   Destination airport: EGPH
   Aircraft location: 43.4N 7.5E 37000 ft
   AVLC specific options: 24
   Connection management: 00

[2025-05-09 00:08:08 CEST] [136.775] [-9.9/-31.6 dBFS] [21.7 dB] [3.3 ppm]
4CADE6 (Aircraft, Airborne) -> 11FA7A (Ground station): Command
AVLC type: U (XID) P/F: 1
 XID: Link Establishment
  Public params:
   Parameter set ID: 8885:1993
   Procedure classes: 00 01
   HDLC options: 20 84 80
  VDL params:
   Parameter set ID: V
   XID sequencing: seq: 1 retry: 1
   Modulation support: VDL-M2, D8PSK, 31500 bps
   Destination airport: EGPH
   Aircraft location: 43.4N 7.5E 37000 ft
   AVLC specific options: 24
   Connection management: 00

[2025-05-09 00:08:23 CEST] [136.775] [-12.4/-31.8 dBFS] [19.4 dB] [3.5 ppm]
4CADE6 (Aircraft, Airborne) -> 11FA7A (Ground station): Command
AVLC type: I sseq: 2 rseq: 3 poll: 0
 X.25 Data: grp: 11 chan: 255 sseq: 0 rseq: 2 more: 0
  X.25 reasm status: skipped
  X.233 CLNP Data (compressed header):
   LRef: 0x40 Prio: 14 Flags: 0xc0
   Lifetime: 50.0 sec
   PDU Id: 0x108f
   IDRP Open: seq: 1 ack: 1 credit_offered: 5 credit_avail: 2
    Hold Time: 900 seconds
    Max. PDU size: 3000 octets
    Source RDI: 47 00 27 41 52 59 52 00 4c ad e6	"G.'ARYR.L.."
    RIB Attribute Set:
     RibAtt #0:
      Security:
       Reg ID: 06 04 2b 1b 00 00
    Auth mechanism: simple checksum

[2025-05-09 00:08:26 CEST] [136.975] [-5.9/-32.1 dBFS] [26.2 dB] [3.3 ppm]
4CADE6 (Aircraft, Airborne) -> 11FA7A (Ground station): Command
AVLC type: I sseq: 4 rseq: 5 poll: 0
 ACARS:
  Reassembly: skipped
  Reg: .EI-IHA Flight: FR307W
  Mode: 2 Label: 16 Blk id: 3 More: 0 Ack: ! Msg num: M06A
  Message:
   220732,38004,0018, 142,N 43.446 E  7.578

[2025-05-09 00:08:27 CEST] [136.975] [-5.9/-32.2 dBFS] [26.3 dB] [3.2 ppm]
4CADE6 (Aircraft, Airborne) -> 10FA7A (Ground station): Command
AVLC type: U (XID) P/F: 1
 XID: Handoff Initiation
  Public params:
   Parameter set ID: 8885:1993
   Procedure classes: 00 01
   HDLC options: 20 84 80
  VDL params:
   Parameter set ID: V
   XID sequencing: seq: 2 retry: 0
   Destination airport: EGPH
   Aircraft location: 43.5N 7.4E 38000 ft
   AVLC specific options: 24
   Connection management: 01

[2025-05-09 00:08:28 CEST] [136.975] [-5.7/-32.1 dBFS] [26.4 dB] [3.5 ppm]
4CADE6 (Aircraft, Airborne) -> 11FA7A (Ground station): Command
AVLC type: I sseq: 5 rseq: 5 poll: 0
 X.25 Data: grp: 11 chan: 255 sseq: 2 rseq: 3 more: 0
  X.25 reasm status: skipped
  X.233 CLNP Data (compressed header):
   LRef: 0x40 Prio: 14 Flags: 0xc0
   Lifetime: 50.0 sec
   PDU Id: 0x1090
   IDRP Update: seq: 2 ack: 1 credit_offered: 5 credit_avail: 2
    Route:
     ID: 2
     Local preference: 0
    RD path:
     RD_SEQ:
      47 00 27 41 52 59 52 00 4c ad e6	"G.'ARYR.L.."
    RD hop count: 1
    Security:
     Reg ID: 06 04 2b 1b 00 00
     Info:
      Supported ATSC classes: all
    Capacity: 13
    Reachability info:
     Protocol: CLNP
     Prefix length: 88
     Dest. address prefix: 47 00 27 41 52 59 52 00 4c ad e6	"G.'ARYR.L.."

[2025-05-09 00:08:36 CEST] [136.975] [-8.3/-31.7 dBFS] [23.4 dB] [3.3 ppm]
4CADE6 (Aircraft, Airborne) -> 10FA7A (Ground station): Command
AVLC type: U (XID) P/F: 1
 XID: Handoff Initiation
  Public params:
   Parameter set ID: 8885:1993
   Procedure classes: 00 01
   HDLC options: 20 84 80
  VDL params:
   Parameter set ID: V
   XID sequencing: seq: 2 retry: 1
   Destination airport: EGPH
   Aircraft location: 43.5N 7.4E 38000 ft
   AVLC specific options: 24
   Connection management: 01

[2025-05-09 00:08:43 CEST] [136.725] [-8.9/-31.9 dBFS] [23.0 dB] [4.5 ppm]
4CA61B (Aircraft, Airborne) -> 11984A (Ground station): Command
AVLC type: I sseq: 4 rseq: 4 poll: 0
 X.25 Data: grp: 11 chan: 254 sseq: 2 rseq: 2 more: 0
  X.25 reasm status: skipped
  X.233 CLNP Data (compressed header):
   LRef: 0x41 Prio: 11 Flags: 0xc0
   Lifetime: 50.0 sec
   PDU Id: 0x99f
   X.224 COTP Data Ack:
    dst_ref: 0x871c
    rseq: 4 credit: 3
    Checksum: e9 8b
    Flow control:
     Acked TPDU nr: 4
     Acked subsequence: 0
     Acked credit: 15

[2025-05-09 00:08:46 CEST] [136.975] [-6.6/-31.8 dBFS] [25.2 dB] [3.2 ppm]
4CADE6 (Aircraft, Airborne) -> 10FA7A (Ground station): Command
AVLC type: U (XID) P/F: 1
 XID: Handoff Initiation
  Public params:
   Parameter set ID: 8885:1993
   Procedure classes: 00 01
   HDLC options: 20 84 80
  VDL params:
   Parameter set ID: V
   XID sequencing: seq: 2 retry: 2
   Destination airport: EGPH
   Aircraft location: 43.5N 7.4E 38000 ft
   AVLC specific options: 24
   Connection management: 01

[2025-05-09 00:08:54 CEST] [136.975] [-8.9/-32.3 dBFS] [23.4 dB] [3.2 ppm]
4CADE6 (Aircraft, Airborne) -> 10FA7A (Ground station): Command
AVLC type: U (XID) P/F: 1
 XID: Handoff Initiation
  Public params:
   Parameter set ID: 8885:1993
   Procedure classes: 00 01
   HDLC options: 20 84 80
  VDL params:
   Parameter set ID: V
   XID sequencing: seq: 2 retry: 3
   Destination airport: EGPH
   Aircraft location: 43.5N 7.4E 38000 ft
   AVLC specific options: 24
   Connection management: 01

[2025-05-09 00:09:05 CEST] [136.975] [-10.2/-31.9 dBFS] [21.6 dB] [3.4 ppm]
4CADE6 (Aircraft, Airborne) -> 10FA7A (Ground station): Command
AVLC type: U (XID) P/F: 1
 XID: Handoff Initiation
  Public params:
   Parameter set ID: 8885:1993
   Procedure classes: 00 01
   HDLC options: 20 84 80
  VDL params:
   Parameter set ID: V
   XID sequencing: seq: 2 retry: 4
   Destination airport: EGPH
   Aircraft location: 43.5N 7.4E 38000 ft
   AVLC specific options: 24
   Connection management: 01

[2025-05-09 00:09:19 CEST] [136.975] [-7.9/-31.8 dBFS] [23.9 dB] [3.2 ppm]
4CADE6 (Aircraft, Airborne) -> 10FA7A (Ground station): Command
AVLC type: U (XID) P/F: 1
 XID: Handoff Initiation
  Public params:
   Parameter set ID: 8885:1993
   Procedure classes: 00 01
   HDLC options: 20 84 80
  VDL params:
   Parameter set ID: V
   XID sequencing: seq: 2 retry: 5
   Destination airport: EGPH
   Aircraft location: 43.5N 7.4E 38000 ft
   AVLC specific options: 24
   Connection management: 01

[2025-05-09 00:09:22 CEST] [136.725] [-6.4/-31.8 dBFS] [25.4 dB] [3.7 ppm]
4D2225 (Aircraft, Airborne) -> 11985A (Ground station): Command
AVLC type: I sseq: 3 rseq: 5 poll: 0
 X.25 Data: grp: 11 chan: 255 sseq: 0 rseq: 2 more: 0
  X.25 reasm status: skipped
  X.233 CLNP Data (compressed header):
   LRef: 0x41 Prio: 11 Flags: 0xc0
   Lifetime: 50.0 sec
   PDU Id: 0x11ad
   X.224 COTP Data Ack:
    dst_ref: 0x8722
    rseq: 2 credit: 2
    Checksum: ce a5
    Flow control:
     Acked TPDU nr: 2
     Acked subsequence: 0
     Acked credit: 15

[2025-05-09 00:09:31 CEST] [136.975] [-9.7/-32.5 dBFS] [22.9 dB] [3.3 ppm]
4CADE6 (Aircraft, Airborne) -> 10985A (Ground station): Response
AVLC type: U (DM) P/F: 0

[2025-05-09 00:09:34 CEST] [136.975] [-10.8/-31.7 dBFS] [20.9 dB] [3.3 ppm]
4CADE6 (Aircraft, Airborne) -> 10952A (Ground station): Command
AVLC type: U (XID) P/F: 1
 XID: Link Establishment
  Public params:
   Parameter set ID: 8885:1993
   Procedure classes: 00 01
   HDLC options: 20 84 80
  VDL params:
   Parameter set ID: V
   XID sequencing: seq: 0 retry: 0
   Modulation support: VDL-M2, D8PSK, 31500 bps
   Destination airport: EGPH
   Aircraft location: 43.6N 7.3E 38000 ft
   Alternate ground stations: 10985A 10F63A 10F68A 10F69B 10F60A 10FA4A
   AVLC specific options: 24
   Connection management: 00

[2025-05-09 00:09:35 CEST] [136.975] [-9.8/-32.0 dBFS] [22.2 dB] [3.1 ppm]
4CADE6 (Aircraft, Airborne) -> 10952A (Ground station): Command
AVLC type: I sseq: 1 rseq: 0 poll: 0
 ACARS:
  Reassembly: skipped
  Reg: .EI-IHA Flight: FR307W
  Mode: 2 Label: 16 Blk id: 3 More: 0 Ack: ! Msg num: M06A
  Message:
   220732,38004,0018, 142,N 43.446 E  7.578

[2025-05-09 00:09:36 CEST] [136.975] [-9.3/-31.8 dBFS] [22.5 dB] [3.3 ppm]
4CADE6 (Aircraft, Airborne) -> 10952A (Ground station): Command
AVLC type: I sseq: 2 rseq: 3 poll: 0
 X.25 Data: grp: 11 chan: 255 sseq: 0 rseq: 2 more: 0
  X.25 reasm status: skipped
  X.233 CLNP Data (compressed header):
   LRef: 0x40 Prio: 14 Flags: 0xc0
   Lifetime: 50.0 sec
   PDU Id: 0x1095
   IDRP Open: seq: 1 ack: 1 credit_offered: 5 credit_avail: 3
    Hold Time: 900 seconds
    Max. PDU size: 3000 octets
    Source RDI: 47 00 27 41 52 59 52 00 4c ad e6	"G.'ARYR.L.."
    RIB Attribute Set:
     RibAtt #0:
      Security:
       Reg ID: 06 04 2b 1b 00 00
    Auth mechanism: simple checksum

[2025-05-09 00:09:37 CEST] [136.975] [-9.2/-31.9 dBFS] [22.7 dB] [3.4 ppm]
4CADE6 (Aircraft, Airborne) -> 10952A (Ground station): Command
AVLC type: I sseq: 3 rseq: 6 poll: 0
 ACARS:
  Reassembly: skipped
  Reg: .EI-IHA Flight: FR307W
  Mode: 2 Label: SA Blk id: 4 More: 0 Ack: ! Msg num: S38A
  Message:
   0E22208252/
  Media Advisory, version 0:
   Link VDL2 established at 22:08:25 UTC
   Available links: VDL2

[2025-05-09 00:09:38 CEST] [136.975] [-10.8/-31.9 dBFS] [21.1 dB] [3.4 ppm]
4CADE6 (Aircraft, Airborne) -> 10952A (Ground station): Command
AVLC type: I sseq: 5 rseq: 6 poll: 0
 X.25 Data: grp: 11 chan: 255 sseq: 2 rseq: 4 more: 0
  X.25 reasm status: skipped
  X.233 CLNP Data (compressed header):
   LRef: 0x40 Prio: 14 Flags: 0xc0
   Lifetime: 50.0 sec
   PDU Id: 0x1096
   IDRP Update: seq: 2 ack: 2 credit_offered: 5 credit_avail: 3
    Route:
     ID: 2
     Local preference: 0
    RD path:
     RD_SEQ:
      47 00 27 41 52 59 52 00 4c ad e6	"G.'ARYR.L.."
    RD hop count: 1
    Security:
     Reg ID: 06 04 2b 1b 00 00
     Info:
      Supported ATSC classes: all
    Capacity: 13
    Reachability info:
     Protocol: CLNP
     Prefix length: 88
     Dest. address prefix: 47 00 27 41 52 59 52 00 4c ad e6	"G.'ARYR.L.."

[2025-05-09 00:09:39 CEST] [136.975] [-11.9/-31.6 dBFS] [19.7 dB] [3.3 ppm]
4CADE6 (Aircraft, Airborne) -> 10952A (Ground station): Command
AVLC type: I sseq: 6 rseq: 7 poll: 0
 ACARS:
  Reassembly: skipped
  Reg: .EI-IHA Flight: FR307W
  Mode: 2 Label: SA Blk id: 5 More: 0 Ack: ! Msg num: S39A
  Message:
   0E22209362/
  Media Advisory, version 0:
   Link VDL2 established at 22:09:36 UTC
   Available links: VDL2

[2025-05-09 00:09:41 CEST] [136.975] [-3.9/-31.9 dBFS] [28.1 dB] [2.3 ppm]
4D226B (Aircraft, Airborne) -> 10FA5A (Ground station): Command
AVLC type: I sseq: 4 rseq: 5 poll: 0
 X.25 Data: grp: 11 chan: 255 sseq: 2 rseq: 3 more: 0
  X.25 reasm status: skipped
  X.233 CLNP Data (compressed header):
   LRef: 0x0 Prio: 11 Flags: 0xc0
   Lifetime: 50.0 sec
   PDU Id: 0x1808
   X.224 COTP Data Ack:
    dst_ref: 0x8715
    rseq: 4 credit: 3
    Checksum: 0d 6f
    Flow control:
     Acked TPDU nr: 4
     Acked subsequence: 0
     Acked credit: 15

[2025-05-09 00:09:42 CEST] [136.975] [-13.5/-31.6 dBFS] [18.1 dB] [3.4 ppm]
4CADE6 (Aircraft, Airborne) -> 10952A (Ground station): Command
AVLC type: I sseq: 7 rseq: 2 poll: 0
 X.25 Data: grp: 11 chan: 255 sseq: 3 rseq: 6 more: 0
  X.25 reasm status: skipped
  X.233 CLNP Data (compressed header):
   LRef: 0x41 Prio: 11 Flags: 0xc0
   Lifetime: 50.0 sec
   PDU Id: 0x1097
   X.224 COTP Disconnect Confirm:
    src_ref: 0x0007 dst_ref: 0x8717
    Checksum: fd cc

[2025-05-09 00:10:15 CEST] [136.725] [-4.8/-33.5 dBFS] [28.8 dB] [4.4 ppm]
4CA61B (Aircraft, Airborne) -> 11984A (Ground station): Command
AVLC type: I sseq: 5 rseq: 6 poll: 0
 X.25 Data: grp: 11 chan: 254 sseq: 3 rseq: 4 more: 0
  X.25 reasm status: skipped
  X.233 CLNP Data (compressed header):
   LRef: 0x41 Prio: 11 Flags: 0xc0
   Lifetime: 50.0 sec
   PDU Id: 0x9a0
   X.224 COTP Data Ack:
    dst_ref: 0x871c
    rseq: 4 credit: 3
    Checksum: e9 8b
    Flow control:
     Acked TPDU nr: 4
     Acked subsequence: 0
     Acked credit: 15

[2025-05-09 00:10:16 CEST] [136.725] [-14.3/-33.1 dBFS] [18.8 dB] [2.1 ppm]
4D2038 (Aircraft, Airborne) -> 11984A (Ground station): Command
AVLC type: I sseq: 0 rseq: 0 poll: 0
 X.25 Data: grp: 11 chan: 255 sseq: 0 rseq: 0 more: 0
  X.25 reasm status: skipped
  X.233 CLNP Data (compressed header):
   LRef: 0x0 Prio: 11 Flags: 0xf6
   Lifetime: 20.0 sec
   PDU Id: 0x425
   X.224 COTP Data Ack:
    dst_ref: 0x8720
    rseq: 8 credit: 3
    Flow control:
     Acked TPDU nr: 8
     Acked subsequence: 0
     Acked credit: 15
    ATN checksum: 34 ba 77 bc

[2025-05-09 00:10:35 CEST] [136.975] [-14.8/-32.3 dBFS] [17.5 dB] [3.3 ppm]
4CADE6 (Aircraft, Airborne) -> 10952A (Ground station): Command
AVLC type: I sseq: 1 rseq: 5 poll: 0
 X.25 Data: grp: 11 chan: 255 sseq: 5 rseq: 1 more: 0
  X.25 reasm status: skipped
  X.233 CLNP Data (compressed header):
   LRef: 0x41 Prio: 11 Flags: 0xc0
   Lifetime: 50.0 sec
   PDU Id: 0x1099
   X.224 COTP Data:
    dst_ref: 0x8724
    sseq: 0 req_of_ack: 0 EoT: 1
    COTP reasm status: skipped
    Checksum: 66 86
    CPDLC Downlink Message:
     Header:
      Msg ID: 0
      Timestamp: 2025-05-08 22:10:33
      Logical ACK: required
     Message data:
      CURRENT DATA AUTHORITY

[2025-05-09 00:10:37 CEST] [136.975] [-15.3/-32.4 dBFS] [17.0 dB] [3.3 ppm]
4CADE6 (Aircraft, Airborne) -> 10952A (Ground station): Command
AVLC type: I sseq: 2 rseq: 7 poll: 0
 X.25 Data: grp: 11 chan: 255 sseq: 6 rseq: 3 more: 0
  X.25 reasm status: skipped
  X.233 CLNP Data (compressed header):
   LRef: 0x41 Prio: 11 Flags: 0xc0
   Lifetime: 50.0 sec
   PDU Id: 0x109a
   X.224 COTP Data Ack:
    dst_ref: 0x8724
    rseq: 1 credit: 2
    Checksum: d9 49

[2025-05-09 00:11:04 CEST] [136.725] [-13.5/-31.6 dBFS] [18.1 dB] [3.5 ppm]
440170 (Aircraft, Airborne) -> 11985A (Ground station): Command
AVLC type: I sseq: 6 rseq: 0 poll: 0
 X.25 Data: grp: 11 chan: 255 sseq: 7 rseq: 2 more: 0
  X.25 reasm status: skipped
  X.233 CLNP Data (compressed header):
   LRef: 0x42 Prio: 11 Flags: 0xf6
   Lifetime: 20.0 sec
   PDU Id: 0x22d
   X.224 COTP Data Ack:
    dst_ref: 0x8711
    rseq: 5 credit: 3
    Flow control:
     Acked TPDU nr: 5
     Acked subsequence: 0
     Acked credit: 15
    ATN checksum: c5 77 e1 0a

[2025-05-09 00:11:07 CEST] [136.975] [-7.0/-31.9 dBFS] [24.9 dB] [2.2 ppm]
4D226B (Aircraft, Airborne) -> 10FA5A (Ground station): Command
AVLC type: I sseq: 5 rseq: 5 poll: 0
 ACARS:
  Reassembly: skipped
  Reg: .9H-QCA Flight: FR168Z
  Mode: 2 Label: 16 Blk id: 7 More: 0 Ack: ! Msg num: M53A
  Message:
   221105,M114672,0006, 190,N 44.454 E  6.649

[2025-05-09 00:11:09 CEST] [136.975] [-7.8/-31.9 dBFS] [24.1 dB] [2.3 ppm]
4D226B (Aircraft, Airborne) -> 10FA5A (Ground station): Command
AVLC type: I sseq: 6 rseq: 7 poll: 0
 X.25 Data: grp: 11 chan: 255 sseq: 3 rseq: 4 more: 0
  X.25 reasm status: skipped
  X.233 CLNP Data (compressed header):
   LRef: 0x0 Prio: 11 Flags: 0xc0
   Lifetime: 50.0 sec
   PDU Id: 0x1809
   X.224 COTP Data Ack:
    dst_ref: 0x8715
    rseq: 4 credit: 3
    Checksum: 0d 6f
    Flow control:
     Acked TPDU nr: 4
     Acked subsequence: 0
     Acked credit: 15

[2025-05-09 00:11:25 CEST] [136.725] [-6.7/-32.0 dBFS] [25.3 dB] [3.5 ppm]
4D2225 (Aircraft, Airborne) -> 11984A (Ground station): Response
AVLC type: U (XID) P/F: 1
 XID: Handoff Response
  Public params:
   Parameter set ID: 8885:1993
   Procedure classes: 00 01
   HDLC options: 20 84 80
  VDL params:
   Parameter set ID: V
   XID sequencing: seq: 1 retry: 2
   Destination airport: LEGE
   Aircraft location: 43.8N 6.7E 0 ft
   AVLC specific options: 24
   Connection management: 01

[2025-05-09 00:11:34 CEST] [136.725] [-3.8/-31.8 dBFS] [28.0 dB] [3.8 ppm]
4D2225 (Aircraft, Airborne) -> 11984A (Ground station): Command
AVLC type: I sseq: 2 rseq: 2 poll: 0
 ACARS:
  Reassembly: skipped
  Reg: .9H-QEN Flight: FR7984
  Mode: 2 Label: B9 Blk id: 7 More: 0 Ack: ! Msg num: M95A
  Message:
   /LEGE.TI2/024LEGEAC28D

[2025-05-09 00:11:45 CEST] [136.725] [-4.7/-32.0 dBFS] [27.3 dB] [3.8 ppm]
4D2225 (Aircraft, Airborne) -> 11984A (Ground station): Command
AVLC type: I sseq: 5 rseq: 6 poll: 0
 X.25 Data: grp: 11 chan: 254 sseq: 0 rseq: 1 more: 0
  X.25 reasm status: skipped
  X.233 CLNP Data (compressed header):
   LRef: 0x41 Prio: 11 Flags: 0xc0
   Lifetime: 50.0 sec
   PDU Id: 0x11af
   X.224 COTP Data Ack:
    dst_ref: 0x8722
    rseq: 3 credit: 2
    Checksum: db 47

[2025-05-09 00:11:46 CEST] [136.725] [-4.5/-32.2 dBFS] [27.7 dB] [3.8 ppm]
4D2225 (Aircraft, Airborne) -> 11984A (Ground station): Command
AVLC type: I sseq: 6 rseq: 6 poll: 0
 X.25 Data: grp: 11 chan: 254 sseq: 1 rseq: 1 more: 0
  X.25 reasm status: skipped
  X.233 CLNP Data (compressed header):
   LRef: 0x41 Prio: 11 Flags: 0xc0
   Lifetime: 50.0 sec
   PDU Id: 0x11b0
   X.224 COTP Data:
    dst_ref: 0x8722
    sseq: 2 req_of_ack: 0 EoT: 1
    COTP reasm status: skipped
    Checksum: 9c a1
    CPDLC Downlink Message:
     Header:
      Msg ID: 2
      Msg Ref: 3
      Timestamp: 2025-05-08 22:11:45
      Logical ACK: notRequired
     Message data:
      ERROR
       Error information: insufficientResources
      FREE TEXT
       UPLINK DELAYED IN NETWORK AND REJECTED. RESEND OR CONTACT BY VOICE

[2025-05-09 00:11:47 CEST] [136.725] [-8.0/-32.0 dBFS] [24.0 dB] [4.2 ppm]
4CA61B (Aircraft, Airborne) -> 11984A (Ground station): Command
AVLC type: I sseq: 6 rseq: 7 poll: 0
 X.25 Data: grp: 11 chan: 254 sseq: 4 rseq: 5 more: 0
  X.25 reasm status: skipped
  X.233 CLNP Data (compressed header):
   LRef: 0x41 Prio: 11 Flags: 0xc0
   Lifetime: 50.0 sec
   PDU Id: 0x9a1
   X.224 COTP Data Ack:
    dst_ref: 0x871c
    rseq: 4 credit: 3
    Checksum: e9 8b
    Flow control:
     Acked TPDU nr: 4
     Acked subsequence: 0
     Acked credit: 15

[2025-05-09 00:12:04 CEST] [136.725] [-3.6/-32.5 dBFS] [28.8 dB] [4.1 ppm]
4CA61B (Aircraft, Airborne) -> 11984A (Ground station): Command
AVLC type: I sseq: 7 rseq: 7 poll: 0
 ACARS:
  Reassembly: skipped
  Reg: .EI-DWM Flight: FR466M
  Mode: 2 Label: 16 Blk id: 7 More: 0 Ack: ! Msg num: M99A
  Message:
   221203,,2305, 150,N   .    MMMM.MMM

[2025-05-09 00:12:08 CEST] [136.725] [-9.0/-31.7 dBFS] [22.7 dB] [3.3 ppm]
440170 (Aircraft, Airborne) -> 11985A (Ground station): Command
AVLC type: I sseq: 0 rseq: 1 poll: 0
 ACARS:
  Reassembly: skipped
  Reg: .OE-LQN Flight: EC73HG
  Mode: 2 Label: 5U Blk id: 1 More: 0 Ack: ! Msg num: M12A
  Message:
   LFLL-SA

[2025-05-09 00:12:09 CEST] [136.975] [-13.2/-32.5 dBFS] [19.3 dB] [2.2 ppm]
4D2038 (Aircraft, Airborne) -> 109C2A (Ground station): Command
AVLC type: U (XID) P/F: 1
 XID: Handoff Initiation
  Public params:
   Parameter set ID: 8885:1993
   Procedure classes: 00 01
   HDLC options: 20 a4 80
  VDL params:
   Parameter set ID: V
   Connection management: 01
   XID sequencing: seq: 3 retry: 0
   AVLC specific options: 25
   Destination airport: LMML
   Aircraft location: 44.5N 5.7E 33000 ft

[2025-05-09 00:12:12 CEST] [136.975] [-10.6/-32.1 dBFS] [21.5 dB] [3.3 ppm]
4CADE6 (Aircraft, Airborne) -> 10952A (Ground station): Command
AVLC type: I sseq: 5 rseq: 2 poll: 0
 X.25 Data: grp: 11 chan: 255 sseq: 1 rseq: 6 more: 0
  X.25 reasm status: skipped
  X.233 CLNP Data (compressed header):
   LRef: 0x41 Prio: 11 Flags: 0xc0
   Lifetime: 50.0 sec
   PDU Id: 0x109d
   X.224 COTP Data Ack:
    dst_ref: 0x8724
    rseq: 2 credit: 2
    Checksum: c4 ad
    Flow control:
     Acked TPDU nr: 2
     Acked subsequence: 0
     Acked credit: 15

[2025-05-09 00:12:15 CEST] [136.975] [-10.6/-32.2 dBFS] [21.7 dB] [3.0 ppm]
4CADE6 (Aircraft, Airborne) -> 10952A (Ground station): Command
AVLC type: I sseq: 5 rseq: 2 poll: 0
 X.25 Data: grp: 11 chan: 255 sseq: 1 rseq: 6 more: 0
  X.25 reasm status: skipped
  X.233 CLNP Data (compressed header):
   LRef: 0x41 Prio: 11 Flags: 0xc0
   Lifetime: 50.0 sec
   PDU Id: 0x109d
   X.224 COTP Data Ack:
    dst_ref: 0x8724
    rseq: 2 credit: 2
    Checksum: c4 ad
    Flow control:
     Acked TPDU nr: 2
     Acked subsequence: 0
     Acked credit: 15

[2025-05-09 00:12:36 CEST] [136.725] [-9.6/-32.3 dBFS] [22.7 dB] [3.4 ppm]
440170 (Aircraft, Airborne) -> 11985A (Ground station): Command
AVLC type: I sseq: 2 rseq: 3 poll: 0
 X.25 Data: grp: 11 chan: 255 sseq: 1 rseq: 4 more: 0
  X.25 reasm status: skipped
  X.233 CLNP Data (compressed header):
   LRef: 0x42 Prio: 11 Flags: 0xf6
   Lifetime: 20.0 sec
   PDU Id: 0x22f
   X.224 COTP Data Ack:
    dst_ref: 0x8711
    rseq: 5 credit: 3
    Flow control:
     Acked TPDU nr: 5
     Acked subsequence: 0
     Acked credit: 15
    ATN checksum: c5 77 e1 0a

[2025-05-09 00:12:39 CEST] [136.675] [-12.2/-32.2 dBFS] [20.0 dB] [3.3 ppm]
4CADE6 (Aircraft, Airborne) -> 11907A (Ground station): Command
AVLC type: U (XID) P/F: 1
 XID: Handoff Initiation
  Public params:
   Parameter set ID: 8885:1993
   Procedure classes: 00 01
   HDLC options: 20 84 80
  VDL params:
   Parameter set ID: V
   XID sequencing: seq: 1 retry: 0
   Destination airport: EGPH
   Aircraft location: 43.9N 7.1E 37000 ft
   Alternate ground stations: 12957A
   AVLC specific options: 24
   Connection management: 01

[2025-05-09 00:12:43 CEST] [136.725] [-12.3/-32.2 dBFS] [19.9 dB] [2.5 ppm]
440C31 (Aircraft, Airborne) -> 11985A (Ground station): Command
AVLC type: I sseq: 6 rseq: 3 poll: 0
 ACARS:
  Reassembly: skipped
  Reg: .OE-LKY Flight: EC3780
  Mode: 2 Label: 5U Blk id: 4 More: 0 Ack: ! Msg num: M18A
  Message:
   LIML-SA

[2025-05-09 00:13:00 CEST] [136.975] [-13.0/-32.3 dBFS] [19.3 dB] [2.3 ppm]
440C31 (Aircraft, Airborne) -> 10985A (Ground station): Command
AVLC type: U (XID) P/F: 1
 XID: Handoff Initiation
  Public params:
   Parameter set ID: 8885:1993
   Procedure classes: 00 01
   HDLC options: 20 a4 80
  VDL params:
   Parameter set ID: V
   Connection management: 01
   XID sequencing: seq: 0 retry: 0
   AVLC specific options: 25
   Destination airport: LIMC
   Aircraft location: 43.6N 7.4E 29000 ft

[2025-05-09 00:13:03 CEST] [136.975] [-12.0/-32.1 dBFS] [20.1 dB] [3.5 ppm]
440170 (Aircraft, Airborne) -> 10985A (Ground station): Command
AVLC type: U (XID) P/F: 1
 XID: Handoff Initiation
  Public params:
   Parameter set ID: 8885:1993
   Procedure classes: 00 01
   HDLC options: 20 a4 80
  VDL params:
   Parameter set ID: V
   Connection management: 01
   XID sequencing: seq: 7 retry: 0
   AVLC specific options: 25
   Destination airport: LIMC
   Aircraft location: 43.4N 7.3E 35000 ft

[2025-05-09 00:13:18 CEST] [136.975] [-8.4/-32.2 dBFS] [23.8 dB] [2.0 ppm]
4D2038 (Aircraft, Airborne) -> 109C2A (Ground station): Command
AVLC type: I sseq: 3 rseq: 4 poll: 0
 X.25 Data: grp: 11 chan: 255 sseq: 0 rseq: 1 more: 0
  X.25 reasm status: skipped
  X.233 CLNP Data (compressed header):
   LRef: 0x0 Prio: 11 Flags: 0xf6
   Lifetime: 20.0 sec
   PDU Id: 0x427
   X.224 COTP Data Ack:
    dst_ref: 0x8720
    rseq: 8 credit: 3
    Flow control:
     Acked TPDU nr: 8
     Acked subsequence: 0
     Acked credit: 15
    ATN checksum: 34 ba 77 bc

[2025-05-09 00:13:19 CEST] [136.725] [-8.0/-32.2 dBFS] [24.2 dB] [4.2 ppm]
4CA61B (Aircraft, Airborne) -> 11984A (Ground station): Command
AVLC type: I sseq: 0 rseq: 1 poll: 0
 X.25 Data: grp: 11 chan: 254 sseq: 5 rseq: 6 more: 0
  X.25 reasm status: skipped
  X.233 CLNP Data (compressed header):
   LRef: 0x41 Prio: 11 Flags: 0xc0
   Lifetime: 50.0 sec
   PDU Id: 0x9a2
   X.224 COTP Data Ack:
    dst_ref: 0x871c
    rseq: 4 credit: 3
    Checksum: e9 8b
    Flow control:
     Acked TPDU nr: 4
     Acked subsequence: 0
     Acked credit: 15

[2025-05-09 00:13:19 CEST] [136.725] [-0.0/-32.1 dBFS] [32.1 dB] [3.8 ppm]
4D2225 (Aircraft, Airborne) -> 11984A (Ground station): Command
AVLC type: I sseq: 7 rseq: 0 poll: 0
 X.25 Data: grp: 11 chan: 254 sseq: 2 rseq: 3 more: 0
  X.25 reasm status: skipped
  X.233 CLNP Data (compressed header):
   LRef: 0x41 Prio: 11 Flags: 0xc0
   Lifetime: 50.0 sec
   PDU Id: 0x11b1
   X.224 COTP Data Ack:
    dst_ref: 0x8722
    rseq: 3 credit: 2
    Checksum: d0 a1
    Flow control:
     Acked TPDU nr: 3
     Acked subsequence: 0
     Acked credit: 15

[2025-05-09 00:13:21 CEST] [136.975] [-1.4/-32.2 dBFS] [30.7 dB] [4.5 ppm]
4D2218 (Aircraft, Airborne) -> 10FA5A (Ground station): Command
AVLC type: I sseq: 3 rseq: 3 poll: 0
 ACARS:
  Reassembly: skipped
  Reg: .9H-QBN Flight: FR65DP
  Mode: 2 Label: 16 Blk id: 8 More: 0 Ack: ! Msg num: M79A
  Message:
   221319,M114120,2306, 133,N 43.629 E  6.411

[2025-05-09 00:13:44 CEST] [136.675] [-9.9/-32.1 dBFS] [22.2 dB] [3.0 ppm]
4CADE6 (Aircraft, Airborne) -> 11907A (Ground station): Command
AVLC type: I sseq: 2 rseq: 3 poll: 0
 X.25 Data: grp: 11 chan: 254 sseq: 0 rseq: 1 more: 0
  X.25 reasm status: skipped
  X.233 CLNP Data (compressed header):
   LRef: 0x41 Prio: 11 Flags: 0xc0
   Lifetime: 50.0 sec
   PDU Id: 0x109e
   X.224 COTP Data Ack:
    dst_ref: 0x8724
    rseq: 2 credit: 2
    Checksum: c4 ad
    Flow control:
     Acked TPDU nr: 2
     Acked subsequence: 0
     Acked credit: 15

[2025-05-09 00:13:59 CEST] [136.775] [-4.1/-31.4 dBFS] [27.3 dB] [-0.0 ppm]
4ACB01 (Aircraft, Airborne) -> 233925 (Ground station): Command
AVLC type: U (XID) P/F: 1
 XID: Handoff Initiation
  Public params:
   Parameter set ID: 8885:1993
   Procedure classes: 00 01
   HDLC options: 20 a4 88
  VDL params:
   Parameter set ID: V
   XID sequencing: seq: 3 retry: 0
   Destination airport: ESSA
   Aircraft location: 43.2N 5.0E 0 ft
   Alternate ground stations: 23D825 281CC5
   AVLC specific options: 24
   Connection management: 01

[2025-05-09 00:14:03 CEST] [136.975] [-12.3/-32.2 dBFS] [19.9 dB] [3.2 ppm]
440170 (Aircraft, Airborne) -> 10985A (Ground station): Command
AVLC type: I sseq: 2 rseq: 3 poll: 0
 X.25 Data: grp: 11 chan: 255 sseq: 0 rseq: 1 more: 0
  X.25 reasm status: skipped
  X.233 CLNP Data (compressed header):
   LRef: 0x42 Prio: 11 Flags: 0xf6
   Lifetime: 20.0 sec
   PDU Id: 0x230
   X.224 COTP Data Ack:
    dst_ref: 0x8711
    rseq: 6 credit: 3
    ATN checksum: ed 30 50 6c
   X.224 COTP Data:
    dst_ref: 0x8711
    sseq: 5 req_of_ack: 0 EoT: 1
    COTP reasm status: skipped
    ATN checksum: ee 0b 9d b6
    CPDLC Downlink Message:
     Header:
      Msg ID: 5
      Msg Ref: 7
      Timestamp: 2025-05-08 22:14:02
      Logical ACK: notRequired
     Message data:
      LOGICAL ACKNOWLEDGMENT

[2025-05-09 00:14:06 CEST] [136.725] [-13.0/-31.9 dBFS] [18.9 dB] [0.9 ppm]
503CF9 (Aircraft, Airborne) -> 11985A (Ground station): Command
AVLC type: U (XID) P/F: 1
 XID: Handoff Initiation
  Public params:
   Parameter set ID: 8885:1993
   Procedure classes: 00 01
   HDLC options: 20 a4 80
  VDL params:
   Parameter set ID: V
   Connection management: 01
   XID sequencing: seq: 4 retry: 0
   AVLC specific options: 25
   Destination airport: DTTA
   Aircraft location: 43.0N 6.4E 38000 ft

[2025-05-09 00:14:07 CEST] [136.975] [-11.7/-31.8 dBFS] [20.0 dB] [3.3 ppm]
440170 (Aircraft, Airborne) -> 10985A (Ground station): Command
AVLC type: I sseq: 3 rseq: 4 poll: 0
 X.25 Data: grp: 11 chan: 255 sseq: 1 rseq: 2 more: 0
  X.25 reasm status: skipped
  X.233 CLNP Data (compressed header):
   LRef: 0x42 Prio: 11 Flags: 0xf6
   Lifetime: 20.0 sec
   PDU Id: 0x231
   X.224 COTP Data:
    dst_ref: 0x8711
    sseq: 6 req_of_ack: 0 EoT: 1
    COTP reasm status: skipped
    ATN checksum: 37 b7 18 81
    X.227 ACSE Release Response:
     Reason: normal
     CPDLC Downlink Message:
      Header:
       Msg ID: 6
       Msg Ref: 7
       Timestamp: 2025-05-08 22:14:05
       Logical ACK: notRequired
      Message data:
       WILCO

[2025-05-09 00:14:07 CEST] [136.975] [-12.1/-31.8 dBFS] [19.7 dB] [3.4 ppm]
440170 (Aircraft, Airborne) -> 10985A (Ground station): Command
AVLC type: I sseq: 4 rseq: 6 poll: 0
 X.25 Data: grp: 11 chan: 255 sseq: 2 rseq: 4 more: 0
  X.25 reasm status: skipped
  X.233 CLNP Data (compressed header):
   LRef: 0x42 Prio: 11 Flags: 0xf6
   Lifetime: 20.0 sec
   PDU Id: 0x232
   X.224 COTP Disconnect Confirm:
    src_ref: 0x0040 dst_ref: 0x8711
    ATN checksum: 7e 51 dc 95

[2025-05-09 00:14:13 CEST] [136.975] [-8.4/-32.1 dBFS] [23.6 dB] [2.0 ppm]
4D226B (Aircraft, Airborne) -> 10FA5A (Ground station): Command
AVLC type: I sseq: 1 rseq: 2 poll: 0
 X.25 Data: grp: 11 chan: 255 sseq: 6 rseq: 7 more: 0
  X.25 reasm status: skipped
  X.233 CLNP Data (compressed header):
   LRef: 0x0 Prio: 11 Flags: 0xc0
   Lifetime: 50.0 sec
   PDU Id: 0x180c
   X.224 COTP Data Ack:
    dst_ref: 0x8715
    rseq: 4 credit: 3
    Checksum: 0d 6f
    Flow control:
     Acked TPDU nr: 4
     Acked subsequence: 0
     Acked credit: 15

[2025-05-09 00:14:50 CEST] [136.975] [-10.8/-31.8 dBFS] [20.9 dB] [2.0 ppm]
4D2038 (Aircraft, Airborne) -> 109C2A (Ground station): Command
AVLC type: I sseq: 5 rseq: 6 poll: 0
 X.25 Data: grp: 11 chan: 255 sseq: 2 rseq: 3 more: 0
  X.25 reasm status: skipped
  X.233 CLNP Data (compressed header):
   LRef: 0x0 Prio: 11 Flags: 0xf6
   Lifetime: 20.0 sec
   PDU Id: 0x429
   X.224 COTP Data Ack:
    dst_ref: 0x8720
    rseq: 8 credit: 3
    Flow control:
     Acked TPDU nr: 8
     Acked subsequence: 0
     Acked credit: 15
    ATN checksum: 34 ba 77 bc

[2025-05-09 00:14:51 CEST] [136.725] [0.8/-32.2 dBFS] [33.1 dB] [3.6 ppm]
4D2225 (Aircraft, Airborne) -> 11984A (Ground station): Command
AVLC type: I sseq: 0 rseq: 1 poll: 0
 X.25 Data: grp: 11 chan: 254 sseq: 3 rseq: 4 more: 0
  X.25 reasm status: skipped
  X.233 CLNP Data (compressed header):
   LRef: 0x41 Prio: 11 Flags: 0xc0
   Lifetime: 50.0 sec
   PDU Id: 0x11b2
   X.224 COTP Data Ack:
    dst_ref: 0x8722
    rseq: 3 credit: 2
    Checksum: d0 a1
    Flow control:
     Acked TPDU nr: 3
     Acked subsequence: 0
     Acked credit: 15

[2025-05-09 00:14:51 CEST] [136.725] [-1.8/-32.2 dBFS] [30.4 dB] [4.1 ppm]
4CA61B (Aircraft, Airborne) -> 11984A (Ground station): Command
AVLC type: I sseq: 2 rseq: 3 poll: 0
 X.25 Data: grp: 11 chan: 254 sseq: 7 rseq: 0 more: 0
  X.25 reasm status: skipped
  X.233 CLNP Data (compressed header):
   LRef: 0x41 Prio: 11 Flags: 0xc0
   Lifetime: 50.0 sec
   PDU Id: 0x9a4
   X.224 COTP Data Ack:
    dst_ref: 0x871c
    rseq: 4 credit: 3
    Checksum: e9 8b
    Flow control:
     Acked TPDU nr: 4
     Acked subsequence: 0
     Acked credit: 15

[2025-05-09 00:14:59 CEST] [136.725] [0.8/-31.8 dBFS] [32.6 dB] [3.7 ppm]
4D2225 (Aircraft, Airborne) -> 11985A (Ground station): Response
AVLC type: U (XID) P/F: 1
 XID: Handoff Response
  Public params:
   Parameter set ID: 8885:1993
   Procedure classes: 00 01
   HDLC options: 20 84 80
  VDL params:
   Parameter set ID: V
   XID sequencing: seq: 2 retry: 0
   Destination airport: LEGE
   Aircraft location: 43.6N 6.2E 0 ft
   AVLC specific options: 24
   Connection management: 01

[2025-05-09 00:15:09 CEST] [136.725] [-10.0/-31.7 dBFS] [21.6 dB] [4.0 ppm]
4CA61B (Aircraft, Airborne) -> 11984A (Ground station): Command
AVLC type: I sseq: 3 rseq: 3 poll: 0
 ACARS:
  Reassembly: skipped
  Reg: .EI-DWM Flight: FR466M
  Mode: 2 Label: B9 Blk id: 8 More: 0 Ack: ! Msg num: M01A
  Message:
   /LEPA.TI2/024LEPAAC8BA

[2025-05-09 00:15:15 CEST] [136.675] [-10.8/-32.4 dBFS] [21.7 dB] [3.0 ppm]
4CADE6 (Aircraft, Airborne) -> 11907A (Ground station): Command
AVLC type: I sseq: 4 rseq: 5 poll: 0
 X.25 Data: grp: 11 chan: 254 sseq: 2 rseq: 3 more: 0
  X.25 reasm status: skipped
  X.233 CLNP Data (compressed header):
   LRef: 0x41 Prio: 11 Flags: 0xc0
   Lifetime: 50.0 sec
   PDU Id: 0x10a0
   X.224 COTP Data Ack:
    dst_ref: 0x8724
    rseq: 2 credit: 2
    Checksum: c4 ad
    Flow control:
     Acked TPDU nr: 2
     Acked subsequence: 0
     Acked credit: 15

[2025-05-09 00:15:22 CEST] [136.775] [-2.3/-31.7 dBFS] [29.4 dB] [2.4 ppm]
4CA9A1 (Aircraft, Airborne) -> 233925 (Ground station): Response
AVLC type: U (XID) P/F: 1
 XID: Handoff Response
  Public params:
   Parameter set ID: 8885:1993
   Procedure classes: 00 01
   HDLC options: 20 a4 88
  VDL params:
   Parameter set ID: V
   XID sequencing: seq: 4 retry: 0
   Destination airport: LIPX
   Aircraft location: 42.9N 6.1E 36000 ft
   AVLC specific options: 24
   Connection management: 01

[2025-05-09 00:16:05 CEST] [136.675] [-8.9/-32.1 dBFS] [23.3 dB] [0.5 ppm]
4D2006 (Aircraft, Airborne) -> 11907A (Ground station): Command
AVLC type: I sseq: 4 rseq: 2 poll: 0
 X.25 Data: grp: 11 chan: 255 sseq: 6 rseq: 5 more: 0
  X.25 reasm status: skipped
  X.233 CLNP Data (compressed header):
   LRef: 0x41 Prio: 11 Flags: 0xf6
   Lifetime: 20.0 sec
   PDU Id: 0x26
   X.224 COTP Data Ack:
    dst_ref: 0x871d
    rseq: 5 credit: 3
    Flow control:
     Acked TPDU nr: 5
     Acked subsequence: 0
     Acked credit: 15
    ATN checksum: 54 36 f1 e3

[2025-05-09 00:16:09 CEST] [136.725] [1.0/-32.2 dBFS] [33.2 dB] [3.5 ppm]
4D2225 (Aircraft, Airborne) -> 11985A (Ground station): Command
AVLC type: I sseq: 2 rseq: 2 poll: 0
 ACARS:
  Reassembly: skipped
  Reg: .9H-QEN Flight: FR7984
  Mode: 2 Label: 16 Blk id: 1 More: 0 Ack: ! Msg num: M96A
  Message:
   221607,M106048,2249, 106,N 43.597 E  6.063

[2025-05-09 00:16:14 CEST] [136.675] [-8.0/-32.2 dBFS] [24.1 dB] [3.2 ppm]
4D2405 (Aircraft, Airborne) -> 11907A (Ground station): Command
AVLC type: I sseq: 0 rseq: 2 poll: 0
 X.25 Data: grp: 11 chan: 255 sseq: 7 rseq: 1 more: 0
  X.25 reasm status: skipped
  X.233 CLNP Data (compressed header):
   LRef: 0x42 Prio: 11 Flags: 0xf6
   Lifetime: 20.0 sec
   PDU Id: 0x40
   X.224 COTP Data Ack:
    dst_ref: 0x8718
    rseq: 2 credit: 2
    Flow control:
     Acked TPDU nr: 2
     Acked subsequence: 0
     Acked credit: 15
    ATN checksum: 68 01 80 7a

