[2025-03-23 00:01:11 CET] [136.725] [0.6/-29.6 dBFS] [30.2 dB] [4.2 ppm]
4CAE65 (Aircraft, Airborne) -> 11985A (Ground station): Command
AVLC type: I sseq: 5 rseq: 6 poll: 0
 X.25 Data: grp: 11 chan: 254 sseq: 7 rseq: 0 more: 0
  X.25 reasm status: skipped
  X.233 CLNP Data (compressed header):
   LRef: 0x41 Prio: 11 Flags: 0xc0
   Lifetime: 50.0 sec
   PDU Id: 0x1c75
   X.224 COTP Data Ack:
    dst_ref: 0x104b
    rseq: 4 credit: 3
    Checksum: ca f2
    Flow control:
     Acked TPDU nr: 4
     Acked subsequence: 0
     Acked credit: 15

[2025-03-23 00:01:23 CET] [136.975] [-4.4/-30.1 dBFS] [25.7 dB] [0.7 ppm]
345248 (Aircraft, Airborne) -> 10F68A (Ground station): Command
AVLC type: U (XID) P/F: 1
 XID: Handoff Initiation
  Public params:
   Parameter set ID: 8885:1993
   Procedure classes: 00 01
   HDLC options: 20 a4 80
  VDL params:
   Parameter set ID: V
   Connection management: 01
   XID sequencing: seq: 2 retry: 0
   AVLC specific options: 25
   Destination airport: LEBL
   Aircraft location: 43.3N 6.0E 34000 ft

[2025-03-23 00:01:48 CET] [136.975] [-4.2/-30.1 dBFS] [25.8 dB] [0.7 ppm]
345248 (Aircraft, Airborne) -> 10F68A (Ground station): Command
AVLC type: I sseq: 2 rseq: 3 poll: 0
 X.25 Data: grp: 11 chan: 255 sseq: 0 rseq: 1 more: 0
  X.25 reasm status: skipped
  X.233 CLNP Data (compressed header):
   LRef: 0x41 Prio: 11 Flags: 0xfe
   Lifetime: 20.0 sec
   PDU Id: 0x27e
   X.224 COTP Data Ack:
    dst_ref: 0x105a
    rseq: 2 credit: 2
    Flow control:
     Acked TPDU nr: 2
     Acked subsequence: 0
     Acked credit: 15
    ATN checksum: 33 32 ac 2e

[2025-03-23 00:01:49 CET] [136.975] [-0.6/-29.7 dBFS] [29.1 dB] [5.3 ppm]
4CAE61 (Aircraft, Airborne) -> 10FA5A (Ground station): Command
AVLC type: I sseq: 0 rseq: 1 poll: 0
 X.25 Data: grp: 11 chan: 254 sseq: 6 rseq: 7 more: 0
  X.25 reasm status: skipped
  X.233 CLNP Data (compressed header):
   LRef: 0x43 Prio: 11 Flags: 0xc0
   Lifetime: 50.0 sec
   PDU Id: 0x9fb
   X.224 COTP Data Ack:
    dst_ref: 0x105b
    rseq: 2 credit: 2
    Checksum: 7d 35
    Flow control:
     Acked TPDU nr: 2
     Acked subsequence: 0
     Acked credit: 15

[2025-03-23 00:01:49 CET] [136.775] [1.2/-29.8 dBFS] [31.0 dB] [0.5 ppm]
3452C8 (Aircraft, Airborne) -> 233925 (Ground station): Command
AVLC type: I sseq: 6 rseq: 0 poll: 0
 X.25 Data: grp: 11 chan: 255 sseq: 3 rseq: 4 more: 0
  X.25 reasm status: skipped
  X.233 CLNP Data (compressed header):
   LRef: 0x42 Prio: 11 Flags: 0xf6
   Lifetime: 20.0 sec
   PDU Id: 0x306
   X.224 COTP Data Ack:
    dst_ref: 0x1054
    rseq: 4 credit: 3
    Flow control:
     Acked TPDU nr: 4
     Acked subsequence: 0
     Acked credit: 15
    ATN checksum: 88 05 b2 ab

[2025-03-23 00:01:54 CET] [136.725] [-12.0/-30.0 dBFS] [17.9 dB] [3.1 ppm]
4CA701 (Aircraft, Airborne) -> 11905A (Ground station): Command
AVLC type: I sseq: 7 rseq: 1 poll: 0
 X.25 Data: grp: 11 chan: 254 sseq: 5 rseq: 7 more: 0
  X.25 reasm status: skipped
  X.233 CLNP Data (compressed header):
   LRef: 0x44 Prio: 11 Flags: 0xc0
   Lifetime: 50.0 sec
   PDU Id: 0x66c
   X.224 COTP Data Ack:
    dst_ref: 0x1058
    rseq: 2 credit: 2
    Checksum: 8c 29
    Flow control:
     Acked TPDU nr: 2
     Acked subsequence: 0
     Acked credit: 15

[2025-03-23 00:02:01 CET] [136.975] [-3.3/-29.8 dBFS] [26.5 dB] [0.9 ppm]
345248 (Aircraft, Airborne) -> 10F68A (Ground station): Command
AVLC type: I sseq: 4 rseq: 4 poll: 0
 ACARS:
  Reassembly: skipped
  Reg: .EC-MMH Flight: VY43ZK
  Mode: 2 Label: H1 Blk id: 5 More: 0 Ack: ! Msg num: F77A
  Sublabel: M1
  Message:
   RESPWI/AK,071/TS230200,2203250870

[2025-03-23 00:02:07 CET] [136.725] [0.6/-30.0 dBFS] [30.6 dB] [4.3 ppm]
4CAE65 (Aircraft, Airborne) -> 11985A (Ground station): Command
AVLC type: I sseq: 6 rseq: 6 poll: 0
 ACARS:
  Reassembly: skipped
  Reg: .EI-IJP Flight: FR753A
  Mode: 2 Label: 16 Blk id: 2 More: 0 Ack: ! Msg num: M19A
  Message:
   230206,36997,2352,  96,N 43.177 E  5.669

[2025-03-23 00:02:09 CET] [136.725] [-8.7/-29.4 dBFS] [20.7 dB] [3.2 ppm]
4CA737 (Aircraft, Airborne) -> 11985A (Ground station): Command
AVLC type: I sseq: 4 rseq: 6 poll: 0
 X.25 Data: grp: 11 chan: 254 sseq: 1 rseq: 3 more: 0
  X.25 reasm status: skipped
  X.233 CLNP Data (compressed header):
   LRef: 0x42 Prio: 11 Flags: 0xc0
   Lifetime: 50.0 sec
   PDU Id: 0x1564
   X.224 COTP Data Ack:
    dst_ref: 0x104e
    rseq: 5 credit: 3
    Checksum: bd fa
    Flow control:
     Acked TPDU nr: 5
     Acked subsequence: 0
     Acked credit: 15

[2025-03-23 00:02:13 CET] [136.975] [-11.4/-30.5 dBFS] [19.1 dB] [2.9 ppm]
4CA737 (Aircraft, Airborne) -> 10985A (Ground station): Command
AVLC type: U (XID) P/F: 1
 XID: Handoff Initiation
  Public params:
   Parameter set ID: 8885:1993
   Procedure classes: 00 01
   HDLC options: 20 84 80
  VDL params:
   Parameter set ID: V
   XID sequencing: seq: 3 retry: 0
   Destination airport: LIPE
   Aircraft location: 0.0N 0.0E 0 ft
   Alternate ground stations: 10952A
   AVLC specific options: 24
   Connection management: 01

[2025-03-23 00:02:16 CET] [136.975] [0.6/-30.0 dBFS] [30.6 dB] [5.3 ppm]
4CAE61 (Aircraft, Airborne) -> 10985A (Ground station): Command
AVLC type: U (XID) P/F: 1
 XID: Handoff Initiation
  Public params:
   Parameter set ID: 8885:1993
   Procedure classes: 00 01
   HDLC options: 20 84 80
  VDL params:
   Parameter set ID: V
   XID sequencing: seq: 7 retry: 0
   Destination airport: LEBL
   Aircraft location: 43.4N 6.1E 37000 ft
   Alternate ground stations: 10952A 10907A 10F63A 10F68A 10F69B 10984A 10F66A 109C2A
   AVLC specific options: 24
   Connection management: 01

[2025-03-23 00:02:18 CET] [136.975] [0.7/-29.8 dBFS] [30.5 dB] [5.1 ppm]
4CAE61 (Aircraft, Airborne) -> 10985A (Ground station): Command
AVLC type: I sseq: 2 rseq: 3 poll: 0
 X.25 Data: grp: 11 chan: 255 sseq: 0 rseq: 2 more: 0
  X.25 reasm status: skipped
  X.233 CLNP Data (compressed header):
   LRef: 0x40 Prio: 14 Flags: 0xc0
   Lifetime: 50.0 sec
   PDU Id: 0x9fc
   IDRP Open: seq: 1 ack: 1 credit_offered: 5 credit_avail: 3
    Hold Time: 900 seconds
    Max. PDU size: 3000 octets
    Source RDI: 47 00 27 41 52 59 52 00 4c ae 61	"G.'ARYR.L.a"
    RIB Attribute Set:
     RibAtt #0:
      Security:
       Reg ID: 06 04 2b 1b 00 00
    Auth mechanism: simple checksum

[2025-03-23 00:02:20 CET] [136.975] [0.6/-30.2 dBFS] [30.8 dB] [5.1 ppm]
4CAE61 (Aircraft, Airborne) -> 10985A (Ground station): Command
AVLC type: I sseq: 4 rseq: 6 poll: 0
 X.25 Data: grp: 11 chan: 255 sseq: 2 rseq: 4 more: 0
  X.25 reasm status: skipped
  X.233 CLNP Data (compressed header):
   LRef: 0x40 Prio: 14 Flags: 0xc0
   Lifetime: 50.0 sec
   PDU Id: 0x9fd
   IDRP Update: seq: 2 ack: 1 credit_offered: 5 credit_avail: 3
    Route:
     ID: 2
     Local preference: 0
    RD path:
     RD_SEQ:
      47 00 27 41 52 59 52 00 4c ae 61	"G.'ARYR.L.a"
    RD hop count: 1
    Security:
     Reg ID: 06 04 2b 1b 00 00
     Info:
      Supported ATSC classes: all
    Capacity: 13
    Reachability info:
     Protocol: CLNP
     Prefix length: 88
     Dest. address prefix: 47 00 27 41 52 59 52 00 4c ae 61	"G.'ARYR.L.a"

[2025-03-23 00:02:42 CET] [136.725] [-0.6/-30.6 dBFS] [29.9 dB] [4.0 ppm]
4CAE65 (Aircraft, Airborne) -> 11985A (Ground station): Command
AVLC type: I sseq: 7 rseq: 0 poll: 0
 X.25 Data: grp: 11 chan: 254 sseq: 0 rseq: 1 more: 0
  X.25 reasm status: skipped
  X.233 CLNP Data (compressed header):
   LRef: 0x41 Prio: 11 Flags: 0xc0
   Lifetime: 50.0 sec
   PDU Id: 0x1c76
   X.224 COTP Data Ack:
    dst_ref: 0x104b
    rseq: 4 credit: 3
    Checksum: ca f2
    Flow control:
     Acked TPDU nr: 4
     Acked subsequence: 0
     Acked credit: 15

[2025-03-23 00:02:44 CET] [136.725] [0.8/-30.1 dBFS] [30.8 dB] [5.3 ppm]
4CAE61 (Aircraft, Airborne) -> 11985A (Ground station): Command
AVLC type: U (XID) P/F: 1
 XID: Handoff Initiation
  Public params:
   Parameter set ID: 8885:1993
   Procedure classes: 00 01
   HDLC options: 20 84 80
  VDL params:
   Parameter set ID: V
   XID sequencing: seq: 0 retry: 0
   Destination airport: LEBL
   Aircraft location: 43.4N 6.0E 37000 ft
   Alternate ground stations: 11984A
   AVLC specific options: 24
   Connection management: 01

[2025-03-23 00:02:45 CET] [136.725] [-2.1/-29.7 dBFS] [27.7 dB] [3.9 ppm]
4CAE65 (Aircraft, Airborne) -> 1199BA (Ground station): Response
AVLC type: U (XID) P/F: 1
 XID: Handoff Response
  Public params:
   Parameter set ID: 8885:1993
   Procedure classes: 00 01
   HDLC options: 20 84 80
  VDL params:
   Parameter set ID: V
   XID sequencing: seq: 5 retry: 0
   Destination airport: LEBL
   Aircraft location: 43.1N 5.5E 37000 ft
   AVLC specific options: 24
   Connection management: 01

[2025-03-23 00:02:47 CET] [136.725] [-5.1/-29.7 dBFS] [24.6 dB] [4.1 ppm]
4CAE65 (Aircraft, Airborne) -> 11985A (Ground station): Command
AVLC type: I sseq: 7 rseq: 0 poll: 0
 X.25 Data: grp: 11 chan: 254 sseq: 0 rseq: 1 more: 0
  X.25 reasm status: skipped
  X.233 CLNP Data (compressed header):
   LRef: 0x41 Prio: 11 Flags: 0xc0
   Lifetime: 50.0 sec
   PDU Id: 0x1c76
   X.224 COTP Data Ack:
    dst_ref: 0x104b
    rseq: 4 credit: 3
    Checksum: ca f2
    Flow control:
     Acked TPDU nr: 4
     Acked subsequence: 0
     Acked credit: 15

[2025-03-23 00:03:21 CET] [136.725] [1.0/-30.0 dBFS] [30.9 dB] [5.0 ppm]
4CAE61 (Aircraft, Airborne) -> 11985A (Ground station): Command
AVLC type: I sseq: 2 rseq: 3 poll: 0
 X.25 Data: grp: 11 chan: 254 sseq: 0 rseq: 1 more: 0
  X.25 reasm status: skipped
  X.233 CLNP Data (compressed header):
   LRef: 0x41 Prio: 11 Flags: 0xc0
   Lifetime: 50.0 sec
   PDU Id: 0x9ff
   X.224 COTP Data Ack:
    dst_ref: 0x105b
    rseq: 2 credit: 2
    Checksum: 7d 35
    Flow control:
     Acked TPDU nr: 2
     Acked subsequence: 0
     Acked credit: 15

[2025-03-23 00:03:21 CET] [136.975] [-3.5/-30.0 dBFS] [26.5 dB] [0.3 ppm]
345248 (Aircraft, Airborne) -> 10F68A (Ground station): Command
AVLC type: I sseq: 5 rseq: 5 poll: 0
 ACARS:
  Reassembly: skipped
  Reg: .EC-MMH Flight: VY43ZK
  Mode: 2 Label: H1 Blk id: 6 More: 0 Ack: ! Msg num: F78A
  Sublabel: M1
  Message:
   RESPWI/AC,085/TS230318,22032537DB

[2025-03-23 00:03:21 CET] [136.775] [0.5/-29.6 dBFS] [30.2 dB] [-0.5 ppm]
3452C8 (Aircraft, Airborne) -> 233925 (Ground station): Command
AVLC type: I sseq: 7 rseq: 2 poll: 0
 X.25 Data: grp: 11 chan: 255 sseq: 4 rseq: 5 more: 0
  X.25 reasm status: skipped
  X.233 CLNP Data (compressed header):
   LRef: 0x42 Prio: 11 Flags: 0xf6
   Lifetime: 20.0 sec
   PDU Id: 0x307
   X.224 COTP Data Ack:
    dst_ref: 0x1054
    rseq: 4 credit: 3
    Flow control:
     Acked TPDU nr: 4
     Acked subsequence: 0
     Acked credit: 15
    ATN checksum: 88 05 b2 ab

[2025-03-23 00:03:24 CET] [136.975] [-2.1/-30.2 dBFS] [28.0 dB] [0.4 ppm]
345248 (Aircraft, Airborne) -> 10F68A (Ground station): Command
AVLC type: I sseq: 6 rseq: 6 poll: 0
 X.25 Data: grp: 11 chan: 255 sseq: 1 rseq: 2 more: 0
  X.25 reasm status: skipped
  X.233 CLNP Data (compressed header):
   LRef: 0x41 Prio: 11 Flags: 0xfe
   Lifetime: 20.0 sec
   PDU Id: 0x27f
   X.224 COTP Data Ack:
    dst_ref: 0x105a
    rseq: 2 credit: 2
    Flow control:
     Acked TPDU nr: 2
     Acked subsequence: 0
     Acked credit: 15
    ATN checksum: 33 32 ac 2e

[2025-03-23 00:03:24 CET] [136.975] [-2.6/-30.1 dBFS] [27.5 dB] [0.5 ppm]
345248 (Aircraft, Airborne) -> 10F68A (Ground station): Command
AVLC type: I sseq: 5 rseq: 6 poll: 0
 ACARS:
  Reassembly: skipped
  Reg: .EC-MMH Flight: VY43ZK
  Mode: 2 Label: H1 Blk id: 6 More: 0 Ack: ! Msg num: F78A
  Sublabel: M1
  Message:
   RESPWI/AC,085/TS230318,22032537DB

[2025-03-23 00:03:28 CET] [136.975] [-3.6/-29.6 dBFS] [26.0 dB] [0.6 ppm]
345248 (Aircraft, Airborne) -> 10F68A (Ground station): Command
AVLC type: I sseq: 5 rseq: 6 poll: 0
 ACARS:
  Reassembly: skipped
  Reg: .EC-MMH Flight: VY43ZK
  Mode: 2 Label: H1 Blk id: 6 More: 0 Ack: ! Msg num: F78A
  Sublabel: M1
  Message:
   RESPWI/AC,085/TS230318,22032537DB

[2025-03-23 00:03:28 CET] [136.975] [-3.2/-29.5 dBFS] [26.3 dB] [0.5 ppm]
345248 (Aircraft, Airborne) -> 10F68A (Ground station): Command
AVLC type: I sseq: 6 rseq: 6 poll: 0
 X.25 Data: grp: 11 chan: 255 sseq: 1 rseq: 2 more: 0
  X.25 reasm status: skipped
  X.233 CLNP Data (compressed header):
   LRef: 0x41 Prio: 11 Flags: 0xfe
   Lifetime: 20.0 sec
   PDU Id: 0x27f
   X.224 COTP Data Ack:
    dst_ref: 0x105a
    rseq: 2 credit: 2
    Flow control:
     Acked TPDU nr: 2
     Acked subsequence: 0
     Acked credit: 15
    ATN checksum: 33 32 ac 2e

[2025-03-23 00:03:30 CET] [136.975] [-2.3/-30.0 dBFS] [27.7 dB] [0.6 ppm]
345248 (Aircraft, Airborne) -> 10F68A (Ground station): Command
AVLC type: I sseq: 5 rseq: 6 poll: 0
 ACARS:
  Reassembly: skipped
  Reg: .EC-MMH Flight: VY43ZK
  Mode: 2 Label: H1 Blk id: 6 More: 0 Ack: ! Msg num: F78A
  Sublabel: M1
  Message:
   RESPWI/AC,085/TS230318,22032537DB

[2025-03-23 00:03:31 CET] [136.975] [-1.1/-29.9 dBFS] [28.8 dB] [0.4 ppm]
345248 (Aircraft, Airborne) -> 10F68A (Ground station): Command
AVLC type: I sseq: 6 rseq: 6 poll: 0
 X.25 Data: grp: 11 chan: 255 sseq: 1 rseq: 2 more: 0
  X.25 reasm status: skipped
  X.233 CLNP Data (compressed header):
   LRef: 0x41 Prio: 11 Flags: 0xfe
   Lifetime: 20.0 sec
   PDU Id: 0x27f
   X.224 COTP Data Ack:
    dst_ref: 0x105a
    rseq: 2 credit: 2
    Flow control:
     Acked TPDU nr: 2
     Acked subsequence: 0
     Acked credit: 15
    ATN checksum: 33 32 ac 2e

[2025-03-23 00:03:34 CET] [136.775] [-1.3/-29.4 dBFS] [28.2 dB] [-0.6 ppm]
3452C8 (Aircraft, Airborne) -> 233925 (Ground station): Command
AVLC type: I sseq: 1 rseq: 4 poll: 0
 X.25 Data: grp: 11 chan: 255 sseq: 5 rseq: 7 more: 0
  X.25 reasm status: skipped
  X.233 CLNP Data (compressed header):
   LRef: 0x42 Prio: 11 Flags: 0xf6
   Lifetime: 20.0 sec
   PDU Id: 0x308
   X.224 COTP Data Ack:
    dst_ref: 0x1054
    rseq: 5 credit: 3
    ATN checksum: 24 36 89 b8

[2025-03-23 00:03:34 CET] [136.775] [-1.3/-29.4 dBFS] [28.2 dB] [-0.6 ppm]
3452C8 (Aircraft, Airborne) -> 233925 (Ground station): Command
AVLC type: I sseq: 2 rseq: 4 poll: 0
 X.25 Data: grp: 11 chan: 255 sseq: 6 rseq: 7 more: 0
  X.25 reasm status: skipped
  X.233 CLNP Data (compressed header):
   LRef: 0x42 Prio: 11 Flags: 0xf6
   Lifetime: 20.0 sec
   PDU Id: 0x309
   X.224 COTP Data:
    dst_ref: 0x1054
    sseq: 4 req_of_ack: 0 EoT: 1
    COTP reasm status: skipped
    ATN checksum: ca d2 70 64
    X.227 ACSE Release Response:
     Reason: normal
     ATCDownlinkMessage: <empty PDU>

[2025-03-23 00:03:35 CET] [136.775] [-10.4/-29.3 dBFS] [18.9 dB] [-0.5 ppm]
3452C8 (Aircraft, Airborne) -> 233925 (Ground station): Command
AVLC type: I sseq: 4 rseq: 7 poll: 0
 X.25 Data: grp: 11 chan: 255 sseq: 7 rseq: 1 more: 0
  X.25 reasm status: skipped
  X.233 CLNP Data (compressed header):
   LRef: 0x42 Prio: 11 Flags: 0xf6
   Lifetime: 20.0 sec
   PDU Id: 0x30a
   X.224 COTP Disconnect Confirm:
    src_ref: 0xe85a dst_ref: 0x1054
    ATN checksum: 60 7e 3f e1

[2025-03-23 00:03:35 CET] [136.975] [0.1/-30.3 dBFS] [30.4 dB] [0.5 ppm]
345248 (Aircraft, Airborne) -> 10F68A (Ground station): Command
AVLC type: I sseq: 5 rseq: 6 poll: 0
 ACARS:
  Reassembly: skipped
  Reg: .EC-MMH Flight: VY43ZK
  Mode: 2 Label: H1 Blk id: 6 More: 0 Ack: ! Msg num: F78A
  Sublabel: M1
  Message:
   RESPWI/AC,085/TS230318,22032537DB

[2025-03-23 00:03:35 CET] [136.975] [-0.0/-30.2 dBFS] [30.1 dB] [0.4 ppm]
345248 (Aircraft, Airborne) -> 10F68A (Ground station): Command
AVLC type: I sseq: 6 rseq: 6 poll: 0
 X.25 Data: grp: 11 chan: 255 sseq: 1 rseq: 2 more: 0
  X.25 reasm status: skipped
  X.233 CLNP Data (compressed header):
   LRef: 0x41 Prio: 11 Flags: 0xfe
   Lifetime: 20.0 sec
   PDU Id: 0x27f
   X.224 COTP Data Ack:
    dst_ref: 0x105a
    rseq: 2 credit: 2
    Flow control:
     Acked TPDU nr: 2
     Acked subsequence: 0
     Acked credit: 15
    ATN checksum: 33 32 ac 2e

[2025-03-23 00:03:41 CET] [136.975] [-0.4/-30.3 dBFS] [30.0 dB] [0.3 ppm]
345248 (Aircraft, Airborne) -> 10F68A (Ground station): Command
AVLC type: I sseq: 6 rseq: 7 poll: 0
 X.25 Data: grp: 11 chan: 255 sseq: 1 rseq: 2 more: 0
  X.25 reasm status: skipped
  X.233 CLNP Data (compressed header):
   LRef: 0x41 Prio: 11 Flags: 0xfe
   Lifetime: 20.0 sec
   PDU Id: 0x27f
   X.224 COTP Data Ack:
    dst_ref: 0x105a
    rseq: 2 credit: 2
    Flow control:
     Acked TPDU nr: 2
     Acked subsequence: 0
     Acked credit: 15
    ATN checksum: 33 32 ac 2e

[2025-03-23 00:03:47 CET] [136.975] [0.3/-30.3 dBFS] [30.6 dB] [0.2 ppm]
345248 (Aircraft, Airborne) -> 10F68A (Ground station): Command
AVLC type: I sseq: 6 rseq: 7 poll: 0
 X.25 Data: grp: 11 chan: 255 sseq: 1 rseq: 2 more: 0
  X.25 reasm status: skipped
  X.233 CLNP Data (compressed header):
   LRef: 0x41 Prio: 11 Flags: 0xfe
   Lifetime: 20.0 sec
   PDU Id: 0x27f
   X.224 COTP Data Ack:
    dst_ref: 0x105a
    rseq: 2 credit: 2
    Flow control:
     Acked TPDU nr: 2
     Acked subsequence: 0
     Acked credit: 15
    ATN checksum: 33 32 ac 2e

[2025-03-23 00:03:52 CET] [136.975] [-0.8/-29.7 dBFS] [28.9 dB] [0.4 ppm]
345248 (Aircraft, Airborne) -> 10907A (Ground station): Command
AVLC type: U (XID) P/F: 1
 XID: Handoff Initiation
  Public params:
   Parameter set ID: 8885:1993
   Procedure classes: 00 01
   HDLC options: 20 a4 80
  VDL params:
   Parameter set ID: V
   Connection management: 01
   XID sequencing: seq: 3 retry: 0
   AVLC specific options: 25
   Destination airport: LEBL
   Aircraft location: 43.2N 5.7E 34000 ft

[2025-03-23 00:03:53 CET] [136.975] [0.3/-30.0 dBFS] [30.3 dB] [0.5 ppm]
345248 (Aircraft, Airborne) -> 10907A (Ground station): Command
AVLC type: I sseq: 2 rseq: 4 poll: 0
 X.25 Data: grp: 11 chan: 255 sseq: 0 rseq: 2 more: 0
  X.25 reasm status: skipped
  X.233 CLNP Data (compressed header):
   LRef: 0x40 Prio: 14 Flags: 0xf6
   Lifetime: 20.0 sec
   PDU Id: 0x280
   IDRP Open: seq: 1 ack: 1 credit_offered: 3 credit_avail: 4
    Hold Time: 900 seconds
    Max. PDU size: 3000 octets
    Source RDI: 47 00 27 41 56 4c 47 00 34 52 48	"G.'AVLG.4RH"
    RIB Attribute Set:
     RibAtt #0:
      Security:
       Reg ID: 06 04 2b 1b 00 00
    Auth mechanism: simple checksum

[2025-03-23 00:03:53 CET] [136.975] [0.3/-29.9 dBFS] [30.2 dB] [0.4 ppm]
345248 (Aircraft, Airborne) -> 10907A (Ground station): Command
AVLC type: I sseq: 3 rseq: 5 poll: 0
 X.25 Data: grp: 11 chan: 255 sseq: 1 rseq: 3 more: 0
  X.25 reasm status: skipped
  X.233 CLNP Data (compressed header):
   LRef: 0x40 Prio: 14 Flags: 0xf6
   Lifetime: 20.0 sec
   PDU Id: 0x281
   IDRP Update: seq: 2 ack: 1 credit_offered: 3 credit_avail: 3
    Route:
     ID: 3
     Local preference: 0
    RD path:
     RD_SEQ:
      47 00 27 41 56 4c 47 00 34 52 48	"G.'AVLG.4RH"
    RD hop count: 1
    Capacity: 13
    Reachability info:
     Protocol: CLNP
     Prefix length: 88
     Dest. address prefix: 47 00 27 41 56 4c 47 00 34 52 48	"G.'AVLG.4RH"

[2025-03-23 00:03:53 CET] [136.975] [0.3/-29.9 dBFS] [30.2 dB] [0.4 ppm]
345248 (Aircraft, Airborne) -> 10907A (Ground station): Command
AVLC type: I sseq: 4 rseq: 5 poll: 0
 X.25 Data: grp: 11 chan: 255 sseq: 2 rseq: 3 more: 0
  X.25 reasm status: skipped
  X.233 CLNP Data (compressed header):
   LRef: 0x40 Prio: 14 Flags: 0xf6
   Lifetime: 20.0 sec
   PDU Id: 0x282
   IDRP Update: seq: 3 ack: 1 credit_offered: 3 credit_avail: 2
    Route:
     ID: 4
     Local preference: 0
    Security:
     Reg ID: 06 04 2b 1b 00 00
     Info:
      Supported ATSC classes: all
      Subnetwork type:
       Subnet: VDL
       Permitted traffic: all
    RD path:
     RD_SEQ:
      47 00 27 41 56 4c 47 00 34 52 48	"G.'AVLG.4RH"
    RD hop count: 1
    Capacity: 13
    Reachability info:
     Protocol: CLNP
     Prefix length: 88
     Dest. address prefix: 47 00 27 41 56 4c 47 00 34 52 48	"G.'AVLG.4RH"

[2025-03-23 00:04:14 CET] [136.725] [1.0/-29.8 dBFS] [30.8 dB] [5.1 ppm]
4CAE61 (Aircraft, Airborne) -> 11985A (Ground station): Command
AVLC type: I sseq: 3 rseq: 3 poll: 0
 ACARS:
  Reassembly: skipped
  Reg: .EI-IJL Flight: FR33RK
  Mode: 2 Label: B9 Blk id: 0 More: 0 Ack: ! Msg num: M65A
  Message:
   /LEBL.TI2/024LEBLA93E5

[2025-03-23 00:04:15 CET] [136.725] [0.5/-30.1 dBFS] [30.5 dB] [3.9 ppm]
4CAE65 (Aircraft, Airborne) -> 1199BA (Ground station): Command
AVLC type: I sseq: 3 rseq: 4 poll: 0
 X.25 Data: grp: 11 chan: 255 sseq: 1 rseq: 2 more: 0
  X.25 reasm status: skipped
  X.233 CLNP Data (compressed header):
   LRef: 0x41 Prio: 11 Flags: 0xc0
   Lifetime: 50.0 sec
   PDU Id: 0x1c78
   X.224 COTP Data Ack:
    dst_ref: 0x104b
    rseq: 4 credit: 3
    Checksum: ca f2
    Flow control:
     Acked TPDU nr: 4
     Acked subsequence: 0
     Acked credit: 15

[2025-03-23 00:04:19 CET] [136.725] [0.4/-29.8 dBFS] [30.2 dB] [0.4 ppm]
345248 (Aircraft, Airborne) -> 11985A (Ground station): Command
AVLC type: U (XID) P/F: 1
 XID: Handoff Initiation
  Public params:
   Parameter set ID: 8885:1993
   Procedure classes: 00 01
   HDLC options: 20 a4 80
  VDL params:
   Parameter set ID: V
   Connection management: 01
   XID sequencing: seq: 4 retry: 0
   AVLC specific options: 25
   Destination airport: LEBL
   Aircraft location: 43.1N 5.6E 34000 ft

[2025-03-23 00:04:48 CET] [136.725] [-0.4/-29.7 dBFS] [29.3 dB] [0.3 ppm]
345248 (Aircraft, Airborne) -> 11985A (Ground station): Command
AVLC type: I sseq: 2 rseq: 3 poll: 0
 X.25 Data: grp: 11 chan: 255 sseq: 0 rseq: 1 more: 0
  X.25 reasm status: skipped
  X.233 CLNP Data (compressed header):
   LRef: 0x41 Prio: 11 Flags: 0xfe
   Lifetime: 20.0 sec
   PDU Id: 0x284
   X.224 COTP Data Ack:
    dst_ref: 0x105a
    rseq: 2 credit: 2
    Flow control:
     Acked TPDU nr: 2
     Acked subsequence: 0
     Acked credit: 15
    ATN checksum: 33 32 ac 2e

[2025-03-23 00:04:53 CET] [136.725] [1.0/-29.9 dBFS] [31.0 dB] [4.9 ppm]
4CAE61 (Aircraft, Airborne) -> 11985A (Ground station): Command
AVLC type: I sseq: 6 rseq: 6 poll: 0
 X.25 Data: grp: 11 chan: 254 sseq: 1 rseq: 2 more: 0
  X.25 reasm status: skipped
  X.233 CLNP Data (compressed header):
   LRef: 0x41 Prio: 11 Flags: 0xc0
   Lifetime: 50.0 sec
   PDU Id: 0xa00
   X.224 COTP Data Ack:
    dst_ref: 0x105b
    rseq: 2 credit: 2
    Checksum: 7d 35
    Flow control:
     Acked TPDU nr: 2
     Acked subsequence: 0
     Acked credit: 15

[2025-03-23 00:05:26 CET] [136.725] [0.8/-30.0 dBFS] [30.8 dB] [5.0 ppm]
4CAE61 (Aircraft, Airborne) -> 11985A (Ground station): Command
AVLC type: I sseq: 7 rseq: 6 poll: 0
 ACARS:
  Reassembly: skipped
  Reg: .EI-IJL Flight: FR33RK
  Mode: 2 Label: 16 Blk id: 3 More: 0 Ack: ! Msg num: M66A
  Message:
   230525,37000,2357,  98,N 43.331 E  5.658

[2025-03-23 00:06:13 CET] [136.725] [-0.6/-29.9 dBFS] [29.3 dB] [0.2 ppm]
345248 (Aircraft, Airborne) -> 11985A (Ground station): Command
AVLC type: I sseq: 3 rseq: 3 poll: 0
 ACARS:
  Reassembly: skipped
  Reg: .EC-MMH Flight: VY43ZK
  Mode: 2 Label: 16 Blk id: 9 More: 0 Ack: ! Msg num: M11A
  Message:
   230606,34994,2353, 103,N 43.114 E  5.433,----

[2025-03-23 00:06:20 CET] [136.725] [-0.2/-29.8 dBFS] [29.6 dB] [0.1 ppm]
345248 (Aircraft, Airborne) -> 11985A (Ground station): Command
AVLC type: I sseq: 4 rseq: 5 poll: 0
 X.25 Data: grp: 11 chan: 255 sseq: 1 rseq: 2 more: 0
  X.25 reasm status: skipped
  X.233 CLNP Data (compressed header):
   LRef: 0x41 Prio: 11 Flags: 0xfe
   Lifetime: 20.0 sec
   PDU Id: 0x285
   X.224 COTP Data Ack:
    dst_ref: 0x105a
    rseq: 2 credit: 2
    Flow control:
     Acked TPDU nr: 2
     Acked subsequence: 0
     Acked credit: 15
    ATN checksum: 33 32 ac 2e

[2025-03-23 00:06:25 CET] [136.725] [1.1/-30.0 dBFS] [31.0 dB] [4.4 ppm]
4CAE61 (Aircraft, Airborne) -> 11985A (Ground station): Command
AVLC type: I sseq: 0 rseq: 0 poll: 0
 X.25 Data: grp: 11 chan: 254 sseq: 2 rseq: 3 more: 0
  X.25 reasm status: skipped
  X.233 CLNP Data (compressed header):
   LRef: 0x41 Prio: 11 Flags: 0xc0
   Lifetime: 50.0 sec
   PDU Id: 0xa01
   X.224 COTP Data Ack:
    dst_ref: 0x105b
    rseq: 2 credit: 2
    Checksum: 7d 35
    Flow control:
     Acked TPDU nr: 2
     Acked subsequence: 0
     Acked credit: 15

[2025-03-23 00:07:08 CET] [136.975] [-11.6/-30.3 dBFS] [18.7 dB] [2.8 ppm]
4D2225 (Aircraft, Airborne) -> 10985A (Ground station): Command
AVLC type: I sseq: 2 rseq: 3 poll: 0
 X.25 Data: grp: 11 chan: 254 sseq: 0 rseq: 1 more: 0
  X.25 reasm status: skipped
  X.233 CLNP Data (compressed header):
   LRef: 0x41 Prio: 11 Flags: 0xc0
   Lifetime: 50.0 sec
   PDU Id: 0x2d5
   X.224 COTP Data Ack:
    dst_ref: 0x1051
    rseq: 5 credit: 3
    Checksum: ae 07
    Flow control:
     Acked TPDU nr: 5
     Acked subsequence: 0
     Acked credit: 15

[2025-03-23 00:07:57 CET] [136.725] [0.7/-29.3 dBFS] [30.1 dB] [4.0 ppm]
4CAE61 (Aircraft, Airborne) -> 11985A (Ground station): Command
AVLC type: I sseq: 2 rseq: 2 poll: 0
 X.25 Data: grp: 11 chan: 254 sseq: 4 rseq: 5 more: 0
  X.25 reasm status: skipped
  X.233 CLNP Data (compressed header):
   LRef: 0x41 Prio: 11 Flags: 0xc0
   Lifetime: 50.0 sec
   PDU Id: 0xa03
   X.224 COTP Data Ack:
    dst_ref: 0x105b
    rseq: 2 credit: 2
    Checksum: 7d 35
    Flow control:
     Acked TPDU nr: 2
     Acked subsequence: 0
     Acked credit: 15

[2025-03-23 00:08:44 CET] [136.725] [-10.8/-30.0 dBFS] [19.3 dB] [-0.8 ppm]
04004A (Aircraft, Airborne) -> 11984A (Ground station): Command
AVLC type: I sseq: 6 rseq: 7 poll: 0
 X.25 Data: grp: 11 chan: 255 sseq: 3 rseq: 4 more: 0
  X.25 reasm status: skipped
  X.233 CLNP Data (compressed header):
   LRef: 0x43 Prio: 11 Flags: 0xc0
   Lifetime: 50.0 sec
   PDU Id: 0xf6
   X.224 COTP Data Ack:
    dst_ref: 0x1055
    rseq: 2 credit: 2
    Checksum: 9b 1d
    Flow control:
     Acked TPDU nr: 2
     Acked subsequence: 0
     Acked credit: 15

[2025-03-23 00:08:47 CET] [136.725] [-10.2/-30.0 dBFS] [19.8 dB] [-0.7 ppm]
04004A (Aircraft, Airborne) -> 11984A (Ground station): Command
AVLC type: I sseq: 7 rseq: 0 poll: 0
 X.25 Data: grp: 11 chan: 255 sseq: 4 rseq: 5 more: 0
  X.25 reasm status: skipped
  X.233 CLNP Data (compressed header):
   LRef: 0x43 Prio: 11 Flags: 0xc0
   Lifetime: 50.0 sec
   PDU Id: 0xf7
   X.224 COTP Data Ack:
    dst_ref: 0x1055
    rseq: 3 credit: 3
    Checksum: a1 c4

[2025-03-23 00:08:48 CET] [136.725] [-9.7/-30.0 dBFS] [20.3 dB] [-0.8 ppm]
04004A (Aircraft, Airborne) -> 11984A (Ground station): Command
AVLC type: I sseq: 0 rseq: 0 poll: 0
 X.25 Data: grp: 11 chan: 255 sseq: 5 rseq: 5 more: 0
  X.25 reasm status: skipped
  X.233 CLNP Data (compressed header):
   LRef: 0x43 Prio: 11 Flags: 0xc0
   Lifetime: 50.0 sec
   PDU Id: 0xf8
   X.224 COTP Data:
    dst_ref: 0x1055
    sseq: 2 req_of_ack: 0 EoT: 1
    COTP reasm status: skipped
    Checksum: 1a 7c
    CPDLC Downlink Message:
     Header:
      Msg ID: 2
      Msg Ref: 3
      Timestamp: 2025-03-22 23:08:47
      Logical ACK: notRequired
     Message data:
      LOGICAL ACKNOWLEDGMENT

[2025-03-23 00:08:53 CET] [136.725] [-8.3/-30.2 dBFS] [21.9 dB] [-0.9 ppm]
04004A (Aircraft, Airborne) -> 11984A (Ground station): Command
AVLC type: I sseq: 1 rseq: 1 poll: 0
 X.25 Data: grp: 11 chan: 255 sseq: 6 rseq: 6 more: 0
  X.25 reasm status: skipped
  X.233 CLNP Data (compressed header):
   LRef: 0x43 Prio: 11 Flags: 0xc0
   Lifetime: 50.0 sec
   PDU Id: 0xf9
   X.224 COTP Data:
    dst_ref: 0x1055
    sseq: 3 req_of_ack: 0 EoT: 1
    COTP reasm status: skipped
    Checksum: 8c 28
    CPDLC Downlink Message:
     Header:
      Msg ID: 3
      Msg Ref: 3
      Timestamp: 2025-03-22 23:08:52
      Logical ACK: required
     Message data:
      WILCO

[2025-03-23 00:08:54 CET] [136.725] [-9.1/-29.8 dBFS] [20.8 dB] [-0.9 ppm]
04004A (Aircraft, Airborne) -> 11984A (Ground station): Command
AVLC type: I sseq: 2 rseq: 3 poll: 0
 X.25 Data: grp: 11 chan: 255 sseq: 7 rseq: 0 more: 0
  X.25 reasm status: skipped
  X.233 CLNP Data (compressed header):
   LRef: 0x43 Prio: 11 Flags: 0xc0
   Lifetime: 50.0 sec
   PDU Id: 0xfa
   X.224 COTP Data Ack:
    dst_ref: 0x1055
    rseq: 4 credit: 3
    Checksum: 9d c7

[2025-03-23 00:08:58 CET] [136.725] [-8.7/-30.0 dBFS] [21.3 dB] [-0.8 ppm]
04004A (Aircraft, Airborne) -> 11984A (Ground station): Command
AVLC type: I sseq: 2 rseq: 3 poll: 0
 X.25 Data: grp: 11 chan: 255 sseq: 7 rseq: 0 more: 0
  X.25 reasm status: skipped
  X.233 CLNP Data (compressed header):
   LRef: 0x43 Prio: 11 Flags: 0xc0
   Lifetime: 50.0 sec
   PDU Id: 0xfa
   X.224 COTP Data Ack:
    dst_ref: 0x1055
    rseq: 4 credit: 3
    Checksum: 9d c7

[2025-03-23 00:09:05 CET] [136.725] [-2.3/-29.8 dBFS] [27.6 dB] [4.0 ppm]
4CAE61 (Aircraft, Airborne) -> 11985A (Ground station): Command
AVLC type: I sseq: 3 rseq: 2 poll: 0
 ACARS:
  Reassembly: skipped
  Reg: .EI-IJL Flight: FR33RK
  Mode: 2 Label: H1 Blk id: 4 More: 0 Ack: ! Msg num: D56A
  Sublabel: DF
  Message:
   ABS001DA_        LIPELEBL342
    43202   52752308037001-49-228047XZ:700++++++0000--

[2025-03-23 00:09:17 CET] [136.725] [-0.5/-29.6 dBFS] [29.1 dB] [4.1 ppm]
4CAE61 (Aircraft, Airborne) -> 1199BA (Ground station): Command
AVLC type: U (XID) P/F: 1
 XID: Handoff Initiation
  Public params:
   Parameter set ID: 8885:1993
   Procedure classes: 00 01
   HDLC options: 20 84 80
  VDL params:
   Parameter set ID: V
   XID sequencing: seq: 1 retry: 0
   Destination airport: LEBL
   Aircraft location: 43.1N 5.1E 36000 ft
   Alternate ground stations: 11905A 11984A
   AVLC specific options: 24
   Connection management: 01

[2025-03-23 00:09:32 CET] [136.725] [-4.4/-29.9 dBFS] [25.5 dB] [3.9 ppm]
4CAE61 (Aircraft, Airborne) -> 11985A (Ground station): Command
AVLC type: I sseq: 4 rseq: 4 poll: 0
 X.25 Data: grp: 11 chan: 254 sseq: 5 rseq: 6 more: 0
  X.25 reasm status: skipped
  X.233 CLNP Data (compressed header):
   LRef: 0x41 Prio: 11 Flags: 0xc0
   Lifetime: 50.0 sec
   PDU Id: 0xa04
   X.224 COTP Data Ack:
    dst_ref: 0x105b
    rseq: 2 credit: 2
    Checksum: 7d 35
    Flow control:
     Acked TPDU nr: 2
     Acked subsequence: 0
     Acked credit: 15

[2025-03-23 00:10:40 CET] [136.975] [-12.0/-30.2 dBFS] [18.2 dB] [2.7 ppm]
4CA701 (Aircraft, Airborne) -> 109C2A (Ground station): Command
AVLC type: I sseq: 2 rseq: 3 poll: 0
 X.25 Data: grp: 11 chan: 255 sseq: 0 rseq: 1 more: 0
  X.25 reasm status: skipped
  X.233 CLNP Data (compressed header):
   LRef: 0x44 Prio: 11 Flags: 0xc0
   Lifetime: 50.0 sec
   PDU Id: 0x674
   X.224 COTP Data Ack:
    dst_ref: 0x1058
    rseq: 3 credit: 2
    Checksum: 99 ca

[2025-03-23 00:10:41 CET] [136.975] [-12.1/-30.1 dBFS] [18.0 dB] [2.7 ppm]
4CA701 (Aircraft, Airborne) -> 109C2A (Ground station): Command
AVLC type: I sseq: 3 rseq: 3 poll: 0
 X.25 Data: grp: 11 chan: 255 sseq: 1 rseq: 1 more: 0
  X.25 reasm status: skipped
  X.233 CLNP Data (compressed header):
   LRef: 0x44 Prio: 11 Flags: 0xc0
   Lifetime: 50.0 sec
   PDU Id: 0x675
   X.224 COTP Data:
    dst_ref: 0x1058
    sseq: 2 req_of_ack: 0 EoT: 1
    COTP reasm status: skipped
    Checksum: e2 92
    CPDLC Downlink Message:
     Header:
      Msg ID: 2
      Msg Ref: 3
      Timestamp: 2025-03-22 23:10:40
      Logical ACK: notRequired
     Message data:
      LOGICAL ACKNOWLEDGMENT

[2025-03-23 00:11:05 CET] [136.725] [-11.9/-29.6 dBFS] [17.6 dB] [3.9 ppm]
4CAE61 (Aircraft, Airborne) -> 1199BA (Ground station): Command
AVLC type: I sseq: 2 rseq: 3 poll: 0
 X.25 Data: grp: 11 chan: 255 sseq: 0 rseq: 1 more: 0
  X.25 reasm status: skipped
  X.233 CLNP Data (compressed header):
   LRef: 0x41 Prio: 11 Flags: 0xc0
   Lifetime: 50.0 sec
   PDU Id: 0xa05
   X.224 COTP Data Ack:
    dst_ref: 0x105b
    rseq: 2 credit: 2
    Checksum: 7d 35
    Flow control:
     Acked TPDU nr: 2
     Acked subsequence: 0
     Acked credit: 15

[2025-03-23 00:11:16 CET] [136.725] [-9.7/-29.7 dBFS] [20.1 dB] [1.2 ppm]
495146 (Aircraft, Airborne) -> 11985A (Ground station): Command
AVLC type: I sseq: 3 rseq: 4 poll: 0
 X.25 Data: grp: 11 chan: 255 sseq: 7 rseq: 0 more: 0
  X.25 reasm status: skipped
  X.233 CLNP Data (compressed header):
   LRef: 0x41 Prio: 11 Flags: 0xf6
   Lifetime: 20.0 sec
   PDU Id: 0x447
   X.224 COTP Data:
    dst_ref: 0x105c
    sseq: 3 req_of_ack: 0 EoT: 1
    COTP reasm status: skipped
    ATN checksum: 9d 3e 0c 5f
    CPDLC Downlink Message:
     Header:
      Msg ID: 3
      Msg Ref: 3
      Timestamp: 2025-03-22 23:11:14
      Logical ACK: required
     Message data:
      WILCO

[2025-03-23 00:11:17 CET] [136.725] [-9.3/-29.5 dBFS] [20.3 dB] [1.2 ppm]
495146 (Aircraft, Airborne) -> 11985A (Ground station): Command
AVLC type: I sseq: 4 rseq: 6 poll: 0
 X.25 Data: grp: 11 chan: 255 sseq: 0 rseq: 2 more: 0
  X.25 reasm status: skipped
  X.233 CLNP Data (compressed header):
   LRef: 0x41 Prio: 11 Flags: 0xf6
   Lifetime: 20.0 sec
   PDU Id: 0x448
   X.224 COTP Data Ack:
    dst_ref: 0x105c
    rseq: 4 credit: 3
    ATN checksum: 95 60 4c 9a

