[2025-04-14 00:00:02 CEST] [136.725] [-1.6/-30.9 dBFS] [29.4 dB] [4.1 ppm]
4D2255 (Aircraft, Airborne) -> 11984A (Ground station): Command
AVLC type: I sseq: 7 rseq: 0 poll: 0
 X.25 Data: grp: 11 chan: 254 sseq: 5 rseq: 6 more: 0
  X.25 reasm status: skipped
  X.233 CLNP Data (compressed header):
   LRef: 0x41 Prio: 11 Flags: 0xc0
   Lifetime: 50.0 sec
   PDU Id: 0xce3
   X.224 COTP Data Ack:
    dst_ref: 0x0a9c
    rseq: 4 credit: 3
    Checksum: 58 1a
    Flow control:
     Acked TPDU nr: 4
     Acked subsequence: 0
     Acked credit: 15

[2025-04-14 00:00:03 CEST] [136.775] [-11.4/-30.1 dBFS] [18.7 dB] [3.2 ppm]
02A180 (Aircraft, Airborne) -> 233925 (Ground station): Command
AVLC type: U (XID) P/F: 1
 XID: Handoff Initiation
  Public params:
   Parameter set ID: 8885:1993
   Procedure classes: 00 01
   HDLC options: 20 a4 80
  VDL params:
   Parameter set ID: V
   Connection management: 01
   XID sequencing: seq: 6 retry: 0
   AVLC specific options: 25
   Destination airport: DTTA
   Aircraft location: 43.9N 5.8E 36000 ft

[2025-04-14 00:00:06 CEST] [136.975] [1.0/-31.3 dBFS] [32.2 dB] [3.4 ppm]
4CA8E7 (Aircraft, Airborne) -> 10F63A (Ground station): Command
AVLC type: I sseq: 5 rseq: 7 poll: 0
 X.25 Data: grp: 11 chan: 255 sseq: 0 rseq: 3 more: 0
  X.25 reasm status: skipped
  X.233 CLNP Data (compressed header):
   LRef: 0x41 Prio: 11 Flags: 0xc0
   Lifetime: 50.0 sec
   PDU Id: 0xba1
   X.224 COTP Data Ack:
    dst_ref: 0x0a9a
    rseq: 4 credit: 3
    Checksum: 62 12
    Flow control:
     Acked TPDU nr: 4
     Acked subsequence: 0
     Acked credit: 15

[2025-04-14 00:00:06 CEST] [136.775] [-12.2/-30.3 dBFS] [18.1 dB] [3.1 ppm]
02A180 (Aircraft, Airborne) -> 233925 (Ground station): Command
AVLC type: I sseq: 2 rseq: 2 poll: 0
 X.25 Data: grp: 11 chan: 255 sseq: 0 rseq: 0 more: 0
  X.25 reasm status: skipped
  X.233 CLNP Data (compressed header):
   LRef: 0x41 Prio: 11 Flags: 0xf6
   Lifetime: 20.0 sec
   PDU Id: 0x16d
   X.224 COTP Data:
    dst_ref: 0x0a99
    sseq: 5 req_of_ack: 0 EoT: 1
    COTP reasm status: skipped
    ATN checksum: 5a 73 10 51
    CPDLC Downlink Message:
     Header:
      Msg ID: 5
      Msg Ref: 5
      Timestamp: 2025-04-13 22:00:05
      Logical ACK: required
     Message data:
      WILCO

[2025-04-14 00:00:08 CEST] [136.775] [-9.3/-30.6 dBFS] [21.3 dB] [3.0 ppm]
02A180 (Aircraft, Airborne) -> 233925 (Ground station): Command
AVLC type: I sseq: 4 rseq: 4 poll: 0
 X.25 Data: grp: 11 chan: 255 sseq: 1 rseq: 2 more: 0
  X.25 reasm status: skipped
  X.233 CLNP Data (compressed header):
   LRef: 0x41 Prio: 11 Flags: 0xf6
   Lifetime: 20.0 sec
   PDU Id: 0x16e
   X.224 COTP Data Ack:
    dst_ref: 0x0a99
    rseq: 6 credit: 3
    ATN checksum: 1d 4c be 36

[2025-04-14 00:00:08 CEST] [136.725] [0.9/-30.6 dBFS] [31.5 dB] [1.8 ppm]
49D1CD (Aircraft, Airborne) -> 11985A (Ground station): Command
AVLC type: I sseq: 0 rseq: 0 poll: 0
 X.25 Data: grp: 11 chan: 255 sseq: 6 rseq: 7 more: 0
  X.25 reasm status: skipped
  X.233 CLNP Data (compressed header):
   LRef: 0x42 Prio: 11 Flags: 0xf6
   Lifetime: 20.0 sec
   PDU Id: 0x235
   X.224 COTP Data Ack:
    dst_ref: 0x0aa3
    rseq: 4 credit: 3
    Flow control:
     Acked TPDU nr: 4
     Acked subsequence: 0
     Acked credit: 15
    ATN checksum: bd 47 2b af

[2025-04-14 00:00:46 CEST] [136.725] [-6.8/-30.8 dBFS] [24.0 dB] [2.2 ppm]
02A1B0 (Aircraft, Airborne) -> 11984A (Ground station): Command
AVLC type: I sseq: 2 rseq: 0 poll: 0
 X.25 Data: grp: 11 chan: 255 sseq: 0 rseq: 3 more: 0
  X.25 reasm status: skipped
  X.233 CLNP Data (compressed header):
   LRef: 0x41 Prio: 11 Flags: 0xf6
   Lifetime: 20.0 sec
   PDU Id: 0x34f
   X.224 COTP Data Ack:
    dst_ref: 0x0ab0
    rseq: 3 credit: 3
    Flow control:
     Acked TPDU nr: 3
     Acked subsequence: 0
     Acked credit: 15
    ATN checksum: 9f 72 54 08

[2025-04-14 00:01:02 CEST] [136.775] [-7.5/-30.3 dBFS] [22.9 dB] [1.6 ppm]
39CEA2 (Aircraft, Airborne) -> 233925 (Ground station): Command
AVLC type: I sseq: 4 rseq: 5 poll: 0
 X.25 Data: grp: 11 chan: 254 sseq: 7 rseq: 0 more: 0
  X.25 reasm status: skipped
  X.233 CLNP Data (compressed header):
   LRef: 0x41 Prio: 11 Flags: 0xc0
   Lifetime: 50.0 sec
   PDU Id: 0x185d
   X.224 COTP Data Ack:
    dst_ref: 0x0a81
    rseq: 4 credit: 3
    Checksum: df ad
    Flow control:
     Acked TPDU nr: 4
     Acked subsequence: 0
     Acked credit: 15

[2025-04-14 00:01:22 CEST] [136.675] [-3.6/-31.1 dBFS] [27.4 dB] [2.4 ppm]
4CA225 (Aircraft, Airborne) -> 11907A (Ground station): Command
AVLC type: I sseq: 5 rseq: 6 poll: 0
 X.25 Data: grp: 11 chan: 254 sseq: 2 rseq: 3 more: 0
  X.25 reasm status: skipped
  X.233 CLNP Data (compressed header):
   LRef: 0x41 Prio: 11 Flags: 0xc0
   Lifetime: 50.0 sec
   PDU Id: 0x295
   X.224 COTP Data Ack:
    dst_ref: 0x0a9f
    rseq: 4 credit: 3
    Checksum: 49 26
    Flow control:
     Acked TPDU nr: 4
     Acked subsequence: 0
     Acked credit: 15

[2025-04-14 00:01:34 CEST] [136.725] [-4.0/-30.9 dBFS] [26.9 dB] [4.1 ppm]
4D2255 (Aircraft, Airborne) -> 11984A (Ground station): Command
AVLC type: I sseq: 1 rseq: 2 poll: 0
 X.25 Data: grp: 11 chan: 254 sseq: 7 rseq: 0 more: 0
  X.25 reasm status: skipped
  X.233 CLNP Data (compressed header):
   LRef: 0x41 Prio: 11 Flags: 0xc0
   Lifetime: 50.0 sec
   PDU Id: 0xce5
   X.224 COTP Data Ack:
    dst_ref: 0x0a9c
    rseq: 4 credit: 3
    Checksum: 58 1a
    Flow control:
     Acked TPDU nr: 4
     Acked subsequence: 0
     Acked credit: 15

[2025-04-14 00:01:38 CEST] [136.975] [0.8/-30.9 dBFS] [31.6 dB] [3.2 ppm]
4CA8E7 (Aircraft, Airborne) -> 10F63A (Ground station): Command
AVLC type: I sseq: 6 rseq: 0 poll: 0
 X.25 Data: grp: 11 chan: 255 sseq: 1 rseq: 4 more: 0
  X.25 reasm status: skipped
  X.233 CLNP Data (compressed header):
   LRef: 0x41 Prio: 11 Flags: 0xc0
   Lifetime: 50.0 sec
   PDU Id: 0xba2
   X.224 COTP Data Ack:
    dst_ref: 0x0a9a
    rseq: 4 credit: 3
    Checksum: 62 12
    Flow control:
     Acked TPDU nr: 4
     Acked subsequence: 0
     Acked credit: 15

[2025-04-14 00:01:39 CEST] [136.775] [-2.9/-30.7 dBFS] [27.8 dB] [3.0 ppm]
02A180 (Aircraft, Airborne) -> 233925 (Ground station): Command
AVLC type: I sseq: 5 rseq: 6 poll: 0
 X.25 Data: grp: 11 chan: 255 sseq: 2 rseq: 3 more: 0
  X.25 reasm status: skipped
  X.233 CLNP Data (compressed header):
   LRef: 0x41 Prio: 11 Flags: 0xf6
   Lifetime: 20.0 sec
   PDU Id: 0x16f
   X.224 COTP Data Ack:
    dst_ref: 0x0a99
    rseq: 6 credit: 3
    Flow control:
     Acked TPDU nr: 6
     Acked subsequence: 0
     Acked credit: 15
    ATN checksum: 4f 29 31 01

[2025-04-14 00:01:40 CEST] [136.725] [1.1/-30.3 dBFS] [31.3 dB] [1.4 ppm]
49D1CD (Aircraft, Airborne) -> 11985A (Ground station): Command
AVLC type: I sseq: 3 rseq: 3 poll: 0
 X.25 Data: grp: 11 chan: 255 sseq: 0 rseq: 1 more: 0
  X.25 reasm status: skipped
  X.233 CLNP Data (compressed header):
   LRef: 0x42 Prio: 11 Flags: 0xf6
   Lifetime: 20.0 sec
   PDU Id: 0x237
   X.224 COTP Data Ack:
    dst_ref: 0x0aa3
    rseq: 4 credit: 3
    Flow control:
     Acked TPDU nr: 4
     Acked subsequence: 0
     Acked credit: 15
    ATN checksum: bd 47 2b af

[2025-04-14 00:01:42 CEST] [136.975] [0.9/-30.6 dBFS] [31.6 dB] [2.8 ppm]
4CA8E7 (Aircraft, Airborne) -> 10F63A (Ground station): Command
AVLC type: I sseq: 6 rseq: 0 poll: 0
 X.25 Data: grp: 11 chan: 255 sseq: 1 rseq: 4 more: 0
  X.25 reasm status: skipped
  X.233 CLNP Data (compressed header):
   LRef: 0x41 Prio: 11 Flags: 0xc0
   Lifetime: 50.0 sec
   PDU Id: 0xba2
   X.224 COTP Data Ack:
    dst_ref: 0x0a9a
    rseq: 4 credit: 3
    Checksum: 62 12
    Flow control:
     Acked TPDU nr: 4
     Acked subsequence: 0
     Acked credit: 15

[2025-04-14 00:01:46 CEST] [136.725] [-7.4/-31.0 dBFS] [23.6 dB] [1.9 ppm]
02A1B0 (Aircraft, Airborne) -> 11984A (Ground station): Command
AVLC type: I sseq: 4 rseq: 1 poll: 0
 ACARS:
  Reassembly: skipped
  Reg: .TS-INQ Flight: BJ0575
  Mode: 2 Label: SA Blk id: 7 More: 0 Ack: ! Msg num: S81A
  Message:
   0EV220145V
  Media Advisory, version 0:
   Link VHF ACARS established at 22:01:45 UTC
   Available links: VHF ACARS

[2025-04-14 00:01:47 CEST] [136.725] [-7.2/-30.6 dBFS] [23.4 dB] [1.9 ppm]
02A1B0 (Aircraft, Airborne) -> 11984A (Ground station): Command
AVLC type: I sseq: 5 rseq: 2 poll: 0
 ACARS:
  Reassembly: skipped
  Reg: .TS-INQ Flight: BJ0575
  Mode: 2 Label: B3 Blk id: 8 More: 0 Ack: ! Msg num: M17A
  Message:
   /LFLL.DC1/RCD 024
   LBT575-LFLL-GATE D61-DTTJ
   ATIS C
   -TYP/A320
   -RMK/D687

[2025-04-14 00:01:56 CEST] [136.675] [-5.0/-30.8 dBFS] [25.8 dB] [2.1 ppm]
4CA225 (Aircraft, Airborne) -> 11907A (Ground station): Command
AVLC type: I sseq: 6 rseq: 7 poll: 0
 X.25 Data: grp: 11 chan: 254 sseq: 3 rseq: 4 more: 0
  X.25 reasm status: skipped
  X.233 CLNP Data (compressed header):
   LRef: 0x41 Prio: 11 Flags: 0xc0
   Lifetime: 50.0 sec
   PDU Id: 0x296
   X.224 COTP Data Ack:
    dst_ref: 0x0a9f
    rseq: 5 credit: 3
    Checksum: 4a d5

[2025-04-14 00:01:57 CEST] [136.675] [-5.6/-31.1 dBFS] [25.5 dB] [2.3 ppm]
4CA225 (Aircraft, Airborne) -> 11907A (Ground station): Command
AVLC type: I sseq: 7 rseq: 7 poll: 0
 X.25 Data: grp: 11 chan: 254 sseq: 4 rseq: 4 more: 0
  X.25 reasm status: skipped
  X.233 CLNP Data (compressed header):
   LRef: 0x41 Prio: 11 Flags: 0xc0
   Lifetime: 50.0 sec
   PDU Id: 0x297
   X.224 COTP Data:
    dst_ref: 0x0a9f
    sseq: 4 req_of_ack: 0 EoT: 1
    COTP reasm status: skipped
    Checksum: c9 9a
    CPDLC Downlink Message:
     Header:
      Msg ID: 4
      Msg Ref: 5
      Timestamp: 2025-04-13 22:01:55
      Logical ACK: notRequired
     Message data:
      LOGICAL ACKNOWLEDGMENT

[2025-04-14 00:01:58 CEST] [136.725] [1.1/-30.7 dBFS] [31.8 dB] [1.2 ppm]
49D1CD (Aircraft, Airborne) -> 11985A (Ground station): Command
AVLC type: I sseq: 4 rseq: 3 poll: 0
 ACARS:
  Reassembly: skipped
  Reg: .OK-TVS Flight: QS0547
  Mode: 2 Label: B9 Blk id: 8 More: 0 Ack: ! Msg num: L30A
  Message:
   /EDDK.TI2/024EDDKA661A

[2025-04-14 00:02:00 CEST] [136.725] [-7.3/-30.5 dBFS] [23.3 dB] [3.0 ppm]
4CAFD3 (Aircraft, Airborne) -> 11985A (Ground station): Command
AVLC type: I sseq: 4 rseq: 4 poll: 0
 ACARS:
  Reassembly: skipped
  Reg: .EI-GXN Flight: FR09NE
  Mode: 2 Label: 16 Blk id: 7 More: 0 Ack: ! Msg num: M57A
  Message:
   220157,M110156,2249,  99,N 42.896 E  6.053

[2025-04-14 00:02:09 CEST] [136.675] [-7.7/-31.0 dBFS] [23.3 dB] [2.4 ppm]
4CA225 (Aircraft, Airborne) -> 11907A (Ground station): Command
AVLC type: I sseq: 0 rseq: 0 poll: 0
 X.25 Data: grp: 11 chan: 254 sseq: 5 rseq: 5 more: 0
  X.25 reasm status: skipped
  X.233 CLNP Data (compressed header):
   LRef: 0x41 Prio: 11 Flags: 0xc0
   Lifetime: 50.0 sec
   PDU Id: 0x298
   X.224 COTP Data:
    dst_ref: 0x0a9f
    sseq: 5 req_of_ack: 0 EoT: 1
    COTP reasm status: skipped
    Checksum: d0 45
    CPDLC Downlink Message:
     Header:
      Msg ID: 5
      Msg Ref: 5
      Timestamp: 2025-04-13 22:02:07
      Logical ACK: required
     Message data:
      WILCO

[2025-04-14 00:02:10 CEST] [136.675] [-6.4/-31.1 dBFS] [24.8 dB] [2.4 ppm]
4CA225 (Aircraft, Airborne) -> 11907A (Ground station): Command
AVLC type: I sseq: 1 rseq: 2 poll: 0
 X.25 Data: grp: 11 chan: 254 sseq: 6 rseq: 7 more: 0
  X.25 reasm status: skipped
  X.233 CLNP Data (compressed header):
   LRef: 0x41 Prio: 11 Flags: 0xc0
   Lifetime: 50.0 sec
   PDU Id: 0x299
   X.224 COTP Data Ack:
    dst_ref: 0x0a9f
    rseq: 6 credit: 3
    Checksum: 46 d8

[2025-04-14 00:02:18 CEST] [136.725] [-6.8/-31.8 dBFS] [25.0 dB] [2.0 ppm]
02A1B0 (Aircraft, Airborne) -> 11984A (Ground station): Command
AVLC type: I sseq: 6 rseq: 3 poll: 0
 X.25 Data: grp: 11 chan: 255 sseq: 1 rseq: 4 more: 0
  X.25 reasm status: skipped
  X.233 CLNP Data (compressed header):
   LRef: 0x41 Prio: 11 Flags: 0xf6
   Lifetime: 20.0 sec
   PDU Id: 0x350
   X.224 COTP Data Ack:
    dst_ref: 0x0ab0
    rseq: 3 credit: 3
    Flow control:
     Acked TPDU nr: 3
     Acked subsequence: 0
     Acked credit: 15
    ATN checksum: 9f 72 54 08

[2025-04-14 00:02:32 CEST] [136.725] [-6.1/-30.7 dBFS] [24.6 dB] [1.8 ppm]
02A1B0 (Aircraft, Airborne) -> 11984A (Ground station): Command
AVLC type: I sseq: 7 rseq: 3 poll: 0
 ACARS:
  Reassembly: skipped
  Reg: .TS-INQ Flight: BJ0575
  Mode: 2 Label: B3 Blk id: 8 More: 0 Ack: ! Msg num: M17A
  Message:
   /LFLL.DC1/RCD 024
   LBT575-LFLL-GATE D61-DTTJ
   ATIS C
   -TYP/A320
   -RMK/D687

[2025-04-14 00:02:34 CEST] [136.775] [-10.1/-30.4 dBFS] [20.3 dB] [1.4 ppm]
39CEA2 (Aircraft, Airborne) -> 233925 (Ground station): Command
AVLC type: I sseq: 5 rseq: 0 poll: 0
 X.25 Data: grp: 11 chan: 254 sseq: 0 rseq: 2 more: 0
  X.25 reasm status: skipped
  X.233 CLNP Data (compressed header):
   LRef: 0x41 Prio: 11 Flags: 0xc0
   Lifetime: 50.0 sec
   PDU Id: 0x185e
   X.224 COTP Data Ack:
    dst_ref: 0x0a81
    rseq: 4 credit: 3
    Checksum: df ad
    Flow control:
     Acked TPDU nr: 4
     Acked subsequence: 0
     Acked credit: 15

[2025-04-14 00:03:02 CEST] [136.675] [-12.3/-30.9 dBFS] [18.6 dB] [2.1 ppm]
4D22C6 (Aircraft, Airborne) -> 12957A (Ground station): Command
AVLC type: I sseq: 7 rseq: 0 poll: 0
 X.25 Data: grp: 11 chan: 255 sseq: 5 rseq: 6 more: 0
  X.25 reasm status: skipped
  X.233 CLNP Data (compressed header):
   LRef: 0x44 Prio: 11 Flags: 0xf6
   Lifetime: 20.0 sec
   PDU Id: 0x9a
   X.224 COTP Data Ack:
    dst_ref: 0x0aa2
    rseq: 3 credit: 2
    ATN checksum: 48 3d d2 05
   X.224 COTP Data:
    dst_ref: 0x0aa2
    sseq: 2 req_of_ack: 0 EoT: 1
    COTP reasm status: skipped
    ATN checksum: 0a 35 4f 6d
    CPDLC Downlink Message:
     Header:
      Msg ID: 2
      Msg Ref: 3
      Timestamp: 2025-04-13 22:03:01
      Logical ACK: notRequired
     Message data:
      LOGICAL ACKNOWLEDGMENT

[2025-04-14 00:03:06 CEST] [136.725] [-3.5/-30.5 dBFS] [27.0 dB] [4.1 ppm]
4D2255 (Aircraft, Airborne) -> 11984A (Ground station): Command
AVLC type: I sseq: 2 rseq: 3 poll: 0
 X.25 Data: grp: 11 chan: 254 sseq: 0 rseq: 1 more: 0
  X.25 reasm status: skipped
  X.233 CLNP Data (compressed header):
   LRef: 0x41 Prio: 11 Flags: 0xc0
   Lifetime: 50.0 sec
   PDU Id: 0xce6
   X.224 COTP Data Ack:
    dst_ref: 0x0a9c
    rseq: 4 credit: 3
    Checksum: 58 1a
    Flow control:
     Acked TPDU nr: 4
     Acked subsequence: 0
     Acked credit: 15

[2025-04-14 00:03:08 CEST] [136.675] [-13.2/-31.1 dBFS] [17.9 dB] [2.3 ppm]
4D22C6 (Aircraft, Airborne) -> 12957A (Ground station): Command
AVLC type: I sseq: 1 rseq: 3 poll: 0
 X.25 Data: grp: 11 chan: 255 sseq: 7 rseq: 1 more: 0
  X.25 reasm status: skipped
  X.233 CLNP Data (compressed header):
   LRef: 0x44 Prio: 11 Flags: 0xf6
   Lifetime: 20.0 sec
   PDU Id: 0x9c
   X.224 COTP Data Ack:
    dst_ref: 0x0aa2
    rseq: 4 credit: 3
    ATN checksum: bb dc cd f4

[2025-04-14 00:03:09 CEST] [136.975] [0.1/-30.7 dBFS] [30.8 dB] [2.6 ppm]
4CA8E7 (Aircraft, Airborne) -> 10F63A (Ground station): Command
AVLC type: I sseq: 7 rseq: 0 poll: 0
 ACARS:
  Reassembly: skipped
  Reg: .EI-ENV Flight: FR089H
  Mode: 2 Label: 16 Blk id: 2 More: 0 Ack: ! Msg num: M93A
  Message:
   220308,,2306, 149,N   .    MMMM.MMM

[2025-04-14 00:03:10 CEST] [136.975] [0.2/-31.0 dBFS] [31.3 dB] [2.7 ppm]
4CA8E7 (Aircraft, Airborne) -> 10F63A (Ground station): Command
AVLC type: I sseq: 0 rseq: 1 poll: 0
 X.25 Data: grp: 11 chan: 255 sseq: 2 rseq: 5 more: 0
  X.25 reasm status: skipped
  X.233 CLNP Data (compressed header):
   LRef: 0x41 Prio: 11 Flags: 0xc0
   Lifetime: 50.0 sec
   PDU Id: 0xba3
   X.224 COTP Data Ack:
    dst_ref: 0x0a9a
    rseq: 4 credit: 3
    Checksum: 62 12
    Flow control:
     Acked TPDU nr: 4
     Acked subsequence: 0
     Acked credit: 15

[2025-04-14 00:03:11 CEST] [136.775] [-0.7/-30.8 dBFS] [30.1 dB] [2.4 ppm]
02A180 (Aircraft, Airborne) -> 233925 (Ground station): Command
AVLC type: I sseq: 0 rseq: 1 poll: 0
 X.25 Data: grp: 11 chan: 255 sseq: 4 rseq: 5 more: 0
  X.25 reasm status: skipped
  X.233 CLNP Data (compressed header):
   LRef: 0x41 Prio: 11 Flags: 0xf6
   Lifetime: 20.0 sec
   PDU Id: 0x171
   X.224 COTP Data Ack:
    dst_ref: 0x0a99
    rseq: 6 credit: 3
    Flow control:
     Acked TPDU nr: 6
     Acked subsequence: 0
     Acked credit: 15
    ATN checksum: 4f 29 31 01

[2025-04-14 00:03:12 CEST] [136.725] [0.5/-30.6 dBFS] [31.1 dB] [0.8 ppm]
49D1CD (Aircraft, Airborne) -> 11985A (Ground station): Command
AVLC type: I sseq: 7 rseq: 6 poll: 0
 X.25 Data: grp: 11 chan: 255 sseq: 1 rseq: 2 more: 0
  X.25 reasm status: skipped
  X.233 CLNP Data (compressed header):
   LRef: 0x42 Prio: 11 Flags: 0xf6
   Lifetime: 20.0 sec
   PDU Id: 0x238
   X.224 COTP Data Ack:
    dst_ref: 0x0aa3
    rseq: 4 credit: 3
    Flow control:
     Acked TPDU nr: 4
     Acked subsequence: 0
     Acked credit: 15
    ATN checksum: bd 47 2b af

[2025-04-14 00:03:13 CEST] [136.975] [0.5/-30.6 dBFS] [31.0 dB] [2.7 ppm]
4CA8E7 (Aircraft, Airborne) -> 10F63A (Ground station): Command
AVLC type: I sseq: 7 rseq: 1 poll: 0
 ACARS:
  Reassembly: skipped
  Reg: .EI-ENV Flight: FR089H
  Mode: 2 Label: 16 Blk id: 2 More: 0 Ack: ! Msg num: M93A
  Message:
   220308,,2306, 149,N   .    MMMM.MMM

[2025-04-14 00:03:14 CEST] [136.975] [0.8/-30.4 dBFS] [31.1 dB] [2.7 ppm]
4CA8E7 (Aircraft, Airborne) -> 10F63A (Ground station): Command
AVLC type: I sseq: 0 rseq: 1 poll: 0
 X.25 Data: grp: 11 chan: 255 sseq: 2 rseq: 5 more: 0
  X.25 reasm status: skipped
  X.233 CLNP Data (compressed header):
   LRef: 0x41 Prio: 11 Flags: 0xc0
   Lifetime: 50.0 sec
   PDU Id: 0xba3
   X.224 COTP Data Ack:
    dst_ref: 0x0a9a
    rseq: 4 credit: 3
    Checksum: 62 12
    Flow control:
     Acked TPDU nr: 4
     Acked subsequence: 0
     Acked credit: 15

[2025-04-14 00:03:14 CEST] [136.975] [0.6/-30.9 dBFS] [31.5 dB] [2.8 ppm]
4CA8E7 (Aircraft, Airborne) -> 10F63A (Ground station): Command
AVLC type: I sseq: 7 rseq: 1 poll: 0
 ACARS:
  Reassembly: skipped
  Reg: .EI-ENV Flight: FR089H
  Mode: 2 Label: 16 Blk id: 2 More: 0 Ack: ! Msg num: M93A
  Message:
   220308,,2306, 149,N   .    MMMM.MMM

[2025-04-14 00:03:16 CEST] [136.975] [0.8/-30.1 dBFS] [30.9 dB] [2.9 ppm]
4CA8E7 (Aircraft, Airborne) -> 10907A (Ground station): Response
AVLC type: U (XID) P/F: 1
 XID: Handoff Response
  Public params:
   Parameter set ID: 8885:1993
   Procedure classes: 00 01
   HDLC options: 20 84 80
  VDL params:
   Parameter set ID: V
   XID sequencing: seq: 0 retry: 0
   Destination airport: LEVC
   Aircraft location: 0.0N 0.0E 0 ft
   AVLC specific options: 24
   Connection management: 01

[2025-04-14 00:03:19 CEST] [136.975] [0.5/-30.8 dBFS] [31.3 dB] [2.6 ppm]
4CA8E7 (Aircraft, Airborne) -> 10907A (Ground station): Command
AVLC type: I sseq: 2 rseq: 4 poll: 0
 X.25 Data: grp: 11 chan: 254 sseq: 0 rseq: 2 more: 0
  X.25 reasm status: skipped
  X.233 CLNP Data (compressed header):
   LRef: 0x40 Prio: 14 Flags: 0xc0
   Lifetime: 50.0 sec
   PDU Id: 0xba4
   IDRP Open: seq: 1 ack: 1 credit_offered: 5 credit_avail: 3
    Hold Time: 900 seconds
    Max. PDU size: 3000 octets
    Source RDI: 47 00 27 41 52 59 52 00 4c a8 e7	"G.'ARYR.L.."
    RIB Attribute Set:
     RibAtt #0:
      Security:
       Reg ID: 06 04 2b 1b 00 00
    Auth mechanism: simple checksum

[2025-04-14 00:03:21 CEST] [136.975] [0.8/-30.9 dBFS] [31.7 dB] [2.8 ppm]
4CA8E7 (Aircraft, Airborne) -> 10907A (Ground station): Command
AVLC type: I sseq: 4 rseq: 6 poll: 0
 X.25 Data: grp: 11 chan: 254 sseq: 2 rseq: 4 more: 0
  X.25 reasm status: skipped
  X.233 CLNP Data (compressed header):
   LRef: 0x40 Prio: 14 Flags: 0xc0
   Lifetime: 50.0 sec
   PDU Id: 0xba5
   IDRP Update: seq: 2 ack: 2 credit_offered: 4 credit_avail: 3
    Route:
     ID: 2
     Local preference: 0
    RD path:
     RD_SEQ:
      47 00 27 41 52 59 52 00 4c a8 e7	"G.'ARYR.L.."
    RD hop count: 1
    Security:
     Reg ID: 06 04 2b 1b 00 00
     Info:
      Supported ATSC classes: all
    Capacity: 13
    Reachability info:
     Protocol: CLNP
     Prefix length: 88
     Dest. address prefix: 47 00 27 41 52 59 52 00 4c a8 e7	"G.'ARYR.L.."

[2025-04-14 00:03:42 CEST] [136.675] [-7.0/-30.7 dBFS] [23.7 dB] [2.0 ppm]
4CA225 (Aircraft, Airborne) -> 11907A (Ground station): Command
AVLC type: I sseq: 2 rseq: 3 poll: 0
 X.25 Data: grp: 11 chan: 254 sseq: 7 rseq: 0 more: 0
  X.25 reasm status: skipped
  X.233 CLNP Data (compressed header):
   LRef: 0x41 Prio: 11 Flags: 0xc0
   Lifetime: 50.0 sec
   PDU Id: 0x29a
   X.224 COTP Data Ack:
    dst_ref: 0x0a9f
    rseq: 6 credit: 3
    Checksum: 4d 1e
    Flow control:
     Acked TPDU nr: 6
     Acked subsequence: 0
     Acked credit: 15

[2025-04-14 00:03:50 CEST] [136.725] [-7.7/-30.4 dBFS] [22.7 dB] [1.6 ppm]
02A1B0 (Aircraft, Airborne) -> 11984A (Ground station): Command
AVLC type: I sseq: 0 rseq: 4 poll: 0
 X.25 Data: grp: 11 chan: 255 sseq: 2 rseq: 5 more: 0
  X.25 reasm status: skipped
  X.233 CLNP Data (compressed header):
   LRef: 0x41 Prio: 11 Flags: 0xf6
   Lifetime: 20.0 sec
   PDU Id: 0x351
   X.224 COTP Data Ack:
    dst_ref: 0x0ab0
    rseq: 3 credit: 3
    Flow control:
     Acked TPDU nr: 3
     Acked subsequence: 0
     Acked credit: 15
    ATN checksum: 9f 72 54 08

[2025-04-14 00:04:03 CEST] [136.675] [-14.1/-30.9 dBFS] [16.9 dB] [1.6 ppm]
4D2006 (Aircraft, Airborne) -> 11907A (Ground station): Command
AVLC type: I sseq: 0 rseq: 4 poll: 0
 X.25 Data: grp: 11 chan: 255 sseq: 4 rseq: 0 more: 0
  X.25 reasm status: skipped
  X.233 CLNP Data (compressed header):
   LRef: 0x42 Prio: 11 Flags: 0xf6
   Lifetime: 20.0 sec
   PDU Id: 0x40
   X.224 COTP Data Ack:
    dst_ref: 0x0aab
    rseq: 4 credit: 3
    ATN checksum: ed 2d 65 82

[2025-04-14 00:04:26 CEST] [136.775] [-0.1/-30.4 dBFS] [30.3 dB] [2.3 ppm]
02A180 (Aircraft, Airborne) -> 233925 (Ground station): Command
AVLC type: I sseq: 1 rseq: 2 poll: 0
 ACARS:
  Reassembly: skipped
  Reg: .TS-IMA Flight: TU0795
  Mode: 2 Label: 16 Blk id: 9 More: 0 Ack: ! Msg num: M40A
  Message:
   220424,36994,2313,  67,N 43.473 E  6.251

[2025-04-14 00:04:27 CEST] [136.975] [-6.6/-30.9 dBFS] [24.3 dB] [1.8 ppm]
02A1B0 (Aircraft, Airborne) -> 10907A (Ground station): Command
AVLC type: U (XID) P/F: 1
 XID: Handoff Initiation
  Public params:
   Parameter set ID: 8885:1993
   Procedure classes: 00 01
   HDLC options: 20 a4 80
  VDL params:
   Parameter set ID: V
   Connection management: 01
   XID sequencing: seq: 5 retry: 0
   AVLC specific options: 25
   Destination airport: DTTJ
   Aircraft location: 44.0N 5.7E 32000 ft

[2025-04-14 00:04:28 CEST] [136.975] [-7.0/-31.0 dBFS] [24.1 dB] [1.6 ppm]
02A1B0 (Aircraft, Airborne) -> 10907A (Ground station): Command
AVLC type: I sseq: 2 rseq: 2 poll: 0
 ACARS:
  Reassembly: skipped
  Reg: .TS-INQ Flight: BJ0575
  Mode: 2 Label: SA Blk id: 0 More: 0 Ack: ! Msg num: S83A
  Message:
   0EV220427V
  Media Advisory, version 0:
   Link VHF ACARS established at 22:04:27 UTC
   Available links: VHF ACARS

[2025-04-14 00:04:29 CEST] [136.975] [-7.0/-31.0 dBFS] [24.0 dB] [1.8 ppm]
02A1B0 (Aircraft, Airborne) -> 10907A (Ground station): Command
AVLC type: I sseq: 3 rseq: 3 poll: 0
 ACARS:
  Reassembly: skipped
  Reg: .TS-INQ Flight: BJ0575
  Mode: 2 Label: B3 Blk id: 1 More: 0 Ack: ! Msg num: M17A
  Message:
   /LFLL.DC1/RCD 024
   LBT575-LFLL-GATE D61-DTTJ
   ATIS C
   -TYP/A320
   -RMK/D687

[2025-04-14 00:04:38 CEST] [136.725] [-2.3/-30.8 dBFS] [28.5 dB] [3.9 ppm]
4D2255 (Aircraft, Airborne) -> 11984A (Ground station): Command
AVLC type: I sseq: 3 rseq: 4 poll: 0
 X.25 Data: grp: 11 chan: 254 sseq: 1 rseq: 2 more: 0
  X.25 reasm status: skipped
  X.233 CLNP Data (compressed header):
   LRef: 0x41 Prio: 11 Flags: 0xc0
   Lifetime: 50.0 sec
   PDU Id: 0xce7
   X.224 COTP Data Ack:
    dst_ref: 0x0a9c
    rseq: 4 credit: 3
    Checksum: 58 1a
    Flow control:
     Acked TPDU nr: 4
     Acked subsequence: 0
     Acked credit: 15

[2025-04-14 00:04:39 CEST] [136.725] [-11.6/-30.7 dBFS] [19.1 dB] [2.0 ppm]
4D22C6 (Aircraft, Airborne) -> 11984A (Ground station): Command
AVLC type: I sseq: 3 rseq: 4 poll: 0
 X.25 Data: grp: 11 chan: 255 sseq: 0 rseq: 1 more: 0
  X.25 reasm status: skipped
  X.233 CLNP Data (compressed header):
   LRef: 0x44 Prio: 11 Flags: 0xf6
   Lifetime: 20.0 sec
   PDU Id: 0x9d
   X.224 COTP Data Ack:
    dst_ref: 0x0aa2
    rseq: 4 credit: 3
    Flow control:
     Acked TPDU nr: 4
     Acked subsequence: 0
     Acked credit: 15
    ATN checksum: de 1e ce dd

[2025-04-14 00:04:42 CEST] [136.975] [0.3/-30.5 dBFS] [30.8 dB] [2.7 ppm]
4CA8E7 (Aircraft, Airborne) -> 10907A (Ground station): Command
AVLC type: I sseq: 5 rseq: 1 poll: 0
 X.25 Data: grp: 11 chan: 254 sseq: 3 rseq: 7 more: 0
  X.25 reasm status: skipped
  X.233 CLNP Data (compressed header):
   LRef: 0x41 Prio: 11 Flags: 0xc0
   Lifetime: 50.0 sec
   PDU Id: 0xba6
   X.224 COTP Data Ack:
    dst_ref: 0x0a9a
    rseq: 4 credit: 3
    Checksum: 62 12
    Flow control:
     Acked TPDU nr: 4
     Acked subsequence: 0
     Acked credit: 15

[2025-04-14 00:04:43 CEST] [136.775] [0.3/-30.2 dBFS] [30.5 dB] [2.6 ppm]
02A180 (Aircraft, Airborne) -> 233925 (Ground station): Command
AVLC type: I sseq: 2 rseq: 4 poll: 0
 X.25 Data: grp: 11 chan: 255 sseq: 5 rseq: 6 more: 0
  X.25 reasm status: skipped
  X.233 CLNP Data (compressed header):
   LRef: 0x41 Prio: 11 Flags: 0xf6
   Lifetime: 20.0 sec
   PDU Id: 0x172
   X.224 COTP Data Ack:
    dst_ref: 0x0a99
    rseq: 6 credit: 3
    Flow control:
     Acked TPDU nr: 6
     Acked subsequence: 0
     Acked credit: 15
    ATN checksum: 4f 29 31 01

[2025-04-14 00:04:44 CEST] [136.725] [-3.4/-30.6 dBFS] [27.2 dB] [0.8 ppm]
49D1CD (Aircraft, Airborne) -> 11985A (Ground station): Command
AVLC type: I sseq: 0 rseq: 7 poll: 0
 X.25 Data: grp: 11 chan: 255 sseq: 2 rseq: 3 more: 0
  X.25 reasm status: skipped
  X.233 CLNP Data (compressed header):
   LRef: 0x42 Prio: 11 Flags: 0xf6
   Lifetime: 20.0 sec
   PDU Id: 0x239
   X.224 COTP Data Ack:
    dst_ref: 0x0aa3
    rseq: 4 credit: 3
    Flow control:
     Acked TPDU nr: 4
     Acked subsequence: 0
     Acked credit: 15
    ATN checksum: bd 47 2b af

[2025-04-14 00:05:10 CEST] [136.725] [-0.3/-31.0 dBFS] [30.7 dB] [2.6 ppm]
4CA8E7 (Aircraft, Airborne) -> 11985A (Ground station): Command
AVLC type: U (XID) P/F: 1
 XID: Handoff Initiation
  Public params:
   Parameter set ID: 8885:1993
   Procedure classes: 00 01
   HDLC options: 20 84 80
  VDL params:
   Parameter set ID: V
   XID sequencing: seq: 1 retry: 0
   Destination airport: LEVC
   Aircraft location: 0.0N 0.0E 0 ft
   Alternate ground stations: 11984A
   AVLC specific options: 24
   Connection management: 01

[2025-04-14 00:05:14 CEST] [136.675] [-7.2/-30.8 dBFS] [23.6 dB] [1.8 ppm]
4CA225 (Aircraft, Airborne) -> 11907A (Ground station): Command
AVLC type: I sseq: 4 rseq: 5 poll: 0
 X.25 Data: grp: 11 chan: 254 sseq: 1 rseq: 2 more: 0
  X.25 reasm status: skipped
  X.233 CLNP Data (compressed header):
   LRef: 0x41 Prio: 11 Flags: 0xc0
   Lifetime: 50.0 sec
   PDU Id: 0x29c
   X.224 COTP Data Ack:
    dst_ref: 0x0a9f
    rseq: 6 credit: 3
    Checksum: 4d 1e
    Flow control:
     Acked TPDU nr: 6
     Acked subsequence: 0
     Acked credit: 15

[2025-04-14 00:05:14 CEST] [136.975] [-5.9/-31.6 dBFS] [25.6 dB] [1.6 ppm]
02A1B0 (Aircraft, Airborne) -> 10907A (Ground station): Command
AVLC type: I sseq: 4 rseq: 3 poll: 0
 ACARS:
  Reassembly: skipped
  Reg: .TS-INQ Flight: BJ0575
  Mode: 2 Label: B3 Blk id: 1 More: 0 Ack: ! Msg num: M17A
  Message:
   /LFLL.DC1/RCD 024
   LBT575-LFLL-GATE D61-DTTJ
   ATIS C
   -TYP/A320
   -RMK/D687

[2025-04-14 00:05:19 CEST] [136.725] [0.6/-30.3 dBFS] [30.9 dB] [2.4 ppm]
4CA8E7 (Aircraft, Airborne) -> 11985A (Ground station): Command
AVLC type: U (XID) P/F: 1
 XID: Handoff Initiation
  Public params:
   Parameter set ID: 8885:1993
   Procedure classes: 00 01
   HDLC options: 20 84 80
  VDL params:
   Parameter set ID: V
   XID sequencing: seq: 1 retry: 1
   Destination airport: LEVC
   Aircraft location: 0.0N 0.0E 0 ft
   Alternate ground stations: 11984A
   AVLC specific options: 24
   Connection management: 01

[2025-04-14 00:05:22 CEST] [136.975] [-7.8/-30.8 dBFS] [22.9 dB] [1.3 ppm]
02A1B0 (Aircraft, Airborne) -> 10907A (Ground station): Command
AVLC type: I sseq: 5 rseq: 4 poll: 0
 X.25 Data: grp: 11 chan: 255 sseq: 0 rseq: 1 more: 0
  X.25 reasm status: skipped
  X.233 CLNP Data (compressed header):
   LRef: 0x41 Prio: 11 Flags: 0xf6
   Lifetime: 20.0 sec
   PDU Id: 0x353
   X.224 COTP Data Ack:
    dst_ref: 0x0ab0
    rseq: 3 credit: 3
    Flow control:
     Acked TPDU nr: 3
     Acked subsequence: 0
     Acked credit: 15
    ATN checksum: 9f 72 54 08

[2025-04-14 00:05:28 CEST] [136.725] [1.1/-30.4 dBFS] [31.4 dB] [2.3 ppm]
4CA8E7 (Aircraft, Airborne) -> 11985A (Ground station): Command
AVLC type: U (XID) P/F: 1
 XID: Handoff Initiation
  Public params:
   Parameter set ID: 8885:1993
   Procedure classes: 00 01
   HDLC options: 20 84 80
  VDL params:
   Parameter set ID: V
   XID sequencing: seq: 1 retry: 2
   Destination airport: LEVC
   Aircraft location: 0.0N 0.0E 0 ft
   Alternate ground stations: 11984A
   AVLC specific options: 24
   Connection management: 01

[2025-04-14 00:05:34 CEST] [136.675] [-9.2/-31.0 dBFS] [21.8 dB] [1.2 ppm]
4D2006 (Aircraft, Airborne) -> 11907A (Ground station): Command
AVLC type: I sseq: 1 rseq: 5 poll: 0
 X.25 Data: grp: 11 chan: 255 sseq: 5 rseq: 1 more: 0
  X.25 reasm status: skipped
  X.233 CLNP Data (compressed header):
   LRef: 0x42 Prio: 11 Flags: 0xf6
   Lifetime: 20.0 sec
   PDU Id: 0x41
   X.224 COTP Data Ack:
    dst_ref: 0x0aab
    rseq: 4 credit: 3
    Flow control:
     Acked TPDU nr: 4
     Acked subsequence: 0
     Acked credit: 15
    ATN checksum: 4d 6e 57 3e

[2025-04-14 00:05:49 CEST] [136.725] [-6.0/-30.7 dBFS] [24.7 dB] [0.9 ppm]
49D1CD (Aircraft, Airborne) -> 11985A (Ground station): Command
AVLC type: I sseq: 3 rseq: 2 poll: 0
 X.25 Data: grp: 11 chan: 255 sseq: 4 rseq: 5 more: 0
  X.25 reasm status: skipped
  X.233 CLNP Data (compressed header):
   LRef: 0x42 Prio: 11 Flags: 0xf6
   Lifetime: 20.0 sec
   PDU Id: 0x23b
   X.224 COTP Data Ack:
    dst_ref: 0x0aa3
    rseq: 5 credit: 3
    ATN checksum: cc 7d 7a cb

[2025-04-14 00:05:49 CEST] [136.725] [-6.0/-30.6 dBFS] [24.6 dB] [0.6 ppm]
49D1CD (Aircraft, Airborne) -> 11985A (Ground station): Command
AVLC type: I sseq: 4 rseq: 2 poll: 0
 X.25 Data: grp: 11 chan: 255 sseq: 5 rseq: 5 more: 0
  X.25 reasm status: skipped
  X.233 CLNP Data (compressed header):
   LRef: 0x42 Prio: 11 Flags: 0xf6
   Lifetime: 20.0 sec
   PDU Id: 0x23c
   X.224 COTP Data:
    dst_ref: 0x0aa3
    sseq: 4 req_of_ack: 0 EoT: 1
    COTP reasm status: skipped
    ATN checksum: d5 a2 e7 c5
    CPDLC Downlink Message:
     Header:
      Msg ID: 4
      Msg Ref: 5
      Timestamp: 2025-04-13 22:05:47
      Logical ACK: notRequired
     Message data:
      LOGICAL ACKNOWLEDGMENT

[2025-04-14 00:05:53 CEST] [136.725] [-4.7/-30.5 dBFS] [25.7 dB] [0.6 ppm]
49D1CD (Aircraft, Airborne) -> 11985A (Ground station): Command
AVLC type: I sseq: 6 rseq: 6 poll: 0
 X.25 Data: grp: 11 chan: 255 sseq: 6 rseq: 0 more: 0
  X.25 reasm status: skipped
  X.233 CLNP Data (compressed header):
   LRef: 0x43 Prio: 11 Flags: 0xf6
   Lifetime: 20.0 sec
   PDU Id: 0x23d
   X.224 COTP Connect Confirm:
    src_ref: 0x31d5 dst_ref: 0x1b62
    Initial Credit: 1
    Protocol class: 4
    Options: 00 (use normal PDU formats)
    TPDU size (bytes): 1024
    Called/responding transport selector: 16 00
    Calling transport selector: 65 6d
    Priority: 3
    Ack time (ms): 1000
    Inactivity timer (ms): 360000
    Additional options: 0x00
    ATN checksum: cb f2 46 29
    X.225 Session SPDU: Short Accept
     X.227 ACSE Associate Response:
      Application context name: { 1.3.27.3.0 }
      Associate result: accept
      ATCDownlinkMessage: <empty PDU>

[2025-04-14 00:05:58 CEST] [136.775] [-10.3/-29.9 dBFS] [19.6 dB] [3.0 ppm]
471F9E (Aircraft, Airborne) -> 210DC5 (Ground station): Command
AVLC type: I sseq: 2 rseq: 4 poll: 0
 X.25 Data: grp: 11 chan: 255 sseq: 6 rseq: 0 more: 0
  X.25 reasm status: skipped
  X.233 CLNP Data (compressed header):
   LRef: 0x41 Prio: 11 Flags: 0xf6
   Lifetime: 20.0 sec
   PDU Id: 0x224
   X.224 COTP Data Ack:
    dst_ref: 0x0aae
    rseq: 4 credit: 3
    Flow control:
     Acked TPDU nr: 4
     Acked subsequence: 0
     Acked credit: 15
    ATN checksum: 1a 62 22 f5

[2025-04-14 00:06:12 CEST] [136.725] [-8.1/-30.9 dBFS] [22.8 dB] [4.0 ppm]
4D2255 (Aircraft, Airborne) -> 11984A (Ground station): Command
AVLC type: I sseq: 5 rseq: 6 poll: 0
 X.25 Data: grp: 11 chan: 254 sseq: 3 rseq: 4 more: 0
  X.25 reasm status: skipped
  X.233 CLNP Data (compressed header):
   LRef: 0x41 Prio: 11 Flags: 0xc0
   Lifetime: 50.0 sec
   PDU Id: 0xce9
   X.224 COTP Data Ack:
    dst_ref: 0x0a9c
    rseq: 4 credit: 3
    Checksum: 58 1a
    Flow control:
     Acked TPDU nr: 4
     Acked subsequence: 0
     Acked credit: 15

[2025-04-14 00:06:14 CEST] [136.725] [1.1/-30.4 dBFS] [31.5 dB] [2.3 ppm]
4CA8E7 (Aircraft, Airborne) -> 11985A (Ground station): Command
AVLC type: I sseq: 2 rseq: 3 poll: 0
 X.25 Data: grp: 11 chan: 255 sseq: 0 rseq: 1 more: 0
  X.25 reasm status: skipped
  X.233 CLNP Data (compressed header):
   LRef: 0x41 Prio: 11 Flags: 0xc0
   Lifetime: 50.0 sec
   PDU Id: 0xba7
   X.224 COTP Data Ack:
    dst_ref: 0x0a9a
    rseq: 4 credit: 3
    Checksum: 62 12
    Flow control:
     Acked TPDU nr: 4
     Acked subsequence: 0
     Acked credit: 15

[2025-04-14 00:06:15 CEST] [136.775] [-3.9/-30.5 dBFS] [26.6 dB] [2.2 ppm]
02A180 (Aircraft, Airborne) -> 233925 (Ground station): Command
AVLC type: I sseq: 3 rseq: 6 poll: 0
 X.25 Data: grp: 11 chan: 255 sseq: 6 rseq: 7 more: 0
  X.25 reasm status: skipped
  X.233 CLNP Data (compressed header):
   LRef: 0x41 Prio: 11 Flags: 0xf6
   Lifetime: 20.0 sec
   PDU Id: 0x173
   X.224 COTP Data Ack:
    dst_ref: 0x0a99
    rseq: 6 credit: 3
    Flow control:
     Acked TPDU nr: 6
     Acked subsequence: 0
     Acked credit: 15
    ATN checksum: 4f 29 31 01

[2025-04-14 00:06:46 CEST] [136.675] [-10.7/-30.7 dBFS] [20.1 dB] [2.0 ppm]
4CA225 (Aircraft, Airborne) -> 11907A (Ground station): Command
AVLC type: I sseq: 5 rseq: 6 poll: 0
 X.25 Data: grp: 11 chan: 254 sseq: 2 rseq: 3 more: 0
  X.25 reasm status: skipped
  X.233 CLNP Data (compressed header):
   LRef: 0x41 Prio: 11 Flags: 0xc0
   Lifetime: 50.0 sec
   PDU Id: 0x29d
   X.224 COTP Data Ack:
    dst_ref: 0x0a9f
    rseq: 6 credit: 3
    Checksum: 4d 1e
    Flow control:
     Acked TPDU nr: 6
     Acked subsequence: 0
     Acked credit: 15

[2025-04-14 00:06:54 CEST] [136.975] [0.1/-31.0 dBFS] [31.1 dB] [1.5 ppm]
02A1B0 (Aircraft, Airborne) -> 10907A (Ground station): Command
AVLC type: I sseq: 6 rseq: 5 poll: 0
 X.25 Data: grp: 11 chan: 255 sseq: 1 rseq: 2 more: 0
  X.25 reasm status: skipped
  X.233 CLNP Data (compressed header):
   LRef: 0x41 Prio: 11 Flags: 0xf6
   Lifetime: 20.0 sec
   PDU Id: 0x354
   X.224 COTP Data Ack:
    dst_ref: 0x0ab0
    rseq: 3 credit: 3
    Flow control:
     Acked TPDU nr: 3
     Acked subsequence: 0
     Acked credit: 15
    ATN checksum: 9f 72 54 08

[2025-04-14 00:06:55 CEST] [136.725] [-4.9/-30.5 dBFS] [25.6 dB] [0.7 ppm]
49D1CD (Aircraft, Airborne) -> 11985A (Ground station): Command
AVLC type: I sseq: 0 rseq: 0 poll: 0
 X.25 Data: grp: 11 chan: 255 sseq: 7 rseq: 2 more: 0
  X.25 reasm status: skipped
  X.233 CLNP Data (compressed header):
   LRef: 0x43 Prio: 11 Flags: 0xf6
   Lifetime: 20.0 sec
   PDU Id: 0x23e
   X.224 COTP Data Ack:
    dst_ref: 0x1b62
    rseq: 0 credit: 1
    Flow control:
     Acked TPDU nr: 0
     Acked subsequence: 0
     Acked credit: 10
    ATN checksum: fb 07 3e 2f

[2025-04-14 00:07:05 CEST] [136.825] [-3.7/-30.3 dBFS] [26.6 dB] [0.8 ppm]
49D1CD (Aircraft, Airborne) -> 119C2A (Ground station): Command
AVLC type: U (XID) P/F: 1
 XID: Handoff Initiation
  Public params:
   Parameter set ID: 8885:1993
   Procedure classes: 00 01
   HDLC options: 20 a4 88
  VDL params:
   Parameter set ID: V
   Connection management: 05
   XID sequencing: seq: 2 retry: 0
   AVLC specific options: 25
   Destination airport: EDDK

[2025-04-14 00:07:06 CEST] [136.675] [-0.5/-31.0 dBFS] [30.5 dB] [1.0 ppm]
4D2006 (Aircraft, Airborne) -> 11907A (Ground station): Command
AVLC type: I sseq: 2 rseq: 6 poll: 0
 X.25 Data: grp: 11 chan: 255 sseq: 6 rseq: 2 more: 0
  X.25 reasm status: skipped
  X.233 CLNP Data (compressed header):
   LRef: 0x42 Prio: 11 Flags: 0xf6
   Lifetime: 20.0 sec
   PDU Id: 0x42
   X.224 COTP Data Ack:
    dst_ref: 0x0aab
    rseq: 4 credit: 3
    Flow control:
     Acked TPDU nr: 4
     Acked subsequence: 0
     Acked credit: 15
    ATN checksum: 4d 6e 57 3e

[2025-04-14 00:07:22 CEST] [136.825] [-5.3/-30.3 dBFS] [25.0 dB] [0.8 ppm]
49D1CD (Aircraft, Airborne) -> 119C2A (Ground station): Command
AVLC type: I sseq: 2 rseq: 3 poll: 0
 X.25 Data: grp: 11 chan: 255 sseq: 0 rseq: 1 more: 0
  X.25 reasm status: skipped
  X.233 CLNP Data (compressed header):
   LRef: 0x42 Prio: 11 Flags: 0xf6
   Lifetime: 20.0 sec
   PDU Id: 0x23f
   X.224 COTP Data Ack:
    dst_ref: 0x0aa3
    rseq: 5 credit: 3
    Flow control:
     Acked TPDU nr: 5
     Acked subsequence: 0
     Acked credit: 15
    ATN checksum: b8 e1 8e b4

[2025-04-14 00:07:23 CEST] [136.975] [-3.4/-30.6 dBFS] [27.2 dB] [1.2 ppm]
02A1B0 (Aircraft, Airborne) -> 10907A (Ground station): Command
AVLC type: I sseq: 7 rseq: 6 poll: 0
 X.25 Data: grp: 11 chan: 255 sseq: 2 rseq: 3 more: 0
  X.25 reasm status: skipped
  X.233 CLNP Data (compressed header):
   LRef: 0x41 Prio: 11 Flags: 0xf6
   Lifetime: 20.0 sec
   PDU Id: 0x355
   X.224 COTP Data Ack:
    dst_ref: 0x0ab0
    rseq: 4 credit: 3
    ATN checksum: 8b 21 5c 15
   X.224 COTP Data:
    dst_ref: 0x0ab0
    sseq: 3 req_of_ack: 0 EoT: 1
    COTP reasm status: skipped
    ATN checksum: 2d 5d da 98
    CPDLC Downlink Message:
     Header:
      Msg ID: 3
      Msg Ref: 4
      Timestamp: 2025-04-13 22:07:22
      Logical ACK: notRequired
     Message data:
      LOGICAL ACKNOWLEDGMENT

[2025-04-14 00:07:28 CEST] [136.975] [-2.5/-30.7 dBFS] [28.2 dB] [1.3 ppm]
02A1B0 (Aircraft, Airborne) -> 10907A (Ground station): Command
AVLC type: I sseq: 0 rseq: 7 poll: 0
 X.25 Data: grp: 11 chan: 255 sseq: 3 rseq: 4 more: 0
  X.25 reasm status: skipped
  X.233 CLNP Data (compressed header):
   LRef: 0x41 Prio: 11 Flags: 0xf6
   Lifetime: 20.0 sec
   PDU Id: 0x356
   X.224 COTP Data:
    dst_ref: 0x0ab0
    sseq: 4 req_of_ack: 0 EoT: 1
    COTP reasm status: skipped
    ATN checksum: c8 36 2e 57
    CPDLC Downlink Message:
     Header:
      Msg ID: 4
      Msg Ref: 4
      Timestamp: 2025-04-13 22:07:27
      Logical ACK: required
     Message data:
      WILCO

[2025-04-14 00:07:30 CEST] [136.975] [-2.2/-30.6 dBFS] [28.5 dB] [1.2 ppm]
02A1B0 (Aircraft, Airborne) -> 10907A (Ground station): Command
AVLC type: I sseq: 1 rseq: 1 poll: 0
 X.25 Data: grp: 11 chan: 255 sseq: 4 rseq: 6 more: 0
  X.25 reasm status: skipped
  X.233 CLNP Data (compressed header):
   LRef: 0x41 Prio: 11 Flags: 0xf6
   Lifetime: 20.0 sec
   PDU Id: 0x357
   X.224 COTP Data Ack:
    dst_ref: 0x0ab0
    rseq: 5 credit: 3
    ATN checksum: e0 ed 8e bf

[2025-04-14 00:07:30 CEST] [136.775] [-4.3/-30.0 dBFS] [25.7 dB] [2.7 ppm]
471F9E (Aircraft, Airborne) -> 210DC5 (Ground station): Command
AVLC type: I sseq: 4 rseq: 7 poll: 0
 X.25 Data: grp: 11 chan: 255 sseq: 7 rseq: 2 more: 0
  X.25 reasm status: skipped
  X.233 CLNP Data (compressed header):
   LRef: 0x41 Prio: 11 Flags: 0xf6
   Lifetime: 20.0 sec
   PDU Id: 0x225
   X.224 COTP Data Ack:
    dst_ref: 0x0aae
    rseq: 4 credit: 3
    Flow control:
     Acked TPDU nr: 4
     Acked subsequence: 0
     Acked credit: 15
    ATN checksum: 1a 62 22 f5

[2025-04-14 00:07:42 CEST] [136.725] [-1.6/-30.3 dBFS] [28.7 dB] [3.7 ppm]
4D2255 (Aircraft, Airborne) -> 11984A (Ground station): Command
AVLC type: I sseq: 6 rseq: 7 poll: 0
 X.25 Data: grp: 11 chan: 254 sseq: 4 rseq: 5 more: 0
  X.25 reasm status: skipped
  X.233 CLNP Data (compressed header):
   LRef: 0x41 Prio: 11 Flags: 0xc0
   Lifetime: 50.0 sec
   PDU Id: 0xcea
   X.224 COTP Data Ack:
    dst_ref: 0x0a9c
    rseq: 4 credit: 3
    Checksum: 58 1a
    Flow control:
     Acked TPDU nr: 4
     Acked subsequence: 0
     Acked credit: 15

[2025-04-14 00:07:43 CEST] [136.725] [-12.1/-30.5 dBFS] [18.4 dB] [2.1 ppm]
4D22C6 (Aircraft, Airborne) -> 11984A (Ground station): Command
AVLC type: I sseq: 6 rseq: 7 poll: 0
 X.25 Data: grp: 11 chan: 255 sseq: 3 rseq: 4 more: 0
  X.25 reasm status: skipped
  X.233 CLNP Data (compressed header):
   LRef: 0x44 Prio: 11 Flags: 0xf6
   Lifetime: 20.0 sec
   PDU Id: 0xa0
   X.224 COTP Data Ack:
    dst_ref: 0x0aa2
    rseq: 4 credit: 3
    Flow control:
     Acked TPDU nr: 4
     Acked subsequence: 0
     Acked credit: 15
    ATN checksum: de 1e ce dd

[2025-04-14 00:07:57 CEST] [136.975] [-8.2/-30.7 dBFS] [22.5 dB] [-0.6 ppm]
503E68 (Aircraft, Airborne) -> 109C2A (Ground station): Command
AVLC type: U (XID) P/F: 1
 XID: Handoff Initiation
  Public params:
   Parameter set ID: 8885:1993
   Procedure classes: 00 01
   HDLC options: 20 a4 80
  VDL params:
   Parameter set ID: V
   Connection management: 01
   XID sequencing: seq: 1 retry: 0
   AVLC specific options: 25
   Destination airport: DTTA
   Aircraft location: 44.5N 5.3E 36000 ft

[2025-04-14 00:07:58 CEST] [136.825] [-7.3/-30.0 dBFS] [22.7 dB] [0.8 ppm]
49D1CD (Aircraft, Airborne) -> 119C2A (Ground station): Command
AVLC type: I sseq: 3 rseq: 4 poll: 0
 X.25 Data: grp: 11 chan: 255 sseq: 1 rseq: 2 more: 0
  X.25 reasm status: skipped
  X.233 CLNP Data (compressed header):
   LRef: 0x43 Prio: 11 Flags: 0xf6
   Lifetime: 20.0 sec
   PDU Id: 0x240
   X.224 COTP Data Ack:
    dst_ref: 0x1b62
    rseq: 0 credit: 1
    Flow control:
     Acked TPDU nr: 0
     Acked subsequence: 0
     Acked credit: 10
    ATN checksum: fb 07 3e 2f

[2025-04-14 00:07:58 CEST] [136.975] [-8.4/-30.6 dBFS] [22.3 dB] [-0.6 ppm]
503E68 (Aircraft, Airborne) -> 109C2A (Ground station): Command
AVLC type: I sseq: 2 rseq: 2 poll: 0
 ACARS:
  Reassembly: skipped
  Reg: .LY-MLG Flight: X90725
  Mode: 2 Label: SA Blk id: 4 More: 0 Ack: ! Msg num: S86A
  Message:
   0EV220756V
  Media Advisory, version 0:
   Link VHF ACARS established at 22:07:56 UTC
   Available links: VHF ACARS

[2025-04-14 00:08:22 CEST] [136.775] [-12.2/-30.1 dBFS] [18.0 dB] [2.4 ppm]
471F9E (Aircraft, Airborne) -> 2654E5 (Ground station): Command
AVLC type: U (XID) P/F: 1
 XID: Handoff Initiation
  Public params:
   Parameter set ID: 8885:1993
   Procedure classes: 00 01
   HDLC options: 20 a4 80
  VDL params:
   Parameter set ID: V
   Connection management: 01
   XID sequencing: seq: 7 retry: 0
   AVLC specific options: 25
   Destination airport: LHBP
   Aircraft location: 43.0N 6.3E 36000 ft

[2025-04-14 00:08:33 CEST] [136.725] [-1.1/-30.5 dBFS] [29.4 dB] [3.4 ppm]
4D2255 (Aircraft, Airborne) -> 11984A (Ground station): Command
AVLC type: I sseq: 7 rseq: 7 poll: 0
 ACARS:
  Reassembly: skipped
  Reg: .9H-QDI Flight: FR466M
  Mode: 2 Label: 16 Blk id: 5 More: 0 Ack: ! Msg num: M77A
  Message:
   220831,M114128,2256, 107,N 43.497 E  4.878

[2025-04-14 00:08:38 CEST] [136.675] [0.9/-30.8 dBFS] [31.7 dB] [0.3 ppm]
4D2006 (Aircraft, Airborne) -> 11907A (Ground station): Command
AVLC type: I sseq: 4 rseq: 0 poll: 0
 X.25 Data: grp: 11 chan: 255 sseq: 0 rseq: 4 more: 0
  X.25 reasm status: skipped
  X.233 CLNP Data (compressed header):
   LRef: 0x42 Prio: 11 Flags: 0xf6
   Lifetime: 20.0 sec
   PDU Id: 0x44
   X.224 COTP Data Ack:
    dst_ref: 0x0aab
    rseq: 4 credit: 3
    Flow control:
     Acked TPDU nr: 4
     Acked subsequence: 0
     Acked credit: 15
    ATN checksum: 4d 6e 57 3e

[2025-04-14 00:08:54 CEST] [136.825] [-8.9/-30.3 dBFS] [21.4 dB] [0.8 ppm]
49D1CD (Aircraft, Airborne) -> 119C2A (Ground station): Command
AVLC type: I sseq: 4 rseq: 5 poll: 0
 X.25 Data: grp: 11 chan: 255 sseq: 2 rseq: 3 more: 0
  X.25 reasm status: skipped
  X.233 CLNP Data (compressed header):
   LRef: 0x42 Prio: 11 Flags: 0xf6
   Lifetime: 20.0 sec
   PDU Id: 0x241
   X.224 COTP Data Ack:
    dst_ref: 0x0aa3
    rseq: 5 credit: 3
    Flow control:
     Acked TPDU nr: 5
     Acked subsequence: 0
     Acked credit: 15
    ATN checksum: b8 e1 8e b4

[2025-04-14 00:09:00 CEST] [136.825] [-9.4/-30.1 dBFS] [20.8 dB] [0.7 ppm]
49D1CD (Aircraft, Airborne) -> 119C2A (Ground station): Command
AVLC type: I sseq: 5 rseq: 6 poll: 0
 X.25 Data: grp: 11 chan: 255 sseq: 3 rseq: 4 more: 0
  X.25 reasm status: skipped
  X.233 CLNP Data (compressed header):
   LRef: 0x43 Prio: 11 Flags: 0xf6
   Lifetime: 20.0 sec
   PDU Id: 0x242
   X.224 COTP Data Ack:
    dst_ref: 0x1b62
    rseq: 0 credit: 1
    Flow control:
     Acked TPDU nr: 0
     Acked subsequence: 0
     Acked credit: 10
    ATN checksum: fb 07 3e 2f

[2025-04-14 00:09:01 CEST] [136.975] [-1.5/-30.9 dBFS] [29.4 dB] [0.9 ppm]
02A1B0 (Aircraft, Airborne) -> 10907A (Ground station): Command
AVLC type: I sseq: 2 rseq: 2 poll: 0
 X.25 Data: grp: 11 chan: 255 sseq: 5 rseq: 7 more: 0
  X.25 reasm status: skipped
  X.233 CLNP Data (compressed header):
   LRef: 0x41 Prio: 11 Flags: 0xf6
   Lifetime: 20.0 sec
   PDU Id: 0x358
   X.224 COTP Data Ack:
    dst_ref: 0x0ab0
    rseq: 5 credit: 3
    Flow control:
     Acked TPDU nr: 5
     Acked subsequence: 0
     Acked credit: 15
    ATN checksum: 95 a7 1b 12

[2025-04-14 00:09:02 CEST] [136.775] [-10.5/-30.3 dBFS] [19.8 dB] [2.4 ppm]
471F9E (Aircraft, Airborne) -> 233925 (Ground station): Command
AVLC type: U (XID) P/F: 1
 XID: Handoff Initiation
  Public params:
   Parameter set ID: 8885:1993
   Procedure classes: 00 01
   HDLC options: 20 a4 80
  VDL params:
   Parameter set ID: V
   Connection management: 01
   XID sequencing: seq: 0 retry: 0
   AVLC specific options: 25
   Destination airport: LHBP
   Aircraft location: 43.1N 6.4E 35000 ft

[2025-04-14 00:09:02 CEST] [136.775] [-11.6/-30.3 dBFS] [18.7 dB] [2.3 ppm]
471F9E (Aircraft, Airborne) -> 2654E5 (Ground station): Command
AVLC type: I sseq: 2 rseq: 3 poll: 0
 X.25 Data: grp: 11 chan: 255 sseq: 0 rseq: 1 more: 0
  X.25 reasm status: skipped
  X.233 CLNP Data (compressed header):
   LRef: 0x41 Prio: 11 Flags: 0xf6
   Lifetime: 20.0 sec
   PDU Id: 0x226
   X.224 COTP Data Ack:
    dst_ref: 0x0aae
    rseq: 4 credit: 3
    Flow control:
     Acked TPDU nr: 4
     Acked subsequence: 0
     Acked credit: 15
    ATN checksum: 1a 62 22 f5

[2025-04-14 00:09:14 CEST] [136.725] [-4.6/-30.6 dBFS] [26.0 dB] [3.6 ppm]
4D2255 (Aircraft, Airborne) -> 11984A (Ground station): Command
AVLC type: I sseq: 0 rseq: 1 poll: 0
 X.25 Data: grp: 11 chan: 254 sseq: 5 rseq: 6 more: 0
  X.25 reasm status: skipped
  X.233 CLNP Data (compressed header):
   LRef: 0x41 Prio: 11 Flags: 0xc0
   Lifetime: 50.0 sec
   PDU Id: 0xceb
   X.224 COTP Data Ack:
    dst_ref: 0x0a9c
    rseq: 4 credit: 3
    Checksum: 58 1a
    Flow control:
     Acked TPDU nr: 4
     Acked subsequence: 0
     Acked credit: 15

[2025-04-14 00:09:20 CEST] [136.825] [-12.7/-29.9 dBFS] [17.2 dB] [0.4 ppm]
49D1CD (Aircraft, Airborne) -> 119C2A (Ground station): Command
AVLC type: I sseq: 7 rseq: 7 poll: 0
 X.25 Data: grp: 11 chan: 255 sseq: 5 rseq: 5 more: 0
  X.25 reasm status: skipped
  X.233 CLNP Data (compressed header):
   LRef: 0x42 Prio: 11 Flags: 0xf6
   Lifetime: 20.0 sec
   PDU Id: 0x244
   X.224 COTP Data:
    dst_ref: 0x0aa3
    sseq: 5 req_of_ack: 0 EoT: 1
    COTP reasm status: skipped
    ATN checksum: 1b 3a f5 d9
    CPDLC Downlink Message:
     Header:
      Msg ID: 5
      Msg Ref: 7
      Timestamp: 2025-04-13 22:09:19
      Logical ACK: notRequired
     Message data:
      LOGICAL ACKNOWLEDGMENT

[2025-04-14 00:09:36 CEST] [136.725] [-11.9/-30.4 dBFS] [18.5 dB] [2.2 ppm]
4CA856 (Aircraft, Airborne) -> 11985A (Ground station): Command
AVLC type: I sseq: 4 rseq: 5 poll: 0
 X.25 Data: grp: 11 chan: 254 sseq: 1 rseq: 2 more: 0
  X.25 reasm status: skipped
  X.233 CLNP Data (compressed header):
   LRef: 0x41 Prio: 11 Flags: 0xc0
   Lifetime: 50.0 sec
   PDU Id: 0x22f8
   X.224 COTP Data Ack:
    dst_ref: 0x0ab2
    rseq: 3 credit: 2
    Checksum: f9 16

[2025-04-14 00:09:37 CEST] [136.725] [-9.5/-30.4 dBFS] [20.9 dB] [2.6 ppm]
4CA856 (Aircraft, Airborne) -> 11985A (Ground station): Command
AVLC type: I sseq: 5 rseq: 5 poll: 0
 X.25 Data: grp: 11 chan: 254 sseq: 2 rseq: 2 more: 0
  X.25 reasm status: skipped
  X.233 CLNP Data (compressed header):
   LRef: 0x41 Prio: 11 Flags: 0xc0
   Lifetime: 50.0 sec
   PDU Id: 0x22f9
   X.224 COTP Data:
    dst_ref: 0x0ab2
    sseq: 2 req_of_ack: 0 EoT: 1
    COTP reasm status: skipped
    Checksum: e1 5c
    CPDLC Downlink Message:
     Header:
      Msg ID: 2
      Msg Ref: 3
      Timestamp: 2025-04-13 22:09:36
      Logical ACK: notRequired
     Message data:
      LOGICAL ACKNOWLEDGMENT

[2025-04-14 00:09:42 CEST] [136.825] [-13.0/-29.4 dBFS] [16.5 dB] [0.4 ppm]
49D1CD (Aircraft, Airborne) -> 119C2A (Ground station): Command
AVLC type: I sseq: 7 rseq: 1 poll: 0
 X.25 Data: grp: 11 chan: 255 sseq: 2 rseq: 4 more: 0
  X.25 reasm status: skipped
  X.233 CLNP Data (compressed header):
   LRef: 0x43 Prio: 11 Flags: 0xf6
   Lifetime: 20.0 sec
   PDU Id: 0x249
   X.224 COTP Data Ack:
    dst_ref: 0x1b62
    rseq: 3 credit: 2
    ATN checksum: 2e 59 48 45

[2025-04-14 00:09:43 CEST] [136.825] [-13.3/-29.7 dBFS] [16.3 dB] [0.9 ppm]
49D1CD (Aircraft, Airborne) -> 119C2A (Ground station): Command
AVLC type: I sseq: 0 rseq: 1 poll: 0
 X.25 Data: grp: 11 chan: 255 sseq: 3 rseq: 4 more: 0
  X.25 reasm status: skipped
  X.233 CLNP Data (compressed header):
   LRef: 0x43 Prio: 11 Flags: 0xf6
   Lifetime: 20.0 sec
   PDU Id: 0x24a
   X.224 COTP Data:
    dst_ref: 0x1b62
    sseq: 1 req_of_ack: 0 EoT: 1
    COTP reasm status: skipped
    ATN checksum: 1f 72 59 8d
    CPDLC Downlink Message:
     Header:
      Msg ID: 1
      Msg Ref: 2
      Timestamp: 2025-04-13 22:09:41
      Logical ACK: notRequired
     Message data:
      LOGICAL ACKNOWLEDGMENT

[2025-04-14 00:09:43 CEST] [136.825] [-13.1/-29.7 dBFS] [16.7 dB] [0.9 ppm]
49D1CD (Aircraft, Airborne) -> 119C2A (Ground station): Command
AVLC type: I sseq: 1 rseq: 1 poll: 0
 X.25 Data: grp: 11 chan: 255 sseq: 4 rseq: 4 more: 0
  X.25 reasm status: skipped
  X.233 CLNP Data (compressed header):
   LRef: 0x43 Prio: 11 Flags: 0xf6
   Lifetime: 20.0 sec
   PDU Id: 0x24b
   X.224 COTP Data:
    dst_ref: 0x1b62
    sseq: 2 req_of_ack: 0 EoT: 1
    COTP reasm status: skipped
    ATN checksum: be 03 d2 e2
    CPDLC Downlink Message:
     Header:
      Msg ID: 2
      Msg Ref: 3
      Timestamp: 2025-04-13 22:09:41
      Logical ACK: notRequired
     Message data:
      LOGICAL ACKNOWLEDGMENT

[2025-04-14 00:09:45 CEST] [136.725] [-13.8/-30.6 dBFS] [16.8 dB] [2.2 ppm]
4CA856 (Aircraft, Airborne) -> 11985A (Ground station): Command
AVLC type: I sseq: 7 rseq: 0 poll: 0
 X.25 Data: grp: 11 chan: 254 sseq: 4 rseq: 5 more: 0
  X.25 reasm status: skipped
  X.233 CLNP Data (compressed header):
   LRef: 0x41 Prio: 11 Flags: 0xc0
   Lifetime: 50.0 sec
   PDU Id: 0x22fb
   X.224 COTP Data Ack:
    dst_ref: 0x0ab2
    rseq: 4 credit: 3
    Checksum: ee 1f

[2025-04-14 00:09:52 CEST] [136.725] [-9.8/-30.7 dBFS] [20.8 dB] [4.1 ppm]
4CADF4 (Aircraft, Airborne) -> 11985A (Ground station): Command
AVLC type: I sseq: 7 rseq: 0 poll: 0
 X.25 Data: grp: 11 chan: 254 sseq: 5 rseq: 6 more: 0
  X.25 reasm status: skipped
  X.233 CLNP Data (compressed header):
   LRef: 0x42 Prio: 11 Flags: 0xc0
   Lifetime: 50.0 sec
   PDU Id: 0x1384
   X.224 COTP Data Ack:
    dst_ref: 0x0ab6
    rseq: 2 credit: 2
    Checksum: d8 84
    Flow control:
     Acked TPDU nr: 2
     Acked subsequence: 0
     Acked credit: 15

[2025-04-14 00:10:10 CEST] [136.675] [0.3/-32.4 dBFS] [32.7 dB] [0.0 ppm]
4D2006 (Aircraft, Airborne) -> 11907A (Ground station): Command
AVLC type: I sseq: 5 rseq: 1 poll: 0
 X.25 Data: grp: 11 chan: 255 sseq: 1 rseq: 5 more: 0
  X.25 reasm status: skipped
  X.233 CLNP Data (compressed header):
   LRef: 0x42 Prio: 11 Flags: 0xf6
   Lifetime: 20.0 sec
   PDU Id: 0x45
   X.224 COTP Data Ack:
    dst_ref: 0x0aab
    rseq: 4 credit: 3
    Flow control:
     Acked TPDU nr: 4
     Acked subsequence: 0
     Acked credit: 15
    ATN checksum: 4d 6e 57 3e

[2025-04-14 00:10:19 CEST] [136.775] [-12.4/-31.2 dBFS] [18.8 dB] [2.4 ppm]
471F9E (Aircraft, Airborne) -> 233925 (Ground station): Command
AVLC type: I sseq: 4 rseq: 5 poll: 0
 X.25 Data: grp: 11 chan: 255 sseq: 1 rseq: 3 more: 0
  X.25 reasm status: skipped
  X.233 CLNP Data (compressed header):
   LRef: 0x45 Prio: 11 Flags: 0xf6
   Lifetime: 20.0 sec
   PDU Id: 0x228
   X.224 COTP Connect Confirm:
    src_ref: 0x0045 dst_ref: 0x838f
    Initial Credit: 1
    Protocol class: 4
    Options: 00 (use normal PDU formats)
    TPDU size (bytes): 1024
    Called/responding transport selector: 16
    Calling transport selector: 70 6d
    Priority: 3
    Ack time (ms): 1000
    Inactivity timer (ms): 360000
    Additional options: 0x00
    ATN checksum: 85 c9 a7 9e
    X.225 Session SPDU: Short Accept
     X.227 ACSE Associate Response:
      Application context name: { 1.3.27.3.1 }
      Associate result: accept
      ATCDownlinkMessage: <empty PDU>

[2025-04-14 00:10:33 CEST] [136.975] [0.3/-30.4 dBFS] [30.7 dB] [1.0 ppm]
02A1B0 (Aircraft, Airborne) -> 10907A (Ground station): Command
AVLC type: I sseq: 4 rseq: 4 poll: 0
 X.25 Data: grp: 11 chan: 255 sseq: 7 rseq: 1 more: 0
  X.25 reasm status: skipped
  X.233 CLNP Data (compressed header):
   LRef: 0x41 Prio: 11 Flags: 0xf6
   Lifetime: 20.0 sec
   PDU Id: 0x35a
   X.224 COTP Data Ack:
    dst_ref: 0x0ab0
    rseq: 5 credit: 3
    Flow control:
     Acked TPDU nr: 5
     Acked subsequence: 0
     Acked credit: 15
    ATN checksum: 95 a7 1b 12

[2025-04-14 00:10:46 CEST] [136.825] [-10.5/-29.9 dBFS] [19.5 dB] [0.5 ppm]
49D1CD (Aircraft, Airborne) -> 119C2A (Ground station): Command
AVLC type: I sseq: 5 rseq: 6 poll: 0
 X.25 Data: grp: 11 chan: 255 sseq: 6 rseq: 0 more: 0
  X.25 reasm status: skipped
  X.233 CLNP Data (compressed header):
   LRef: 0x43 Prio: 11 Flags: 0xf6
   Lifetime: 20.0 sec
   PDU Id: 0x24d
   X.224 COTP Data Ack:
    dst_ref: 0x1b62
    rseq: 3 credit: 2
    Flow control:
     Acked TPDU nr: 3
     Acked subsequence: 0
     Acked credit: 10
    ATN checksum: a1 90 95 a1

[2025-04-14 00:10:47 CEST] [136.725] [-7.2/-30.4 dBFS] [23.2 dB] [2.1 ppm]
4D22C6 (Aircraft, Airborne) -> 11984A (Ground station): Command
AVLC type: I sseq: 0 rseq: 1 poll: 0
 X.25 Data: grp: 11 chan: 255 sseq: 5 rseq: 6 more: 0
  X.25 reasm status: skipped
  X.233 CLNP Data (compressed header):
   LRef: 0x44 Prio: 11 Flags: 0xf6
   Lifetime: 20.0 sec
   PDU Id: 0xa2
   X.224 COTP Data Ack:
    dst_ref: 0x0aa2
    rseq: 4 credit: 3
    Flow control:
     Acked TPDU nr: 4
     Acked subsequence: 0
     Acked credit: 15
    ATN checksum: de 1e ce dd

[2025-04-14 00:10:48 CEST] [136.725] [-4.8/-30.2 dBFS] [25.4 dB] [3.4 ppm]
4D2255 (Aircraft, Airborne) -> 11984A (Ground station): Command
AVLC type: I sseq: 2 rseq: 3 poll: 0
 X.25 Data: grp: 11 chan: 254 sseq: 7 rseq: 0 more: 0
  X.25 reasm status: skipped
  X.233 CLNP Data (compressed header):
   LRef: 0x41 Prio: 11 Flags: 0xc0
   Lifetime: 50.0 sec
   PDU Id: 0xced
   X.224 COTP Data Ack:
    dst_ref: 0x0a9c
    rseq: 4 credit: 3
    Checksum: 58 1a
    Flow control:
     Acked TPDU nr: 4
     Acked subsequence: 0
     Acked credit: 15

[2025-04-14 00:11:17 CEST] [136.725] [-2.4/-30.2 dBFS] [27.8 dB] [2.1 ppm]
4CA856 (Aircraft, Airborne) -> 11985A (Ground station): Command
AVLC type: I sseq: 0 rseq: 1 poll: 0
 X.25 Data: grp: 11 chan: 254 sseq: 5 rseq: 6 more: 0
  X.25 reasm status: skipped
  X.233 CLNP Data (compressed header):
   LRef: 0x41 Prio: 11 Flags: 0xc0
   Lifetime: 50.0 sec
   PDU Id: 0x22fc
   X.224 COTP Data Ack:
    dst_ref: 0x0ab2
    rseq: 4 credit: 3
    Checksum: e9 72
    Flow control:
     Acked TPDU nr: 4
     Acked subsequence: 0
     Acked credit: 15

[2025-04-14 00:11:24 CEST] [136.725] [-11.7/-30.5 dBFS] [18.9 dB] [3.9 ppm]
4CADF4 (Aircraft, Airborne) -> 11985A (Ground station): Command
AVLC type: I sseq: 1 rseq: 1 poll: 0
 X.25 Data: grp: 11 chan: 254 sseq: 7 rseq: 7 more: 0
  X.25 reasm status: skipped
  X.233 CLNP Data (compressed header):
   LRef: 0x42 Prio: 11 Flags: 0xc0
   Lifetime: 50.0 sec
   PDU Id: 0x1386
   X.224 COTP Data Ack:
    dst_ref: 0x0ab6
    rseq: 2 credit: 2
    Checksum: d8 84
    Flow control:
     Acked TPDU nr: 2
     Acked subsequence: 0
     Acked credit: 15

[2025-04-14 00:11:42 CEST] [136.675] [-5.1/-30.5 dBFS] [25.4 dB] [0.1 ppm]
4D2006 (Aircraft, Airborne) -> 11907A (Ground station): Command
AVLC type: I sseq: 6 rseq: 2 poll: 0
 X.25 Data: grp: 11 chan: 255 sseq: 2 rseq: 6 more: 0
  X.25 reasm status: skipped
  X.233 CLNP Data (compressed header):
   LRef: 0x42 Prio: 11 Flags: 0xf6
   Lifetime: 20.0 sec
   PDU Id: 0x46
   X.224 COTP Data Ack:
    dst_ref: 0x0aab
    rseq: 4 credit: 3
    Flow control:
     Acked TPDU nr: 4
     Acked subsequence: 0
     Acked credit: 15
    ATN checksum: 4d 6e 57 3e

[2025-04-14 00:11:46 CEST] [136.675] [0.7/-31.0 dBFS] [31.7 dB] [3.4 ppm]
4D2208 (Aircraft, Airborne) -> 11907A (Ground station): Command
AVLC type: I sseq: 7 rseq: 7 poll: 0
 ACARS:
  Reassembly: skipped
  Reg: .9H-QBZ Flight: FR62UE
  Mode: 2 Label: 16 Blk id: 9 More: 0 Ack: ! Msg num: M17A
  Message:
   221144,,2224,  89,N   .    MMMM.MMM

[2025-04-14 00:11:50 CEST] [136.775] [-10.6/-30.1 dBFS] [19.5 dB] [2.0 ppm]
471F9E (Aircraft, Airborne) -> 233925 (Ground station): Command
AVLC type: I sseq: 6 rseq: 0 poll: 0
 X.25 Data: grp: 11 chan: 255 sseq: 3 rseq: 5 more: 0
  X.25 reasm status: skipped
  X.233 CLNP Data (compressed header):
   LRef: 0x41 Prio: 11 Flags: 0xf6
   Lifetime: 20.0 sec
   PDU Id: 0x22a
   X.224 COTP Data Ack:
    dst_ref: 0x0aae
    rseq: 5 credit: 3
    Flow control:
     Acked TPDU nr: 5
     Acked subsequence: 0
     Acked credit: 15
    ATN checksum: 15 fc 85 fa

[2025-04-14 00:12:03 CEST] [136.675] [-6.0/-30.4 dBFS] [24.4 dB] [0.1 ppm]
4D2006 (Aircraft, Airborne) -> 11907A (Ground station): Command
AVLC type: I sseq: 7 rseq: 3 poll: 0
 X.25 Data: grp: 11 chan: 255 sseq: 3 rseq: 7 more: 0
  X.25 reasm status: skipped
  X.233 CLNP Data (compressed header):
   LRef: 0x42 Prio: 11 Flags: 0xf6
   Lifetime: 20.0 sec
   PDU Id: 0x47
   X.224 COTP Data Ack:
    dst_ref: 0x0aab
    rseq: 5 credit: 3
    ATN checksum: 43 f9 97 2d
   X.224 COTP Data:
    dst_ref: 0x0aab
    sseq: 4 req_of_ack: 0 EoT: 1
    COTP reasm status: skipped
    ATN checksum: 4c 1a c9 62
    CPDLC Downlink Message:
     Header:
      Msg ID: 4
      Msg Ref: 5
      Timestamp: 2025-04-13 22:12:01
      Logical ACK: notRequired
     Message data:
      LOGICAL ACKNOWLEDGMENT

[2025-04-14 00:12:05 CEST] [136.975] [-3.9/-31.0 dBFS] [27.1 dB] [0.9 ppm]
02A1B0 (Aircraft, Airborne) -> 10907A (Ground station): Command
AVLC type: I sseq: 5 rseq: 5 poll: 0
 X.25 Data: grp: 11 chan: 255 sseq: 0 rseq: 2 more: 0
  X.25 reasm status: skipped
  X.233 CLNP Data (compressed header):
   LRef: 0x41 Prio: 11 Flags: 0xf6
   Lifetime: 20.0 sec
   PDU Id: 0x35b
   X.224 COTP Data Ack:
    dst_ref: 0x0ab0
    rseq: 5 credit: 3
    Flow control:
     Acked TPDU nr: 5
     Acked subsequence: 0
     Acked credit: 15
    ATN checksum: 95 a7 1b 12

[2025-04-14 00:12:07 CEST] [136.675] [-4.4/-31.1 dBFS] [26.7 dB] [0.1 ppm]
4D2006 (Aircraft, Airborne) -> 11907A (Ground station): Command
AVLC type: I sseq: 0 rseq: 6 poll: 0
 X.25 Data: grp: 11 chan: 255 sseq: 4 rseq: 2 more: 0
  X.25 reasm status: skipped
  X.233 CLNP Data (compressed header):
   LRef: 0x43 Prio: 11 Flags: 0xf6
   Lifetime: 20.0 sec
   PDU Id: 0x48
   X.224 COTP Connect Confirm:
    src_ref: 0x0035 dst_ref: 0x1b63
    Initial Credit: 1
    Protocol class: 4
    Options: 00 (use normal PDU formats)
    TPDU size (bytes): 1024
    Called/responding transport selector: 16
    Calling transport selector: 65 6d
    Priority: 3
    Ack time (ms): 1000
    Inactivity timer (ms): 360000
    Additional options: 0x00
    ATN checksum: d3 79 eb 06
    X.225 Session SPDU: Short Accept
     X.227 ACSE Associate Response:
      Application context name: { 1.3.27.3.1 }
      Associate result: accept
      ATCDownlinkMessage: <empty PDU>

[2025-04-14 00:12:18 CEST] [136.725] [-8.8/-30.7 dBFS] [22.0 dB] [3.2 ppm]
4D2255 (Aircraft, Airborne) -> 11984A (Ground station): Command
AVLC type: I sseq: 3 rseq: 4 poll: 0
 X.25 Data: grp: 11 chan: 254 sseq: 0 rseq: 1 more: 0
  X.25 reasm status: skipped
  X.233 CLNP Data (compressed header):
   LRef: 0x41 Prio: 11 Flags: 0xc0
   Lifetime: 50.0 sec
   PDU Id: 0xcee
   X.224 COTP Data Ack:
    dst_ref: 0x0a9c
    rseq: 4 credit: 3
    Checksum: 58 1a
    Flow control:
     Acked TPDU nr: 4
     Acked subsequence: 0
     Acked credit: 15

[2025-04-14 00:12:19 CEST] [136.725] [-1.9/-30.9 dBFS] [29.0 dB] [1.6 ppm]
4D22C6 (Aircraft, Airborne) -> 11984A (Ground station): Command
AVLC type: I sseq: 2 rseq: 3 poll: 0
 X.25 Data: grp: 11 chan: 255 sseq: 7 rseq: 0 more: 0
  X.25 reasm status: skipped
  X.233 CLNP Data (compressed header):
   LRef: 0x44 Prio: 11 Flags: 0xf6
   Lifetime: 20.0 sec
   PDU Id: 0xa4
   X.224 COTP Data Ack:
    dst_ref: 0x0aa2
    rseq: 4 credit: 3
    Flow control:
     Acked TPDU nr: 4
     Acked subsequence: 0
     Acked credit: 15
    ATN checksum: de 1e ce dd

[2025-04-14 00:12:19 CEST] [136.775] [-9.1/-30.5 dBFS] [21.4 dB] [2.1 ppm]
471F9E (Aircraft, Airborne) -> 233925 (Ground station): Command
AVLC type: I sseq: 0 rseq: 2 poll: 0
 X.25 Data: grp: 11 chan: 255 sseq: 4 rseq: 7 more: 0
  X.25 reasm status: skipped
  X.233 CLNP Data (compressed header):
   LRef: 0x45 Prio: 11 Flags: 0xf6
   Lifetime: 20.0 sec
   PDU Id: 0x22b
   X.224 COTP Data Ack:
    dst_ref: 0x838f
    rseq: 0 credit: 1
    Flow control:
     Acked TPDU nr: 0
     Acked subsequence: 0
     Acked credit: 1
    ATN checksum: 53 e6 c9 58

[2025-04-14 00:12:21 CEST] [136.775] [-9.8/-29.8 dBFS] [20.0 dB] [2.1 ppm]
471F9E (Aircraft, Airborne) -> 233925 (Ground station): Command
AVLC type: I sseq: 1 rseq: 2 poll: 0
 ACARS:
  Reassembly: skipped
  Reg: .HA-LZI Flight: W601CZ
  Mode: 2 Label: 17 Blk id: 8 More: 0 Ack: ! Msg num: M35A
  Message:
   221218,36050,2334, 15800,N 43.411,E  6.983,13APR25,23883,  97,- 58

[2025-04-14 00:12:35 CEST] [136.775] [-7.6/-30.1 dBFS] [22.6 dB] [-1.0 ppm]
710110 (Aircraft, Airborne) -> 233925 (Ground station): Command
AVLC type: U (XID) P/F: 1
 XID: Handoff Initiation
  Public params:
   Parameter set ID: 8885:1993
   Procedure classes: 00 01
   HDLC options: 20 a4 88
  VDL params:
   Parameter set ID: V
   XID sequencing: seq: 5 retry: 0
   Destination airport: OEJN
   Aircraft location: 44.0N 6.1E 255000 ft
   Alternate ground stations: 2654E5 23D825 26E206 2625C6 281CC5 222545 2198A5
   AVLC specific options: 24
   Connection management: 01

[2025-04-14 00:12:46 CEST] [136.775] [-8.2/-29.8 dBFS] [21.6 dB] [-1.0 ppm]
710110 (Aircraft, Airborne) -> 233925 (Ground station): Command
AVLC type: I sseq: 3 rseq: 2 poll: 0
 ACARS:
  Reassembly: skipped
  Reg: HZ-AK38 Flight: SV0020
  Mode: 2 Label: H1 Blk id: 2 More: 0 Ack: ! Msg num: F81A
  Sublabel: M1
  Message:
   POSN43599E006127,BOD-11,221245,350,DOKAR,223435,SUNEV,M55,22974,933/TS221245,1304253292

[2025-04-14 00:12:57 CEST] [136.725] [-8.0/-30.5 dBFS] [22.4 dB] [4.1 ppm]
4CADF4 (Aircraft, Airborne) -> 11985A (Ground station): Command
AVLC type: I sseq: 3 rseq: 4 poll: 0
 X.25 Data: grp: 11 chan: 254 sseq: 0 rseq: 1 more: 0
  X.25 reasm status: skipped
  X.233 CLNP Data (compressed header):
   LRef: 0x42 Prio: 11 Flags: 0xc0
   Lifetime: 50.0 sec
   PDU Id: 0x1387
   X.224 COTP Data Ack:
    dst_ref: 0x0ab6
    rseq: 2 credit: 2
    Checksum: d8 84
    Flow control:
     Acked TPDU nr: 2
     Acked subsequence: 0
     Acked credit: 15

[2025-04-14 00:12:59 CEST] [136.675] [-3.3/-30.8 dBFS] [27.6 dB] [0.0 ppm]
4D2006 (Aircraft, Airborne) -> 11907A (Ground station): Command
AVLC type: I sseq: 2 rseq: 0 poll: 0
 ACARS:
  Reassembly: skipped
  Reg: .9H-EUP Flight: LH006K
  Mode: 2 Label: 1L Blk id: 6 More: 0 Ack: ! Msg num: M17A
  Message:
   00013209272KIIY(Y)UU+6X87--125435144M26J(2+R5T::1I0PAP

[2025-04-14 00:13:09 CEST] [136.675] [-3.2/-30.8 dBFS] [27.5 dB] [0.0 ppm]
4D2006 (Aircraft, Airborne) -> 11907A (Ground station): Command
AVLC type: I sseq: 3 rseq: 2 poll: 0
 X.25 Data: grp: 11 chan: 255 sseq: 6 rseq: 5 more: 0
  X.25 reasm status: skipped
  X.233 CLNP Data (compressed header):
   LRef: 0x43 Prio: 11 Flags: 0xf6
   Lifetime: 20.0 sec
   PDU Id: 0x4a
   X.224 COTP Data Ack:
    dst_ref: 0x1b63
    rseq: 0 credit: 1
    Flow control:
     Acked TPDU nr: 0
     Acked subsequence: 0
     Acked credit: 10
    ATN checksum: a6 79 3d 8b

[2025-04-14 00:13:12 CEST] [136.675] [-3.6/-30.7 dBFS] [27.1 dB] [-0.0 ppm]
4D2006 (Aircraft, Airborne) -> 11907A (Ground station): Command
AVLC type: I sseq: 3 rseq: 2 poll: 0
 X.25 Data: grp: 11 chan: 255 sseq: 6 rseq: 5 more: 0
  X.25 reasm status: skipped
  X.233 CLNP Data (compressed header):
   LRef: 0x43 Prio: 11 Flags: 0xf6
   Lifetime: 20.0 sec
   PDU Id: 0x4a
   X.224 COTP Data Ack:
    dst_ref: 0x1b63
    rseq: 0 credit: 1
    Flow control:
     Acked TPDU nr: 0
     Acked subsequence: 0
     Acked credit: 10
    ATN checksum: a6 79 3d 8b

[2025-04-14 00:13:22 CEST] [136.775] [-8.6/-30.1 dBFS] [21.5 dB] [1.7 ppm]
471F9E (Aircraft, Airborne) -> 233925 (Ground station): Command
AVLC type: I sseq: 2 rseq: 5 poll: 0
 X.25 Data: grp: 11 chan: 255 sseq: 5 rseq: 0 more: 0
  X.25 reasm status: skipped
  X.233 CLNP Data (compressed header):
   LRef: 0x41 Prio: 11 Flags: 0xf6
   Lifetime: 20.0 sec
   PDU Id: 0x22c
   X.224 COTP Data Ack:
    dst_ref: 0x0aae
    rseq: 5 credit: 3
    Flow control:
     Acked TPDU nr: 5
     Acked subsequence: 0
     Acked credit: 15
    ATN checksum: 15 fc 85 fa

[2025-04-14 00:13:35 CEST] [136.675] [-3.8/-30.7 dBFS] [26.9 dB] [-0.2 ppm]
4D2006 (Aircraft, Airborne) -> 11907A (Ground station): Command
AVLC type: I sseq: 4 rseq: 3 poll: 0
 X.25 Data: grp: 11 chan: 255 sseq: 7 rseq: 6 more: 0
  X.25 reasm status: skipped
  X.233 CLNP Data (compressed header):
   LRef: 0x42 Prio: 11 Flags: 0xf6
   Lifetime: 20.0 sec
   PDU Id: 0x4b
   X.224 COTP Data Ack:
    dst_ref: 0x0aab
    rseq: 5 credit: 3
    Flow control:
     Acked TPDU nr: 5
     Acked subsequence: 0
     Acked credit: 15
    ATN checksum: 48 09 ba 43

