[2025-07-02 00:00:02 CEST] [136.725] [-13.4/-31.9 dBFS] [18.4 dB] [2.8 ppm]
4CA857 (Aircraft, Airborne) -> 11985A (Ground station): Command
AVLC type: I sseq: 2 rseq: 2 poll: 0
 ACARS:
  Reassembly: skipped
  Reg: .EI-EMO Flight: FR33VD
  Mode: 2 Label: 16 Blk id: 1 More: 0 Ack: ! Msg num: M62A
  Message:
   220000,,2251, 109,N   .    MMMM.MMM

[2025-07-02 00:00:35 CEST] [136.675] [-15.2/-32.5 dBFS] [17.2 dB] [2.4 ppm]
39DD42 (Aircraft, Airborne) -> 12957A (Ground station): Command
AVLC type: I sseq: 3 rseq: 2 poll: 0
 ACARS:
  Reassembly: skipped
  Reg: .F-HXKC Flight: XK32TA
  Mode: 2 Label: 16 Blk id: 7 More: 0 Ack: ! Msg num: M84A
  Message:
   LAT N 45.119/LON E  6.156

[2025-07-02 00:00:49 CEST] [136.975] [-11.3/-32.5 dBFS] [21.1 dB] [0.6 ppm]
40796E (Aircraft, Airborne) -> 10FA5A (Ground station): Command
AVLC type: I sseq: 5 rseq: 1 poll: 0
 X.25 Data: grp: 11 chan: 255 sseq: 3 rseq: 7 more: 0
  X.25 reasm status: skipped
  X.233 CLNP Data (compressed header):
   LRef: 0x41 Prio: 11 Flags: 0xf6
   Lifetime: 20.0 sec
   PDU Id: 0x426
   X.224 COTP Data Ack:
    dst_ref: 0x649e
    rseq: 4 credit: 3
    Flow control:
     Acked TPDU nr: 4
     Acked subsequence: 0
     Acked credit: 15
    ATN checksum: 27 b1 97 d1

[2025-07-02 00:00:58 CEST] [136.725] [-6.9/-31.9 dBFS] [25.0 dB] [3.7 ppm]
34714E (Aircraft, Airborne) -> 11984A (Ground station): Command
AVLC type: I sseq: 3 rseq: 3 poll: 0
 X.25 Data: grp: 11 chan: 255 sseq: 0 rseq: 1 more: 0
  X.25 reasm status: skipped
  X.233 CLNP Data (compressed header):
   LRef: 0x41 Prio: 11 Flags: 0xf6
   Lifetime: 20.0 sec
   PDU Id: 0x248
   X.224 COTP Data Ack:
    dst_ref: 0x6478
    rseq: 8 credit: 3
    Flow control:
     Acked TPDU nr: 8
     Acked subsequence: 0
     Acked credit: 15
    ATN checksum: 0c 47 5b eb

[2025-07-02 00:01:27 CEST] [136.725] [-13.1/-31.9 dBFS] [18.7 dB] [2.3 ppm]
39DD42 (Aircraft, Airborne) -> 11984A (Ground station): Command
AVLC type: I sseq: 2 rseq: 3 poll: 0
 X.25 Data: grp: 11 chan: 255 sseq: 0 rseq: 1 more: 0
  X.25 reasm status: skipped
  X.233 CLNP Data (compressed header):
   LRef: 0x43 Prio: 11 Flags: 0xf6
   Lifetime: 20.0 sec
   PDU Id: 0x24e
   X.224 COTP Data Ack:
    dst_ref: 0x6491
    rseq: 2 credit: 2
    Flow control:
     Acked TPDU nr: 2
     Acked subsequence: 0
     Acked credit: 15
    ATN checksum: dc fd 74 f0

[2025-07-02 00:01:33 CEST] [136.725] [-0.9/-32.0 dBFS] [31.2 dB] [2.7 ppm]
4CA857 (Aircraft, Airborne) -> 11985A (Ground station): Command
AVLC type: I sseq: 4 rseq: 5 poll: 0
 X.25 Data: grp: 11 chan: 254 sseq: 6 rseq: 7 more: 0
  X.25 reasm status: skipped
  X.233 CLNP Data (compressed header):
   LRef: 0x42 Prio: 11 Flags: 0xc0
   Lifetime: 50.0 sec
   PDU Id: 0x1459
   X.224 COTP Data Ack:
    dst_ref: 0x6490
    rseq: 0 credit: 1
    Checksum: 7c b1
    Flow control:
     Acked TPDU nr: 0
     Acked subsequence: 0
     Acked credit: 15

[2025-07-02 00:01:57 CEST] [136.725] [-3.9/-31.9 dBFS] [28.0 dB] [2.5 ppm]
4CA857 (Aircraft, Airborne) -> 11985A (Ground station): Command
AVLC type: I sseq: 5 rseq: 5 poll: 0
 X.25 Data: grp: 11 chan: 254 sseq: 7 rseq: 7 more: 0
  X.25 reasm status: skipped
  X.233 CLNP Data (compressed header):
   LRef: 0x41 Prio: 11 Flags: 0xc0
   Lifetime: 50.0 sec
   PDU Id: 0x145a
   X.224 COTP Data Ack:
    dst_ref: 0xf56d
    rseq: 7 credit: 3
    Checksum: b5 ae

[2025-07-02 00:02:19 CEST] [136.675] [-8.7/-32.4 dBFS] [23.6 dB] [3.0 ppm]
4D2242 (Aircraft, Airborne) -> 11907A (Ground station): Command
AVLC type: I sseq: 7 rseq: 7 poll: 0
 ACARS:
  Reassembly: skipped
  Reg: .9H-QCD Flight: FR62UE
  Mode: 2 Label: 16 Blk id: 3 More: 0 Ack: ! Msg num: M69A
  Message:
   220217,42028,2219,  94,N 43.262 E  5.691

[2025-07-02 00:02:21 CEST] [136.975] [-10.9/-32.2 dBFS] [21.3 dB] [0.3 ppm]
40796E (Aircraft, Airborne) -> 10FA5A (Ground station): Command
AVLC type: I sseq: 7 rseq: 3 poll: 0
 X.25 Data: grp: 11 chan: 255 sseq: 5 rseq: 1 more: 0
  X.25 reasm status: skipped
  X.233 CLNP Data (compressed header):
   LRef: 0x41 Prio: 11 Flags: 0xf6
   Lifetime: 20.0 sec
   PDU Id: 0x428
   X.224 COTP Data Ack:
    dst_ref: 0x649e
    rseq: 4 credit: 3
    Flow control:
     Acked TPDU nr: 4
     Acked subsequence: 0
     Acked credit: 15
    ATN checksum: 27 b1 97 d1

[2025-07-02 00:02:30 CEST] [136.725] [-10.2/-32.4 dBFS] [22.3 dB] [4.1 ppm]
34714E (Aircraft, Airborne) -> 11984A (Ground station): Command
AVLC type: I sseq: 5 rseq: 5 poll: 0
 X.25 Data: grp: 11 chan: 255 sseq: 2 rseq: 3 more: 0
  X.25 reasm status: skipped
  X.233 CLNP Data (compressed header):
   LRef: 0x41 Prio: 11 Flags: 0xf6
   Lifetime: 20.0 sec
   PDU Id: 0x24a
   X.224 COTP Data Ack:
    dst_ref: 0x6478
    rseq: 8 credit: 3
    Flow control:
     Acked TPDU nr: 8
     Acked subsequence: 0
     Acked credit: 15
    ATN checksum: 0c 47 5b eb

[2025-07-02 00:02:34 CEST] [136.975] [-12.5/-32.2 dBFS] [19.7 dB] [0.1 ppm]
40796E (Aircraft, Airborne) -> 10FA5A (Ground station): Command
AVLC type: I sseq: 0 rseq: 3 poll: 0
 ACARS:
  Reassembly: skipped
  Reg: .G-HLYF Flight: LS85BE
  Mode: 2 Label: 58 Blk id: 6 More: 0 Ack: ! Msg num: M95A
  Message:
   LS85BE/01/220233/N44.488/E6.620/36002/N/

[2025-07-02 00:02:56 CEST] [136.775] [-11.8/-31.4 dBFS] [19.5 dB] [0.9 ppm]
500310 (Aircraft, Airborne) -> 233925 (Ground station): Command
AVLC type: I sseq: 6 rseq: 5 poll: 0
 X.25 Data: grp: 4 chan: 3 sseq: 5 rseq: 5 more: 0
  X.25 reasm status: skipped
  X.233 CLNP Data (compressed header):
   LRef: 0x42 Prio: 11 Flags: 0xe0
   Lifetime: 127.0 sec
   PDU Id: 0x34
   X.224 COTP Data Ack:
    dst_ref: 0x648d
    rseq: 4 credit: 3
    ATN checksum: 33 1c fb 2b

[2025-07-02 00:02:59 CEST] [136.725] [-13.7/-32.8 dBFS] [19.1 dB] [2.3 ppm]
39DD42 (Aircraft, Airborne) -> 11984A (Ground station): Command
AVLC type: I sseq: 3 rseq: 4 poll: 0
 X.25 Data: grp: 11 chan: 255 sseq: 1 rseq: 2 more: 0
  X.25 reasm status: skipped
  X.233 CLNP Data (compressed header):
   LRef: 0x43 Prio: 11 Flags: 0xf6
   Lifetime: 20.0 sec
   PDU Id: 0x24f
   X.224 COTP Data Ack:
    dst_ref: 0x6491
    rseq: 2 credit: 2
    Flow control:
     Acked TPDU nr: 2
     Acked subsequence: 0
     Acked credit: 15
    ATN checksum: dc fd 74 f0

[2025-07-02 00:03:08 CEST] [136.725] [-13.6/-32.5 dBFS] [18.8 dB] [3.3 ppm]
040242 (Aircraft, Airborne) -> 11984A (Ground station): Command
AVLC type: I sseq: 7 rseq: 1 poll: 0
 X.25 Data: grp: 11 chan: 255 sseq: 2 rseq: 5 more: 0
  X.25 reasm status: skipped
  X.233 CLNP Data (compressed header):
   LRef: 0x43 Prio: 11 Flags: 0xf6
   Lifetime: 32.0 sec
   PDU Id: 0x2e5
   X.224 COTP Data Ack:
    dst_ref: 0x6494
    rseq: 4 credit: 3
    Flow control:
     Acked TPDU nr: 4
     Acked subsequence: 0
     Acked credit: 15
    ATN checksum: b7 40 15 dd

[2025-07-02 00:03:11 CEST] [136.875] [-9.6/-31.4 dBFS] [21.8 dB] [2.2 ppm]
02A0AD (Aircraft, Airborne) -> 270CA1 (Ground station): Command
AVLC type: I sseq: 1 rseq: 1 poll: 0
 ACARS:
  Reassembly: skipped
  Reg: .TS-IFN Flight: TU0723
  Mode: 2 Label: 16 Blk id: 3 More: 0 Ack: ! Msg num: M23A
  Message:
   220310,40991,2315,  10,N 43.996 E  6.328

[2025-07-02 00:03:12 CEST] [136.725] [-13.5/-32.0 dBFS] [18.5 dB] [3.2 ppm]
040242 (Aircraft, Airborne) -> 11984A (Ground station): Command
AVLC type: I sseq: 7 rseq: 1 poll: 0
 X.25 Data: grp: 11 chan: 255 sseq: 2 rseq: 5 more: 0
  X.25 reasm status: skipped
  X.233 CLNP Data (compressed header):
   LRef: 0x43 Prio: 11 Flags: 0xf6
   Lifetime: 32.0 sec
   PDU Id: 0x2e5
   X.224 COTP Data Ack:
    dst_ref: 0x6494
    rseq: 4 credit: 3
    Flow control:
     Acked TPDU nr: 4
     Acked subsequence: 0
     Acked credit: 15
    ATN checksum: b7 40 15 dd

[2025-07-02 00:03:44 CEST] [136.975] [-9.9/-32.6 dBFS] [22.7 dB] [2.2 ppm]
02A0AD (Aircraft, Airborne) -> 270CB7 (Ground station): Command
AVLC type: U (XID) P/F: 1
 XID: Handoff Initiation
  Public params:
   Parameter set ID: 8885:1993
   Procedure classes: 00 01
   HDLC options: 20 a4 80
  VDL params:
   Parameter set ID: V
   Connection management: 01
   XID sequencing: seq: 5 retry: 0
   AVLC specific options: 25
   Destination airport: DTTA
   Aircraft location: 43.9N 6.3E 41000 ft

[2025-07-02 00:03:46 CEST] [136.975] [-10.7/-32.0 dBFS] [21.3 dB] [1.9 ppm]
02A0AD (Aircraft, Airborne) -> 270CB7 (Ground station): Command
AVLC type: I sseq: 1 rseq: 1 poll: 0
 ACARS:
  Reassembly: skipped
  Reg: .TS-IFN Flight: TU0723
  Mode: 2 Label: SA Blk id: 5 More: 0 Ack: ! Msg num: S61A
  Message:
   0EV220344VS
  Media Advisory, version 0:
   Link VHF ACARS established at 22:03:44 UTC
   Available links: VHF ACARS, Default SATCOM

[2025-07-02 00:03:51 CEST] [136.975] [-10.3/-32.4 dBFS] [22.1 dB] [2.3 ppm]
02A0AD (Aircraft, Airborne) -> 270CB7 (Ground station): Command
AVLC type: I sseq: 2 rseq: 2 poll: 0
 ACARS:
  Reassembly: skipped
  Reg: .TS-IFN Flight: TU0723
  Mode: 2 Label: H1 Blk id: 6 More: 0 Ack: ! Msg num: F14A
  Sublabel: M1
  Message:
   /QXSXMXS.PRG/DTDTTA,19O,134,231142,048/FNTAR723/GAQXSXMXS/CATUNASTU/TS220345,010725BA01

[2025-07-02 00:03:53 CEST] [136.975] [-13.2/-32.3 dBFS] [19.1 dB] [0.2 ppm]
40796E (Aircraft, Airborne) -> 10FA5A (Ground station): Command
AVLC type: I sseq: 1 rseq: 5 poll: 0
 X.25 Data: grp: 11 chan: 255 sseq: 6 rseq: 2 more: 0
  X.25 reasm status: skipped
  X.233 CLNP Data (compressed header):
   LRef: 0x41 Prio: 11 Flags: 0xf6
   Lifetime: 20.0 sec
   PDU Id: 0x429
   X.224 COTP Data Ack:
    dst_ref: 0x649e
    rseq: 4 credit: 3
    Flow control:
     Acked TPDU nr: 4
     Acked subsequence: 0
     Acked credit: 15
    ATN checksum: 27 b1 97 d1

[2025-07-02 00:04:12 CEST] [136.975] [-7.0/-32.2 dBFS] [25.2 dB] [1.8 ppm]
02A0AD (Aircraft, Airborne) -> 270CB7 (Ground station): Command
AVLC type: I sseq: 3 rseq: 3 poll: 0
 ACARS:
  Reassembly: skipped
  Reg: .TS-IFN Flight: TU0723
  Mode: 2 Label: H1 Blk id: 7 More: 0 Ack: ! Msg num: F15A
  Sublabel: M1
  Message:
   /QXSXMXS.PRG/DTDTTA,19O,139,230907,046/FNTAR723/GAQXSXMXS/CATUNASTU/TS220410,0107258F5B

[2025-07-02 00:04:15 CEST] [136.975] [-7.1/-32.2 dBFS] [25.2 dB] [2.0 ppm]
02A0AD (Aircraft, Airborne) -> 270CB7 (Ground station): Command
AVLC type: I sseq: 3 rseq: 3 poll: 0
 ACARS:
  Reassembly: skipped
  Reg: .TS-IFN Flight: TU0723
  Mode: 2 Label: H1 Blk id: 7 More: 0 Ack: ! Msg num: F15A
  Sublabel: M1
  Message:
   /QXSXMXS.PRG/DTDTTA,19O,139,230907,046/FNTAR723/GAQXSXMXS/CATUNASTU/TS220410,0107258F5B

[2025-07-02 00:04:29 CEST] [136.725] [-15.0/-32.3 dBFS] [17.3 dB] [3.8 ppm]
34714E (Aircraft, Airborne) -> 11984A (Ground station): Command
AVLC type: I sseq: 0 rseq: 1 poll: 0
 X.25 Data: grp: 11 chan: 255 sseq: 5 rseq: 7 more: 0
  X.25 reasm status: skipped
  X.233 CLNP Data (compressed header):
   LRef: 0x41 Prio: 11 Flags: 0xf6
   Lifetime: 20.0 sec
   PDU Id: 0x24d
   X.224 COTP Disconnect Confirm:
    src_ref: 0x0042 dst_ref: 0x6478
    ATN checksum: 0c 39 b1 c0

[2025-07-02 00:04:34 CEST] [136.725] [-15.6/-32.0 dBFS] [16.4 dB] [2.1 ppm]
39DD42 (Aircraft, Airborne) -> 11984A (Ground station): Command
AVLC type: I sseq: 5 rseq: 5 poll: 0
 X.25 Data: grp: 11 chan: 255 sseq: 3 rseq: 3 more: 0
  X.25 reasm status: skipped
  X.233 CLNP Data (compressed header):
   LRef: 0x43 Prio: 11 Flags: 0xf6
   Lifetime: 20.0 sec
   PDU Id: 0x251
   X.224 COTP Data Ack:
    dst_ref: 0x6491
    rseq: 2 credit: 2
    Flow control:
     Acked TPDU nr: 2
     Acked subsequence: 0
     Acked credit: 15
    ATN checksum: dc fd 74 f0

[2025-07-02 00:04:37 CEST] [136.725] [-6.9/-31.7 dBFS] [24.8 dB] [2.3 ppm]
4CA857 (Aircraft, Airborne) -> 11985A (Ground station): Command
AVLC type: I sseq: 7 rseq: 0 poll: 0
 X.25 Data: grp: 11 chan: 254 sseq: 1 rseq: 2 more: 0
  X.25 reasm status: skipped
  X.233 CLNP Data (compressed header):
   LRef: 0x42 Prio: 11 Flags: 0xc0
   Lifetime: 50.0 sec
   PDU Id: 0x145c
   X.224 COTP Data Ack:
    dst_ref: 0x6490
    rseq: 0 credit: 1
    Checksum: 7c b1
    Flow control:
     Acked TPDU nr: 0
     Acked subsequence: 0
     Acked credit: 15

[2025-07-02 00:04:40 CEST] [136.725] [-11.8/-32.2 dBFS] [20.4 dB] [2.8 ppm]
040242 (Aircraft, Airborne) -> 11984A (Ground station): Command
AVLC type: I sseq: 1 rseq: 3 poll: 0
 X.25 Data: grp: 11 chan: 255 sseq: 4 rseq: 7 more: 0
  X.25 reasm status: skipped
  X.233 CLNP Data (compressed header):
   LRef: 0x43 Prio: 11 Flags: 0xf6
   Lifetime: 32.0 sec
   PDU Id: 0x2e7
   X.224 COTP Data Ack:
    dst_ref: 0x6494
    rseq: 4 credit: 3
    Flow control:
     Acked TPDU nr: 4
     Acked subsequence: 0
     Acked credit: 15
    ATN checksum: b7 40 15 dd

[2025-07-02 00:04:42 CEST] [136.725] [-8.5/-32.2 dBFS] [23.7 dB] [2.5 ppm]
4CA857 (Aircraft, Airborne) -> 11985A (Ground station): Command
AVLC type: I sseq: 0 rseq: 0 poll: 0
 X.25 Data: grp: 11 chan: 254 sseq: 2 rseq: 2 more: 0
  X.25 reasm status: skipped
  X.233 CLNP Data (compressed header):
   LRef: 0x41 Prio: 11 Flags: 0xc0
   Lifetime: 50.0 sec
   PDU Id: 0x145d
   X.224 COTP Data Ack:
    dst_ref: 0xf56d
    rseq: 7 credit: 3
    Checksum: b5 ae

[2025-07-02 00:05:46 CEST] [136.725] [-9.0/-32.4 dBFS] [23.3 dB] [3.1 ppm]
040242 (Aircraft, Airborne) -> 11984A (Ground station): Command
AVLC type: I sseq: 2 rseq: 3 poll: 0
 ACARS:
  Reassembly: skipped
  Reg: .ET-BAY Flight: ET0501
  Mode: 2 Label: SA Blk id: 1 More: 0 Ack: ! Msg num: S15A
  Message:
   0LH220546VS/
  Media Advisory, version 0:
   Link HF lost at 22:05:46 UTC
   Available links: VHF ACARS, Default SATCOM

[2025-07-02 00:05:54 CEST] [136.675] [-12.1/-32.2 dBFS] [20.0 dB] [2.6 ppm]
4CA225 (Aircraft, Airborne) -> 11907A (Ground station): Command
AVLC type: I sseq: 2 rseq: 2 poll: 0
 X.25 Data: grp: 11 chan: 255 sseq: 7 rseq: 7 more: 0
  X.25 reasm status: skipped
  X.233 CLNP Data (compressed header):
   LRef: 0x41 Prio: 11 Flags: 0xc0
   Lifetime: 50.0 sec
   PDU Id: 0x2b6
   X.224 COTP Data Ack:
    dst_ref: 0xf59d
    rseq: 11 credit: 4
    Checksum: ad 81

[2025-07-02 00:06:05 CEST] [136.725] [-10.5/-32.3 dBFS] [21.8 dB] [3.0 ppm]
040242 (Aircraft, Airborne) -> 11984A (Ground station): Command
AVLC type: I sseq: 3 rseq: 4 poll: 0
 ACARS:
  Reassembly: skipped
  Reg: .ET-BAY Flight: ET0501
  Mode: 2 Label: B9 Blk id: 2 More: 0 Ack: ! Msg num: J61A
  Message:
   /LSGG.TI2/000LSGGAFE93

[2025-07-02 00:06:09 CEST] [136.725] [-12.4/-32.3 dBFS] [19.9 dB] [2.4 ppm]
4CA857 (Aircraft, Airborne) -> 11985A (Ground station): Command
AVLC type: I sseq: 2 rseq: 3 poll: 0
 X.25 Data: grp: 11 chan: 254 sseq: 4 rseq: 5 more: 0
  X.25 reasm status: skipped
  X.233 CLNP Data (compressed header):
   LRef: 0x42 Prio: 11 Flags: 0xc0
   Lifetime: 50.0 sec
   PDU Id: 0x145f
   X.224 COTP Data Ack:
    dst_ref: 0x6490
    rseq: 0 credit: 1
    Checksum: 7c b1
    Flow control:
     Acked TPDU nr: 0
     Acked subsequence: 0
     Acked credit: 15

[2025-07-02 00:06:11 CEST] [136.725] [-6.1/-32.0 dBFS] [25.8 dB] [2.4 ppm]
4CAE55 (Aircraft, Airborne) -> 11985A (Ground station): Command
AVLC type: I sseq: 1 rseq: 1 poll: 0
 X.25 Data: grp: 11 chan: 255 sseq: 4 rseq: 5 more: 0
  X.25 reasm status: skipped
  X.233 CLNP Data (compressed header):
   LRef: 0x42 Prio: 11 Flags: 0xc0
   Lifetime: 50.0 sec
   PDU Id: 0x374
   X.224 COTP Data Ack:
    dst_ref: 0x6492
    rseq: 4 credit: 3
    Checksum: 6c b5
    Flow control:
     Acked TPDU nr: 4
     Acked subsequence: 0
     Acked credit: 15

[2025-07-02 00:07:01 CEST] [136.975] [-10.0/-32.0 dBFS] [22.0 dB] [2.1 ppm]
4CA857 (Aircraft, Airborne) -> 10985A (Ground station): Command
AVLC type: U (XID) P/F: 1
 XID: Handoff Initiation
  Public params:
   Parameter set ID: 8885:1993
   Procedure classes: 00 01
   HDLC options: 20 84 80
  VDL params:
   Parameter set ID: V
   XID sequencing: seq: 6 retry: 0
   Destination airport: LIMC
   Aircraft location: 0.0N 0.0E 0 ft
   Alternate ground stations: 10952A
   AVLC specific options: 24
   Connection management: 01

[2025-07-02 00:07:06 CEST] [136.775] [-16.0/-31.8 dBFS] [15.7 dB] [0.8 ppm]
500310 (Aircraft, Airborne) -> 233925 (Ground station): Command
AVLC type: I sseq: 4 rseq: 0 poll: 0
 X.25 Data: grp: 4 chan: 3 sseq: 3 rseq: 6 more: 0
  X.25 reasm status: skipped
  X.233 CLNP Data (compressed header):
   LRef: 0x42 Prio: 11 Flags: 0xe0
   Lifetime: 127.0 sec
   PDU Id: 0x3a
   X.224 COTP Data Ack:
    dst_ref: 0x648d
    rseq: 6 credit: 3
    ATN checksum: dd b5 60 80

[2025-07-02 00:07:27 CEST] [136.975] [-11.0/-31.9 dBFS] [21.0 dB] [1.9 ppm]
4CA857 (Aircraft, Airborne) -> 10985A (Ground station): Command
AVLC type: I sseq: 2 rseq: 2 poll: 0
 X.25 Data: grp: 11 chan: 255 sseq: 0 rseq: 0 more: 0
  X.25 reasm status: skipped
  X.233 CLNP Data (compressed header):
   LRef: 0x41 Prio: 11 Flags: 0xc0
   Lifetime: 50.0 sec
   PDU Id: 0x1460
   X.224 COTP Data Ack:
    dst_ref: 0xf56d
    rseq: 7 credit: 3
    Checksum: b5 ae

[2025-07-02 00:07:34 CEST] [136.725] [-9.3/-32.1 dBFS] [22.8 dB] [1.9 ppm]
39DD42 (Aircraft, Airborne) -> 11984A (Ground station): Command
AVLC type: I sseq: 2 rseq: 3 poll: 0
 X.25 Data: grp: 11 chan: 255 sseq: 5 rseq: 6 more: 0
  X.25 reasm status: skipped
  X.233 CLNP Data (compressed header):
   LRef: 0x43 Prio: 11 Flags: 0xf6
   Lifetime: 20.0 sec
   PDU Id: 0x253
   X.224 COTP Data Ack:
    dst_ref: 0x6491
    rseq: 2 credit: 2
    Flow control:
     Acked TPDU nr: 2
     Acked subsequence: 0
     Acked credit: 15
    ATN checksum: dc fd 74 f0

[2025-07-02 00:07:44 CEST] [136.975] [-9.3/-32.0 dBFS] [22.8 dB] [2.0 ppm]
4CA857 (Aircraft, Airborne) -> 10985A (Ground station): Command
AVLC type: I sseq: 3 rseq: 4 poll: 0
 X.25 Data: grp: 11 chan: 255 sseq: 1 rseq: 2 more: 0
  X.25 reasm status: skipped
  X.233 CLNP Data (compressed header):
   LRef: 0x42 Prio: 11 Flags: 0xc0
   Lifetime: 50.0 sec
   PDU Id: 0x1461
   X.224 COTP Data Ack:
    dst_ref: 0x6490
    rseq: 0 credit: 1
    Checksum: 7c b1
    Flow control:
     Acked TPDU nr: 0
     Acked subsequence: 0
     Acked credit: 15

[2025-07-02 00:07:44 CEST] [136.725] [-11.0/-32.1 dBFS] [21.1 dB] [2.9 ppm]
040242 (Aircraft, Airborne) -> 11984A (Ground station): Command
AVLC type: I sseq: 6 rseq: 7 poll: 0
 X.25 Data: grp: 11 chan: 255 sseq: 6 rseq: 1 more: 0
  X.25 reasm status: skipped
  X.233 CLNP Data (compressed header):
   LRef: 0x43 Prio: 11 Flags: 0xf6
   Lifetime: 32.0 sec
   PDU Id: 0x2e9
   X.224 COTP Data Ack:
    dst_ref: 0x6494
    rseq: 4 credit: 3
    Flow control:
     Acked TPDU nr: 4
     Acked subsequence: 0
     Acked credit: 15
    ATN checksum: b7 40 15 dd

[2025-07-02 00:07:48 CEST] [136.975] [-12.3/-31.6 dBFS] [19.4 dB] [2.2 ppm]
4CA857 (Aircraft, Airborne) -> 10985A (Ground station): Command
AVLC type: I sseq: 4 rseq: 6 poll: 0
 X.25 Data: grp: 11 chan: 255 sseq: 2 rseq: 4 more: 0
  X.25 reasm status: skipped
  X.233 CLNP Data (compressed header):
   LRef: 0x43 Prio: 11 Flags: 0xc0
   Lifetime: 50.0 sec
   PDU Id: 0x1462
   X.224 COTP Connect Confirm:
    src_ref: 0x0015 dst_ref: 0x87f7
    Initial Credit: 1
    Protocol class: 4
    Options: 00 (use normal PDU formats)
    Calling transport selector: 70 6d
    Called/responding transport selector: 02 02
    TPDU size (bytes): 1024
    Checksum: 43 2b
    Additional options: 0x00
    Ack time (ms): 1000
    Priority: 3
    Inactivity timer (ms): 360000
    X.225 Session SPDU: Short Refuse
     Refusal: transient
     Transport connection: release
     X.227 ACSE Associate Response:
      Application context name: { 1.3.27.3.1 }
      Associate result: reject (permanent)
      CPDLC Downlink Message:
       Header:
        Msg ID: 1
        Timestamp: 2025-07-01 22:07:47
        Logical ACK: notRequired
       Message data:
        NOT AUTHORIZED NEXT DATA AUTHORITY

[2025-07-02 00:07:50 CEST] [136.975] [-12.2/-32.0 dBFS] [19.8 dB] [2.2 ppm]
4CA857 (Aircraft, Airborne) -> 10985A (Ground station): Command
AVLC type: I sseq: 5 rseq: 0 poll: 0
 X.25 Data: grp: 11 chan: 255 sseq: 3 rseq: 6 more: 0
  X.25 reasm status: skipped
  X.233 CLNP Data (compressed header):
   LRef: 0x43 Prio: 11 Flags: 0xc0
   Lifetime: 50.0 sec
   PDU Id: 0x1463
   X.224 COTP Disconnect Confirm:
    src_ref: 0x0015 dst_ref: 0x87f7
    Checksum: 80 5b

[2025-07-02 00:07:57 CEST] [136.725] [-14.9/-32.5 dBFS] [17.6 dB] [2.3 ppm]
4CAE55 (Aircraft, Airborne) -> 11985A (Ground station): Command
AVLC type: I sseq: 3 rseq: 2 poll: 0
 ACARS:
  Reassembly: skipped
  Reg: .EI-IJE Flight: FR75SM
  Mode: 2 Label: B9 Blk id: 9 More: 0 Ack: ! Msg num: M42A
  Message:
   /LIMC.TI2/024LIMCAE0D8

[2025-07-02 00:08:32 CEST] [136.975] [-12.2/-32.1 dBFS] [19.9 dB] [0.2 ppm]
40796E (Aircraft, Airborne) -> 10FA5A (Ground station): Command
AVLC type: I sseq: 5 rseq: 0 poll: 0
 X.25 Data: grp: 11 chan: 255 sseq: 2 rseq: 5 more: 0
  X.25 reasm status: skipped
  X.233 CLNP Data (compressed header):
   LRef: 0x41 Prio: 11 Flags: 0xf6
   Lifetime: 20.0 sec
   PDU Id: 0x42d
   X.224 COTP Data Ack:
    dst_ref: 0x649e
    rseq: 4 credit: 3
    Flow control:
     Acked TPDU nr: 4
     Acked subsequence: 0
     Acked credit: 15
    ATN checksum: 27 b1 97 d1

[2025-07-02 00:08:39 CEST] [136.675] [-13.9/-32.5 dBFS] [18.6 dB] [2.9 ppm]
4CA225 (Aircraft, Airborne) -> 11907A (Ground station): Command
AVLC type: I sseq: 5 rseq: 5 poll: 0
 X.25 Data: grp: 11 chan: 255 sseq: 2 rseq: 2 more: 0
  X.25 reasm status: skipped
  X.233 CLNP Data (compressed header):
   LRef: 0x41 Prio: 11 Flags: 0xc0
   Lifetime: 50.0 sec
   PDU Id: 0x2b9
   X.224 COTP Data Ack:
    dst_ref: 0xf59d
    rseq: 11 credit: 4
    Checksum: ad 81

[2025-07-02 00:08:56 CEST] [136.975] [-10.3/-31.9 dBFS] [21.6 dB] [0.0 ppm]
40796E (Aircraft, Airborne) -> 10FA5A (Ground station): Command
AVLC type: I sseq: 6 rseq: 1 poll: 0
 X.25 Data: grp: 11 chan: 255 sseq: 3 rseq: 6 more: 0
  X.25 reasm status: skipped
  X.233 CLNP Data (compressed header):
   LRef: 0x41 Prio: 11 Flags: 0xf6
   Lifetime: 20.0 sec
   PDU Id: 0x42e
   X.224 COTP Data Ack:
    dst_ref: 0x649e
    rseq: 5 credit: 3
    ATN checksum: 7c 47 aa 84
   X.224 COTP Data:
    dst_ref: 0x649e
    sseq: 4 req_of_ack: 0 EoT: 1
    COTP reasm status: skipped
    ATN checksum: d2 d9 01 5d
    CPDLC Downlink Message:
     Header:
      Msg ID: 4
      Msg Ref: 8
      Timestamp: 2025-07-01 22:08:55
      Logical ACK: notRequired
     Message data:
      ERROR
       Error information: insufficientResources
      FREE TEXT
       UPLINK DELAYED IN NETWORK AND REJECTED. RESEND OR CONTACT BY VOICE 

[2025-07-02 00:09:06 CEST] [136.725] [-12.1/-32.1 dBFS] [19.9 dB] [1.6 ppm]
39DD42 (Aircraft, Airborne) -> 11984A (Ground station): Command
AVLC type: I sseq: 3 rseq: 4 poll: 0
 X.25 Data: grp: 11 chan: 255 sseq: 6 rseq: 7 more: 0
  X.25 reasm status: skipped
  X.233 CLNP Data (compressed header):
   LRef: 0x43 Prio: 11 Flags: 0xf6
   Lifetime: 20.0 sec
   PDU Id: 0x254
   X.224 COTP Data Ack:
    dst_ref: 0x6491
    rseq: 2 credit: 2
    Flow control:
     Acked TPDU nr: 2
     Acked subsequence: 0
     Acked credit: 15
    ATN checksum: dc fd 74 f0

[2025-07-02 00:09:09 CEST] [136.975] [-13.7/-32.3 dBFS] [18.6 dB] [-0.0 ppm]
40796E (Aircraft, Airborne) -> 10FA5A (Ground station): Command
AVLC type: I sseq: 7 rseq: 1 poll: 0
 X.25 Data: grp: 11 chan: 255 sseq: 4 rseq: 6 more: 0
  X.25 reasm status: skipped
  X.233 CLNP Data (compressed header):
   LRef: 0x41 Prio: 11 Flags: 0xf6
   Lifetime: 20.0 sec
   PDU Id: 0x42f
   X.224 COTP Data:
    dst_ref: 0x649e
    sseq: 4 req_of_ack: 0 EoT: 1
    COTP reasm status: skipped
    ATN checksum: d2 d9 01 5d
    CPDLC Downlink Message:
     Header:
      Msg ID: 4
      Msg Ref: 8
      Timestamp: 2025-07-01 22:08:55
      Logical ACK: notRequired
     Message data:
      ERROR
       Error information: insufficientResources
      FREE TEXT
       UPLINK DELAYED IN NETWORK AND REJECTED. RESEND OR CONTACT BY VOICE 

[2025-07-02 00:09:13 CEST] [136.975] [-10.1/-32.2 dBFS] [22.1 dB] [2.0 ppm]
4CA857 (Aircraft, Airborne) -> 10985A (Ground station): Command
AVLC type: I sseq: 6 rseq: 1 poll: 0
 X.25 Data: grp: 11 chan: 255 sseq: 4 rseq: 7 more: 0
  X.25 reasm status: skipped
  X.233 CLNP Data (compressed header):
   LRef: 0x42 Prio: 11 Flags: 0xc0
   Lifetime: 50.0 sec
   PDU Id: 0x1464
   X.224 COTP Data Ack:
    dst_ref: 0x6490
    rseq: 0 credit: 1
    Checksum: 7c b1
    Flow control:
     Acked TPDU nr: 0
     Acked subsequence: 0
     Acked credit: 15

[2025-07-02 00:09:15 CEST] [136.725] [-14.3/-32.2 dBFS] [17.8 dB] [2.1 ppm]
4CAE55 (Aircraft, Airborne) -> 11985A (Ground station): Command
AVLC type: I sseq: 4 rseq: 4 poll: 0
 X.25 Data: grp: 11 chan: 255 sseq: 6 rseq: 7 more: 0
  X.25 reasm status: skipped
  X.233 CLNP Data (compressed header):
   LRef: 0x42 Prio: 11 Flags: 0xc0
   Lifetime: 50.0 sec
   PDU Id: 0x376
   X.224 COTP Data Ack:
    dst_ref: 0x6492
    rseq: 4 credit: 3
    Checksum: 6c b5
    Flow control:
     Acked TPDU nr: 4
     Acked subsequence: 0
     Acked credit: 15

[2025-07-02 00:09:31 CEST] [136.725] [-13.2/-32.2 dBFS] [19.0 dB] [2.1 ppm]
4CAE55 (Aircraft, Airborne) -> 11985A (Ground station): Command
AVLC type: I sseq: 7 rseq: 0 poll: 0
 X.25 Data: grp: 11 chan: 255 sseq: 1 rseq: 3 more: 0
  X.25 reasm status: skipped
  X.233 CLNP Data (compressed header):
   LRef: 0x43 Prio: 11 Flags: 0xc0
   Lifetime: 50.0 sec
   PDU Id: 0x379
   X.224 COTP Connect Confirm:
    src_ref: 0x000e dst_ref: 0x87f8
    Initial Credit: 1
    Protocol class: 4
    Options: 00 (use normal PDU formats)
    Calling transport selector: 70 6d
    Called/responding transport selector: 02 02
    TPDU size (bytes): 1024
    Checksum: 32 d6
    Additional options: 0x00
    Ack time (ms): 1000
    Priority: 3
    Inactivity timer (ms): 360000
    X.225 Session SPDU: Short Accept
     X.227 ACSE Associate Response:
      Application context name: { 1.3.27.3.1 }
      Associate result: accept
      ATCDownlinkMessage: <empty PDU>

[2025-07-02 00:09:35 CEST] [136.975] [-9.2/-31.9 dBFS] [22.6 dB] [1.9 ppm]
4CA857 (Aircraft, Airborne) -> 10985A (Ground station): Command
AVLC type: I sseq: 7 rseq: 2 poll: 0
 X.25 Data: grp: 11 chan: 255 sseq: 5 rseq: 0 more: 0
  X.25 reasm status: skipped
  X.233 CLNP Data (compressed header):
   LRef: 0x41 Prio: 11 Flags: 0xc0
   Lifetime: 50.0 sec
   PDU Id: 0x1465
   X.224 COTP Data Ack:
    dst_ref: 0xf56d
    rseq: 8 credit: 3
    Checksum: b1 b1

[2025-07-02 00:09:36 CEST] [136.975] [-9.2/-32.0 dBFS] [22.8 dB] [2.1 ppm]
4CA857 (Aircraft, Airborne) -> 10985A (Ground station): Command
AVLC type: I sseq: 0 rseq: 2 poll: 0
 X.25 Data: grp: 11 chan: 255 sseq: 6 rseq: 0 more: 0
  X.25 reasm status: skipped
  X.233 CLNP Data (compressed header):
   LRef: 0x41 Prio: 11 Flags: 0xc0
   Lifetime: 50.0 sec
   PDU Id: 0x1466
   X.224 COTP Disconnect Request:
    src_ref: 0x0013 dst_ref: 0xf56d
    Reason: 128 (Normal disconnect)
    Checksum: b8 00

[2025-07-02 00:09:36 CEST] [136.975] [-9.2/-32.7 dBFS] [23.6 dB] [2.0 ppm]
4CA857 (Aircraft, Airborne) -> 10985A (Ground station): Command
AVLC type: I sseq: 1 rseq: 2 poll: 0
 X.25 Data: grp: 11 chan: 255 sseq: 7 rseq: 0 more: 0
  X.25 reasm status: skipped
  X.233 CLNP Data (compressed header):
   LRef: 0x42 Prio: 11 Flags: 0xc0
   Lifetime: 50.0 sec
   PDU Id: 0x1467
   X.224 COTP Data:
    dst_ref: 0x6490
    sseq: 0 req_of_ack: 0 EoT: 1
    COTP reasm status: skipped
    Checksum: b9 3f
    X.227 ACSE Abort:
     Source: user
     Cause: no-reason-given
     CPDLC User Abort Reason: current-data-authority-abort

[2025-07-02 00:09:37 CEST] [136.975] [-9.2/-32.2 dBFS] [23.0 dB] [2.1 ppm]
4CA857 (Aircraft, Airborne) -> 10985A (Ground station): Command
AVLC type: I sseq: 2 rseq: 5 poll: 0
 X.25 Data: grp: 11 chan: 255 sseq: 0 rseq: 3 more: 0
  X.25 reasm status: skipped
  X.233 CLNP Data (compressed header):
   LRef: 0x42 Prio: 11 Flags: 0xc0
   Lifetime: 50.0 sec
   PDU Id: 0x1468
   X.224 COTP Disconnect Confirm:
    src_ref: 0x0014 dst_ref: 0x6490
    Checksum: e6 80

[2025-07-02 00:09:39 CEST] [136.975] [-8.6/-32.3 dBFS] [23.7 dB] [2.1 ppm]
4CA857 (Aircraft, Airborne) -> 10985A (Ground station): Command
AVLC type: I sseq: 3 rseq: 6 poll: 0
 X.25 Data: grp: 11 chan: 255 sseq: 1 rseq: 4 more: 0
  X.25 reasm status: skipped
  X.233 CLNP Data (compressed header):
   LRef: 0x42 Prio: 11 Flags: 0xc0
   Lifetime: 50.0 sec
   PDU Id: 0x1469
   X.224 COTP Connect Confirm:
    src_ref: 0x0016 dst_ref: 0x64b9
    Initial Credit: 1
    Protocol class: 4
    Options: 00 (use normal PDU formats)
    Calling transport selector: 70 6d
    Called/responding transport selector: 02 02
    TPDU size (bytes): 512
    Checksum: 33 ad
    Additional options: 0x00
    Ack time (ms): 1000
    Priority: 3
    Inactivity timer (ms): 360000
    X.225 Session SPDU: Short Accept
     X.227 ACSE Associate Response:
      Application context name: { 1.3.27.3.1 }
      Associate result: accept
      ATCDownlinkMessage: <empty PDU>

[2025-07-02 00:09:40 CEST] [136.975] [-8.4/-32.0 dBFS] [23.5 dB] [2.0 ppm]
4CA857 (Aircraft, Airborne) -> 10985A (Ground station): Command
AVLC type: I sseq: 4 rseq: 7 poll: 0
 X.25 Data: grp: 11 chan: 255 sseq: 2 rseq: 5 more: 0
  X.25 reasm status: skipped
  X.233 CLNP Data (compressed header):
   LRef: 0x42 Prio: 11 Flags: 0xc0
   Lifetime: 50.0 sec
   PDU Id: 0x146a
   X.224 COTP Data:
    dst_ref: 0x64b9
    sseq: 0 req_of_ack: 0 EoT: 1
    COTP reasm status: skipped
    Checksum: 50 42
    CPDLC Downlink Message:
     Header:
      Msg ID: 0
      Timestamp: 2025-07-01 22:09:38
      Logical ACK: required
     Message data:
      CURRENT DATA AUTHORITY

[2025-07-02 00:09:42 CEST] [136.975] [-8.3/-31.5 dBFS] [23.2 dB] [2.2 ppm]
4CA857 (Aircraft, Airborne) -> 10985A (Ground station): Command
AVLC type: I sseq: 5 rseq: 1 poll: 0
 X.25 Data: grp: 11 chan: 255 sseq: 3 rseq: 7 more: 0
  X.25 reasm status: skipped
  X.233 CLNP Data (compressed header):
   LRef: 0x42 Prio: 11 Flags: 0xc0
   Lifetime: 50.0 sec
   PDU Id: 0x146b
   X.224 COTP Data Ack:
    dst_ref: 0x64b9
    rseq: 1 credit: 2
    Checksum: c0 ef

[2025-07-02 00:09:43 CEST] [136.975] [-9.2/-32.2 dBFS] [23.0 dB] [2.1 ppm]
4CA857 (Aircraft, Airborne) -> 10985A (Ground station): Command
AVLC type: I sseq: 6 rseq: 3 poll: 0
 X.25 Data: grp: 11 chan: 255 sseq: 4 rseq: 1 more: 0
  X.25 reasm status: skipped
  X.233 CLNP Data (compressed header):
   LRef: 0x42 Prio: 11 Flags: 0xc0
   Lifetime: 50.0 sec
   PDU Id: 0x146c
   X.224 COTP Data Ack:
    dst_ref: 0x64b9
    rseq: 2 credit: 2
    Checksum: bc f2

[2025-07-02 00:09:43 CEST] [136.975] [-9.3/-32.5 dBFS] [23.2 dB] [2.0 ppm]
4CA857 (Aircraft, Airborne) -> 10985A (Ground station): Command
AVLC type: I sseq: 7 rseq: 3 poll: 0
 X.25 Data: grp: 11 chan: 255 sseq: 5 rseq: 1 more: 0
  X.25 reasm status: skipped
  X.233 CLNP Data (compressed header):
   LRef: 0x42 Prio: 11 Flags: 0xc0
   Lifetime: 50.0 sec
   PDU Id: 0x146d
   X.224 COTP Data Ack:
    dst_ref: 0x64b9
    rseq: 3 credit: 2
    Checksum: b8 f5

[2025-07-02 00:09:44 CEST] [136.975] [-9.4/-32.0 dBFS] [22.6 dB] [1.8 ppm]
4CA857 (Aircraft, Airborne) -> 10985A (Ground station): Command
AVLC type: I sseq: 0 rseq: 3 poll: 0
 X.25 Data: grp: 11 chan: 255 sseq: 6 rseq: 1 more: 0
  X.25 reasm status: skipped
  X.233 CLNP Data (compressed header):
   LRef: 0x42 Prio: 11 Flags: 0xc0
   Lifetime: 50.0 sec
   PDU Id: 0x146e
   X.224 COTP Data:
    dst_ref: 0x64b9
    sseq: 1 req_of_ack: 0 EoT: 1
    COTP reasm status: skipped
    Checksum: 86 17
    CPDLC Downlink Message:
     Header:
      Msg ID: 1
      Msg Ref: 3
      Timestamp: 2025-07-01 22:09:42
      Logical ACK: notRequired
     Message data:
      LOGICAL ACKNOWLEDGMENT

[2025-07-02 00:09:44 CEST] [136.975] [-9.3/-32.2 dBFS] [22.9 dB] [2.2 ppm]
4CA857 (Aircraft, Airborne) -> 10985A (Ground station): Command
AVLC type: I sseq: 1 rseq: 3 poll: 1
 X.25 Data: grp: 11 chan: 255 sseq: 7 rseq: 1 more: 0
  X.25 reasm status: skipped
  X.233 CLNP Data (compressed header):
   LRef: 0x42 Prio: 11 Flags: 0xc0
   Lifetime: 50.0 sec
   PDU Id: 0x146f
   X.224 COTP Data:
    dst_ref: 0x64b9
    sseq: 2 req_of_ack: 0 EoT: 1
    COTP reasm status: skipped
    Checksum: fa 63
    CPDLC Downlink Message:
     Header:
      Msg ID: 2
      Msg Ref: 4
      Timestamp: 2025-07-01 22:09:43
      Logical ACK: notRequired
     Message data:
      LOGICAL ACKNOWLEDGMENT

[2025-07-02 00:09:45 CEST] [136.675] [-12.3/-32.2 dBFS] [19.9 dB] [2.7 ppm]
4CA225 (Aircraft, Airborne) -> 11907A (Ground station): Command
AVLC type: I sseq: 7 rseq: 0 poll: 0
 X.25 Data: grp: 11 chan: 255 sseq: 4 rseq: 5 more: 0
  X.25 reasm status: skipped
  X.233 CLNP Data (compressed header):
   LRef: 0x0 Prio: 11 Flags: 0xc0
   Lifetime: 50.0 sec
   PDU Id: 0x2bb
   X.224 COTP Data Ack:
    dst_ref: 0x6499
    rseq: 0 credit: 1
    Checksum: 4f d5
    Flow control:
     Acked TPDU nr: 0
     Acked subsequence: 0
     Acked credit: 15

[2025-07-02 00:09:52 CEST] [136.975] [-10.8/-32.0 dBFS] [21.3 dB] [2.1 ppm]
4CA857 (Aircraft, Airborne) -> 10985A (Ground station): Command
AVLC type: I sseq: 2 rseq: 6 poll: 0
 X.25 Data: grp: 11 chan: 255 sseq: 0 rseq: 4 more: 0
  X.25 reasm status: skipped
  X.233 CLNP Data (compressed header):
   LRef: 0x42 Prio: 11 Flags: 0xc0
   Lifetime: 50.0 sec
   PDU Id: 0x1470
   X.224 COTP Data Ack:
    dst_ref: 0x64b9
    rseq: 4 credit: 3
    Checksum: ad fe

[2025-07-02 00:09:53 CEST] [136.975] [-10.6/-32.0 dBFS] [21.5 dB] [2.1 ppm]
4CA857 (Aircraft, Airborne) -> 10985A (Ground station): Command
AVLC type: I sseq: 3 rseq: 6 poll: 0
 X.25 Data: grp: 11 chan: 255 sseq: 1 rseq: 4 more: 0
  X.25 reasm status: skipped
  X.233 CLNP Data (compressed header):
   LRef: 0x42 Prio: 11 Flags: 0xc0
   Lifetime: 50.0 sec
   PDU Id: 0x1471
   X.224 COTP Data:
    dst_ref: 0x64b9
    sseq: 3 req_of_ack: 0 EoT: 1
    COTP reasm status: skipped
    Checksum: 37 eb
    CPDLC Downlink Message:
     Header:
      Msg ID: 3
      Msg Ref: 5
      Timestamp: 2025-07-01 22:09:52
      Logical ACK: notRequired
     Message data:
      LOGICAL ACKNOWLEDGMENT

[2025-07-02 00:10:30 CEST] [136.975] [-11.0/-32.2 dBFS] [21.2 dB] [2.3 ppm]
4CA857 (Aircraft, Airborne) -> 10FA5A (Ground station): Command
AVLC type: U (XID) P/F: 1
 XID: Handoff Initiation
  Public params:
   Parameter set ID: 8885:1993
   Procedure classes: 00 01
   HDLC options: 20 84 80
  VDL params:
   Parameter set ID: V
   XID sequencing: seq: 7 retry: 0
   Destination airport: LIMC
   Aircraft location: 0.0N 0.0E 0 ft
   Alternate ground stations: 10952A 10907A 10F68A 10F69B 10F63A 10FA4A 10984A 10F60B
   AVLC specific options: 24
   Connection management: 01

[2025-07-02 00:10:36 CEST] [136.975] [-12.5/-32.1 dBFS] [19.5 dB] [1.9 ppm]
4CA857 (Aircraft, Airborne) -> 10FA5A (Ground station): Command
AVLC type: I sseq: 4 rseq: 7 poll: 0
 X.25 Data: grp: 11 chan: 254 sseq: 2 rseq: 5 more: 0
  X.25 reasm status: skipped
  X.233 CLNP Data (compressed header):
   LRef: 0x40 Prio: 14 Flags: 0xc0
   Lifetime: 50.0 sec
   PDU Id: 0x1474
   IDRP Update: seq: 2 ack: 3 credit_offered: 3 credit_avail: 2
    Route:
     ID: 2
     Local preference: 0
    RD path:
     RD_SEQ:
      47 00 27 41 52 59 52 00 4c a8 57	"G.'ARYR.L.W"
    RD hop count: 1
    Security:
     Reg ID: 06 04 2b 1b 00 00
     Info:
      Supported ATSC classes: all
    Capacity: 13
    Reachability info:
     Protocol: CLNP
     Prefix length: 88
     Dest. address prefix: 47 00 27 41 52 59 52 00 4c a8 57	"G.'ARYR.L.W"

[2025-07-02 00:10:38 CEST] [136.725] [-10.4/-31.9 dBFS] [21.5 dB] [1.6 ppm]
39DD42 (Aircraft, Airborne) -> 11984A (Ground station): Command
AVLC type: I sseq: 5 rseq: 6 poll: 0
 X.25 Data: grp: 11 chan: 255 sseq: 0 rseq: 1 more: 0
  X.25 reasm status: skipped
  X.233 CLNP Data (compressed header):
   LRef: 0x43 Prio: 11 Flags: 0xf6
   Lifetime: 20.0 sec
   PDU Id: 0x256
   X.224 COTP Data Ack:
    dst_ref: 0x6491
    rseq: 2 credit: 2
    Flow control:
     Acked TPDU nr: 2
     Acked subsequence: 0
     Acked credit: 15
    ATN checksum: dc fd 74 f0

[2025-07-02 00:10:41 CEST] [136.725] [-9.4/-31.7 dBFS] [22.3 dB] [1.6 ppm]
39DD42 (Aircraft, Airborne) -> 11984A (Ground station): Command
AVLC type: I sseq: 6 rseq: 6 poll: 0
 ACARS:
  Reassembly: skipped
  Reg: .F-HXKC Flight: XK32TA
  Mode: 2 Label: 16 Blk id: 2 More: 0 Ack: ! Msg num: M87A
  Message:
   LAT N 45.119/LON E  6.156

[2025-07-02 00:10:48 CEST] [136.725] [-16.2/-31.8 dBFS] [15.6 dB] [2.5 ppm]
040242 (Aircraft, Airborne) -> 11984A (Ground station): Command
AVLC type: I sseq: 1 rseq: 2 poll: 0
 X.25 Data: grp: 11 chan: 255 sseq: 1 rseq: 4 more: 0
  X.25 reasm status: skipped
  X.233 CLNP Data (compressed header):
   LRef: 0x43 Prio: 11 Flags: 0xf6
   Lifetime: 32.0 sec
   PDU Id: 0x2ec
   X.224 COTP Data Ack:
    dst_ref: 0x6494
    rseq: 4 credit: 3
    Flow control:
     Acked TPDU nr: 4
     Acked subsequence: 0
     Acked credit: 15
    ATN checksum: b7 40 15 dd

[2025-07-02 00:11:01 CEST] [136.725] [-10.1/-32.0 dBFS] [21.8 dB] [2.0 ppm]
4CAE55 (Aircraft, Airborne) -> 11985A (Ground station): Command
AVLC type: I sseq: 1 rseq: 3 poll: 0
 X.25 Data: grp: 11 chan: 255 sseq: 3 rseq: 6 more: 0
  X.25 reasm status: skipped
  X.233 CLNP Data (compressed header):
   LRef: 0x42 Prio: 11 Flags: 0xc0
   Lifetime: 50.0 sec
   PDU Id: 0x37b
   X.224 COTP Data Ack:
    dst_ref: 0x6492
    rseq: 5 credit: 3
    Checksum: 6e b1
    Flow control:
     Acked TPDU nr: 5
     Acked subsequence: 0
     Acked credit: 15

[2025-07-02 00:11:17 CEST] [136.675] [-10.5/-32.6 dBFS] [22.1 dB] [2.7 ppm]
4CA225 (Aircraft, Airborne) -> 11907A (Ground station): Command
AVLC type: I sseq: 0 rseq: 1 poll: 0
 X.25 Data: grp: 11 chan: 255 sseq: 5 rseq: 6 more: 0
  X.25 reasm status: skipped
  X.233 CLNP Data (compressed header):
   LRef: 0x0 Prio: 11 Flags: 0xc0
   Lifetime: 50.0 sec
   PDU Id: 0x2bc
   X.224 COTP Data Ack:
    dst_ref: 0x6499
    rseq: 0 credit: 1
    Checksum: 4f d5
    Flow control:
     Acked TPDU nr: 0
     Acked subsequence: 0
     Acked credit: 15

[2025-07-02 00:11:24 CEST] [136.675] [-8.9/-32.6 dBFS] [23.7 dB] [2.9 ppm]
4CA225 (Aircraft, Airborne) -> 11907A (Ground station): Command
AVLC type: I sseq: 1 rseq: 1 poll: 0
 X.25 Data: grp: 11 chan: 255 sseq: 6 rseq: 6 more: 0
  X.25 reasm status: skipped
  X.233 CLNP Data (compressed header):
   LRef: 0x41 Prio: 11 Flags: 0xc0
   Lifetime: 50.0 sec
   PDU Id: 0x2bd
   X.224 COTP Data Ack:
    dst_ref: 0xf59d
    rseq: 11 credit: 4
    Checksum: ad 81

[2025-07-02 00:11:28 CEST] [136.775] [-11.9/-31.7 dBFS] [19.8 dB] [-0.3 ppm]
8015A7 (Aircraft, Airborne) -> 2654E5 (Ground station): Command
AVLC type: I sseq: 1 rseq: 1 poll: 0
 ACARS:
  Reassembly: in progress
  Reg: .VT-AER Flight: AI0116
  Mode: 2 Label: H1 Blk id: 2 More: 1 Ack: ! Msg num: C10A
  Sublabel: CF
  Message:
   RTE 1 01JUL25 2211 AIVT-AER AIC116 KJFK/VABB 311B-BCG-00W-19 L 1516 01JUL25
   FDE 34403200 A 2208 01JUL25
   MSG 3446891 A 2209 01JUL25 ER H PL
   DB LEFT AIMS
   DB RIGHT AIMS
   FDE 34403100 A 2208 01JUL25
   MSG 34

[2025-07-02 00:11:42 CEST] [136.725] [-11.8/-32.2 dBFS] [20.4 dB] [1.4 ppm]
39DD42 (Aircraft, Airborne) -> 11984A (Ground station): Command
AVLC type: I sseq: 7 rseq: 0 poll: 0
 X.25 Data: grp: 11 chan: 255 sseq: 1 rseq: 2 more: 0
  X.25 reasm status: skipped
  X.233 CLNP Data (compressed header):
   LRef: 0x43 Prio: 11 Flags: 0xf6
   Lifetime: 20.0 sec
   PDU Id: 0x257
   X.224 COTP Data Ack:
    dst_ref: 0x6491
    rseq: 3 credit: 2
    ATN checksum: dc 6b c6 df
   X.224 COTP Data:
    dst_ref: 0x6491
    sseq: 2 req_of_ack: 0 EoT: 1
    COTP reasm status: skipped
    ATN checksum: 95 d7 de f2
    CPDLC Downlink Message:
     Header:
      Msg ID: 2
      Msg Ref: 3
      Timestamp: 2025-07-01 22:11:40
      Logical ACK: notRequired
     Message data:
      LOGICAL ACKNOWLEDGMENT

[2025-07-02 00:11:48 CEST] [136.725] [-12.4/-31.8 dBFS] [19.4 dB] [1.4 ppm]
39DD42 (Aircraft, Airborne) -> 11984A (Ground station): Command
AVLC type: I sseq: 0 rseq: 1 poll: 0
 X.25 Data: grp: 11 chan: 255 sseq: 2 rseq: 3 more: 0
  X.25 reasm status: skipped
  X.233 CLNP Data (compressed header):
   LRef: 0x43 Prio: 11 Flags: 0xf6
   Lifetime: 20.0 sec
   PDU Id: 0x258
   X.224 COTP Data:
    dst_ref: 0x6491
    sseq: 3 req_of_ack: 0 EoT: 1
    COTP reasm status: skipped
    ATN checksum: c5 7f 66 f8
    CPDLC Downlink Message:
     Header:
      Msg ID: 3
      Msg Ref: 3
      Timestamp: 2025-07-01 22:11:46
      Logical ACK: required
     Message data:
      WILCO

[2025-07-02 00:11:49 CEST] [136.725] [-12.5/-32.1 dBFS] [19.6 dB] [1.5 ppm]
39DD42 (Aircraft, Airborne) -> 11984A (Ground station): Command
AVLC type: I sseq: 1 rseq: 3 poll: 0
 X.25 Data: grp: 11 chan: 255 sseq: 3 rseq: 5 more: 0
  X.25 reasm status: skipped
  X.233 CLNP Data (compressed header):
   LRef: 0x43 Prio: 11 Flags: 0xf6
   Lifetime: 20.0 sec
   PDU Id: 0x259
   X.224 COTP Data Ack:
    dst_ref: 0x6491
    rseq: 4 credit: 3
    ATN checksum: 50 0b c1 cf

[2025-07-02 00:12:04 CEST] [136.725] [-11.4/-31.6 dBFS] [20.3 dB] [2.3 ppm]
040242 (Aircraft, Airborne) -> 11984A (Ground station): Command
AVLC type: I sseq: 2 rseq: 2 poll: 0
 ACARS:
  Reassembly: skipped
  Reg: .ET-BAY Flight: ET0501
  Mode: 2 Label: SA Blk id: 4 More: 0 Ack: ! Msg num: S19A
  Message:
   0LH221203VS/
  Media Advisory, version 0:
   Link HF lost at 22:12:03 UTC
   Available links: VHF ACARS, Default SATCOM

[2025-07-02 00:12:16 CEST] [136.725] [-10.0/-32.2 dBFS] [22.2 dB] [2.0 ppm]
4CAE55 (Aircraft, Airborne) -> 11985A (Ground station): Command
AVLC type: I sseq: 2 rseq: 4 poll: 0
 X.25 Data: grp: 11 chan: 255 sseq: 4 rseq: 7 more: 0
  X.25 reasm status: skipped
  X.233 CLNP Data (compressed header):
   LRef: 0x43 Prio: 11 Flags: 0xc0
   Lifetime: 50.0 sec
   PDU Id: 0x37c
   X.224 COTP Data Ack:
    dst_ref: 0x87f8
    rseq: 0 credit: 1
    Checksum: bc 93

[2025-07-02 00:12:20 CEST] [136.725] [-9.3/-32.8 dBFS] [23.5 dB] [2.4 ppm]
040242 (Aircraft, Airborne) -> 11984A (Ground station): Command
AVLC type: I sseq: 3 rseq: 4 poll: 0
 X.25 Data: grp: 11 chan: 255 sseq: 2 rseq: 5 more: 0
  X.25 reasm status: skipped
  X.233 CLNP Data (compressed header):
   LRef: 0x43 Prio: 11 Flags: 0xf6
   Lifetime: 32.0 sec
   PDU Id: 0x2ed
   X.224 COTP Data Ack:
    dst_ref: 0x6494
    rseq: 4 credit: 3
    Flow control:
     Acked TPDU nr: 4
     Acked subsequence: 0
     Acked credit: 15
    ATN checksum: b7 40 15 dd

[2025-07-02 00:12:33 CEST] [136.725] [-10.0/-32.2 dBFS] [22.2 dB] [1.8 ppm]
4CAE55 (Aircraft, Airborne) -> 11985A (Ground station): Command
AVLC type: I sseq: 3 rseq: 6 poll: 0
 X.25 Data: grp: 11 chan: 255 sseq: 5 rseq: 1 more: 0
  X.25 reasm status: skipped
  X.233 CLNP Data (compressed header):
   LRef: 0x42 Prio: 11 Flags: 0xc0
   Lifetime: 50.0 sec
   PDU Id: 0x37d
   X.224 COTP Data Ack:
    dst_ref: 0x6492
    rseq: 5 credit: 3
    Checksum: 6e b1
    Flow control:
     Acked TPDU nr: 5
     Acked subsequence: 0
     Acked credit: 15

[2025-07-02 00:13:40 CEST] [136.975] [-13.0/-32.3 dBFS] [19.2 dB] [2.6 ppm]
4D2021 (Aircraft, Airborne) -> 26CA77 (Ground station): Command
AVLC type: I sseq: 2 rseq: 3 poll: 0
 X.25 Data: grp: 11 chan: 255 sseq: 0 rseq: 1 more: 0
  X.25 reasm status: skipped
  X.233 CLNP Data (compressed header):
   LRef: 0x41 Prio: 11 Flags: 0xf6
   Lifetime: 20.0 sec
   PDU Id: 0x3c4
   X.224 COTP Data Ack:
    dst_ref: 0x649f
    rseq: 8 credit: 3
    Flow control:
     Acked TPDU nr: 8
     Acked subsequence: 0
     Acked credit: 15
    ATN checksum: 16 5f 6f d2

[2025-07-02 00:13:42 CEST] [136.725] [-7.9/-32.1 dBFS] [24.1 dB] [2.1 ppm]
040242 (Aircraft, Airborne) -> 11984A (Ground station): Command
AVLC type: I sseq: 4 rseq: 4 poll: 0
 ACARS:
  Reassembly: skipped
  Reg: .ET-BAY Flight: ET0501
  Mode: 2 Label: 80 Blk id: 5 More: 0 Ack: ! Msg num: M88A
  Message:
   POSKIAD/HAAB/LATN44017/LONE006415/ALT370/FOB49664
   /TME2213/WND -105 9/OAT-43/TAS500/ETA0400

[2025-07-02 00:13:43 CEST] [136.725] [-8.2/-32.2 dBFS] [24.0 dB] [1.9 ppm]
4CAE55 (Aircraft, Airborne) -> 11985A (Ground station): Command
AVLC type: I sseq: 4 rseq: 6 poll: 0
 ACARS:
  Reassembly: skipped
  Reg: .EI-IJE Flight: FR75SM
  Mode: 2 Label: 16 Blk id: 0 More: 0 Ack: ! Msg num: M43A
  Message:
   221341,37999,2250, 109,N 43.580 E  7.386

[2025-07-02 00:13:47 CEST] [136.725] [-7.9/-32.1 dBFS] [24.2 dB] [1.9 ppm]
4CAE55 (Aircraft, Airborne) -> 11985A (Ground station): Command
AVLC type: I sseq: 4 rseq: 6 poll: 0
 ACARS:
  Reassembly: skipped
  Reg: .EI-IJE Flight: FR75SM
  Mode: 2 Label: 16 Blk id: 0 More: 0 Ack: ! Msg num: M43A
  Message:
   221341,37999,2250, 109,N 43.580 E  7.386

[2025-07-02 00:13:52 CEST] [136.725] [-8.0/-32.4 dBFS] [24.4 dB] [2.0 ppm]
040242 (Aircraft, Airborne) -> 11984A (Ground station): Command
AVLC type: I sseq: 5 rseq: 6 poll: 0
 X.25 Data: grp: 11 chan: 255 sseq: 3 rseq: 6 more: 0
  X.25 reasm status: skipped
  X.233 CLNP Data (compressed header):
   LRef: 0x43 Prio: 11 Flags: 0xf6
   Lifetime: 32.0 sec
   PDU Id: 0x2ee
   X.224 COTP Data Ack:
    dst_ref: 0x6494
    rseq: 4 credit: 3
    Flow control:
     Acked TPDU nr: 4
     Acked subsequence: 0
     Acked credit: 15
    ATN checksum: b7 40 15 dd

[2025-07-02 00:13:55 CEST] [136.975] [-13.5/-32.2 dBFS] [18.7 dB] [3.3 ppm]
4D225A (Aircraft, Airborne) -> 10F69B (Ground station): Command
AVLC type: I sseq: 3 rseq: 0 poll: 0
 X.25 Data: grp: 11 chan: 255 sseq: 5 rseq: 2 more: 0
  X.25 reasm status: skipped
  X.233 CLNP Data (compressed header):
   LRef: 0x42 Prio: 11 Flags: 0xc0
   Lifetime: 50.0 sec
   PDU Id: 0x9a7
   X.224 COTP Disconnect Confirm:
    src_ref: 0x0018 dst_ref: 0x64a6
    Checksum: 52 fa

[2025-07-02 00:13:57 CEST] [136.975] [-13.6/-32.5 dBFS] [18.9 dB] [3.3 ppm]
4D225A (Aircraft, Airborne) -> 10F69B (Ground station): Command
AVLC type: I sseq: 4 rseq: 1 poll: 0
 X.25 Data: grp: 11 chan: 255 sseq: 6 rseq: 3 more: 0
  X.25 reasm status: skipped
  X.233 CLNP Data (compressed header):
   LRef: 0x42 Prio: 11 Flags: 0xc0
   Lifetime: 50.0 sec
   PDU Id: 0x9a8
   X.224 COTP Connect Confirm:
    src_ref: 0x0019 dst_ref: 0x64bd
    Initial Credit: 1
    Protocol class: 4
    Options: 00 (use normal PDU formats)
    Calling transport selector: 70 6d
    Called/responding transport selector: 02 02
    TPDU size (bytes): 512
    Checksum: 7d ca
    Additional options: 0x00
    Ack time (ms): 1000
    Priority: 3
    Inactivity timer (ms): 360000
    X.225 Session SPDU: Short Accept
     X.227 ACSE Associate Response:
      Application context name: { 1.3.27.3.1 }
      Associate result: accept
      ATCDownlinkMessage: <empty PDU>

[2025-07-02 00:14:05 CEST] [136.725] [-9.2/-32.0 dBFS] [22.9 dB] [2.0 ppm]
4CAE55 (Aircraft, Airborne) -> 11985A (Ground station): Command
AVLC type: I sseq: 5 rseq: 0 poll: 0
 X.25 Data: grp: 11 chan: 255 sseq: 6 rseq: 2 more: 0
  X.25 reasm status: skipped
  X.233 CLNP Data (compressed header):
   LRef: 0x42 Prio: 11 Flags: 0xc0
   Lifetime: 50.0 sec
   PDU Id: 0x37e
   X.224 COTP Data Ack:
    dst_ref: 0x6492
    rseq: 5 credit: 3
    Checksum: 6e b1
    Flow control:
     Acked TPDU nr: 5
     Acked subsequence: 0
     Acked credit: 15

[2025-07-02 00:14:18 CEST] [136.725] [-9.6/-32.5 dBFS] [22.8 dB] [1.7 ppm]
4CAE55 (Aircraft, Airborne) -> 11985A (Ground station): Command
AVLC type: I sseq: 6 rseq: 1 poll: 0
 X.25 Data: grp: 11 chan: 255 sseq: 7 rseq: 3 more: 0
  X.25 reasm status: skipped
  X.233 CLNP Data (compressed header):
   LRef: 0x43 Prio: 11 Flags: 0xc0
   Lifetime: 50.0 sec
   PDU Id: 0x37f
   X.224 COTP Data Ack:
    dst_ref: 0x87f8
    rseq: 0 credit: 1
    Checksum: 13 9d
    Flow control:
     Acked TPDU nr: 0
     Acked subsequence: 0
     Acked credit: 1

[2025-07-02 00:14:55 CEST] [136.975] [-10.3/-32.1 dBFS] [21.9 dB] [3.3 ppm]
4D225A (Aircraft, Airborne) -> 10F69B (Ground station): Command
AVLC type: I sseq: 5 rseq: 2 poll: 0
 X.25 Data: grp: 11 chan: 255 sseq: 7 rseq: 4 more: 0
  X.25 reasm status: skipped
  X.233 CLNP Data (compressed header):
   LRef: 0x42 Prio: 11 Flags: 0xc0
   Lifetime: 50.0 sec
   PDU Id: 0x9a9
   X.224 COTP Disconnect Confirm:
    src_ref: 0x0018 dst_ref: 0x64a6
    Checksum: 52 fa

[2025-07-02 00:14:56 CEST] [136.975] [-10.0/-32.0 dBFS] [22.0 dB] [3.1 ppm]
4D225A (Aircraft, Airborne) -> 10F69B (Ground station): Command
AVLC type: I sseq: 6 rseq: 3 poll: 0
 X.25 Data: grp: 11 chan: 255 sseq: 0 rseq: 5 more: 0
  X.25 reasm status: skipped
  X.233 CLNP Data (compressed header):
   LRef: 0x42 Prio: 11 Flags: 0xc0
   Lifetime: 50.0 sec
   PDU Id: 0x9aa
   X.224 COTP Connect Confirm:
    src_ref: 0x0019 dst_ref: 0x64bd
    Initial Credit: 1
    Protocol class: 4
    Options: 00 (use normal PDU formats)
    Calling transport selector: 70 6d
    Called/responding transport selector: 02 02
    TPDU size (bytes): 512
    Checksum: 7d ca
    Additional options: 0x00
    Ack time (ms): 1000
    Priority: 3
    Inactivity timer (ms): 360000
    X.225 Session SPDU: Short Accept
     X.227 ACSE Associate Response:
      Application context name: { 1.3.27.3.1 }
      Associate result: accept
      ATCDownlinkMessage: <empty PDU>

[2025-07-02 00:15:02 CEST] [136.725] [-9.3/-31.9 dBFS] [22.7 dB] [2.8 ppm]
4CAD3A (Aircraft, Airborne) -> 11985A (Ground station): Command
AVLC type: I sseq: 2 rseq: 2 poll: 0
 X.25 Data: grp: 11 chan: 255 sseq: 7 rseq: 7 more: 0
  X.25 reasm status: skipped
  X.233 CLNP Data (compressed header):
   LRef: 0x42 Prio: 11 Flags: 0xc0
   Lifetime: 50.0 sec
   PDU Id: 0x2cd
   X.224 COTP Data Ack:
    dst_ref: 0xf5a7
    rseq: 10 credit: 4
    Checksum: 7f a6

[2025-07-02 00:15:13 CEST] [136.975] [-10.3/-31.9 dBFS] [21.6 dB] [2.5 ppm]
4D2021 (Aircraft, Airborne) -> 26CA77 (Ground station): Command
AVLC type: I sseq: 3 rseq: 5 poll: 0
 X.25 Data: grp: 11 chan: 255 sseq: 1 rseq: 2 more: 0
  X.25 reasm status: skipped
  X.233 CLNP Data (compressed header):
   LRef: 0x41 Prio: 11 Flags: 0xf6
   Lifetime: 20.0 sec
   PDU Id: 0x3c5
   X.224 COTP Data Ack:
    dst_ref: 0x649f
    rseq: 8 credit: 3
    Flow control:
     Acked TPDU nr: 8
     Acked subsequence: 0
     Acked credit: 15
    ATN checksum: 16 5f 6f d2

[2025-07-02 00:15:24 CEST] [136.725] [-13.1/-31.9 dBFS] [18.8 dB] [2.1 ppm]
040242 (Aircraft, Airborne) -> 11984A (Ground station): Command
AVLC type: I sseq: 7 rseq: 0 poll: 0
 X.25 Data: grp: 11 chan: 255 sseq: 5 rseq: 0 more: 0
  X.25 reasm status: skipped
  X.233 CLNP Data (compressed header):
   LRef: 0x43 Prio: 11 Flags: 0xf6
   Lifetime: 32.0 sec
   PDU Id: 0x2f0
   X.224 COTP Data Ack:
    dst_ref: 0x6494
    rseq: 4 credit: 3
    Flow control:
     Acked TPDU nr: 4
     Acked subsequence: 0
     Acked credit: 15
    ATN checksum: b7 40 15 dd

[2025-07-02 00:15:55 CEST] [136.975] [-7.2/-32.5 dBFS] [25.3 dB] [3.3 ppm]
4D225A (Aircraft, Airborne) -> 10F69B (Ground station): Command
AVLC type: I sseq: 7 rseq: 4 poll: 0
 X.25 Data: grp: 11 chan: 255 sseq: 1 rseq: 6 more: 0
  X.25 reasm status: skipped
  X.233 CLNP Data (compressed header):
   LRef: 0x42 Prio: 11 Flags: 0xc0
   Lifetime: 50.0 sec
   PDU Id: 0x9ab
   X.224 COTP Disconnect Confirm:
    src_ref: 0x0018 dst_ref: 0x64a6
    Checksum: 52 fa

[2025-07-02 00:15:57 CEST] [136.975] [-7.1/-31.7 dBFS] [24.6 dB] [3.3 ppm]
4D225A (Aircraft, Airborne) -> 10F69B (Ground station): Command
AVLC type: I sseq: 0 rseq: 5 poll: 0
 X.25 Data: grp: 11 chan: 255 sseq: 2 rseq: 7 more: 0
  X.25 reasm status: skipped
  X.233 CLNP Data (compressed header):
   LRef: 0x42 Prio: 11 Flags: 0xc0
   Lifetime: 50.0 sec
   PDU Id: 0x9ac
   X.224 COTP Connect Confirm:
    src_ref: 0x0019 dst_ref: 0x64bd
    Initial Credit: 1
    Protocol class: 4
    Options: 00 (use normal PDU formats)
    Calling transport selector: 70 6d
    Called/responding transport selector: 02 02
    TPDU size (bytes): 512
    Checksum: 7d ca
    Additional options: 0x00
    Ack time (ms): 1000
    Priority: 3
    Inactivity timer (ms): 360000
    X.225 Session SPDU: Short Accept
     X.227 ACSE Associate Response:
      Application context name: { 1.3.27.3.1 }
      Associate result: accept
      ATCDownlinkMessage: <empty PDU>

[2025-07-02 00:16:13 CEST] [136.725] [-12.6/-32.0 dBFS] [19.4 dB] [2.1 ppm]
040242 (Aircraft, Airborne) -> 11984A (Ground station): Command
AVLC type: I sseq: 0 rseq: 1 poll: 0
 X.25 Data: grp: 11 chan: 255 sseq: 6 rseq: 1 more: 0
  X.25 reasm status: skipped
  X.233 CLNP Data (compressed header):
   LRef: 0x43 Prio: 11 Flags: 0xf6
   Lifetime: 32.0 sec
   PDU Id: 0x2f1
   X.224 COTP Data Ack:
    dst_ref: 0x6494
    rseq: 5 credit: 3
    ATN checksum: 6c 2b fa 09
   X.224 COTP Data:
    dst_ref: 0x6494
    sseq: 4 req_of_ack: 0 EoT: 1
    COTP reasm status: skipped
    ATN checksum: 1b 7d ad d9
    CPDLC Downlink Message:
     Header:
      Msg ID: 4
      Msg Ref: 5
      Timestamp: 2025-07-01 22:16:11
      Logical ACK: notRequired
     Message data:
      LOGICAL ACKNOWLEDGMENT

[2025-07-02 00:16:23 CEST] [136.725] [-9.1/-32.3 dBFS] [23.2 dB] [2.1 ppm]
040242 (Aircraft, Airborne) -> 11984A (Ground station): Command
AVLC type: I sseq: 1 rseq: 2 poll: 0
 X.25 Data: grp: 11 chan: 255 sseq: 7 rseq: 2 more: 0
  X.25 reasm status: skipped
  X.233 CLNP Data (compressed header):
   LRef: 0x43 Prio: 11 Flags: 0xf6
   Lifetime: 32.0 sec
   PDU Id: 0x2f2
   X.224 COTP Data:
    dst_ref: 0x6494
    sseq: 5 req_of_ack: 0 EoT: 1
    COTP reasm status: skipped
    ATN checksum: 47 6e d3 9b
    CPDLC Downlink Message:
     Header:
      Msg ID: 5
      Msg Ref: 5
      Timestamp: 2025-07-01 22:16:22
      Logical ACK: required
     Message data:
      WILCO

[2025-07-02 00:16:25 CEST] [136.725] [-8.6/-32.0 dBFS] [23.4 dB] [1.9 ppm]
040242 (Aircraft, Airborne) -> 11984A (Ground station): Command
AVLC type: I sseq: 2 rseq: 4 poll: 0
 X.25 Data: grp: 11 chan: 255 sseq: 0 rseq: 4 more: 0
  X.25 reasm status: skipped
  X.233 CLNP Data (compressed header):
   LRef: 0x43 Prio: 11 Flags: 0xf6
   Lifetime: 32.0 sec
   PDU Id: 0x2f3
   X.224 COTP Data Ack:
    dst_ref: 0x6494
    rseq: 6 credit: 3
    ATN checksum: c1 f7 2d b3

[2025-07-02 00:16:55 CEST] [136.975] [-7.1/-32.4 dBFS] [25.3 dB] [3.0 ppm]
4D225A (Aircraft, Airborne) -> 10F69B (Ground station): Command
AVLC type: I sseq: 2 rseq: 6 poll: 0
 X.25 Data: grp: 11 chan: 255 sseq: 4 rseq: 0 more: 0
  X.25 reasm status: skipped
  X.233 CLNP Data (compressed header):
   LRef: 0x42 Prio: 11 Flags: 0xc0
   Lifetime: 50.0 sec
   PDU Id: 0x9ae
   X.224 COTP Disconnect Confirm:
    src_ref: 0x0018 dst_ref: 0x64a6
    Checksum: 52 fa

[2025-07-02 00:16:57 CEST] [136.975] [-6.9/-32.3 dBFS] [25.4 dB] [3.2 ppm]
4D225A (Aircraft, Airborne) -> 10F69B (Ground station): Command
AVLC type: I sseq: 3 rseq: 7 poll: 0
 X.25 Data: grp: 11 chan: 255 sseq: 5 rseq: 1 more: 0
  X.25 reasm status: skipped
  X.233 CLNP Data (compressed header):
   LRef: 0x42 Prio: 11 Flags: 0xc0
   Lifetime: 50.0 sec
   PDU Id: 0x9af
   X.224 COTP Connect Confirm:
    src_ref: 0x0019 dst_ref: 0x64bd
    Initial Credit: 1
    Protocol class: 4
    Options: 00 (use normal PDU formats)
    Calling transport selector: 70 6d
    Called/responding transport selector: 02 02
    TPDU size (bytes): 512
    Checksum: 7d ca
    Additional options: 0x00
    Ack time (ms): 1000
    Priority: 3
    Inactivity timer (ms): 360000
    X.225 Session SPDU: Short Accept
     X.227 ACSE Associate Response:
      Application context name: { 1.3.27.3.1 }
      Associate result: accept
      ATCDownlinkMessage: <empty PDU>

[2025-07-02 00:17:24 CEST] [136.725] [-5.7/-32.1 dBFS] [26.4 dB] [2.7 ppm]
4CAD3A (Aircraft, Airborne) -> 11985A (Ground station): Command
AVLC type: I sseq: 5 rseq: 6 poll: 0
 X.25 Data: grp: 11 chan: 255 sseq: 2 rseq: 3 more: 0
  X.25 reasm status: skipped
  X.233 CLNP Data (compressed header):
   LRef: 0x43 Prio: 11 Flags: 0xc0
   Lifetime: 50.0 sec
   PDU Id: 0x2d0
   X.224 COTP Data Ack:
    dst_ref: 0x64a3
    rseq: 0 credit: 1
    Checksum: 1d fd
    Flow control:
     Acked TPDU nr: 0
     Acked subsequence: 0
     Acked credit: 15

[2025-07-02 00:17:27 CEST] [136.975] [-7.9/-32.4 dBFS] [24.5 dB] [3.1 ppm]
4D225A (Aircraft, Airborne) -> 10F69B (Ground station): Command
AVLC type: I sseq: 4 rseq: 1 poll: 0
 X.25 Data: grp: 11 chan: 255 sseq: 6 rseq: 3 more: 0
  X.25 reasm status: skipped
  X.233 CLNP Data (compressed header):
   LRef: 0x42 Prio: 11 Flags: 0xc0
   Lifetime: 50.0 sec
   PDU Id: 0x9b0
   X.224 COTP Disconnect Confirm:
    src_ref: 0x0000 dst_ref: 0x64bd
    Checksum: 28 26

[2025-07-02 00:17:28 CEST] [136.975] [-8.3/-32.4 dBFS] [24.1 dB] [3.4 ppm]
4D225A (Aircraft, Airborne) -> 10F69B (Ground station): Command
AVLC type: I sseq: 5 rseq: 2 poll: 0
 X.25 Data: grp: 11 chan: 255 sseq: 7 rseq: 4 more: 0
  X.25 reasm status: skipped
  X.233 CLNP Data (compressed header):
   LRef: 0x42 Prio: 11 Flags: 0xc0
   Lifetime: 50.0 sec
   PDU Id: 0x9b1
   X.224 COTP Connect Confirm:
    src_ref: 0x001a dst_ref: 0x64c9
    Initial Credit: 1
    Protocol class: 4
    Options: 00 (use normal PDU formats)
    Calling transport selector: 70 6d
    Called/responding transport selector: 02 02
    TPDU size (bytes): 512
    Checksum: 94 a6
    Additional options: 0x00
    Ack time (ms): 1000
    Priority: 3
    Inactivity timer (ms): 360000
    X.225 Session SPDU: Short Accept
     X.227 ACSE Associate Response:
      Application context name: { 1.3.27.3.1 }
      Associate result: accept
      ATCDownlinkMessage: <empty PDU>

[2025-07-02 00:17:47 CEST] [136.725] [-10.8/-32.1 dBFS] [21.3 dB] [2.6 ppm]
4CAD3A (Aircraft, Airborne) -> 11985A (Ground station): Command
AVLC type: I sseq: 6 rseq: 6 poll: 0
 X.25 Data: grp: 11 chan: 255 sseq: 3 rseq: 3 more: 0
  X.25 reasm status: skipped
  X.233 CLNP Data (compressed header):
   LRef: 0x42 Prio: 11 Flags: 0xc0
   Lifetime: 50.0 sec
   PDU Id: 0x2d1
   X.224 COTP Data Ack:
    dst_ref: 0xf5a7
    rseq: 10 credit: 4
    Checksum: 7f a6

[2025-07-02 00:17:58 CEST] [136.975] [-5.6/-32.3 dBFS] [26.7 dB] [3.1 ppm]
4D225A (Aircraft, Airborne) -> 10F69B (Ground station): Command
AVLC type: I sseq: 6 rseq: 3 poll: 0
 X.25 Data: grp: 11 chan: 255 sseq: 0 rseq: 5 more: 0
  X.25 reasm status: skipped
  X.233 CLNP Data (compressed header):
   LRef: 0x42 Prio: 11 Flags: 0xc0
   Lifetime: 50.0 sec
   PDU Id: 0x9b2
   X.224 COTP Connect Confirm:
    src_ref: 0x001a dst_ref: 0x64c9
    Initial Credit: 1
    Protocol class: 4
    Options: 00 (use normal PDU formats)
    Calling transport selector: 70 6d
    Called/responding transport selector: 02 02
    TPDU size (bytes): 512
    Checksum: 94 a6
    Additional options: 0x00
    Ack time (ms): 1000
    Priority: 3
    Inactivity timer (ms): 360000
    X.225 Session SPDU: Short Accept
     X.227 ACSE Associate Response:
      Application context name: { 1.3.27.3.1 }
      Associate result: accept
      ATCDownlinkMessage: <empty PDU>

[2025-07-02 00:18:16 CEST] [136.975] [-11.7/-32.3 dBFS] [20.6 dB] [2.0 ppm]
4D2021 (Aircraft, Airborne) -> 26CA77 (Ground station): Command
AVLC type: I sseq: 6 rseq: 1 poll: 0
 X.25 Data: grp: 11 chan: 255 sseq: 4 rseq: 5 more: 0
  X.25 reasm status: skipped
  X.233 CLNP Data (compressed header):
   LRef: 0x41 Prio: 11 Flags: 0xf6
   Lifetime: 20.0 sec
   PDU Id: 0x3c8
   X.224 COTP Data Ack:
    dst_ref: 0x649f
    rseq: 8 credit: 3
    Flow control:
     Acked TPDU nr: 8
     Acked subsequence: 0
     Acked credit: 15
    ATN checksum: 16 5f 6f d2

[2025-07-02 00:18:17 CEST] [136.975] [-13.4/-32.4 dBFS] [19.0 dB] [3.4 ppm]
4D2240 (Aircraft, Airborne) -> 10FA5A (Ground station): Command
AVLC type: I sseq: 5 rseq: 3 poll: 0
 X.25 Data: grp: 11 chan: 255 sseq: 1 rseq: 1 more: 0
  X.25 reasm status: skipped
  X.233 CLNP Data (compressed header):
   LRef: 0x42 Prio: 11 Flags: 0xc0
   Lifetime: 50.0 sec
   PDU Id: 0xa8f
   X.224 COTP Disconnect Confirm:
    src_ref: 0x0000 dst_ref: 0x64bc
    Checksum: 2e 21

[2025-07-02 00:18:18 CEST] [136.725] [-12.0/-32.4 dBFS] [20.4 dB] [2.2 ppm]
440DAF (Aircraft, Airborne) -> 11984A (Ground station): Command
AVLC type: I sseq: 6 rseq: 5 poll: 0
 ACARS:
  Reassembly: skipped
  Reg: .OE-IDU Flight: EC79RE
  Mode: 2 Label: B9 Blk id: 7 More: 0 Ack: ! Msg num: M33A
  Message:
   /LIMC.TI2/040LIMCA475C

[2025-07-02 00:18:22 CEST] [136.975] [-12.8/-32.3 dBFS] [19.6 dB] [3.3 ppm]
4D2240 (Aircraft, Airborne) -> 10FA5A (Ground station): Command
AVLC type: I sseq: 6 rseq: 3 poll: 0
 X.25 Data: grp: 11 chan: 255 sseq: 2 rseq: 1 more: 0
  X.25 reasm status: skipped
  X.233 CLNP Data (compressed header):
   LRef: 0x42 Prio: 8 Flags: 0xc0
   Lifetime: 50.0 sec
   PDU Id: 0xa90
   X.224 COTP Connect Request:
    src_ref: 0x0009 dst_ref: 0x0000
    Initial Credit: 1
    Protocol class: 4
    Options: 00 (use normal PDU formats)
    Calling transport selector: 01 01
    Called/responding transport selector: 63 6d
    TPDU size (bytes): 1024
    Checksum: 4c ef
    Additional options: 0x00
    Ack time (ms): 1000
    Priority: 6
    Inactivity timer (ms): 360000

[2025-07-02 00:18:26 CEST] [136.975] [-2.7/-32.4 dBFS] [29.7 dB] [3.4 ppm]
4D225A (Aircraft, Airborne) -> 10F69B (Ground station): Command
AVLC type: I sseq: 7 rseq: 4 poll: 0
 X.25 Data: grp: 11 chan: 255 sseq: 1 rseq: 6 more: 0
  X.25 reasm status: skipped
  X.233 CLNP Data (compressed header):
   LRef: 0x42 Prio: 11 Flags: 0xc0
   Lifetime: 50.0 sec
   PDU Id: 0x9b3
   X.224 COTP Disconnect Confirm:
    src_ref: 0x0000 dst_ref: 0x64bd
    Checksum: 28 26

[2025-07-02 00:18:26 CEST] [136.975] [-10.8/-32.2 dBFS] [21.4 dB] [3.3 ppm]
4D2240 (Aircraft, Airborne) -> 10FA5A (Ground station): Command
AVLC type: I sseq: 6 rseq: 3 poll: 0
 X.25 Data: grp: 11 chan: 255 sseq: 2 rseq: 1 more: 0
  X.25 reasm status: skipped
  X.233 CLNP Data (compressed header):
   LRef: 0x42 Prio: 8 Flags: 0xc0
   Lifetime: 50.0 sec
   PDU Id: 0xa90
   X.224 COTP Connect Request:
    src_ref: 0x0009 dst_ref: 0x0000
    Initial Credit: 1
    Protocol class: 4
    Options: 00 (use normal PDU formats)
    Calling transport selector: 01 01
    Called/responding transport selector: 63 6d
    TPDU size (bytes): 1024
    Checksum: 4c ef
    Additional options: 0x00
    Ack time (ms): 1000
    Priority: 6
    Inactivity timer (ms): 360000

[2025-07-02 00:18:34 CEST] [136.975] [-14.3/-31.9 dBFS] [17.5 dB] [1.9 ppm]
4D2021 (Aircraft, Airborne) -> 26CA77 (Ground station): Command
AVLC type: I sseq: 7 rseq: 2 poll: 0
 X.25 Data: grp: 11 chan: 255 sseq: 5 rseq: 6 more: 0
  X.25 reasm status: skipped
  X.233 CLNP Data (compressed header):
   LRef: 0x41 Prio: 11 Flags: 0xf6
   Lifetime: 20.0 sec
   PDU Id: 0x3c9
   X.224 COTP Data Ack:
    dst_ref: 0x649f
    rseq: 9 credit: 4
    ATN checksum: cf 3b a4 bb
   X.224 COTP Data:
    dst_ref: 0x649f
    sseq: 8 req_of_ack: 0 EoT: 1
    COTP reasm status: skipped
    ATN checksum: 29 60 cd 51
    CPDLC Downlink Message:
     Header:
      Msg ID: 8
      Msg Ref: 9
      Timestamp: 2025-07-01 22:18:33
      Logical ACK: notRequired
     Message data:
      LOGICAL ACKNOWLEDGMENT

[2025-07-02 00:18:43 CEST] [136.725] [-9.8/-32.1 dBFS] [22.3 dB] [2.6 ppm]
440DAF (Aircraft, Airborne) -> 11984A (Ground station): Command
AVLC type: I sseq: 7 rseq: 7 poll: 0
 X.25 Data: grp: 11 chan: 255 sseq: 1 rseq: 2 more: 0
  X.25 reasm status: skipped
  X.233 CLNP Data (compressed header):
   LRef: 0x42 Prio: 11 Flags: 0xf6
   Lifetime: 20.0 sec
   PDU Id: 0x15e
   X.224 COTP Data Ack:
    dst_ref: 0x64a8
    rseq: 2 credit: 2
    Flow control:
     Acked TPDU nr: 2
     Acked subsequence: 0
     Acked credit: 15
    ATN checksum: c8 9f c8 3f

[2025-07-02 00:18:48 CEST] [136.975] [-8.9/-32.1 dBFS] [23.2 dB] [3.4 ppm]
4D2240 (Aircraft, Airborne) -> 10FA5A (Ground station): Command
AVLC type: I sseq: 7 rseq: 3 poll: 0
 X.25 Data: grp: 11 chan: 255 sseq: 3 rseq: 1 more: 0
  X.25 reasm status: skipped
  X.233 CLNP Data (compressed header):
   LRef: 0x42 Prio: 11 Flags: 0xc0
   Lifetime: 50.0 sec
   PDU Id: 0xa91
   X.224 COTP Connect Confirm:
    src_ref: 0x0008 dst_ref: 0x64c8
    Initial Credit: 1
    Protocol class: 4
    Options: 00 (use normal PDU formats)
    Calling transport selector: 70 6d
    Called/responding transport selector: 02 02
    TPDU size (bytes): 512
    Checksum: f9 f7
    Additional options: 0x00
    Ack time (ms): 1000
    Priority: 3
    Inactivity timer (ms): 360000
    X.225 Session SPDU: Short Accept
     X.227 ACSE Associate Response:
      Application context name: { 1.3.27.3.1 }
      Associate result: accept
      ATCDownlinkMessage: <empty PDU>

[2025-07-02 00:18:52 CEST] [136.975] [-7.5/-32.2 dBFS] [24.8 dB] [3.1 ppm]
4D2240 (Aircraft, Airborne) -> 10FA5A (Ground station): Command
AVLC type: I sseq: 0 rseq: 4 poll: 0
 X.25 Data: grp: 11 chan: 255 sseq: 4 rseq: 2 more: 0
  X.25 reasm status: skipped
  X.233 CLNP Data (compressed header):
   LRef: 0x42 Prio: 8 Flags: 0xc0
   Lifetime: 50.0 sec
   PDU Id: 0xa92
   X.224 COTP Connect Request:
    src_ref: 0x0009 dst_ref: 0x0000
    Initial Credit: 1
    Protocol class: 4
    Options: 00 (use normal PDU formats)
    Calling transport selector: 01 01
    Called/responding transport selector: 63 6d
    TPDU size (bytes): 1024
    Checksum: 4c ef
    Additional options: 0x00
    Ack time (ms): 1000
    Priority: 6
    Inactivity timer (ms): 360000

[2025-07-02 00:18:58 CEST] [136.975] [-4.9/-32.4 dBFS] [27.5 dB] [3.2 ppm]
4D225A (Aircraft, Airborne) -> 10F69B (Ground station): Command
AVLC type: I sseq: 0 rseq: 5 poll: 0
 X.25 Data: grp: 11 chan: 255 sseq: 2 rseq: 7 more: 0
  X.25 reasm status: skipped
  X.233 CLNP Data (compressed header):
   LRef: 0x42 Prio: 11 Flags: 0xc0
   Lifetime: 50.0 sec
   PDU Id: 0x9b4
   X.224 COTP Connect Confirm:
    src_ref: 0x001a dst_ref: 0x64c9
    Initial Credit: 1
    Protocol class: 4
    Options: 00 (use normal PDU formats)
    Calling transport selector: 70 6d
    Called/responding transport selector: 02 02
    TPDU size (bytes): 512
    Checksum: 94 a6
    Additional options: 0x00
    Ack time (ms): 1000
    Priority: 3
    Inactivity timer (ms): 360000
    X.225 Session SPDU: Short Accept
     X.227 ACSE Associate Response:
      Application context name: { 1.3.27.3.1 }
      Associate result: accept
      ATCDownlinkMessage: <empty PDU>

[2025-07-02 00:19:08 CEST] [136.725] [-11.1/-32.5 dBFS] [21.4 dB] [1.7 ppm]
040242 (Aircraft, Airborne) -> 11985A (Ground station): Response
AVLC type: U (XID) P/F: 1
 XID: Handoff Response
  Public params:
   Parameter set ID: 8885:1993
   Procedure classes: 00 01
   HDLC options: 20 a4 80
  VDL params:
   Parameter set ID: V
   Connection management: 01
   XID sequencing: seq: 0 retry: 0
   AVLC specific options: 25
   Destination airport: HAAB
   Aircraft location: 43.0N 7.0E 37000 ft

[2025-07-02 00:19:10 CEST] [136.725] [-10.0/-32.6 dBFS] [22.6 dB] [-2.6 ppm]
AD7633 (Aircraft, Airborne) -> 11984A (Ground station): Command
AVLC type: U (XID) P/F: 1
 XID: Handoff Initiation
  Public params:
   Parameter set ID: 8885:1993
   Procedure classes: 00 01
   HDLC options: 20 84 80
  VDL params:
   Parameter set ID: V
   XID sequencing: seq: 0 retry: 0
   Destination airport: MMMX
   Aircraft location: 44.6N 5.8E 34000 ft
   Alternate ground stations: 1190AA
   AVLC specific options: 24
   Connection management: 01

[2025-07-02 00:19:14 CEST] [136.975] [-13.6/-31.8 dBFS] [18.2 dB] [3.1 ppm]
40653A (Aircraft, Airborne) -> 10984A (Ground station): Command
AVLC type: I sseq: 2 rseq: 4 poll: 0
 X.25 Data: grp: 11 chan: 255 sseq: 0 rseq: 2 more: 0
  X.25 reasm status: skipped
  X.233 CLNP Data (compressed header):
   LRef: 0x40 Prio: 14 Flags: 0xf6
   Lifetime: 20.0 sec
   PDU Id: 0x31d
   IDRP Open: seq: 1 ack: 1 credit_offered: 3 credit_avail: 4
    Hold Time: 900 seconds
    Max. PDU size: 3000 octets
    Source RDI: 47 00 27 41 45 5a 59 00 40 65 3a	"G.'AEZY.@e:"
    RIB Attribute Set:
     RibAtt #0:
      Security:
       Reg ID: 06 04 2b 1b 00 00
    Auth mechanism: simple checksum

[2025-07-02 00:19:14 CEST] [136.975] [-13.6/-31.8 dBFS] [18.3 dB] [3.2 ppm]
40653A (Aircraft, Airborne) -> 10984A (Ground station): Command
AVLC type: I sseq: 3 rseq: 5 poll: 0
 X.25 Data: grp: 11 chan: 255 sseq: 1 rseq: 3 more: 0
  X.25 reasm status: skipped
  X.233 CLNP Data (compressed header):
   LRef: 0x40 Prio: 14 Flags: 0xf6
   Lifetime: 20.0 sec
   PDU Id: 0x31e
   IDRP Update: seq: 2 ack: 1 credit_offered: 3 credit_avail: 3
    Route:
     ID: 5
     Local preference: 0
    RD path:
     RD_SEQ:
      47 00 27 41 45 5a 59 00 40 65 3a	"G.'AEZY.@e:"
    RD hop count: 1
    Capacity: 13
    Reachability info:
     Protocol: CLNP
     Prefix length: 88
     Dest. address prefix: 47 00 27 41 45 5a 59 00 40 65 3a	"G.'AEZY.@e:"

[2025-07-02 00:19:14 CEST] [136.975] [-13.6/-31.8 dBFS] [18.3 dB] [3.2 ppm]
40653A (Aircraft, Airborne) -> 10984A (Ground station): Command
AVLC type: I sseq: 4 rseq: 5 poll: 0
 X.25 Data: grp: 11 chan: 255 sseq: 2 rseq: 3 more: 0
  X.25 reasm status: skipped
  X.233 CLNP Data (compressed header):
   LRef: 0x40 Prio: 14 Flags: 0xf6
   Lifetime: 20.0 sec
   PDU Id: 0x31f
   IDRP Update: seq: 3 ack: 1 credit_offered: 3 credit_avail: 2
    Route:
     ID: 6
     Local preference: 0
    Security:
     Reg ID: 06 04 2b 1b 00 00
     Info:
      Supported ATSC classes: all
      Subnetwork type:
       Subnet: VDL
       Permitted traffic: all
    RD path:
     RD_SEQ:
      47 00 27 41 45 5a 59 00 40 65 3a	"G.'AEZY.@e:"
    RD hop count: 1
    Capacity: 13
    Reachability info:
     Protocol: CLNP
     Prefix length: 88
     Dest. address prefix: 47 00 27 41 45 5a 59 00 40 65 3a	"G.'AEZY.@e:"

[2025-07-02 00:19:16 CEST] [136.975] [-7.3/-32.0 dBFS] [24.8 dB] [3.3 ppm]
4D2240 (Aircraft, Airborne) -> 10FA5A (Ground station): Command
AVLC type: I sseq: 1 rseq: 5 poll: 0
 X.25 Data: grp: 11 chan: 255 sseq: 5 rseq: 3 more: 0
  X.25 reasm status: skipped
  X.233 CLNP Data (compressed header):
   LRef: 0x42 Prio: 11 Flags: 0xc0
   Lifetime: 50.0 sec
   PDU Id: 0xa93
   X.224 COTP Disconnect Confirm:
    src_ref: 0x0000 dst_ref: 0x64bc
    Checksum: 2e 21

[2025-07-02 00:19:20 CEST] [136.975] [-15.1/-32.5 dBFS] [17.4 dB] [3.3 ppm]
40653A (Aircraft, Airborne) -> 10984A (Ground station): Command
AVLC type: I sseq: 6 rseq: 1 poll: 0
 X.25 Data: grp: 11 chan: 255 sseq: 4 rseq: 7 more: 0
  X.25 reasm status: skipped
  X.233 CLNP Data (compressed header):
   LRef: 0x41 Prio: 11 Flags: 0xf6
   Lifetime: 20.0 sec
   PDU Id: 0x321
   X.224 COTP Connect Confirm:
    src_ref: 0x0050 dst_ref: 0x64ca
    Initial Credit: 1
    Protocol class: 4
    Options: 00 (use normal PDU formats)
    TPDU size (bytes): 512
    Called/responding transport selector: 16
    Calling transport selector: 70 6d
    Priority: 3
    Ack time (ms): 1000
    Inactivity timer (ms): 360000
    Additional options: 0x00
    ATN checksum: 78 0b 33 e1
    X.225 Session SPDU: Short Accept
     X.227 ACSE Associate Response:
      Application context name: { 1.3.27.3.1 }
      Associate result: accept
      ATCDownlinkMessage: <empty PDU>

[2025-07-02 00:19:23 CEST] [136.975] [-12.8/-32.4 dBFS] [19.6 dB] [3.0 ppm]
40653A (Aircraft, Airborne) -> 10984A (Ground station): Command
AVLC type: I sseq: 2 rseq: 6 poll: 0
 X.25 Data: grp: 11 chan: 255 sseq: 0 rseq: 4 more: 0
  X.25 reasm status: skipped
  X.233 CLNP Data (compressed header):
   LRef: 0x41 Prio: 11 Flags: 0xf6
   Lifetime: 20.0 sec
   PDU Id: 0x324
   X.224 COTP Data Ack:
    dst_ref: 0x64ca
    rseq: 2 credit: 2
    ATN checksum: b4 e9 a0 cb
   X.224 COTP Data:
    dst_ref: 0x64ca
    sseq: 1 req_of_ack: 0 EoT: 1
    COTP reasm status: skipped
    ATN checksum: 21 b8 cb bd
    CPDLC Downlink Message:
     Header:
      Msg ID: 1
      Msg Ref: 6
      Timestamp: 2025-07-01 22:19:22
      Logical ACK: notRequired
     Message data:
      LOGICAL ACKNOWLEDGMENT

