[2025-05-18 00:00:43 CEST] [136.875] [0.7/-31.8 dBFS] [32.5 dB] [-1.1 ppm]
511188 (Aircraft, Airborne) -> 266661 (Ground station): Command
AVLC type: I sseq: 5 rseq: 7 poll: 0
 ACARS:
  Reassembly: skipped
  Reg: .ES-MBE Flight: DI04QF
  Mode: 2 Label: H1 Blk id: 3 More: 0 Ack: ! Msg num: F12A
  Sublabel: M1
  Message:
   PRG/TS220043,170525/DTLEPA,24L,68,224543,041/FNMBU4QFFF49

[2025-05-18 00:00:46 CEST] [136.875] [0.2/-31.6 dBFS] [31.9 dB] [-0.9 ppm]
511188 (Aircraft, Airborne) -> 270CA1 (Ground station): Command
AVLC type: U (XID) P/F: 1
 XID: Handoff Initiation
  Public params:
   Parameter set ID: 8885:1993
   Procedure classes: 00 01
   HDLC options: 20 a4 80
  VDL params:
   Parameter set ID: V
   Connection management: 01
   XID sequencing: seq: 2 retry: 0
   AVLC specific options: 25
   Destination airport: LEPA
   Aircraft location: 43.5N 4.9E 37000 ft

[2025-05-18 00:00:46 CEST] [136.875] [-0.1/-31.4 dBFS] [31.4 dB] [-0.9 ppm]
511188 (Aircraft, Airborne) -> 266661 (Ground station): Command
AVLC type: I sseq: 7 rseq: 1 poll: 0
 X.25 Data: grp: 11 chan: 255 sseq: 3 rseq: 4 more: 0
  X.25 reasm status: skipped
  X.233 CLNP Data (compressed header):
   LRef: 0x44 Prio: 11 Flags: 0xf6
   Lifetime: 20.0 sec
   PDU Id: 0x2b4
   X.224 COTP Data Ack:
    dst_ref: 0x2933
    rseq: 4 credit: 3
    Flow control:
     Acked TPDU nr: 4
     Acked subsequence: 0
     Acked credit: 15
    ATN checksum: bb d2 0b 98

[2025-05-18 00:00:51 CEST] [136.875] [-12.4/-31.6 dBFS] [19.2 dB] [3.6 ppm]
451E90 (Aircraft, Airborne) -> 23D821 (Ground station): Command
AVLC type: I sseq: 0 rseq: 1 poll: 0
 X.25 Data: grp: 11 chan: 255 sseq: 5 rseq: 1 more: 0
  X.25 reasm status: skipped
  X.233 CLNP Data (compressed header):
   LRef: 0x42 Prio: 11 Flags: 0xf6
   Lifetime: 20.0 sec
   PDU Id: 0x12e
   X.224 COTP Data Ack:
    dst_ref: 0x2936
    rseq: 2 credit: 2
    ATN checksum: a4 85 16 96

[2025-05-18 00:00:56 CEST] [136.675] [-13.1/-32.2 dBFS] [19.1 dB] [4.7 ppm]
406014 (Aircraft, Airborne) -> 11907A (Ground station): Command
AVLC type: I sseq: 4 rseq: 5 poll: 0
 X.25 Data: grp: 11 chan: 255 sseq: 2 rseq: 3 more: 0
  X.25 reasm status: skipped
  X.233 CLNP Data (compressed header):
   LRef: 0x41 Prio: 11 Flags: 0xf6
   Lifetime: 20.0 sec
   PDU Id: 0x326
   X.224 COTP Data Ack:
    dst_ref: 0x293f
    rseq: 4 credit: 3
    Flow control:
     Acked TPDU nr: 4
     Acked subsequence: 0
     Acked credit: 15
    ATN checksum: 94 7f 66 cd

[2025-05-18 00:01:00 CEST] [136.975] [-13.4/-32.1 dBFS] [18.7 dB] [2.6 ppm]
4CADFF (Aircraft, Airborne) -> 10FA5A (Ground station): Command
AVLC type: I sseq: 7 rseq: 0 poll: 0
 X.25 Data: grp: 11 chan: 255 sseq: 4 rseq: 5 more: 0
  X.25 reasm status: skipped
  X.233 CLNP Data (compressed header):
   LRef: 0x42 Prio: 11 Flags: 0xc0
   Lifetime: 50.0 sec
   PDU Id: 0x1685
   X.224 COTP Data Ack:
    dst_ref: 0x292c
    rseq: 4 credit: 3
    Checksum: cf f3
    Flow control:
     Acked TPDU nr: 4
     Acked subsequence: 0
     Acked credit: 15

[2025-05-18 00:01:10 CEST] [136.825] [-11.5/-31.6 dBFS] [20.0 dB] [1.4 ppm]
4066B9 (Aircraft, Airborne) -> 119C2A (Ground station): Command
AVLC type: I sseq: 7 rseq: 7 poll: 0
 ACARS:
  Reassembly: skipped
  Reg: .G-GDFF Flight: LS86DU
  Mode: 2 Label: 80 Blk id: 6 More: 0 Ack: ! Msg num: M38A
  Message:
   3701 INRANG 86DU/17 LMML/EGBB .G-GDFF
   /ETA 2331/ERT 2333
   132+2

[2025-05-18 00:01:20 CEST] [136.725] [-4.5/-32.2 dBFS] [27.8 dB] [3.3 ppm]
4CAFC2 (Aircraft, Airborne) -> 11985A (Ground station): Command
AVLC type: I sseq: 5 rseq: 6 poll: 0
 X.25 Data: grp: 11 chan: 255 sseq: 2 rseq: 3 more: 0
  X.25 reasm status: skipped
  X.233 CLNP Data (compressed header):
   LRef: 0x41 Prio: 11 Flags: 0xc0
   Lifetime: 50.0 sec
   PDU Id: 0x507
   X.224 COTP Data Ack:
    dst_ref: 0x2941
    rseq: 4 credit: 3
    Checksum: 66 48
    Flow control:
     Acked TPDU nr: 4
     Acked subsequence: 0
     Acked credit: 15

[2025-05-18 00:01:24 CEST] [136.675] [0.6/-32.5 dBFS] [33.1 dB] [1.1 ppm]
4010EC (Aircraft, Airborne) -> 11907A (Ground station): Command
AVLC type: I sseq: 1 rseq: 3 poll: 0
 X.25 Data: grp: 11 chan: 255 sseq: 7 rseq: 1 more: 0
  X.25 reasm status: skipped
  X.233 CLNP Data (compressed header):
   LRef: 0x41 Prio: 11 Flags: 0xf6
   Lifetime: 20.0 sec
   PDU Id: 0x25c
   X.224 COTP Data Ack:
    dst_ref: 0x293c
    rseq: 4 credit: 3
    Flow control:
     Acked TPDU nr: 4
     Acked subsequence: 0
     Acked credit: 15
    ATN checksum: b4 93 fc 7d

[2025-05-18 00:02:18 CEST] [136.875] [-6.0/-31.4 dBFS] [25.4 dB] [-1.4 ppm]
511188 (Aircraft, Airborne) -> 270CA1 (Ground station): Command
AVLC type: I sseq: 2 rseq: 3 poll: 0
 X.25 Data: grp: 11 chan: 255 sseq: 0 rseq: 1 more: 0
  X.25 reasm status: skipped
  X.233 CLNP Data (compressed header):
   LRef: 0x44 Prio: 11 Flags: 0xf6
   Lifetime: 20.0 sec
   PDU Id: 0x2b5
   X.224 COTP Data Ack:
    dst_ref: 0x2933
    rseq: 4 credit: 3
    Flow control:
     Acked TPDU nr: 4
     Acked subsequence: 0
     Acked credit: 15
    ATN checksum: bb d2 0b 98

[2025-05-18 00:02:24 CEST] [136.875] [-12.6/-31.7 dBFS] [19.2 dB] [3.5 ppm]
451E90 (Aircraft, Airborne) -> 23D821 (Ground station): Command
AVLC type: I sseq: 3 rseq: 5 poll: 0
 X.25 Data: grp: 11 chan: 255 sseq: 6 rseq: 3 more: 0
  X.25 reasm status: skipped
  X.233 CLNP Data (compressed header):
   LRef: 0x42 Prio: 11 Flags: 0xf6
   Lifetime: 20.0 sec
   PDU Id: 0x12f
   X.224 COTP Data Ack:
    dst_ref: 0x2936
    rseq: 2 credit: 2
    Flow control:
     Acked TPDU nr: 2
     Acked subsequence: 0
     Acked credit: 15
    ATN checksum: 6d 17 19 89

[2025-05-18 00:02:28 CEST] [136.675] [-6.4/-32.3 dBFS] [25.9 dB] [5.5 ppm]
49D034 (Aircraft, Airborne) -> 11907A (Ground station): Command
AVLC type: I sseq: 7 rseq: 1 poll: 0
 X.25 Data: grp: 11 chan: 255 sseq: 3 rseq: 4 more: 0
  X.25 reasm status: skipped
  X.233 CLNP Data (compressed header):
   LRef: 0x43 Prio: 11 Flags: 0xfe
   Lifetime: 20.0 sec
   PDU Id: 0x258
   X.224 COTP Data Ack:
    dst_ref: 0x2937
    rseq: 4 credit: 3
    Flow control:
     Acked TPDU nr: 4
     Acked subsequence: 0
     Acked credit: 15
    ATN checksum: 82 33 c6 4b

[2025-05-18 00:02:28 CEST] [136.675] [-10.7/-32.3 dBFS] [21.5 dB] [4.3 ppm]
406014 (Aircraft, Airborne) -> 11907A (Ground station): Command
AVLC type: I sseq: 6 rseq: 7 poll: 0
 X.25 Data: grp: 11 chan: 255 sseq: 4 rseq: 5 more: 0
  X.25 reasm status: skipped
  X.233 CLNP Data (compressed header):
   LRef: 0x41 Prio: 11 Flags: 0xf6
   Lifetime: 20.0 sec
   PDU Id: 0x328
   X.224 COTP Data Ack:
    dst_ref: 0x293f
    rseq: 4 credit: 3
    Flow control:
     Acked TPDU nr: 4
     Acked subsequence: 0
     Acked credit: 15
    ATN checksum: 94 7f 66 cd

[2025-05-18 00:02:32 CEST] [136.975] [-14.1/-32.4 dBFS] [18.3 dB] [2.6 ppm]
4CADFF (Aircraft, Airborne) -> 10FA5A (Ground station): Command
AVLC type: I sseq: 1 rseq: 2 poll: 0
 X.25 Data: grp: 11 chan: 255 sseq: 6 rseq: 7 more: 0
  X.25 reasm status: skipped
  X.233 CLNP Data (compressed header):
   LRef: 0x42 Prio: 11 Flags: 0xc0
   Lifetime: 50.0 sec
   PDU Id: 0x1687
   X.224 COTP Data Ack:
    dst_ref: 0x292c
    rseq: 4 credit: 3
    Checksum: cf f3
    Flow control:
     Acked TPDU nr: 4
     Acked subsequence: 0
     Acked credit: 15

[2025-05-18 00:02:52 CEST] [136.875] [-13.4/-31.8 dBFS] [18.5 dB] [3.8 ppm]
451E90 (Aircraft, Airborne) -> 23D821 (Ground station): Command
AVLC type: I sseq: 5 rseq: 7 poll: 0
 X.25 Data: grp: 11 chan: 255 sseq: 0 rseq: 4 more: 0
  X.25 reasm status: skipped
  X.233 CLNP Data (compressed header):
   LRef: 0x42 Prio: 11 Flags: 0xf6
   Lifetime: 20.0 sec
   PDU Id: 0x131
   X.224 COTP Data Ack:
    dst_ref: 0x2936
    rseq: 3 credit: 2
    ATN checksum: f9 52 48 41
   X.224 COTP Data:
    dst_ref: 0x2936
    sseq: 2 req_of_ack: 0 EoT: 1
    COTP reasm status: skipped
    ATN checksum: f7 f7 ad 91
    CPDLC Downlink Message:
     Header:
      Msg ID: 2
      Msg Ref: 3
      Timestamp: 2025-05-17 22:02:51
      Logical ACK: notRequired
     Message data:
      LOGICAL ACKNOWLEDGMENT

[2025-05-18 00:02:54 CEST] [136.725] [-3.2/-32.6 dBFS] [29.3 dB] [3.5 ppm]
4CAFC2 (Aircraft, Airborne) -> 11985A (Ground station): Command
AVLC type: I sseq: 6 rseq: 7 poll: 0
 X.25 Data: grp: 11 chan: 255 sseq: 3 rseq: 4 more: 0
  X.25 reasm status: skipped
  X.233 CLNP Data (compressed header):
   LRef: 0x41 Prio: 11 Flags: 0xc0
   Lifetime: 50.0 sec
   PDU Id: 0x508
   X.224 COTP Data Ack:
    dst_ref: 0x2941
    rseq: 4 credit: 3
    Checksum: 66 48
    Flow control:
     Acked TPDU nr: 4
     Acked subsequence: 0
     Acked credit: 15

[2025-05-18 00:02:56 CEST] [136.875] [-11.9/-31.5 dBFS] [19.6 dB] [3.6 ppm]
451E90 (Aircraft, Airborne) -> 23D821 (Ground station): Command
AVLC type: I sseq: 6 rseq: 0 poll: 0
 X.25 Data: grp: 11 chan: 255 sseq: 1 rseq: 5 more: 0
  X.25 reasm status: skipped
  X.233 CLNP Data (compressed header):
   LRef: 0x42 Prio: 11 Flags: 0xf6
   Lifetime: 20.0 sec
   PDU Id: 0x132
   X.224 COTP Data:
    dst_ref: 0x2936
    sseq: 3 req_of_ack: 0 EoT: 1
    COTP reasm status: skipped
    ATN checksum: 7d 19 c0 9e
    CPDLC Downlink Message:
     Header:
      Msg ID: 3
      Msg Ref: 3
      Timestamp: 2025-05-17 22:02:55
      Logical ACK: required
     Message data:
      WILCO

[2025-05-18 00:02:57 CEST] [136.675] [-11.8/-32.2 dBFS] [20.5 dB] [0.8 ppm]
4010EC (Aircraft, Airborne) -> 11907A (Ground station): Command
AVLC type: I sseq: 3 rseq: 5 poll: 0
 X.25 Data: grp: 11 chan: 255 sseq: 1 rseq: 3 more: 0
  X.25 reasm status: skipped
  X.233 CLNP Data (compressed header):
   LRef: 0x41 Prio: 11 Flags: 0xf6
   Lifetime: 20.0 sec
   PDU Id: 0x25e
   X.224 COTP Data Ack:
    dst_ref: 0x293c
    rseq: 4 credit: 3
    Flow control:
     Acked TPDU nr: 4
     Acked subsequence: 0
     Acked credit: 15
    ATN checksum: b4 93 fc 7d

[2025-05-18 00:02:58 CEST] [136.875] [-10.8/-31.5 dBFS] [20.6 dB] [3.9 ppm]
451E90 (Aircraft, Airborne) -> 266661 (Ground station): Command
AVLC type: U (XID) P/F: 1
 XID: Handoff Initiation
  Public params:
   Parameter set ID: 8885:1993
   Procedure classes: 00 01
   HDLC options: 20 a4 80
  VDL params:
   Parameter set ID: V
   Connection management: 01
   XID sequencing: seq: 1 retry: 0
   AVLC specific options: 25
   Destination airport: LEPA
   Aircraft location: 44.4N 5.4E 37000 ft

[2025-05-18 00:02:58 CEST] [136.875] [-10.9/-31.5 dBFS] [20.6 dB] [3.9 ppm]
451E90 (Aircraft, Airborne) -> 23D821 (Ground station): Command
AVLC type: I sseq: 0 rseq: 2 poll: 0
 X.25 Data: grp: 11 chan: 255 sseq: 2 rseq: 7 more: 0
  X.25 reasm status: skipped
  X.233 CLNP Data (compressed header):
   LRef: 0x42 Prio: 11 Flags: 0xf6
   Lifetime: 20.0 sec
   PDU Id: 0x133
   X.224 COTP Data Ack:
    dst_ref: 0x2936
    rseq: 4 credit: 3
    ATN checksum: 6d f1 43 31

[2025-05-18 00:03:32 CEST] [136.725] [-0.8/-32.0 dBFS] [31.3 dB] [3.4 ppm]
4CAFC2 (Aircraft, Airborne) -> 11985A (Ground station): Command
AVLC type: I sseq: 7 rseq: 0 poll: 0
 X.25 Data: grp: 11 chan: 255 sseq: 4 rseq: 5 more: 0
  X.25 reasm status: skipped
  X.233 CLNP Data (compressed header):
   LRef: 0x41 Prio: 11 Flags: 0xc0
   Lifetime: 50.0 sec
   PDU Id: 0x509
   X.224 COTP Data Ack:
    dst_ref: 0x2941
    rseq: 5 credit: 3
    Checksum: 67 f7

[2025-05-18 00:03:33 CEST] [136.725] [-0.1/-32.1 dBFS] [32.0 dB] [3.5 ppm]
4CAFC2 (Aircraft, Airborne) -> 11985A (Ground station): Command
AVLC type: I sseq: 0 rseq: 0 poll: 0
 X.25 Data: grp: 11 chan: 255 sseq: 5 rseq: 5 more: 0
  X.25 reasm status: skipped
  X.233 CLNP Data (compressed header):
   LRef: 0x41 Prio: 11 Flags: 0xc0
   Lifetime: 50.0 sec
   PDU Id: 0x50a
   X.224 COTP Data:
    dst_ref: 0x2941
    sseq: 4 req_of_ack: 0 EoT: 1
    COTP reasm status: skipped
    Checksum: 79 ea
    CPDLC Downlink Message:
     Header:
      Msg ID: 4
      Msg Ref: 5
      Timestamp: 2025-05-17 22:03:32
      Logical ACK: notRequired
     Message data:
      LOGICAL ACKNOWLEDGMENT

[2025-05-18 00:03:40 CEST] [136.725] [-0.9/-32.2 dBFS] [31.3 dB] [3.5 ppm]
4CAFC2 (Aircraft, Airborne) -> 11985A (Ground station): Command
AVLC type: I sseq: 1 rseq: 1 poll: 0
 X.25 Data: grp: 11 chan: 255 sseq: 6 rseq: 6 more: 0
  X.25 reasm status: skipped
  X.233 CLNP Data (compressed header):
   LRef: 0x41 Prio: 11 Flags: 0xc0
   Lifetime: 50.0 sec
   PDU Id: 0x50b
   X.224 COTP Data:
    dst_ref: 0x2941
    sseq: 5 req_of_ack: 0 EoT: 1
    COTP reasm status: skipped
    Checksum: 8c 94
    CPDLC Downlink Message:
     Header:
      Msg ID: 5
      Msg Ref: 5
      Timestamp: 2025-05-17 22:03:39
      Logical ACK: required
     Message data:
      WILCO

[2025-05-18 00:03:42 CEST] [136.725] [-0.4/-32.0 dBFS] [31.6 dB] [3.4 ppm]
4CAFC2 (Aircraft, Airborne) -> 11985A (Ground station): Command
AVLC type: I sseq: 2 rseq: 3 poll: 0
 X.25 Data: grp: 11 chan: 255 sseq: 7 rseq: 0 more: 0
  X.25 reasm status: skipped
  X.233 CLNP Data (compressed header):
   LRef: 0x41 Prio: 11 Flags: 0xc0
   Lifetime: 50.0 sec
   PDU Id: 0x50c
   X.224 COTP Data Ack:
    dst_ref: 0x2941
    rseq: 6 credit: 3
    Checksum: 63 fa

[2025-05-18 00:04:00 CEST] [136.675] [0.4/-32.7 dBFS] [33.1 dB] [5.1 ppm]
49D034 (Aircraft, Airborne) -> 11907A (Ground station): Command
AVLC type: I sseq: 0 rseq: 2 poll: 0
 X.25 Data: grp: 11 chan: 255 sseq: 4 rseq: 5 more: 0
  X.25 reasm status: skipped
  X.233 CLNP Data (compressed header):
   LRef: 0x43 Prio: 11 Flags: 0xfe
   Lifetime: 20.0 sec
   PDU Id: 0x259
   X.224 COTP Data Ack:
    dst_ref: 0x2937
    rseq: 4 credit: 3
    Flow control:
     Acked TPDU nr: 4
     Acked subsequence: 0
     Acked credit: 15
    ATN checksum: 82 33 c6 4b

[2025-05-18 00:04:00 CEST] [136.675] [-6.5/-32.7 dBFS] [26.3 dB] [4.3 ppm]
406014 (Aircraft, Airborne) -> 11907A (Ground station): Command
AVLC type: I sseq: 7 rseq: 0 poll: 0
 X.25 Data: grp: 11 chan: 255 sseq: 5 rseq: 6 more: 0
  X.25 reasm status: skipped
  X.233 CLNP Data (compressed header):
   LRef: 0x41 Prio: 11 Flags: 0xf6
   Lifetime: 20.0 sec
   PDU Id: 0x329
   X.224 COTP Data Ack:
    dst_ref: 0x293f
    rseq: 4 credit: 3
    Flow control:
     Acked TPDU nr: 4
     Acked subsequence: 0
     Acked credit: 15
    ATN checksum: 94 7f 66 cd

[2025-05-18 00:04:04 CEST] [136.975] [-6.7/-32.1 dBFS] [25.3 dB] [2.5 ppm]
4CADFF (Aircraft, Airborne) -> 10FA5A (Ground station): Command
AVLC type: I sseq: 2 rseq: 3 poll: 0
 X.25 Data: grp: 11 chan: 255 sseq: 7 rseq: 0 more: 0
  X.25 reasm status: skipped
  X.233 CLNP Data (compressed header):
   LRef: 0x42 Prio: 11 Flags: 0xc0
   Lifetime: 50.0 sec
   PDU Id: 0x1688
   X.224 COTP Data Ack:
    dst_ref: 0x292c
    rseq: 4 credit: 3
    Checksum: cf f3
    Flow control:
     Acked TPDU nr: 4
     Acked subsequence: 0
     Acked credit: 15

[2025-05-18 00:04:07 CEST] [136.975] [-7.0/-32.0 dBFS] [25.0 dB] [2.5 ppm]
4CADFF (Aircraft, Airborne) -> 10FA5A (Ground station): Command
AVLC type: I sseq: 2 rseq: 3 poll: 0
 X.25 Data: grp: 11 chan: 255 sseq: 7 rseq: 0 more: 0
  X.25 reasm status: skipped
  X.233 CLNP Data (compressed header):
   LRef: 0x42 Prio: 11 Flags: 0xc0
   Lifetime: 50.0 sec
   PDU Id: 0x1688
   X.224 COTP Data Ack:
    dst_ref: 0x292c
    rseq: 4 credit: 3
    Checksum: cf f3
    Flow control:
     Acked TPDU nr: 4
     Acked subsequence: 0
     Acked credit: 15

[2025-05-18 00:04:29 CEST] [136.675] [-9.8/-32.4 dBFS] [22.6 dB] [0.9 ppm]
4010EC (Aircraft, Airborne) -> 11907A (Ground station): Command
AVLC type: I sseq: 4 rseq: 6 poll: 0
 X.25 Data: grp: 11 chan: 255 sseq: 2 rseq: 4 more: 0
  X.25 reasm status: skipped
  X.233 CLNP Data (compressed header):
   LRef: 0x41 Prio: 11 Flags: 0xf6
   Lifetime: 20.0 sec
   PDU Id: 0x25f
   X.224 COTP Data Ack:
    dst_ref: 0x293c
    rseq: 4 credit: 3
    Flow control:
     Acked TPDU nr: 4
     Acked subsequence: 0
     Acked credit: 15
    ATN checksum: b4 93 fc 7d

[2025-05-18 00:04:29 CEST] [136.875] [-8.4/-31.6 dBFS] [23.2 dB] [3.5 ppm]
451E90 (Aircraft, Airborne) -> 266661 (Ground station): Command
AVLC type: I sseq: 3 rseq: 4 poll: 0
 X.25 Data: grp: 11 chan: 255 sseq: 0 rseq: 2 more: 0
  X.25 reasm status: skipped
  X.233 CLNP Data (compressed header):
   LRef: 0x42 Prio: 11 Flags: 0xf6
   Lifetime: 20.0 sec
   PDU Id: 0x134
   X.224 COTP Data Ack:
    dst_ref: 0x2936
    rseq: 4 credit: 3
    Flow control:
     Acked TPDU nr: 4
     Acked subsequence: 0
     Acked credit: 15
    ATN checksum: 18 06 0d f6

[2025-05-18 00:05:13 CEST] [136.725] [1.0/-32.0 dBFS] [33.0 dB] [3.3 ppm]
4CAFC2 (Aircraft, Airborne) -> 11985A (Ground station): Command
AVLC type: I sseq: 3 rseq: 4 poll: 0
 X.25 Data: grp: 11 chan: 255 sseq: 0 rseq: 1 more: 0
  X.25 reasm status: skipped
  X.233 CLNP Data (compressed header):
   LRef: 0x41 Prio: 11 Flags: 0xc0
   Lifetime: 50.0 sec
   PDU Id: 0x50d
   X.224 COTP Data Ack:
    dst_ref: 0x2941
    rseq: 6 credit: 3
    Checksum: 6a 40
    Flow control:
     Acked TPDU nr: 6
     Acked subsequence: 0
     Acked credit: 15

[2025-05-18 00:05:25 CEST] [136.725] [-12.4/-32.0 dBFS] [19.7 dB] [2.5 ppm]
4400DC (Aircraft, Airborne) -> 11985A (Ground station): Command
AVLC type: I sseq: 2 rseq: 4 poll: 0
 X.25 Data: grp: 11 chan: 255 sseq: 5 rseq: 7 more: 0
  X.25 reasm status: skipped
  X.233 CLNP Data (compressed header):
   LRef: 0x43 Prio: 11 Flags: 0xf6
   Lifetime: 20.0 sec
   PDU Id: 0x13d
   X.224 COTP Data Ack:
    dst_ref: 0x293b
    rseq: 4 credit: 3
    Flow control:
     Acked TPDU nr: 4
     Acked subsequence: 0
     Acked credit: 15
    ATN checksum: f2 32 1f af

[2025-05-18 00:05:31 CEST] [136.675] [0.8/-32.3 dBFS] [33.1 dB] [4.8 ppm]
49D034 (Aircraft, Airborne) -> 11907A (Ground station): Command
AVLC type: I sseq: 1 rseq: 3 poll: 0
 X.25 Data: grp: 11 chan: 255 sseq: 5 rseq: 6 more: 0
  X.25 reasm status: skipped
  X.233 CLNP Data (compressed header):
   LRef: 0x43 Prio: 11 Flags: 0xfe
   Lifetime: 20.0 sec
   PDU Id: 0x25a
   X.224 COTP Data Ack:
    dst_ref: 0x2937
    rseq: 4 credit: 3
    Flow control:
     Acked TPDU nr: 4
     Acked subsequence: 0
     Acked credit: 15
    ATN checksum: 82 33 c6 4b

[2025-05-18 00:05:36 CEST] [136.975] [-12.4/-32.5 dBFS] [20.1 dB] [2.5 ppm]
4CADFF (Aircraft, Airborne) -> 10FA5A (Ground station): Command
AVLC type: I sseq: 3 rseq: 4 poll: 0
 X.25 Data: grp: 11 chan: 255 sseq: 0 rseq: 1 more: 0
  X.25 reasm status: skipped
  X.233 CLNP Data (compressed header):
   LRef: 0x42 Prio: 11 Flags: 0xc0
   Lifetime: 50.0 sec
   PDU Id: 0x1689
   X.224 COTP Data Ack:
    dst_ref: 0x292c
    rseq: 4 credit: 3
    Checksum: cf f3
    Flow control:
     Acked TPDU nr: 4
     Acked subsequence: 0
     Acked credit: 15

[2025-05-18 00:06:00 CEST] [136.675] [-4.9/-32.3 dBFS] [27.4 dB] [0.8 ppm]
4010EC (Aircraft, Airborne) -> 11907A (Ground station): Command
AVLC type: I sseq: 5 rseq: 7 poll: 0
 X.25 Data: grp: 11 chan: 255 sseq: 3 rseq: 5 more: 0
  X.25 reasm status: skipped
  X.233 CLNP Data (compressed header):
   LRef: 0x41 Prio: 11 Flags: 0xf6
   Lifetime: 20.0 sec
   PDU Id: 0x260
   X.224 COTP Data Ack:
    dst_ref: 0x293c
    rseq: 4 credit: 3
    Flow control:
     Acked TPDU nr: 4
     Acked subsequence: 0
     Acked credit: 15
    ATN checksum: b4 93 fc 7d

[2025-05-18 00:06:01 CEST] [136.875] [-7.1/-31.5 dBFS] [24.5 dB] [3.4 ppm]
451E90 (Aircraft, Airborne) -> 266661 (Ground station): Command
AVLC type: I sseq: 4 rseq: 6 poll: 0
 X.25 Data: grp: 11 chan: 255 sseq: 1 rseq: 3 more: 0
  X.25 reasm status: skipped
  X.233 CLNP Data (compressed header):
   LRef: 0x42 Prio: 11 Flags: 0xf6
   Lifetime: 20.0 sec
   PDU Id: 0x135
   X.224 COTP Data Ack:
    dst_ref: 0x2936
    rseq: 4 credit: 3
    Flow control:
     Acked TPDU nr: 4
     Acked subsequence: 0
     Acked credit: 15
    ATN checksum: 18 06 0d f6

[2025-05-18 00:06:06 CEST] [136.975] [-11.0/-32.1 dBFS] [21.1 dB] [3.1 ppm]
408184 (Aircraft, Airborne) -> 10F60B (Ground station): Command
AVLC type: I sseq: 7 rseq: 6 poll: 0
 X.25 Data: grp: 11 chan: 255 sseq: 7 rseq: 0 more: 0
  X.25 reasm status: skipped
  X.233 CLNP Data:
   Src NSAP: 47 00 27 41 45 5a 59 00 40 81 84 00 00 53 41 41 42 00 00 01	"G.'AEZY.@....SAAB..."
   Dst NSAP: 47 00 27 81 83 46 52 00 01 43 43 01 43 45 53 2d 41 49 58 01	"G.'..FR..CC.CES-AIX."
   Lifetime: 20.0 sec
   Flags: SP
   Segmentation:
    PDU Id: 0xb7
    Segment offset: 0
    PDU total length: 122
    CLNP reasm status: skipped
   Options:
    LRef: 0x00
    QoS maintenance: 0xd6
    Security:
     Reg ID: 06 04 2b 1b 00 00
     Info:
      Traffic type:
       Type: ATN operational
       Category: ATSC
       Route policy: 0x10
    Priority: 0x08
   X.224 COTP Connect Request:
    src_ref: 0x0038 dst_ref: 0x0000
    Initial Credit: 1
    Protocol class: 4
    Options: 00 (use normal PDU formats)
    TPDU size (bytes): 1024
    Called/responding transport selector: 63 6d
    Calling transport selector: 01
    Priority: 6
    Additional options: 0x00
    Ack time (ms): 1000
    Inactivity timer (ms): 360000
    Checksum: a5 0c
    ATN checksum: f2 de 6d 0d

[2025-05-18 00:06:12 CEST] [136.975] [-11.3/-32.3 dBFS] [20.9 dB] [3.1 ppm]
408184 (Aircraft, Airborne) -> 10F68A (Ground station): Command
AVLC type: U (XID) P/F: 1
 XID: Handoff Initiation
  Public params:
   Parameter set ID: 8885:1993
   Procedure classes: 00 01
   HDLC options: 20 a4 80
  VDL params:
   Parameter set ID: V
   Connection management: 01
   XID sequencing: seq: 2 retry: 0
   AVLC specific options: 25
   Destination airport: EGGD
   Aircraft location: 43.8N 7.1E 37000 ft

[2025-05-18 00:06:13 CEST] [136.975] [-11.2/-32.1 dBFS] [20.9 dB] [3.2 ppm]
408184 (Aircraft, Airborne) -> 10F60B (Ground station): Command
AVLC type: I sseq: 7 rseq: 6 poll: 0
 X.25 Data: grp: 11 chan: 255 sseq: 7 rseq: 0 more: 0
  X.25 reasm status: skipped
  X.233 CLNP Data:
   Src NSAP: 47 00 27 41 45 5a 59 00 40 81 84 00 00 53 41 41 42 00 00 01	"G.'AEZY.@....SAAB..."
   Dst NSAP: 47 00 27 81 83 46 52 00 01 43 43 01 43 45 53 2d 41 49 58 01	"G.'..FR..CC.CES-AIX."
   Lifetime: 20.0 sec
   Flags: SP
   Segmentation:
    PDU Id: 0xb7
    Segment offset: 0
    PDU total length: 122
    CLNP reasm status: skipped
   Options:
    LRef: 0x00
    QoS maintenance: 0xd6
    Security:
     Reg ID: 06 04 2b 1b 00 00
     Info:
      Traffic type:
       Type: ATN operational
       Category: ATSC
       Route policy: 0x10
    Priority: 0x08
   X.224 COTP Connect Request:
    src_ref: 0x0038 dst_ref: 0x0000
    Initial Credit: 1
    Protocol class: 4
    Options: 00 (use normal PDU formats)
    TPDU size (bytes): 1024
    Called/responding transport selector: 63 6d
    Calling transport selector: 01
    Priority: 6
    Additional options: 0x00
    Ack time (ms): 1000
    Inactivity timer (ms): 360000
    Checksum: a5 0c
    ATN checksum: f2 de 6d 0d

[2025-05-18 00:06:15 CEST] [136.975] [-11.1/-32.0 dBFS] [20.8 dB] [3.1 ppm]
408184 (Aircraft, Airborne) -> 10F60B (Ground station): Command
AVLC type: I sseq: 7 rseq: 6 poll: 0
 X.25 Data: grp: 11 chan: 255 sseq: 7 rseq: 0 more: 0
  X.25 reasm status: skipped
  X.233 CLNP Data:
   Src NSAP: 47 00 27 41 45 5a 59 00 40 81 84 00 00 53 41 41 42 00 00 01	"G.'AEZY.@....SAAB..."
   Dst NSAP: 47 00 27 81 83 46 52 00 01 43 43 01 43 45 53 2d 41 49 58 01	"G.'..FR..CC.CES-AIX."
   Lifetime: 20.0 sec
   Flags: SP
   Segmentation:
    PDU Id: 0xb7
    Segment offset: 0
    PDU total length: 122
    CLNP reasm status: skipped
   Options:
    LRef: 0x00
    QoS maintenance: 0xd6
    Security:
     Reg ID: 06 04 2b 1b 00 00
     Info:
      Traffic type:
       Type: ATN operational
       Category: ATSC
       Route policy: 0x10
    Priority: 0x08
   X.224 COTP Connect Request:
    src_ref: 0x0038 dst_ref: 0x0000
    Initial Credit: 1
    Protocol class: 4
    Options: 00 (use normal PDU formats)
    TPDU size (bytes): 1024
    Called/responding transport selector: 63 6d
    Calling transport selector: 01
    Priority: 6
    Additional options: 0x00
    Ack time (ms): 1000
    Inactivity timer (ms): 360000
    Checksum: a5 0c
    ATN checksum: f2 de 6d 0d

[2025-05-18 00:06:21 CEST] [136.975] [-11.1/-32.2 dBFS] [21.0 dB] [3.0 ppm]
408184 (Aircraft, Airborne) -> 10F60B (Ground station): Command
AVLC type: I sseq: 7 rseq: 6 poll: 0
 X.25 Data: grp: 11 chan: 255 sseq: 7 rseq: 0 more: 0
  X.25 reasm status: skipped
  X.233 CLNP Data:
   Src NSAP: 47 00 27 41 45 5a 59 00 40 81 84 00 00 53 41 41 42 00 00 01	"G.'AEZY.@....SAAB..."
   Dst NSAP: 47 00 27 81 83 46 52 00 01 43 43 01 43 45 53 2d 41 49 58 01	"G.'..FR..CC.CES-AIX."
   Lifetime: 20.0 sec
   Flags: SP
   Segmentation:
    PDU Id: 0xb7
    Segment offset: 0
    PDU total length: 122
    CLNP reasm status: skipped
   Options:
    LRef: 0x00
    QoS maintenance: 0xd6
    Security:
     Reg ID: 06 04 2b 1b 00 00
     Info:
      Traffic type:
       Type: ATN operational
       Category: ATSC
       Route policy: 0x10
    Priority: 0x08
   X.224 COTP Connect Request:
    src_ref: 0x0038 dst_ref: 0x0000
    Initial Credit: 1
    Protocol class: 4
    Options: 00 (use normal PDU formats)
    TPDU size (bytes): 1024
    Called/responding transport selector: 63 6d
    Calling transport selector: 01
    Priority: 6
    Additional options: 0x00
    Ack time (ms): 1000
    Inactivity timer (ms): 360000
    Checksum: a5 0c
    ATN checksum: f2 de 6d 0d

[2025-05-18 00:06:27 CEST] [136.975] [-11.3/-32.6 dBFS] [21.2 dB] [3.0 ppm]
408184 (Aircraft, Airborne) -> 10F60B (Ground station): Command
AVLC type: I sseq: 7 rseq: 6 poll: 0
 X.25 Data: grp: 11 chan: 255 sseq: 7 rseq: 0 more: 0
  X.25 reasm status: skipped
  X.233 CLNP Data:
   Src NSAP: 47 00 27 41 45 5a 59 00 40 81 84 00 00 53 41 41 42 00 00 01	"G.'AEZY.@....SAAB..."
   Dst NSAP: 47 00 27 81 83 46 52 00 01 43 43 01 43 45 53 2d 41 49 58 01	"G.'..FR..CC.CES-AIX."
   Lifetime: 20.0 sec
   Flags: SP
   Segmentation:
    PDU Id: 0xb7
    Segment offset: 0
    PDU total length: 122
    CLNP reasm status: skipped
   Options:
    LRef: 0x00
    QoS maintenance: 0xd6
    Security:
     Reg ID: 06 04 2b 1b 00 00
     Info:
      Traffic type:
       Type: ATN operational
       Category: ATSC
       Route policy: 0x10
    Priority: 0x08
   X.224 COTP Connect Request:
    src_ref: 0x0038 dst_ref: 0x0000
    Initial Credit: 1
    Protocol class: 4
    Options: 00 (use normal PDU formats)
    TPDU size (bytes): 1024
    Called/responding transport selector: 63 6d
    Calling transport selector: 01
    Priority: 6
    Additional options: 0x00
    Ack time (ms): 1000
    Inactivity timer (ms): 360000
    Checksum: a5 0c
    ATN checksum: f2 de 6d 0d

[2025-05-18 00:06:36 CEST] [136.975] [-11.2/-31.9 dBFS] [20.7 dB] [3.1 ppm]
408184 (Aircraft, Airborne) -> 10F68A (Ground station): Command
AVLC type: I sseq: 3 rseq: 3 poll: 0
 X.25 Data: grp: 11 chan: 255 sseq: 1 rseq: 1 more: 0
  X.25 reasm status: skipped
  X.233 CLNP Data (compressed header):
   LRef: 0x0 Prio: 8 Flags: 0xf6
   Lifetime: 20.0 sec
   PDU Id: 0xb9
   X.224 COTP Connect Request:
    src_ref: 0x0038 dst_ref: 0x0000
    Initial Credit: 1
    Protocol class: 4
    Options: 00 (use normal PDU formats)
    TPDU size (bytes): 1024
    Called/responding transport selector: 63 6d
    Calling transport selector: 01
    Priority: 6
    Additional options: 0x00
    Ack time (ms): 1000
    Inactivity timer (ms): 360000
    Checksum: a5 0c
    ATN checksum: f2 de 6d 0d

[2025-05-18 00:06:38 CEST] [136.675] [0.9/-32.7 dBFS] [33.7 dB] [4.9 ppm]
49D034 (Aircraft, Airborne) -> 11907A (Ground station): Command
AVLC type: I sseq: 4 rseq: 6 poll: 0
 X.25 Data: grp: 11 chan: 255 sseq: 7 rseq: 0 more: 0
  X.25 reasm status: skipped
  X.233 CLNP Data (compressed header):
   LRef: 0x43 Prio: 11 Flags: 0xfe
   Lifetime: 20.0 sec
   PDU Id: 0x25c
   X.224 COTP Data Ack:
    dst_ref: 0x2937
    rseq: 5 credit: 3
    ATN checksum: 0a 96 4d 8a

[2025-05-18 00:06:38 CEST] [136.675] [0.9/-32.7 dBFS] [33.7 dB] [4.9 ppm]
49D034 (Aircraft, Airborne) -> 11907A (Ground station): Command
AVLC type: I sseq: 5 rseq: 6 poll: 0
 X.25 Data: grp: 11 chan: 255 sseq: 0 rseq: 0 more: 0
  X.25 reasm status: skipped
  X.233 CLNP Data (compressed header):
   LRef: 0x43 Prio: 11 Flags: 0xfe
   Lifetime: 20.0 sec
   PDU Id: 0x25d
   X.224 COTP Data:
    dst_ref: 0x2937
    sseq: 4 req_of_ack: 0 EoT: 1
    COTP reasm status: skipped
    ATN checksum: bc 2b ab e2
    CPDLC Downlink Message:
     Header:
      Msg ID: 4
      Msg Ref: 5
      Timestamp: 2025-05-17 22:06:36
      Logical ACK: notRequired
     Message data:
      LOGICAL ACKNOWLEDGMENT

[2025-05-18 00:06:45 CEST] [136.725] [0.5/-31.8 dBFS] [32.4 dB] [2.9 ppm]
4CAFC2 (Aircraft, Airborne) -> 11985A (Ground station): Command
AVLC type: I sseq: 5 rseq: 6 poll: 0
 X.25 Data: grp: 11 chan: 255 sseq: 2 rseq: 3 more: 0
  X.25 reasm status: skipped
  X.233 CLNP Data (compressed header):
   LRef: 0x41 Prio: 11 Flags: 0xc0
   Lifetime: 50.0 sec
   PDU Id: 0x50f
   X.224 COTP Data Ack:
    dst_ref: 0x2941
    rseq: 6 credit: 3
    Checksum: 6a 40
    Flow control:
     Acked TPDU nr: 6
     Acked subsequence: 0
     Acked credit: 15

[2025-05-18 00:06:53 CEST] [136.675] [0.9/-31.9 dBFS] [32.8 dB] [4.5 ppm]
49D034 (Aircraft, Airborne) -> 11907A (Ground station): Command
AVLC type: I sseq: 6 rseq: 0 poll: 0
 X.25 Data: grp: 11 chan: 255 sseq: 1 rseq: 1 more: 0
  X.25 reasm status: skipped
  X.233 CLNP Data (compressed header):
   LRef: 0x43 Prio: 11 Flags: 0xfe
   Lifetime: 20.0 sec
   PDU Id: 0x25e
   X.224 COTP Data:
    dst_ref: 0x2937
    sseq: 5 req_of_ack: 0 EoT: 1
    COTP reasm status: skipped
    ATN checksum: 2a 77 93 fd
    CPDLC Downlink Message:
     Header:
      Msg ID: 5
      Msg Ref: 5
      Timestamp: 2025-05-17 22:06:51
      Logical ACK: required
     Message data:
      WILCO

[2025-05-18 00:06:55 CEST] [136.675] [0.9/-32.4 dBFS] [33.3 dB] [4.6 ppm]
49D034 (Aircraft, Airborne) -> 11907A (Ground station): Command
AVLC type: I sseq: 0 rseq: 2 poll: 0
 X.25 Data: grp: 11 chan: 255 sseq: 2 rseq: 3 more: 0
  X.25 reasm status: skipped
  X.233 CLNP Data (compressed header):
   LRef: 0x43 Prio: 11 Flags: 0xfe
   Lifetime: 20.0 sec
   PDU Id: 0x25f
   X.224 COTP Data Ack:
    dst_ref: 0x2937
    rseq: 6 credit: 3
    ATN checksum: 5f 63 7f 35

[2025-05-18 00:07:04 CEST] [136.675] [-10.7/-32.4 dBFS] [21.7 dB] [4.1 ppm]
406014 (Aircraft, Airborne) -> 11907A (Ground station): Command
AVLC type: I sseq: 2 rseq: 3 poll: 0
 X.25 Data: grp: 11 chan: 255 sseq: 0 rseq: 1 more: 0
  X.25 reasm status: skipped
  X.233 CLNP Data (compressed header):
   LRef: 0x41 Prio: 11 Flags: 0xf6
   Lifetime: 20.0 sec
   PDU Id: 0x32c
   X.224 COTP Data Ack:
    dst_ref: 0x293f
    rseq: 4 credit: 3
    Flow control:
     Acked TPDU nr: 4
     Acked subsequence: 0
     Acked credit: 15
    ATN checksum: 94 7f 66 cd

[2025-05-18 00:07:06 CEST] [136.975] [-10.4/-32.2 dBFS] [21.9 dB] [3.0 ppm]
408184 (Aircraft, Airborne) -> 10F68A (Ground station): Command
AVLC type: I sseq: 4 rseq: 4 poll: 0
 X.25 Data: grp: 11 chan: 255 sseq: 2 rseq: 2 more: 0
  X.25 reasm status: skipped
  X.233 CLNP Data:
   Src NSAP: 47 00 27 41 45 5a 59 00 40 81 84 00 00 53 41 41 42 00 00 01	"G.'AEZY.@....SAAB..."
   Dst NSAP: 47 00 27 81 83 46 52 00 01 43 43 01 43 45 53 2d 41 49 58 01	"G.'..FR..CC.CES-AIX."
   Lifetime: 20.0 sec
   Flags: SP
   Segmentation:
    PDU Id: 0xba
    Segment offset: 0
    PDU total length: 90
    CLNP reasm status: skipped
   Options:
    LRef: 0x01
    QoS maintenance: 0xd6
    Security:
     Reg ID: 06 04 2b 1b 00 00
     Info:
      Traffic type:
       Type: ATN operational
       Category: ATSC
       Route policy: 0x10
    Priority: 0x08
   X.224 COTP Disconnect Request:
    src_ref: 0x0038 dst_ref: 0x0000
    Reason: 128 (Normal disconnect)
    Checksum: ad 48
    X.225 disconnect reason: 1 (OK, transport connection not reused)

[2025-05-18 00:07:08 CEST] [136.975] [-14.9/-31.9 dBFS] [17.0 dB] [2.2 ppm]
4CADFF (Aircraft, Airborne) -> 10FA5A (Ground station): Command
AVLC type: I sseq: 4 rseq: 5 poll: 0
 X.25 Data: grp: 11 chan: 255 sseq: 1 rseq: 2 more: 0
  X.25 reasm status: skipped
  X.233 CLNP Data (compressed header):
   LRef: 0x42 Prio: 11 Flags: 0xc0
   Lifetime: 50.0 sec
   PDU Id: 0x168a
   X.224 COTP Data Ack:
    dst_ref: 0x292c
    rseq: 4 credit: 3
    Checksum: cf f3
    Flow control:
     Acked TPDU nr: 4
     Acked subsequence: 0
     Acked credit: 15

[2025-05-18 00:07:32 CEST] [136.675] [-6.8/-32.3 dBFS] [25.5 dB] [0.6 ppm]
4010EC (Aircraft, Airborne) -> 11907A (Ground station): Command
AVLC type: I sseq: 6 rseq: 0 poll: 0
 X.25 Data: grp: 11 chan: 255 sseq: 4 rseq: 6 more: 0
  X.25 reasm status: skipped
  X.233 CLNP Data (compressed header):
   LRef: 0x41 Prio: 11 Flags: 0xf6
   Lifetime: 20.0 sec
   PDU Id: 0x261
   X.224 COTP Data Ack:
    dst_ref: 0x293c
    rseq: 4 credit: 3
    Flow control:
     Acked TPDU nr: 4
     Acked subsequence: 0
     Acked credit: 15
    ATN checksum: b4 93 fc 7d

[2025-05-18 00:07:52 CEST] [136.675] [-9.6/-32.7 dBFS] [23.1 dB] [3.9 ppm]
406014 (Aircraft, Airborne) -> 11907A (Ground station): Command
AVLC type: I sseq: 3 rseq: 3 poll: 0
 ACARS:
  Reassembly: in progress
  Reg: .G-EZTJ Flight: U221KV
  Mode: 2 Label: H2 Blk id: 0 More: 1 Ack: ! Msg num: M94A
  Message:
   02E17LMMLEGKKN41370E00906321323600M567307055G    QN42153E00834621393602M577315056G    QN42531E00802121463600M575311056G    QN43311E00728921533599M580312059G    QN44085E00656122003600M580306059G    QN44465E00621

[2025-05-18 00:07:54 CEST] [136.675] [-8.7/-32.6 dBFS] [23.8 dB] [4.2 ppm]
406014 (Aircraft, Airborne) -> 11907A (Ground station): Command
AVLC type: I sseq: 4 rseq: 4 poll: 0
 ACARS:
  Reassembly: complete
  Reg: .G-EZTJ Flight: U221KV
  Mode: 2 Label: H2 Blk id: 1 More: 0 Ack: ! Msg num: M94B
  Message:
   02E17LMMLEGKKN41370E00906321323600M567307055G    QN42153E00834621393602M577315056G    QN42531E00802121463600M575311056G    QN43311E00728921533599M580312059G    QN44085E00656122003600M580306059G    QN44465E00621922073597M575311054G    Q

[2025-05-18 00:08:17 CEST] [136.725] [-0.2/-32.2 dBFS] [32.0 dB] [2.5 ppm]
4CAFC2 (Aircraft, Airborne) -> 11985A (Ground station): Command
AVLC type: I sseq: 6 rseq: 7 poll: 0
 X.25 Data: grp: 11 chan: 255 sseq: 3 rseq: 4 more: 0
  X.25 reasm status: skipped
  X.233 CLNP Data (compressed header):
   LRef: 0x41 Prio: 11 Flags: 0xc0
   Lifetime: 50.0 sec
   PDU Id: 0x510
   X.224 COTP Data Ack:
    dst_ref: 0x2941
    rseq: 6 credit: 3
    Checksum: 6a 40
    Flow control:
     Acked TPDU nr: 6
     Acked subsequence: 0
     Acked credit: 15

[2025-05-18 00:08:26 CEST] [136.675] [0.7/-32.5 dBFS] [33.3 dB] [4.2 ppm]
49D034 (Aircraft, Airborne) -> 11907A (Ground station): Command
AVLC type: I sseq: 1 rseq: 3 poll: 0
 X.25 Data: grp: 11 chan: 255 sseq: 3 rseq: 4 more: 0
  X.25 reasm status: skipped
  X.233 CLNP Data (compressed header):
   LRef: 0x43 Prio: 11 Flags: 0xfe
   Lifetime: 20.0 sec
   PDU Id: 0x260
   X.224 COTP Data Ack:
    dst_ref: 0x2937
    rseq: 6 credit: 3
    Flow control:
     Acked TPDU nr: 6
     Acked subsequence: 0
     Acked credit: 15
    ATN checksum: 78 68 8d 55

[2025-05-18 00:09:03 CEST] [136.875] [-1.3/-31.7 dBFS] [30.4 dB] [3.2 ppm]
451E90 (Aircraft, Airborne) -> 270CA1 (Ground station): Command
AVLC type: U (XID) P/F: 1
 XID: Handoff Initiation
  Public params:
   Parameter set ID: 8885:1993
   Procedure classes: 00 01
   HDLC options: 20 a4 80
  VDL params:
   Parameter set ID: V
   Connection management: 01
   XID sequencing: seq: 2 retry: 0
   AVLC specific options: 25
   Destination airport: LEPA
   Aircraft location: 43.7N 5.1E 37000 ft

[2025-05-18 00:09:04 CEST] [136.675] [-8.1/-32.2 dBFS] [24.1 dB] [0.6 ppm]
4010EC (Aircraft, Airborne) -> 11907A (Ground station): Command
AVLC type: I sseq: 0 rseq: 2 poll: 0
 X.25 Data: grp: 11 chan: 255 sseq: 6 rseq: 0 more: 0
  X.25 reasm status: skipped
  X.233 CLNP Data (compressed header):
   LRef: 0x41 Prio: 11 Flags: 0xf6
   Lifetime: 20.0 sec
   PDU Id: 0x263
   X.224 COTP Data Ack:
    dst_ref: 0x293c
    rseq: 4 credit: 3
    Flow control:
     Acked TPDU nr: 4
     Acked subsequence: 0
     Acked credit: 15
    ATN checksum: b4 93 fc 7d

[2025-05-18 00:09:04 CEST] [136.875] [-2.1/-31.6 dBFS] [29.5 dB] [3.2 ppm]
451E90 (Aircraft, Airborne) -> 270CA1 (Ground station): Command
AVLC type: I sseq: 2 rseq: 3 poll: 0
 X.25 Data: grp: 11 chan: 255 sseq: 0 rseq: 1 more: 0
  X.25 reasm status: skipped
  X.233 CLNP Data (compressed header):
   LRef: 0x42 Prio: 11 Flags: 0xf6
   Lifetime: 20.0 sec
   PDU Id: 0x138
   X.224 COTP Data Ack:
    dst_ref: 0x2936
    rseq: 4 credit: 3
    Flow control:
     Acked TPDU nr: 4
     Acked subsequence: 0
     Acked credit: 15
    ATN checksum: 18 06 0d f6

[2025-05-18 00:09:37 CEST] [136.725] [-12.7/-31.8 dBFS] [19.2 dB] [3.7 ppm]
4D2279 (Aircraft, Airborne) -> 11985A (Ground station): Command
AVLC type: I sseq: 6 rseq: 6 poll: 0
 ACARS:
  Reassembly: skipped
  Reg: .9H-QBH Flight: FR31CK
  Mode: 2 Label: 16 Blk id: 9 More: 0 Ack: ! Msg num: M83A
  Message:
   220935,M118128,2250, 111,N 43.478 E  7.205

[2025-05-18 00:09:49 CEST] [136.725] [0.9/-32.1 dBFS] [33.0 dB] [2.3 ppm]
4CAFC2 (Aircraft, Airborne) -> 11985A (Ground station): Command
AVLC type: I sseq: 7 rseq: 0 poll: 0
 X.25 Data: grp: 11 chan: 255 sseq: 4 rseq: 5 more: 0
  X.25 reasm status: skipped
  X.233 CLNP Data (compressed header):
   LRef: 0x41 Prio: 11 Flags: 0xc0
   Lifetime: 50.0 sec
   PDU Id: 0x511
   X.224 COTP Data Ack:
    dst_ref: 0x2941
    rseq: 6 credit: 3
    Checksum: 6a 40
    Flow control:
     Acked TPDU nr: 6
     Acked subsequence: 0
     Acked credit: 15

[2025-05-18 00:09:58 CEST] [136.675] [-2.1/-32.6 dBFS] [30.5 dB] [4.1 ppm]
49D034 (Aircraft, Airborne) -> 11907A (Ground station): Command
AVLC type: I sseq: 2 rseq: 4 poll: 0
 X.25 Data: grp: 11 chan: 255 sseq: 4 rseq: 5 more: 0
  X.25 reasm status: skipped
  X.233 CLNP Data (compressed header):
   LRef: 0x43 Prio: 11 Flags: 0xfe
   Lifetime: 20.0 sec
   PDU Id: 0x261
   X.224 COTP Data Ack:
    dst_ref: 0x2937
    rseq: 6 credit: 3
    Flow control:
     Acked TPDU nr: 6
     Acked subsequence: 0
     Acked credit: 15
    ATN checksum: 78 68 8d 55

[2025-05-18 00:10:12 CEST] [136.975] [-12.4/-33.8 dBFS] [21.5 dB] [2.2 ppm]
4CADFF (Aircraft, Airborne) -> 10FA5A (Ground station): Command
AVLC type: I sseq: 7 rseq: 0 poll: 0
 X.25 Data: grp: 11 chan: 255 sseq: 4 rseq: 5 more: 0
  X.25 reasm status: skipped
  X.233 CLNP Data (compressed header):
   LRef: 0x42 Prio: 11 Flags: 0xc0
   Lifetime: 50.0 sec
   PDU Id: 0x168d
   X.224 COTP Data Ack:
    dst_ref: 0x292c
    rseq: 4 credit: 3
    Checksum: cf f3
    Flow control:
     Acked TPDU nr: 4
     Acked subsequence: 0
     Acked credit: 15

[2025-05-18 00:10:37 CEST] [136.875] [0.8/-31.6 dBFS] [32.5 dB] [2.6 ppm]
451E90 (Aircraft, Airborne) -> 270CA1 (Ground station): Command
AVLC type: I sseq: 3 rseq: 5 poll: 0
 X.25 Data: grp: 11 chan: 255 sseq: 1 rseq: 2 more: 0
  X.25 reasm status: skipped
  X.233 CLNP Data (compressed header):
   LRef: 0x42 Prio: 11 Flags: 0xf6
   Lifetime: 20.0 sec
   PDU Id: 0x139
   X.224 COTP Data Ack:
    dst_ref: 0x2936
    rseq: 4 credit: 3
    Flow control:
     Acked TPDU nr: 4
     Acked subsequence: 0
     Acked credit: 15
    ATN checksum: 18 06 0d f6

[2025-05-18 00:10:37 CEST] [136.675] [-9.3/-32.2 dBFS] [22.8 dB] [0.8 ppm]
4010EC (Aircraft, Airborne) -> 11907A (Ground station): Command
AVLC type: I sseq: 1 rseq: 3 poll: 0
 X.25 Data: grp: 11 chan: 255 sseq: 7 rseq: 1 more: 0
  X.25 reasm status: skipped
  X.233 CLNP Data (compressed header):
   LRef: 0x41 Prio: 11 Flags: 0xf6
   Lifetime: 20.0 sec
   PDU Id: 0x264
   X.224 COTP Data Ack:
    dst_ref: 0x293c
    rseq: 4 credit: 3
    Flow control:
     Acked TPDU nr: 4
     Acked subsequence: 0
     Acked credit: 15
    ATN checksum: b4 93 fc 7d

[2025-05-18 00:10:46 CEST] [136.975] [-10.4/-32.0 dBFS] [21.6 dB] [3.4 ppm]
4D2279 (Aircraft, Airborne) -> 10985A (Ground station): Command
AVLC type: U (XID) P/F: 1
 XID: Handoff Initiation
  Public params:
   Parameter set ID: 8885:1993
   Procedure classes: 00 01
   HDLC options: 20 84 80
  VDL params:
   Parameter set ID: V
   XID sequencing: seq: 4 retry: 0
   Destination airport: LIME
   Aircraft location: 43.5N 7.3E 0 ft
   Alternate ground stations: 10952A
   AVLC specific options: 24
   Connection management: 01

[2025-05-18 00:10:46 CEST] [136.725] [-11.3/-31.8 dBFS] [20.5 dB] [4.0 ppm]
440072 (Aircraft, Airborne) -> 11985A (Ground station): Command
AVLC type: I sseq: 5 rseq: 7 poll: 0
 X.25 Data: grp: 11 chan: 255 sseq: 7 rseq: 2 more: 0
  X.25 reasm status: skipped
  X.233 CLNP Data (compressed header):
   LRef: 0x42 Prio: 11 Flags: 0xf6
   Lifetime: 20.0 sec
   PDU Id: 0xcb
   X.224 COTP Data Ack:
    dst_ref: 0x293d
    rseq: 8 credit: 3
    Flow control:
     Acked TPDU nr: 8
     Acked subsequence: 0
     Acked credit: 15
    ATN checksum: 4c 6f a7 f0

[2025-05-18 00:10:53 CEST] [136.725] [-10.1/-32.4 dBFS] [22.3 dB] [3.9 ppm]
440072 (Aircraft, Airborne) -> 11985A (Ground station): Command
AVLC type: I sseq: 6 rseq: 0 poll: 0
 X.25 Data: grp: 11 chan: 255 sseq: 0 rseq: 3 more: 0
  X.25 reasm status: skipped
  X.233 CLNP Data (compressed header):
   LRef: 0x42 Prio: 11 Flags: 0xf6
   Lifetime: 20.0 sec
   PDU Id: 0xcc
   X.224 COTP Data Ack:
    dst_ref: 0x293d
    rseq: 9 credit: 4
    ATN checksum: 88 6e e6 2a
   X.224 COTP Data:
    dst_ref: 0x293d
    sseq: 8 req_of_ack: 0 EoT: 1
    COTP reasm status: skipped
    ATN checksum: c4 cb c2 fb
    CPDLC Downlink Message:
     Header:
      Msg ID: 8
      Msg Ref: 9
      Timestamp: 2025-05-17 22:10:52
      Logical ACK: notRequired
     Message data:
      LOGICAL ACKNOWLEDGMENT

[2025-05-18 00:10:54 CEST] [136.975] [-10.9/-32.0 dBFS] [21.1 dB] [3.5 ppm]
4D2279 (Aircraft, Airborne) -> 10985A (Ground station): Command
AVLC type: U (XID) P/F: 1
 XID: Handoff Initiation
  Public params:
   Parameter set ID: 8885:1993
   Procedure classes: 00 01
   HDLC options: 20 84 80
  VDL params:
   Parameter set ID: V
   XID sequencing: seq: 4 retry: 1
   Destination airport: LIME
   Aircraft location: 43.5N 7.3E 0 ft
   Alternate ground stations: 10952A
   AVLC specific options: 24
   Connection management: 01

[2025-05-18 00:10:58 CEST] [136.725] [-11.2/-32.6 dBFS] [21.4 dB] [3.6 ppm]
440072 (Aircraft, Airborne) -> 11985A (Ground station): Command
AVLC type: I sseq: 7 rseq: 1 poll: 0
 X.25 Data: grp: 11 chan: 255 sseq: 1 rseq: 4 more: 0
  X.25 reasm status: skipped
  X.233 CLNP Data (compressed header):
   LRef: 0x42 Prio: 11 Flags: 0xf6
   Lifetime: 20.0 sec
   PDU Id: 0xcd
   X.224 COTP Data:
    dst_ref: 0x293d
    sseq: 9 req_of_ack: 0 EoT: 1
    COTP reasm status: skipped
    ATN checksum: fc 40 95 c8
    CPDLC Downlink Message:
     Header:
      Msg ID: 9
      Msg Ref: 9
      Timestamp: 2025-05-17 22:10:56
      Logical ACK: required
     Message data:
      WILCO

[2025-05-18 00:11:00 CEST] [136.675] [-6.5/-32.5 dBFS] [26.0 dB] [4.0 ppm]
49D034 (Aircraft, Airborne) -> 11907A (Ground station): Command
AVLC type: I sseq: 4 rseq: 6 poll: 0
 ACARS:
  Reassembly: skipped
  Reg: .OK-TSR Flight: QS06MH
  Mode: 2 Label: 80 Blk id: 3 More: 0 Ack: ! Msg num: M30A
  Message:
   3A01 OPSCTL 06MH/   LEPA/EDDK .OK-TSR
   GUTEN ABEND ALLE
   2108/2122 ETA2325
   PAX156+2INF 2-WCHS
   DLY93A-10MIN 16C-3MIN
   VASEK/TOM

[2025-05-18 00:11:00 CEST] [136.725] [-10.8/-32.0 dBFS] [21.2 dB] [4.0 ppm]
440072 (Aircraft, Airborne) -> 11985A (Ground station): Command
AVLC type: I sseq: 0 rseq: 3 poll: 0
 X.25 Data: grp: 11 chan: 255 sseq: 2 rseq: 6 more: 0
  X.25 reasm status: skipped
  X.233 CLNP Data (compressed header):
   LRef: 0x42 Prio: 11 Flags: 0xf6
   Lifetime: 20.0 sec
   PDU Id: 0xce
   X.224 COTP Data Ack:
    dst_ref: 0x293d
    rseq: 10 credit: 4
    ATN checksum: dd 3b 19 d4

[2025-05-18 00:11:19 CEST] [136.725] [-11.6/-32.3 dBFS] [20.7 dB] [3.9 ppm]
440072 (Aircraft, Airborne) -> 11985A (Ground station): Command
AVLC type: I sseq: 1 rseq: 4 poll: 0
 X.25 Data: grp: 11 chan: 255 sseq: 3 rseq: 7 more: 0
  X.25 reasm status: skipped
  X.233 CLNP Data (compressed header):
   LRef: 0x42 Prio: 11 Flags: 0xf6
   Lifetime: 20.0 sec
   PDU Id: 0xcf
   X.224 COTP Data Ack:
    dst_ref: 0x293d
    rseq: 10 credit: 4
    ATN checksum: dd 3b 19 d4

[2025-05-18 00:11:21 CEST] [136.725] [-3.1/-32.3 dBFS] [29.2 dB] [2.2 ppm]
4CAFC2 (Aircraft, Airborne) -> 11985A (Ground station): Command
AVLC type: I sseq: 1 rseq: 2 poll: 0
 X.25 Data: grp: 11 chan: 255 sseq: 6 rseq: 7 more: 0
  X.25 reasm status: skipped
  X.233 CLNP Data (compressed header):
   LRef: 0x41 Prio: 11 Flags: 0xc0
   Lifetime: 50.0 sec
   PDU Id: 0x513
   X.224 COTP Data Ack:
    dst_ref: 0x2941
    rseq: 6 credit: 3
    Checksum: 6a 40
    Flow control:
     Acked TPDU nr: 6
     Acked subsequence: 0
     Acked credit: 15

[2025-05-18 00:11:28 CEST] [136.975] [-13.9/-32.0 dBFS] [18.0 dB] [3.5 ppm]
4D2279 (Aircraft, Airborne) -> 10F69B (Ground station): Command
AVLC type: I sseq: 2 rseq: 3 poll: 0
 X.25 Data: grp: 11 chan: 255 sseq: 0 rseq: 2 more: 0
  X.25 reasm status: skipped
  X.233 CLNP Data (compressed header):
   LRef: 0x40 Prio: 14 Flags: 0xc0
   Lifetime: 50.0 sec
   PDU Id: 0x23a9
   IDRP Open: seq: 1 ack: 1 credit_offered: 5 credit_avail: 2
    Hold Time: 900 seconds
    Max. PDU size: 3000 octets
    Source RDI: 47 00 27 41 52 59 52 00 4d 22 79	"G.'ARYR.M"y"
    RIB Attribute Set:
     RibAtt #0:
      Security:
       Reg ID: 06 04 2b 1b 00 00
    Auth mechanism: simple checksum

[2025-05-18 00:11:30 CEST] [136.675] [-4.2/-32.5 dBFS] [28.3 dB] [4.0 ppm]
49D034 (Aircraft, Airborne) -> 11907A (Ground station): Command
AVLC type: I sseq: 6 rseq: 0 poll: 0
 X.25 Data: grp: 11 chan: 255 sseq: 6 rseq: 7 more: 0
  X.25 reasm status: skipped
  X.233 CLNP Data (compressed header):
   LRef: 0x43 Prio: 11 Flags: 0xfe
   Lifetime: 20.0 sec
   PDU Id: 0x263
   X.224 COTP Data Ack:
    dst_ref: 0x2937
    rseq: 6 credit: 3
    Flow control:
     Acked TPDU nr: 6
     Acked subsequence: 0
     Acked credit: 15
    ATN checksum: 78 68 8d 55

[2025-05-18 00:11:32 CEST] [136.725] [-13.1/-32.3 dBFS] [19.2 dB] [3.4 ppm]
495298 (Aircraft, Airborne) -> 11985A (Ground station): Command
AVLC type: I sseq: 2 rseq: 0 poll: 0
 X.25 Data: grp: 11 chan: 254 sseq: 4 rseq: 0 more: 0
  X.25 reasm status: skipped
  X.233 CLNP Data (compressed header):
   LRef: 0x0 Prio: 11 Flags: 0xc0
   Lifetime: 50.0 sec
   PDU Id: 0x1c5
   X.224 COTP Data Ack:
    dst_ref: 0x2942
    rseq: 3 credit: 2
    Checksum: 71 ef

[2025-05-18 00:11:33 CEST] [136.725] [-13.0/-32.2 dBFS] [19.2 dB] [3.4 ppm]
495298 (Aircraft, Airborne) -> 11985A (Ground station): Command
AVLC type: I sseq: 3 rseq: 0 poll: 0
 X.25 Data: grp: 11 chan: 254 sseq: 5 rseq: 0 more: 0
  X.25 reasm status: skipped
  X.233 CLNP Data (compressed header):
   LRef: 0x0 Prio: 11 Flags: 0xc0
   Lifetime: 50.0 sec
   PDU Id: 0x1c6
   X.224 COTP Data:
    dst_ref: 0x2942
    sseq: 2 req_of_ack: 0 EoT: 1
    COTP reasm status: skipped
    Checksum: f9 f8
    CPDLC Downlink Message:
     Header:
      Msg ID: 2
      Msg Ref: 3
      Timestamp: 2025-05-17 22:11:31
      Logical ACK: notRequired
     Message data:
      LOGICAL ACKNOWLEDGMENT

[2025-05-18 00:11:41 CEST] [136.675] [-14.4/-32.3 dBFS] [17.9 dB] [3.8 ppm]
406014 (Aircraft, Airborne) -> 11907A (Ground station): Command
AVLC type: I sseq: 0 rseq: 1 poll: 0
 X.25 Data: grp: 11 chan: 255 sseq: 4 rseq: 5 more: 0
  X.25 reasm status: skipped
  X.233 CLNP Data (compressed header):
   LRef: 0x41 Prio: 11 Flags: 0xf6
   Lifetime: 20.0 sec
   PDU Id: 0x330
   X.224 COTP Data Ack:
    dst_ref: 0x293f
    rseq: 4 credit: 3
    Flow control:
     Acked TPDU nr: 4
     Acked subsequence: 0
     Acked credit: 15
    ATN checksum: 94 7f 66 cd

[2025-05-18 00:11:45 CEST] [136.725] [-11.5/-32.1 dBFS] [20.6 dB] [3.5 ppm]
495298 (Aircraft, Airborne) -> 11985A (Ground station): Command
AVLC type: I sseq: 4 rseq: 1 poll: 0
 X.25 Data: grp: 11 chan: 254 sseq: 6 rseq: 1 more: 0
  X.25 reasm status: skipped
  X.233 CLNP Data (compressed header):
   LRef: 0x0 Prio: 11 Flags: 0xc0
   Lifetime: 50.0 sec
   PDU Id: 0x1c7
   X.224 COTP Data:
    dst_ref: 0x2942
    sseq: 3 req_of_ack: 0 EoT: 1
    COTP reasm status: skipped
    Checksum: 95 7c
    CPDLC Downlink Message:
     Header:
      Msg ID: 3
      Msg Ref: 3
      Timestamp: 2025-05-17 22:11:44
      Logical ACK: required
     Message data:
      WILCO

[2025-05-18 00:11:47 CEST] [136.725] [-11.4/-32.0 dBFS] [20.6 dB] [3.3 ppm]
495298 (Aircraft, Airborne) -> 11985A (Ground station): Command
AVLC type: I sseq: 5 rseq: 3 poll: 0
 X.25 Data: grp: 11 chan: 254 sseq: 7 rseq: 3 more: 0
  X.25 reasm status: skipped
  X.233 CLNP Data (compressed header):
   LRef: 0x0 Prio: 11 Flags: 0xc0
   Lifetime: 50.0 sec
   PDU Id: 0x1c8
   X.224 COTP Data Ack:
    dst_ref: 0x2942
    rseq: 4 credit: 3
    Checksum: 66 f8

[2025-05-18 00:11:54 CEST] [136.975] [-10.7/-32.4 dBFS] [21.7 dB] [1.3 ppm]
ACFC26 (Aircraft, Airborne) -> 10907A (Ground station): Command
AVLC type: I sseq: 1 rseq: 1 poll: 0
 ACARS:
  Reassembly: skipped
  Reg: .N936CA Flight: N80819
  Mode: 2 Label: B9 Blk id: 4 More: 0 Ack: ! Msg num: L02A
  Message:
   /EBLG.TI2/024EBLGAAD4F

[2025-05-18 00:12:09 CEST] [136.875] [0.2/-31.6 dBFS] [31.8 dB] [2.2 ppm]
451E90 (Aircraft, Airborne) -> 270CA1 (Ground station): Command
AVLC type: I sseq: 4 rseq: 7 poll: 0
 X.25 Data: grp: 11 chan: 255 sseq: 2 rseq: 3 more: 0
  X.25 reasm status: skipped
  X.233 CLNP Data (compressed header):
   LRef: 0x42 Prio: 11 Flags: 0xf6
   Lifetime: 20.0 sec
   PDU Id: 0x13a
   X.224 COTP Data Ack:
    dst_ref: 0x2936
    rseq: 4 credit: 3
    Flow control:
     Acked TPDU nr: 4
     Acked subsequence: 0
     Acked credit: 15
    ATN checksum: 18 06 0d f6

[2025-05-18 00:12:30 CEST] [136.675] [-4.9/-32.2 dBFS] [27.3 dB] [4.1 ppm]
49D034 (Aircraft, Airborne) -> 11907A (Ground station): Command
AVLC type: I sseq: 7 rseq: 1 poll: 0
 X.25 Data: grp: 11 chan: 255 sseq: 7 rseq: 0 more: 0
  X.25 reasm status: skipped
  X.233 CLNP Data (compressed header):
   LRef: 0x43 Prio: 11 Flags: 0xfe
   Lifetime: 20.0 sec
   PDU Id: 0x264
   X.224 COTP Data Ack:
    dst_ref: 0x2937
    rseq: 7 credit: 3
    ATN checksum: b4 30 b1 df

[2025-05-18 00:12:30 CEST] [136.675] [-4.9/-32.2 dBFS] [27.3 dB] [4.1 ppm]
49D034 (Aircraft, Airborne) -> 11907A (Ground station): Command
AVLC type: I sseq: 0 rseq: 1 poll: 0
 X.25 Data: grp: 11 chan: 255 sseq: 0 rseq: 0 more: 0
  X.25 reasm status: skipped
  X.233 CLNP Data (compressed header):
   LRef: 0x43 Prio: 11 Flags: 0xfe
   Lifetime: 20.0 sec
   PDU Id: 0x265
   X.224 COTP Data:
    dst_ref: 0x2937
    sseq: 6 req_of_ack: 0 EoT: 1
    COTP reasm status: skipped
    ATN checksum: 27 93 4a 6f
    CPDLC Downlink Message:
     Header:
      Msg ID: 6
      Msg Ref: 7
      Timestamp: 2025-05-17 22:12:29
      Logical ACK: notRequired
     Message data:
      LOGICAL ACKNOWLEDGMENT

[2025-05-18 00:12:34 CEST] [136.675] [-4.7/-32.6 dBFS] [27.9 dB] [4.2 ppm]
49D034 (Aircraft, Airborne) -> 11907A (Ground station): Command
AVLC type: I sseq: 2 rseq: 4 poll: 0
 X.25 Data: grp: 11 chan: 255 sseq: 1 rseq: 2 more: 0
  X.25 reasm status: skipped
  X.233 CLNP Data (compressed header):
   LRef: 0x42 Prio: 11 Flags: 0xfe
   Lifetime: 20.0 sec
   PDU Id: 0x266
   X.224 COTP Connect Confirm:
    src_ref: 0x3856 dst_ref: 0x123f
    Initial Credit: 1
    Protocol class: 4
    Options: 00 (use normal PDU formats)
    TPDU size (bytes): 1024
    Called/responding transport selector: 16 00
    Calling transport selector: 65 6d
    Priority: 3
    Ack time (ms): 1000
    Inactivity timer (ms): 360000
    Additional options: 0x00
    ATN checksum: 8c c3 c2 67
    X.225 Session SPDU: Short Accept
     X.227 ACSE Associate Response:
      Application context name: { 1.3.27.3.0 }
      Associate result: accept
      ATCDownlinkMessage: <empty PDU>

[2025-05-18 00:12:45 CEST] [136.775] [-13.9/-31.4 dBFS] [17.5 dB] [3.0 ppm]
4D248F (Aircraft, Airborne) -> 233925 (Ground station): Command
AVLC type: I sseq: 2 rseq: 0 poll: 0
 X.25 Data: grp: 11 chan: 255 sseq: 0 rseq: 4 more: 0
  X.25 reasm status: skipped
  X.233 CLNP Data (compressed header):
   LRef: 0x43 Prio: 11 Flags: 0xf6
   Lifetime: 20.0 sec
   PDU Id: 0x3e0
   X.224 COTP Data Ack:
    dst_ref: 0x2943
    rseq: 4 credit: 3
    Flow control:
     Acked TPDU nr: 4
     Acked subsequence: 0
     Acked credit: 15
    ATN checksum: 18 27 69 3c

[2025-05-18 00:13:19 CEST] [136.725] [-11.5/-32.2 dBFS] [20.7 dB] [3.2 ppm]
495298 (Aircraft, Airborne) -> 11985A (Ground station): Command
AVLC type: I sseq: 6 rseq: 4 poll: 0
 X.25 Data: grp: 11 chan: 254 sseq: 0 rseq: 4 more: 0
  X.25 reasm status: skipped
  X.233 CLNP Data (compressed header):
   LRef: 0x0 Prio: 11 Flags: 0xc0
   Lifetime: 50.0 sec
   PDU Id: 0x1c9
   X.224 COTP Data Ack:
    dst_ref: 0x2942
    rseq: 4 credit: 3
    Checksum: 61 4c
    Flow control:
     Acked TPDU nr: 4
     Acked subsequence: 0
     Acked credit: 15

[2025-05-18 00:13:31 CEST] [136.975] [-10.2/-31.7 dBFS] [21.5 dB] [3.6 ppm]
4CADF4 (Aircraft, Airborne) -> 10F68A (Ground station): Command
AVLC type: U (XID) P/F: 1
 XID: Handoff Initiation
  Public params:
   Parameter set ID: 8885:1993
   Procedure classes: 00 01
   HDLC options: 20 84 80
  VDL params:
   Parameter set ID: V
   XID sequencing: seq: 3 retry: 0
   Destination airport: GCTS
   Aircraft location: 44.2N 7.4E 35000 ft
   Alternate ground stations: 10F63A 10F66A 10952A 10985A 10FA5A 10984A 10907A 10FA7B
   AVLC specific options: 24
   Connection management: 01

[2025-05-18 00:13:37 CEST] [136.675] [-4.3/-32.5 dBFS] [28.2 dB] [4.0 ppm]
49D034 (Aircraft, Airborne) -> 11907A (Ground station): Command
AVLC type: I sseq: 4 rseq: 6 poll: 0
 X.25 Data: grp: 11 chan: 255 sseq: 2 rseq: 4 more: 0
  X.25 reasm status: skipped
  X.233 CLNP Data (compressed header):
   LRef: 0x42 Prio: 11 Flags: 0xfe
   Lifetime: 20.0 sec
   PDU Id: 0x267
   X.224 COTP Data Ack:
    dst_ref: 0x123f
    rseq: 0 credit: 1
    Flow control:
     Acked TPDU nr: 0
     Acked subsequence: 0
     Acked credit: 10
    ATN checksum: 09 3e 6b 84

[2025-05-18 00:13:41 CEST] [136.875] [-7.3/-31.1 dBFS] [23.8 dB] [2.1 ppm]
451E90 (Aircraft, Airborne) -> 270CA1 (Ground station): Command
AVLC type: I sseq: 7 rseq: 2 poll: 0
 X.25 Data: grp: 11 chan: 255 sseq: 4 rseq: 5 more: 0
  X.25 reasm status: skipped
  X.233 CLNP Data (compressed header):
   LRef: 0x42 Prio: 11 Flags: 0xf6
   Lifetime: 20.0 sec
   PDU Id: 0x13c
   X.224 COTP Data Ack:
    dst_ref: 0x2936
    rseq: 4 credit: 3
    Flow control:
     Acked TPDU nr: 4
     Acked subsequence: 0
     Acked credit: 15
    ATN checksum: 18 06 0d f6

[2025-05-18 00:13:44 CEST] [136.875] [-8.8/-31.8 dBFS] [23.0 dB] [1.9 ppm]
451E90 (Aircraft, Airborne) -> 270CA1 (Ground station): Command
AVLC type: I sseq: 7 rseq: 2 poll: 0
 X.25 Data: grp: 11 chan: 255 sseq: 4 rseq: 5 more: 0
  X.25 reasm status: skipped
  X.233 CLNP Data (compressed header):
   LRef: 0x42 Prio: 11 Flags: 0xf6
   Lifetime: 20.0 sec
   PDU Id: 0x13c
   X.224 COTP Data Ack:
    dst_ref: 0x2936
    rseq: 4 credit: 3
    Flow control:
     Acked TPDU nr: 4
     Acked subsequence: 0
     Acked credit: 15
    ATN checksum: 18 06 0d f6

[2025-05-18 00:13:52 CEST] [136.725] [-7.2/-31.7 dBFS] [24.5 dB] [3.1 ppm]
495298 (Aircraft, Airborne) -> 11985A (Ground station): Command
AVLC type: I sseq: 7 rseq: 4 poll: 0
 ACARS:
  Reassembly: skipped
  Reg: .CS-TTX Flight: TP484H
  Mode: 2 Label: H1 Blk id: 0 More: 0 Ack: ! Msg num: F27A
  Sublabel: M2
  Message:
   RESFPN/RJ,077/TS221343,1705256CC4

[2025-05-18 00:13:57 CEST] [136.725] [-13.9/-32.0 dBFS] [18.2 dB] [2.2 ppm]
4400DC (Aircraft, Airborne) -> 11985A (Ground station): Command
AVLC type: I sseq: 1 rseq: 4 poll: 0
 X.25 Data: grp: 11 chan: 255 sseq: 5 rseq: 0 more: 0
  X.25 reasm status: skipped
  X.233 CLNP Data (compressed header):
   LRef: 0x43 Prio: 11 Flags: 0xf6
   Lifetime: 20.0 sec
   PDU Id: 0x145
   X.224 COTP Data Ack:
    dst_ref: 0x293b
    rseq: 6 credit: 3
    ATN checksum: 43 0d 50 03
   X.224 COTP Data:
    dst_ref: 0x293b
    sseq: 5 req_of_ack: 0 EoT: 1
    COTP reasm status: skipped
    ATN checksum: 94 83 ea 4a
    CPDLC Downlink Message:
     Header:
      Msg ID: 5
      Msg Ref: 7
      Timestamp: 2025-05-17 22:13:56
      Logical ACK: notRequired
     Message data:
      LOGICAL ACKNOWLEDGMENT

[2025-05-18 00:14:03 CEST] [136.675] [-9.5/-32.5 dBFS] [23.0 dB] [4.0 ppm]
49D034 (Aircraft, Airborne) -> 11907A (Ground station): Command
AVLC type: I sseq: 5 rseq: 7 poll: 0
 X.25 Data: grp: 11 chan: 255 sseq: 3 rseq: 5 more: 0
  X.25 reasm status: skipped
  X.233 CLNP Data (compressed header):
   LRef: 0x43 Prio: 11 Flags: 0xfe
   Lifetime: 20.0 sec
   PDU Id: 0x268
   X.224 COTP Data Ack:
    dst_ref: 0x2937
    rseq: 7 credit: 3
    Flow control:
     Acked TPDU nr: 7
     Acked subsequence: 0
     Acked credit: 15
    ATN checksum: 73 03 f0 5a

[2025-05-18 00:14:04 CEST] [136.725] [-14.1/-32.1 dBFS] [17.9 dB] [2.3 ppm]
4400DC (Aircraft, Airborne) -> 11985A (Ground station): Command
AVLC type: I sseq: 2 rseq: 5 poll: 0
 X.25 Data: grp: 11 chan: 255 sseq: 6 rseq: 1 more: 0
  X.25 reasm status: skipped
  X.233 CLNP Data (compressed header):
   LRef: 0x43 Prio: 11 Flags: 0xf6
   Lifetime: 20.0 sec
   PDU Id: 0x146
   X.224 COTP Data:
    dst_ref: 0x293b
    sseq: 6 req_of_ack: 0 EoT: 1
    COTP reasm status: skipped
    ATN checksum: c1 ea 9c 33
    X.227 ACSE Release Response:
     Reason: normal
     CPDLC Downlink Message:
      Header:
       Msg ID: 6
       Msg Ref: 7
       Timestamp: 2025-05-17 22:14:03
       Logical ACK: notRequired
      Message data:
       WILCO

[2025-05-18 00:14:17 CEST] [136.775] [-13.4/-31.6 dBFS] [18.2 dB] [2.7 ppm]
4D248F (Aircraft, Airborne) -> 233925 (Ground station): Command
AVLC type: I sseq: 5 rseq: 3 poll: 0
 X.25 Data: grp: 11 chan: 255 sseq: 2 rseq: 5 more: 0
  X.25 reasm status: skipped
  X.233 CLNP Data (compressed header):
   LRef: 0x43 Prio: 11 Flags: 0xf6
   Lifetime: 20.0 sec
   PDU Id: 0x3e2
   X.224 COTP Data Ack:
    dst_ref: 0x2943
    rseq: 4 credit: 3
    Flow control:
     Acked TPDU nr: 4
     Acked subsequence: 0
     Acked credit: 15
    ATN checksum: 18 27 69 3c

[2025-05-18 00:14:40 CEST] [136.675] [-8.7/-32.0 dBFS] [23.3 dB] [4.1 ppm]
49D034 (Aircraft, Airborne) -> 11907A (Ground station): Command
AVLC type: I sseq: 6 rseq: 0 poll: 0
 X.25 Data: grp: 11 chan: 255 sseq: 4 rseq: 6 more: 0
  X.25 reasm status: skipped
  X.233 CLNP Data (compressed header):
   LRef: 0x42 Prio: 11 Flags: 0xfe
   Lifetime: 20.0 sec
   PDU Id: 0x269
   X.224 COTP Data Ack:
    dst_ref: 0x123f
    rseq: 0 credit: 1
    Flow control:
     Acked TPDU nr: 0
     Acked subsequence: 0
     Acked credit: 10
    ATN checksum: 09 3e 6b 84

[2025-05-18 00:14:45 CEST] [136.725] [-13.6/-32.0 dBFS] [18.4 dB] [2.0 ppm]
4400DC (Aircraft, Airborne) -> 11985A (Ground station): Command
AVLC type: I sseq: 7 rseq: 2 poll: 0
 ACARS:
  Reassembly: skipped
  Reg: .OE-IDT Flight: EC43XD
  Mode: 2 Label: B6 Blk id: 0 More: 0 Ack: ! Msg num: J66A
  Message:
   /LPAFAYA.ADS.OE-IDT141EE9D02AA84779CDCC1D0D1FC8B031C2C490836220002830DC82EE002363
  ADS-C message:
   Waypoint change event:
    Lat: 43.4718704
    Lon: 7.4983406
    Alt: 30620 ft
    Time: 883.000 sec past hour (:14:43.000)
    Position accuracy: <0.25 nm
    NAV unit redundancy: OK
    TCAS: OK
   Predicted route:
    Next waypoint:
     Lat: 44.6961594
     Lon: 8.7470055
     Alt: 18696 ft
     ETA: 866 sec
    Next+1 waypoint:
     Lat: 45.0008583
     Lon: 8.5889053
     Alt: 12000 ft

[2025-05-18 00:14:51 CEST] [136.725] [-0.4/-31.9 dBFS] [31.5 dB] [2.9 ppm]
495298 (Aircraft, Airborne) -> 11985A (Ground station): Command
AVLC type: I sseq: 1 rseq: 7 poll: 0
 X.25 Data: grp: 11 chan: 254 sseq: 2 rseq: 6 more: 0
  X.25 reasm status: skipped
  X.233 CLNP Data (compressed header):
   LRef: 0x0 Prio: 11 Flags: 0xc0
   Lifetime: 50.0 sec
   PDU Id: 0x1cb
   X.224 COTP Data Ack:
    dst_ref: 0x2942
    rseq: 4 credit: 3
    Checksum: 61 4c
    Flow control:
     Acked TPDU nr: 4
     Acked subsequence: 0
     Acked credit: 15

[2025-05-18 00:15:09 CEST] [136.775] [-5.1/-31.5 dBFS] [26.5 dB] [3.3 ppm]
4CAD3F (Aircraft, Airborne) -> 11FA4A (Ground station): Command
AVLC type: U (XID) P/F: 1
 XID: Handoff Initiation
  Public params:
   Parameter set ID: 8885:1993
   Procedure classes: 00 01
   HDLC options: 20 84 80
  VDL params:
   Parameter set ID: V
   XID sequencing: seq: 5 retry: 0
   Destination airport: EIDW
   Aircraft location: 43.4N 7.2E 38000 ft
   Alternate ground stations: 11FA7B
   AVLC specific options: 24
   Connection management: 01

[2025-05-18 00:15:13 CEST] [136.675] [-13.8/-32.5 dBFS] [18.7 dB] [0.6 ppm]
4010EC (Aircraft, Airborne) -> 12957A (Ground station): Command
AVLC type: I sseq: 2 rseq: 3 poll: 0
 X.25 Data: grp: 11 chan: 255 sseq: 0 rseq: 1 more: 0
  X.25 reasm status: skipped
  X.233 CLNP Data (compressed header):
   LRef: 0x41 Prio: 11 Flags: 0xf6
   Lifetime: 20.0 sec
   PDU Id: 0x268
   X.224 COTP Data Ack:
    dst_ref: 0x293c
    rseq: 4 credit: 3
    Flow control:
     Acked TPDU nr: 4
     Acked subsequence: 0
     Acked credit: 15
    ATN checksum: b4 93 fc 7d

[2025-05-18 00:15:18 CEST] [136.775] [-5.9/-31.5 dBFS] [25.6 dB] [3.3 ppm]
4CAD3F (Aircraft, Airborne) -> 11FA4A (Ground station): Command
AVLC type: U (XID) P/F: 1
 XID: Handoff Initiation
  Public params:
   Parameter set ID: 8885:1993
   Procedure classes: 00 01
   HDLC options: 20 84 80
  VDL params:
   Parameter set ID: V
   XID sequencing: seq: 5 retry: 1
   Destination airport: EIDW
   Aircraft location: 43.4N 7.2E 38000 ft
   Alternate ground stations: 11FA7B
   AVLC specific options: 24
   Connection management: 01

[2025-05-18 00:15:27 CEST] [136.775] [-8.6/-31.9 dBFS] [23.3 dB] [3.1 ppm]
4CAD3F (Aircraft, Airborne) -> 11FA4A (Ground station): Command
AVLC type: U (XID) P/F: 1
 XID: Handoff Initiation
  Public params:
   Parameter set ID: 8885:1993
   Procedure classes: 00 01
   HDLC options: 20 84 80
  VDL params:
   Parameter set ID: V
   XID sequencing: seq: 5 retry: 2
   Destination airport: EIDW
   Aircraft location: 43.4N 7.2E 38000 ft
   Alternate ground stations: 11FA7B
   AVLC specific options: 24
   Connection management: 01

[2025-05-18 00:15:35 CEST] [136.675] [-15.0/-32.2 dBFS] [17.3 dB] [4.0 ppm]
49D034 (Aircraft, Airborne) -> 11907A (Ground station): Command
AVLC type: I sseq: 7 rseq: 1 poll: 0
 X.25 Data: grp: 11 chan: 255 sseq: 5 rseq: 7 more: 0
  X.25 reasm status: skipped
  X.233 CLNP Data (compressed header):
   LRef: 0x43 Prio: 11 Flags: 0xfe
   Lifetime: 20.0 sec
   PDU Id: 0x26a
   X.224 COTP Data Ack:
    dst_ref: 0x2937
    rseq: 7 credit: 3
    Flow control:
     Acked TPDU nr: 7
     Acked subsequence: 0
     Acked credit: 15
    ATN checksum: 73 03 f0 5a

[2025-05-18 00:15:38 CEST] [136.775] [-8.0/-31.8 dBFS] [23.8 dB] [3.2 ppm]
4CAD3F (Aircraft, Airborne) -> 11FA4A (Ground station): Command
AVLC type: U (XID) P/F: 1
 XID: Handoff Initiation
  Public params:
   Parameter set ID: 8885:1993
   Procedure classes: 00 01
   HDLC options: 20 84 80
  VDL params:
   Parameter set ID: V
   XID sequencing: seq: 5 retry: 3
   Destination airport: EIDW
   Aircraft location: 43.4N 7.2E 38000 ft
   Alternate ground stations: 11FA7B
   AVLC specific options: 24
   Connection management: 01

[2025-05-18 00:15:41 CEST] [136.675] [-14.1/-32.4 dBFS] [18.3 dB] [4.1 ppm]
49D034 (Aircraft, Airborne) -> 11907A (Ground station): Command
AVLC type: I sseq: 0 rseq: 2 poll: 0
 X.25 Data: grp: 11 chan: 255 sseq: 6 rseq: 0 more: 0
  X.25 reasm status: skipped
  X.233 CLNP Data (compressed header):
   LRef: 0x42 Prio: 11 Flags: 0xfe
   Lifetime: 20.0 sec
   PDU Id: 0x26b
   X.224 COTP Data Ack:
    dst_ref: 0x123f
    rseq: 0 credit: 1
    Flow control:
     Acked TPDU nr: 0
     Acked subsequence: 0
     Acked credit: 10
    ATN checksum: 09 3e 6b 84

[2025-05-18 00:15:48 CEST] [136.775] [-4.9/-31.6 dBFS] [26.7 dB] [3.4 ppm]
4CAD3F (Aircraft, Airborne) -> 11FA4A (Ground station): Command
AVLC type: U (XID) P/F: 1
 XID: Handoff Initiation
  Public params:
   Parameter set ID: 8885:1993
   Procedure classes: 00 01
   HDLC options: 20 84 80
  VDL params:
   Parameter set ID: V
   XID sequencing: seq: 5 retry: 4
   Destination airport: EIDW
   Aircraft location: 43.4N 7.2E 38000 ft
   Alternate ground stations: 11FA7B
   AVLC specific options: 24
   Connection management: 01

[2025-05-18 00:15:52 CEST] [136.675] [-14.8/-32.4 dBFS] [17.6 dB] [0.7 ppm]
4010EC (Aircraft, Airborne) -> 12957A (Ground station): Command
AVLC type: I sseq: 3 rseq: 4 poll: 0
 X.25 Data: grp: 11 chan: 255 sseq: 1 rseq: 2 more: 0
  X.25 reasm status: skipped
  X.233 CLNP Data (compressed header):
   LRef: 0x41 Prio: 11 Flags: 0xf6
   Lifetime: 20.0 sec
   PDU Id: 0x269
   X.224 COTP Data Ack:
    dst_ref: 0x293c
    rseq: 5 credit: 3
    ATN checksum: 8c 4c 1a 80
   X.224 COTP Data:
    dst_ref: 0x293c
    sseq: 4 req_of_ack: 0 EoT: 1
    COTP reasm status: skipped
    ATN checksum: 53 f0 c5 b1
    CPDLC Downlink Message:
     Header:
      Msg ID: 4
      Msg Ref: 5
      Timestamp: 2025-05-17 22:15:51
      Logical ACK: notRequired
     Message data:
      LOGICAL ACKNOWLEDGMENT

[2025-05-18 00:15:57 CEST] [136.775] [-5.6/-31.6 dBFS] [26.0 dB] [3.2 ppm]
4CAD3F (Aircraft, Airborne) -> 11FA4A (Ground station): Command
AVLC type: U (XID) P/F: 1
 XID: Handoff Initiation
  Public params:
   Parameter set ID: 8885:1993
   Procedure classes: 00 01
   HDLC options: 20 84 80
  VDL params:
   Parameter set ID: V
   XID sequencing: seq: 5 retry: 5
   Destination airport: EIDW
   Aircraft location: 43.4N 7.2E 38000 ft
   Alternate ground stations: 11FA7B
   AVLC specific options: 24
   Connection management: 01

[2025-05-18 00:16:00 CEST] [136.675] [-15.0/-32.4 dBFS] [17.4 dB] [0.7 ppm]
4010EC (Aircraft, Airborne) -> 12957A (Ground station): Command
AVLC type: I sseq: 5 rseq: 7 poll: 0
 X.25 Data: grp: 11 chan: 255 sseq: 3 rseq: 5 more: 0
  X.25 reasm status: skipped
  X.233 CLNP Data (compressed header):
   LRef: 0x41 Prio: 11 Flags: 0xf6
   Lifetime: 20.0 sec
   PDU Id: 0x26b
   X.224 COTP Data Ack:
    dst_ref: 0x293c
    rseq: 6 credit: 3
    ATN checksum: e1 19 4c 2b

[2025-05-18 00:16:16 CEST] [136.725] [0.1/-32.0 dBFS] [32.1 dB] [2.6 ppm]
495298 (Aircraft, Airborne) -> 11985A (Ground station): Command
AVLC type: I sseq: 2 rseq: 7 poll: 0
 ACARS:
  Reassembly: skipped
  Reg: .CS-TTX Flight: TP484H
  Mode: 2 Label: 16 Blk id: 1 More: 0 Ack: ! Msg num: M56A
  Message:
   221609,22280,2232,359.1, 3080,N4319.46 E00538.13

[2025-05-18 00:16:16 CEST] [136.775] [-11.6/-32.1 dBFS] [20.5 dB] [3.3 ppm]
4CAD3F (Aircraft, Airborne) -> 11FA7B (Ground station): Command
AVLC type: U (XID) P/F: 1
 XID: Handoff Initiation
  Public params:
   Parameter set ID: 8885:1993
   Procedure classes: 00 01
   HDLC options: 20 84 80
  VDL params:
   Parameter set ID: V
   XID sequencing: seq: 6 retry: 0
   Destination airport: EIDW
   Aircraft location: 43.5N 7.1E 37000 ft
   AVLC specific options: 24
   Connection management: 01

[2025-05-18 00:16:23 CEST] [136.725] [-2.1/-32.1 dBFS] [30.0 dB] [2.5 ppm]
495298 (Aircraft, Airborne) -> 11985A (Ground station): Command
AVLC type: I sseq: 3 rseq: 1 poll: 0
 X.25 Data: grp: 11 chan: 254 sseq: 3 rseq: 7 more: 0
  X.25 reasm status: skipped
  X.233 CLNP Data (compressed header):
   LRef: 0x0 Prio: 11 Flags: 0xc0
   Lifetime: 50.0 sec
   PDU Id: 0x1cc
   X.224 COTP Data Ack:
    dst_ref: 0x2942
    rseq: 4 credit: 3
    Checksum: 61 4c
    Flow control:
     Acked TPDU nr: 4
     Acked subsequence: 0
     Acked credit: 15

[2025-05-18 00:16:25 CEST] [136.775] [-6.3/-31.6 dBFS] [25.3 dB] [3.2 ppm]
4CAD3F (Aircraft, Airborne) -> 11FA7B (Ground station): Command
AVLC type: U (XID) P/F: 1
 XID: Handoff Initiation
  Public params:
   Parameter set ID: 8885:1993
   Procedure classes: 00 01
   HDLC options: 20 84 80
  VDL params:
   Parameter set ID: V
   XID sequencing: seq: 6 retry: 1
   Destination airport: EIDW
   Aircraft location: 43.5N 7.1E 37000 ft
   AVLC specific options: 24
   Connection management: 01

[2025-05-18 00:16:26 CEST] [136.725] [-13.8/-31.9 dBFS] [18.1 dB] [3.4 ppm]
440072 (Aircraft, Airborne) -> 11985A (Ground station): Command
AVLC type: I sseq: 6 rseq: 1 poll: 0
 X.25 Data: grp: 11 chan: 255 sseq: 0 rseq: 4 more: 0
  X.25 reasm status: skipped
  X.233 CLNP Data (compressed header):
   LRef: 0x42 Prio: 11 Flags: 0xf6
   Lifetime: 20.0 sec
   PDU Id: 0xd4
   X.224 COTP Data Ack:
    dst_ref: 0x293d
    rseq: 11 credit: 4
    ATN checksum: 33 08 4b 7f
   X.224 COTP Data:
    dst_ref: 0x293d
    sseq: 10 req_of_ack: 0 EoT: 1
    COTP reasm status: skipped
    ATN checksum: d3 f4 5c 5d
    CPDLC Downlink Message:
     Header:
      Msg ID: 10
      Msg Ref: 11
      Timestamp: 2025-05-17 22:16:24
      Logical ACK: notRequired
     Message data:
      LOGICAL ACKNOWLEDGMENT

[2025-05-18 00:16:34 CEST] [136.775] [-7.4/-31.4 dBFS] [24.0 dB] [3.2 ppm]
4CAD3F (Aircraft, Airborne) -> 11FA7B (Ground station): Command
AVLC type: U (XID) P/F: 1
 XID: Handoff Initiation
  Public params:
   Parameter set ID: 8885:1993
   Procedure classes: 00 01
   HDLC options: 20 84 80
  VDL params:
   Parameter set ID: V
   XID sequencing: seq: 6 retry: 2
   Destination airport: EIDW
   Aircraft location: 43.5N 7.1E 37000 ft
   AVLC specific options: 24
   Connection management: 01

[2025-05-18 00:16:40 CEST] [136.775] [-6.8/-31.9 dBFS] [25.1 dB] [3.3 ppm]
4CAD3F (Aircraft, Airborne) -> 11FA7B (Ground station): Command
AVLC type: I sseq: 2 rseq: 4 poll: 0
 X.25 Data: grp: 11 chan: 255 sseq: 0 rseq: 2 more: 0
  X.25 reasm status: skipped
  X.233 CLNP Data (compressed header):
   LRef: 0x40 Prio: 14 Flags: 0xc0
   Lifetime: 50.0 sec
   PDU Id: 0x8cb
   IDRP Open: seq: 1 ack: 1 credit_offered: 5 credit_avail: 2
    Hold Time: 900 seconds
    Max. PDU size: 3000 octets
    Source RDI: 47 00 27 41 52 59 52 00 4c ad 3f	"G.'ARYR.L.?"
    RIB Attribute Set:
     RibAtt #0:
      Security:
       Reg ID: 06 04 2b 1b 00 00
    Auth mechanism: simple checksum

[2025-05-18 00:16:43 CEST] [136.775] [-7.1/-31.8 dBFS] [24.7 dB] [3.1 ppm]
4CAD3F (Aircraft, Airborne) -> 11FA7B (Ground station): Command
AVLC type: I sseq: 4 rseq: 7 poll: 0
 X.25 Data: grp: 11 chan: 255 sseq: 2 rseq: 5 more: 0
  X.25 reasm status: skipped
  X.233 CLNP Data (compressed header):
   LRef: 0x40 Prio: 14 Flags: 0xc0
   Lifetime: 50.0 sec
   PDU Id: 0x8cc
   IDRP Update: seq: 2 ack: 3 credit_offered: 3 credit_avail: 2
    Route:
     ID: 2
     Local preference: 0
    RD path:
     RD_SEQ:
      47 00 27 41 52 59 52 00 4c ad 3f	"G.'ARYR.L.?"
    RD hop count: 1
    Security:
     Reg ID: 06 04 2b 1b 00 00
     Info:
      Supported ATSC classes: all
    Capacity: 13
    Reachability info:
     Protocol: CLNP
     Prefix length: 88
     Dest. address prefix: 47 00 27 41 52 59 52 00 4c ad 3f	"G.'ARYR.L.?"

[2025-05-18 00:17:12 CEST] [136.775] [-9.9/-31.7 dBFS] [21.8 dB] [3.1 ppm]
4CAD3F (Aircraft, Airborne) -> 11FA7B (Ground station): Command
AVLC type: I sseq: 5 rseq: 0 poll: 0
 ACARS:
  Reassembly: skipped
  Reg: .EI-HMX Flight: FR46LC
  Mode: 2 Label: 16 Blk id: 4 More: 0 Ack: ! Msg num: M36A
  Message:
   221711,37996,0033, 171,N 43.635 E  7.094

[2025-05-18 00:17:17 CEST] [136.775] [-10.2/-32.0 dBFS] [21.8 dB] [3.1 ppm]
4CAD3F (Aircraft, Airborne) -> 11FA7B (Ground station): Command
AVLC type: I sseq: 5 rseq: 0 poll: 0
 ACARS:
  Reassembly: skipped
  Reg: .EI-HMX Flight: FR46LC
  Mode: 2 Label: 16 Blk id: 4 More: 0 Ack: ! Msg num: M36A
  Message:
   221711,37996,0033, 171,N 43.635 E  7.094

[2025-05-18 00:17:22 CEST] [136.775] [-9.3/-31.6 dBFS] [22.3 dB] [3.2 ppm]
4CAD3F (Aircraft, Airborne) -> 11FA7B (Ground station): Command
AVLC type: I sseq: 5 rseq: 0 poll: 0
 ACARS:
  Reassembly: skipped
  Reg: .EI-HMX Flight: FR46LC
  Mode: 2 Label: 16 Blk id: 4 More: 0 Ack: ! Msg num: M36A
  Message:
   221711,37996,0033, 171,N 43.635 E  7.094

[2025-05-18 00:17:28 CEST] [136.775] [-11.3/-31.6 dBFS] [20.3 dB] [3.1 ppm]
4CAD3F (Aircraft, Airborne) -> 11FA7B (Ground station): Command
AVLC type: I sseq: 5 rseq: 0 poll: 0
 ACARS:
  Reassembly: skipped
  Reg: .EI-HMX Flight: FR46LC
  Mode: 2 Label: 16 Blk id: 4 More: 0 Ack: ! Msg num: M36A
  Message:
   221711,37996,0033, 171,N 43.635 E  7.094

[2025-05-18 00:17:36 CEST] [136.975] [-12.5/-32.6 dBFS] [20.1 dB] [2.6 ppm]
408184 (Aircraft, Airborne) -> 10F68A (Ground station): Command
AVLC type: I sseq: 0 rseq: 0 poll: 0
 ACARS:
  Reassembly: out of sequence
  Reg: .G-UZEH Flight: U268TW
  Mode: 2 Label: H2 Blk id: 7 More: 0 Ack: ! Msg num: M32B
  Message:
   422173800M600299047G    Q

[2025-05-18 00:17:37 CEST] [136.725] [-2.5/-31.7 dBFS] [29.2 dB] [2.3 ppm]
495298 (Aircraft, Airborne) -> 11985A (Ground station): Command
AVLC type: I sseq: 4 rseq: 2 poll: 0
 X.25 Data: grp: 11 chan: 254 sseq: 4 rseq: 0 more: 0
  X.25 reasm status: skipped
  X.233 CLNP Data (compressed header):
   LRef: 0x0 Prio: 11 Flags: 0xc0
   Lifetime: 50.0 sec
   PDU Id: 0x1cd
   X.224 COTP Data Ack:
    dst_ref: 0x2942
    rseq: 5 credit: 3
    Checksum: 62 fb

[2025-05-18 00:17:38 CEST] [136.725] [-1.6/-32.3 dBFS] [30.7 dB] [2.3 ppm]
495298 (Aircraft, Airborne) -> 11985A (Ground station): Command
AVLC type: I sseq: 5 rseq: 2 poll: 0
 X.25 Data: grp: 11 chan: 254 sseq: 5 rseq: 0 more: 0
  X.25 reasm status: skipped
  X.233 CLNP Data (compressed header):
   LRef: 0x0 Prio: 11 Flags: 0xc0
   Lifetime: 50.0 sec
   PDU Id: 0x1ce
   X.224 COTP Data:
    dst_ref: 0x2942
    sseq: 4 req_of_ack: 0 EoT: 1
    COTP reasm status: skipped
    Checksum: 12 9d
    X.227 ACSE Release Response:
     Reason: normal
     ATCDownlinkMessage: <empty PDU>

[2025-05-18 00:17:38 CEST] [136.975] [-12.8/-32.4 dBFS] [19.6 dB] [2.7 ppm]
408184 (Aircraft, Airborne) -> 10985A (Ground station): Response
AVLC type: U (XID) P/F: 1
 XID: Handoff Response
  Public params:
   Parameter set ID: 8885:1993
   Procedure classes: 00 01
   HDLC options: 20 a4 80
  VDL params:
   Parameter set ID: V
   Connection management: 01
   XID sequencing: seq: 1 retry: 0
   AVLC specific options: 25
   Destination airport: EGGD
   Aircraft location: 44.8N 6.2E 38000 ft

[2025-05-18 00:17:39 CEST] [136.975] [-12.3/-32.2 dBFS] [19.9 dB] [2.4 ppm]
408184 (Aircraft, Airborne) -> 10985A (Ground station): Command
AVLC type: I sseq: 2 rseq: 3 poll: 0
 X.25 Data: grp: 11 chan: 255 sseq: 0 rseq: 2 more: 0
  X.25 reasm status: skipped
  X.233 CLNP Data (compressed header):
   LRef: 0x40 Prio: 14 Flags: 0xf6
   Lifetime: 20.0 sec
   PDU Id: 0xbd
   IDRP Open: seq: 1 ack: 1 credit_offered: 3 credit_avail: 4
    Hold Time: 900 seconds
    Max. PDU size: 3000 octets
    Source RDI: 47 00 27 41 45 5a 59 00 40 81 84	"G.'AEZY.@.."
    RIB Attribute Set:
     RibAtt #0:
      Security:
       Reg ID: 06 04 2b 1b 00 00
    Auth mechanism: simple checksum

[2025-05-18 00:17:40 CEST] [136.725] [-2.5/-32.4 dBFS] [29.9 dB] [2.3 ppm]
495298 (Aircraft, Airborne) -> 11985A (Ground station): Command
AVLC type: I sseq: 6 rseq: 4 poll: 0
 X.25 Data: grp: 11 chan: 254 sseq: 6 rseq: 2 more: 0
  X.25 reasm status: skipped
  X.233 CLNP Data (compressed header):
   LRef: 0x0 Prio: 11 Flags: 0xc0
   Lifetime: 50.0 sec
   PDU Id: 0x1cf
   X.224 COTP Disconnect Confirm:
    src_ref: 0x0011 dst_ref: 0x2942
    Checksum: 67 8c

[2025-05-18 00:17:40 CEST] [136.975] [-12.1/-31.9 dBFS] [19.8 dB] [2.5 ppm]
408184 (Aircraft, Airborne) -> 10985A (Ground station): Command
AVLC type: I sseq: 3 rseq: 5 poll: 0
 X.25 Data: grp: 11 chan: 255 sseq: 1 rseq: 3 more: 0
  X.25 reasm status: skipped
  X.233 CLNP Data (compressed header):
   LRef: 0x40 Prio: 14 Flags: 0xf6
   Lifetime: 20.0 sec
   PDU Id: 0xbe
   IDRP Update: seq: 2 ack: 1 credit_offered: 3 credit_avail: 3
    Route:
     ID: 7
     Local preference: 0
    RD path:
     RD_SEQ:
      47 00 27 41 45 5a 59 00 40 81 84	"G.'AEZY.@.."
    RD hop count: 1
    Capacity: 13
    Reachability info:
     Protocol: CLNP
     Prefix length: 88
     Dest. address prefix: 47 00 27 41 45 5a 59 00 40 81 84	"G.'AEZY.@.."

[2025-05-18 00:17:40 CEST] [136.975] [-12.1/-31.9 dBFS] [19.8 dB] [2.5 ppm]
408184 (Aircraft, Airborne) -> 10985A (Ground station): Command
AVLC type: I sseq: 4 rseq: 6 poll: 0
 X.25 Data: grp: 11 chan: 255 sseq: 2 rseq: 3 more: 0
  X.25 reasm status: skipped
  X.233 CLNP Data (compressed header):
   LRef: 0x40 Prio: 14 Flags: 0xf6
   Lifetime: 20.0 sec
   PDU Id: 0xbf
   IDRP Update: seq: 3 ack: 1 credit_offered: 3 credit_avail: 2
    Route:
     ID: 8
     Local preference: 0
    Security:
     Reg ID: 06 04 2b 1b 00 00
     Info:
      Supported ATSC classes: all
      Subnetwork type:
       Subnet: VDL
       Permitted traffic: all
    RD path:
     RD_SEQ:
      47 00 27 41 45 5a 59 00 40 81 84	"G.'AEZY.@.."
    RD hop count: 1
    Capacity: 13
    Reachability info:
     Protocol: CLNP
     Prefix length: 88
     Dest. address prefix: 47 00 27 41 45 5a 59 00 40 81 84	"G.'AEZY.@.."

[2025-05-18 00:17:58 CEST] [136.725] [-10.8/-32.3 dBFS] [21.4 dB] [3.5 ppm]
440072 (Aircraft, Airborne) -> 11985A (Ground station): Command
AVLC type: I sseq: 0 rseq: 4 poll: 0
 X.25 Data: grp: 11 chan: 255 sseq: 2 rseq: 7 more: 0
  X.25 reasm status: skipped
  X.233 CLNP Data (compressed header):
   LRef: 0x42 Prio: 11 Flags: 0xf6
   Lifetime: 20.0 sec
   PDU Id: 0xd6
   X.224 COTP Data Ack:
    dst_ref: 0x293d
    rseq: 11 credit: 4
    Flow control:
     Acked TPDU nr: 11
     Acked subsequence: 0
     Acked credit: 15
    ATN checksum: f1 f8 fe 63

[2025-05-18 00:18:07 CEST] [136.975] [-10.6/-32.3 dBFS] [21.7 dB] [3.1 ppm]
4CAD3F (Aircraft, Airborne) -> 10957A (Ground station): Command
AVLC type: U (XID) P/F: 1
 XID: Link Establishment
  Public params:
   Parameter set ID: 8885:1993
   Procedure classes: 00 01
   HDLC options: 20 84 80
  VDL params:
   Parameter set ID: V
   XID sequencing: seq: 0 retry: 0
   Modulation support: VDL-M2, D8PSK, 31500 bps
   Destination airport: EIDW
   Aircraft location: 43.7N 7.0E 37000 ft
   AVLC specific options: 24
   Connection management: 00

[2025-05-18 00:18:16 CEST] [136.975] [-7.4/-32.2 dBFS] [24.8 dB] [3.4 ppm]
4CAD3F (Aircraft, Airborne) -> 10957A (Ground station): Command
AVLC type: U (XID) P/F: 1
 XID: Link Establishment
  Public params:
   Parameter set ID: 8885:1993
   Procedure classes: 00 01
   HDLC options: 20 84 80
  VDL params:
   Parameter set ID: V
   XID sequencing: seq: 0 retry: 1
   Modulation support: VDL-M2, D8PSK, 31500 bps
   Destination airport: EIDW
   Aircraft location: 43.7N 7.0E 37000 ft
   AVLC specific options: 24
   Connection management: 00

[2025-05-18 00:18:25 CEST] [136.975] [-11.3/-32.0 dBFS] [20.6 dB] [3.2 ppm]
4CAD3F (Aircraft, Airborne) -> 10957A (Ground station): Command
AVLC type: U (XID) P/F: 1
 XID: Link Establishment
  Public params:
   Parameter set ID: 8885:1993
   Procedure classes: 00 01
   HDLC options: 20 84 80
  VDL params:
   Parameter set ID: V
   XID sequencing: seq: 0 retry: 2
   Modulation support: VDL-M2, D8PSK, 31500 bps
   Destination airport: EIDW
   Aircraft location: 43.7N 7.0E 37000 ft
   AVLC specific options: 24
   Connection management: 00

[2025-05-18 00:18:35 CEST] [136.975] [-8.3/-32.1 dBFS] [23.9 dB] [3.0 ppm]
4CAD3F (Aircraft, Airborne) -> 10957A (Ground station): Command
AVLC type: U (XID) P/F: 1
 XID: Link Establishment
  Public params:
   Parameter set ID: 8885:1993
   Procedure classes: 00 01
   HDLC options: 20 84 80
  VDL params:
   Parameter set ID: V
   XID sequencing: seq: 0 retry: 3
   Modulation support: VDL-M2, D8PSK, 31500 bps
   Destination airport: EIDW
   Aircraft location: 43.7N 7.0E 37000 ft
   AVLC specific options: 24
   Connection management: 00

