[2025-01-14 00:00:06 CET] [136.725] [-11.0/-29.5 dBFS] [18.4 dB] [3.7 ppm]
4D2279 (Aircraft, Airborne) -> 11985A (Ground station): Command
AVLC type: I sseq: 1 rseq: 5 poll: 0
 X.25 Data: grp: 11 chan: 254 sseq: 5 rseq: 1 more: 0
  X.25 reasm status: skipped
  X.233 CLNP Data (compressed header):
   LRef: 0x42 Prio: 11 Flags: 0xc0
   Lifetime: 50.0 sec
   PDU Id: 0xce3
   X.224 COTP Data Ack:
    dst_ref: 0x9d06
    rseq: 5 credit: 3
    Checksum: d5 9d
    Flow control:
     Acked TPDU nr: 5
     Acked subsequence: 0
     Acked credit: 15

[2025-01-14 00:00:57 CET] [136.725] [-13.5/-30.3 dBFS] [16.8 dB] [3.8 ppm]
4D2279 (Aircraft, Airborne) -> 11985A (Ground station): Command
AVLC type: I sseq: 2 rseq: 6 poll: 0
 X.25 Data: grp: 11 chan: 254 sseq: 6 rseq: 2 more: 0
  X.25 reasm status: skipped
  X.233 CLNP Data (compressed header):
   LRef: 0x42 Prio: 11 Flags: 0xc0
   Lifetime: 50.0 sec
   PDU Id: 0xce4
   X.224 COTP Data Ack:
    dst_ref: 0x9d06
    rseq: 6 credit: 3
    Checksum: d0 54

[2025-01-14 00:00:58 CET] [136.725] [-12.5/-30.1 dBFS] [17.6 dB] [3.7 ppm]
4D2279 (Aircraft, Airborne) -> 11985A (Ground station): Command
AVLC type: I sseq: 3 rseq: 6 poll: 0
 X.25 Data: grp: 11 chan: 254 sseq: 7 rseq: 2 more: 0
  X.25 reasm status: skipped
  X.233 CLNP Data (compressed header):
   LRef: 0x42 Prio: 11 Flags: 0xc0
   Lifetime: 50.0 sec
   PDU Id: 0xce5
   X.224 COTP Data:
    dst_ref: 0x9d06
    sseq: 5 req_of_ack: 0 EoT: 1
    COTP reasm status: skipped
    Checksum: 86 37
    CPDLC Downlink Message:
     Header:
      Msg ID: 5
      Msg Ref: 7
      Timestamp: 2025-01-13 23:00:56
      Logical ACK: notRequired
     Message data:
      LOGICAL ACKNOWLEDGMENT

[2025-01-14 00:01:13 CET] [136.975] [-9.0/-30.1 dBFS] [21.1 dB] [3.7 ppm]
4CAE6D (Aircraft, Airborne) -> 10FA5A (Ground station): Command
AVLC type: I sseq: 2 rseq: 2 poll: 0
 ACARS:
  Reassembly: skipped
  Reg: .EI-IJZ Flight: FR8184
  Mode: 2 Label: 16 Blk id: 7 More: 0 Ack: ! Msg num: M03A
  Message:
   230112,34976,2358,  90,N 43.950 E  7.127

[2025-01-14 00:01:14 CET] [136.725] [-10.8/-30.1 dBFS] [19.3 dB] [3.6 ppm]
4D2279 (Aircraft, Airborne) -> 11985A (Ground station): Command
AVLC type: I sseq: 4 rseq: 7 poll: 0
 X.25 Data: grp: 11 chan: 254 sseq: 0 rseq: 3 more: 0
  X.25 reasm status: skipped
  X.233 CLNP Data (compressed header):
   LRef: 0x42 Prio: 11 Flags: 0xc0
   Lifetime: 50.0 sec
   PDU Id: 0xce6
   X.224 COTP Data:
    dst_ref: 0x9d06
    sseq: 6 req_of_ack: 0 EoT: 1
    COTP reasm status: skipped
    Checksum: 2a 5d
    X.227 ACSE Release Response:
     Reason: normal
     CPDLC Downlink Message:
      Header:
       Msg ID: 6
       Msg Ref: 7
       Timestamp: 2025-01-13 23:01:12
       Logical ACK: notRequired
      Message data:
       WILCO

[2025-01-14 00:01:15 CET] [136.725] [-10.7/-30.3 dBFS] [19.5 dB] [3.5 ppm]
4D2279 (Aircraft, Airborne) -> 11985A (Ground station): Command
AVLC type: I sseq: 6 rseq: 2 poll: 0
 X.25 Data: grp: 11 chan: 254 sseq: 2 rseq: 5 more: 0
  X.25 reasm status: skipped
  X.233 CLNP Data (compressed header):
   LRef: 0x42 Prio: 11 Flags: 0xc0
   Lifetime: 50.0 sec
   PDU Id: 0xce8
   X.224 COTP Disconnect Confirm:
    src_ref: 0x0013 dst_ref: 0x9d06
    Checksum: 99 20

[2025-01-14 00:01:16 CET] [136.725] [-12.1/-30.0 dBFS] [17.9 dB] [3.8 ppm]
4D2279 (Aircraft, Airborne) -> 11985A (Ground station): Command
AVLC type: I sseq: 7 rseq: 3 poll: 0
 X.25 Data: grp: 11 chan: 254 sseq: 3 rseq: 7 more: 0
  X.25 reasm status: skipped
  X.233 CLNP Data (compressed header):
   LRef: 0x43 Prio: 11 Flags: 0xc0
   Lifetime: 50.0 sec
   PDU Id: 0xce9
   X.224 COTP Data Ack:
    dst_ref: 0x8461
    rseq: 1 credit: 2
    Checksum: b9 2f

[2025-01-14 00:01:17 CET] [136.725] [-11.7/-29.7 dBFS] [18.0 dB] [3.7 ppm]
4D2279 (Aircraft, Airborne) -> 11985A (Ground station): Command
AVLC type: I sseq: 0 rseq: 4 poll: 0
 X.25 Data: grp: 11 chan: 254 sseq: 4 rseq: 0 more: 0
  X.25 reasm status: skipped
  X.233 CLNP Data (compressed header):
   LRef: 0x43 Prio: 11 Flags: 0xc0
   Lifetime: 50.0 sec
   PDU Id: 0xcea
   X.224 COTP Data Ack:
    dst_ref: 0x8461
    rseq: 2 credit: 2
    Checksum: b5 32

[2025-01-14 00:01:18 CET] [136.725] [-12.7/-29.6 dBFS] [16.9 dB] [3.7 ppm]
4D2279 (Aircraft, Airborne) -> 11985A (Ground station): Command
AVLC type: I sseq: 1 rseq: 4 poll: 0
 X.25 Data: grp: 11 chan: 254 sseq: 5 rseq: 0 more: 0
  X.25 reasm status: skipped
  X.233 CLNP Data (compressed header):
   LRef: 0x43 Prio: 11 Flags: 0xc0
   Lifetime: 50.0 sec
   PDU Id: 0xceb
   X.224 COTP Data:
    dst_ref: 0x8461
    sseq: 1 req_of_ack: 0 EoT: 1
    COTP reasm status: skipped
    Checksum: f7 b7
    CPDLC Downlink Message:
     Header:
      Msg ID: 1
      Msg Ref: 1
      Timestamp: 2025-01-13 23:01:16
      Logical ACK: notRequired
     Message data:
      LOGICAL ACKNOWLEDGMENT

[2025-01-14 00:02:11 CET] [136.725] [-11.5/-30.2 dBFS] [18.6 dB] [1.7 ppm]
4D2302 (Aircraft, Airborne) -> 11985A (Ground station): Command
AVLC type: I sseq: 6 rseq: 6 poll: 0
 X.25 Data: grp: 11 chan: 254 sseq: 3 rseq: 3 more: 0
  X.25 reasm status: skipped
  X.233 CLNP Data (compressed header):
   LRef: 0x41 Prio: 11 Flags: 0xc0
   Lifetime: 50.0 sec
   PDU Id: 0x5ac
   X.224 COTP Data Ack:
    dst_ref: 0x9d10
    rseq: 2 credit: 2
    Checksum: a4 cb
    Flow control:
     Acked TPDU nr: 2
     Acked subsequence: 0
     Acked credit: 15

[2025-01-14 00:02:12 CET] [136.975] [-8.0/-30.4 dBFS] [22.4 dB] [3.5 ppm]
4CAE6D (Aircraft, Airborne) -> 10FA5A (Ground station): Command
AVLC type: I sseq: 4 rseq: 5 poll: 0
 X.25 Data: grp: 11 chan: 254 sseq: 1 rseq: 2 more: 0
  X.25 reasm status: skipped
  X.233 CLNP Data (compressed header):
   LRef: 0x0 Prio: 11 Flags: 0xc0
   Lifetime: 50.0 sec
   PDU Id: 0xeb8
   X.224 COTP Data Ack:
    dst_ref: 0x9d13
    rseq: 2 credit: 2
    Checksum: 95 d7
    Flow control:
     Acked TPDU nr: 2
     Acked subsequence: 0
     Acked credit: 15

[2025-01-14 00:03:26 CET] [136.725] [-9.8/-30.3 dBFS] [20.5 dB] [1.4 ppm]
4D2302 (Aircraft, Airborne) -> 11985A (Ground station): Command
AVLC type: I sseq: 7 rseq: 7 poll: 0
 X.25 Data: grp: 11 chan: 254 sseq: 4 rseq: 4 more: 0
  X.25 reasm status: skipped
  X.233 CLNP Data (compressed header):
   LRef: 0x41 Prio: 11 Flags: 0xc0
   Lifetime: 50.0 sec
   PDU Id: 0x5ad
   X.224 COTP Data Ack:
    dst_ref: 0x9d10
    rseq: 3 credit: 2
    Checksum: b1 6d

[2025-01-14 00:03:26 CET] [136.725] [-9.9/-30.0 dBFS] [20.1 dB] [1.4 ppm]
4D2302 (Aircraft, Airborne) -> 11985A (Ground station): Command
AVLC type: I sseq: 0 rseq: 7 poll: 0
 X.25 Data: grp: 11 chan: 254 sseq: 5 rseq: 4 more: 0
  X.25 reasm status: skipped
  X.233 CLNP Data (compressed header):
   LRef: 0x41 Prio: 11 Flags: 0xc0
   Lifetime: 50.0 sec
   PDU Id: 0x5ae
   X.224 COTP Data:
    dst_ref: 0x9d10
    sseq: 2 req_of_ack: 0 EoT: 1
    COTP reasm status: skipped
    Checksum: 3d 02
    CPDLC Downlink Message:
     Header:
      Msg ID: 2
      Msg Ref: 3
      Timestamp: 2025-01-13 23:03:25
      Logical ACK: notRequired
     Message data:
      LOGICAL ACKNOWLEDGMENT

[2025-01-14 00:03:27 CET] [136.975] [-7.2/-30.1 dBFS] [22.9 dB] [3.5 ppm]
4CAE6D (Aircraft, Airborne) -> 10FA5A (Ground station): Command
AVLC type: I sseq: 5 rseq: 6 poll: 0
 X.25 Data: grp: 11 chan: 254 sseq: 2 rseq: 3 more: 0
  X.25 reasm status: skipped
  X.233 CLNP Data (compressed header):
   LRef: 0x0 Prio: 11 Flags: 0xc0
   Lifetime: 50.0 sec
   PDU Id: 0xeb9
   X.224 COTP Data Ack:
    dst_ref: 0x9d13
    rseq: 3 credit: 2
    Checksum: a2 79

[2025-01-14 00:03:27 CET] [136.975] [-7.4/-30.1 dBFS] [22.7 dB] [3.6 ppm]
4CAE6D (Aircraft, Airborne) -> 10FA5A (Ground station): Command
AVLC type: I sseq: 6 rseq: 6 poll: 0
 X.25 Data: grp: 11 chan: 254 sseq: 3 rseq: 3 more: 0
  X.25 reasm status: skipped
  X.233 CLNP Data (compressed header):
   LRef: 0x0 Prio: 11 Flags: 0xc0
   Lifetime: 50.0 sec
   PDU Id: 0xeba
   X.224 COTP Data:
    dst_ref: 0x9d13
    sseq: 2 req_of_ack: 0 EoT: 1
    COTP reasm status: skipped
    Checksum: a2 79
    CPDLC Downlink Message:
     Header:
      Msg ID: 2
      Msg Ref: 3
      Timestamp: 2025-01-13 23:03:26
      Logical ACK: notRequired
     Message data:
      LOGICAL ACKNOWLEDGMENT

[2025-01-14 00:03:43 CET] [136.725] [-6.1/-30.2 dBFS] [24.1 dB] [1.2 ppm]
4D2302 (Aircraft, Airborne) -> 11985A (Ground station): Command
AVLC type: I sseq: 1 rseq: 0 poll: 0
 X.25 Data: grp: 11 chan: 254 sseq: 6 rseq: 5 more: 0
  X.25 reasm status: skipped
  X.233 CLNP Data (compressed header):
   LRef: 0x41 Prio: 11 Flags: 0xc0
   Lifetime: 50.0 sec
   PDU Id: 0x5af
   X.224 COTP Data:
    dst_ref: 0x9d10
    sseq: 3 req_of_ack: 0 EoT: 1
    COTP reasm status: skipped
    Checksum: cc 8a
    CPDLC Downlink Message:
     Header:
      Msg ID: 3
      Msg Ref: 3
      Timestamp: 2025-01-13 23:03:41
      Logical ACK: required
     Message data:
      WILCO

[2025-01-14 00:03:44 CET] [136.725] [-6.3/-30.0 dBFS] [23.7 dB] [1.2 ppm]
4D2302 (Aircraft, Airborne) -> 11985A (Ground station): Command
AVLC type: I sseq: 2 rseq: 2 poll: 0
 X.25 Data: grp: 11 chan: 254 sseq: 7 rseq: 7 more: 0
  X.25 reasm status: skipped
  X.233 CLNP Data (compressed header):
   LRef: 0x41 Prio: 11 Flags: 0xc0
   Lifetime: 50.0 sec
   PDU Id: 0x5b0
   X.224 COTP Data Ack:
    dst_ref: 0x9d10
    rseq: 4 credit: 3
    Checksum: a6 76

[2025-01-14 00:03:46 CET] [136.975] [-5.2/-30.2 dBFS] [25.0 dB] [3.5 ppm]
4CAE6D (Aircraft, Airborne) -> 10FA5A (Ground station): Command
AVLC type: I sseq: 7 rseq: 7 poll: 0
 X.25 Data: grp: 11 chan: 254 sseq: 4 rseq: 4 more: 0
  X.25 reasm status: skipped
  X.233 CLNP Data (compressed header):
   LRef: 0x0 Prio: 11 Flags: 0xc0
   Lifetime: 50.0 sec
   PDU Id: 0xebb
   X.224 COTP Data:
    dst_ref: 0x9d13
    sseq: 3 req_of_ack: 0 EoT: 1
    COTP reasm status: skipped
    Checksum: 3d c6
    CPDLC Downlink Message:
     Header:
      Msg ID: 3
      Msg Ref: 3
      Timestamp: 2025-01-13 23:03:44
      Logical ACK: required
     Message data:
      WILCO

[2025-01-14 00:03:47 CET] [136.975] [-5.2/-30.1 dBFS] [24.9 dB] [3.6 ppm]
4CAE6D (Aircraft, Airborne) -> 10FA5A (Ground station): Command
AVLC type: I sseq: 0 rseq: 1 poll: 0
 X.25 Data: grp: 11 chan: 254 sseq: 5 rseq: 6 more: 0
  X.25 reasm status: skipped
  X.233 CLNP Data (compressed header):
   LRef: 0x0 Prio: 11 Flags: 0xc0
   Lifetime: 50.0 sec
   PDU Id: 0xebc
   X.224 COTP Data Ack:
    dst_ref: 0x9d13
    rseq: 4 credit: 3
    Checksum: 97 82

[2025-01-14 00:05:16 CET] [136.725] [-7.9/-30.0 dBFS] [22.1 dB] [1.2 ppm]
4D2302 (Aircraft, Airborne) -> 11985A (Ground station): Command
AVLC type: I sseq: 3 rseq: 3 poll: 0
 X.25 Data: grp: 11 chan: 254 sseq: 0 rseq: 0 more: 0
  X.25 reasm status: skipped
  X.233 CLNP Data (compressed header):
   LRef: 0x41 Prio: 11 Flags: 0xc0
   Lifetime: 50.0 sec
   PDU Id: 0x5b1
   X.224 COTP Data Ack:
    dst_ref: 0x9d10
    rseq: 4 credit: 3
    Checksum: a1 c9
    Flow control:
     Acked TPDU nr: 4
     Acked subsequence: 0
     Acked credit: 15

[2025-01-14 00:05:19 CET] [136.975] [-10.1/-30.1 dBFS] [20.0 dB] [3.7 ppm]
4CAE6D (Aircraft, Airborne) -> 10FA5A (Ground station): Command
AVLC type: I sseq: 1 rseq: 2 poll: 0
 X.25 Data: grp: 11 chan: 254 sseq: 6 rseq: 7 more: 0
  X.25 reasm status: skipped
  X.233 CLNP Data (compressed header):
   LRef: 0x0 Prio: 11 Flags: 0xc0
   Lifetime: 50.0 sec
   PDU Id: 0xebd
   X.224 COTP Data Ack:
    dst_ref: 0x9d13
    rseq: 4 credit: 3
    Checksum: 92 d5
    Flow control:
     Acked TPDU nr: 4
     Acked subsequence: 0
     Acked credit: 15

[2025-01-14 00:05:20 CET] [136.725] [-8.9/-30.2 dBFS] [21.4 dB] [1.5 ppm]
4D2302 (Aircraft, Airborne) -> 11985A (Ground station): Command
AVLC type: I sseq: 3 rseq: 3 poll: 0
 X.25 Data: grp: 11 chan: 254 sseq: 0 rseq: 0 more: 0
  X.25 reasm status: skipped
  X.233 CLNP Data (compressed header):
   LRef: 0x41 Prio: 11 Flags: 0xc0
   Lifetime: 50.0 sec
   PDU Id: 0x5b1
   X.224 COTP Data Ack:
    dst_ref: 0x9d10
    rseq: 4 credit: 3
    Checksum: a1 c9
    Flow control:
     Acked TPDU nr: 4
     Acked subsequence: 0
     Acked credit: 15

[2025-01-14 00:05:24 CET] [136.725] [-9.0/-29.6 dBFS] [20.6 dB] [1.3 ppm]
4D2302 (Aircraft, Airborne) -> 11985A (Ground station): Command
AVLC type: I sseq: 3 rseq: 3 poll: 0
 X.25 Data: grp: 11 chan: 254 sseq: 0 rseq: 0 more: 0
  X.25 reasm status: skipped
  X.233 CLNP Data (compressed header):
   LRef: 0x41 Prio: 11 Flags: 0xc0
   Lifetime: 50.0 sec
   PDU Id: 0x5b1
   X.224 COTP Data Ack:
    dst_ref: 0x9d10
    rseq: 4 credit: 3
    Checksum: a1 c9
    Flow control:
     Acked TPDU nr: 4
     Acked subsequence: 0
     Acked credit: 15

